93.1995 	EXP 	Created instruction_text = TextStim(__class__=<class 'psychopy.visual.text.TextStim'>, alignHoriz='center', alignVert='center', antialias=True, autoLog=True, bold=False, color=array([1., 1., 1.]), colorSpace='rgb', contrast=1.0, depth=-0.0, flipHoriz=False, flipVert=False, font='Arial', fontFiles=[], height=0.06, italic=False, languageStyle='LTR', name='instruction_text', opacity=1.0, ori=0.0, pos=array([0.5, 0.1]), rgb=array([1., 1., 1.]), text=str(...), units='norm', win=Window(...), wrapWidth=1)
93.4563 	EXP 	Created instruction_cont = TextStim(__class__=<class 'psychopy.visual.text.TextStim'>, alignHoriz='center', alignVert='center', antialias=True, autoLog=True, bold=False, color=array([1., 1., 1.]), colorSpace='rgb', contrast=1.0, depth=-3.0, flipHoriz=False, flipVert=False, font='Arial', fontFiles=[], height=0.06, italic=False, languageStyle='LTR', name='instruction_cont', opacity=1.0, ori=0.0, pos=array([ 0.5, -0.4]), rgb=array([1., 1., 1.]), text='          Press [space] key to continue.', units='norm', win=Window(...), wrapWidth=1)
93.4685 	EXP 	Created Artifact_intro_title = TextStim(__class__=<class 'psychopy.visual.text.TextStim'>, alignHoriz='center', alignVert='center', antialias=True, autoLog=True, bold=False, color=array([1., 1., 1.]), colorSpace='rgb', contrast=1.0, depth=-0.0, flipHoriz=False, flipVert=False, font='Arial', fontFiles=[], height=0.06, italic=False, languageStyle='LTR', name='Artifact_intro_title', opacity=1.0, ori=0.0, pos=array([0.5, 0.4]), rgb=array([1., 1., 1.]), text='Muscular signal recording', units='norm', win=Window(...), wrapWidth=1)
93.4802 	EXP 	Created Artifact_intro_text = TextStim(__class__=<class 'psychopy.visual.text.TextStim'>, alignHoriz='center', alignVert='center', antialias=True, autoLog=True, bold=False, color=array([1., 1., 1.]), colorSpace='rgb', contrast=1.0, depth=-1.0, flipHoriz=False, flipVert=False, font='Arial', fontFiles=[], height=0.06, italic=False, languageStyle='LTR', name='Artifact_intro_text', opacity=1.0, ori=0.0, pos=array([0.5, 0. ]), rgb=array([1., 1., 1.]), text=str(...), units='norm', win=Window(...), wrapWidth=1)
93.4926 	EXP 	Created Artifact_intro_cont = TextStim(__class__=<class 'psychopy.visual.text.TextStim'>, alignHoriz='center', alignVert='center', antialias=True, autoLog=True, bold=False, color=array([1., 1., 1.]), colorSpace='rgb', contrast=1.0, depth=-4.0, flipHoriz=False, flipVert=False, font='Arial', fontFiles=[], height=0.06, italic=False, languageStyle='LTR', name='Artifact_intro_cont', opacity=1.0, ori=0.0, pos=array([0.5, 0. ]), rgb=array([1., 1., 1.]), text='          Press [space] key to continue.', units='norm', win=Window(...), wrapWidth=1)
93.4933 	EXP 	Created Artifact_rec_text = TextStim(__class__=<class 'psychopy.visual.text.TextStim'>, alignHoriz='center', alignVert='center', antialias=True, autoLog=True, bold=False, color=array([1., 1., 1.]), colorSpace='rgb', contrast=1.0, depth=-0.0, flipHoriz=False, flipVert=False, font='Arial', fontFiles=[], height=0.06, italic=False, languageStyle='LTR', name='Artifact_rec_text', opacity=1.0, ori=0.0, pos=array([0.5, 0.4]), rgb=array([1., 1., 1.]), text='', units='norm', win=Window(...), wrapWidth=1)
93.4952 	EXP 	Created Artifact_rec_recording = TextStim(__class__=<class 'psychopy.visual.text.TextStim'>, alignHoriz='center', alignVert='center', antialias=True, autoLog=True, bold=False, color=array([1., 1., 1.]), colorSpace='rgb', contrast=1.0, depth=-4.0, flipHoriz=False, flipVert=False, font='Arial', fontFiles=[], height=0.06, italic=False, languageStyle='LTR', name='Artifact_rec_recording', opacity=1.0, ori=0.0, pos=array([ 0.5, -0.4]), rgb=array([1., 1., 1.]), text='', units='norm', win=Window(...), wrapWidth=1)
93.4982 	EXP 	Created Artifact_rec_break = TextStim(__class__=<class 'psychopy.visual.text.TextStim'>, alignHoriz='center', alignVert='center', antialias=True, autoLog=True, bold=False, color=array([1., 1., 1.]), colorSpace='rgb', contrast=1.0, depth=-6.0, flipHoriz=False, flipVert=False, font='Arial', fontFiles=[], height=0.06, italic=False, languageStyle='LTR', name='Artifact_rec_break', opacity=1.0, ori=0.0, pos=array([ 0.5, -0.4]), rgb=array([1., 1., 1.]), text='Short break', units='norm', win=Window(...), wrapWidth=1)
93.5033 	EXP 	Created Cali_de_pre_intro_title = TextStim(__class__=<class 'psychopy.visual.text.TextStim'>, alignHoriz='center', alignVert='center', antialias=True, autoLog=True, bold=False, color=array([1., 1., 1.]), colorSpace='rgb', contrast=1.0, depth=-0.0, flipHoriz=False, flipVert=False, font='Arial', fontFiles=[], height=0.06, italic=False, languageStyle='LTR', name='Cali_de_pre_intro_title', opacity=1.0, ori=0.0, pos=array([0.5, 0.4]), rgb=array([1., 1., 1.]), text='READ OUT BLOCK (GERMAN)', units='norm', win=Window(...), wrapWidth=1)
93.5110 	EXP 	Created Cali_de_pre_intro_text = TextStim(__class__=<class 'psychopy.visual.text.TextStim'>, alignHoriz='center', alignVert='center', antialias=True, autoLog=True, bold=False, color=array([1., 1., 1.]), colorSpace='rgb', contrast=1.0, depth=-1.0, flipHoriz=False, flipVert=False, font='Arial', fontFiles=[], height=0.06, italic=False, languageStyle='LTR', name='Cali_de_pre_intro_text', opacity=1.0, ori=0.0, pos=array([0.5, 0. ]), rgb=array([1., 1., 1.]), text=str(...), units='norm', win=Window(...), wrapWidth=1)
93.5162 	EXP 	Created Cali_de_pre_intro_cont = TextStim(__class__=<class 'psychopy.visual.text.TextStim'>, alignHoriz='center', alignVert='center', antialias=True, autoLog=True, bold=False, color=array([1., 1., 1.]), colorSpace='rgb', contrast=1.0, depth=-4.0, flipHoriz=False, flipVert=False, font='Arial', fontFiles=[], height=0.06, italic=False, languageStyle='LTR', name='Cali_de_pre_intro_cont', opacity=1.0, ori=0.0, pos=array([0.5, 0. ]), rgb=array([1., 1., 1.]), text='          Press [space] key to continue.', units='norm', win=Window(...), wrapWidth=1)
93.5166 	EXP 	Created Cali_de_pre_rec_text = TextStim(__class__=<class 'psychopy.visual.text.TextStim'>, alignHoriz='center', alignVert='center', antialias=True, autoLog=True, bold=False, color=array([1., 1., 1.]), colorSpace='rgb', contrast=1.0, depth=-0.0, flipHoriz=False, flipVert=False, font='Arial', fontFiles=[], height=0.06, italic=False, languageStyle='LTR', name='Cali_de_pre_rec_text', opacity=1.0, ori=0.0, pos=array([0.5, 0.4]), rgb=array([1., 1., 1.]), text='', units='norm', win=Window(...), wrapWidth=1)
93.5174 	EXP 	Created Cali_de_pre_rec_question_text = TextStim(__class__=<class 'psychopy.visual.text.TextStim'>, alignHoriz='center', alignVert='center', antialias=True, autoLog=True, bold=False, color=array([1., 1., 1.]), colorSpace='rgb', contrast=1.0, depth=-2.0, flipHoriz=False, flipVert=False, font='Arial', fontFiles=[], height=0.06, italic=False, languageStyle='LTR', name='Cali_de_pre_rec_question_text', opacity=1.0, ori=0.0, pos=array([0.5, 0. ]), rgb=array([1., 1., 1.]), text='', units='norm', win=Window(...), wrapWidth=1)
93.5197 	EXP 	Created Cali_de_pre_rec_break = TextStim(__class__=<class 'psychopy.visual.text.TextStim'>, alignHoriz='center', alignVert='center', antialias=True, autoLog=True, bold=False, color=array([1., 1., 1.]), colorSpace='rgb', contrast=1.0, depth=-6.0, flipHoriz=False, flipVert=False, font='Arial', fontFiles=[], height=0.06, italic=False, languageStyle='LTR', name='Cali_de_pre_rec_break', opacity=1.0, ori=0.0, pos=array([ 0.5, -0.4]), rgb=array([1., 1., 1.]), text='Short break', units='norm', win=Window(...), wrapWidth=1)
93.5201 	EXP 	Created fade_in_text = TextStim(__class__=<class 'psychopy.visual.text.TextStim'>, alignHoriz='center', alignVert='center', antialias=True, autoLog=True, bold=False, color=array([1., 1., 1.]), colorSpace='rgb', contrast=1.0, depth=-0.0, flipHoriz=False, flipVert=False, font='Arial', fontFiles=[], height=0.06, italic=False, languageStyle='LTR', name='fade_in_text', opacity=1.0, ori=0.0, pos=array([0.5, 0.4]), rgb=array([1., 1., 1.]), text='', units='norm', win=Window(...), wrapWidth=1)
93.5221 	EXP 	Created RS_intro_title = TextStim(__class__=<class 'psychopy.visual.text.TextStim'>, alignHoriz='center', alignVert='center', antialias=True, autoLog=True, bold=False, color=array([1., 1., 1.]), colorSpace='rgb', contrast=1.0, depth=-0.0, flipHoriz=False, flipVert=False, font='Arial', fontFiles=[], height=0.06, italic=False, languageStyle='LTR', name='RS_intro_title', opacity=1.0, ori=0.0, pos=array([0.5, 0.4]), rgb=array([1., 1., 1.]), text='REST STATE BLOCK', units='norm', win=Window(...), wrapWidth=1)
93.5279 	EXP 	Created RS_intro_text = TextStim(__class__=<class 'psychopy.visual.text.TextStim'>, alignHoriz='center', alignVert='center', antialias=True, autoLog=True, bold=False, color=array([1., 1., 1.]), colorSpace='rgb', contrast=1.0, depth=-1.0, flipHoriz=False, flipVert=False, font='Arial', fontFiles=[], height=0.06, italic=False, languageStyle='LTR', name='RS_intro_text', opacity=1.0, ori=0.0, pos=array([0.5, 0. ]), rgb=array([1., 1., 1.]), text=str(...), units='norm', win=Window(...), wrapWidth=1)
93.5332 	EXP 	Created RS_rec_text = TextStim(__class__=<class 'psychopy.visual.text.TextStim'>, alignHoriz='center', alignVert='center', antialias=True, autoLog=True, bold=False, color=array([1., 1., 1.]), colorSpace='rgb', contrast=1.0, depth=-0.0, flipHoriz=False, flipVert=False, font='Arial', fontFiles=[], height=0.06, italic=False, languageStyle='LTR', name='RS_rec_text', opacity=1.0, ori=0.0, pos=array([0.5, 0. ]), rgb=array([1., 1., 1.]), text=str(...), units='norm', win=Window(...), wrapWidth=1)
93.5354 	EXP 	Created QA_intro_title = TextStim(__class__=<class 'psychopy.visual.text.TextStim'>, alignHoriz='center', alignVert='center', antialias=True, autoLog=True, bold=False, color=array([1., 1., 1.]), colorSpace='rgb', contrast=1.0, depth=-0.0, flipHoriz=False, flipVert=False, font='Arial', fontFiles=[], height=0.06, italic=False, languageStyle='LTR', name='QA_intro_title', opacity=1.0, ori=0.0, pos=array([0.5, 0.5]), rgb=array([1., 1., 1.]), text='Q&A BLOCK', units='norm', win=Window(...), wrapWidth=1)
93.5444 	EXP 	Created QA_intro_text = TextStim(__class__=<class 'psychopy.visual.text.TextStim'>, alignHoriz='center', alignVert='center', antialias=True, autoLog=True, bold=False, color=array([1., 1., 1.]), colorSpace='rgb', contrast=1.0, depth=-1.0, flipHoriz=False, flipVert=False, font='Arial', fontFiles=[], height=0.06, italic=False, languageStyle='LTR', name='QA_intro_text', opacity=1.0, ori=0.0, pos=array([0.5, 0. ]), rgb=array([1., 1., 1.]), text=str(...), units='norm', win=Window(...), wrapWidth=1)
93.5489 	EXP 	Created QA_intro_cont = TextStim(__class__=<class 'psychopy.visual.text.TextStim'>, alignHoriz='center', alignVert='center', antialias=True, autoLog=True, bold=False, color=array([1., 1., 1.]), colorSpace='rgb', contrast=1.0, depth=-4.0, flipHoriz=False, flipVert=False, font='Arial', fontFiles=[], height=0.06, italic=False, languageStyle='LTR', name='QA_intro_cont', opacity=1.0, ori=0.0, pos=array([0.5, 0. ]), rgb=array([1., 1., 1.]), text='          Press [space] key to continue.', units='norm', win=Window(...), wrapWidth=1)
93.5517 	EXP 	Created QA_rec_text = TextStim(__class__=<class 'psychopy.visual.text.TextStim'>, alignHoriz='center', alignVert='center', antialias=True, autoLog=True, bold=False, color=array([1., 1., 1.]), colorSpace='rgb', contrast=1.0, depth=-0.0, flipHoriz=False, flipVert=False, font='Arial', fontFiles=[], height=0.06, italic=False, languageStyle='LTR', name='QA_rec_text', opacity=1.0, ori=0.0, pos=array([0.5, 0. ]), rgb=array([1., 1., 1.]), text=str(...), units='norm', win=Window(...), wrapWidth=1)
93.5554 	EXP 	Created QA_rec_break = TextStim(__class__=<class 'psychopy.visual.text.TextStim'>, alignHoriz='center', alignVert='center', antialias=True, autoLog=True, bold=False, color=array([1., 1., 1.]), colorSpace='rgb', contrast=1.0, depth=-6.0, flipHoriz=False, flipVert=False, font='Arial', fontFiles=[], height=0.06, italic=False, languageStyle='LTR', name='QA_rec_break', opacity=1.0, ori=0.0, pos=array([ 0.5, -0.4]), rgb=array([1., 1., 1.]), text='Short break', units='norm', win=Window(...), wrapWidth=1)
93.5596 	EXP 	Created Pause_cont = TextStim(__class__=<class 'psychopy.visual.text.TextStim'>, alignHoriz='center', alignVert='center', antialias=True, autoLog=True, bold=False, color=array([1., 1., 1.]), colorSpace='rgb', contrast=1.0, depth=-2.0, flipHoriz=False, flipVert=False, font='Arial', fontFiles=[], height=0.06, italic=False, languageStyle='LTR', name='Pause_cont', opacity=1.0, ori=0.0, pos=array([0.5, 0. ]), rgb=array([1., 1., 1.]), text=str(...), units='norm', win=Window(...), wrapWidth=1)
93.5617 	EXP 	Created Cali_de_post_intro_title = TextStim(__class__=<class 'psychopy.visual.text.TextStim'>, alignHoriz='center', alignVert='center', antialias=True, autoLog=True, bold=False, color=array([1., 1., 1.]), colorSpace='rgb', contrast=1.0, depth=-0.0, flipHoriz=False, flipVert=False, font='Arial', fontFiles=[], height=0.06, italic=False, languageStyle='LTR', name='Cali_de_post_intro_title', opacity=1.0, ori=0.0, pos=array([0.5, 0.4]), rgb=array([1., 1., 1.]), text='READ OUT BLOCK (GERMAN)', units='norm', win=Window(...), wrapWidth=1)
93.6035 	EXP 	Created Cali_de_post_intro_text = TextStim(__class__=<class 'psychopy.visual.text.TextStim'>, alignHoriz='center', alignVert='center', antialias=True, autoLog=True, bold=False, color=array([1., 1., 1.]), colorSpace='rgb', contrast=1.0, depth=-1.0, flipHoriz=False, flipVert=False, font='Arial', fontFiles=[], height=0.06, italic=False, languageStyle='LTR', name='Cali_de_post_intro_text', opacity=1.0, ori=0.0, pos=array([0.5, 0. ]), rgb=array([1., 1., 1.]), text=str(...), units='norm', win=Window(...), wrapWidth=1)
93.6085 	EXP 	Created Cali_de_post_intro_cont = TextStim(__class__=<class 'psychopy.visual.text.TextStim'>, alignHoriz='center', alignVert='center', antialias=True, autoLog=True, bold=False, color=array([1., 1., 1.]), colorSpace='rgb', contrast=1.0, depth=-4.0, flipHoriz=False, flipVert=False, font='Arial', fontFiles=[], height=0.06, italic=False, languageStyle='LTR', name='Cali_de_post_intro_cont', opacity=1.0, ori=0.0, pos=array([0.5, 0. ]), rgb=array([1., 1., 1.]), text='          Press [space] key to continue.', units='norm', win=Window(...), wrapWidth=1)
93.6090 	EXP 	Created Cali_de_post_rec_text = TextStim(__class__=<class 'psychopy.visual.text.TextStim'>, alignHoriz='center', alignVert='center', antialias=True, autoLog=True, bold=False, color=array([1., 1., 1.]), colorSpace='rgb', contrast=1.0, depth=-0.0, flipHoriz=False, flipVert=False, font='Arial', fontFiles=[], height=0.06, italic=False, languageStyle='LTR', name='Cali_de_post_rec_text', opacity=1.0, ori=0.0, pos=array([0.5, 0.4]), rgb=array([1., 1., 1.]), text='', units='norm', win=Window(...), wrapWidth=1)
93.6098 	EXP 	Created Cali_de_post_rec_question_text = TextStim(__class__=<class 'psychopy.visual.text.TextStim'>, alignHoriz='center', alignVert='center', antialias=True, autoLog=True, bold=False, color=array([1., 1., 1.]), colorSpace='rgb', contrast=1.0, depth=-2.0, flipHoriz=False, flipVert=False, font='Arial', fontFiles=[], height=0.06, italic=False, languageStyle='LTR', name='Cali_de_post_rec_question_text', opacity=1.0, ori=0.0, pos=array([0.5, 0. ]), rgb=array([1., 1., 1.]), text='', units='norm', win=Window(...), wrapWidth=1)
93.6118 	EXP 	Created Cali_de_post_rec_break = TextStim(__class__=<class 'psychopy.visual.text.TextStim'>, alignHoriz='center', alignVert='center', antialias=True, autoLog=True, bold=False, color=array([1., 1., 1.]), colorSpace='rgb', contrast=1.0, depth=-6.0, flipHoriz=False, flipVert=False, font='Arial', fontFiles=[], height=0.06, italic=False, languageStyle='LTR', name='Cali_de_post_rec_break', opacity=1.0, ori=0.0, pos=array([ 0.5, -0.4]), rgb=array([1., 1., 1.]), text='Short break', units='norm', win=Window(...), wrapWidth=1)
93.6154 	EXP 	Created the_end_text = TextStim(__class__=<class 'psychopy.visual.text.TextStim'>, alignHoriz='center', alignVert='center', antialias=True, autoLog=True, bold=False, color=array([1., 1., 1.]), colorSpace='rgb', contrast=1.0, depth=-1.0, flipHoriz=False, flipVert=False, font='Arial', fontFiles=[], height=0.06, italic=False, languageStyle='LTR', name='the_end_text', opacity=1.0, ori=0.0, pos=array([0.7, 0. ]), rgb=array([1., 1., 1.]), text=str(...), units='norm', win=Window(...), wrapWidth=1)
95.6199 	EXP 	Created sequence: random, trialTypes=1, nReps=4, seed=None
95.6205 	EXP 	New trial (rep=0, index=0): None
95.6209 	EXP 	New trial (rep=1, index=0): None
95.6214 	EXP 	New trial (rep=2, index=0): None
96.6428 	EXP 	fade_in_text: text = 'Please remain seated until further instruction via the earphone.'
96.6428 	EXP 	fade_in_text: autoDraw = True
102.6432 	EXP 	fade_in_text: autoDraw = False
102.6599 	EXP 	fade_in_text: autoDraw = True
108.6603 	EXP 	fade_in_text: autoDraw = True
108.6770 	EXP 	fade_in_text: autoDraw = True
108.6937 	EXP 	fade_in_text: autoDraw = True
108.7103 	EXP 	fade_in_text: autoDraw = True
108.7272 	EXP 	fade_in_text: autoDraw = True
108.7437 	EXP 	fade_in_text: autoDraw = True
108.7603 	EXP 	fade_in_text: autoDraw = True
108.7770 	EXP 	fade_in_text: autoDraw = True
108.7937 	EXP 	fade_in_text: autoDraw = True
108.8104 	EXP 	fade_in_text: autoDraw = True
108.8272 	EXP 	fade_in_text: autoDraw = True
108.8437 	EXP 	fade_in_text: autoDraw = True
108.8604 	EXP 	fade_in_text: autoDraw = True
108.8771 	EXP 	fade_in_text: autoDraw = True
108.8937 	EXP 	fade_in_text: autoDraw = True
108.9104 	EXP 	fade_in_text: autoDraw = True
108.9272 	EXP 	fade_in_text: autoDraw = True
108.9437 	EXP 	fade_in_text: autoDraw = True
108.9604 	EXP 	fade_in_text: autoDraw = True
108.9770 	EXP 	fade_in_text: autoDraw = True
108.9937 	EXP 	fade_in_text: autoDraw = True
109.0104 	EXP 	fade_in_text: autoDraw = True
109.0270 	EXP 	fade_in_text: autoDraw = True
109.0436 	EXP 	fade_in_text: autoDraw = True
109.0604 	EXP 	fade_in_text: autoDraw = True
109.0770 	EXP 	fade_in_text: autoDraw = True
109.0937 	EXP 	fade_in_text: autoDraw = True
109.1104 	EXP 	fade_in_text: autoDraw = True
109.1270 	EXP 	fade_in_text: autoDraw = True
109.1437 	EXP 	fade_in_text: autoDraw = True
109.1604 	EXP 	fade_in_text: autoDraw = True
109.1771 	EXP 	fade_in_text: autoDraw = True
109.1937 	EXP 	fade_in_text: autoDraw = True
109.2104 	EXP 	fade_in_text: autoDraw = True
109.2270 	EXP 	fade_in_text: autoDraw = True
109.2436 	EXP 	fade_in_text: autoDraw = True
109.2604 	EXP 	fade_in_text: autoDraw = True
109.2771 	EXP 	fade_in_text: autoDraw = True
109.2937 	EXP 	fade_in_text: autoDraw = True
109.3104 	EXP 	fade_in_text: autoDraw = True
109.3270 	EXP 	fade_in_text: autoDraw = True
109.3438 	EXP 	fade_in_text: autoDraw = True
109.3604 	EXP 	fade_in_text: autoDraw = True
109.3771 	EXP 	fade_in_text: autoDraw = True
109.3937 	EXP 	fade_in_text: autoDraw = True
109.4106 	EXP 	fade_in_text: autoDraw = True
109.4270 	EXP 	fade_in_text: autoDraw = True
109.4437 	EXP 	fade_in_text: autoDraw = True
109.4604 	EXP 	fade_in_text: autoDraw = True
109.4771 	EXP 	fade_in_text: autoDraw = True
109.4937 	EXP 	fade_in_text: autoDraw = True
109.5105 	EXP 	fade_in_text: autoDraw = True
109.5270 	EXP 	fade_in_text: autoDraw = True
109.5437 	EXP 	fade_in_text: autoDraw = True
109.5604 	EXP 	fade_in_text: autoDraw = True
109.5771 	EXP 	fade_in_text: autoDraw = True
109.5938 	EXP 	fade_in_text: autoDraw = True
109.6107 	EXP 	fade_in_text: autoDraw = True
109.6271 	EXP 	fade_in_text: autoDraw = True
109.6437 	EXP 	fade_in_text: autoDraw = True
109.6604 	EXP 	fade_in_text: autoDraw = True
109.6771 	EXP 	fade_in_text: autoDraw = True
109.6937 	EXP 	fade_in_text: autoDraw = True
109.7106 	EXP 	fade_in_text: autoDraw = True
109.7270 	EXP 	fade_in_text: autoDraw = True
109.7438 	EXP 	fade_in_text: autoDraw = True
109.7604 	EXP 	fade_in_text: autoDraw = True
109.7771 	EXP 	fade_in_text: autoDraw = True
109.7938 	EXP 	fade_in_text: autoDraw = True
109.8104 	EXP 	fade_in_text: autoDraw = True
109.8270 	EXP 	fade_in_text: autoDraw = True
109.8437 	EXP 	fade_in_text: autoDraw = True
109.8604 	EXP 	fade_in_text: autoDraw = True
109.8771 	EXP 	fade_in_text: autoDraw = True
109.8937 	EXP 	fade_in_text: autoDraw = True
109.9104 	EXP 	fade_in_text: autoDraw = True
109.9270 	EXP 	fade_in_text: autoDraw = True
109.9437 	EXP 	fade_in_text: autoDraw = True
109.9604 	EXP 	fade_in_text: autoDraw = True
109.9771 	EXP 	fade_in_text: autoDraw = True
109.9938 	EXP 	fade_in_text: autoDraw = True
110.0104 	EXP 	fade_in_text: autoDraw = True
110.0271 	EXP 	fade_in_text: autoDraw = True
110.0438 	EXP 	fade_in_text: autoDraw = True
110.0604 	EXP 	fade_in_text: autoDraw = True
110.0771 	EXP 	fade_in_text: autoDraw = True
110.0939 	EXP 	fade_in_text: autoDraw = True
110.1104 	EXP 	fade_in_text: autoDraw = True
110.1271 	EXP 	fade_in_text: autoDraw = True
110.1438 	EXP 	fade_in_text: autoDraw = True
110.1604 	EXP 	fade_in_text: autoDraw = True
110.1771 	EXP 	fade_in_text: autoDraw = True
110.1939 	EXP 	fade_in_text: autoDraw = True
110.2104 	EXP 	fade_in_text: autoDraw = True
110.2271 	EXP 	fade_in_text: autoDraw = True
110.2438 	EXP 	fade_in_text: autoDraw = True
110.2604 	EXP 	fade_in_text: autoDraw = True
110.2771 	EXP 	fade_in_text: autoDraw = True
110.2939 	EXP 	fade_in_text: autoDraw = True
110.3104 	EXP 	fade_in_text: autoDraw = True
110.3271 	EXP 	fade_in_text: autoDraw = True
110.3438 	EXP 	fade_in_text: autoDraw = True
110.3605 	EXP 	fade_in_text: autoDraw = True
110.3771 	EXP 	fade_in_text: autoDraw = True
110.3939 	EXP 	fade_in_text: autoDraw = True
110.4104 	EXP 	fade_in_text: autoDraw = True
110.4271 	EXP 	fade_in_text: autoDraw = True
110.4438 	EXP 	fade_in_text: autoDraw = True
110.4604 	EXP 	fade_in_text: autoDraw = True
110.4771 	EXP 	fade_in_text: autoDraw = True
110.4938 	EXP 	fade_in_text: autoDraw = True
110.5104 	EXP 	fade_in_text: autoDraw = True
110.5271 	EXP 	fade_in_text: autoDraw = True
110.5438 	EXP 	fade_in_text: autoDraw = True
110.5605 	EXP 	fade_in_text: autoDraw = True
110.5771 	EXP 	fade_in_text: autoDraw = True
110.5937 	EXP 	fade_in_text: autoDraw = True
110.6104 	EXP 	fade_in_text: autoDraw = True
110.6271 	EXP 	fade_in_text: autoDraw = True
110.6438 	EXP 	fade_in_text: autoDraw = True
110.6605 	EXP 	fade_in_text: autoDraw = True
110.6771 	EXP 	fade_in_text: autoDraw = True
110.6937 	EXP 	fade_in_text: autoDraw = True
110.7104 	EXP 	fade_in_text: autoDraw = True
110.7271 	EXP 	fade_in_text: autoDraw = True
110.7438 	EXP 	fade_in_text: autoDraw = True
110.7605 	EXP 	fade_in_text: autoDraw = True
110.7771 	EXP 	fade_in_text: autoDraw = True
110.7938 	EXP 	fade_in_text: autoDraw = True
110.8105 	EXP 	fade_in_text: autoDraw = True
110.8271 	EXP 	fade_in_text: autoDraw = True
110.8438 	EXP 	fade_in_text: autoDraw = True
110.8605 	EXP 	fade_in_text: autoDraw = True
110.8773 	EXP 	fade_in_text: autoDraw = True
110.8937 	EXP 	fade_in_text: autoDraw = True
110.9105 	EXP 	fade_in_text: autoDraw = True
110.9271 	EXP 	fade_in_text: autoDraw = True
110.9438 	EXP 	fade_in_text: autoDraw = True
110.9605 	EXP 	fade_in_text: autoDraw = True
110.9773 	EXP 	fade_in_text: autoDraw = True
110.9938 	EXP 	fade_in_text: autoDraw = True
111.0105 	EXP 	fade_in_text: autoDraw = True
111.0271 	EXP 	fade_in_text: autoDraw = True
111.0438 	EXP 	fade_in_text: autoDraw = True
111.0605 	EXP 	fade_in_text: autoDraw = True
111.0773 	EXP 	fade_in_text: autoDraw = True
111.0938 	EXP 	fade_in_text: autoDraw = True
111.1105 	EXP 	fade_in_text: autoDraw = True
111.1271 	EXP 	fade_in_text: autoDraw = True
111.1438 	EXP 	fade_in_text: autoDraw = True
111.1605 	EXP 	fade_in_text: autoDraw = True
111.1775 	EXP 	fade_in_text: autoDraw = True
111.1938 	EXP 	fade_in_text: autoDraw = True
111.2105 	EXP 	fade_in_text: autoDraw = True
111.2271 	EXP 	fade_in_text: autoDraw = True
111.2438 	EXP 	fade_in_text: autoDraw = True
111.2605 	EXP 	fade_in_text: autoDraw = True
111.2774 	EXP 	fade_in_text: autoDraw = True
111.2938 	EXP 	fade_in_text: autoDraw = True
111.3105 	EXP 	fade_in_text: autoDraw = True
111.3271 	EXP 	fade_in_text: autoDraw = True
111.3438 	EXP 	fade_in_text: autoDraw = True
111.3605 	EXP 	fade_in_text: autoDraw = True
111.3772 	EXP 	fade_in_text: autoDraw = True
111.3938 	EXP 	fade_in_text: autoDraw = True
111.4105 	EXP 	fade_in_text: autoDraw = True
111.4272 	EXP 	fade_in_text: autoDraw = True
111.4438 	EXP 	fade_in_text: autoDraw = True
111.4605 	EXP 	fade_in_text: autoDraw = True
111.4772 	EXP 	fade_in_text: autoDraw = True
111.4937 	EXP 	fade_in_text: autoDraw = True
111.5105 	EXP 	fade_in_text: autoDraw = True
111.5272 	EXP 	fade_in_text: autoDraw = True
111.5438 	EXP 	fade_in_text: autoDraw = True
111.5605 	EXP 	fade_in_text: autoDraw = True
111.5772 	EXP 	fade_in_text: autoDraw = True
111.5938 	EXP 	fade_in_text: autoDraw = True
111.6105 	EXP 	fade_in_text: autoDraw = True
111.6272 	EXP 	fade_in_text: autoDraw = True
111.6438 	EXP 	fade_in_text: autoDraw = True
111.6607 	EXP 	fade_in_text: autoDraw = True
111.6772 	EXP 	fade_in_text: autoDraw = True
111.6938 	EXP 	fade_in_text: autoDraw = True
111.7106 	EXP 	fade_in_text: autoDraw = True
111.7272 	EXP 	fade_in_text: autoDraw = True
111.7439 	EXP 	fade_in_text: autoDraw = True
111.7607 	EXP 	fade_in_text: autoDraw = True
111.7773 	EXP 	fade_in_text: autoDraw = True
111.7938 	EXP 	fade_in_text: autoDraw = True
111.8106 	EXP 	fade_in_text: autoDraw = True
111.8272 	EXP 	fade_in_text: autoDraw = True
111.8439 	EXP 	fade_in_text: autoDraw = True
111.8607 	EXP 	fade_in_text: autoDraw = True
111.8772 	EXP 	fade_in_text: autoDraw = True
111.8939 	EXP 	fade_in_text: autoDraw = True
111.9106 	EXP 	fade_in_text: autoDraw = True
111.9272 	EXP 	fade_in_text: autoDraw = True
111.9438 	EXP 	fade_in_text: autoDraw = True
111.9607 	EXP 	fade_in_text: autoDraw = True
111.9771 	EXP 	fade_in_text: autoDraw = True
111.9938 	EXP 	fade_in_text: autoDraw = True
112.0106 	EXP 	fade_in_text: autoDraw = True
112.0272 	EXP 	fade_in_text: autoDraw = True
112.0439 	EXP 	fade_in_text: autoDraw = True
112.0604 	EXP 	fade_in_text: autoDraw = True
112.0772 	EXP 	fade_in_text: autoDraw = True
112.0939 	EXP 	fade_in_text: autoDraw = True
112.1105 	EXP 	fade_in_text: autoDraw = True
112.1272 	EXP 	fade_in_text: autoDraw = True
112.1439 	EXP 	fade_in_text: autoDraw = True
112.1605 	EXP 	fade_in_text: autoDraw = True
112.1771 	EXP 	fade_in_text: autoDraw = True
112.1939 	EXP 	fade_in_text: autoDraw = True
112.2105 	EXP 	fade_in_text: autoDraw = True
112.2272 	EXP 	fade_in_text: autoDraw = True
112.2440 	EXP 	fade_in_text: autoDraw = True
112.2604 	EXP 	fade_in_text: autoDraw = True
112.2772 	EXP 	fade_in_text: autoDraw = True
112.2939 	EXP 	fade_in_text: autoDraw = True
112.3105 	EXP 	fade_in_text: autoDraw = True
112.3272 	EXP 	fade_in_text: autoDraw = True
112.3440 	EXP 	fade_in_text: autoDraw = True
112.3606 	EXP 	fade_in_text: autoDraw = True
112.3772 	EXP 	fade_in_text: autoDraw = True
112.3939 	EXP 	fade_in_text: autoDraw = True
112.4106 	EXP 	fade_in_text: autoDraw = True
112.4272 	EXP 	fade_in_text: autoDraw = True
112.4440 	EXP 	fade_in_text: autoDraw = True
112.4605 	EXP 	fade_in_text: autoDraw = True
112.4772 	EXP 	fade_in_text: autoDraw = True
112.4939 	EXP 	fade_in_text: autoDraw = True
112.5106 	EXP 	fade_in_text: autoDraw = True
112.5273 	EXP 	fade_in_text: autoDraw = True
112.5441 	EXP 	fade_in_text: autoDraw = True
112.5606 	EXP 	fade_in_text: autoDraw = True
112.5772 	EXP 	fade_in_text: autoDraw = True
112.5939 	EXP 	fade_in_text: autoDraw = True
112.6106 	EXP 	fade_in_text: autoDraw = True
112.6272 	EXP 	fade_in_text: autoDraw = True
112.6440 	EXP 	fade_in_text: autoDraw = True
112.6605 	EXP 	fade_in_text: autoDraw = True
112.6772 	EXP 	fade_in_text: autoDraw = True
112.6939 	EXP 	fade_in_text: autoDraw = True
112.7106 	EXP 	fade_in_text: autoDraw = True
112.7272 	EXP 	fade_in_text: autoDraw = True
112.7439 	EXP 	fade_in_text: autoDraw = True
112.7606 	EXP 	fade_in_text: autoDraw = True
112.7770 	EXP 	fade_in_text: autoDraw = True
112.7938 	EXP 	fade_in_text: autoDraw = True
112.8105 	EXP 	fade_in_text: autoDraw = True
112.8271 	EXP 	fade_in_text: autoDraw = True
112.8437 	EXP 	fade_in_text: autoDraw = True
112.8604 	EXP 	fade_in_text: autoDraw = True
112.8770 	EXP 	fade_in_text: autoDraw = True
112.8938 	EXP 	fade_in_text: autoDraw = True
112.9104 	EXP 	fade_in_text: autoDraw = True
112.9271 	EXP 	fade_in_text: autoDraw = True
112.9437 	EXP 	fade_in_text: autoDraw = True
112.9604 	EXP 	fade_in_text: autoDraw = True
112.9770 	EXP 	fade_in_text: autoDraw = True
112.9938 	EXP 	fade_in_text: autoDraw = True
113.0104 	EXP 	fade_in_text: autoDraw = True
113.0271 	EXP 	fade_in_text: autoDraw = True
113.0437 	EXP 	fade_in_text: autoDraw = True
113.0604 	EXP 	fade_in_text: autoDraw = True
113.0770 	EXP 	fade_in_text: autoDraw = True
113.0938 	EXP 	fade_in_text: autoDraw = True
113.1104 	EXP 	fade_in_text: autoDraw = True
113.1272 	EXP 	fade_in_text: autoDraw = True
113.1437 	EXP 	fade_in_text: autoDraw = True
113.1604 	EXP 	fade_in_text: autoDraw = True
113.1771 	EXP 	fade_in_text: autoDraw = True
113.1938 	EXP 	fade_in_text: autoDraw = True
113.2105 	EXP 	fade_in_text: autoDraw = True
113.2272 	EXP 	fade_in_text: autoDraw = True
113.2437 	EXP 	fade_in_text: autoDraw = True
113.2604 	EXP 	fade_in_text: autoDraw = True
113.2771 	EXP 	fade_in_text: autoDraw = True
113.2938 	EXP 	fade_in_text: autoDraw = True
113.3105 	EXP 	fade_in_text: autoDraw = True
113.3271 	EXP 	fade_in_text: autoDraw = True
113.3437 	EXP 	fade_in_text: autoDraw = True
113.3605 	EXP 	fade_in_text: autoDraw = True
113.3771 	EXP 	fade_in_text: autoDraw = True
113.3938 	EXP 	fade_in_text: autoDraw = True
113.4105 	EXP 	fade_in_text: autoDraw = True
113.4270 	EXP 	fade_in_text: autoDraw = True
113.4437 	EXP 	fade_in_text: autoDraw = True
113.4604 	EXP 	fade_in_text: autoDraw = True
113.4771 	EXP 	fade_in_text: autoDraw = True
113.4938 	EXP 	fade_in_text: autoDraw = True
113.5105 	EXP 	fade_in_text: autoDraw = True
113.5271 	EXP 	fade_in_text: autoDraw = True
113.5437 	EXP 	fade_in_text: autoDraw = True
113.5605 	EXP 	fade_in_text: autoDraw = True
113.5771 	EXP 	fade_in_text: autoDraw = True
113.5938 	EXP 	fade_in_text: autoDraw = True
113.6105 	EXP 	fade_in_text: autoDraw = True
113.6271 	EXP 	fade_in_text: autoDraw = True
113.6437 	EXP 	fade_in_text: autoDraw = True
113.6604 	EXP 	fade_in_text: autoDraw = True
113.6771 	EXP 	fade_in_text: autoDraw = True
113.6938 	EXP 	fade_in_text: autoDraw = True
113.7106 	EXP 	fade_in_text: autoDraw = True
113.7271 	EXP 	fade_in_text: autoDraw = True
113.7437 	EXP 	fade_in_text: autoDraw = True
113.7604 	EXP 	fade_in_text: autoDraw = True
113.7771 	EXP 	fade_in_text: autoDraw = True
113.7938 	EXP 	fade_in_text: autoDraw = True
113.8106 	EXP 	fade_in_text: autoDraw = True
113.8271 	EXP 	fade_in_text: autoDraw = True
113.8437 	EXP 	fade_in_text: autoDraw = True
113.8605 	EXP 	fade_in_text: autoDraw = True
113.8771 	EXP 	fade_in_text: autoDraw = True
113.8938 	EXP 	fade_in_text: autoDraw = True
113.9106 	EXP 	fade_in_text: autoDraw = True
113.9271 	EXP 	fade_in_text: autoDraw = True
113.9437 	EXP 	fade_in_text: autoDraw = True
113.9605 	EXP 	fade_in_text: autoDraw = True
113.9772 	EXP 	fade_in_text: autoDraw = True
113.9938 	EXP 	fade_in_text: autoDraw = True
114.0106 	EXP 	fade_in_text: autoDraw = True
114.0271 	EXP 	fade_in_text: autoDraw = True
114.0437 	EXP 	fade_in_text: autoDraw = True
114.0605 	EXP 	fade_in_text: autoDraw = True
114.0772 	EXP 	fade_in_text: autoDraw = True
114.0938 	EXP 	fade_in_text: autoDraw = True
114.1104 	EXP 	fade_in_text: autoDraw = True
114.1271 	EXP 	fade_in_text: autoDraw = True
114.1437 	EXP 	fade_in_text: autoDraw = True
114.1605 	EXP 	fade_in_text: autoDraw = True
114.1772 	EXP 	fade_in_text: autoDraw = True
114.1938 	EXP 	fade_in_text: autoDraw = True
114.2104 	EXP 	fade_in_text: autoDraw = True
114.2271 	EXP 	fade_in_text: autoDraw = True
114.2437 	EXP 	fade_in_text: autoDraw = True
114.2605 	EXP 	fade_in_text: autoDraw = True
114.2772 	EXP 	fade_in_text: autoDraw = True
114.2938 	EXP 	fade_in_text: autoDraw = True
114.3104 	EXP 	fade_in_text: autoDraw = True
114.3271 	EXP 	fade_in_text: autoDraw = True
114.3437 	EXP 	fade_in_text: autoDraw = True
114.3605 	EXP 	fade_in_text: autoDraw = True
114.3772 	EXP 	fade_in_text: autoDraw = True
114.3938 	EXP 	fade_in_text: autoDraw = True
114.4104 	EXP 	fade_in_text: autoDraw = True
114.4271 	EXP 	fade_in_text: autoDraw = True
114.4438 	EXP 	fade_in_text: autoDraw = True
114.4605 	EXP 	fade_in_text: autoDraw = True
114.4771 	EXP 	fade_in_text: autoDraw = True
114.4939 	EXP 	fade_in_text: autoDraw = True
114.5104 	EXP 	fade_in_text: autoDraw = True
114.5271 	EXP 	fade_in_text: autoDraw = True
114.5438 	EXP 	fade_in_text: autoDraw = True
114.5605 	EXP 	fade_in_text: autoDraw = True
114.5772 	EXP 	fade_in_text: autoDraw = True
114.5940 	EXP 	fade_in_text: autoDraw = True
114.6104 	EXP 	fade_in_text: autoDraw = True
114.6271 	EXP 	fade_in_text: autoDraw = True
114.6438 	EXP 	fade_in_text: autoDraw = True
114.6605 	EXP 	fade_in_text: autoDraw = True
114.6772 	EXP 	fade_in_text: autoDraw = True
114.6940 	EXP 	fade_in_text: autoDraw = True
114.7104 	EXP 	fade_in_text: autoDraw = True
114.7271 	EXP 	fade_in_text: autoDraw = True
114.7439 	EXP 	fade_in_text: autoDraw = True
114.7605 	EXP 	fade_in_text: autoDraw = True
114.7772 	EXP 	fade_in_text: autoDraw = True
114.7939 	EXP 	fade_in_text: autoDraw = True
114.8104 	EXP 	fade_in_text: autoDraw = True
114.8271 	EXP 	fade_in_text: autoDraw = True
114.8439 	EXP 	fade_in_text: autoDraw = True
114.8605 	EXP 	fade_in_text: autoDraw = True
114.8772 	EXP 	fade_in_text: autoDraw = True
114.8939 	EXP 	fade_in_text: autoDraw = True
114.9105 	EXP 	fade_in_text: autoDraw = True
114.9271 	EXP 	fade_in_text: autoDraw = True
114.9439 	EXP 	fade_in_text: autoDraw = True
114.9605 	EXP 	fade_in_text: autoDraw = True
114.9772 	EXP 	fade_in_text: autoDraw = True
114.9939 	EXP 	fade_in_text: autoDraw = True
115.0105 	EXP 	fade_in_text: autoDraw = True
115.0271 	EXP 	fade_in_text: autoDraw = True
115.0439 	EXP 	fade_in_text: autoDraw = True
115.0605 	EXP 	fade_in_text: autoDraw = True
115.0772 	EXP 	fade_in_text: autoDraw = True
115.0939 	EXP 	fade_in_text: autoDraw = True
115.1105 	EXP 	fade_in_text: autoDraw = True
115.1271 	EXP 	fade_in_text: autoDraw = True
115.1439 	EXP 	fade_in_text: autoDraw = True
115.1605 	EXP 	fade_in_text: autoDraw = True
115.1773 	EXP 	fade_in_text: autoDraw = True
115.1939 	EXP 	fade_in_text: autoDraw = True
115.2105 	EXP 	fade_in_text: autoDraw = True
115.2272 	EXP 	fade_in_text: autoDraw = True
115.2439 	EXP 	fade_in_text: autoDraw = True
115.2606 	EXP 	fade_in_text: autoDraw = True
115.2773 	EXP 	fade_in_text: autoDraw = True
115.2939 	EXP 	fade_in_text: autoDraw = True
115.3105 	EXP 	fade_in_text: autoDraw = True
115.3272 	EXP 	fade_in_text: autoDraw = True
115.3439 	EXP 	fade_in_text: autoDraw = True
115.3606 	EXP 	fade_in_text: autoDraw = True
115.3773 	EXP 	fade_in_text: autoDraw = True
115.3939 	EXP 	fade_in_text: autoDraw = True
115.4105 	EXP 	fade_in_text: autoDraw = True
115.4272 	EXP 	fade_in_text: autoDraw = True
115.4439 	EXP 	fade_in_text: autoDraw = True
115.4606 	EXP 	fade_in_text: autoDraw = True
115.4774 	EXP 	fade_in_text: autoDraw = True
115.4939 	EXP 	fade_in_text: autoDraw = True
115.5105 	EXP 	fade_in_text: autoDraw = True
115.5272 	EXP 	fade_in_text: autoDraw = True
115.5439 	EXP 	fade_in_text: autoDraw = True
115.5606 	EXP 	fade_in_text: autoDraw = True
115.5773 	EXP 	fade_in_text: autoDraw = True
115.5939 	EXP 	fade_in_text: autoDraw = True
115.6105 	EXP 	fade_in_text: autoDraw = True
115.6272 	EXP 	fade_in_text: autoDraw = True
115.6439 	EXP 	fade_in_text: autoDraw = True
115.6606 	EXP 	fade_in_text: autoDraw = True
115.6772 	EXP 	fade_in_text: autoDraw = True
115.6939 	EXP 	fade_in_text: autoDraw = True
115.7105 	EXP 	fade_in_text: autoDraw = True
115.7273 	EXP 	fade_in_text: autoDraw = True
115.7439 	EXP 	fade_in_text: autoDraw = True
115.7606 	EXP 	fade_in_text: autoDraw = True
115.7773 	EXP 	fade_in_text: autoDraw = True
115.7938 	EXP 	fade_in_text: autoDraw = True
115.8105 	EXP 	fade_in_text: autoDraw = True
115.8273 	EXP 	fade_in_text: autoDraw = True
115.8439 	EXP 	fade_in_text: autoDraw = True
115.8606 	EXP 	fade_in_text: autoDraw = True
115.8772 	EXP 	fade_in_text: autoDraw = True
115.8938 	EXP 	fade_in_text: autoDraw = True
115.9105 	EXP 	fade_in_text: autoDraw = True
115.9273 	EXP 	fade_in_text: autoDraw = True
115.9439 	EXP 	fade_in_text: autoDraw = True
115.9607 	EXP 	fade_in_text: autoDraw = True
115.9773 	EXP 	fade_in_text: autoDraw = True
115.9938 	EXP 	fade_in_text: autoDraw = True
116.0106 	EXP 	fade_in_text: autoDraw = True
116.0273 	EXP 	fade_in_text: autoDraw = True
116.0439 	EXP 	fade_in_text: autoDraw = True
116.0607 	EXP 	fade_in_text: autoDraw = True
116.0772 	EXP 	fade_in_text: autoDraw = True
116.0938 	EXP 	fade_in_text: autoDraw = True
116.1106 	EXP 	fade_in_text: autoDraw = True
116.1273 	EXP 	fade_in_text: autoDraw = True
116.1439 	EXP 	fade_in_text: autoDraw = True
116.1607 	EXP 	fade_in_text: autoDraw = True
116.1773 	EXP 	fade_in_text: autoDraw = True
116.1939 	EXP 	fade_in_text: autoDraw = True
116.2106 	EXP 	fade_in_text: autoDraw = True
116.2273 	EXP 	fade_in_text: autoDraw = True
116.2439 	EXP 	fade_in_text: autoDraw = True
116.2606 	EXP 	fade_in_text: autoDraw = True
116.2772 	EXP 	fade_in_text: autoDraw = True
116.2939 	EXP 	fade_in_text: autoDraw = True
116.3106 	EXP 	fade_in_text: autoDraw = True
116.3273 	EXP 	fade_in_text: autoDraw = True
116.3439 	EXP 	fade_in_text: autoDraw = True
116.3605 	EXP 	fade_in_text: autoDraw = True
116.3773 	EXP 	fade_in_text: autoDraw = True
116.3939 	EXP 	fade_in_text: autoDraw = True
116.4106 	EXP 	fade_in_text: autoDraw = True
116.4273 	EXP 	fade_in_text: autoDraw = True
116.4439 	EXP 	fade_in_text: autoDraw = True
116.4605 	EXP 	fade_in_text: autoDraw = True
116.4772 	EXP 	fade_in_text: autoDraw = True
116.4939 	EXP 	fade_in_text: autoDraw = True
116.5106 	EXP 	fade_in_text: autoDraw = True
116.5273 	EXP 	fade_in_text: autoDraw = True
116.5440 	EXP 	fade_in_text: autoDraw = True
116.5605 	EXP 	fade_in_text: autoDraw = True
116.5773 	EXP 	fade_in_text: autoDraw = True
116.5939 	EXP 	fade_in_text: autoDraw = True
116.6106 	EXP 	fade_in_text: autoDraw = True
116.6273 	EXP 	fade_in_text: autoDraw = True
116.6441 	EXP 	fade_in_text: autoDraw = True
116.6605 	EXP 	fade_in_text: autoDraw = True
116.6772 	EXP 	fade_in_text: autoDraw = True
116.6939 	EXP 	fade_in_text: autoDraw = True
116.7106 	EXP 	fade_in_text: autoDraw = True
116.7273 	EXP 	fade_in_text: autoDraw = True
116.7441 	EXP 	fade_in_text: autoDraw = True
116.7605 	EXP 	fade_in_text: autoDraw = True
116.7773 	EXP 	fade_in_text: autoDraw = True
116.7940 	EXP 	fade_in_text: autoDraw = True
116.8106 	EXP 	fade_in_text: autoDraw = True
116.8273 	EXP 	fade_in_text: autoDraw = True
116.8441 	EXP 	fade_in_text: autoDraw = True
116.8606 	EXP 	fade_in_text: autoDraw = True
116.8772 	EXP 	fade_in_text: autoDraw = True
116.8940 	EXP 	fade_in_text: autoDraw = True
116.9106 	EXP 	fade_in_text: autoDraw = True
116.9273 	EXP 	fade_in_text: autoDraw = True
116.9439 	EXP 	fade_in_text: autoDraw = True
116.9606 	EXP 	fade_in_text: autoDraw = True
116.9773 	EXP 	fade_in_text: autoDraw = True
116.9940 	EXP 	fade_in_text: autoDraw = True
117.0106 	EXP 	fade_in_text: autoDraw = True
117.0273 	EXP 	fade_in_text: autoDraw = True
117.0439 	EXP 	fade_in_text: autoDraw = True
117.0606 	EXP 	fade_in_text: autoDraw = True
117.0772 	EXP 	fade_in_text: autoDraw = True
117.0940 	EXP 	fade_in_text: autoDraw = True
117.1107 	EXP 	fade_in_text: autoDraw = True
117.1273 	EXP 	fade_in_text: autoDraw = True
117.1439 	EXP 	fade_in_text: autoDraw = True
117.1606 	EXP 	fade_in_text: autoDraw = True
117.1773 	EXP 	fade_in_text: autoDraw = True
117.1940 	EXP 	fade_in_text: autoDraw = True
117.2107 	EXP 	fade_in_text: autoDraw = True
117.2273 	EXP 	fade_in_text: autoDraw = True
117.2440 	EXP 	fade_in_text: autoDraw = True
117.2606 	EXP 	fade_in_text: autoDraw = True
117.2773 	EXP 	fade_in_text: autoDraw = True
117.2940 	EXP 	fade_in_text: autoDraw = True
117.3107 	EXP 	fade_in_text: autoDraw = True
117.3274 	EXP 	fade_in_text: autoDraw = True
117.3439 	EXP 	fade_in_text: autoDraw = True
117.3606 	EXP 	fade_in_text: autoDraw = True
117.3773 	EXP 	fade_in_text: autoDraw = True
117.3940 	EXP 	fade_in_text: autoDraw = True
117.4107 	EXP 	fade_in_text: autoDraw = True
117.4274 	EXP 	fade_in_text: autoDraw = True
117.4439 	EXP 	fade_in_text: autoDraw = True
117.4606 	EXP 	fade_in_text: autoDraw = True
117.4773 	EXP 	fade_in_text: autoDraw = True
117.4940 	EXP 	fade_in_text: autoDraw = True
117.5107 	EXP 	fade_in_text: autoDraw = True
117.5275 	EXP 	fade_in_text: autoDraw = True
117.5439 	EXP 	fade_in_text: autoDraw = True
117.5606 	EXP 	fade_in_text: autoDraw = True
117.5774 	EXP 	fade_in_text: autoDraw = True
117.5940 	EXP 	fade_in_text: autoDraw = True
117.6107 	EXP 	fade_in_text: autoDraw = True
117.6273 	EXP 	fade_in_text: autoDraw = True
117.6439 	EXP 	fade_in_text: autoDraw = True
117.6606 	EXP 	fade_in_text: autoDraw = True
117.6773 	EXP 	fade_in_text: autoDraw = True
117.6940 	EXP 	fade_in_text: autoDraw = True
117.7107 	EXP 	fade_in_text: autoDraw = True
117.7273 	EXP 	fade_in_text: autoDraw = True
117.7439 	EXP 	fade_in_text: autoDraw = True
117.7606 	EXP 	fade_in_text: autoDraw = True
117.7773 	EXP 	fade_in_text: autoDraw = True
117.7940 	EXP 	fade_in_text: autoDraw = True
117.8107 	EXP 	fade_in_text: autoDraw = True
117.8273 	EXP 	fade_in_text: autoDraw = True
117.8439 	EXP 	fade_in_text: autoDraw = True
117.8606 	EXP 	fade_in_text: autoDraw = True
117.8774 	EXP 	fade_in_text: autoDraw = True
117.8940 	EXP 	fade_in_text: autoDraw = True
117.9107 	EXP 	fade_in_text: autoDraw = True
117.9273 	EXP 	fade_in_text: autoDraw = True
117.9440 	EXP 	fade_in_text: autoDraw = True
117.9606 	EXP 	fade_in_text: autoDraw = True
117.9774 	EXP 	fade_in_text: autoDraw = True
117.9940 	EXP 	fade_in_text: autoDraw = True
118.0108 	EXP 	fade_in_text: autoDraw = True
118.0273 	EXP 	fade_in_text: autoDraw = True
118.0439 	EXP 	fade_in_text: autoDraw = True
118.0607 	EXP 	fade_in_text: autoDraw = True
118.0774 	EXP 	fade_in_text: autoDraw = True
118.0940 	EXP 	fade_in_text: autoDraw = True
118.1108 	EXP 	fade_in_text: autoDraw = True
118.1273 	EXP 	fade_in_text: autoDraw = True
118.1440 	EXP 	fade_in_text: autoDraw = True
118.1607 	EXP 	fade_in_text: autoDraw = True
118.1774 	EXP 	fade_in_text: autoDraw = True
118.1940 	EXP 	fade_in_text: autoDraw = True
118.2108 	EXP 	fade_in_text: autoDraw = True
118.2273 	EXP 	fade_in_text: autoDraw = True
118.2440 	EXP 	fade_in_text: autoDraw = True
118.2607 	EXP 	fade_in_text: autoDraw = True
118.2774 	EXP 	fade_in_text: autoDraw = True
118.2940 	EXP 	fade_in_text: autoDraw = True
118.3107 	EXP 	fade_in_text: autoDraw = True
118.3273 	EXP 	fade_in_text: autoDraw = True
118.3440 	EXP 	fade_in_text: autoDraw = True
118.3607 	EXP 	fade_in_text: autoDraw = True
118.3774 	EXP 	fade_in_text: autoDraw = True
118.3940 	EXP 	fade_in_text: autoDraw = True
118.4107 	EXP 	fade_in_text: autoDraw = True
118.4273 	EXP 	fade_in_text: autoDraw = True
118.4440 	EXP 	fade_in_text: autoDraw = True
118.4607 	EXP 	fade_in_text: autoDraw = True
118.4774 	EXP 	fade_in_text: autoDraw = True
118.4940 	EXP 	fade_in_text: autoDraw = True
118.5107 	EXP 	fade_in_text: autoDraw = True
118.5273 	EXP 	fade_in_text: autoDraw = True
118.5440 	EXP 	fade_in_text: autoDraw = True
118.5607 	EXP 	fade_in_text: autoDraw = True
118.5774 	EXP 	fade_in_text: autoDraw = True
118.5941 	EXP 	fade_in_text: autoDraw = True
118.6107 	EXP 	fade_in_text: autoDraw = True
118.6273 	EXP 	fade_in_text: autoDraw = True
118.6440 	EXP 	fade_in_text: autoDraw = True
118.6607 	EXP 	fade_in_text: autoDraw = True
118.6774 	EXP 	fade_in_text: autoDraw = True
118.6942 	EXP 	fade_in_text: autoDraw = True
118.7107 	EXP 	fade_in_text: autoDraw = True
118.7273 	EXP 	fade_in_text: autoDraw = True
118.7441 	EXP 	fade_in_text: autoDraw = True
118.7607 	EXP 	fade_in_text: autoDraw = True
118.7774 	EXP 	fade_in_text: autoDraw = True
118.7942 	EXP 	fade_in_text: autoDraw = True
118.8107 	EXP 	fade_in_text: autoDraw = True
118.8273 	EXP 	fade_in_text: autoDraw = True
118.8441 	EXP 	fade_in_text: autoDraw = True
118.8607 	EXP 	fade_in_text: autoDraw = True
118.8774 	EXP 	fade_in_text: autoDraw = True
118.8942 	EXP 	fade_in_text: autoDraw = True
118.9107 	EXP 	fade_in_text: autoDraw = True
118.9273 	EXP 	fade_in_text: autoDraw = True
118.9441 	EXP 	fade_in_text: autoDraw = True
118.9607 	EXP 	fade_in_text: autoDraw = True
118.9774 	EXP 	fade_in_text: autoDraw = True
118.9941 	EXP 	fade_in_text: autoDraw = True
119.0108 	EXP 	fade_in_text: autoDraw = True
119.0273 	EXP 	fade_in_text: autoDraw = True
119.0441 	EXP 	fade_in_text: autoDraw = True
119.0608 	EXP 	fade_in_text: autoDraw = True
119.0774 	EXP 	fade_in_text: autoDraw = True
119.0940 	EXP 	fade_in_text: autoDraw = True
119.1107 	EXP 	fade_in_text: autoDraw = True
119.1273 	EXP 	fade_in_text: autoDraw = True
119.1441 	EXP 	fade_in_text: autoDraw = True
119.1608 	EXP 	fade_in_text: autoDraw = True
119.1774 	EXP 	fade_in_text: autoDraw = True
119.1940 	EXP 	fade_in_text: autoDraw = True
119.2108 	EXP 	fade_in_text: autoDraw = True
119.2273 	EXP 	fade_in_text: autoDraw = True
119.2441 	EXP 	fade_in_text: autoDraw = True
119.2608 	EXP 	fade_in_text: autoDraw = True
119.2774 	EXP 	fade_in_text: autoDraw = True
119.2940 	EXP 	fade_in_text: autoDraw = True
119.3108 	EXP 	fade_in_text: autoDraw = True
119.3274 	EXP 	fade_in_text: autoDraw = True
119.3441 	EXP 	fade_in_text: autoDraw = True
119.3608 	EXP 	fade_in_text: autoDraw = True
119.3775 	EXP 	fade_in_text: autoDraw = True
119.3941 	EXP 	fade_in_text: autoDraw = True
119.4107 	EXP 	fade_in_text: autoDraw = True
119.4274 	EXP 	fade_in_text: autoDraw = True
119.4441 	EXP 	fade_in_text: autoDraw = True
119.4608 	EXP 	fade_in_text: autoDraw = True
119.4775 	EXP 	fade_in_text: autoDraw = True
119.4940 	EXP 	fade_in_text: autoDraw = True
119.5107 	EXP 	fade_in_text: autoDraw = True
119.5274 	EXP 	fade_in_text: autoDraw = True
119.5441 	EXP 	fade_in_text: autoDraw = True
119.5608 	EXP 	fade_in_text: autoDraw = True
119.5776 	EXP 	fade_in_text: autoDraw = True
119.5941 	EXP 	fade_in_text: autoDraw = True
119.6107 	EXP 	fade_in_text: autoDraw = True
119.6274 	EXP 	fade_in_text: autoDraw = True
119.6441 	EXP 	fade_in_text: autoDraw = True
119.6608 	EXP 	fade_in_text: autoDraw = True
119.6774 	EXP 	fade_in_text: autoDraw = True
119.6940 	EXP 	fade_in_text: autoDraw = True
119.7107 	EXP 	fade_in_text: autoDraw = True
119.7275 	EXP 	fade_in_text: autoDraw = True
119.7441 	EXP 	fade_in_text: autoDraw = True
119.7608 	EXP 	fade_in_text: autoDraw = True
119.7773 	EXP 	fade_in_text: autoDraw = True
119.7943 	EXP 	fade_in_text: autoDraw = True
119.8109 	EXP 	fade_in_text: autoDraw = True
119.8276 	EXP 	fade_in_text: autoDraw = True
119.8443 	EXP 	fade_in_text: autoDraw = True
119.8609 	EXP 	fade_in_text: autoDraw = True
119.8775 	EXP 	fade_in_text: autoDraw = True
119.8943 	EXP 	fade_in_text: autoDraw = True
119.9109 	EXP 	fade_in_text: autoDraw = True
119.9276 	EXP 	fade_in_text: autoDraw = True
119.9443 	EXP 	fade_in_text: autoDraw = True
119.9610 	EXP 	fade_in_text: autoDraw = True
119.9775 	EXP 	fade_in_text: autoDraw = True
119.9943 	EXP 	fade_in_text: autoDraw = True
120.0109 	EXP 	fade_in_text: autoDraw = True
120.0276 	EXP 	fade_in_text: autoDraw = True
120.0443 	EXP 	fade_in_text: autoDraw = True
120.0611 	EXP 	fade_in_text: autoDraw = True
120.0775 	EXP 	fade_in_text: autoDraw = True
120.0943 	EXP 	fade_in_text: autoDraw = True
120.1110 	EXP 	fade_in_text: autoDraw = True
120.1276 	EXP 	fade_in_text: autoDraw = True
120.1443 	EXP 	fade_in_text: autoDraw = True
120.1611 	EXP 	fade_in_text: autoDraw = True
120.1775 	EXP 	fade_in_text: autoDraw = True
120.1943 	EXP 	fade_in_text: autoDraw = True
120.2109 	EXP 	fade_in_text: autoDraw = True
120.2276 	EXP 	fade_in_text: autoDraw = True
120.2443 	EXP 	fade_in_text: autoDraw = True
120.2611 	EXP 	fade_in_text: autoDraw = True
120.2775 	EXP 	fade_in_text: autoDraw = True
120.2943 	EXP 	fade_in_text: autoDraw = True
120.3110 	EXP 	fade_in_text: autoDraw = True
120.3276 	EXP 	fade_in_text: autoDraw = True
120.3443 	EXP 	fade_in_text: autoDraw = True
120.3610 	EXP 	fade_in_text: autoDraw = True
120.3775 	EXP 	fade_in_text: autoDraw = True
120.3943 	EXP 	fade_in_text: autoDraw = True
120.4110 	EXP 	fade_in_text: autoDraw = True
120.4277 	EXP 	fade_in_text: autoDraw = True
120.4443 	EXP 	fade_in_text: autoDraw = True
120.4609 	EXP 	fade_in_text: autoDraw = True
120.4775 	EXP 	fade_in_text: autoDraw = True
120.4943 	EXP 	fade_in_text: autoDraw = True
120.5110 	EXP 	fade_in_text: autoDraw = True
120.5276 	EXP 	fade_in_text: autoDraw = True
120.5443 	EXP 	fade_in_text: autoDraw = True
120.5609 	EXP 	fade_in_text: autoDraw = True
120.5776 	EXP 	fade_in_text: autoDraw = True
120.5943 	EXP 	fade_in_text: autoDraw = True
120.6110 	EXP 	fade_in_text: autoDraw = True
120.6277 	EXP 	fade_in_text: autoDraw = True
120.6443 	EXP 	fade_in_text: autoDraw = True
120.6609 	EXP 	fade_in_text: autoDraw = True
120.6776 	EXP 	fade_in_text: autoDraw = True
120.6943 	EXP 	fade_in_text: autoDraw = True
120.7110 	EXP 	fade_in_text: autoDraw = True
120.7277 	EXP 	fade_in_text: autoDraw = True
120.7444 	EXP 	fade_in_text: autoDraw = True
120.7609 	EXP 	fade_in_text: autoDraw = True
120.7776 	EXP 	fade_in_text: autoDraw = True
120.7943 	EXP 	fade_in_text: autoDraw = True
120.8110 	EXP 	fade_in_text: autoDraw = True
120.8277 	EXP 	fade_in_text: autoDraw = True
120.8445 	EXP 	fade_in_text: autoDraw = True
120.8609 	EXP 	fade_in_text: autoDraw = True
120.8776 	EXP 	fade_in_text: autoDraw = True
120.8943 	EXP 	fade_in_text: autoDraw = True
120.9110 	EXP 	fade_in_text: autoDraw = True
120.9277 	EXP 	fade_in_text: autoDraw = True
120.9445 	EXP 	fade_in_text: autoDraw = True
120.9609 	EXP 	fade_in_text: autoDraw = True
120.9776 	EXP 	fade_in_text: autoDraw = True
120.9943 	EXP 	fade_in_text: autoDraw = True
121.0110 	EXP 	fade_in_text: autoDraw = True
121.0277 	EXP 	fade_in_text: autoDraw = True
121.0445 	EXP 	fade_in_text: autoDraw = True
121.0609 	EXP 	fade_in_text: autoDraw = True
121.0777 	EXP 	fade_in_text: autoDraw = True
121.0943 	EXP 	fade_in_text: autoDraw = True
121.1110 	EXP 	fade_in_text: autoDraw = True
121.1277 	EXP 	fade_in_text: autoDraw = True
121.1445 	EXP 	fade_in_text: autoDraw = True
121.1609 	EXP 	fade_in_text: autoDraw = True
121.1777 	EXP 	fade_in_text: autoDraw = True
121.1946 	EXP 	fade_in_text: autoDraw = True
121.2110 	EXP 	fade_in_text: autoDraw = True
121.2277 	EXP 	fade_in_text: autoDraw = True
121.2444 	EXP 	fade_in_text: autoDraw = True
121.2609 	EXP 	fade_in_text: autoDraw = True
121.2777 	EXP 	fade_in_text: autoDraw = True
121.2944 	EXP 	fade_in_text: autoDraw = True
121.3110 	EXP 	fade_in_text: autoDraw = True
121.3277 	EXP 	fade_in_text: autoDraw = True
121.3443 	EXP 	fade_in_text: autoDraw = True
121.3609 	EXP 	fade_in_text: autoDraw = True
121.3777 	EXP 	fade_in_text: autoDraw = True
121.3944 	EXP 	fade_in_text: autoDraw = True
121.4110 	EXP 	fade_in_text: autoDraw = True
121.4277 	EXP 	fade_in_text: autoDraw = True
121.4443 	EXP 	fade_in_text: autoDraw = True
121.4610 	EXP 	fade_in_text: autoDraw = True
121.4777 	EXP 	fade_in_text: autoDraw = True
121.4944 	EXP 	fade_in_text: autoDraw = True
121.5110 	EXP 	fade_in_text: autoDraw = True
121.5278 	EXP 	fade_in_text: autoDraw = True
121.5443 	EXP 	fade_in_text: autoDraw = True
121.5610 	EXP 	fade_in_text: autoDraw = True
121.5777 	EXP 	fade_in_text: autoDraw = True
121.5944 	EXP 	fade_in_text: autoDraw = True
121.6110 	EXP 	fade_in_text: autoDraw = True
121.6279 	EXP 	fade_in_text: autoDraw = True
121.6443 	EXP 	fade_in_text: autoDraw = True
121.6610 	EXP 	fade_in_text: autoDraw = True
121.6777 	EXP 	fade_in_text: autoDraw = True
121.6944 	EXP 	fade_in_text: autoDraw = True
121.7110 	EXP 	fade_in_text: autoDraw = True
121.7279 	EXP 	fade_in_text: autoDraw = True
121.7443 	EXP 	fade_in_text: autoDraw = True
121.7610 	EXP 	fade_in_text: autoDraw = True
121.7777 	EXP 	fade_in_text: autoDraw = True
121.7943 	EXP 	fade_in_text: autoDraw = True
121.8110 	EXP 	fade_in_text: autoDraw = True
121.8279 	EXP 	fade_in_text: autoDraw = True
121.8443 	EXP 	fade_in_text: autoDraw = True
121.8610 	EXP 	fade_in_text: autoDraw = True
121.8777 	EXP 	fade_in_text: autoDraw = True
121.8944 	EXP 	fade_in_text: autoDraw = True
121.9110 	EXP 	fade_in_text: autoDraw = True
121.9279 	EXP 	fade_in_text: autoDraw = True
121.9443 	EXP 	fade_in_text: autoDraw = True
121.9610 	EXP 	fade_in_text: autoDraw = True
121.9777 	EXP 	fade_in_text: autoDraw = True
121.9944 	EXP 	fade_in_text: autoDraw = True
122.0110 	EXP 	fade_in_text: autoDraw = True
122.0277 	EXP 	fade_in_text: autoDraw = True
122.0443 	EXP 	fade_in_text: autoDraw = True
122.0610 	EXP 	fade_in_text: autoDraw = True
122.0777 	EXP 	fade_in_text: autoDraw = True
122.0944 	EXP 	fade_in_text: autoDraw = True
122.1110 	EXP 	fade_in_text: autoDraw = True
122.1277 	EXP 	fade_in_text: autoDraw = True
122.1443 	EXP 	fade_in_text: autoDraw = True
122.1610 	EXP 	fade_in_text: autoDraw = True
122.1778 	EXP 	fade_in_text: autoDraw = True
122.1944 	EXP 	fade_in_text: autoDraw = True
122.2110 	EXP 	fade_in_text: autoDraw = True
122.2277 	EXP 	fade_in_text: autoDraw = True
122.2444 	EXP 	fade_in_text: autoDraw = True
122.2610 	EXP 	fade_in_text: autoDraw = True
122.2777 	EXP 	fade_in_text: autoDraw = True
122.2944 	EXP 	fade_in_text: autoDraw = True
122.3112 	EXP 	fade_in_text: autoDraw = True
122.3277 	EXP 	fade_in_text: autoDraw = True
122.3444 	EXP 	fade_in_text: autoDraw = True
122.3610 	EXP 	fade_in_text: autoDraw = True
122.3777 	EXP 	fade_in_text: autoDraw = True
122.3944 	EXP 	fade_in_text: autoDraw = True
122.4113 	EXP 	fade_in_text: autoDraw = True
122.4277 	EXP 	fade_in_text: autoDraw = True
122.4444 	EXP 	fade_in_text: autoDraw = True
122.4611 	EXP 	fade_in_text: autoDraw = True
122.4777 	EXP 	fade_in_text: autoDraw = True
122.4944 	EXP 	fade_in_text: autoDraw = True
122.5112 	EXP 	fade_in_text: autoDraw = True
122.5277 	EXP 	fade_in_text: autoDraw = True
122.5444 	EXP 	fade_in_text: autoDraw = True
122.5611 	EXP 	fade_in_text: autoDraw = True
122.5777 	EXP 	fade_in_text: autoDraw = True
122.5944 	EXP 	fade_in_text: autoDraw = True
122.6113 	EXP 	fade_in_text: autoDraw = True
122.6277 	EXP 	fade_in_text: autoDraw = True
122.6444 	EXP 	fade_in_text: autoDraw = True
122.6611 	EXP 	fade_in_text: autoDraw = True
122.6777 	EXP 	fade_in_text: autoDraw = True
122.6944 	EXP 	fade_in_text: autoDraw = True
122.7112 	EXP 	fade_in_text: autoDraw = True
122.7277 	EXP 	fade_in_text: autoDraw = True
122.7444 	EXP 	fade_in_text: autoDraw = True
122.7611 	EXP 	fade_in_text: autoDraw = True
122.7777 	EXP 	fade_in_text: autoDraw = True
122.7944 	EXP 	fade_in_text: autoDraw = True
122.8111 	EXP 	fade_in_text: autoDraw = True
122.8277 	EXP 	fade_in_text: autoDraw = True
122.8444 	EXP 	fade_in_text: autoDraw = True
122.8611 	EXP 	fade_in_text: autoDraw = True
122.8778 	EXP 	fade_in_text: autoDraw = True
122.8944 	EXP 	fade_in_text: autoDraw = True
122.9110 	EXP 	fade_in_text: autoDraw = True
122.9277 	EXP 	fade_in_text: autoDraw = True
122.9446 	EXP 	fade_in_text: autoDraw = True
122.9611 	EXP 	fade_in_text: autoDraw = True
122.9777 	EXP 	fade_in_text: autoDraw = True
122.9946 	EXP 	fade_in_text: autoDraw = True
123.0111 	EXP 	fade_in_text: autoDraw = True
123.0278 	EXP 	fade_in_text: autoDraw = True
123.0444 	EXP 	fade_in_text: autoDraw = True
123.0611 	EXP 	fade_in_text: autoDraw = True
123.0778 	EXP 	fade_in_text: autoDraw = True
123.0946 	EXP 	fade_in_text: autoDraw = True
123.1110 	EXP 	fade_in_text: autoDraw = True
123.1279 	EXP 	fade_in_text: autoDraw = True
123.1444 	EXP 	fade_in_text: autoDraw = True
123.1611 	EXP 	fade_in_text: autoDraw = True
123.1778 	EXP 	fade_in_text: autoDraw = True
123.1946 	EXP 	fade_in_text: autoDraw = True
123.2111 	EXP 	fade_in_text: autoDraw = True
123.2279 	EXP 	fade_in_text: autoDraw = True
123.2444 	EXP 	fade_in_text: autoDraw = True
123.2611 	EXP 	fade_in_text: autoDraw = True
123.2778 	EXP 	fade_in_text: autoDraw = True
123.2947 	EXP 	fade_in_text: autoDraw = True
123.3111 	EXP 	fade_in_text: autoDraw = True
123.3279 	EXP 	fade_in_text: autoDraw = True
123.3445 	EXP 	fade_in_text: autoDraw = True
123.3611 	EXP 	fade_in_text: autoDraw = True
123.3778 	EXP 	fade_in_text: autoDraw = True
123.3944 	EXP 	fade_in_text: autoDraw = True
123.4111 	EXP 	fade_in_text: autoDraw = True
123.4278 	EXP 	fade_in_text: autoDraw = True
123.4445 	EXP 	fade_in_text: autoDraw = True
123.4611 	EXP 	fade_in_text: autoDraw = True
123.4778 	EXP 	fade_in_text: autoDraw = True
123.4944 	EXP 	fade_in_text: autoDraw = True
123.5110 	EXP 	fade_in_text: autoDraw = True
123.5278 	EXP 	fade_in_text: autoDraw = True
123.5445 	EXP 	fade_in_text: autoDraw = True
123.5611 	EXP 	fade_in_text: autoDraw = True
123.5778 	EXP 	fade_in_text: autoDraw = True
123.5944 	EXP 	fade_in_text: autoDraw = True
123.6111 	EXP 	fade_in_text: autoDraw = True
123.6278 	EXP 	fade_in_text: autoDraw = True
123.6445 	EXP 	fade_in_text: autoDraw = True
123.6611 	EXP 	fade_in_text: autoDraw = True
123.6780 	EXP 	fade_in_text: autoDraw = True
123.6944 	EXP 	fade_in_text: autoDraw = True
123.7111 	EXP 	fade_in_text: autoDraw = True
123.7278 	EXP 	fade_in_text: autoDraw = True
123.7445 	EXP 	fade_in_text: autoDraw = True
123.7611 	EXP 	fade_in_text: autoDraw = True
123.7780 	EXP 	fade_in_text: autoDraw = True
123.7944 	EXP 	fade_in_text: autoDraw = True
123.8112 	EXP 	fade_in_text: autoDraw = True
123.8278 	EXP 	fade_in_text: autoDraw = True
123.8445 	EXP 	fade_in_text: autoDraw = True
123.8612 	EXP 	fade_in_text: autoDraw = True
123.8780 	EXP 	fade_in_text: autoDraw = True
123.8944 	EXP 	fade_in_text: autoDraw = True
123.9112 	EXP 	fade_in_text: autoDraw = True
123.9278 	EXP 	fade_in_text: autoDraw = True
123.9445 	EXP 	fade_in_text: autoDraw = True
123.9612 	EXP 	fade_in_text: autoDraw = True
123.9779 	EXP 	fade_in_text: autoDraw = True
123.9944 	EXP 	fade_in_text: autoDraw = True
124.0112 	EXP 	fade_in_text: autoDraw = True
124.0278 	EXP 	fade_in_text: autoDraw = True
124.0445 	EXP 	fade_in_text: autoDraw = True
124.0611 	EXP 	fade_in_text: autoDraw = True
124.0779 	EXP 	fade_in_text: autoDraw = True
124.0944 	EXP 	fade_in_text: autoDraw = True
124.1112 	EXP 	fade_in_text: autoDraw = True
124.1278 	EXP 	fade_in_text: autoDraw = True
124.1445 	EXP 	fade_in_text: autoDraw = True
124.1612 	EXP 	fade_in_text: autoDraw = True
124.1779 	EXP 	fade_in_text: autoDraw = True
124.1945 	EXP 	fade_in_text: autoDraw = True
124.2112 	EXP 	fade_in_text: autoDraw = True
124.2278 	EXP 	fade_in_text: autoDraw = True
124.2445 	EXP 	fade_in_text: autoDraw = True
124.2612 	EXP 	fade_in_text: autoDraw = True
124.2778 	EXP 	fade_in_text: autoDraw = True
124.2945 	EXP 	fade_in_text: autoDraw = True
124.3112 	EXP 	fade_in_text: autoDraw = True
124.3278 	EXP 	fade_in_text: autoDraw = True
124.3445 	EXP 	fade_in_text: autoDraw = True
124.3613 	EXP 	fade_in_text: autoDraw = True
124.3778 	EXP 	fade_in_text: autoDraw = True
124.3945 	EXP 	fade_in_text: autoDraw = True
124.4112 	EXP 	fade_in_text: autoDraw = True
124.4280 	EXP 	fade_in_text: autoDraw = True
124.4445 	EXP 	fade_in_text: autoDraw = True
124.4613 	EXP 	fade_in_text: autoDraw = True
124.4778 	EXP 	fade_in_text: autoDraw = True
124.4945 	EXP 	fade_in_text: autoDraw = True
124.5112 	EXP 	fade_in_text: autoDraw = True
124.5278 	EXP 	fade_in_text: autoDraw = True
124.5445 	EXP 	fade_in_text: autoDraw = True
124.5613 	EXP 	fade_in_text: autoDraw = True
124.5778 	EXP 	fade_in_text: autoDraw = True
124.5945 	EXP 	fade_in_text: autoDraw = True
124.6112 	EXP 	fade_in_text: autoDraw = True
124.6278 	EXP 	fade_in_text: autoDraw = True
124.6445 	EXP 	fade_in_text: autoDraw = True
124.6614 	EXP 	fade_in_text: autoDraw = True
124.6778 	EXP 	fade_in_text: autoDraw = True
124.6945 	EXP 	fade_in_text: autoDraw = True
124.7112 	EXP 	fade_in_text: autoDraw = True
124.7278 	EXP 	fade_in_text: autoDraw = True
124.7445 	EXP 	fade_in_text: autoDraw = True
124.7613 	EXP 	fade_in_text: autoDraw = True
124.7778 	EXP 	fade_in_text: autoDraw = True
124.7945 	EXP 	fade_in_text: autoDraw = True
124.8112 	EXP 	fade_in_text: autoDraw = True
124.8279 	EXP 	fade_in_text: autoDraw = True
124.8445 	EXP 	fade_in_text: autoDraw = True
124.8612 	EXP 	fade_in_text: autoDraw = True
124.8778 	EXP 	fade_in_text: autoDraw = True
124.8945 	EXP 	fade_in_text: autoDraw = True
124.9112 	EXP 	fade_in_text: autoDraw = True
124.9279 	EXP 	fade_in_text: autoDraw = True
124.9445 	EXP 	fade_in_text: autoDraw = True
124.9611 	EXP 	fade_in_text: autoDraw = True
124.9778 	EXP 	fade_in_text: autoDraw = True
124.9945 	EXP 	fade_in_text: autoDraw = True
125.0112 	EXP 	fade_in_text: autoDraw = True
125.0279 	EXP 	fade_in_text: autoDraw = True
125.0445 	EXP 	fade_in_text: autoDraw = True
125.0611 	EXP 	fade_in_text: autoDraw = True
125.0778 	EXP 	fade_in_text: autoDraw = True
125.0946 	EXP 	fade_in_text: autoDraw = True
125.1112 	EXP 	fade_in_text: autoDraw = True
125.1279 	EXP 	fade_in_text: autoDraw = True
125.1446 	EXP 	fade_in_text: autoDraw = True
125.1611 	EXP 	fade_in_text: autoDraw = True
125.1779 	EXP 	fade_in_text: autoDraw = True
125.1945 	EXP 	fade_in_text: autoDraw = True
125.2113 	EXP 	fade_in_text: autoDraw = True
125.2279 	EXP 	fade_in_text: autoDraw = True
125.2447 	EXP 	fade_in_text: autoDraw = True
125.2611 	EXP 	fade_in_text: autoDraw = True
125.2779 	EXP 	fade_in_text: autoDraw = True
125.2945 	EXP 	fade_in_text: autoDraw = True
125.3112 	EXP 	fade_in_text: autoDraw = True
125.3279 	EXP 	fade_in_text: autoDraw = True
125.3448 	EXP 	fade_in_text: autoDraw = True
125.3611 	EXP 	fade_in_text: autoDraw = True
125.3779 	EXP 	fade_in_text: autoDraw = True
125.3946 	EXP 	fade_in_text: autoDraw = True
125.4113 	EXP 	fade_in_text: autoDraw = True
125.4279 	EXP 	fade_in_text: autoDraw = True
125.4448 	EXP 	fade_in_text: autoDraw = True
125.4612 	EXP 	fade_in_text: autoDraw = True
125.4779 	EXP 	fade_in_text: autoDraw = True
125.4946 	EXP 	fade_in_text: autoDraw = True
125.5113 	EXP 	fade_in_text: autoDraw = True
125.5279 	EXP 	fade_in_text: autoDraw = True
125.5447 	EXP 	fade_in_text: autoDraw = True
125.5611 	EXP 	fade_in_text: autoDraw = True
125.5779 	EXP 	fade_in_text: autoDraw = True
125.5946 	EXP 	fade_in_text: autoDraw = True
125.6112 	EXP 	fade_in_text: autoDraw = True
125.6279 	EXP 	fade_in_text: autoDraw = True
125.6447 	EXP 	fade_in_text: autoDraw = True
125.6612 	EXP 	fade_in_text: autoDraw = True
125.6779 	EXP 	fade_in_text: autoDraw = True
125.6946 	EXP 	fade_in_text: autoDraw = True
125.7112 	EXP 	fade_in_text: autoDraw = True
125.7279 	EXP 	fade_in_text: autoDraw = True
125.7446 	EXP 	fade_in_text: autoDraw = True
125.7612 	EXP 	fade_in_text: autoDraw = True
125.7779 	EXP 	fade_in_text: autoDraw = True
125.7946 	EXP 	fade_in_text: autoDraw = True
125.8113 	EXP 	fade_in_text: autoDraw = True
125.8279 	EXP 	fade_in_text: autoDraw = True
125.8446 	EXP 	fade_in_text: autoDraw = True
125.8612 	EXP 	fade_in_text: autoDraw = True
125.8779 	EXP 	fade_in_text: autoDraw = True
125.8946 	EXP 	fade_in_text: autoDraw = True
125.9112 	EXP 	fade_in_text: autoDraw = True
125.9280 	EXP 	fade_in_text: autoDraw = True
125.9446 	EXP 	fade_in_text: autoDraw = True
125.9613 	EXP 	fade_in_text: autoDraw = True
125.9779 	EXP 	fade_in_text: autoDraw = True
125.9946 	EXP 	fade_in_text: autoDraw = True
126.0113 	EXP 	fade_in_text: autoDraw = True
126.0281 	EXP 	fade_in_text: autoDraw = True
126.0446 	EXP 	fade_in_text: autoDraw = True
126.0613 	EXP 	fade_in_text: autoDraw = True
126.0779 	EXP 	fade_in_text: autoDraw = True
126.0946 	EXP 	fade_in_text: autoDraw = True
126.1113 	EXP 	fade_in_text: autoDraw = True
126.1281 	EXP 	fade_in_text: autoDraw = True
126.1446 	EXP 	fade_in_text: autoDraw = True
126.1613 	EXP 	fade_in_text: autoDraw = True
126.1779 	EXP 	fade_in_text: autoDraw = True
126.1946 	EXP 	fade_in_text: autoDraw = True
126.2113 	EXP 	fade_in_text: autoDraw = True
126.2281 	EXP 	fade_in_text: autoDraw = True
126.2446 	EXP 	fade_in_text: autoDraw = True
126.2613 	EXP 	fade_in_text: autoDraw = True
126.2780 	EXP 	fade_in_text: autoDraw = True
126.2946 	EXP 	fade_in_text: autoDraw = True
126.3113 	EXP 	fade_in_text: autoDraw = True
126.3280 	EXP 	fade_in_text: autoDraw = True
126.3446 	EXP 	fade_in_text: autoDraw = True
126.3613 	EXP 	fade_in_text: autoDraw = True
126.3779 	EXP 	fade_in_text: autoDraw = True
126.3946 	EXP 	fade_in_text: autoDraw = True
126.4113 	EXP 	fade_in_text: autoDraw = True
126.4279 	EXP 	fade_in_text: autoDraw = True
126.4446 	EXP 	fade_in_text: autoDraw = True
126.4613 	EXP 	fade_in_text: autoDraw = True
126.4780 	EXP 	fade_in_text: autoDraw = True
126.4946 	EXP 	fade_in_text: autoDraw = True
126.5113 	EXP 	fade_in_text: autoDraw = True
126.5279 	EXP 	fade_in_text: autoDraw = True
126.5446 	EXP 	fade_in_text: autoDraw = True
126.5613 	EXP 	fade_in_text: autoDraw = True
126.5780 	EXP 	fade_in_text: autoDraw = True
126.5946 	EXP 	fade_in_text: autoDraw = True
126.6113 	EXP 	fade_in_text: autoDraw = True
126.6280 	EXP 	fade_in_text: autoDraw = True
126.6446 	EXP 	fade_in_text: autoDraw = True
127.6477 	EXP 	Created sequence: random, trialTypes=1, nReps=15, seed=None
127.6485 	EXP 	New trial (rep=0, index=0): None
128.6781 	EXP 	fade_in_text: autoDraw = False
128.6781 	EXP 	Artifact_rec_text: autoDraw = True
128.6781 	EXP 	Artifact_rec_text: text = ''
146.6457 	EXP 	Artifact_rec_break: autoDraw = True
147.6458 	EXP 	Artifact_rec_break: autoDraw = False
149.6651 	EXP 	New trial (rep=1, index=0): None
150.6797 	EXP 	Artifact_rec_text: autoDraw = False
150.6797 	EXP 	Artifact_rec_recording: autoDraw = False
150.6797 	EXP 	Artifact_rec_break: autoDraw = False
150.6797 	EXP 	Artifact_rec_text: autoDraw = True
168.6633 	EXP 	Artifact_rec_break: autoDraw = True
169.6633 	EXP 	Artifact_rec_break: autoDraw = False
171.6718 	EXP 	New trial (rep=2, index=0): None
172.6969 	EXP 	Artifact_rec_text: autoDraw = False
172.6969 	EXP 	Artifact_rec_text: autoDraw = False
172.6969 	EXP 	Artifact_rec_recording: autoDraw = False
172.6969 	EXP 	Artifact_rec_break: autoDraw = False
172.6969 	EXP 	Artifact_rec_text: autoDraw = True
190.6811 	EXP 	Artifact_rec_break: autoDraw = True
191.6812 	EXP 	Artifact_rec_break: autoDraw = False
193.6844 	EXP 	New trial (rep=3, index=0): None
194.6986 	EXP 	Artifact_rec_text: autoDraw = False
194.6986 	EXP 	Artifact_rec_recording: autoDraw = False
194.6986 	EXP 	Artifact_rec_break: autoDraw = False
194.6986 	EXP 	Artifact_rec_text: autoDraw = True
212.6822 	EXP 	Artifact_rec_break: autoDraw = True
213.6823 	EXP 	Artifact_rec_break: autoDraw = False
215.6909 	EXP 	New trial (rep=4, index=0): None
216.7158 	EXP 	Artifact_rec_text: autoDraw = False
216.7158 	EXP 	Artifact_rec_text: autoDraw = False
216.7158 	EXP 	Artifact_rec_recording: autoDraw = False
216.7158 	EXP 	Artifact_rec_break: autoDraw = False
216.7158 	EXP 	Artifact_rec_text: autoDraw = True
234.7001 	EXP 	Artifact_rec_break: autoDraw = True
235.7001 	EXP 	Artifact_rec_break: autoDraw = False
237.7031 	EXP 	New trial (rep=5, index=0): None
238.7176 	EXP 	Artifact_rec_text: autoDraw = False
238.7176 	EXP 	Artifact_rec_recording: autoDraw = False
238.7176 	EXP 	Artifact_rec_break: autoDraw = False
238.7176 	EXP 	Artifact_rec_text: autoDraw = True
256.7013 	EXP 	Artifact_rec_break: autoDraw = True
257.7015 	EXP 	Artifact_rec_break: autoDraw = False
259.7106 	EXP 	New trial (rep=6, index=0): None
260.7350 	EXP 	Artifact_rec_text: autoDraw = False
260.7350 	EXP 	Artifact_rec_text: autoDraw = False
260.7350 	EXP 	Artifact_rec_recording: autoDraw = False
260.7350 	EXP 	Artifact_rec_break: autoDraw = False
260.7350 	EXP 	Artifact_rec_text: autoDraw = True
278.7193 	EXP 	Artifact_rec_break: autoDraw = True
279.7193 	EXP 	Artifact_rec_break: autoDraw = False
281.7227 	EXP 	New trial (rep=7, index=0): None
282.7363 	EXP 	Artifact_rec_text: autoDraw = False
282.7363 	EXP 	Artifact_rec_recording: autoDraw = False
282.7363 	EXP 	Artifact_rec_break: autoDraw = False
282.7363 	EXP 	Artifact_rec_text: autoDraw = True
300.7204 	EXP 	Artifact_rec_break: autoDraw = True
301.7207 	EXP 	Artifact_rec_break: autoDraw = False
303.7288 	EXP 	New trial (rep=8, index=0): None
304.7540 	EXP 	Artifact_rec_text: autoDraw = False
304.7540 	EXP 	Artifact_rec_text: autoDraw = False
304.7540 	EXP 	Artifact_rec_recording: autoDraw = False
304.7540 	EXP 	Artifact_rec_break: autoDraw = False
304.7540 	EXP 	Artifact_rec_text: autoDraw = True
322.7384 	EXP 	Artifact_rec_break: autoDraw = True
323.7383 	EXP 	Artifact_rec_break: autoDraw = False
325.7410 	EXP 	New trial (rep=9, index=0): None
326.7555 	EXP 	Artifact_rec_text: autoDraw = False
326.7555 	EXP 	Artifact_rec_recording: autoDraw = False
326.7555 	EXP 	Artifact_rec_break: autoDraw = False
326.7555 	EXP 	Artifact_rec_text: autoDraw = True
344.7393 	EXP 	Artifact_rec_break: autoDraw = True
345.7395 	EXP 	Artifact_rec_break: autoDraw = False
347.7479 	EXP 	New trial (rep=10, index=0): None
348.7729 	EXP 	Artifact_rec_text: autoDraw = False
348.7729 	EXP 	Artifact_rec_text: autoDraw = False
348.7729 	EXP 	Artifact_rec_recording: autoDraw = False
348.7729 	EXP 	Artifact_rec_break: autoDraw = False
348.7729 	EXP 	Artifact_rec_text: autoDraw = True
366.7572 	EXP 	Artifact_rec_break: autoDraw = True
367.7573 	EXP 	Artifact_rec_break: autoDraw = False
369.7600 	EXP 	New trial (rep=11, index=0): None
370.7744 	EXP 	Artifact_rec_text: autoDraw = False
370.7744 	EXP 	Artifact_rec_recording: autoDraw = False
370.7744 	EXP 	Artifact_rec_break: autoDraw = False
370.7744 	EXP 	Artifact_rec_text: autoDraw = True
388.7584 	EXP 	Artifact_rec_break: autoDraw = True
389.7584 	EXP 	Artifact_rec_break: autoDraw = False
391.7677 	EXP 	New trial (rep=12, index=0): None
392.7918 	EXP 	Artifact_rec_text: autoDraw = False
392.7918 	EXP 	Artifact_rec_text: autoDraw = False
392.7918 	EXP 	Artifact_rec_recording: autoDraw = False
392.7918 	EXP 	Artifact_rec_break: autoDraw = False
392.7918 	EXP 	Artifact_rec_text: autoDraw = True
410.7759 	EXP 	Artifact_rec_break: autoDraw = True
411.7761 	EXP 	Artifact_rec_break: autoDraw = False
413.7790 	EXP 	New trial (rep=13, index=0): None
414.7934 	EXP 	Artifact_rec_text: autoDraw = False
414.7934 	EXP 	Artifact_rec_recording: autoDraw = False
414.7934 	EXP 	Artifact_rec_break: autoDraw = False
414.7934 	EXP 	Artifact_rec_text: autoDraw = True
432.7773 	EXP 	Artifact_rec_break: autoDraw = True
433.7774 	EXP 	Artifact_rec_break: autoDraw = False
435.7862 	EXP 	New trial (rep=14, index=0): None
436.8107 	EXP 	Artifact_rec_text: autoDraw = False
436.8107 	EXP 	Artifact_rec_text: autoDraw = False
436.8107 	EXP 	Artifact_rec_recording: autoDraw = False
436.8107 	EXP 	Artifact_rec_break: autoDraw = False
436.8107 	EXP 	Artifact_rec_text: autoDraw = True
454.7950 	EXP 	Artifact_rec_break: autoDraw = True
455.7949 	EXP 	Artifact_rec_break: autoDraw = False
459.8125 	EXP 	Artifact_rec_text: autoDraw = False
459.8125 	EXP 	Artifact_rec_recording: autoDraw = False
459.8125 	EXP 	Artifact_rec_break: autoDraw = False
459.8125 	EXP 	RS_rec_text: text = 'Please keep relaxed and open your eyes.\nNote: Blinking is allowed.'
459.8125 	EXP 	RS_rec_text: autoDraw = True
639.8214 	EXP 	RS_rec_text: autoDraw = False
643.1883 	EXP 	RS_rec_text: autoDraw = False
643.1883 	EXP 	RS_rec_text: text = 'Please keep relaxed and close your eyes.\n'
643.1883 	EXP 	RS_rec_text: autoDraw = True
823.1975 	EXP 	RS_rec_text: autoDraw = False
826.5476 	EXP 	RS_rec_text: autoDraw = False
826.5476 	EXP 	Pause_cont: text = 'Press [space] key to continue.'
826.5476 	EXP 	Pause_cont: autoDraw = True
849.6631 	DATA 	Keypress: space
851.6876 	EXP 	Created sequence: random, trialTypes=1, nReps=2, seed=None
851.6882 	EXP 	New trial (rep=0, index=0): None
852.6921 	EXP 	Created sequence: random, trialTypes=1, nReps=25, seed=None
852.6930 	EXP 	New trial (rep=0, index=0): None
853.7493 	EXP 	Pause_cont: autoDraw = False
853.7493 	EXP 	QA_rec_text: autoDraw = True
871.7335 	EXP 	QA_rec_break: autoDraw = True
872.7336 	EXP 	QA_rec_break: autoDraw = False
873.7381 	EXP 	New trial (rep=1, index=0): None
874.7836 	EXP 	QA_rec_text: autoDraw = False
874.7836 	EXP 	QA_rec_break: autoDraw = False
874.7836 	EXP 	QA_rec_text: autoDraw = True
892.7679 	EXP 	QA_rec_break: autoDraw = True
893.7680 	EXP 	QA_rec_break: autoDraw = False
894.7732 	EXP 	New trial (rep=2, index=0): None
895.8184 	EXP 	QA_rec_text: autoDraw = False
895.8184 	EXP 	QA_rec_break: autoDraw = False
895.8184 	EXP 	QA_rec_text: autoDraw = True
913.8024 	EXP 	QA_rec_break: autoDraw = True
914.8024 	EXP 	QA_rec_break: autoDraw = False
915.8239 	EXP 	New trial (rep=3, index=0): None
916.8697 	EXP 	QA_rec_text: autoDraw = False
916.8697 	EXP 	QA_rec_break: autoDraw = False
916.8697 	EXP 	QA_rec_text: autoDraw = True
934.8537 	EXP 	QA_rec_break: autoDraw = True
935.8535 	EXP 	QA_rec_break: autoDraw = False
936.8596 	EXP 	New trial (rep=4, index=0): None
937.9204 	EXP 	QA_rec_text: autoDraw = False
937.9204 	EXP 	QA_rec_break: autoDraw = False
937.9204 	EXP 	QA_rec_text: autoDraw = True
955.8878 	EXP 	QA_rec_break: autoDraw = True
956.8880 	EXP 	QA_rec_break: autoDraw = False
957.9090 	EXP 	New trial (rep=5, index=0): None
958.9551 	EXP 	QA_rec_text: autoDraw = False
958.9551 	EXP 	QA_rec_break: autoDraw = False
958.9551 	EXP 	QA_rec_text: autoDraw = True
976.9221 	EXP 	QA_rec_break: autoDraw = True
977.9221 	EXP 	QA_rec_break: autoDraw = False
978.9433 	EXP 	New trial (rep=6, index=0): None
979.9900 	EXP 	QA_rec_text: autoDraw = False
979.9900 	EXP 	QA_rec_break: autoDraw = False
979.9900 	EXP 	QA_rec_text: autoDraw = True
997.9732 	EXP 	QA_rec_break: autoDraw = True
998.9733 	EXP 	QA_rec_break: autoDraw = False
999.9783 	EXP 	New trial (rep=7, index=0): None
1001.0234 	EXP 	QA_rec_text: autoDraw = False
1001.0234 	EXP 	QA_rec_break: autoDraw = False
1001.0234 	EXP 	QA_rec_text: autoDraw = True
1019.0077 	EXP 	QA_rec_break: autoDraw = True
1020.0077 	EXP 	QA_rec_break: autoDraw = False
1021.0135 	EXP 	New trial (rep=8, index=0): None
1022.0747 	EXP 	QA_rec_text: autoDraw = False
1022.0747 	EXP 	QA_rec_break: autoDraw = False
1022.0747 	EXP 	QA_rec_text: autoDraw = True
1040.0423 	EXP 	QA_rec_break: autoDraw = True
1041.0424 	EXP 	QA_rec_break: autoDraw = False
1042.0635 	EXP 	New trial (rep=9, index=0): None
1043.1089 	EXP 	QA_rec_text: autoDraw = False
1043.1089 	EXP 	QA_rec_break: autoDraw = False
1043.1089 	EXP 	QA_rec_text: autoDraw = True
1061.0932 	EXP 	QA_rec_break: autoDraw = True
1062.0932 	EXP 	QA_rec_break: autoDraw = False
1063.0986 	EXP 	New trial (rep=10, index=0): None
1064.1439 	EXP 	QA_rec_text: autoDraw = False
1064.1439 	EXP 	QA_rec_break: autoDraw = False
1064.1439 	EXP 	QA_rec_text: autoDraw = True
1082.1276 	EXP 	QA_rec_break: autoDraw = True
1083.1277 	EXP 	QA_rec_break: autoDraw = False
1084.1340 	EXP 	New trial (rep=11, index=0): None
1085.1946 	EXP 	QA_rec_text: autoDraw = False
1085.1946 	EXP 	QA_rec_break: autoDraw = False
1085.1946 	EXP 	QA_rec_text: autoDraw = True
1103.1787 	EXP 	QA_rec_break: autoDraw = True
1104.1788 	EXP 	QA_rec_break: autoDraw = False
1105.1849 	EXP 	New trial (rep=12, index=0): None
1106.2456 	EXP 	QA_rec_text: autoDraw = False
1106.2456 	EXP 	QA_rec_break: autoDraw = False
1106.2456 	EXP 	QA_rec_text: autoDraw = True
1124.2131 	EXP 	QA_rec_break: autoDraw = True
1125.2132 	EXP 	QA_rec_break: autoDraw = False
1126.2344 	EXP 	New trial (rep=13, index=0): None
1127.2812 	EXP 	QA_rec_text: autoDraw = False
1127.2812 	EXP 	QA_rec_break: autoDraw = False
1127.2812 	EXP 	QA_rec_text: autoDraw = True
1145.2478 	EXP 	QA_rec_break: autoDraw = True
1146.2478 	EXP 	QA_rec_break: autoDraw = False
1147.2698 	EXP 	New trial (rep=14, index=0): None
1148.2980 	EXP 	QA_rec_text: autoDraw = False
1148.2980 	EXP 	QA_rec_break: autoDraw = False
1148.2980 	EXP 	QA_rec_text: autoDraw = True
1166.2656 	EXP 	QA_rec_break: autoDraw = True
1167.2657 	EXP 	QA_rec_break: autoDraw = False
1168.2867 	EXP 	New trial (rep=15, index=0): None
1169.3497 	EXP 	QA_rec_text: autoDraw = False
1169.3497 	EXP 	QA_rec_break: autoDraw = False
1169.3497 	EXP 	QA_rec_text: autoDraw = True
1187.3000 	EXP 	QA_rec_break: autoDraw = True
1188.3000 	EXP 	QA_rec_break: autoDraw = False
1189.3214 	EXP 	New trial (rep=16, index=0): None
1190.3838 	EXP 	QA_rec_text: autoDraw = False
1190.3838 	EXP 	QA_rec_break: autoDraw = False
1190.3838 	EXP 	QA_rec_text: autoDraw = True
1208.3511 	EXP 	QA_rec_break: autoDraw = True
1209.3511 	EXP 	QA_rec_break: autoDraw = False
1210.3735 	EXP 	New trial (rep=17, index=0): None
1211.4359 	EXP 	QA_rec_text: autoDraw = False
1211.4359 	EXP 	QA_rec_break: autoDraw = False
1211.4359 	EXP 	QA_rec_text: autoDraw = True
1229.4022 	EXP 	QA_rec_break: autoDraw = True
1230.4024 	EXP 	QA_rec_break: autoDraw = False
1231.4071 	EXP 	New trial (rep=18, index=0): None
1232.4690 	EXP 	QA_rec_text: autoDraw = False
1232.4690 	EXP 	QA_rec_break: autoDraw = False
1232.4690 	EXP 	QA_rec_text: autoDraw = True
1250.4698 	EXP 	QA_rec_break: autoDraw = True
1252.4744 	EXP 	New trial (rep=19, index=0): None
1253.6040 	EXP 	QA_rec_text: autoDraw = False
1253.6040 	EXP 	QA_rec_break: autoDraw = False
1253.6040 	EXP 	QA_rec_text: autoDraw = True
1271.6041 	EXP 	QA_rec_break: autoDraw = True
1273.6095 	EXP 	New trial (rep=20, index=0): None
1274.6710 	EXP 	QA_rec_text: autoDraw = False
1274.6710 	EXP 	QA_rec_break: autoDraw = False
1274.6710 	EXP 	QA_rec_text: autoDraw = True
1292.6720 	EXP 	QA_rec_break: autoDraw = True
1294.6430 	EXP 	New trial (rep=21, index=0): None
1295.7060 	EXP 	QA_rec_text: autoDraw = False
1295.7060 	EXP 	QA_rec_break: autoDraw = False
1295.7060 	EXP 	QA_rec_text: autoDraw = True
1313.6730 	EXP 	QA_rec_break: autoDraw = True
1315.6779 	EXP 	New trial (rep=22, index=0): None
1316.7570 	EXP 	QA_rec_text: autoDraw = False
1316.7570 	EXP 	QA_rec_break: autoDraw = False
1316.7570 	EXP 	QA_rec_text: autoDraw = True
1334.7241 	EXP 	QA_rec_break: autoDraw = True
1336.7286 	EXP 	New trial (rep=23, index=0): None
1337.7912 	EXP 	QA_rec_text: autoDraw = False
1337.7912 	EXP 	QA_rec_break: autoDraw = False
1337.7912 	EXP 	QA_rec_text: autoDraw = True
1355.7919 	EXP 	QA_rec_break: autoDraw = True
1357.7965 	EXP 	New trial (rep=24, index=0): None
1358.8593 	EXP 	QA_rec_text: autoDraw = False
1358.8593 	EXP 	QA_rec_break: autoDraw = False
1358.8593 	EXP 	QA_rec_text: autoDraw = True
1376.8596 	EXP 	QA_rec_break: autoDraw = True
1380.8770 	EXP 	QA_rec_text: autoDraw = False
1380.8770 	EXP 	QA_rec_break: autoDraw = False
1380.8770 	EXP 	Pause_cont: text = 'Press [space] key to continue.'
1380.8770 	EXP 	Pause_cont: autoDraw = True
1399.6417 	DATA 	Keypress: space
1400.6469 	EXP 	New trial (rep=1, index=0): None
1401.6502 	EXP 	Created sequence: random, trialTypes=1, nReps=25, seed=None
1401.6511 	EXP 	New trial (rep=0, index=0): None
1402.7111 	EXP 	Pause_cont: autoDraw = False
1402.7111 	EXP 	QA_rec_text: autoDraw = True
1420.7119 	EXP 	QA_rec_break: autoDraw = True
1422.6839 	EXP 	New trial (rep=1, index=0): None
1423.7621 	EXP 	QA_rec_text: autoDraw = False
1423.7621 	EXP 	QA_rec_break: autoDraw = False
1423.7621 	EXP 	QA_rec_text: autoDraw = True
1441.7297 	EXP 	QA_rec_break: autoDraw = True
1443.7342 	EXP 	New trial (rep=2, index=0): None
1444.7966 	EXP 	QA_rec_text: autoDraw = False
1444.7966 	EXP 	QA_rec_break: autoDraw = False
1444.7966 	EXP 	QA_rec_text: autoDraw = True
1462.7641 	EXP 	QA_rec_break: autoDraw = True
1464.7688 	EXP 	New trial (rep=3, index=0): None
1465.8316 	EXP 	QA_rec_text: autoDraw = False
1465.8316 	EXP 	QA_rec_break: autoDraw = False
1465.8316 	EXP 	QA_rec_text: autoDraw = True
1483.8320 	EXP 	QA_rec_break: autoDraw = True
1485.8031 	EXP 	New trial (rep=4, index=0): None
1486.8662 	EXP 	QA_rec_text: autoDraw = False
1486.8662 	EXP 	QA_rec_break: autoDraw = False
1486.8662 	EXP 	QA_rec_text: autoDraw = True
1504.8497 	EXP 	QA_rec_break: autoDraw = True
1506.8555 	EXP 	New trial (rep=5, index=0): None
1507.9339 	EXP 	QA_rec_text: autoDraw = False
1507.9339 	EXP 	QA_rec_break: autoDraw = False
1507.9339 	EXP 	QA_rec_text: autoDraw = True
1525.9008 	EXP 	QA_rec_break: autoDraw = True
1527.9054 	EXP 	New trial (rep=6, index=0): None
1528.9697 	EXP 	QA_rec_text: autoDraw = False
1528.9697 	EXP 	QA_rec_break: autoDraw = False
1528.9697 	EXP 	QA_rec_text: autoDraw = True
1546.9686 	EXP 	QA_rec_break: autoDraw = True
1548.9731 	EXP 	New trial (rep=7, index=0): None
1550.0370 	EXP 	QA_rec_text: autoDraw = False
1550.0370 	EXP 	QA_rec_break: autoDraw = False
1550.0370 	EXP 	QA_rec_text: autoDraw = True
1568.0031 	EXP 	QA_rec_break: autoDraw = True
1570.0083 	EXP 	New trial (rep=8, index=0): None
1571.0700 	EXP 	QA_rec_text: autoDraw = False
1571.0700 	EXP 	QA_rec_break: autoDraw = False
1571.0700 	EXP 	QA_rec_text: autoDraw = True
1589.0709 	EXP 	QA_rec_break: autoDraw = True
1591.0421 	EXP 	New trial (rep=9, index=0): None
1592.1047 	EXP 	QA_rec_text: autoDraw = False
1592.1047 	EXP 	QA_rec_break: autoDraw = False
1592.1047 	EXP 	QA_rec_text: autoDraw = True
1610.0720 	EXP 	QA_rec_break: autoDraw = True
1612.0766 	EXP 	New trial (rep=10, index=0): None
1613.1391 	EXP 	QA_rec_text: autoDraw = False
1613.1391 	EXP 	QA_rec_break: autoDraw = False
1613.1391 	EXP 	QA_rec_text: autoDraw = True
1631.1399 	EXP 	QA_rec_break: autoDraw = True
1633.1114 	EXP 	New trial (rep=11, index=0): None
1634.1747 	EXP 	QA_rec_text: autoDraw = False
1634.1747 	EXP 	QA_rec_break: autoDraw = False
1634.1747 	EXP 	QA_rec_text: autoDraw = True
1652.1744 	EXP 	QA_rec_break: autoDraw = True
1654.1795 	EXP 	New trial (rep=12, index=0): None
1655.2420 	EXP 	QA_rec_text: autoDraw = False
1655.2420 	EXP 	QA_rec_break: autoDraw = False
1655.2420 	EXP 	QA_rec_text: autoDraw = True
1673.2087 	EXP 	QA_rec_break: autoDraw = True
1675.2134 	EXP 	New trial (rep=13, index=0): None
1676.2768 	EXP 	QA_rec_text: autoDraw = False
1676.2768 	EXP 	QA_rec_break: autoDraw = False
1676.2768 	EXP 	QA_rec_text: autoDraw = True
1694.2765 	EXP 	QA_rec_break: autoDraw = True
1696.2811 	EXP 	New trial (rep=14, index=0): None
1697.3435 	EXP 	QA_rec_text: autoDraw = False
1697.3435 	EXP 	QA_rec_break: autoDraw = False
1697.3435 	EXP 	QA_rec_text: autoDraw = True
1715.3276 	EXP 	QA_rec_break: autoDraw = True
1717.3321 	EXP 	New trial (rep=15, index=0): None
1718.3948 	EXP 	QA_rec_text: autoDraw = False
1718.3948 	EXP 	QA_rec_break: autoDraw = False
1718.3948 	EXP 	QA_rec_text: autoDraw = True
1736.3954 	EXP 	QA_rec_break: autoDraw = True
1738.3675 	EXP 	New trial (rep=16, index=0): None
1739.4296 	EXP 	QA_rec_text: autoDraw = False
1739.4296 	EXP 	QA_rec_break: autoDraw = False
1739.4296 	EXP 	QA_rec_text: autoDraw = True
1757.4300 	EXP 	QA_rec_break: autoDraw = True
1759.4013 	EXP 	New trial (rep=17, index=0): None
1760.4635 	EXP 	QA_rec_text: autoDraw = False
1760.4635 	EXP 	QA_rec_break: autoDraw = False
1760.4635 	EXP 	QA_rec_text: autoDraw = True
1778.4310 	EXP 	QA_rec_break: autoDraw = True
1780.4357 	EXP 	New trial (rep=18, index=0): None
1781.4818 	EXP 	QA_rec_text: autoDraw = False
1781.4818 	EXP 	QA_rec_break: autoDraw = False
1781.4818 	EXP 	QA_rec_text: autoDraw = True
1799.4488 	EXP 	QA_rec_break: autoDraw = True
1801.4531 	EXP 	New trial (rep=19, index=0): None
1802.5166 	EXP 	QA_rec_text: autoDraw = False
1802.5166 	EXP 	QA_rec_break: autoDraw = False
1802.5166 	EXP 	QA_rec_text: autoDraw = True
1820.5165 	EXP 	QA_rec_break: autoDraw = True
1822.5211 	EXP 	New trial (rep=20, index=0): None
1823.5834 	EXP 	QA_rec_text: autoDraw = False
1823.5834 	EXP 	QA_rec_break: autoDraw = False
1823.5834 	EXP 	QA_rec_text: autoDraw = True
1841.5843 	EXP 	QA_rec_break: autoDraw = True
1843.5555 	EXP 	New trial (rep=21, index=0): None
1844.6181 	EXP 	QA_rec_text: autoDraw = False
1844.6181 	EXP 	QA_rec_break: autoDraw = False
1844.6181 	EXP 	QA_rec_text: autoDraw = True
1862.6188 	EXP 	QA_rec_break: autoDraw = True
1864.6233 	EXP 	New trial (rep=22, index=0): None
1865.6863 	EXP 	QA_rec_text: autoDraw = False
1865.6863 	EXP 	QA_rec_break: autoDraw = False
1865.6863 	EXP 	QA_rec_text: autoDraw = True
1883.6700 	EXP 	QA_rec_break: autoDraw = True
1885.6746 	EXP 	New trial (rep=23, index=0): None
1886.7375 	EXP 	QA_rec_text: autoDraw = False
1886.7375 	EXP 	QA_rec_break: autoDraw = False
1886.7375 	EXP 	QA_rec_text: autoDraw = True
1904.7376 	EXP 	QA_rec_break: autoDraw = True
1906.7092 	EXP 	New trial (rep=24, index=0): None
1907.7714 	EXP 	QA_rec_text: autoDraw = False
1907.7714 	EXP 	QA_rec_break: autoDraw = False
1907.7714 	EXP 	QA_rec_text: autoDraw = True
1925.7721 	EXP 	QA_rec_break: autoDraw = True
1929.7890 	EXP 	QA_rec_text: autoDraw = False
1929.7890 	EXP 	QA_rec_break: autoDraw = False
1929.7890 	EXP 	Pause_cont: text = 'Press [space] key to continue.'
1929.7890 	EXP 	Pause_cont: autoDraw = True
1958.3213 	DATA 	Keypress: space
1963.3845 	DATA 	Keypress: escape
1963.3908 	EXP 	Pause_cont: autoDraw = False
1963.3908 	EXP 	fade_in_text: text = 'Please remain seated until further instruction via the earphone.'
1963.3908 	EXP 	fade_in_text: autoDraw = False
1964.3930 	EXP 	New trial (rep=3, index=0): None
1965.5541 	EXP 	window1: mouseVisible = True
