25.7508 	EXP 	Created instruction_text = TextStim(__class__=<class 'psychopy.visual.text.TextStim'>, alignHoriz='center', alignVert='center', antialias=True, autoLog=True, bold=False, color=array([1., 1., 1.]), colorSpace='rgb', contrast=1.0, depth=-0.0, flipHoriz=False, flipVert=False, font='Arial', fontFiles=[], height=0.06, italic=False, languageStyle='LTR', name='instruction_text', opacity=1.0, ori=0.0, pos=array([0.5, 0.1]), rgb=array([1., 1., 1.]), text=str(...), units='norm', win=Window(...), wrapWidth=1)
26.0267 	EXP 	Created instruction_cont = TextStim(__class__=<class 'psychopy.visual.text.TextStim'>, alignHoriz='center', alignVert='center', antialias=True, autoLog=True, bold=False, color=array([1., 1., 1.]), colorSpace='rgb', contrast=1.0, depth=-3.0, flipHoriz=False, flipVert=False, font='Arial', fontFiles=[], height=0.06, italic=False, languageStyle='LTR', name='instruction_cont', opacity=1.0, ori=0.0, pos=array([ 0.5, -0.4]), rgb=array([1., 1., 1.]), text='          Press [space] key to continue.', units='norm', win=Window(...), wrapWidth=1)
26.0390 	EXP 	Created Artifact_intro_title = TextStim(__class__=<class 'psychopy.visual.text.TextStim'>, alignHoriz='center', alignVert='center', antialias=True, autoLog=True, bold=False, color=array([1., 1., 1.]), colorSpace='rgb', contrast=1.0, depth=-0.0, flipHoriz=False, flipVert=False, font='Arial', fontFiles=[], height=0.06, italic=False, languageStyle='LTR', name='Artifact_intro_title', opacity=1.0, ori=0.0, pos=array([0.5, 0.4]), rgb=array([1., 1., 1.]), text='Muscular signal recording', units='norm', win=Window(...), wrapWidth=1)
26.0531 	EXP 	Created Artifact_intro_text = TextStim(__class__=<class 'psychopy.visual.text.TextStim'>, alignHoriz='center', alignVert='center', antialias=True, autoLog=True, bold=False, color=array([1., 1., 1.]), colorSpace='rgb', contrast=1.0, depth=-1.0, flipHoriz=False, flipVert=False, font='Arial', fontFiles=[], height=0.06, italic=False, languageStyle='LTR', name='Artifact_intro_text', opacity=1.0, ori=0.0, pos=array([0.5, 0. ]), rgb=array([1., 1., 1.]), text=str(...), units='norm', win=Window(...), wrapWidth=1)
26.0656 	EXP 	Created Artifact_intro_cont = TextStim(__class__=<class 'psychopy.visual.text.TextStim'>, alignHoriz='center', alignVert='center', antialias=True, autoLog=True, bold=False, color=array([1., 1., 1.]), colorSpace='rgb', contrast=1.0, depth=-4.0, flipHoriz=False, flipVert=False, font='Arial', fontFiles=[], height=0.06, italic=False, languageStyle='LTR', name='Artifact_intro_cont', opacity=1.0, ori=0.0, pos=array([0.5, 0. ]), rgb=array([1., 1., 1.]), text='          Press [space] key to continue.', units='norm', win=Window(...), wrapWidth=1)
26.0662 	EXP 	Created Artifact_rec_text = TextStim(__class__=<class 'psychopy.visual.text.TextStim'>, alignHoriz='center', alignVert='center', antialias=True, autoLog=True, bold=False, color=array([1., 1., 1.]), colorSpace='rgb', contrast=1.0, depth=-0.0, flipHoriz=False, flipVert=False, font='Arial', fontFiles=[], height=0.06, italic=False, languageStyle='LTR', name='Artifact_rec_text', opacity=1.0, ori=0.0, pos=array([0.5, 0.4]), rgb=array([1., 1., 1.]), text='', units='norm', win=Window(...), wrapWidth=1)
26.0684 	EXP 	Created Artifact_rec_recording = TextStim(__class__=<class 'psychopy.visual.text.TextStim'>, alignHoriz='center', alignVert='center', antialias=True, autoLog=True, bold=False, color=array([1., 1., 1.]), colorSpace='rgb', contrast=1.0, depth=-4.0, flipHoriz=False, flipVert=False, font='Arial', fontFiles=[], height=0.06, italic=False, languageStyle='LTR', name='Artifact_rec_recording', opacity=1.0, ori=0.0, pos=array([ 0.5, -0.4]), rgb=array([1., 1., 1.]), text='', units='norm', win=Window(...), wrapWidth=1)
26.0713 	EXP 	Created Artifact_rec_break = TextStim(__class__=<class 'psychopy.visual.text.TextStim'>, alignHoriz='center', alignVert='center', antialias=True, autoLog=True, bold=False, color=array([1., 1., 1.]), colorSpace='rgb', contrast=1.0, depth=-6.0, flipHoriz=False, flipVert=False, font='Arial', fontFiles=[], height=0.06, italic=False, languageStyle='LTR', name='Artifact_rec_break', opacity=1.0, ori=0.0, pos=array([ 0.5, -0.4]), rgb=array([1., 1., 1.]), text='Short break', units='norm', win=Window(...), wrapWidth=1)
26.0765 	EXP 	Created Cali_de_pre_intro_title = TextStim(__class__=<class 'psychopy.visual.text.TextStim'>, alignHoriz='center', alignVert='center', antialias=True, autoLog=True, bold=False, color=array([1., 1., 1.]), colorSpace='rgb', contrast=1.0, depth=-0.0, flipHoriz=False, flipVert=False, font='Arial', fontFiles=[], height=0.06, italic=False, languageStyle='LTR', name='Cali_de_pre_intro_title', opacity=1.0, ori=0.0, pos=array([0.5, 0.4]), rgb=array([1., 1., 1.]), text='READ OUT BLOCK (GERMAN)', units='norm', win=Window(...), wrapWidth=1)
26.0845 	EXP 	Created Cali_de_pre_intro_text = TextStim(__class__=<class 'psychopy.visual.text.TextStim'>, alignHoriz='center', alignVert='center', antialias=True, autoLog=True, bold=False, color=array([1., 1., 1.]), colorSpace='rgb', contrast=1.0, depth=-1.0, flipHoriz=False, flipVert=False, font='Arial', fontFiles=[], height=0.06, italic=False, languageStyle='LTR', name='Cali_de_pre_intro_text', opacity=1.0, ori=0.0, pos=array([0.5, 0. ]), rgb=array([1., 1., 1.]), text=str(...), units='norm', win=Window(...), wrapWidth=1)
26.0894 	EXP 	Created Cali_de_pre_intro_cont = TextStim(__class__=<class 'psychopy.visual.text.TextStim'>, alignHoriz='center', alignVert='center', antialias=True, autoLog=True, bold=False, color=array([1., 1., 1.]), colorSpace='rgb', contrast=1.0, depth=-4.0, flipHoriz=False, flipVert=False, font='Arial', fontFiles=[], height=0.06, italic=False, languageStyle='LTR', name='Cali_de_pre_intro_cont', opacity=1.0, ori=0.0, pos=array([0.5, 0. ]), rgb=array([1., 1., 1.]), text='          Press [space] key to continue.', units='norm', win=Window(...), wrapWidth=1)
26.0898 	EXP 	Created Cali_de_pre_rec_text = TextStim(__class__=<class 'psychopy.visual.text.TextStim'>, alignHoriz='center', alignVert='center', antialias=True, autoLog=True, bold=False, color=array([1., 1., 1.]), colorSpace='rgb', contrast=1.0, depth=-0.0, flipHoriz=False, flipVert=False, font='Arial', fontFiles=[], height=0.06, italic=False, languageStyle='LTR', name='Cali_de_pre_rec_text', opacity=1.0, ori=0.0, pos=array([0.5, 0.4]), rgb=array([1., 1., 1.]), text='', units='norm', win=Window(...), wrapWidth=1)
26.0906 	EXP 	Created Cali_de_pre_rec_question_text = TextStim(__class__=<class 'psychopy.visual.text.TextStim'>, alignHoriz='center', alignVert='center', antialias=True, autoLog=True, bold=False, color=array([1., 1., 1.]), colorSpace='rgb', contrast=1.0, depth=-2.0, flipHoriz=False, flipVert=False, font='Arial', fontFiles=[], height=0.06, italic=False, languageStyle='LTR', name='Cali_de_pre_rec_question_text', opacity=1.0, ori=0.0, pos=array([0.5, 0. ]), rgb=array([1., 1., 1.]), text='', units='norm', win=Window(...), wrapWidth=1)
26.0927 	EXP 	Created Cali_de_pre_rec_break = TextStim(__class__=<class 'psychopy.visual.text.TextStim'>, alignHoriz='center', alignVert='center', antialias=True, autoLog=True, bold=False, color=array([1., 1., 1.]), colorSpace='rgb', contrast=1.0, depth=-6.0, flipHoriz=False, flipVert=False, font='Arial', fontFiles=[], height=0.06, italic=False, languageStyle='LTR', name='Cali_de_pre_rec_break', opacity=1.0, ori=0.0, pos=array([ 0.5, -0.4]), rgb=array([1., 1., 1.]), text='Short break', units='norm', win=Window(...), wrapWidth=1)
26.0931 	EXP 	Created fade_in_text = TextStim(__class__=<class 'psychopy.visual.text.TextStim'>, alignHoriz='center', alignVert='center', antialias=True, autoLog=True, bold=False, color=array([1., 1., 1.]), colorSpace='rgb', contrast=1.0, depth=-0.0, flipHoriz=False, flipVert=False, font='Arial', fontFiles=[], height=0.06, italic=False, languageStyle='LTR', name='fade_in_text', opacity=1.0, ori=0.0, pos=array([0.5, 0.4]), rgb=array([1., 1., 1.]), text='', units='norm', win=Window(...), wrapWidth=1)
26.0951 	EXP 	Created RS_intro_title = TextStim(__class__=<class 'psychopy.visual.text.TextStim'>, alignHoriz='center', alignVert='center', antialias=True, autoLog=True, bold=False, color=array([1., 1., 1.]), colorSpace='rgb', contrast=1.0, depth=-0.0, flipHoriz=False, flipVert=False, font='Arial', fontFiles=[], height=0.06, italic=False, languageStyle='LTR', name='RS_intro_title', opacity=1.0, ori=0.0, pos=array([0.5, 0.4]), rgb=array([1., 1., 1.]), text='REST STATE BLOCK', units='norm', win=Window(...), wrapWidth=1)
26.1008 	EXP 	Created RS_intro_text = TextStim(__class__=<class 'psychopy.visual.text.TextStim'>, alignHoriz='center', alignVert='center', antialias=True, autoLog=True, bold=False, color=array([1., 1., 1.]), colorSpace='rgb', contrast=1.0, depth=-1.0, flipHoriz=False, flipVert=False, font='Arial', fontFiles=[], height=0.06, italic=False, languageStyle='LTR', name='RS_intro_text', opacity=1.0, ori=0.0, pos=array([0.5, 0. ]), rgb=array([1., 1., 1.]), text=str(...), units='norm', win=Window(...), wrapWidth=1)
26.1060 	EXP 	Created RS_rec_text = TextStim(__class__=<class 'psychopy.visual.text.TextStim'>, alignHoriz='center', alignVert='center', antialias=True, autoLog=True, bold=False, color=array([1., 1., 1.]), colorSpace='rgb', contrast=1.0, depth=-0.0, flipHoriz=False, flipVert=False, font='Arial', fontFiles=[], height=0.06, italic=False, languageStyle='LTR', name='RS_rec_text', opacity=1.0, ori=0.0, pos=array([0.5, 0. ]), rgb=array([1., 1., 1.]), text=str(...), units='norm', win=Window(...), wrapWidth=1)
26.1081 	EXP 	Created QA_intro_title = TextStim(__class__=<class 'psychopy.visual.text.TextStim'>, alignHoriz='center', alignVert='center', antialias=True, autoLog=True, bold=False, color=array([1., 1., 1.]), colorSpace='rgb', contrast=1.0, depth=-0.0, flipHoriz=False, flipVert=False, font='Arial', fontFiles=[], height=0.06, italic=False, languageStyle='LTR', name='QA_intro_title', opacity=1.0, ori=0.0, pos=array([0.5, 0.5]), rgb=array([1., 1., 1.]), text='Q&A BLOCK', units='norm', win=Window(...), wrapWidth=1)
26.1170 	EXP 	Created QA_intro_text = TextStim(__class__=<class 'psychopy.visual.text.TextStim'>, alignHoriz='center', alignVert='center', antialias=True, autoLog=True, bold=False, color=array([1., 1., 1.]), colorSpace='rgb', contrast=1.0, depth=-1.0, flipHoriz=False, flipVert=False, font='Arial', fontFiles=[], height=0.06, italic=False, languageStyle='LTR', name='QA_intro_text', opacity=1.0, ori=0.0, pos=array([0.5, 0. ]), rgb=array([1., 1., 1.]), text=str(...), units='norm', win=Window(...), wrapWidth=1)
26.1216 	EXP 	Created QA_intro_cont = TextStim(__class__=<class 'psychopy.visual.text.TextStim'>, alignHoriz='center', alignVert='center', antialias=True, autoLog=True, bold=False, color=array([1., 1., 1.]), colorSpace='rgb', contrast=1.0, depth=-4.0, flipHoriz=False, flipVert=False, font='Arial', fontFiles=[], height=0.06, italic=False, languageStyle='LTR', name='QA_intro_cont', opacity=1.0, ori=0.0, pos=array([0.5, 0. ]), rgb=array([1., 1., 1.]), text='          Press [space] key to continue.', units='norm', win=Window(...), wrapWidth=1)
26.1244 	EXP 	Created QA_rec_text = TextStim(__class__=<class 'psychopy.visual.text.TextStim'>, alignHoriz='center', alignVert='center', antialias=True, autoLog=True, bold=False, color=array([1., 1., 1.]), colorSpace='rgb', contrast=1.0, depth=-0.0, flipHoriz=False, flipVert=False, font='Arial', fontFiles=[], height=0.06, italic=False, languageStyle='LTR', name='QA_rec_text', opacity=1.0, ori=0.0, pos=array([0.5, 0. ]), rgb=array([1., 1., 1.]), text=str(...), units='norm', win=Window(...), wrapWidth=1)
26.1280 	EXP 	Created QA_rec_break = TextStim(__class__=<class 'psychopy.visual.text.TextStim'>, alignHoriz='center', alignVert='center', antialias=True, autoLog=True, bold=False, color=array([1., 1., 1.]), colorSpace='rgb', contrast=1.0, depth=-6.0, flipHoriz=False, flipVert=False, font='Arial', fontFiles=[], height=0.06, italic=False, languageStyle='LTR', name='QA_rec_break', opacity=1.0, ori=0.0, pos=array([ 0.5, -0.4]), rgb=array([1., 1., 1.]), text='Short break', units='norm', win=Window(...), wrapWidth=1)
26.1321 	EXP 	Created Pause_cont = TextStim(__class__=<class 'psychopy.visual.text.TextStim'>, alignHoriz='center', alignVert='center', antialias=True, autoLog=True, bold=False, color=array([1., 1., 1.]), colorSpace='rgb', contrast=1.0, depth=-2.0, flipHoriz=False, flipVert=False, font='Arial', fontFiles=[], height=0.06, italic=False, languageStyle='LTR', name='Pause_cont', opacity=1.0, ori=0.0, pos=array([0.5, 0. ]), rgb=array([1., 1., 1.]), text=str(...), units='norm', win=Window(...), wrapWidth=1)
26.1343 	EXP 	Created Cali_de_post_intro_title = TextStim(__class__=<class 'psychopy.visual.text.TextStim'>, alignHoriz='center', alignVert='center', antialias=True, autoLog=True, bold=False, color=array([1., 1., 1.]), colorSpace='rgb', contrast=1.0, depth=-0.0, flipHoriz=False, flipVert=False, font='Arial', fontFiles=[], height=0.06, italic=False, languageStyle='LTR', name='Cali_de_post_intro_title', opacity=1.0, ori=0.0, pos=array([0.5, 0.4]), rgb=array([1., 1., 1.]), text='READ OUT BLOCK (GERMAN)', units='norm', win=Window(...), wrapWidth=1)
26.1760 	EXP 	Created Cali_de_post_intro_text = TextStim(__class__=<class 'psychopy.visual.text.TextStim'>, alignHoriz='center', alignVert='center', antialias=True, autoLog=True, bold=False, color=array([1., 1., 1.]), colorSpace='rgb', contrast=1.0, depth=-1.0, flipHoriz=False, flipVert=False, font='Arial', fontFiles=[], height=0.06, italic=False, languageStyle='LTR', name='Cali_de_post_intro_text', opacity=1.0, ori=0.0, pos=array([0.5, 0. ]), rgb=array([1., 1., 1.]), text=str(...), units='norm', win=Window(...), wrapWidth=1)
26.1810 	EXP 	Created Cali_de_post_intro_cont = TextStim(__class__=<class 'psychopy.visual.text.TextStim'>, alignHoriz='center', alignVert='center', antialias=True, autoLog=True, bold=False, color=array([1., 1., 1.]), colorSpace='rgb', contrast=1.0, depth=-4.0, flipHoriz=False, flipVert=False, font='Arial', fontFiles=[], height=0.06, italic=False, languageStyle='LTR', name='Cali_de_post_intro_cont', opacity=1.0, ori=0.0, pos=array([0.5, 0. ]), rgb=array([1., 1., 1.]), text='          Press [space] key to continue.', units='norm', win=Window(...), wrapWidth=1)
26.1814 	EXP 	Created Cali_de_post_rec_text = TextStim(__class__=<class 'psychopy.visual.text.TextStim'>, alignHoriz='center', alignVert='center', antialias=True, autoLog=True, bold=False, color=array([1., 1., 1.]), colorSpace='rgb', contrast=1.0, depth=-0.0, flipHoriz=False, flipVert=False, font='Arial', fontFiles=[], height=0.06, italic=False, languageStyle='LTR', name='Cali_de_post_rec_text', opacity=1.0, ori=0.0, pos=array([0.5, 0.4]), rgb=array([1., 1., 1.]), text='', units='norm', win=Window(...), wrapWidth=1)
26.1823 	EXP 	Created Cali_de_post_rec_question_text = TextStim(__class__=<class 'psychopy.visual.text.TextStim'>, alignHoriz='center', alignVert='center', antialias=True, autoLog=True, bold=False, color=array([1., 1., 1.]), colorSpace='rgb', contrast=1.0, depth=-2.0, flipHoriz=False, flipVert=False, font='Arial', fontFiles=[], height=0.06, italic=False, languageStyle='LTR', name='Cali_de_post_rec_question_text', opacity=1.0, ori=0.0, pos=array([0.5, 0. ]), rgb=array([1., 1., 1.]), text='', units='norm', win=Window(...), wrapWidth=1)
26.1843 	EXP 	Created Cali_de_post_rec_break = TextStim(__class__=<class 'psychopy.visual.text.TextStim'>, alignHoriz='center', alignVert='center', antialias=True, autoLog=True, bold=False, color=array([1., 1., 1.]), colorSpace='rgb', contrast=1.0, depth=-6.0, flipHoriz=False, flipVert=False, font='Arial', fontFiles=[], height=0.06, italic=False, languageStyle='LTR', name='Cali_de_post_rec_break', opacity=1.0, ori=0.0, pos=array([ 0.5, -0.4]), rgb=array([1., 1., 1.]), text='Short break', units='norm', win=Window(...), wrapWidth=1)
26.1877 	EXP 	Created the_end_text = TextStim(__class__=<class 'psychopy.visual.text.TextStim'>, alignHoriz='center', alignVert='center', antialias=True, autoLog=True, bold=False, color=array([1., 1., 1.]), colorSpace='rgb', contrast=1.0, depth=-1.0, flipHoriz=False, flipVert=False, font='Arial', fontFiles=[], height=0.06, italic=False, languageStyle='LTR', name='the_end_text', opacity=1.0, ori=0.0, pos=array([0.7, 0. ]), rgb=array([1., 1., 1.]), text=str(...), units='norm', win=Window(...), wrapWidth=1)
28.1912 	EXP 	Created sequence: random, trialTypes=1, nReps=4, seed=None
28.1915 	EXP 	New trial (rep=0, index=0): None
28.1916 	EXP 	New trial (rep=1, index=0): None
28.1918 	EXP 	New trial (rep=2, index=0): None
29.2118 	EXP 	fade_in_text: text = 'Please remain seated until further instruction via the earphone.'
29.2118 	EXP 	fade_in_text: autoDraw = True
35.2120 	EXP 	fade_in_text: autoDraw = False
35.2288 	EXP 	fade_in_text: autoDraw = True
41.2291 	EXP 	fade_in_text: autoDraw = True
41.2459 	EXP 	fade_in_text: autoDraw = True
41.2624 	EXP 	fade_in_text: autoDraw = True
41.2791 	EXP 	fade_in_text: autoDraw = True
41.2958 	EXP 	fade_in_text: autoDraw = True
41.3125 	EXP 	fade_in_text: autoDraw = True
41.3291 	EXP 	fade_in_text: autoDraw = True
41.3457 	EXP 	fade_in_text: autoDraw = True
41.3624 	EXP 	fade_in_text: autoDraw = True
41.3791 	EXP 	fade_in_text: autoDraw = True
41.3958 	EXP 	fade_in_text: autoDraw = True
41.4125 	EXP 	fade_in_text: autoDraw = True
41.4291 	EXP 	fade_in_text: autoDraw = True
41.4457 	EXP 	fade_in_text: autoDraw = True
41.4624 	EXP 	fade_in_text: autoDraw = True
41.4791 	EXP 	fade_in_text: autoDraw = True
41.4958 	EXP 	fade_in_text: autoDraw = True
41.5125 	EXP 	fade_in_text: autoDraw = True
41.5291 	EXP 	fade_in_text: autoDraw = True
41.5457 	EXP 	fade_in_text: autoDraw = True
41.5624 	EXP 	fade_in_text: autoDraw = True
41.5791 	EXP 	fade_in_text: autoDraw = True
41.5958 	EXP 	fade_in_text: autoDraw = True
41.6125 	EXP 	fade_in_text: autoDraw = True
41.6291 	EXP 	fade_in_text: autoDraw = True
41.6457 	EXP 	fade_in_text: autoDraw = True
41.6624 	EXP 	fade_in_text: autoDraw = True
41.6791 	EXP 	fade_in_text: autoDraw = True
41.6958 	EXP 	fade_in_text: autoDraw = True
41.7125 	EXP 	fade_in_text: autoDraw = True
41.7292 	EXP 	fade_in_text: autoDraw = True
41.7457 	EXP 	fade_in_text: autoDraw = True
41.7624 	EXP 	fade_in_text: autoDraw = True
41.7791 	EXP 	fade_in_text: autoDraw = True
41.7958 	EXP 	fade_in_text: autoDraw = True
41.8125 	EXP 	fade_in_text: autoDraw = True
41.8292 	EXP 	fade_in_text: autoDraw = True
41.8457 	EXP 	fade_in_text: autoDraw = True
41.8625 	EXP 	fade_in_text: autoDraw = True
41.8791 	EXP 	fade_in_text: autoDraw = True
41.8958 	EXP 	fade_in_text: autoDraw = True
41.9125 	EXP 	fade_in_text: autoDraw = True
41.9293 	EXP 	fade_in_text: autoDraw = True
41.9457 	EXP 	fade_in_text: autoDraw = True
41.9625 	EXP 	fade_in_text: autoDraw = True
41.9792 	EXP 	fade_in_text: autoDraw = True
41.9958 	EXP 	fade_in_text: autoDraw = True
42.0125 	EXP 	fade_in_text: autoDraw = True
42.0293 	EXP 	fade_in_text: autoDraw = True
42.0457 	EXP 	fade_in_text: autoDraw = True
42.0625 	EXP 	fade_in_text: autoDraw = True
42.0792 	EXP 	fade_in_text: autoDraw = True
42.0958 	EXP 	fade_in_text: autoDraw = True
42.1125 	EXP 	fade_in_text: autoDraw = True
42.1291 	EXP 	fade_in_text: autoDraw = True
42.1457 	EXP 	fade_in_text: autoDraw = True
42.1625 	EXP 	fade_in_text: autoDraw = True
42.1792 	EXP 	fade_in_text: autoDraw = True
42.1958 	EXP 	fade_in_text: autoDraw = True
42.2125 	EXP 	fade_in_text: autoDraw = True
42.2291 	EXP 	fade_in_text: autoDraw = True
42.2457 	EXP 	fade_in_text: autoDraw = True
42.2625 	EXP 	fade_in_text: autoDraw = True
42.2792 	EXP 	fade_in_text: autoDraw = True
42.2958 	EXP 	fade_in_text: autoDraw = True
42.3125 	EXP 	fade_in_text: autoDraw = True
42.3291 	EXP 	fade_in_text: autoDraw = True
42.3458 	EXP 	fade_in_text: autoDraw = True
42.3625 	EXP 	fade_in_text: autoDraw = True
42.3792 	EXP 	fade_in_text: autoDraw = True
42.3958 	EXP 	fade_in_text: autoDraw = True
42.4125 	EXP 	fade_in_text: autoDraw = True
42.4291 	EXP 	fade_in_text: autoDraw = True
42.4458 	EXP 	fade_in_text: autoDraw = True
42.4625 	EXP 	fade_in_text: autoDraw = True
42.4792 	EXP 	fade_in_text: autoDraw = True
42.4958 	EXP 	fade_in_text: autoDraw = True
42.5126 	EXP 	fade_in_text: autoDraw = True
42.5292 	EXP 	fade_in_text: autoDraw = True
42.5458 	EXP 	fade_in_text: autoDraw = True
42.5625 	EXP 	fade_in_text: autoDraw = True
42.5792 	EXP 	fade_in_text: autoDraw = True
42.5959 	EXP 	fade_in_text: autoDraw = True
42.6126 	EXP 	fade_in_text: autoDraw = True
42.6292 	EXP 	fade_in_text: autoDraw = True
42.6458 	EXP 	fade_in_text: autoDraw = True
42.6625 	EXP 	fade_in_text: autoDraw = True
42.6792 	EXP 	fade_in_text: autoDraw = True
42.6958 	EXP 	fade_in_text: autoDraw = True
42.7126 	EXP 	fade_in_text: autoDraw = True
42.7292 	EXP 	fade_in_text: autoDraw = True
42.7459 	EXP 	fade_in_text: autoDraw = True
42.7625 	EXP 	fade_in_text: autoDraw = True
42.7792 	EXP 	fade_in_text: autoDraw = True
42.7959 	EXP 	fade_in_text: autoDraw = True
42.8126 	EXP 	fade_in_text: autoDraw = True
42.8292 	EXP 	fade_in_text: autoDraw = True
42.8459 	EXP 	fade_in_text: autoDraw = True
42.8625 	EXP 	fade_in_text: autoDraw = True
42.8792 	EXP 	fade_in_text: autoDraw = True
42.8959 	EXP 	fade_in_text: autoDraw = True
42.9125 	EXP 	fade_in_text: autoDraw = True
42.9292 	EXP 	fade_in_text: autoDraw = True
42.9459 	EXP 	fade_in_text: autoDraw = True
42.9625 	EXP 	fade_in_text: autoDraw = True
42.9792 	EXP 	fade_in_text: autoDraw = True
42.9959 	EXP 	fade_in_text: autoDraw = True
43.0124 	EXP 	fade_in_text: autoDraw = True
43.0292 	EXP 	fade_in_text: autoDraw = True
43.0459 	EXP 	fade_in_text: autoDraw = True
43.0625 	EXP 	fade_in_text: autoDraw = True
43.0792 	EXP 	fade_in_text: autoDraw = True
43.0959 	EXP 	fade_in_text: autoDraw = True
43.1126 	EXP 	fade_in_text: autoDraw = True
43.1292 	EXP 	fade_in_text: autoDraw = True
43.1459 	EXP 	fade_in_text: autoDraw = True
43.1625 	EXP 	fade_in_text: autoDraw = True
43.1792 	EXP 	fade_in_text: autoDraw = True
43.1959 	EXP 	fade_in_text: autoDraw = True
43.2125 	EXP 	fade_in_text: autoDraw = True
43.2292 	EXP 	fade_in_text: autoDraw = True
43.2459 	EXP 	fade_in_text: autoDraw = True
43.2625 	EXP 	fade_in_text: autoDraw = True
43.2792 	EXP 	fade_in_text: autoDraw = True
43.2960 	EXP 	fade_in_text: autoDraw = True
43.3126 	EXP 	fade_in_text: autoDraw = True
43.3292 	EXP 	fade_in_text: autoDraw = True
43.3459 	EXP 	fade_in_text: autoDraw = True
43.3626 	EXP 	fade_in_text: autoDraw = True
43.3792 	EXP 	fade_in_text: autoDraw = True
43.3960 	EXP 	fade_in_text: autoDraw = True
43.4125 	EXP 	fade_in_text: autoDraw = True
43.4292 	EXP 	fade_in_text: autoDraw = True
43.4459 	EXP 	fade_in_text: autoDraw = True
43.4626 	EXP 	fade_in_text: autoDraw = True
43.4792 	EXP 	fade_in_text: autoDraw = True
43.4960 	EXP 	fade_in_text: autoDraw = True
43.5126 	EXP 	fade_in_text: autoDraw = True
43.5292 	EXP 	fade_in_text: autoDraw = True
43.5459 	EXP 	fade_in_text: autoDraw = True
43.5626 	EXP 	fade_in_text: autoDraw = True
43.5792 	EXP 	fade_in_text: autoDraw = True
43.5958 	EXP 	fade_in_text: autoDraw = True
43.6125 	EXP 	fade_in_text: autoDraw = True
43.6293 	EXP 	fade_in_text: autoDraw = True
43.6459 	EXP 	fade_in_text: autoDraw = True
43.6626 	EXP 	fade_in_text: autoDraw = True
43.6792 	EXP 	fade_in_text: autoDraw = True
43.6958 	EXP 	fade_in_text: autoDraw = True
43.7126 	EXP 	fade_in_text: autoDraw = True
43.7293 	EXP 	fade_in_text: autoDraw = True
43.7459 	EXP 	fade_in_text: autoDraw = True
43.7626 	EXP 	fade_in_text: autoDraw = True
43.7792 	EXP 	fade_in_text: autoDraw = True
43.7958 	EXP 	fade_in_text: autoDraw = True
43.8125 	EXP 	fade_in_text: autoDraw = True
43.8293 	EXP 	fade_in_text: autoDraw = True
43.8459 	EXP 	fade_in_text: autoDraw = True
43.8626 	EXP 	fade_in_text: autoDraw = True
43.8792 	EXP 	fade_in_text: autoDraw = True
43.8958 	EXP 	fade_in_text: autoDraw = True
43.9126 	EXP 	fade_in_text: autoDraw = True
43.9293 	EXP 	fade_in_text: autoDraw = True
43.9459 	EXP 	fade_in_text: autoDraw = True
43.9626 	EXP 	fade_in_text: autoDraw = True
43.9794 	EXP 	fade_in_text: autoDraw = True
43.9958 	EXP 	fade_in_text: autoDraw = True
44.0126 	EXP 	fade_in_text: autoDraw = True
44.0293 	EXP 	fade_in_text: autoDraw = True
44.0459 	EXP 	fade_in_text: autoDraw = True
44.0626 	EXP 	fade_in_text: autoDraw = True
44.0794 	EXP 	fade_in_text: autoDraw = True
44.0958 	EXP 	fade_in_text: autoDraw = True
44.1126 	EXP 	fade_in_text: autoDraw = True
44.1293 	EXP 	fade_in_text: autoDraw = True
44.1460 	EXP 	fade_in_text: autoDraw = True
44.1626 	EXP 	fade_in_text: autoDraw = True
44.1794 	EXP 	fade_in_text: autoDraw = True
44.1958 	EXP 	fade_in_text: autoDraw = True
44.2126 	EXP 	fade_in_text: autoDraw = True
44.2293 	EXP 	fade_in_text: autoDraw = True
44.2459 	EXP 	fade_in_text: autoDraw = True
44.2626 	EXP 	fade_in_text: autoDraw = True
44.2794 	EXP 	fade_in_text: autoDraw = True
44.2959 	EXP 	fade_in_text: autoDraw = True
44.3126 	EXP 	fade_in_text: autoDraw = True
44.3294 	EXP 	fade_in_text: autoDraw = True
44.3459 	EXP 	fade_in_text: autoDraw = True
44.3626 	EXP 	fade_in_text: autoDraw = True
44.3792 	EXP 	fade_in_text: autoDraw = True
44.3959 	EXP 	fade_in_text: autoDraw = True
44.4126 	EXP 	fade_in_text: autoDraw = True
44.4293 	EXP 	fade_in_text: autoDraw = True
44.4459 	EXP 	fade_in_text: autoDraw = True
44.4626 	EXP 	fade_in_text: autoDraw = True
44.4792 	EXP 	fade_in_text: autoDraw = True
44.4959 	EXP 	fade_in_text: autoDraw = True
44.5126 	EXP 	fade_in_text: autoDraw = True
44.5293 	EXP 	fade_in_text: autoDraw = True
44.5459 	EXP 	fade_in_text: autoDraw = True
44.5627 	EXP 	fade_in_text: autoDraw = True
44.5792 	EXP 	fade_in_text: autoDraw = True
44.5959 	EXP 	fade_in_text: autoDraw = True
44.6126 	EXP 	fade_in_text: autoDraw = True
44.6293 	EXP 	fade_in_text: autoDraw = True
44.6459 	EXP 	fade_in_text: autoDraw = True
44.6627 	EXP 	fade_in_text: autoDraw = True
44.6792 	EXP 	fade_in_text: autoDraw = True
44.6959 	EXP 	fade_in_text: autoDraw = True
44.7126 	EXP 	fade_in_text: autoDraw = True
44.7293 	EXP 	fade_in_text: autoDraw = True
44.7460 	EXP 	fade_in_text: autoDraw = True
44.7627 	EXP 	fade_in_text: autoDraw = True
44.7792 	EXP 	fade_in_text: autoDraw = True
44.7960 	EXP 	fade_in_text: autoDraw = True
44.8126 	EXP 	fade_in_text: autoDraw = True
44.8293 	EXP 	fade_in_text: autoDraw = True
44.8460 	EXP 	fade_in_text: autoDraw = True
44.8627 	EXP 	fade_in_text: autoDraw = True
44.8792 	EXP 	fade_in_text: autoDraw = True
44.8959 	EXP 	fade_in_text: autoDraw = True
44.9126 	EXP 	fade_in_text: autoDraw = True
44.9293 	EXP 	fade_in_text: autoDraw = True
44.9460 	EXP 	fade_in_text: autoDraw = True
44.9626 	EXP 	fade_in_text: autoDraw = True
44.9792 	EXP 	fade_in_text: autoDraw = True
44.9960 	EXP 	fade_in_text: autoDraw = True
45.0126 	EXP 	fade_in_text: autoDraw = True
45.0293 	EXP 	fade_in_text: autoDraw = True
45.0460 	EXP 	fade_in_text: autoDraw = True
45.0626 	EXP 	fade_in_text: autoDraw = True
45.0792 	EXP 	fade_in_text: autoDraw = True
45.0960 	EXP 	fade_in_text: autoDraw = True
45.1126 	EXP 	fade_in_text: autoDraw = True
45.1293 	EXP 	fade_in_text: autoDraw = True
45.1460 	EXP 	fade_in_text: autoDraw = True
45.1626 	EXP 	fade_in_text: autoDraw = True
45.1792 	EXP 	fade_in_text: autoDraw = True
45.1960 	EXP 	fade_in_text: autoDraw = True
45.2127 	EXP 	fade_in_text: autoDraw = True
45.2294 	EXP 	fade_in_text: autoDraw = True
45.2460 	EXP 	fade_in_text: autoDraw = True
45.2626 	EXP 	fade_in_text: autoDraw = True
45.2792 	EXP 	fade_in_text: autoDraw = True
45.2960 	EXP 	fade_in_text: autoDraw = True
45.3127 	EXP 	fade_in_text: autoDraw = True
45.3294 	EXP 	fade_in_text: autoDraw = True
45.3461 	EXP 	fade_in_text: autoDraw = True
45.3626 	EXP 	fade_in_text: autoDraw = True
45.3793 	EXP 	fade_in_text: autoDraw = True
45.3960 	EXP 	fade_in_text: autoDraw = True
45.4127 	EXP 	fade_in_text: autoDraw = True
45.4294 	EXP 	fade_in_text: autoDraw = True
45.4461 	EXP 	fade_in_text: autoDraw = True
45.4626 	EXP 	fade_in_text: autoDraw = True
45.4793 	EXP 	fade_in_text: autoDraw = True
45.4960 	EXP 	fade_in_text: autoDraw = True
45.5127 	EXP 	fade_in_text: autoDraw = True
45.5294 	EXP 	fade_in_text: autoDraw = True
45.5461 	EXP 	fade_in_text: autoDraw = True
45.5626 	EXP 	fade_in_text: autoDraw = True
45.5793 	EXP 	fade_in_text: autoDraw = True
45.5960 	EXP 	fade_in_text: autoDraw = True
45.6127 	EXP 	fade_in_text: autoDraw = True
45.6293 	EXP 	fade_in_text: autoDraw = True
45.6459 	EXP 	fade_in_text: autoDraw = True
45.6626 	EXP 	fade_in_text: autoDraw = True
45.6793 	EXP 	fade_in_text: autoDraw = True
45.6960 	EXP 	fade_in_text: autoDraw = True
45.7127 	EXP 	fade_in_text: autoDraw = True
45.7293 	EXP 	fade_in_text: autoDraw = True
45.7459 	EXP 	fade_in_text: autoDraw = True
45.7626 	EXP 	fade_in_text: autoDraw = True
45.7793 	EXP 	fade_in_text: autoDraw = True
45.7960 	EXP 	fade_in_text: autoDraw = True
45.8127 	EXP 	fade_in_text: autoDraw = True
45.8293 	EXP 	fade_in_text: autoDraw = True
45.8459 	EXP 	fade_in_text: autoDraw = True
45.8626 	EXP 	fade_in_text: autoDraw = True
45.8793 	EXP 	fade_in_text: autoDraw = True
45.8960 	EXP 	fade_in_text: autoDraw = True
45.9127 	EXP 	fade_in_text: autoDraw = True
45.9294 	EXP 	fade_in_text: autoDraw = True
45.9459 	EXP 	fade_in_text: autoDraw = True
45.9626 	EXP 	fade_in_text: autoDraw = True
45.9794 	EXP 	fade_in_text: autoDraw = True
45.9960 	EXP 	fade_in_text: autoDraw = True
46.0127 	EXP 	fade_in_text: autoDraw = True
46.0295 	EXP 	fade_in_text: autoDraw = True
46.0459 	EXP 	fade_in_text: autoDraw = True
46.0627 	EXP 	fade_in_text: autoDraw = True
46.0794 	EXP 	fade_in_text: autoDraw = True
46.0960 	EXP 	fade_in_text: autoDraw = True
46.1127 	EXP 	fade_in_text: autoDraw = True
46.1295 	EXP 	fade_in_text: autoDraw = True
46.1460 	EXP 	fade_in_text: autoDraw = True
46.1627 	EXP 	fade_in_text: autoDraw = True
46.1794 	EXP 	fade_in_text: autoDraw = True
46.1960 	EXP 	fade_in_text: autoDraw = True
46.2127 	EXP 	fade_in_text: autoDraw = True
46.2294 	EXP 	fade_in_text: autoDraw = True
46.2460 	EXP 	fade_in_text: autoDraw = True
46.2627 	EXP 	fade_in_text: autoDraw = True
46.2794 	EXP 	fade_in_text: autoDraw = True
46.2960 	EXP 	fade_in_text: autoDraw = True
46.3127 	EXP 	fade_in_text: autoDraw = True
46.3295 	EXP 	fade_in_text: autoDraw = True
46.3460 	EXP 	fade_in_text: autoDraw = True
46.3627 	EXP 	fade_in_text: autoDraw = True
46.3794 	EXP 	fade_in_text: autoDraw = True
46.3960 	EXP 	fade_in_text: autoDraw = True
46.4127 	EXP 	fade_in_text: autoDraw = True
46.4293 	EXP 	fade_in_text: autoDraw = True
46.4460 	EXP 	fade_in_text: autoDraw = True
46.4627 	EXP 	fade_in_text: autoDraw = True
46.4794 	EXP 	fade_in_text: autoDraw = True
46.4961 	EXP 	fade_in_text: autoDraw = True
46.5127 	EXP 	fade_in_text: autoDraw = True
46.5294 	EXP 	fade_in_text: autoDraw = True
46.5461 	EXP 	fade_in_text: autoDraw = True
46.5627 	EXP 	fade_in_text: autoDraw = True
46.5794 	EXP 	fade_in_text: autoDraw = True
46.5960 	EXP 	fade_in_text: autoDraw = True
46.6127 	EXP 	fade_in_text: autoDraw = True
46.6293 	EXP 	fade_in_text: autoDraw = True
46.6460 	EXP 	fade_in_text: autoDraw = True
46.6627 	EXP 	fade_in_text: autoDraw = True
46.6794 	EXP 	fade_in_text: autoDraw = True
46.6961 	EXP 	fade_in_text: autoDraw = True
46.7127 	EXP 	fade_in_text: autoDraw = True
46.7294 	EXP 	fade_in_text: autoDraw = True
46.7461 	EXP 	fade_in_text: autoDraw = True
46.7627 	EXP 	fade_in_text: autoDraw = True
46.7794 	EXP 	fade_in_text: autoDraw = True
46.7961 	EXP 	fade_in_text: autoDraw = True
46.8128 	EXP 	fade_in_text: autoDraw = True
46.8293 	EXP 	fade_in_text: autoDraw = True
46.8461 	EXP 	fade_in_text: autoDraw = True
46.8627 	EXP 	fade_in_text: autoDraw = True
46.8794 	EXP 	fade_in_text: autoDraw = True
46.8961 	EXP 	fade_in_text: autoDraw = True
46.9128 	EXP 	fade_in_text: autoDraw = True
46.9294 	EXP 	fade_in_text: autoDraw = True
46.9461 	EXP 	fade_in_text: autoDraw = True
46.9627 	EXP 	fade_in_text: autoDraw = True
46.9794 	EXP 	fade_in_text: autoDraw = True
46.9961 	EXP 	fade_in_text: autoDraw = True
47.0129 	EXP 	fade_in_text: autoDraw = True
47.0294 	EXP 	fade_in_text: autoDraw = True
47.0461 	EXP 	fade_in_text: autoDraw = True
47.0627 	EXP 	fade_in_text: autoDraw = True
47.0794 	EXP 	fade_in_text: autoDraw = True
47.0961 	EXP 	fade_in_text: autoDraw = True
47.1127 	EXP 	fade_in_text: autoDraw = True
47.1294 	EXP 	fade_in_text: autoDraw = True
47.1461 	EXP 	fade_in_text: autoDraw = True
47.1628 	EXP 	fade_in_text: autoDraw = True
47.1794 	EXP 	fade_in_text: autoDraw = True
47.1961 	EXP 	fade_in_text: autoDraw = True
47.2127 	EXP 	fade_in_text: autoDraw = True
47.2293 	EXP 	fade_in_text: autoDraw = True
47.2461 	EXP 	fade_in_text: autoDraw = True
47.2628 	EXP 	fade_in_text: autoDraw = True
47.2794 	EXP 	fade_in_text: autoDraw = True
47.2961 	EXP 	fade_in_text: autoDraw = True
47.3127 	EXP 	fade_in_text: autoDraw = True
47.3294 	EXP 	fade_in_text: autoDraw = True
47.3461 	EXP 	fade_in_text: autoDraw = True
47.3628 	EXP 	fade_in_text: autoDraw = True
47.3794 	EXP 	fade_in_text: autoDraw = True
47.3962 	EXP 	fade_in_text: autoDraw = True
47.4127 	EXP 	fade_in_text: autoDraw = True
47.4293 	EXP 	fade_in_text: autoDraw = True
47.4461 	EXP 	fade_in_text: autoDraw = True
47.4628 	EXP 	fade_in_text: autoDraw = True
47.4794 	EXP 	fade_in_text: autoDraw = True
47.4961 	EXP 	fade_in_text: autoDraw = True
47.5127 	EXP 	fade_in_text: autoDraw = True
47.5295 	EXP 	fade_in_text: autoDraw = True
47.5461 	EXP 	fade_in_text: autoDraw = True
47.5628 	EXP 	fade_in_text: autoDraw = True
47.5794 	EXP 	fade_in_text: autoDraw = True
47.5962 	EXP 	fade_in_text: autoDraw = True
47.6127 	EXP 	fade_in_text: autoDraw = True
47.6294 	EXP 	fade_in_text: autoDraw = True
47.6461 	EXP 	fade_in_text: autoDraw = True
47.6628 	EXP 	fade_in_text: autoDraw = True
47.6794 	EXP 	fade_in_text: autoDraw = True
47.6962 	EXP 	fade_in_text: autoDraw = True
47.7127 	EXP 	fade_in_text: autoDraw = True
47.7295 	EXP 	fade_in_text: autoDraw = True
47.7461 	EXP 	fade_in_text: autoDraw = True
47.7628 	EXP 	fade_in_text: autoDraw = True
47.7794 	EXP 	fade_in_text: autoDraw = True
47.7962 	EXP 	fade_in_text: autoDraw = True
47.8127 	EXP 	fade_in_text: autoDraw = True
47.8295 	EXP 	fade_in_text: autoDraw = True
47.8461 	EXP 	fade_in_text: autoDraw = True
47.8628 	EXP 	fade_in_text: autoDraw = True
47.8795 	EXP 	fade_in_text: autoDraw = True
47.8960 	EXP 	fade_in_text: autoDraw = True
47.9127 	EXP 	fade_in_text: autoDraw = True
47.9295 	EXP 	fade_in_text: autoDraw = True
47.9461 	EXP 	fade_in_text: autoDraw = True
47.9628 	EXP 	fade_in_text: autoDraw = True
47.9795 	EXP 	fade_in_text: autoDraw = True
47.9960 	EXP 	fade_in_text: autoDraw = True
48.0127 	EXP 	fade_in_text: autoDraw = True
48.0295 	EXP 	fade_in_text: autoDraw = True
48.0461 	EXP 	fade_in_text: autoDraw = True
48.0628 	EXP 	fade_in_text: autoDraw = True
48.0795 	EXP 	fade_in_text: autoDraw = True
48.0960 	EXP 	fade_in_text: autoDraw = True
48.1127 	EXP 	fade_in_text: autoDraw = True
48.1295 	EXP 	fade_in_text: autoDraw = True
48.1461 	EXP 	fade_in_text: autoDraw = True
48.1628 	EXP 	fade_in_text: autoDraw = True
48.1795 	EXP 	fade_in_text: autoDraw = True
48.1961 	EXP 	fade_in_text: autoDraw = True
48.2128 	EXP 	fade_in_text: autoDraw = True
48.2295 	EXP 	fade_in_text: autoDraw = True
48.2462 	EXP 	fade_in_text: autoDraw = True
48.2628 	EXP 	fade_in_text: autoDraw = True
48.2796 	EXP 	fade_in_text: autoDraw = True
48.2961 	EXP 	fade_in_text: autoDraw = True
48.3128 	EXP 	fade_in_text: autoDraw = True
48.3296 	EXP 	fade_in_text: autoDraw = True
48.3461 	EXP 	fade_in_text: autoDraw = True
48.3628 	EXP 	fade_in_text: autoDraw = True
48.3796 	EXP 	fade_in_text: autoDraw = True
48.3961 	EXP 	fade_in_text: autoDraw = True
48.4128 	EXP 	fade_in_text: autoDraw = True
48.4295 	EXP 	fade_in_text: autoDraw = True
48.4462 	EXP 	fade_in_text: autoDraw = True
48.4628 	EXP 	fade_in_text: autoDraw = True
48.4796 	EXP 	fade_in_text: autoDraw = True
48.4961 	EXP 	fade_in_text: autoDraw = True
48.5128 	EXP 	fade_in_text: autoDraw = True
48.5295 	EXP 	fade_in_text: autoDraw = True
48.5462 	EXP 	fade_in_text: autoDraw = True
48.5628 	EXP 	fade_in_text: autoDraw = True
48.5794 	EXP 	fade_in_text: autoDraw = True
48.5961 	EXP 	fade_in_text: autoDraw = True
48.6128 	EXP 	fade_in_text: autoDraw = True
48.6295 	EXP 	fade_in_text: autoDraw = True
48.6462 	EXP 	fade_in_text: autoDraw = True
48.6628 	EXP 	fade_in_text: autoDraw = True
48.6795 	EXP 	fade_in_text: autoDraw = True
48.6961 	EXP 	fade_in_text: autoDraw = True
48.7128 	EXP 	fade_in_text: autoDraw = True
48.7295 	EXP 	fade_in_text: autoDraw = True
48.7462 	EXP 	fade_in_text: autoDraw = True
48.7629 	EXP 	fade_in_text: autoDraw = True
48.7794 	EXP 	fade_in_text: autoDraw = True
48.7961 	EXP 	fade_in_text: autoDraw = True
48.8128 	EXP 	fade_in_text: autoDraw = True
48.8295 	EXP 	fade_in_text: autoDraw = True
48.8462 	EXP 	fade_in_text: autoDraw = True
48.8628 	EXP 	fade_in_text: autoDraw = True
48.8794 	EXP 	fade_in_text: autoDraw = True
48.8962 	EXP 	fade_in_text: autoDraw = True
48.9128 	EXP 	fade_in_text: autoDraw = True
48.9296 	EXP 	fade_in_text: autoDraw = True
48.9462 	EXP 	fade_in_text: autoDraw = True
48.9629 	EXP 	fade_in_text: autoDraw = True
48.9794 	EXP 	fade_in_text: autoDraw = True
48.9962 	EXP 	fade_in_text: autoDraw = True
49.0129 	EXP 	fade_in_text: autoDraw = True
49.0295 	EXP 	fade_in_text: autoDraw = True
49.0462 	EXP 	fade_in_text: autoDraw = True
49.0629 	EXP 	fade_in_text: autoDraw = True
49.0794 	EXP 	fade_in_text: autoDraw = True
49.0962 	EXP 	fade_in_text: autoDraw = True
49.1128 	EXP 	fade_in_text: autoDraw = True
49.1295 	EXP 	fade_in_text: autoDraw = True
49.1462 	EXP 	fade_in_text: autoDraw = True
49.1630 	EXP 	fade_in_text: autoDraw = True
49.1795 	EXP 	fade_in_text: autoDraw = True
49.1962 	EXP 	fade_in_text: autoDraw = True
49.2129 	EXP 	fade_in_text: autoDraw = True
49.2296 	EXP 	fade_in_text: autoDraw = True
49.2463 	EXP 	fade_in_text: autoDraw = True
49.2628 	EXP 	fade_in_text: autoDraw = True
49.2794 	EXP 	fade_in_text: autoDraw = True
49.2962 	EXP 	fade_in_text: autoDraw = True
49.3129 	EXP 	fade_in_text: autoDraw = True
49.3295 	EXP 	fade_in_text: autoDraw = True
49.3462 	EXP 	fade_in_text: autoDraw = True
49.3628 	EXP 	fade_in_text: autoDraw = True
49.3795 	EXP 	fade_in_text: autoDraw = True
49.3962 	EXP 	fade_in_text: autoDraw = True
49.4129 	EXP 	fade_in_text: autoDraw = True
49.4296 	EXP 	fade_in_text: autoDraw = True
49.4462 	EXP 	fade_in_text: autoDraw = True
49.4628 	EXP 	fade_in_text: autoDraw = True
49.4794 	EXP 	fade_in_text: autoDraw = True
49.4962 	EXP 	fade_in_text: autoDraw = True
49.5129 	EXP 	fade_in_text: autoDraw = True
49.5295 	EXP 	fade_in_text: autoDraw = True
49.5462 	EXP 	fade_in_text: autoDraw = True
49.5628 	EXP 	fade_in_text: autoDraw = True
49.5795 	EXP 	fade_in_text: autoDraw = True
49.5962 	EXP 	fade_in_text: autoDraw = True
49.6129 	EXP 	fade_in_text: autoDraw = True
49.6295 	EXP 	fade_in_text: autoDraw = True
49.6463 	EXP 	fade_in_text: autoDraw = True
49.6628 	EXP 	fade_in_text: autoDraw = True
49.6795 	EXP 	fade_in_text: autoDraw = True
49.6962 	EXP 	fade_in_text: autoDraw = True
49.7129 	EXP 	fade_in_text: autoDraw = True
49.7296 	EXP 	fade_in_text: autoDraw = True
49.7463 	EXP 	fade_in_text: autoDraw = True
49.7628 	EXP 	fade_in_text: autoDraw = True
49.7795 	EXP 	fade_in_text: autoDraw = True
49.7962 	EXP 	fade_in_text: autoDraw = True
49.8129 	EXP 	fade_in_text: autoDraw = True
49.8296 	EXP 	fade_in_text: autoDraw = True
49.8463 	EXP 	fade_in_text: autoDraw = True
49.8629 	EXP 	fade_in_text: autoDraw = True
49.8796 	EXP 	fade_in_text: autoDraw = True
49.8962 	EXP 	fade_in_text: autoDraw = True
49.9129 	EXP 	fade_in_text: autoDraw = True
49.9296 	EXP 	fade_in_text: autoDraw = True
49.9462 	EXP 	fade_in_text: autoDraw = True
49.9629 	EXP 	fade_in_text: autoDraw = True
49.9796 	EXP 	fade_in_text: autoDraw = True
49.9962 	EXP 	fade_in_text: autoDraw = True
50.0129 	EXP 	fade_in_text: autoDraw = True
50.0296 	EXP 	fade_in_text: autoDraw = True
50.0461 	EXP 	fade_in_text: autoDraw = True
50.0629 	EXP 	fade_in_text: autoDraw = True
50.0796 	EXP 	fade_in_text: autoDraw = True
50.0962 	EXP 	fade_in_text: autoDraw = True
50.1129 	EXP 	fade_in_text: autoDraw = True
50.1296 	EXP 	fade_in_text: autoDraw = True
50.1462 	EXP 	fade_in_text: autoDraw = True
50.1629 	EXP 	fade_in_text: autoDraw = True
50.1796 	EXP 	fade_in_text: autoDraw = True
50.1962 	EXP 	fade_in_text: autoDraw = True
50.2129 	EXP 	fade_in_text: autoDraw = True
50.2296 	EXP 	fade_in_text: autoDraw = True
50.2462 	EXP 	fade_in_text: autoDraw = True
50.2629 	EXP 	fade_in_text: autoDraw = True
50.2796 	EXP 	fade_in_text: autoDraw = True
50.2962 	EXP 	fade_in_text: autoDraw = True
50.3129 	EXP 	fade_in_text: autoDraw = True
50.3297 	EXP 	fade_in_text: autoDraw = True
50.3463 	EXP 	fade_in_text: autoDraw = True
50.3629 	EXP 	fade_in_text: autoDraw = True
50.3796 	EXP 	fade_in_text: autoDraw = True
50.3962 	EXP 	fade_in_text: autoDraw = True
50.4129 	EXP 	fade_in_text: autoDraw = True
50.4297 	EXP 	fade_in_text: autoDraw = True
50.4462 	EXP 	fade_in_text: autoDraw = True
50.4629 	EXP 	fade_in_text: autoDraw = True
50.4796 	EXP 	fade_in_text: autoDraw = True
50.4963 	EXP 	fade_in_text: autoDraw = True
50.5129 	EXP 	fade_in_text: autoDraw = True
50.5297 	EXP 	fade_in_text: autoDraw = True
50.5463 	EXP 	fade_in_text: autoDraw = True
50.5629 	EXP 	fade_in_text: autoDraw = True
50.5796 	EXP 	fade_in_text: autoDraw = True
50.5963 	EXP 	fade_in_text: autoDraw = True
50.6129 	EXP 	fade_in_text: autoDraw = True
50.6295 	EXP 	fade_in_text: autoDraw = True
50.6462 	EXP 	fade_in_text: autoDraw = True
50.6629 	EXP 	fade_in_text: autoDraw = True
50.6796 	EXP 	fade_in_text: autoDraw = True
50.6963 	EXP 	fade_in_text: autoDraw = True
50.7129 	EXP 	fade_in_text: autoDraw = True
50.7295 	EXP 	fade_in_text: autoDraw = True
50.7463 	EXP 	fade_in_text: autoDraw = True
50.7629 	EXP 	fade_in_text: autoDraw = True
50.7796 	EXP 	fade_in_text: autoDraw = True
50.7963 	EXP 	fade_in_text: autoDraw = True
50.8129 	EXP 	fade_in_text: autoDraw = True
50.8295 	EXP 	fade_in_text: autoDraw = True
50.8462 	EXP 	fade_in_text: autoDraw = True
50.8630 	EXP 	fade_in_text: autoDraw = True
50.8796 	EXP 	fade_in_text: autoDraw = True
50.8963 	EXP 	fade_in_text: autoDraw = True
50.9129 	EXP 	fade_in_text: autoDraw = True
50.9295 	EXP 	fade_in_text: autoDraw = True
50.9463 	EXP 	fade_in_text: autoDraw = True
50.9630 	EXP 	fade_in_text: autoDraw = True
50.9796 	EXP 	fade_in_text: autoDraw = True
50.9963 	EXP 	fade_in_text: autoDraw = True
51.0131 	EXP 	fade_in_text: autoDraw = True
51.0295 	EXP 	fade_in_text: autoDraw = True
51.0463 	EXP 	fade_in_text: autoDraw = True
51.0630 	EXP 	fade_in_text: autoDraw = True
51.0796 	EXP 	fade_in_text: autoDraw = True
51.0963 	EXP 	fade_in_text: autoDraw = True
51.1130 	EXP 	fade_in_text: autoDraw = True
51.1295 	EXP 	fade_in_text: autoDraw = True
51.1463 	EXP 	fade_in_text: autoDraw = True
51.1630 	EXP 	fade_in_text: autoDraw = True
51.1797 	EXP 	fade_in_text: autoDraw = True
51.1963 	EXP 	fade_in_text: autoDraw = True
51.2130 	EXP 	fade_in_text: autoDraw = True
51.2295 	EXP 	fade_in_text: autoDraw = True
51.2463 	EXP 	fade_in_text: autoDraw = True
51.2630 	EXP 	fade_in_text: autoDraw = True
51.2796 	EXP 	fade_in_text: autoDraw = True
51.2963 	EXP 	fade_in_text: autoDraw = True
51.3131 	EXP 	fade_in_text: autoDraw = True
51.3296 	EXP 	fade_in_text: autoDraw = True
51.3463 	EXP 	fade_in_text: autoDraw = True
51.3630 	EXP 	fade_in_text: autoDraw = True
51.3796 	EXP 	fade_in_text: autoDraw = True
51.3963 	EXP 	fade_in_text: autoDraw = True
51.4129 	EXP 	fade_in_text: autoDraw = True
51.4295 	EXP 	fade_in_text: autoDraw = True
51.4463 	EXP 	fade_in_text: autoDraw = True
51.4630 	EXP 	fade_in_text: autoDraw = True
51.4796 	EXP 	fade_in_text: autoDraw = True
51.4963 	EXP 	fade_in_text: autoDraw = True
51.5129 	EXP 	fade_in_text: autoDraw = True
51.5296 	EXP 	fade_in_text: autoDraw = True
51.5463 	EXP 	fade_in_text: autoDraw = True
51.5630 	EXP 	fade_in_text: autoDraw = True
51.5796 	EXP 	fade_in_text: autoDraw = True
51.5963 	EXP 	fade_in_text: autoDraw = True
51.6129 	EXP 	fade_in_text: autoDraw = True
51.6296 	EXP 	fade_in_text: autoDraw = True
51.6463 	EXP 	fade_in_text: autoDraw = True
51.6630 	EXP 	fade_in_text: autoDraw = True
51.6796 	EXP 	fade_in_text: autoDraw = True
51.6963 	EXP 	fade_in_text: autoDraw = True
51.7130 	EXP 	fade_in_text: autoDraw = True
51.7297 	EXP 	fade_in_text: autoDraw = True
51.7464 	EXP 	fade_in_text: autoDraw = True
51.7630 	EXP 	fade_in_text: autoDraw = True
51.7797 	EXP 	fade_in_text: autoDraw = True
51.7964 	EXP 	fade_in_text: autoDraw = True
51.8129 	EXP 	fade_in_text: autoDraw = True
51.8296 	EXP 	fade_in_text: autoDraw = True
51.8463 	EXP 	fade_in_text: autoDraw = True
51.8630 	EXP 	fade_in_text: autoDraw = True
51.8796 	EXP 	fade_in_text: autoDraw = True
51.8964 	EXP 	fade_in_text: autoDraw = True
51.9130 	EXP 	fade_in_text: autoDraw = True
51.9297 	EXP 	fade_in_text: autoDraw = True
51.9463 	EXP 	fade_in_text: autoDraw = True
51.9630 	EXP 	fade_in_text: autoDraw = True
51.9797 	EXP 	fade_in_text: autoDraw = True
51.9964 	EXP 	fade_in_text: autoDraw = True
52.0129 	EXP 	fade_in_text: autoDraw = True
52.0297 	EXP 	fade_in_text: autoDraw = True
52.0463 	EXP 	fade_in_text: autoDraw = True
52.0630 	EXP 	fade_in_text: autoDraw = True
52.0797 	EXP 	fade_in_text: autoDraw = True
52.0963 	EXP 	fade_in_text: autoDraw = True
52.1130 	EXP 	fade_in_text: autoDraw = True
52.1297 	EXP 	fade_in_text: autoDraw = True
52.1463 	EXP 	fade_in_text: autoDraw = True
52.1630 	EXP 	fade_in_text: autoDraw = True
52.1797 	EXP 	fade_in_text: autoDraw = True
52.1963 	EXP 	fade_in_text: autoDraw = True
52.2129 	EXP 	fade_in_text: autoDraw = True
52.2297 	EXP 	fade_in_text: autoDraw = True
52.2463 	EXP 	fade_in_text: autoDraw = True
52.2631 	EXP 	fade_in_text: autoDraw = True
52.2797 	EXP 	fade_in_text: autoDraw = True
52.2963 	EXP 	fade_in_text: autoDraw = True
52.3129 	EXP 	fade_in_text: autoDraw = True
52.3297 	EXP 	fade_in_text: autoDraw = True
52.3464 	EXP 	fade_in_text: autoDraw = True
52.3630 	EXP 	fade_in_text: autoDraw = True
52.3798 	EXP 	fade_in_text: autoDraw = True
52.3963 	EXP 	fade_in_text: autoDraw = True
52.4130 	EXP 	fade_in_text: autoDraw = True
52.4297 	EXP 	fade_in_text: autoDraw = True
52.4464 	EXP 	fade_in_text: autoDraw = True
52.4630 	EXP 	fade_in_text: autoDraw = True
52.4798 	EXP 	fade_in_text: autoDraw = True
52.4963 	EXP 	fade_in_text: autoDraw = True
52.5130 	EXP 	fade_in_text: autoDraw = True
52.5297 	EXP 	fade_in_text: autoDraw = True
52.5464 	EXP 	fade_in_text: autoDraw = True
52.5630 	EXP 	fade_in_text: autoDraw = True
52.5798 	EXP 	fade_in_text: autoDraw = True
52.5963 	EXP 	fade_in_text: autoDraw = True
52.6130 	EXP 	fade_in_text: autoDraw = True
52.6297 	EXP 	fade_in_text: autoDraw = True
52.6464 	EXP 	fade_in_text: autoDraw = True
52.6630 	EXP 	fade_in_text: autoDraw = True
52.6798 	EXP 	fade_in_text: autoDraw = True
52.6963 	EXP 	fade_in_text: autoDraw = True
52.7130 	EXP 	fade_in_text: autoDraw = True
52.7297 	EXP 	fade_in_text: autoDraw = True
52.7464 	EXP 	fade_in_text: autoDraw = True
52.7630 	EXP 	fade_in_text: autoDraw = True
52.7796 	EXP 	fade_in_text: autoDraw = True
52.7963 	EXP 	fade_in_text: autoDraw = True
52.8130 	EXP 	fade_in_text: autoDraw = True
52.8297 	EXP 	fade_in_text: autoDraw = True
52.8464 	EXP 	fade_in_text: autoDraw = True
52.8631 	EXP 	fade_in_text: autoDraw = True
52.8796 	EXP 	fade_in_text: autoDraw = True
52.8963 	EXP 	fade_in_text: autoDraw = True
52.9130 	EXP 	fade_in_text: autoDraw = True
52.9297 	EXP 	fade_in_text: autoDraw = True
52.9464 	EXP 	fade_in_text: autoDraw = True
52.9631 	EXP 	fade_in_text: autoDraw = True
52.9797 	EXP 	fade_in_text: autoDraw = True
52.9964 	EXP 	fade_in_text: autoDraw = True
53.0130 	EXP 	fade_in_text: autoDraw = True
53.0297 	EXP 	fade_in_text: autoDraw = True
53.0464 	EXP 	fade_in_text: autoDraw = True
53.0631 	EXP 	fade_in_text: autoDraw = True
53.0796 	EXP 	fade_in_text: autoDraw = True
53.0964 	EXP 	fade_in_text: autoDraw = True
53.1131 	EXP 	fade_in_text: autoDraw = True
53.1297 	EXP 	fade_in_text: autoDraw = True
53.1464 	EXP 	fade_in_text: autoDraw = True
53.1632 	EXP 	fade_in_text: autoDraw = True
53.1797 	EXP 	fade_in_text: autoDraw = True
53.1964 	EXP 	fade_in_text: autoDraw = True
53.2131 	EXP 	fade_in_text: autoDraw = True
53.2297 	EXP 	fade_in_text: autoDraw = True
53.2464 	EXP 	fade_in_text: autoDraw = True
53.2632 	EXP 	fade_in_text: autoDraw = True
53.2797 	EXP 	fade_in_text: autoDraw = True
53.2964 	EXP 	fade_in_text: autoDraw = True
53.3131 	EXP 	fade_in_text: autoDraw = True
53.3297 	EXP 	fade_in_text: autoDraw = True
53.3464 	EXP 	fade_in_text: autoDraw = True
53.3631 	EXP 	fade_in_text: autoDraw = True
53.3797 	EXP 	fade_in_text: autoDraw = True
53.3964 	EXP 	fade_in_text: autoDraw = True
53.4131 	EXP 	fade_in_text: autoDraw = True
53.4297 	EXP 	fade_in_text: autoDraw = True
53.4464 	EXP 	fade_in_text: autoDraw = True
53.4630 	EXP 	fade_in_text: autoDraw = True
53.4797 	EXP 	fade_in_text: autoDraw = True
53.4964 	EXP 	fade_in_text: autoDraw = True
53.5131 	EXP 	fade_in_text: autoDraw = True
53.5297 	EXP 	fade_in_text: autoDraw = True
53.5464 	EXP 	fade_in_text: autoDraw = True
53.5631 	EXP 	fade_in_text: autoDraw = True
53.5797 	EXP 	fade_in_text: autoDraw = True
53.5964 	EXP 	fade_in_text: autoDraw = True
53.6131 	EXP 	fade_in_text: autoDraw = True
53.6297 	EXP 	fade_in_text: autoDraw = True
53.6465 	EXP 	fade_in_text: autoDraw = True
53.6630 	EXP 	fade_in_text: autoDraw = True
53.6798 	EXP 	fade_in_text: autoDraw = True
53.6964 	EXP 	fade_in_text: autoDraw = True
53.7131 	EXP 	fade_in_text: autoDraw = True
53.7298 	EXP 	fade_in_text: autoDraw = True
53.7465 	EXP 	fade_in_text: autoDraw = True
53.7631 	EXP 	fade_in_text: autoDraw = True
53.7798 	EXP 	fade_in_text: autoDraw = True
53.7964 	EXP 	fade_in_text: autoDraw = True
53.8131 	EXP 	fade_in_text: autoDraw = True
53.8298 	EXP 	fade_in_text: autoDraw = True
53.8465 	EXP 	fade_in_text: autoDraw = True
53.8630 	EXP 	fade_in_text: autoDraw = True
53.8798 	EXP 	fade_in_text: autoDraw = True
53.8964 	EXP 	fade_in_text: autoDraw = True
53.9131 	EXP 	fade_in_text: autoDraw = True
53.9298 	EXP 	fade_in_text: autoDraw = True
53.9465 	EXP 	fade_in_text: autoDraw = True
53.9631 	EXP 	fade_in_text: autoDraw = True
53.9798 	EXP 	fade_in_text: autoDraw = True
53.9964 	EXP 	fade_in_text: autoDraw = True
54.0131 	EXP 	fade_in_text: autoDraw = True
54.0298 	EXP 	fade_in_text: autoDraw = True
54.0464 	EXP 	fade_in_text: autoDraw = True
54.0630 	EXP 	fade_in_text: autoDraw = True
54.0798 	EXP 	fade_in_text: autoDraw = True
54.0964 	EXP 	fade_in_text: autoDraw = True
54.1131 	EXP 	fade_in_text: autoDraw = True
54.1298 	EXP 	fade_in_text: autoDraw = True
54.1464 	EXP 	fade_in_text: autoDraw = True
54.1631 	EXP 	fade_in_text: autoDraw = True
54.1798 	EXP 	fade_in_text: autoDraw = True
54.1964 	EXP 	fade_in_text: autoDraw = True
54.2131 	EXP 	fade_in_text: autoDraw = True
54.2298 	EXP 	fade_in_text: autoDraw = True
54.2464 	EXP 	fade_in_text: autoDraw = True
54.2631 	EXP 	fade_in_text: autoDraw = True
54.2798 	EXP 	fade_in_text: autoDraw = True
54.2965 	EXP 	fade_in_text: autoDraw = True
54.3131 	EXP 	fade_in_text: autoDraw = True
54.3299 	EXP 	fade_in_text: autoDraw = True
54.3464 	EXP 	fade_in_text: autoDraw = True
54.3631 	EXP 	fade_in_text: autoDraw = True
54.3798 	EXP 	fade_in_text: autoDraw = True
54.3965 	EXP 	fade_in_text: autoDraw = True
54.4131 	EXP 	fade_in_text: autoDraw = True
54.4299 	EXP 	fade_in_text: autoDraw = True
54.4464 	EXP 	fade_in_text: autoDraw = True
54.4631 	EXP 	fade_in_text: autoDraw = True
54.4798 	EXP 	fade_in_text: autoDraw = True
54.4965 	EXP 	fade_in_text: autoDraw = True
54.5131 	EXP 	fade_in_text: autoDraw = True
54.5299 	EXP 	fade_in_text: autoDraw = True
54.5464 	EXP 	fade_in_text: autoDraw = True
54.5632 	EXP 	fade_in_text: autoDraw = True
54.5798 	EXP 	fade_in_text: autoDraw = True
54.5965 	EXP 	fade_in_text: autoDraw = True
54.6131 	EXP 	fade_in_text: autoDraw = True
54.6300 	EXP 	fade_in_text: autoDraw = True
54.6464 	EXP 	fade_in_text: autoDraw = True
54.6631 	EXP 	fade_in_text: autoDraw = True
54.6798 	EXP 	fade_in_text: autoDraw = True
54.6965 	EXP 	fade_in_text: autoDraw = True
54.7132 	EXP 	fade_in_text: autoDraw = True
54.7297 	EXP 	fade_in_text: autoDraw = True
54.7464 	EXP 	fade_in_text: autoDraw = True
54.7632 	EXP 	fade_in_text: autoDraw = True
54.7798 	EXP 	fade_in_text: autoDraw = True
54.7965 	EXP 	fade_in_text: autoDraw = True
54.8132 	EXP 	fade_in_text: autoDraw = True
54.8298 	EXP 	fade_in_text: autoDraw = True
54.8464 	EXP 	fade_in_text: autoDraw = True
54.8631 	EXP 	fade_in_text: autoDraw = True
54.8798 	EXP 	fade_in_text: autoDraw = True
54.8965 	EXP 	fade_in_text: autoDraw = True
54.9132 	EXP 	fade_in_text: autoDraw = True
54.9297 	EXP 	fade_in_text: autoDraw = True
54.9465 	EXP 	fade_in_text: autoDraw = True
54.9632 	EXP 	fade_in_text: autoDraw = True
54.9798 	EXP 	fade_in_text: autoDraw = True
54.9965 	EXP 	fade_in_text: autoDraw = True
55.0132 	EXP 	fade_in_text: autoDraw = True
55.0298 	EXP 	fade_in_text: autoDraw = True
55.0465 	EXP 	fade_in_text: autoDraw = True
55.0632 	EXP 	fade_in_text: autoDraw = True
55.0798 	EXP 	fade_in_text: autoDraw = True
55.0965 	EXP 	fade_in_text: autoDraw = True
55.1132 	EXP 	fade_in_text: autoDraw = True
55.1297 	EXP 	fade_in_text: autoDraw = True
55.1465 	EXP 	fade_in_text: autoDraw = True
55.1632 	EXP 	fade_in_text: autoDraw = True
55.1798 	EXP 	fade_in_text: autoDraw = True
55.1965 	EXP 	fade_in_text: autoDraw = True
55.2132 	EXP 	fade_in_text: autoDraw = True
55.2297 	EXP 	fade_in_text: autoDraw = True
55.2465 	EXP 	fade_in_text: autoDraw = True
55.2632 	EXP 	fade_in_text: autoDraw = True
55.2799 	EXP 	fade_in_text: autoDraw = True
55.2965 	EXP 	fade_in_text: autoDraw = True
55.3131 	EXP 	fade_in_text: autoDraw = True
55.3298 	EXP 	fade_in_text: autoDraw = True
55.3465 	EXP 	fade_in_text: autoDraw = True
55.3632 	EXP 	fade_in_text: autoDraw = True
55.3798 	EXP 	fade_in_text: autoDraw = True
55.3965 	EXP 	fade_in_text: autoDraw = True
55.4131 	EXP 	fade_in_text: autoDraw = True
55.4298 	EXP 	fade_in_text: autoDraw = True
55.4465 	EXP 	fade_in_text: autoDraw = True
55.4632 	EXP 	fade_in_text: autoDraw = True
55.4799 	EXP 	fade_in_text: autoDraw = True
55.4965 	EXP 	fade_in_text: autoDraw = True
55.5131 	EXP 	fade_in_text: autoDraw = True
55.5298 	EXP 	fade_in_text: autoDraw = True
55.5465 	EXP 	fade_in_text: autoDraw = True
55.5632 	EXP 	fade_in_text: autoDraw = True
55.5799 	EXP 	fade_in_text: autoDraw = True
55.5966 	EXP 	fade_in_text: autoDraw = True
55.6131 	EXP 	fade_in_text: autoDraw = True
55.6298 	EXP 	fade_in_text: autoDraw = True
55.6465 	EXP 	fade_in_text: autoDraw = True
55.6632 	EXP 	fade_in_text: autoDraw = True
55.6799 	EXP 	fade_in_text: autoDraw = True
55.6966 	EXP 	fade_in_text: autoDraw = True
55.7131 	EXP 	fade_in_text: autoDraw = True
55.7299 	EXP 	fade_in_text: autoDraw = True
55.7465 	EXP 	fade_in_text: autoDraw = True
55.7632 	EXP 	fade_in_text: autoDraw = True
55.7800 	EXP 	fade_in_text: autoDraw = True
55.7965 	EXP 	fade_in_text: autoDraw = True
55.8131 	EXP 	fade_in_text: autoDraw = True
55.8299 	EXP 	fade_in_text: autoDraw = True
55.8465 	EXP 	fade_in_text: autoDraw = True
55.8632 	EXP 	fade_in_text: autoDraw = True
55.8801 	EXP 	fade_in_text: autoDraw = True
55.8965 	EXP 	fade_in_text: autoDraw = True
55.9131 	EXP 	fade_in_text: autoDraw = True
55.9299 	EXP 	fade_in_text: autoDraw = True
55.9465 	EXP 	fade_in_text: autoDraw = True
55.9632 	EXP 	fade_in_text: autoDraw = True
55.9801 	EXP 	fade_in_text: autoDraw = True
55.9965 	EXP 	fade_in_text: autoDraw = True
56.0132 	EXP 	fade_in_text: autoDraw = True
56.0299 	EXP 	fade_in_text: autoDraw = True
56.0466 	EXP 	fade_in_text: autoDraw = True
56.0632 	EXP 	fade_in_text: autoDraw = True
56.0800 	EXP 	fade_in_text: autoDraw = True
56.0965 	EXP 	fade_in_text: autoDraw = True
56.1132 	EXP 	fade_in_text: autoDraw = True
56.1299 	EXP 	fade_in_text: autoDraw = True
56.1465 	EXP 	fade_in_text: autoDraw = True
56.1632 	EXP 	fade_in_text: autoDraw = True
56.1800 	EXP 	fade_in_text: autoDraw = True
56.1966 	EXP 	fade_in_text: autoDraw = True
56.2132 	EXP 	fade_in_text: autoDraw = True
56.2299 	EXP 	fade_in_text: autoDraw = True
56.2465 	EXP 	fade_in_text: autoDraw = True
56.2632 	EXP 	fade_in_text: autoDraw = True
56.2798 	EXP 	fade_in_text: autoDraw = True
56.2966 	EXP 	fade_in_text: autoDraw = True
56.3132 	EXP 	fade_in_text: autoDraw = True
56.3300 	EXP 	fade_in_text: autoDraw = True
56.3466 	EXP 	fade_in_text: autoDraw = True
56.3632 	EXP 	fade_in_text: autoDraw = True
56.3799 	EXP 	fade_in_text: autoDraw = True
56.3966 	EXP 	fade_in_text: autoDraw = True
56.4132 	EXP 	fade_in_text: autoDraw = True
56.4299 	EXP 	fade_in_text: autoDraw = True
56.4466 	EXP 	fade_in_text: autoDraw = True
56.4633 	EXP 	fade_in_text: autoDraw = True
56.4798 	EXP 	fade_in_text: autoDraw = True
56.4966 	EXP 	fade_in_text: autoDraw = True
56.5132 	EXP 	fade_in_text: autoDraw = True
56.5299 	EXP 	fade_in_text: autoDraw = True
56.5466 	EXP 	fade_in_text: autoDraw = True
56.5633 	EXP 	fade_in_text: autoDraw = True
56.5799 	EXP 	fade_in_text: autoDraw = True
56.5966 	EXP 	fade_in_text: autoDraw = True
56.6133 	EXP 	fade_in_text: autoDraw = True
56.6299 	EXP 	fade_in_text: autoDraw = True
56.6466 	EXP 	fade_in_text: autoDraw = True
56.6634 	EXP 	fade_in_text: autoDraw = True
56.6799 	EXP 	fade_in_text: autoDraw = True
56.6966 	EXP 	fade_in_text: autoDraw = True
56.7133 	EXP 	fade_in_text: autoDraw = True
56.7299 	EXP 	fade_in_text: autoDraw = True
56.7466 	EXP 	fade_in_text: autoDraw = True
56.7632 	EXP 	fade_in_text: autoDraw = True
56.7799 	EXP 	fade_in_text: autoDraw = True
56.7966 	EXP 	fade_in_text: autoDraw = True
56.8133 	EXP 	fade_in_text: autoDraw = True
56.8299 	EXP 	fade_in_text: autoDraw = True
56.8466 	EXP 	fade_in_text: autoDraw = True
56.8632 	EXP 	fade_in_text: autoDraw = True
56.8799 	EXP 	fade_in_text: autoDraw = True
56.8966 	EXP 	fade_in_text: autoDraw = True
56.9133 	EXP 	fade_in_text: autoDraw = True
56.9299 	EXP 	fade_in_text: autoDraw = True
56.9466 	EXP 	fade_in_text: autoDraw = True
56.9632 	EXP 	fade_in_text: autoDraw = True
56.9799 	EXP 	fade_in_text: autoDraw = True
56.9966 	EXP 	fade_in_text: autoDraw = True
57.0133 	EXP 	fade_in_text: autoDraw = True
57.0299 	EXP 	fade_in_text: autoDraw = True
57.0467 	EXP 	fade_in_text: autoDraw = True
57.0632 	EXP 	fade_in_text: autoDraw = True
57.0799 	EXP 	fade_in_text: autoDraw = True
57.0966 	EXP 	fade_in_text: autoDraw = True
57.1133 	EXP 	fade_in_text: autoDraw = True
57.1299 	EXP 	fade_in_text: autoDraw = True
57.1467 	EXP 	fade_in_text: autoDraw = True
57.1632 	EXP 	fade_in_text: autoDraw = True
57.1799 	EXP 	fade_in_text: autoDraw = True
57.1966 	EXP 	fade_in_text: autoDraw = True
57.2133 	EXP 	fade_in_text: autoDraw = True
57.2299 	EXP 	fade_in_text: autoDraw = True
57.2467 	EXP 	fade_in_text: autoDraw = True
57.2632 	EXP 	fade_in_text: autoDraw = True
57.2799 	EXP 	fade_in_text: autoDraw = True
57.2966 	EXP 	fade_in_text: autoDraw = True
57.3133 	EXP 	fade_in_text: autoDraw = True
57.3299 	EXP 	fade_in_text: autoDraw = True
57.3465 	EXP 	fade_in_text: autoDraw = True
57.3632 	EXP 	fade_in_text: autoDraw = True
57.3800 	EXP 	fade_in_text: autoDraw = True
57.3966 	EXP 	fade_in_text: autoDraw = True
57.4133 	EXP 	fade_in_text: autoDraw = True
57.4300 	EXP 	fade_in_text: autoDraw = True
57.4466 	EXP 	fade_in_text: autoDraw = True
57.4633 	EXP 	fade_in_text: autoDraw = True
57.4799 	EXP 	fade_in_text: autoDraw = True
57.4966 	EXP 	fade_in_text: autoDraw = True
57.5133 	EXP 	fade_in_text: autoDraw = True
57.5300 	EXP 	fade_in_text: autoDraw = True
57.5465 	EXP 	fade_in_text: autoDraw = True
57.5633 	EXP 	fade_in_text: autoDraw = True
57.5800 	EXP 	fade_in_text: autoDraw = True
57.5966 	EXP 	fade_in_text: autoDraw = True
57.6133 	EXP 	fade_in_text: autoDraw = True
57.6300 	EXP 	fade_in_text: autoDraw = True
57.6466 	EXP 	fade_in_text: autoDraw = True
57.6633 	EXP 	fade_in_text: autoDraw = True
57.6800 	EXP 	fade_in_text: autoDraw = True
57.6966 	EXP 	fade_in_text: autoDraw = True
57.7133 	EXP 	fade_in_text: autoDraw = True
57.7300 	EXP 	fade_in_text: autoDraw = True
57.7465 	EXP 	fade_in_text: autoDraw = True
57.7633 	EXP 	fade_in_text: autoDraw = True
57.7800 	EXP 	fade_in_text: autoDraw = True
57.7966 	EXP 	fade_in_text: autoDraw = True
57.8133 	EXP 	fade_in_text: autoDraw = True
57.8299 	EXP 	fade_in_text: autoDraw = True
57.8466 	EXP 	fade_in_text: autoDraw = True
57.8633 	EXP 	fade_in_text: autoDraw = True
57.8800 	EXP 	fade_in_text: autoDraw = True
57.8967 	EXP 	fade_in_text: autoDraw = True
57.9133 	EXP 	fade_in_text: autoDraw = True
57.9299 	EXP 	fade_in_text: autoDraw = True
57.9465 	EXP 	fade_in_text: autoDraw = True
57.9633 	EXP 	fade_in_text: autoDraw = True
57.9800 	EXP 	fade_in_text: autoDraw = True
57.9967 	EXP 	fade_in_text: autoDraw = True
58.0133 	EXP 	fade_in_text: autoDraw = True
58.0299 	EXP 	fade_in_text: autoDraw = True
58.0466 	EXP 	fade_in_text: autoDraw = True
58.0633 	EXP 	fade_in_text: autoDraw = True
58.0800 	EXP 	fade_in_text: autoDraw = True
58.0967 	EXP 	fade_in_text: autoDraw = True
58.1134 	EXP 	fade_in_text: autoDraw = True
58.1299 	EXP 	fade_in_text: autoDraw = True
58.1467 	EXP 	fade_in_text: autoDraw = True
58.1633 	EXP 	fade_in_text: autoDraw = True
58.1800 	EXP 	fade_in_text: autoDraw = True
58.1967 	EXP 	fade_in_text: autoDraw = True
58.2134 	EXP 	fade_in_text: autoDraw = True
58.2299 	EXP 	fade_in_text: autoDraw = True
58.2467 	EXP 	fade_in_text: autoDraw = True
58.2633 	EXP 	fade_in_text: autoDraw = True
58.2800 	EXP 	fade_in_text: autoDraw = True
58.2967 	EXP 	fade_in_text: autoDraw = True
58.3134 	EXP 	fade_in_text: autoDraw = True
58.3299 	EXP 	fade_in_text: autoDraw = True
58.3467 	EXP 	fade_in_text: autoDraw = True
58.3633 	EXP 	fade_in_text: autoDraw = True
58.3800 	EXP 	fade_in_text: autoDraw = True
58.3968 	EXP 	fade_in_text: autoDraw = True
58.4133 	EXP 	fade_in_text: autoDraw = True
58.4299 	EXP 	fade_in_text: autoDraw = True
58.4467 	EXP 	fade_in_text: autoDraw = True
58.4633 	EXP 	fade_in_text: autoDraw = True
58.4800 	EXP 	fade_in_text: autoDraw = True
58.4968 	EXP 	fade_in_text: autoDraw = True
58.5133 	EXP 	fade_in_text: autoDraw = True
58.5299 	EXP 	fade_in_text: autoDraw = True
58.5467 	EXP 	fade_in_text: autoDraw = True
58.5633 	EXP 	fade_in_text: autoDraw = True
58.5801 	EXP 	fade_in_text: autoDraw = True
58.5968 	EXP 	fade_in_text: autoDraw = True
58.6133 	EXP 	fade_in_text: autoDraw = True
58.6300 	EXP 	fade_in_text: autoDraw = True
58.6467 	EXP 	fade_in_text: autoDraw = True
58.6634 	EXP 	fade_in_text: autoDraw = True
58.6800 	EXP 	fade_in_text: autoDraw = True
58.6969 	EXP 	fade_in_text: autoDraw = True
58.7133 	EXP 	fade_in_text: autoDraw = True
58.7300 	EXP 	fade_in_text: autoDraw = True
58.7467 	EXP 	fade_in_text: autoDraw = True
58.7633 	EXP 	fade_in_text: autoDraw = True
58.7800 	EXP 	fade_in_text: autoDraw = True
58.7969 	EXP 	fade_in_text: autoDraw = True
58.8133 	EXP 	fade_in_text: autoDraw = True
58.8300 	EXP 	fade_in_text: autoDraw = True
58.8467 	EXP 	fade_in_text: autoDraw = True
58.8633 	EXP 	fade_in_text: autoDraw = True
58.8800 	EXP 	fade_in_text: autoDraw = True
58.8969 	EXP 	fade_in_text: autoDraw = True
58.9133 	EXP 	fade_in_text: autoDraw = True
58.9300 	EXP 	fade_in_text: autoDraw = True
58.9467 	EXP 	fade_in_text: autoDraw = True
58.9634 	EXP 	fade_in_text: autoDraw = True
58.9800 	EXP 	fade_in_text: autoDraw = True
58.9967 	EXP 	fade_in_text: autoDraw = True
59.0134 	EXP 	fade_in_text: autoDraw = True
59.0300 	EXP 	fade_in_text: autoDraw = True
59.0467 	EXP 	fade_in_text: autoDraw = True
59.0634 	EXP 	fade_in_text: autoDraw = True
59.0800 	EXP 	fade_in_text: autoDraw = True
59.0966 	EXP 	fade_in_text: autoDraw = True
59.1134 	EXP 	fade_in_text: autoDraw = True
59.1300 	EXP 	fade_in_text: autoDraw = True
59.1467 	EXP 	fade_in_text: autoDraw = True
59.1634 	EXP 	fade_in_text: autoDraw = True
59.1800 	EXP 	fade_in_text: autoDraw = True
59.1967 	EXP 	fade_in_text: autoDraw = True
59.2134 	EXP 	fade_in_text: autoDraw = True
61.2468 	EXP 	fade_in_text: autoDraw = False
61.2468 	EXP 	Artifact_intro_title: autoDraw = True
61.2468 	EXP 	Artifact_intro_text: autoDraw = True
84.6721 	DATA 	Keypress: space
87.6148 	EXP 	Artifact_intro_cont: autoDraw = True
88.6236 	EXP 	Created sequence: random, trialTypes=1, nReps=15, seed=None
88.6244 	EXP 	New trial (rep=0, index=0): None
89.6484 	EXP 	Artifact_intro_title: autoDraw = False
89.6484 	EXP 	Artifact_intro_text: autoDraw = False
89.6484 	EXP 	Artifact_intro_cont: autoDraw = False
89.6484 	EXP 	Artifact_rec_text: autoDraw = True
89.6484 	EXP 	Artifact_rec_text: text = ''
107.6325 	EXP 	Artifact_rec_break: autoDraw = True
108.6326 	EXP 	Artifact_rec_break: autoDraw = False
110.6353 	EXP 	New trial (rep=1, index=0): None
111.6500 	EXP 	Artifact_rec_text: autoDraw = False
111.6500 	EXP 	Artifact_rec_recording: autoDraw = False
111.6500 	EXP 	Artifact_rec_break: autoDraw = False
111.6500 	EXP 	Artifact_rec_text: autoDraw = True
129.6339 	EXP 	Artifact_rec_break: autoDraw = True
130.6339 	EXP 	Artifact_rec_break: autoDraw = False
132.6469 	EXP 	New trial (rep=2, index=0): None
133.6678 	EXP 	Artifact_rec_text: autoDraw = False
133.6678 	EXP 	Artifact_rec_text: autoDraw = False
133.6678 	EXP 	Artifact_rec_recording: autoDraw = False
133.6678 	EXP 	Artifact_rec_break: autoDraw = False
133.6678 	EXP 	Artifact_rec_text: autoDraw = True
151.6517 	EXP 	Artifact_rec_break: autoDraw = True
152.6517 	EXP 	Artifact_rec_break: autoDraw = False
154.6545 	EXP 	New trial (rep=3, index=0): None
155.6857 	EXP 	Artifact_rec_text: autoDraw = False
155.6857 	EXP 	Artifact_rec_recording: autoDraw = False
155.6857 	EXP 	Artifact_rec_break: autoDraw = False
155.6857 	EXP 	Artifact_rec_text: autoDraw = True
173.6528 	EXP 	Artifact_rec_break: autoDraw = True
174.6529 	EXP 	Artifact_rec_break: autoDraw = False
176.6732 	EXP 	New trial (rep=4, index=0): None
177.7030 	EXP 	Artifact_rec_text: autoDraw = False
177.7030 	EXP 	Artifact_rec_recording: autoDraw = False
177.7030 	EXP 	Artifact_rec_break: autoDraw = False
177.7030 	EXP 	Artifact_rec_text: autoDraw = True
195.6707 	EXP 	Artifact_rec_break: autoDraw = True
196.6707 	EXP 	Artifact_rec_break: autoDraw = False
198.6907 	EXP 	New trial (rep=5, index=0): None
199.7208 	EXP 	Artifact_rec_text: autoDraw = False
199.7208 	EXP 	Artifact_rec_recording: autoDraw = False
199.7208 	EXP 	Artifact_rec_break: autoDraw = False
199.7208 	EXP 	Artifact_rec_text: autoDraw = True
217.6883 	EXP 	Artifact_rec_break: autoDraw = True
218.6885 	EXP 	Artifact_rec_break: autoDraw = False
220.7087 	EXP 	New trial (rep=6, index=0): None
221.7386 	EXP 	Artifact_rec_text: autoDraw = False
221.7386 	EXP 	Artifact_rec_recording: autoDraw = False
221.7386 	EXP 	Artifact_rec_break: autoDraw = False
221.7386 	EXP 	Artifact_rec_text: autoDraw = True
239.7062 	EXP 	Artifact_rec_break: autoDraw = True
240.7064 	EXP 	Artifact_rec_break: autoDraw = False
242.7263 	EXP 	New trial (rep=7, index=0): None
243.7564 	EXP 	Artifact_rec_text: autoDraw = False
243.7564 	EXP 	Artifact_rec_recording: autoDraw = False
243.7564 	EXP 	Artifact_rec_break: autoDraw = False
243.7564 	EXP 	Artifact_rec_text: autoDraw = True
261.7240 	EXP 	Artifact_rec_break: autoDraw = True
262.7241 	EXP 	Artifact_rec_break: autoDraw = False
264.7435 	EXP 	New trial (rep=8, index=0): None
265.7743 	EXP 	Artifact_rec_text: autoDraw = False
265.7743 	EXP 	Artifact_rec_recording: autoDraw = False
265.7743 	EXP 	Artifact_rec_break: autoDraw = False
265.7743 	EXP 	Artifact_rec_text: autoDraw = True
283.7418 	EXP 	Artifact_rec_break: autoDraw = True
284.7419 	EXP 	Artifact_rec_break: autoDraw = False
286.7612 	EXP 	New trial (rep=9, index=0): None
287.7928 	EXP 	Artifact_rec_text: autoDraw = False
287.7928 	EXP 	Artifact_rec_recording: autoDraw = False
287.7928 	EXP 	Artifact_rec_break: autoDraw = False
287.7928 	EXP 	Artifact_rec_text: autoDraw = True
305.7595 	EXP 	Artifact_rec_break: autoDraw = True
306.7596 	EXP 	Artifact_rec_break: autoDraw = False
308.7797 	EXP 	New trial (rep=10, index=0): None
309.8097 	EXP 	Artifact_rec_text: autoDraw = False
309.8097 	EXP 	Artifact_rec_recording: autoDraw = False
309.8097 	EXP 	Artifact_rec_break: autoDraw = False
309.8097 	EXP 	Artifact_rec_text: autoDraw = True
327.7775 	EXP 	Artifact_rec_break: autoDraw = True
328.7775 	EXP 	Artifact_rec_break: autoDraw = False
330.7984 	EXP 	New trial (rep=11, index=0): None
331.8275 	EXP 	Artifact_rec_text: autoDraw = False
331.8275 	EXP 	Artifact_rec_recording: autoDraw = False
331.8275 	EXP 	Artifact_rec_break: autoDraw = False
331.8275 	EXP 	Artifact_rec_text: autoDraw = True
349.7950 	EXP 	Artifact_rec_break: autoDraw = True
350.7950 	EXP 	Artifact_rec_break: autoDraw = False
352.8163 	EXP 	New trial (rep=12, index=0): None
353.8452 	EXP 	Artifact_rec_text: autoDraw = False
353.8452 	EXP 	Artifact_rec_recording: autoDraw = False
353.8452 	EXP 	Artifact_rec_break: autoDraw = False
353.8452 	EXP 	Artifact_rec_text: autoDraw = True
371.8131 	EXP 	Artifact_rec_break: autoDraw = True
372.8132 	EXP 	Artifact_rec_break: autoDraw = False
374.8334 	EXP 	New trial (rep=13, index=0): None
375.8629 	EXP 	Artifact_rec_text: autoDraw = False
375.8629 	EXP 	Artifact_rec_recording: autoDraw = False
375.8629 	EXP 	Artifact_rec_break: autoDraw = False
375.8629 	EXP 	Artifact_rec_text: autoDraw = True
393.8640 	EXP 	Artifact_rec_break: autoDraw = True
394.8974 	EXP 	Artifact_rec_break: autoDraw = False
396.8668 	EXP 	New trial (rep=14, index=0): None
397.8979 	EXP 	Artifact_rec_text: autoDraw = False
397.8979 	EXP 	Artifact_rec_recording: autoDraw = False
397.8979 	EXP 	Artifact_rec_break: autoDraw = False
397.8979 	EXP 	Artifact_rec_text: autoDraw = True
415.8984 	EXP 	Artifact_rec_break: autoDraw = True
416.9318 	EXP 	Artifact_rec_break: autoDraw = False
420.9329 	EXP 	Artifact_rec_text: autoDraw = False
420.9329 	EXP 	Artifact_rec_recording: autoDraw = False
420.9329 	EXP 	Artifact_rec_break: autoDraw = False
420.9329 	EXP 	RS_intro_title: autoDraw = True
420.9329 	EXP 	RS_intro_text: autoDraw = True
443.9835 	EXP 	RS_intro_title: autoDraw = False
443.9835 	EXP 	RS_intro_text: autoDraw = False
443.9835 	EXP 	RS_intro_title: autoDraw = False
443.9835 	EXP 	RS_intro_text: autoDraw = False
443.9835 	EXP 	RS_rec_text: text = 'Please keep relaxed and close your eyes.\n'
443.9835 	EXP 	RS_rec_text: autoDraw = True
624.0257 	EXP 	RS_rec_text: autoDraw = False
627.4095 	EXP 	RS_rec_text: autoDraw = False
627.4095 	EXP 	RS_intro_title: autoDraw = True
627.4095 	EXP 	RS_intro_text: autoDraw = True
650.4622 	EXP 	RS_intro_title: autoDraw = False
650.4622 	EXP 	RS_intro_text: autoDraw = False
650.4622 	EXP 	RS_intro_title: autoDraw = False
650.4622 	EXP 	RS_intro_text: autoDraw = False
650.4622 	EXP 	RS_rec_text: text = 'Please keep relaxed and open your eyes.\nNote: Blinking is allowed.'
650.4622 	EXP 	RS_rec_text: autoDraw = True
830.5030 	EXP 	RS_rec_text: autoDraw = False
833.9032 	EXP 	RS_rec_text: autoDraw = False
833.9032 	EXP 	Pause_cont: text = 'Press [space] key to continue.'
833.9032 	EXP 	Pause_cont: autoDraw = True
841.6207 	DATA 	Keypress: space
847.9376 	EXP 	Pause_cont: autoDraw = False
847.9376 	EXP 	QA_intro_title: autoDraw = True
847.9376 	EXP 	QA_intro_text: autoDraw = True
886.0564 	DATA 	Keypress: space
887.3560 	EXP 	QA_intro_cont: autoDraw = True
888.3766 	EXP 	Created sequence: random, trialTypes=1, nReps=2, seed=None
888.3773 	EXP 	New trial (rep=0, index=0): None
889.3807 	EXP 	Created sequence: random, trialTypes=1, nReps=25, seed=None
889.3817 	EXP 	New trial (rep=0, index=0): None
890.4395 	EXP 	QA_intro_title: autoDraw = False
890.4395 	EXP 	QA_intro_text: autoDraw = False
890.4395 	EXP 	QA_intro_cont: autoDraw = False
890.4395 	EXP 	QA_rec_text: autoDraw = True
908.4403 	EXP 	QA_rec_break: autoDraw = True
910.4460 	EXP 	New trial (rep=1, index=0): None
911.5072 	EXP 	QA_rec_text: autoDraw = False
911.5072 	EXP 	QA_rec_break: autoDraw = False
911.5072 	EXP 	QA_rec_text: autoDraw = True
929.5081 	EXP 	QA_rec_break: autoDraw = True
931.4800 	EXP 	New trial (rep=2, index=0): None
932.5256 	EXP 	QA_rec_text: autoDraw = False
932.5256 	EXP 	QA_rec_break: autoDraw = False
932.5256 	EXP 	QA_rec_text: autoDraw = True
950.5094 	EXP 	QA_rec_break: autoDraw = True
952.5138 	EXP 	New trial (rep=3, index=0): None
953.5763 	EXP 	QA_rec_text: autoDraw = False
953.5763 	EXP 	QA_rec_break: autoDraw = False
953.5763 	EXP 	QA_rec_text: autoDraw = True
971.5770 	EXP 	QA_rec_break: autoDraw = True
973.5816 	EXP 	New trial (rep=4, index=0): None
974.6271 	EXP 	QA_rec_text: autoDraw = False
974.6271 	EXP 	QA_rec_break: autoDraw = False
974.6271 	EXP 	QA_rec_text: autoDraw = True
992.6280 	EXP 	QA_rec_break: autoDraw = True
994.6323 	EXP 	New trial (rep=5, index=0): None
995.6783 	EXP 	QA_rec_text: autoDraw = False
995.6783 	EXP 	QA_rec_break: autoDraw = False
995.6783 	EXP 	QA_rec_text: autoDraw = True
1013.6458 	EXP 	QA_rec_break: autoDraw = True
1015.6503 	EXP 	New trial (rep=6, index=0): None
1016.7132 	EXP 	QA_rec_text: autoDraw = False
1016.7132 	EXP 	QA_rec_break: autoDraw = False
1016.7132 	EXP 	QA_rec_text: autoDraw = True
1034.6802 	EXP 	QA_rec_break: autoDraw = True
1036.6846 	EXP 	New trial (rep=7, index=0): None
1037.7309 	EXP 	QA_rec_text: autoDraw = False
1037.7309 	EXP 	QA_rec_break: autoDraw = False
1037.7309 	EXP 	QA_rec_text: autoDraw = True
1055.7313 	EXP 	QA_rec_break: autoDraw = True
1057.7357 	EXP 	New trial (rep=8, index=0): None
1058.7987 	EXP 	QA_rec_text: autoDraw = False
1058.7987 	EXP 	QA_rec_break: autoDraw = False
1058.7987 	EXP 	QA_rec_text: autoDraw = True
1076.7990 	EXP 	QA_rec_break: autoDraw = True
1078.7701 	EXP 	New trial (rep=9, index=0): None
1079.8341 	EXP 	QA_rec_text: autoDraw = False
1079.8341 	EXP 	QA_rec_break: autoDraw = False
1079.8341 	EXP 	QA_rec_text: autoDraw = True
1097.8334 	EXP 	QA_rec_break: autoDraw = True
1099.8046 	EXP 	New trial (rep=10, index=0): None
1100.8511 	EXP 	QA_rec_text: autoDraw = False
1100.8511 	EXP 	QA_rec_break: autoDraw = False
1100.8511 	EXP 	QA_rec_text: autoDraw = True
1118.8512 	EXP 	QA_rec_break: autoDraw = True
1120.8565 	EXP 	New trial (rep=11, index=0): None
1121.9180 	EXP 	QA_rec_text: autoDraw = False
1121.9180 	EXP 	QA_rec_break: autoDraw = False
1121.9180 	EXP 	QA_rec_text: autoDraw = True
1139.9023 	EXP 	QA_rec_break: autoDraw = True
1141.9066 	EXP 	New trial (rep=12, index=0): None
1142.9692 	EXP 	QA_rec_text: autoDraw = False
1142.9692 	EXP 	QA_rec_break: autoDraw = False
1142.9692 	EXP 	QA_rec_text: autoDraw = True
1160.9700 	EXP 	QA_rec_break: autoDraw = True
1162.9417 	EXP 	New trial (rep=13, index=0): None
1164.0037 	EXP 	QA_rec_text: autoDraw = False
1164.0037 	EXP 	QA_rec_break: autoDraw = False
1164.0037 	EXP 	QA_rec_text: autoDraw = True
1182.0044 	EXP 	QA_rec_break: autoDraw = True
1183.9763 	EXP 	New trial (rep=14, index=0): None
1185.0380 	EXP 	QA_rec_text: autoDraw = False
1185.0380 	EXP 	QA_rec_break: autoDraw = False
1185.0380 	EXP 	QA_rec_text: autoDraw = True
1203.0388 	EXP 	QA_rec_break: autoDraw = True
1205.0100 	EXP 	New trial (rep=15, index=0): None
1206.0565 	EXP 	QA_rec_text: autoDraw = False
1206.0565 	EXP 	QA_rec_break: autoDraw = False
1206.0565 	EXP 	QA_rec_text: autoDraw = True
1224.0566 	EXP 	QA_rec_break: autoDraw = True
1226.0611 	EXP 	New trial (rep=16, index=0): None
1227.1237 	EXP 	QA_rec_text: autoDraw = False
1227.1237 	EXP 	QA_rec_break: autoDraw = False
1227.1237 	EXP 	QA_rec_text: autoDraw = True
1245.1244 	EXP 	QA_rec_break: autoDraw = True
1247.0956 	EXP 	New trial (rep=17, index=0): None
1248.1415 	EXP 	QA_rec_text: autoDraw = False
1248.1415 	EXP 	QA_rec_break: autoDraw = False
1248.1415 	EXP 	QA_rec_text: autoDraw = True
1266.1422 	EXP 	QA_rec_break: autoDraw = True
1268.1465 	EXP 	New trial (rep=18, index=0): None
1269.2091 	EXP 	QA_rec_text: autoDraw = False
1269.2091 	EXP 	QA_rec_break: autoDraw = False
1269.2091 	EXP 	QA_rec_text: autoDraw = True
1287.2099 	EXP 	QA_rec_break: autoDraw = True
1289.1817 	EXP 	New trial (rep=19, index=0): None
1290.2441 	EXP 	QA_rec_text: autoDraw = False
1290.2441 	EXP 	QA_rec_break: autoDraw = False
1290.2441 	EXP 	QA_rec_text: autoDraw = True
1308.2111 	EXP 	QA_rec_break: autoDraw = True
1310.2162 	EXP 	New trial (rep=20, index=0): None
1311.2785 	EXP 	QA_rec_text: autoDraw = False
1311.2785 	EXP 	QA_rec_break: autoDraw = False
1311.2785 	EXP 	QA_rec_text: autoDraw = True
1329.2788 	EXP 	QA_rec_break: autoDraw = True
1331.2501 	EXP 	New trial (rep=21, index=0): None
1332.2957 	EXP 	QA_rec_text: autoDraw = False
1332.2957 	EXP 	QA_rec_break: autoDraw = False
1332.2957 	EXP 	QA_rec_text: autoDraw = True
1350.2632 	EXP 	QA_rec_break: autoDraw = True
1352.2681 	EXP 	New trial (rep=22, index=0): None
1353.3140 	EXP 	QA_rec_text: autoDraw = False
1353.3140 	EXP 	QA_rec_break: autoDraw = False
1353.3140 	EXP 	QA_rec_text: autoDraw = True
1371.3144 	EXP 	QA_rec_break: autoDraw = True
1373.3188 	EXP 	New trial (rep=23, index=0): None
1374.3813 	EXP 	QA_rec_text: autoDraw = False
1374.3813 	EXP 	QA_rec_break: autoDraw = False
1374.3813 	EXP 	QA_rec_text: autoDraw = True
1392.3821 	EXP 	QA_rec_break: autoDraw = True
1394.3534 	EXP 	New trial (rep=24, index=0): None
1395.4156 	EXP 	QA_rec_text: autoDraw = False
1395.4156 	EXP 	QA_rec_break: autoDraw = False
1395.4156 	EXP 	QA_rec_text: autoDraw = True
1413.4166 	EXP 	QA_rec_break: autoDraw = True
1417.4334 	EXP 	QA_rec_text: autoDraw = False
1417.4334 	EXP 	QA_rec_break: autoDraw = False
1417.4334 	EXP 	Pause_cont: text = 'Press [space] key to continue.'
1417.4334 	EXP 	Pause_cont: autoDraw = True
1422.1905 	DATA 	Keypress: space
1429.4765 	EXP 	New trial (rep=1, index=0): None
1430.4797 	EXP 	Created sequence: random, trialTypes=1, nReps=25, seed=None
1430.4806 	EXP 	New trial (rep=0, index=0): None
1431.5365 	EXP 	Pause_cont: autoDraw = False
1431.5365 	EXP 	QA_rec_text: autoDraw = True
1449.5351 	EXP 	QA_rec_break: autoDraw = True
1451.5406 	EXP 	New trial (rep=1, index=0): None
1452.6026 	EXP 	QA_rec_text: autoDraw = False
1452.6026 	EXP 	QA_rec_break: autoDraw = False
1452.6026 	EXP 	QA_rec_text: autoDraw = True
1470.5696 	EXP 	QA_rec_break: autoDraw = True
1472.5740 	EXP 	New trial (rep=2, index=0): None
1473.6368 	EXP 	QA_rec_text: autoDraw = False
1473.6368 	EXP 	QA_rec_break: autoDraw = False
1473.6368 	EXP 	QA_rec_text: autoDraw = True
1491.6040 	EXP 	QA_rec_break: autoDraw = True
1493.6086 	EXP 	New trial (rep=3, index=0): None
1494.6720 	EXP 	QA_rec_text: autoDraw = False
1494.6720 	EXP 	QA_rec_break: autoDraw = False
1494.6720 	EXP 	QA_rec_text: autoDraw = True
1512.6384 	EXP 	QA_rec_break: autoDraw = True
1514.6428 	EXP 	New trial (rep=4, index=0): None
1515.7067 	EXP 	QA_rec_text: autoDraw = False
1515.7067 	EXP 	QA_rec_break: autoDraw = False
1515.7067 	EXP 	QA_rec_text: autoDraw = True
1533.6896 	EXP 	QA_rec_break: autoDraw = True
1535.6946 	EXP 	New trial (rep=5, index=0): None
1536.7570 	EXP 	QA_rec_text: autoDraw = False
1536.7570 	EXP 	QA_rec_break: autoDraw = False
1536.7570 	EXP 	QA_rec_text: autoDraw = True
1554.7240 	EXP 	QA_rec_break: autoDraw = True
1556.7293 	EXP 	New trial (rep=6, index=0): None
1557.7753 	EXP 	QA_rec_text: autoDraw = False
1557.7753 	EXP 	QA_rec_break: autoDraw = False
1557.7753 	EXP 	QA_rec_text: autoDraw = True
1575.7750 	EXP 	QA_rec_break: autoDraw = True
1577.7795 	EXP 	New trial (rep=7, index=0): None
1578.8425 	EXP 	QA_rec_text: autoDraw = False
1578.8425 	EXP 	QA_rec_break: autoDraw = False
1578.8425 	EXP 	QA_rec_text: autoDraw = True
1596.8428 	EXP 	QA_rec_break: autoDraw = True
1598.8148 	EXP 	New trial (rep=8, index=0): None
1599.8931 	EXP 	QA_rec_text: autoDraw = False
1599.8931 	EXP 	QA_rec_break: autoDraw = False
1599.8931 	EXP 	QA_rec_text: autoDraw = True
1617.8606 	EXP 	QA_rec_break: autoDraw = True
1619.8650 	EXP 	New trial (rep=9, index=0): None
1620.9293 	EXP 	QA_rec_text: autoDraw = False
1620.9293 	EXP 	QA_rec_break: autoDraw = False
1620.9293 	EXP 	QA_rec_text: autoDraw = True
1638.9284 	EXP 	QA_rec_break: autoDraw = True
1640.9328 	EXP 	New trial (rep=10, index=0): None
1641.9792 	EXP 	QA_rec_text: autoDraw = False
1641.9792 	EXP 	QA_rec_break: autoDraw = False
1641.9792 	EXP 	QA_rec_text: autoDraw = True
1659.9462 	EXP 	QA_rec_break: autoDraw = True
1661.9505 	EXP 	New trial (rep=11, index=0): None
1663.0135 	EXP 	QA_rec_text: autoDraw = False
1663.0135 	EXP 	QA_rec_break: autoDraw = False
1663.0135 	EXP 	QA_rec_text: autoDraw = True
1681.0139 	EXP 	QA_rec_break: autoDraw = True
1682.9849 	EXP 	New trial (rep=12, index=0): None
1684.0479 	EXP 	QA_rec_text: autoDraw = False
1684.0479 	EXP 	QA_rec_break: autoDraw = False
1684.0479 	EXP 	QA_rec_text: autoDraw = True
1702.0484 	EXP 	QA_rec_break: autoDraw = True
1704.0195 	EXP 	New trial (rep=13, index=0): None
1705.0828 	EXP 	QA_rec_text: autoDraw = False
1705.0828 	EXP 	QA_rec_break: autoDraw = False
1705.0828 	EXP 	QA_rec_text: autoDraw = True
1723.0827 	EXP 	QA_rec_break: autoDraw = True
1725.0547 	EXP 	New trial (rep=14, index=0): None
1726.1168 	EXP 	QA_rec_text: autoDraw = False
1726.1168 	EXP 	QA_rec_break: autoDraw = False
1726.1168 	EXP 	QA_rec_text: autoDraw = True
1744.1172 	EXP 	QA_rec_break: autoDraw = True
1746.0884 	EXP 	New trial (rep=15, index=0): None
1747.1521 	EXP 	QA_rec_text: autoDraw = False
1747.1521 	EXP 	QA_rec_break: autoDraw = False
1747.1521 	EXP 	QA_rec_text: autoDraw = True
1765.1516 	EXP 	QA_rec_break: autoDraw = True
1767.1563 	EXP 	New trial (rep=16, index=0): None
1768.2352 	EXP 	QA_rec_text: autoDraw = False
1768.2352 	EXP 	QA_rec_break: autoDraw = False
1768.2352 	EXP 	QA_rec_text: autoDraw = True
1786.2027 	EXP 	QA_rec_break: autoDraw = True
1788.2082 	EXP 	New trial (rep=17, index=0): None
1789.2702 	EXP 	QA_rec_text: autoDraw = False
1789.2702 	EXP 	QA_rec_break: autoDraw = False
1789.2702 	EXP 	QA_rec_text: autoDraw = True
1807.2704 	EXP 	QA_rec_break: autoDraw = True
1809.2418 	EXP 	New trial (rep=18, index=0): None
1810.3055 	EXP 	QA_rec_text: autoDraw = False
1810.3055 	EXP 	QA_rec_break: autoDraw = False
1810.3055 	EXP 	QA_rec_text: autoDraw = True
1828.3049 	EXP 	QA_rec_break: autoDraw = True
1830.3095 	EXP 	New trial (rep=19, index=0): None
1831.3550 	EXP 	QA_rec_text: autoDraw = False
1831.3550 	EXP 	QA_rec_break: autoDraw = False
1831.3550 	EXP 	QA_rec_text: autoDraw = True
1849.3226 	EXP 	QA_rec_break: autoDraw = True
1851.3271 	EXP 	New trial (rep=20, index=0): None
1852.3901 	EXP 	QA_rec_text: autoDraw = False
1852.3901 	EXP 	QA_rec_break: autoDraw = False
1852.3901 	EXP 	QA_rec_text: autoDraw = True
1870.3904 	EXP 	QA_rec_break: autoDraw = True
1872.3614 	EXP 	New trial (rep=21, index=0): None
1873.4239 	EXP 	QA_rec_text: autoDraw = False
1873.4239 	EXP 	QA_rec_break: autoDraw = False
1873.4239 	EXP 	QA_rec_text: autoDraw = True
1891.3915 	EXP 	QA_rec_break: autoDraw = True
1893.3960 	EXP 	New trial (rep=22, index=0): None
1894.5089 	EXP 	QA_rec_text: autoDraw = False
1894.5089 	EXP 	QA_rec_break: autoDraw = False
1894.5089 	EXP 	QA_rec_text: autoDraw = True
1912.5092 	EXP 	QA_rec_break: autoDraw = True
1914.4804 	EXP 	New trial (rep=23, index=0): None
1915.5428 	EXP 	QA_rec_text: autoDraw = False
1915.5428 	EXP 	QA_rec_break: autoDraw = False
1915.5428 	EXP 	QA_rec_text: autoDraw = True
1933.5437 	EXP 	QA_rec_break: autoDraw = True
1935.5143 	EXP 	New trial (rep=24, index=0): None
1936.5772 	EXP 	QA_rec_text: autoDraw = False
1936.5772 	EXP 	QA_rec_break: autoDraw = False
1936.5772 	EXP 	QA_rec_text: autoDraw = True
1954.5448 	EXP 	QA_rec_break: autoDraw = True
1958.5950 	EXP 	QA_rec_text: autoDraw = False
1958.5950 	EXP 	QA_rec_break: autoDraw = False
1958.5950 	EXP 	Pause_cont: text = 'Press [space] key to continue.'
1958.5950 	EXP 	Pause_cont: autoDraw = True
1963.3202 	DATA 	Keypress: space
1975.6505 	EXP 	New trial (rep=3, index=0): None
1976.8012 	EXP 	window1: mouseVisible = True
