28.5845 	EXP 	Created instruction_text = TextStim(__class__=<class 'psychopy.visual.text.TextStim'>, alignHoriz='center', alignVert='center', antialias=True, autoLog=True, bold=False, color=array([1., 1., 1.]), colorSpace='rgb', contrast=1.0, depth=-0.0, flipHoriz=False, flipVert=False, font='Arial', fontFiles=[], height=0.06, italic=False, languageStyle='LTR', name='instruction_text', opacity=1.0, ori=0.0, pos=array([0.5, 0.1]), rgb=array([1., 1., 1.]), text=str(...), units='norm', win=Window(...), wrapWidth=1)
28.8653 	EXP 	Created instruction_cont = TextStim(__class__=<class 'psychopy.visual.text.TextStim'>, alignHoriz='center', alignVert='center', antialias=True, autoLog=True, bold=False, color=array([1., 1., 1.]), colorSpace='rgb', contrast=1.0, depth=-3.0, flipHoriz=False, flipVert=False, font='Arial', fontFiles=[], height=0.06, italic=False, languageStyle='LTR', name='instruction_cont', opacity=1.0, ori=0.0, pos=array([ 0.5, -0.4]), rgb=array([1., 1., 1.]), text='          Press [space] key to continue.', units='norm', win=Window(...), wrapWidth=1)
28.8777 	EXP 	Created Artifact_intro_title = TextStim(__class__=<class 'psychopy.visual.text.TextStim'>, alignHoriz='center', alignVert='center', antialias=True, autoLog=True, bold=False, color=array([1., 1., 1.]), colorSpace='rgb', contrast=1.0, depth=-0.0, flipHoriz=False, flipVert=False, font='Arial', fontFiles=[], height=0.06, italic=False, languageStyle='LTR', name='Artifact_intro_title', opacity=1.0, ori=0.0, pos=array([0.5, 0.4]), rgb=array([1., 1., 1.]), text='Muscular signal recording', units='norm', win=Window(...), wrapWidth=1)
28.8913 	EXP 	Created Artifact_intro_text = TextStim(__class__=<class 'psychopy.visual.text.TextStim'>, alignHoriz='center', alignVert='center', antialias=True, autoLog=True, bold=False, color=array([1., 1., 1.]), colorSpace='rgb', contrast=1.0, depth=-1.0, flipHoriz=False, flipVert=False, font='Arial', fontFiles=[], height=0.06, italic=False, languageStyle='LTR', name='Artifact_intro_text', opacity=1.0, ori=0.0, pos=array([0.5, 0. ]), rgb=array([1., 1., 1.]), text=str(...), units='norm', win=Window(...), wrapWidth=1)
28.9039 	EXP 	Created Artifact_intro_cont = TextStim(__class__=<class 'psychopy.visual.text.TextStim'>, alignHoriz='center', alignVert='center', antialias=True, autoLog=True, bold=False, color=array([1., 1., 1.]), colorSpace='rgb', contrast=1.0, depth=-4.0, flipHoriz=False, flipVert=False, font='Arial', fontFiles=[], height=0.06, italic=False, languageStyle='LTR', name='Artifact_intro_cont', opacity=1.0, ori=0.0, pos=array([0.5, 0. ]), rgb=array([1., 1., 1.]), text='          Press [space] key to continue.', units='norm', win=Window(...), wrapWidth=1)
28.9045 	EXP 	Created Artifact_rec_text = TextStim(__class__=<class 'psychopy.visual.text.TextStim'>, alignHoriz='center', alignVert='center', antialias=True, autoLog=True, bold=False, color=array([1., 1., 1.]), colorSpace='rgb', contrast=1.0, depth=-0.0, flipHoriz=False, flipVert=False, font='Arial', fontFiles=[], height=0.06, italic=False, languageStyle='LTR', name='Artifact_rec_text', opacity=1.0, ori=0.0, pos=array([0.5, 0.4]), rgb=array([1., 1., 1.]), text='', units='norm', win=Window(...), wrapWidth=1)
28.9067 	EXP 	Created Artifact_rec_recording = TextStim(__class__=<class 'psychopy.visual.text.TextStim'>, alignHoriz='center', alignVert='center', antialias=True, autoLog=True, bold=False, color=array([1., 1., 1.]), colorSpace='rgb', contrast=1.0, depth=-4.0, flipHoriz=False, flipVert=False, font='Arial', fontFiles=[], height=0.06, italic=False, languageStyle='LTR', name='Artifact_rec_recording', opacity=1.0, ori=0.0, pos=array([ 0.5, -0.4]), rgb=array([1., 1., 1.]), text='', units='norm', win=Window(...), wrapWidth=1)
28.9096 	EXP 	Created Artifact_rec_break = TextStim(__class__=<class 'psychopy.visual.text.TextStim'>, alignHoriz='center', alignVert='center', antialias=True, autoLog=True, bold=False, color=array([1., 1., 1.]), colorSpace='rgb', contrast=1.0, depth=-6.0, flipHoriz=False, flipVert=False, font='Arial', fontFiles=[], height=0.06, italic=False, languageStyle='LTR', name='Artifact_rec_break', opacity=1.0, ori=0.0, pos=array([ 0.5, -0.4]), rgb=array([1., 1., 1.]), text='Short break', units='norm', win=Window(...), wrapWidth=1)
28.9148 	EXP 	Created Cali_de_pre_intro_title = TextStim(__class__=<class 'psychopy.visual.text.TextStim'>, alignHoriz='center', alignVert='center', antialias=True, autoLog=True, bold=False, color=array([1., 1., 1.]), colorSpace='rgb', contrast=1.0, depth=-0.0, flipHoriz=False, flipVert=False, font='Arial', fontFiles=[], height=0.06, italic=False, languageStyle='LTR', name='Cali_de_pre_intro_title', opacity=1.0, ori=0.0, pos=array([0.5, 0.4]), rgb=array([1., 1., 1.]), text='READ OUT BLOCK (GERMAN)', units='norm', win=Window(...), wrapWidth=1)
28.9228 	EXP 	Created Cali_de_pre_intro_text = TextStim(__class__=<class 'psychopy.visual.text.TextStim'>, alignHoriz='center', alignVert='center', antialias=True, autoLog=True, bold=False, color=array([1., 1., 1.]), colorSpace='rgb', contrast=1.0, depth=-1.0, flipHoriz=False, flipVert=False, font='Arial', fontFiles=[], height=0.06, italic=False, languageStyle='LTR', name='Cali_de_pre_intro_text', opacity=1.0, ori=0.0, pos=array([0.5, 0. ]), rgb=array([1., 1., 1.]), text=str(...), units='norm', win=Window(...), wrapWidth=1)
28.9278 	EXP 	Created Cali_de_pre_intro_cont = TextStim(__class__=<class 'psychopy.visual.text.TextStim'>, alignHoriz='center', alignVert='center', antialias=True, autoLog=True, bold=False, color=array([1., 1., 1.]), colorSpace='rgb', contrast=1.0, depth=-4.0, flipHoriz=False, flipVert=False, font='Arial', fontFiles=[], height=0.06, italic=False, languageStyle='LTR', name='Cali_de_pre_intro_cont', opacity=1.0, ori=0.0, pos=array([0.5, 0. ]), rgb=array([1., 1., 1.]), text='          Press [space] key to continue.', units='norm', win=Window(...), wrapWidth=1)
28.9283 	EXP 	Created Cali_de_pre_rec_text = TextStim(__class__=<class 'psychopy.visual.text.TextStim'>, alignHoriz='center', alignVert='center', antialias=True, autoLog=True, bold=False, color=array([1., 1., 1.]), colorSpace='rgb', contrast=1.0, depth=-0.0, flipHoriz=False, flipVert=False, font='Arial', fontFiles=[], height=0.06, italic=False, languageStyle='LTR', name='Cali_de_pre_rec_text', opacity=1.0, ori=0.0, pos=array([0.5, 0.4]), rgb=array([1., 1., 1.]), text='', units='norm', win=Window(...), wrapWidth=1)
28.9291 	EXP 	Created Cali_de_pre_rec_question_text = TextStim(__class__=<class 'psychopy.visual.text.TextStim'>, alignHoriz='center', alignVert='center', antialias=True, autoLog=True, bold=False, color=array([1., 1., 1.]), colorSpace='rgb', contrast=1.0, depth=-2.0, flipHoriz=False, flipVert=False, font='Arial', fontFiles=[], height=0.06, italic=False, languageStyle='LTR', name='Cali_de_pre_rec_question_text', opacity=1.0, ori=0.0, pos=array([0.5, 0. ]), rgb=array([1., 1., 1.]), text='', units='norm', win=Window(...), wrapWidth=1)
28.9313 	EXP 	Created Cali_de_pre_rec_break = TextStim(__class__=<class 'psychopy.visual.text.TextStim'>, alignHoriz='center', alignVert='center', antialias=True, autoLog=True, bold=False, color=array([1., 1., 1.]), colorSpace='rgb', contrast=1.0, depth=-6.0, flipHoriz=False, flipVert=False, font='Arial', fontFiles=[], height=0.06, italic=False, languageStyle='LTR', name='Cali_de_pre_rec_break', opacity=1.0, ori=0.0, pos=array([ 0.5, -0.4]), rgb=array([1., 1., 1.]), text='Short break', units='norm', win=Window(...), wrapWidth=1)
28.9318 	EXP 	Created fade_in_text = TextStim(__class__=<class 'psychopy.visual.text.TextStim'>, alignHoriz='center', alignVert='center', antialias=True, autoLog=True, bold=False, color=array([1., 1., 1.]), colorSpace='rgb', contrast=1.0, depth=-0.0, flipHoriz=False, flipVert=False, font='Arial', fontFiles=[], height=0.06, italic=False, languageStyle='LTR', name='fade_in_text', opacity=1.0, ori=0.0, pos=array([0.5, 0.4]), rgb=array([1., 1., 1.]), text='', units='norm', win=Window(...), wrapWidth=1)
28.9338 	EXP 	Created RS_intro_title = TextStim(__class__=<class 'psychopy.visual.text.TextStim'>, alignHoriz='center', alignVert='center', antialias=True, autoLog=True, bold=False, color=array([1., 1., 1.]), colorSpace='rgb', contrast=1.0, depth=-0.0, flipHoriz=False, flipVert=False, font='Arial', fontFiles=[], height=0.06, italic=False, languageStyle='LTR', name='RS_intro_title', opacity=1.0, ori=0.0, pos=array([0.5, 0.4]), rgb=array([1., 1., 1.]), text='REST STATE BLOCK', units='norm', win=Window(...), wrapWidth=1)
28.9397 	EXP 	Created RS_intro_text = TextStim(__class__=<class 'psychopy.visual.text.TextStim'>, alignHoriz='center', alignVert='center', antialias=True, autoLog=True, bold=False, color=array([1., 1., 1.]), colorSpace='rgb', contrast=1.0, depth=-1.0, flipHoriz=False, flipVert=False, font='Arial', fontFiles=[], height=0.06, italic=False, languageStyle='LTR', name='RS_intro_text', opacity=1.0, ori=0.0, pos=array([0.5, 0. ]), rgb=array([1., 1., 1.]), text=str(...), units='norm', win=Window(...), wrapWidth=1)
28.9450 	EXP 	Created RS_rec_text = TextStim(__class__=<class 'psychopy.visual.text.TextStim'>, alignHoriz='center', alignVert='center', antialias=True, autoLog=True, bold=False, color=array([1., 1., 1.]), colorSpace='rgb', contrast=1.0, depth=-0.0, flipHoriz=False, flipVert=False, font='Arial', fontFiles=[], height=0.06, italic=False, languageStyle='LTR', name='RS_rec_text', opacity=1.0, ori=0.0, pos=array([0.5, 0. ]), rgb=array([1., 1., 1.]), text=str(...), units='norm', win=Window(...), wrapWidth=1)
28.9472 	EXP 	Created QA_intro_title = TextStim(__class__=<class 'psychopy.visual.text.TextStim'>, alignHoriz='center', alignVert='center', antialias=True, autoLog=True, bold=False, color=array([1., 1., 1.]), colorSpace='rgb', contrast=1.0, depth=-0.0, flipHoriz=False, flipVert=False, font='Arial', fontFiles=[], height=0.06, italic=False, languageStyle='LTR', name='QA_intro_title', opacity=1.0, ori=0.0, pos=array([0.5, 0.5]), rgb=array([1., 1., 1.]), text='Q&A BLOCK', units='norm', win=Window(...), wrapWidth=1)
28.9564 	EXP 	Created QA_intro_text = TextStim(__class__=<class 'psychopy.visual.text.TextStim'>, alignHoriz='center', alignVert='center', antialias=True, autoLog=True, bold=False, color=array([1., 1., 1.]), colorSpace='rgb', contrast=1.0, depth=-1.0, flipHoriz=False, flipVert=False, font='Arial', fontFiles=[], height=0.06, italic=False, languageStyle='LTR', name='QA_intro_text', opacity=1.0, ori=0.0, pos=array([0.5, 0. ]), rgb=array([1., 1., 1.]), text=str(...), units='norm', win=Window(...), wrapWidth=1)
28.9606 	EXP 	Created QA_intro_cont = TextStim(__class__=<class 'psychopy.visual.text.TextStim'>, alignHoriz='center', alignVert='center', antialias=True, autoLog=True, bold=False, color=array([1., 1., 1.]), colorSpace='rgb', contrast=1.0, depth=-4.0, flipHoriz=False, flipVert=False, font='Arial', fontFiles=[], height=0.06, italic=False, languageStyle='LTR', name='QA_intro_cont', opacity=1.0, ori=0.0, pos=array([0.5, 0. ]), rgb=array([1., 1., 1.]), text='          Press [space] key to continue.', units='norm', win=Window(...), wrapWidth=1)
28.9634 	EXP 	Created QA_rec_text = TextStim(__class__=<class 'psychopy.visual.text.TextStim'>, alignHoriz='center', alignVert='center', antialias=True, autoLog=True, bold=False, color=array([1., 1., 1.]), colorSpace='rgb', contrast=1.0, depth=-0.0, flipHoriz=False, flipVert=False, font='Arial', fontFiles=[], height=0.06, italic=False, languageStyle='LTR', name='QA_rec_text', opacity=1.0, ori=0.0, pos=array([0.5, 0. ]), rgb=array([1., 1., 1.]), text=str(...), units='norm', win=Window(...), wrapWidth=1)
28.9673 	EXP 	Created QA_rec_break = TextStim(__class__=<class 'psychopy.visual.text.TextStim'>, alignHoriz='center', alignVert='center', antialias=True, autoLog=True, bold=False, color=array([1., 1., 1.]), colorSpace='rgb', contrast=1.0, depth=-6.0, flipHoriz=False, flipVert=False, font='Arial', fontFiles=[], height=0.06, italic=False, languageStyle='LTR', name='QA_rec_break', opacity=1.0, ori=0.0, pos=array([ 0.5, -0.4]), rgb=array([1., 1., 1.]), text='Short break', units='norm', win=Window(...), wrapWidth=1)
28.9715 	EXP 	Created Pause_cont = TextStim(__class__=<class 'psychopy.visual.text.TextStim'>, alignHoriz='center', alignVert='center', antialias=True, autoLog=True, bold=False, color=array([1., 1., 1.]), colorSpace='rgb', contrast=1.0, depth=-2.0, flipHoriz=False, flipVert=False, font='Arial', fontFiles=[], height=0.06, italic=False, languageStyle='LTR', name='Pause_cont', opacity=1.0, ori=0.0, pos=array([0.5, 0. ]), rgb=array([1., 1., 1.]), text=str(...), units='norm', win=Window(...), wrapWidth=1)
28.9737 	EXP 	Created Cali_de_post_intro_title = TextStim(__class__=<class 'psychopy.visual.text.TextStim'>, alignHoriz='center', alignVert='center', antialias=True, autoLog=True, bold=False, color=array([1., 1., 1.]), colorSpace='rgb', contrast=1.0, depth=-0.0, flipHoriz=False, flipVert=False, font='Arial', fontFiles=[], height=0.06, italic=False, languageStyle='LTR', name='Cali_de_post_intro_title', opacity=1.0, ori=0.0, pos=array([0.5, 0.4]), rgb=array([1., 1., 1.]), text='READ OUT BLOCK (GERMAN)', units='norm', win=Window(...), wrapWidth=1)
29.0163 	EXP 	Created Cali_de_post_intro_text = TextStim(__class__=<class 'psychopy.visual.text.TextStim'>, alignHoriz='center', alignVert='center', antialias=True, autoLog=True, bold=False, color=array([1., 1., 1.]), colorSpace='rgb', contrast=1.0, depth=-1.0, flipHoriz=False, flipVert=False, font='Arial', fontFiles=[], height=0.06, italic=False, languageStyle='LTR', name='Cali_de_post_intro_text', opacity=1.0, ori=0.0, pos=array([0.5, 0. ]), rgb=array([1., 1., 1.]), text=str(...), units='norm', win=Window(...), wrapWidth=1)
29.0214 	EXP 	Created Cali_de_post_intro_cont = TextStim(__class__=<class 'psychopy.visual.text.TextStim'>, alignHoriz='center', alignVert='center', antialias=True, autoLog=True, bold=False, color=array([1., 1., 1.]), colorSpace='rgb', contrast=1.0, depth=-4.0, flipHoriz=False, flipVert=False, font='Arial', fontFiles=[], height=0.06, italic=False, languageStyle='LTR', name='Cali_de_post_intro_cont', opacity=1.0, ori=0.0, pos=array([0.5, 0. ]), rgb=array([1., 1., 1.]), text='          Press [space] key to continue.', units='norm', win=Window(...), wrapWidth=1)
29.0218 	EXP 	Created Cali_de_post_rec_text = TextStim(__class__=<class 'psychopy.visual.text.TextStim'>, alignHoriz='center', alignVert='center', antialias=True, autoLog=True, bold=False, color=array([1., 1., 1.]), colorSpace='rgb', contrast=1.0, depth=-0.0, flipHoriz=False, flipVert=False, font='Arial', fontFiles=[], height=0.06, italic=False, languageStyle='LTR', name='Cali_de_post_rec_text', opacity=1.0, ori=0.0, pos=array([0.5, 0.4]), rgb=array([1., 1., 1.]), text='', units='norm', win=Window(...), wrapWidth=1)
29.0227 	EXP 	Created Cali_de_post_rec_question_text = TextStim(__class__=<class 'psychopy.visual.text.TextStim'>, alignHoriz='center', alignVert='center', antialias=True, autoLog=True, bold=False, color=array([1., 1., 1.]), colorSpace='rgb', contrast=1.0, depth=-2.0, flipHoriz=False, flipVert=False, font='Arial', fontFiles=[], height=0.06, italic=False, languageStyle='LTR', name='Cali_de_post_rec_question_text', opacity=1.0, ori=0.0, pos=array([0.5, 0. ]), rgb=array([1., 1., 1.]), text='', units='norm', win=Window(...), wrapWidth=1)
29.0247 	EXP 	Created Cali_de_post_rec_break = TextStim(__class__=<class 'psychopy.visual.text.TextStim'>, alignHoriz='center', alignVert='center', antialias=True, autoLog=True, bold=False, color=array([1., 1., 1.]), colorSpace='rgb', contrast=1.0, depth=-6.0, flipHoriz=False, flipVert=False, font='Arial', fontFiles=[], height=0.06, italic=False, languageStyle='LTR', name='Cali_de_post_rec_break', opacity=1.0, ori=0.0, pos=array([ 0.5, -0.4]), rgb=array([1., 1., 1.]), text='Short break', units='norm', win=Window(...), wrapWidth=1)
29.0282 	EXP 	Created the_end_text = TextStim(__class__=<class 'psychopy.visual.text.TextStim'>, alignHoriz='center', alignVert='center', antialias=True, autoLog=True, bold=False, color=array([1., 1., 1.]), colorSpace='rgb', contrast=1.0, depth=-1.0, flipHoriz=False, flipVert=False, font='Arial', fontFiles=[], height=0.06, italic=False, languageStyle='LTR', name='the_end_text', opacity=1.0, ori=0.0, pos=array([0.7, 0. ]), rgb=array([1., 1., 1.]), text=str(...), units='norm', win=Window(...), wrapWidth=1)
31.0324 	EXP 	Created sequence: random, trialTypes=1, nReps=4, seed=None
31.0331 	EXP 	New trial (rep=0, index=0): None
31.0336 	EXP 	New trial (rep=1, index=0): None
31.0341 	EXP 	New trial (rep=2, index=0): None
31.0345 	EXP 	New trial (rep=3, index=0): None
32.0779 	EXP 	fade_in_text: text = 'Please remain seated until further instruction via the earphone.'
32.0779 	EXP 	fade_in_text: autoDraw = True
38.0614 	EXP 	fade_in_text: autoDraw = True
38.0781 	EXP 	fade_in_text: autoDraw = True
38.0948 	EXP 	fade_in_text: autoDraw = True
38.1114 	EXP 	fade_in_text: autoDraw = True
38.1284 	EXP 	fade_in_text: autoDraw = True
38.1448 	EXP 	fade_in_text: autoDraw = True
38.1614 	EXP 	fade_in_text: autoDraw = True
38.1781 	EXP 	fade_in_text: autoDraw = True
38.1947 	EXP 	fade_in_text: autoDraw = True
38.2114 	EXP 	fade_in_text: autoDraw = True
38.2282 	EXP 	fade_in_text: autoDraw = True
38.2448 	EXP 	fade_in_text: autoDraw = True
38.2614 	EXP 	fade_in_text: autoDraw = True
38.2781 	EXP 	fade_in_text: autoDraw = True
38.2948 	EXP 	fade_in_text: autoDraw = True
38.3114 	EXP 	fade_in_text: autoDraw = True
38.3281 	EXP 	fade_in_text: autoDraw = True
38.3448 	EXP 	fade_in_text: autoDraw = True
38.3614 	EXP 	fade_in_text: autoDraw = True
38.3781 	EXP 	fade_in_text: autoDraw = True
38.3948 	EXP 	fade_in_text: autoDraw = True
38.4114 	EXP 	fade_in_text: autoDraw = True
38.4280 	EXP 	fade_in_text: autoDraw = True
38.4448 	EXP 	fade_in_text: autoDraw = True
38.4614 	EXP 	fade_in_text: autoDraw = True
38.4781 	EXP 	fade_in_text: autoDraw = True
38.4948 	EXP 	fade_in_text: autoDraw = True
38.5114 	EXP 	fade_in_text: autoDraw = True
38.5280 	EXP 	fade_in_text: autoDraw = True
38.5448 	EXP 	fade_in_text: autoDraw = True
38.5614 	EXP 	fade_in_text: autoDraw = True
38.5781 	EXP 	fade_in_text: autoDraw = True
38.5948 	EXP 	fade_in_text: autoDraw = True
38.6114 	EXP 	fade_in_text: autoDraw = True
38.6280 	EXP 	fade_in_text: autoDraw = True
38.6448 	EXP 	fade_in_text: autoDraw = True
38.6614 	EXP 	fade_in_text: autoDraw = True
38.6781 	EXP 	fade_in_text: autoDraw = True
38.6948 	EXP 	fade_in_text: autoDraw = True
38.7116 	EXP 	fade_in_text: autoDraw = True
38.7281 	EXP 	fade_in_text: autoDraw = True
38.7448 	EXP 	fade_in_text: autoDraw = True
38.7614 	EXP 	fade_in_text: autoDraw = True
38.7781 	EXP 	fade_in_text: autoDraw = True
38.7948 	EXP 	fade_in_text: autoDraw = True
38.8116 	EXP 	fade_in_text: autoDraw = True
38.8281 	EXP 	fade_in_text: autoDraw = True
38.8448 	EXP 	fade_in_text: autoDraw = True
38.8614 	EXP 	fade_in_text: autoDraw = True
38.8781 	EXP 	fade_in_text: autoDraw = True
38.8948 	EXP 	fade_in_text: autoDraw = True
38.9116 	EXP 	fade_in_text: autoDraw = True
38.9281 	EXP 	fade_in_text: autoDraw = True
38.9448 	EXP 	fade_in_text: autoDraw = True
38.9615 	EXP 	fade_in_text: autoDraw = True
38.9781 	EXP 	fade_in_text: autoDraw = True
38.9948 	EXP 	fade_in_text: autoDraw = True
39.0115 	EXP 	fade_in_text: autoDraw = True
39.0281 	EXP 	fade_in_text: autoDraw = True
39.0448 	EXP 	fade_in_text: autoDraw = True
39.0615 	EXP 	fade_in_text: autoDraw = True
39.0781 	EXP 	fade_in_text: autoDraw = True
39.0948 	EXP 	fade_in_text: autoDraw = True
39.1114 	EXP 	fade_in_text: autoDraw = True
39.1281 	EXP 	fade_in_text: autoDraw = True
39.1448 	EXP 	fade_in_text: autoDraw = True
39.1615 	EXP 	fade_in_text: autoDraw = True
39.1781 	EXP 	fade_in_text: autoDraw = True
39.1948 	EXP 	fade_in_text: autoDraw = True
39.2114 	EXP 	fade_in_text: autoDraw = True
39.2281 	EXP 	fade_in_text: autoDraw = True
39.2449 	EXP 	fade_in_text: autoDraw = True
39.2615 	EXP 	fade_in_text: autoDraw = True
39.2781 	EXP 	fade_in_text: autoDraw = True
39.2949 	EXP 	fade_in_text: autoDraw = True
39.3114 	EXP 	fade_in_text: autoDraw = True
39.3281 	EXP 	fade_in_text: autoDraw = True
39.3449 	EXP 	fade_in_text: autoDraw = True
39.3614 	EXP 	fade_in_text: autoDraw = True
39.3781 	EXP 	fade_in_text: autoDraw = True
39.3950 	EXP 	fade_in_text: autoDraw = True
39.4114 	EXP 	fade_in_text: autoDraw = True
39.4282 	EXP 	fade_in_text: autoDraw = True
39.4449 	EXP 	fade_in_text: autoDraw = True
39.4615 	EXP 	fade_in_text: autoDraw = True
39.4782 	EXP 	fade_in_text: autoDraw = True
39.4950 	EXP 	fade_in_text: autoDraw = True
39.5114 	EXP 	fade_in_text: autoDraw = True
39.5282 	EXP 	fade_in_text: autoDraw = True
39.5448 	EXP 	fade_in_text: autoDraw = True
39.5615 	EXP 	fade_in_text: autoDraw = True
39.5781 	EXP 	fade_in_text: autoDraw = True
39.5949 	EXP 	fade_in_text: autoDraw = True
39.6115 	EXP 	fade_in_text: autoDraw = True
39.6282 	EXP 	fade_in_text: autoDraw = True
39.6448 	EXP 	fade_in_text: autoDraw = True
39.6615 	EXP 	fade_in_text: autoDraw = True
39.6782 	EXP 	fade_in_text: autoDraw = True
39.6948 	EXP 	fade_in_text: autoDraw = True
39.7114 	EXP 	fade_in_text: autoDraw = True
39.7282 	EXP 	fade_in_text: autoDraw = True
39.7448 	EXP 	fade_in_text: autoDraw = True
39.7615 	EXP 	fade_in_text: autoDraw = True
39.7782 	EXP 	fade_in_text: autoDraw = True
39.7948 	EXP 	fade_in_text: autoDraw = True
39.8114 	EXP 	fade_in_text: autoDraw = True
39.8282 	EXP 	fade_in_text: autoDraw = True
39.8448 	EXP 	fade_in_text: autoDraw = True
39.8615 	EXP 	fade_in_text: autoDraw = True
39.8782 	EXP 	fade_in_text: autoDraw = True
39.8948 	EXP 	fade_in_text: autoDraw = True
39.9115 	EXP 	fade_in_text: autoDraw = True
39.9282 	EXP 	fade_in_text: autoDraw = True
39.9449 	EXP 	fade_in_text: autoDraw = True
39.9615 	EXP 	fade_in_text: autoDraw = True
39.9783 	EXP 	fade_in_text: autoDraw = True
39.9948 	EXP 	fade_in_text: autoDraw = True
40.0115 	EXP 	fade_in_text: autoDraw = True
40.0282 	EXP 	fade_in_text: autoDraw = True
40.0448 	EXP 	fade_in_text: autoDraw = True
40.0615 	EXP 	fade_in_text: autoDraw = True
40.0783 	EXP 	fade_in_text: autoDraw = True
40.0948 	EXP 	fade_in_text: autoDraw = True
40.1115 	EXP 	fade_in_text: autoDraw = True
40.1282 	EXP 	fade_in_text: autoDraw = True
40.1449 	EXP 	fade_in_text: autoDraw = True
40.1615 	EXP 	fade_in_text: autoDraw = True
40.1783 	EXP 	fade_in_text: autoDraw = True
40.1948 	EXP 	fade_in_text: autoDraw = True
40.2115 	EXP 	fade_in_text: autoDraw = True
40.2282 	EXP 	fade_in_text: autoDraw = True
40.2449 	EXP 	fade_in_text: autoDraw = True
40.2615 	EXP 	fade_in_text: autoDraw = True
40.2782 	EXP 	fade_in_text: autoDraw = True
40.2948 	EXP 	fade_in_text: autoDraw = True
40.3115 	EXP 	fade_in_text: autoDraw = True
40.3282 	EXP 	fade_in_text: autoDraw = True
40.3449 	EXP 	fade_in_text: autoDraw = True
40.3615 	EXP 	fade_in_text: autoDraw = True
40.3781 	EXP 	fade_in_text: autoDraw = True
40.3948 	EXP 	fade_in_text: autoDraw = True
40.4115 	EXP 	fade_in_text: autoDraw = True
40.4282 	EXP 	fade_in_text: autoDraw = True
40.4449 	EXP 	fade_in_text: autoDraw = True
40.4615 	EXP 	fade_in_text: autoDraw = True
40.4781 	EXP 	fade_in_text: autoDraw = True
40.4949 	EXP 	fade_in_text: autoDraw = True
40.5115 	EXP 	fade_in_text: autoDraw = True
40.5282 	EXP 	fade_in_text: autoDraw = True
40.5448 	EXP 	fade_in_text: autoDraw = True
40.5616 	EXP 	fade_in_text: autoDraw = True
40.5781 	EXP 	fade_in_text: autoDraw = True
40.5948 	EXP 	fade_in_text: autoDraw = True
40.6115 	EXP 	fade_in_text: autoDraw = True
40.6282 	EXP 	fade_in_text: autoDraw = True
40.6448 	EXP 	fade_in_text: autoDraw = True
40.6617 	EXP 	fade_in_text: autoDraw = True
40.6781 	EXP 	fade_in_text: autoDraw = True
40.6949 	EXP 	fade_in_text: autoDraw = True
40.7115 	EXP 	fade_in_text: autoDraw = True
40.7282 	EXP 	fade_in_text: autoDraw = True
40.7449 	EXP 	fade_in_text: autoDraw = True
40.7617 	EXP 	fade_in_text: autoDraw = True
40.7781 	EXP 	fade_in_text: autoDraw = True
40.7949 	EXP 	fade_in_text: autoDraw = True
40.8116 	EXP 	fade_in_text: autoDraw = True
40.8282 	EXP 	fade_in_text: autoDraw = True
40.8449 	EXP 	fade_in_text: autoDraw = True
40.8617 	EXP 	fade_in_text: autoDraw = True
40.8782 	EXP 	fade_in_text: autoDraw = True
40.8949 	EXP 	fade_in_text: autoDraw = True
40.9116 	EXP 	fade_in_text: autoDraw = True
40.9282 	EXP 	fade_in_text: autoDraw = True
40.9449 	EXP 	fade_in_text: autoDraw = True
40.9618 	EXP 	fade_in_text: autoDraw = True
40.9782 	EXP 	fade_in_text: autoDraw = True
40.9949 	EXP 	fade_in_text: autoDraw = True
41.0116 	EXP 	fade_in_text: autoDraw = True
41.0282 	EXP 	fade_in_text: autoDraw = True
41.0449 	EXP 	fade_in_text: autoDraw = True
41.0616 	EXP 	fade_in_text: autoDraw = True
41.0782 	EXP 	fade_in_text: autoDraw = True
41.0949 	EXP 	fade_in_text: autoDraw = True
41.1116 	EXP 	fade_in_text: autoDraw = True
41.1282 	EXP 	fade_in_text: autoDraw = True
41.1450 	EXP 	fade_in_text: autoDraw = True
41.1616 	EXP 	fade_in_text: autoDraw = True
41.1781 	EXP 	fade_in_text: autoDraw = True
41.1949 	EXP 	fade_in_text: autoDraw = True
41.2116 	EXP 	fade_in_text: autoDraw = True
41.2282 	EXP 	fade_in_text: autoDraw = True
41.2449 	EXP 	fade_in_text: autoDraw = True
41.2616 	EXP 	fade_in_text: autoDraw = True
41.2782 	EXP 	fade_in_text: autoDraw = True
41.2949 	EXP 	fade_in_text: autoDraw = True
41.3116 	EXP 	fade_in_text: autoDraw = True
41.3283 	EXP 	fade_in_text: autoDraw = True
41.3452 	EXP 	fade_in_text: autoDraw = True
41.3616 	EXP 	fade_in_text: autoDraw = True
41.3782 	EXP 	fade_in_text: autoDraw = True
41.3949 	EXP 	fade_in_text: autoDraw = True
41.4116 	EXP 	fade_in_text: autoDraw = True
41.4283 	EXP 	fade_in_text: autoDraw = True
41.4451 	EXP 	fade_in_text: autoDraw = True
41.4616 	EXP 	fade_in_text: autoDraw = True
41.4782 	EXP 	fade_in_text: autoDraw = True
41.4949 	EXP 	fade_in_text: autoDraw = True
41.5116 	EXP 	fade_in_text: autoDraw = True
41.5283 	EXP 	fade_in_text: autoDraw = True
41.5451 	EXP 	fade_in_text: autoDraw = True
41.5616 	EXP 	fade_in_text: autoDraw = True
41.5783 	EXP 	fade_in_text: autoDraw = True
41.5949 	EXP 	fade_in_text: autoDraw = True
41.6116 	EXP 	fade_in_text: autoDraw = True
41.6283 	EXP 	fade_in_text: autoDraw = True
41.6450 	EXP 	fade_in_text: autoDraw = True
41.6616 	EXP 	fade_in_text: autoDraw = True
41.6783 	EXP 	fade_in_text: autoDraw = True
41.6949 	EXP 	fade_in_text: autoDraw = True
41.7116 	EXP 	fade_in_text: autoDraw = True
41.7283 	EXP 	fade_in_text: autoDraw = True
41.7449 	EXP 	fade_in_text: autoDraw = True
41.7616 	EXP 	fade_in_text: autoDraw = True
41.7783 	EXP 	fade_in_text: autoDraw = True
41.7949 	EXP 	fade_in_text: autoDraw = True
41.8116 	EXP 	fade_in_text: autoDraw = True
41.8283 	EXP 	fade_in_text: autoDraw = True
41.8449 	EXP 	fade_in_text: autoDraw = True
41.8616 	EXP 	fade_in_text: autoDraw = True
41.8783 	EXP 	fade_in_text: autoDraw = True
41.8949 	EXP 	fade_in_text: autoDraw = True
41.9116 	EXP 	fade_in_text: autoDraw = True
41.9285 	EXP 	fade_in_text: autoDraw = True
41.9449 	EXP 	fade_in_text: autoDraw = True
41.9616 	EXP 	fade_in_text: autoDraw = True
41.9782 	EXP 	fade_in_text: autoDraw = True
41.9950 	EXP 	fade_in_text: autoDraw = True
42.0116 	EXP 	fade_in_text: autoDraw = True
42.0284 	EXP 	fade_in_text: autoDraw = True
42.0449 	EXP 	fade_in_text: autoDraw = True
42.0616 	EXP 	fade_in_text: autoDraw = True
42.0783 	EXP 	fade_in_text: autoDraw = True
42.0949 	EXP 	fade_in_text: autoDraw = True
42.1116 	EXP 	fade_in_text: autoDraw = True
42.1284 	EXP 	fade_in_text: autoDraw = True
42.1449 	EXP 	fade_in_text: autoDraw = True
42.1616 	EXP 	fade_in_text: autoDraw = True
42.1783 	EXP 	fade_in_text: autoDraw = True
42.1950 	EXP 	fade_in_text: autoDraw = True
42.2116 	EXP 	fade_in_text: autoDraw = True
42.2283 	EXP 	fade_in_text: autoDraw = True
42.2449 	EXP 	fade_in_text: autoDraw = True
42.2616 	EXP 	fade_in_text: autoDraw = True
42.2783 	EXP 	fade_in_text: autoDraw = True
42.2950 	EXP 	fade_in_text: autoDraw = True
42.3116 	EXP 	fade_in_text: autoDraw = True
42.3282 	EXP 	fade_in_text: autoDraw = True
42.3449 	EXP 	fade_in_text: autoDraw = True
42.3616 	EXP 	fade_in_text: autoDraw = True
42.3783 	EXP 	fade_in_text: autoDraw = True
42.3950 	EXP 	fade_in_text: autoDraw = True
42.4116 	EXP 	fade_in_text: autoDraw = True
42.4282 	EXP 	fade_in_text: autoDraw = True
42.4449 	EXP 	fade_in_text: autoDraw = True
42.4616 	EXP 	fade_in_text: autoDraw = True
42.4783 	EXP 	fade_in_text: autoDraw = True
42.4950 	EXP 	fade_in_text: autoDraw = True
42.5118 	EXP 	fade_in_text: autoDraw = True
42.5282 	EXP 	fade_in_text: autoDraw = True
42.5450 	EXP 	fade_in_text: autoDraw = True
42.5617 	EXP 	fade_in_text: autoDraw = True
42.5783 	EXP 	fade_in_text: autoDraw = True
42.5950 	EXP 	fade_in_text: autoDraw = True
42.6118 	EXP 	fade_in_text: autoDraw = True
42.6282 	EXP 	fade_in_text: autoDraw = True
42.6450 	EXP 	fade_in_text: autoDraw = True
42.6617 	EXP 	fade_in_text: autoDraw = True
42.6783 	EXP 	fade_in_text: autoDraw = True
42.6950 	EXP 	fade_in_text: autoDraw = True
42.7118 	EXP 	fade_in_text: autoDraw = True
42.7282 	EXP 	fade_in_text: autoDraw = True
42.7450 	EXP 	fade_in_text: autoDraw = True
42.7618 	EXP 	fade_in_text: autoDraw = True
42.7783 	EXP 	fade_in_text: autoDraw = True
42.7950 	EXP 	fade_in_text: autoDraw = True
42.8118 	EXP 	fade_in_text: autoDraw = True
42.8283 	EXP 	fade_in_text: autoDraw = True
42.8450 	EXP 	fade_in_text: autoDraw = True
42.8617 	EXP 	fade_in_text: autoDraw = True
42.8783 	EXP 	fade_in_text: autoDraw = True
42.8950 	EXP 	fade_in_text: autoDraw = True
42.9116 	EXP 	fade_in_text: autoDraw = True
42.9283 	EXP 	fade_in_text: autoDraw = True
42.9450 	EXP 	fade_in_text: autoDraw = True
42.9617 	EXP 	fade_in_text: autoDraw = True
42.9783 	EXP 	fade_in_text: autoDraw = True
42.9950 	EXP 	fade_in_text: autoDraw = True
43.0116 	EXP 	fade_in_text: autoDraw = True
43.0283 	EXP 	fade_in_text: autoDraw = True
43.0450 	EXP 	fade_in_text: autoDraw = True
43.0617 	EXP 	fade_in_text: autoDraw = True
43.0783 	EXP 	fade_in_text: autoDraw = True
43.0951 	EXP 	fade_in_text: autoDraw = True
43.1116 	EXP 	fade_in_text: autoDraw = True
43.1283 	EXP 	fade_in_text: autoDraw = True
43.1450 	EXP 	fade_in_text: autoDraw = True
43.1617 	EXP 	fade_in_text: autoDraw = True
43.1783 	EXP 	fade_in_text: autoDraw = True
43.1952 	EXP 	fade_in_text: autoDraw = True
43.2116 	EXP 	fade_in_text: autoDraw = True
43.2284 	EXP 	fade_in_text: autoDraw = True
43.2450 	EXP 	fade_in_text: autoDraw = True
43.2617 	EXP 	fade_in_text: autoDraw = True
43.2783 	EXP 	fade_in_text: autoDraw = True
43.2952 	EXP 	fade_in_text: autoDraw = True
43.3116 	EXP 	fade_in_text: autoDraw = True
43.3284 	EXP 	fade_in_text: autoDraw = True
43.3450 	EXP 	fade_in_text: autoDraw = True
43.3617 	EXP 	fade_in_text: autoDraw = True
43.3784 	EXP 	fade_in_text: autoDraw = True
43.3952 	EXP 	fade_in_text: autoDraw = True
43.4117 	EXP 	fade_in_text: autoDraw = True
43.4284 	EXP 	fade_in_text: autoDraw = True
43.4450 	EXP 	fade_in_text: autoDraw = True
43.4617 	EXP 	fade_in_text: autoDraw = True
43.4784 	EXP 	fade_in_text: autoDraw = True
43.4952 	EXP 	fade_in_text: autoDraw = True
43.5116 	EXP 	fade_in_text: autoDraw = True
43.5283 	EXP 	fade_in_text: autoDraw = True
43.5450 	EXP 	fade_in_text: autoDraw = True
43.5617 	EXP 	fade_in_text: autoDraw = True
43.5783 	EXP 	fade_in_text: autoDraw = True
43.5951 	EXP 	fade_in_text: autoDraw = True
43.6116 	EXP 	fade_in_text: autoDraw = True
43.6284 	EXP 	fade_in_text: autoDraw = True
43.6451 	EXP 	fade_in_text: autoDraw = True
43.6617 	EXP 	fade_in_text: autoDraw = True
43.6784 	EXP 	fade_in_text: autoDraw = True
43.6949 	EXP 	fade_in_text: autoDraw = True
43.7116 	EXP 	fade_in_text: autoDraw = True
43.7283 	EXP 	fade_in_text: autoDraw = True
43.7450 	EXP 	fade_in_text: autoDraw = True
43.7617 	EXP 	fade_in_text: autoDraw = True
43.7784 	EXP 	fade_in_text: autoDraw = True
43.7949 	EXP 	fade_in_text: autoDraw = True
43.8116 	EXP 	fade_in_text: autoDraw = True
43.8283 	EXP 	fade_in_text: autoDraw = True
43.8450 	EXP 	fade_in_text: autoDraw = True
43.8617 	EXP 	fade_in_text: autoDraw = True
43.8784 	EXP 	fade_in_text: autoDraw = True
43.8949 	EXP 	fade_in_text: autoDraw = True
43.9117 	EXP 	fade_in_text: autoDraw = True
43.9284 	EXP 	fade_in_text: autoDraw = True
43.9450 	EXP 	fade_in_text: autoDraw = True
43.9618 	EXP 	fade_in_text: autoDraw = True
43.9786 	EXP 	fade_in_text: autoDraw = True
43.9950 	EXP 	fade_in_text: autoDraw = True
44.0117 	EXP 	fade_in_text: autoDraw = True
44.0284 	EXP 	fade_in_text: autoDraw = True
44.0452 	EXP 	fade_in_text: autoDraw = True
44.0617 	EXP 	fade_in_text: autoDraw = True
44.0786 	EXP 	fade_in_text: autoDraw = True
44.0950 	EXP 	fade_in_text: autoDraw = True
44.1117 	EXP 	fade_in_text: autoDraw = True
44.1284 	EXP 	fade_in_text: autoDraw = True
44.1450 	EXP 	fade_in_text: autoDraw = True
44.1617 	EXP 	fade_in_text: autoDraw = True
44.1786 	EXP 	fade_in_text: autoDraw = True
44.1949 	EXP 	fade_in_text: autoDraw = True
44.2117 	EXP 	fade_in_text: autoDraw = True
44.2284 	EXP 	fade_in_text: autoDraw = True
44.2450 	EXP 	fade_in_text: autoDraw = True
44.2617 	EXP 	fade_in_text: autoDraw = True
44.2786 	EXP 	fade_in_text: autoDraw = True
44.2950 	EXP 	fade_in_text: autoDraw = True
44.3117 	EXP 	fade_in_text: autoDraw = True
44.3284 	EXP 	fade_in_text: autoDraw = True
44.3450 	EXP 	fade_in_text: autoDraw = True
44.3617 	EXP 	fade_in_text: autoDraw = True
44.3785 	EXP 	fade_in_text: autoDraw = True
44.3950 	EXP 	fade_in_text: autoDraw = True
44.4117 	EXP 	fade_in_text: autoDraw = True
44.4284 	EXP 	fade_in_text: autoDraw = True
44.4451 	EXP 	fade_in_text: autoDraw = True
44.4618 	EXP 	fade_in_text: autoDraw = True
44.4784 	EXP 	fade_in_text: autoDraw = True
44.4950 	EXP 	fade_in_text: autoDraw = True
44.5117 	EXP 	fade_in_text: autoDraw = True
44.5284 	EXP 	fade_in_text: autoDraw = True
44.5451 	EXP 	fade_in_text: autoDraw = True
44.5617 	EXP 	fade_in_text: autoDraw = True
44.5784 	EXP 	fade_in_text: autoDraw = True
44.5950 	EXP 	fade_in_text: autoDraw = True
44.6117 	EXP 	fade_in_text: autoDraw = True
44.6284 	EXP 	fade_in_text: autoDraw = True
44.6450 	EXP 	fade_in_text: autoDraw = True
44.6618 	EXP 	fade_in_text: autoDraw = True
44.6784 	EXP 	fade_in_text: autoDraw = True
44.6950 	EXP 	fade_in_text: autoDraw = True
44.7117 	EXP 	fade_in_text: autoDraw = True
44.7284 	EXP 	fade_in_text: autoDraw = True
44.7450 	EXP 	fade_in_text: autoDraw = True
44.7620 	EXP 	fade_in_text: autoDraw = True
44.7784 	EXP 	fade_in_text: autoDraw = True
44.7950 	EXP 	fade_in_text: autoDraw = True
44.8117 	EXP 	fade_in_text: autoDraw = True
44.8284 	EXP 	fade_in_text: autoDraw = True
44.8451 	EXP 	fade_in_text: autoDraw = True
44.8619 	EXP 	fade_in_text: autoDraw = True
44.8784 	EXP 	fade_in_text: autoDraw = True
44.8951 	EXP 	fade_in_text: autoDraw = True
44.9118 	EXP 	fade_in_text: autoDraw = True
44.9284 	EXP 	fade_in_text: autoDraw = True
44.9451 	EXP 	fade_in_text: autoDraw = True
44.9618 	EXP 	fade_in_text: autoDraw = True
44.9785 	EXP 	fade_in_text: autoDraw = True
44.9951 	EXP 	fade_in_text: autoDraw = True
45.0118 	EXP 	fade_in_text: autoDraw = True
45.0284 	EXP 	fade_in_text: autoDraw = True
45.0451 	EXP 	fade_in_text: autoDraw = True
45.0618 	EXP 	fade_in_text: autoDraw = True
45.0784 	EXP 	fade_in_text: autoDraw = True
45.0951 	EXP 	fade_in_text: autoDraw = True
45.1118 	EXP 	fade_in_text: autoDraw = True
45.1284 	EXP 	fade_in_text: autoDraw = True
45.1452 	EXP 	fade_in_text: autoDraw = True
45.1618 	EXP 	fade_in_text: autoDraw = True
45.1784 	EXP 	fade_in_text: autoDraw = True
45.1951 	EXP 	fade_in_text: autoDraw = True
45.2118 	EXP 	fade_in_text: autoDraw = True
45.2284 	EXP 	fade_in_text: autoDraw = True
45.2451 	EXP 	fade_in_text: autoDraw = True
45.2617 	EXP 	fade_in_text: autoDraw = True
45.2784 	EXP 	fade_in_text: autoDraw = True
45.2951 	EXP 	fade_in_text: autoDraw = True
45.3118 	EXP 	fade_in_text: autoDraw = True
45.3285 	EXP 	fade_in_text: autoDraw = True
45.3452 	EXP 	fade_in_text: autoDraw = True
45.3617 	EXP 	fade_in_text: autoDraw = True
45.3785 	EXP 	fade_in_text: autoDraw = True
45.3951 	EXP 	fade_in_text: autoDraw = True
45.4118 	EXP 	fade_in_text: autoDraw = True
45.4285 	EXP 	fade_in_text: autoDraw = True
45.4453 	EXP 	fade_in_text: autoDraw = True
45.4617 	EXP 	fade_in_text: autoDraw = True
45.4785 	EXP 	fade_in_text: autoDraw = True
45.4951 	EXP 	fade_in_text: autoDraw = True
45.5118 	EXP 	fade_in_text: autoDraw = True
45.5285 	EXP 	fade_in_text: autoDraw = True
45.5453 	EXP 	fade_in_text: autoDraw = True
45.5617 	EXP 	fade_in_text: autoDraw = True
45.5785 	EXP 	fade_in_text: autoDraw = True
45.5951 	EXP 	fade_in_text: autoDraw = True
45.6118 	EXP 	fade_in_text: autoDraw = True
45.6285 	EXP 	fade_in_text: autoDraw = True
45.6453 	EXP 	fade_in_text: autoDraw = True
45.6617 	EXP 	fade_in_text: autoDraw = True
45.6785 	EXP 	fade_in_text: autoDraw = True
45.6951 	EXP 	fade_in_text: autoDraw = True
45.7118 	EXP 	fade_in_text: autoDraw = True
45.7284 	EXP 	fade_in_text: autoDraw = True
45.7453 	EXP 	fade_in_text: autoDraw = True
45.7617 	EXP 	fade_in_text: autoDraw = True
45.7785 	EXP 	fade_in_text: autoDraw = True
45.7951 	EXP 	fade_in_text: autoDraw = True
45.8118 	EXP 	fade_in_text: autoDraw = True
45.8284 	EXP 	fade_in_text: autoDraw = True
45.8450 	EXP 	fade_in_text: autoDraw = True
45.8617 	EXP 	fade_in_text: autoDraw = True
45.8785 	EXP 	fade_in_text: autoDraw = True
45.8951 	EXP 	fade_in_text: autoDraw = True
45.9118 	EXP 	fade_in_text: autoDraw = True
45.9285 	EXP 	fade_in_text: autoDraw = True
45.9450 	EXP 	fade_in_text: autoDraw = True
45.9617 	EXP 	fade_in_text: autoDraw = True
45.9785 	EXP 	fade_in_text: autoDraw = True
45.9952 	EXP 	fade_in_text: autoDraw = True
46.0118 	EXP 	fade_in_text: autoDraw = True
46.0286 	EXP 	fade_in_text: autoDraw = True
46.0451 	EXP 	fade_in_text: autoDraw = True
46.0618 	EXP 	fade_in_text: autoDraw = True
46.0785 	EXP 	fade_in_text: autoDraw = True
46.0951 	EXP 	fade_in_text: autoDraw = True
46.1118 	EXP 	fade_in_text: autoDraw = True
46.1287 	EXP 	fade_in_text: autoDraw = True
46.1451 	EXP 	fade_in_text: autoDraw = True
46.1618 	EXP 	fade_in_text: autoDraw = True
46.1785 	EXP 	fade_in_text: autoDraw = True
46.1952 	EXP 	fade_in_text: autoDraw = True
46.2118 	EXP 	fade_in_text: autoDraw = True
46.2287 	EXP 	fade_in_text: autoDraw = True
46.2451 	EXP 	fade_in_text: autoDraw = True
46.2618 	EXP 	fade_in_text: autoDraw = True
46.2785 	EXP 	fade_in_text: autoDraw = True
46.2952 	EXP 	fade_in_text: autoDraw = True
46.3118 	EXP 	fade_in_text: autoDraw = True
46.3287 	EXP 	fade_in_text: autoDraw = True
46.3452 	EXP 	fade_in_text: autoDraw = True
46.3618 	EXP 	fade_in_text: autoDraw = True
46.3785 	EXP 	fade_in_text: autoDraw = True
46.3952 	EXP 	fade_in_text: autoDraw = True
46.4118 	EXP 	fade_in_text: autoDraw = True
46.4286 	EXP 	fade_in_text: autoDraw = True
46.4451 	EXP 	fade_in_text: autoDraw = True
46.4618 	EXP 	fade_in_text: autoDraw = True
46.4786 	EXP 	fade_in_text: autoDraw = True
46.4952 	EXP 	fade_in_text: autoDraw = True
46.5119 	EXP 	fade_in_text: autoDraw = True
46.5285 	EXP 	fade_in_text: autoDraw = True
46.5451 	EXP 	fade_in_text: autoDraw = True
46.5618 	EXP 	fade_in_text: autoDraw = True
46.5787 	EXP 	fade_in_text: autoDraw = True
46.5952 	EXP 	fade_in_text: autoDraw = True
46.6118 	EXP 	fade_in_text: autoDraw = True
46.6284 	EXP 	fade_in_text: autoDraw = True
46.6451 	EXP 	fade_in_text: autoDraw = True
46.6619 	EXP 	fade_in_text: autoDraw = True
46.6786 	EXP 	fade_in_text: autoDraw = True
46.6952 	EXP 	fade_in_text: autoDraw = True
46.7119 	EXP 	fade_in_text: autoDraw = True
46.7284 	EXP 	fade_in_text: autoDraw = True
46.7451 	EXP 	fade_in_text: autoDraw = True
46.7618 	EXP 	fade_in_text: autoDraw = True
46.7785 	EXP 	fade_in_text: autoDraw = True
46.7952 	EXP 	fade_in_text: autoDraw = True
46.8120 	EXP 	fade_in_text: autoDraw = True
46.8284 	EXP 	fade_in_text: autoDraw = True
46.8452 	EXP 	fade_in_text: autoDraw = True
46.8619 	EXP 	fade_in_text: autoDraw = True
46.8785 	EXP 	fade_in_text: autoDraw = True
46.8952 	EXP 	fade_in_text: autoDraw = True
46.9121 	EXP 	fade_in_text: autoDraw = True
46.9285 	EXP 	fade_in_text: autoDraw = True
46.9452 	EXP 	fade_in_text: autoDraw = True
46.9619 	EXP 	fade_in_text: autoDraw = True
46.9786 	EXP 	fade_in_text: autoDraw = True
46.9952 	EXP 	fade_in_text: autoDraw = True
47.0121 	EXP 	fade_in_text: autoDraw = True
47.0285 	EXP 	fade_in_text: autoDraw = True
47.0452 	EXP 	fade_in_text: autoDraw = True
47.0619 	EXP 	fade_in_text: autoDraw = True
47.0785 	EXP 	fade_in_text: autoDraw = True
47.0952 	EXP 	fade_in_text: autoDraw = True
47.1120 	EXP 	fade_in_text: autoDraw = True
47.1285 	EXP 	fade_in_text: autoDraw = True
47.1452 	EXP 	fade_in_text: autoDraw = True
47.1619 	EXP 	fade_in_text: autoDraw = True
47.1786 	EXP 	fade_in_text: autoDraw = True
47.1952 	EXP 	fade_in_text: autoDraw = True
47.2118 	EXP 	fade_in_text: autoDraw = True
47.2285 	EXP 	fade_in_text: autoDraw = True
47.2452 	EXP 	fade_in_text: autoDraw = True
47.2619 	EXP 	fade_in_text: autoDraw = True
47.2785 	EXP 	fade_in_text: autoDraw = True
47.2952 	EXP 	fade_in_text: autoDraw = True
47.3118 	EXP 	fade_in_text: autoDraw = True
47.3285 	EXP 	fade_in_text: autoDraw = True
47.3452 	EXP 	fade_in_text: autoDraw = True
47.3619 	EXP 	fade_in_text: autoDraw = True
47.3786 	EXP 	fade_in_text: autoDraw = True
47.3953 	EXP 	fade_in_text: autoDraw = True
47.4118 	EXP 	fade_in_text: autoDraw = True
47.4285 	EXP 	fade_in_text: autoDraw = True
47.4452 	EXP 	fade_in_text: autoDraw = True
47.4619 	EXP 	fade_in_text: autoDraw = True
47.4786 	EXP 	fade_in_text: autoDraw = True
47.4954 	EXP 	fade_in_text: autoDraw = True
47.5118 	EXP 	fade_in_text: autoDraw = True
47.5286 	EXP 	fade_in_text: autoDraw = True
47.5452 	EXP 	fade_in_text: autoDraw = True
47.5619 	EXP 	fade_in_text: autoDraw = True
47.5784 	EXP 	fade_in_text: autoDraw = True
47.5952 	EXP 	fade_in_text: autoDraw = True
47.6117 	EXP 	fade_in_text: autoDraw = True
47.6283 	EXP 	fade_in_text: autoDraw = True
47.6450 	EXP 	fade_in_text: autoDraw = True
47.6617 	EXP 	fade_in_text: autoDraw = True
47.6784 	EXP 	fade_in_text: autoDraw = True
47.6952 	EXP 	fade_in_text: autoDraw = True
47.7116 	EXP 	fade_in_text: autoDraw = True
47.7283 	EXP 	fade_in_text: autoDraw = True
47.7450 	EXP 	fade_in_text: autoDraw = True
47.7617 	EXP 	fade_in_text: autoDraw = True
47.7784 	EXP 	fade_in_text: autoDraw = True
47.7952 	EXP 	fade_in_text: autoDraw = True
47.8117 	EXP 	fade_in_text: autoDraw = True
47.8283 	EXP 	fade_in_text: autoDraw = True
47.8451 	EXP 	fade_in_text: autoDraw = True
47.8618 	EXP 	fade_in_text: autoDraw = True
47.8784 	EXP 	fade_in_text: autoDraw = True
47.8950 	EXP 	fade_in_text: autoDraw = True
47.9117 	EXP 	fade_in_text: autoDraw = True
47.9283 	EXP 	fade_in_text: autoDraw = True
47.9451 	EXP 	fade_in_text: autoDraw = True
47.9617 	EXP 	fade_in_text: autoDraw = True
47.9784 	EXP 	fade_in_text: autoDraw = True
47.9950 	EXP 	fade_in_text: autoDraw = True
48.0117 	EXP 	fade_in_text: autoDraw = True
48.0283 	EXP 	fade_in_text: autoDraw = True
48.0451 	EXP 	fade_in_text: autoDraw = True
48.0618 	EXP 	fade_in_text: autoDraw = True
48.0784 	EXP 	fade_in_text: autoDraw = True
48.0950 	EXP 	fade_in_text: autoDraw = True
48.1117 	EXP 	fade_in_text: autoDraw = True
48.1283 	EXP 	fade_in_text: autoDraw = True
48.1451 	EXP 	fade_in_text: autoDraw = True
48.1618 	EXP 	fade_in_text: autoDraw = True
48.1784 	EXP 	fade_in_text: autoDraw = True
48.1950 	EXP 	fade_in_text: autoDraw = True
48.2117 	EXP 	fade_in_text: autoDraw = True
48.2284 	EXP 	fade_in_text: autoDraw = True
48.2451 	EXP 	fade_in_text: autoDraw = True
48.2618 	EXP 	fade_in_text: autoDraw = True
48.2785 	EXP 	fade_in_text: autoDraw = True
48.2951 	EXP 	fade_in_text: autoDraw = True
48.3117 	EXP 	fade_in_text: autoDraw = True
48.3283 	EXP 	fade_in_text: autoDraw = True
48.3451 	EXP 	fade_in_text: autoDraw = True
48.3618 	EXP 	fade_in_text: autoDraw = True
48.3786 	EXP 	fade_in_text: autoDraw = True
48.3951 	EXP 	fade_in_text: autoDraw = True
48.4117 	EXP 	fade_in_text: autoDraw = True
48.4284 	EXP 	fade_in_text: autoDraw = True
48.4451 	EXP 	fade_in_text: autoDraw = True
48.4618 	EXP 	fade_in_text: autoDraw = True
48.4786 	EXP 	fade_in_text: autoDraw = True
48.4951 	EXP 	fade_in_text: autoDraw = True
48.5117 	EXP 	fade_in_text: autoDraw = True
48.5284 	EXP 	fade_in_text: autoDraw = True
48.5451 	EXP 	fade_in_text: autoDraw = True
48.5618 	EXP 	fade_in_text: autoDraw = True
48.5785 	EXP 	fade_in_text: autoDraw = True
48.5951 	EXP 	fade_in_text: autoDraw = True
48.6117 	EXP 	fade_in_text: autoDraw = True
48.6284 	EXP 	fade_in_text: autoDraw = True
48.6451 	EXP 	fade_in_text: autoDraw = True
48.6618 	EXP 	fade_in_text: autoDraw = True
48.6784 	EXP 	fade_in_text: autoDraw = True
48.6951 	EXP 	fade_in_text: autoDraw = True
48.7117 	EXP 	fade_in_text: autoDraw = True
48.7285 	EXP 	fade_in_text: autoDraw = True
48.7451 	EXP 	fade_in_text: autoDraw = True
48.7618 	EXP 	fade_in_text: autoDraw = True
48.7785 	EXP 	fade_in_text: autoDraw = True
48.7951 	EXP 	fade_in_text: autoDraw = True
48.8117 	EXP 	fade_in_text: autoDraw = True
48.8285 	EXP 	fade_in_text: autoDraw = True
48.8451 	EXP 	fade_in_text: autoDraw = True
48.8618 	EXP 	fade_in_text: autoDraw = True
48.8784 	EXP 	fade_in_text: autoDraw = True
48.8951 	EXP 	fade_in_text: autoDraw = True
48.9117 	EXP 	fade_in_text: autoDraw = True
48.9285 	EXP 	fade_in_text: autoDraw = True
48.9451 	EXP 	fade_in_text: autoDraw = True
48.9619 	EXP 	fade_in_text: autoDraw = True
48.9785 	EXP 	fade_in_text: autoDraw = True
48.9951 	EXP 	fade_in_text: autoDraw = True
49.0117 	EXP 	fade_in_text: autoDraw = True
49.0285 	EXP 	fade_in_text: autoDraw = True
49.0451 	EXP 	fade_in_text: autoDraw = True
49.0619 	EXP 	fade_in_text: autoDraw = True
49.0784 	EXP 	fade_in_text: autoDraw = True
49.0951 	EXP 	fade_in_text: autoDraw = True
49.1117 	EXP 	fade_in_text: autoDraw = True
49.1285 	EXP 	fade_in_text: autoDraw = True
49.1451 	EXP 	fade_in_text: autoDraw = True
49.1619 	EXP 	fade_in_text: autoDraw = True
49.1784 	EXP 	fade_in_text: autoDraw = True
49.1951 	EXP 	fade_in_text: autoDraw = True
49.2118 	EXP 	fade_in_text: autoDraw = True
49.2285 	EXP 	fade_in_text: autoDraw = True
49.2451 	EXP 	fade_in_text: autoDraw = True
49.2619 	EXP 	fade_in_text: autoDraw = True
49.2784 	EXP 	fade_in_text: autoDraw = True
49.2952 	EXP 	fade_in_text: autoDraw = True
49.3118 	EXP 	fade_in_text: autoDraw = True
49.3285 	EXP 	fade_in_text: autoDraw = True
49.3452 	EXP 	fade_in_text: autoDraw = True
49.3617 	EXP 	fade_in_text: autoDraw = True
49.3784 	EXP 	fade_in_text: autoDraw = True
49.3952 	EXP 	fade_in_text: autoDraw = True
49.4119 	EXP 	fade_in_text: autoDraw = True
49.4285 	EXP 	fade_in_text: autoDraw = True
49.4452 	EXP 	fade_in_text: autoDraw = True
49.4617 	EXP 	fade_in_text: autoDraw = True
49.4784 	EXP 	fade_in_text: autoDraw = True
49.4952 	EXP 	fade_in_text: autoDraw = True
49.5118 	EXP 	fade_in_text: autoDraw = True
49.5285 	EXP 	fade_in_text: autoDraw = True
49.5452 	EXP 	fade_in_text: autoDraw = True
49.5617 	EXP 	fade_in_text: autoDraw = True
49.5784 	EXP 	fade_in_text: autoDraw = True
49.5952 	EXP 	fade_in_text: autoDraw = True
49.6118 	EXP 	fade_in_text: autoDraw = True
49.6285 	EXP 	fade_in_text: autoDraw = True
49.6452 	EXP 	fade_in_text: autoDraw = True
49.6618 	EXP 	fade_in_text: autoDraw = True
49.6784 	EXP 	fade_in_text: autoDraw = True
49.6952 	EXP 	fade_in_text: autoDraw = True
49.7118 	EXP 	fade_in_text: autoDraw = True
49.7285 	EXP 	fade_in_text: autoDraw = True
49.7453 	EXP 	fade_in_text: autoDraw = True
49.7617 	EXP 	fade_in_text: autoDraw = True
49.7784 	EXP 	fade_in_text: autoDraw = True
49.7952 	EXP 	fade_in_text: autoDraw = True
49.8118 	EXP 	fade_in_text: autoDraw = True
49.8285 	EXP 	fade_in_text: autoDraw = True
49.8453 	EXP 	fade_in_text: autoDraw = True
49.8618 	EXP 	fade_in_text: autoDraw = True
49.8784 	EXP 	fade_in_text: autoDraw = True
49.8952 	EXP 	fade_in_text: autoDraw = True
49.9118 	EXP 	fade_in_text: autoDraw = True
49.9285 	EXP 	fade_in_text: autoDraw = True
49.9453 	EXP 	fade_in_text: autoDraw = True
49.9618 	EXP 	fade_in_text: autoDraw = True
49.9784 	EXP 	fade_in_text: autoDraw = True
49.9952 	EXP 	fade_in_text: autoDraw = True
50.0119 	EXP 	fade_in_text: autoDraw = True
50.0285 	EXP 	fade_in_text: autoDraw = True
50.0451 	EXP 	fade_in_text: autoDraw = True
50.0618 	EXP 	fade_in_text: autoDraw = True
50.0784 	EXP 	fade_in_text: autoDraw = True
50.0952 	EXP 	fade_in_text: autoDraw = True
50.1119 	EXP 	fade_in_text: autoDraw = True
50.1285 	EXP 	fade_in_text: autoDraw = True
50.1451 	EXP 	fade_in_text: autoDraw = True
50.1618 	EXP 	fade_in_text: autoDraw = True
50.1784 	EXP 	fade_in_text: autoDraw = True
50.1952 	EXP 	fade_in_text: autoDraw = True
50.2119 	EXP 	fade_in_text: autoDraw = True
50.2285 	EXP 	fade_in_text: autoDraw = True
50.2451 	EXP 	fade_in_text: autoDraw = True
50.2618 	EXP 	fade_in_text: autoDraw = True
50.2785 	EXP 	fade_in_text: autoDraw = True
50.2952 	EXP 	fade_in_text: autoDraw = True
50.3119 	EXP 	fade_in_text: autoDraw = True
50.3285 	EXP 	fade_in_text: autoDraw = True
50.3451 	EXP 	fade_in_text: autoDraw = True
50.3618 	EXP 	fade_in_text: autoDraw = True
50.3785 	EXP 	fade_in_text: autoDraw = True
50.3953 	EXP 	fade_in_text: autoDraw = True
50.4119 	EXP 	fade_in_text: autoDraw = True
50.4286 	EXP 	fade_in_text: autoDraw = True
50.4451 	EXP 	fade_in_text: autoDraw = True
50.4618 	EXP 	fade_in_text: autoDraw = True
50.4785 	EXP 	fade_in_text: autoDraw = True
50.4953 	EXP 	fade_in_text: autoDraw = True
50.5119 	EXP 	fade_in_text: autoDraw = True
50.5287 	EXP 	fade_in_text: autoDraw = True
50.5451 	EXP 	fade_in_text: autoDraw = True
50.5618 	EXP 	fade_in_text: autoDraw = True
50.5785 	EXP 	fade_in_text: autoDraw = True
50.5952 	EXP 	fade_in_text: autoDraw = True
50.6119 	EXP 	fade_in_text: autoDraw = True
50.6286 	EXP 	fade_in_text: autoDraw = True
50.6451 	EXP 	fade_in_text: autoDraw = True
50.6618 	EXP 	fade_in_text: autoDraw = True
50.6786 	EXP 	fade_in_text: autoDraw = True
50.6952 	EXP 	fade_in_text: autoDraw = True
50.7119 	EXP 	fade_in_text: autoDraw = True
50.7287 	EXP 	fade_in_text: autoDraw = True
50.7451 	EXP 	fade_in_text: autoDraw = True
50.7618 	EXP 	fade_in_text: autoDraw = True
50.7785 	EXP 	fade_in_text: autoDraw = True
50.7952 	EXP 	fade_in_text: autoDraw = True
50.8119 	EXP 	fade_in_text: autoDraw = True
50.8285 	EXP 	fade_in_text: autoDraw = True
50.8451 	EXP 	fade_in_text: autoDraw = True
50.8618 	EXP 	fade_in_text: autoDraw = True
50.8786 	EXP 	fade_in_text: autoDraw = True
50.8952 	EXP 	fade_in_text: autoDraw = True
50.9119 	EXP 	fade_in_text: autoDraw = True
50.9285 	EXP 	fade_in_text: autoDraw = True
50.9451 	EXP 	fade_in_text: autoDraw = True
50.9618 	EXP 	fade_in_text: autoDraw = True
50.9786 	EXP 	fade_in_text: autoDraw = True
50.9952 	EXP 	fade_in_text: autoDraw = True
51.0119 	EXP 	fade_in_text: autoDraw = True
51.0285 	EXP 	fade_in_text: autoDraw = True
51.0452 	EXP 	fade_in_text: autoDraw = True
51.0618 	EXP 	fade_in_text: autoDraw = True
51.0786 	EXP 	fade_in_text: autoDraw = True
51.0952 	EXP 	fade_in_text: autoDraw = True
51.1119 	EXP 	fade_in_text: autoDraw = True
51.1285 	EXP 	fade_in_text: autoDraw = True
51.1452 	EXP 	fade_in_text: autoDraw = True
51.1618 	EXP 	fade_in_text: autoDraw = True
51.1786 	EXP 	fade_in_text: autoDraw = True
51.1953 	EXP 	fade_in_text: autoDraw = True
51.2120 	EXP 	fade_in_text: autoDraw = True
51.2285 	EXP 	fade_in_text: autoDraw = True
51.2452 	EXP 	fade_in_text: autoDraw = True
51.2618 	EXP 	fade_in_text: autoDraw = True
51.2786 	EXP 	fade_in_text: autoDraw = True
51.2952 	EXP 	fade_in_text: autoDraw = True
51.3120 	EXP 	fade_in_text: autoDraw = True
51.3285 	EXP 	fade_in_text: autoDraw = True
51.3452 	EXP 	fade_in_text: autoDraw = True
51.3618 	EXP 	fade_in_text: autoDraw = True
51.3786 	EXP 	fade_in_text: autoDraw = True
51.3953 	EXP 	fade_in_text: autoDraw = True
51.4120 	EXP 	fade_in_text: autoDraw = True
51.4285 	EXP 	fade_in_text: autoDraw = True
51.4452 	EXP 	fade_in_text: autoDraw = True
51.4619 	EXP 	fade_in_text: autoDraw = True
51.4786 	EXP 	fade_in_text: autoDraw = True
51.4953 	EXP 	fade_in_text: autoDraw = True
51.5120 	EXP 	fade_in_text: autoDraw = True
51.5285 	EXP 	fade_in_text: autoDraw = True
51.5452 	EXP 	fade_in_text: autoDraw = True
51.5619 	EXP 	fade_in_text: autoDraw = True
51.5786 	EXP 	fade_in_text: autoDraw = True
51.5953 	EXP 	fade_in_text: autoDraw = True
51.6119 	EXP 	fade_in_text: autoDraw = True
51.6285 	EXP 	fade_in_text: autoDraw = True
51.6452 	EXP 	fade_in_text: autoDraw = True
51.6619 	EXP 	fade_in_text: autoDraw = True
51.6786 	EXP 	fade_in_text: autoDraw = True
51.6953 	EXP 	fade_in_text: autoDraw = True
51.7119 	EXP 	fade_in_text: autoDraw = True
51.7285 	EXP 	fade_in_text: autoDraw = True
51.7452 	EXP 	fade_in_text: autoDraw = True
51.7619 	EXP 	fade_in_text: autoDraw = True
51.7786 	EXP 	fade_in_text: autoDraw = True
51.7953 	EXP 	fade_in_text: autoDraw = True
51.8119 	EXP 	fade_in_text: autoDraw = True
51.8285 	EXP 	fade_in_text: autoDraw = True
51.8452 	EXP 	fade_in_text: autoDraw = True
51.8619 	EXP 	fade_in_text: autoDraw = True
51.8786 	EXP 	fade_in_text: autoDraw = True
51.8954 	EXP 	fade_in_text: autoDraw = True
51.9119 	EXP 	fade_in_text: autoDraw = True
51.9285 	EXP 	fade_in_text: autoDraw = True
51.9452 	EXP 	fade_in_text: autoDraw = True
51.9620 	EXP 	fade_in_text: autoDraw = True
51.9786 	EXP 	fade_in_text: autoDraw = True
51.9954 	EXP 	fade_in_text: autoDraw = True
52.0119 	EXP 	fade_in_text: autoDraw = True
52.0285 	EXP 	fade_in_text: autoDraw = True
52.0452 	EXP 	fade_in_text: autoDraw = True
52.0619 	EXP 	fade_in_text: autoDraw = True
52.0786 	EXP 	fade_in_text: autoDraw = True
52.0954 	EXP 	fade_in_text: autoDraw = True
52.1119 	EXP 	fade_in_text: autoDraw = True
52.1285 	EXP 	fade_in_text: autoDraw = True
52.1453 	EXP 	fade_in_text: autoDraw = True
52.1620 	EXP 	fade_in_text: autoDraw = True
52.1786 	EXP 	fade_in_text: autoDraw = True
52.1954 	EXP 	fade_in_text: autoDraw = True
52.2120 	EXP 	fade_in_text: autoDraw = True
52.2285 	EXP 	fade_in_text: autoDraw = True
52.2453 	EXP 	fade_in_text: autoDraw = True
52.2620 	EXP 	fade_in_text: autoDraw = True
52.2786 	EXP 	fade_in_text: autoDraw = True
52.2952 	EXP 	fade_in_text: autoDraw = True
52.3120 	EXP 	fade_in_text: autoDraw = True
52.3286 	EXP 	fade_in_text: autoDraw = True
52.3453 	EXP 	fade_in_text: autoDraw = True
52.3620 	EXP 	fade_in_text: autoDraw = True
52.3786 	EXP 	fade_in_text: autoDraw = True
52.3953 	EXP 	fade_in_text: autoDraw = True
52.4120 	EXP 	fade_in_text: autoDraw = True
52.4285 	EXP 	fade_in_text: autoDraw = True
52.4453 	EXP 	fade_in_text: autoDraw = True
52.4620 	EXP 	fade_in_text: autoDraw = True
52.4787 	EXP 	fade_in_text: autoDraw = True
52.4952 	EXP 	fade_in_text: autoDraw = True
52.5120 	EXP 	fade_in_text: autoDraw = True
52.5286 	EXP 	fade_in_text: autoDraw = True
52.5453 	EXP 	fade_in_text: autoDraw = True
52.5620 	EXP 	fade_in_text: autoDraw = True
52.5787 	EXP 	fade_in_text: autoDraw = True
52.5953 	EXP 	fade_in_text: autoDraw = True
52.6120 	EXP 	fade_in_text: autoDraw = True
52.6286 	EXP 	fade_in_text: autoDraw = True
52.6453 	EXP 	fade_in_text: autoDraw = True
52.6620 	EXP 	fade_in_text: autoDraw = True
52.6788 	EXP 	fade_in_text: autoDraw = True
52.6952 	EXP 	fade_in_text: autoDraw = True
52.7120 	EXP 	fade_in_text: autoDraw = True
52.7286 	EXP 	fade_in_text: autoDraw = True
52.7453 	EXP 	fade_in_text: autoDraw = True
52.7620 	EXP 	fade_in_text: autoDraw = True
52.7788 	EXP 	fade_in_text: autoDraw = True
52.7954 	EXP 	fade_in_text: autoDraw = True
52.8120 	EXP 	fade_in_text: autoDraw = True
52.8286 	EXP 	fade_in_text: autoDraw = True
52.8453 	EXP 	fade_in_text: autoDraw = True
52.8620 	EXP 	fade_in_text: autoDraw = True
52.8788 	EXP 	fade_in_text: autoDraw = True
52.8953 	EXP 	fade_in_text: autoDraw = True
52.9120 	EXP 	fade_in_text: autoDraw = True
52.9287 	EXP 	fade_in_text: autoDraw = True
52.9453 	EXP 	fade_in_text: autoDraw = True
52.9620 	EXP 	fade_in_text: autoDraw = True
52.9786 	EXP 	fade_in_text: autoDraw = True
52.9953 	EXP 	fade_in_text: autoDraw = True
53.0120 	EXP 	fade_in_text: autoDraw = True
53.0287 	EXP 	fade_in_text: autoDraw = True
53.0453 	EXP 	fade_in_text: autoDraw = True
53.0620 	EXP 	fade_in_text: autoDraw = True
53.0786 	EXP 	fade_in_text: autoDraw = True
53.0953 	EXP 	fade_in_text: autoDraw = True
53.1120 	EXP 	fade_in_text: autoDraw = True
53.1287 	EXP 	fade_in_text: autoDraw = True
53.1453 	EXP 	fade_in_text: autoDraw = True
53.1620 	EXP 	fade_in_text: autoDraw = True
53.1786 	EXP 	fade_in_text: autoDraw = True
53.1953 	EXP 	fade_in_text: autoDraw = True
53.2120 	EXP 	fade_in_text: autoDraw = True
53.2287 	EXP 	fade_in_text: autoDraw = True
53.2453 	EXP 	fade_in_text: autoDraw = True
53.2620 	EXP 	fade_in_text: autoDraw = True
53.2786 	EXP 	fade_in_text: autoDraw = True
53.2953 	EXP 	fade_in_text: autoDraw = True
53.3120 	EXP 	fade_in_text: autoDraw = True
53.3287 	EXP 	fade_in_text: autoDraw = True
53.3453 	EXP 	fade_in_text: autoDraw = True
53.3621 	EXP 	fade_in_text: autoDraw = True
53.3786 	EXP 	fade_in_text: autoDraw = True
53.3954 	EXP 	fade_in_text: autoDraw = True
53.4120 	EXP 	fade_in_text: autoDraw = True
53.4287 	EXP 	fade_in_text: autoDraw = True
53.4454 	EXP 	fade_in_text: autoDraw = True
53.4621 	EXP 	fade_in_text: autoDraw = True
53.4786 	EXP 	fade_in_text: autoDraw = True
53.4953 	EXP 	fade_in_text: autoDraw = True
53.5121 	EXP 	fade_in_text: autoDraw = True
53.5287 	EXP 	fade_in_text: autoDraw = True
53.5454 	EXP 	fade_in_text: autoDraw = True
53.5621 	EXP 	fade_in_text: autoDraw = True
53.5786 	EXP 	fade_in_text: autoDraw = True
53.5953 	EXP 	fade_in_text: autoDraw = True
53.6120 	EXP 	fade_in_text: autoDraw = True
53.6287 	EXP 	fade_in_text: autoDraw = True
53.6454 	EXP 	fade_in_text: autoDraw = True
53.6620 	EXP 	fade_in_text: autoDraw = True
53.6786 	EXP 	fade_in_text: autoDraw = True
53.6953 	EXP 	fade_in_text: autoDraw = True
53.7121 	EXP 	fade_in_text: autoDraw = True
53.7287 	EXP 	fade_in_text: autoDraw = True
53.7454 	EXP 	fade_in_text: autoDraw = True
53.7619 	EXP 	fade_in_text: autoDraw = True
53.7786 	EXP 	fade_in_text: autoDraw = True
53.7953 	EXP 	fade_in_text: autoDraw = True
53.8121 	EXP 	fade_in_text: autoDraw = True
53.8287 	EXP 	fade_in_text: autoDraw = True
53.8454 	EXP 	fade_in_text: autoDraw = True
53.8620 	EXP 	fade_in_text: autoDraw = True
53.8786 	EXP 	fade_in_text: autoDraw = True
53.8953 	EXP 	fade_in_text: autoDraw = True
53.9121 	EXP 	fade_in_text: autoDraw = True
53.9287 	EXP 	fade_in_text: autoDraw = True
53.9454 	EXP 	fade_in_text: autoDraw = True
53.9620 	EXP 	fade_in_text: autoDraw = True
53.9786 	EXP 	fade_in_text: autoDraw = True
53.9953 	EXP 	fade_in_text: autoDraw = True
54.0121 	EXP 	fade_in_text: autoDraw = True
54.0287 	EXP 	fade_in_text: autoDraw = True
54.0455 	EXP 	fade_in_text: autoDraw = True
54.0620 	EXP 	fade_in_text: autoDraw = True
54.0787 	EXP 	fade_in_text: autoDraw = True
54.0953 	EXP 	fade_in_text: autoDraw = True
54.1121 	EXP 	fade_in_text: autoDraw = True
54.1287 	EXP 	fade_in_text: autoDraw = True
54.1455 	EXP 	fade_in_text: autoDraw = True
54.1620 	EXP 	fade_in_text: autoDraw = True
54.1786 	EXP 	fade_in_text: autoDraw = True
54.1953 	EXP 	fade_in_text: autoDraw = True
54.2121 	EXP 	fade_in_text: autoDraw = True
54.2287 	EXP 	fade_in_text: autoDraw = True
54.2455 	EXP 	fade_in_text: autoDraw = True
54.2620 	EXP 	fade_in_text: autoDraw = True
54.2787 	EXP 	fade_in_text: autoDraw = True
54.2954 	EXP 	fade_in_text: autoDraw = True
54.3122 	EXP 	fade_in_text: autoDraw = True
54.3287 	EXP 	fade_in_text: autoDraw = True
54.3455 	EXP 	fade_in_text: autoDraw = True
54.3620 	EXP 	fade_in_text: autoDraw = True
54.3787 	EXP 	fade_in_text: autoDraw = True
54.3954 	EXP 	fade_in_text: autoDraw = True
54.4121 	EXP 	fade_in_text: autoDraw = True
54.4287 	EXP 	fade_in_text: autoDraw = True
54.4453 	EXP 	fade_in_text: autoDraw = True
54.4620 	EXP 	fade_in_text: autoDraw = True
54.4787 	EXP 	fade_in_text: autoDraw = True
54.4954 	EXP 	fade_in_text: autoDraw = True
54.5121 	EXP 	fade_in_text: autoDraw = True
54.5288 	EXP 	fade_in_text: autoDraw = True
54.5453 	EXP 	fade_in_text: autoDraw = True
54.5620 	EXP 	fade_in_text: autoDraw = True
54.5787 	EXP 	fade_in_text: autoDraw = True
54.5954 	EXP 	fade_in_text: autoDraw = True
54.6121 	EXP 	fade_in_text: autoDraw = True
54.6288 	EXP 	fade_in_text: autoDraw = True
54.6453 	EXP 	fade_in_text: autoDraw = True
54.6620 	EXP 	fade_in_text: autoDraw = True
54.6787 	EXP 	fade_in_text: autoDraw = True
54.6954 	EXP 	fade_in_text: autoDraw = True
54.7121 	EXP 	fade_in_text: autoDraw = True
54.7288 	EXP 	fade_in_text: autoDraw = True
54.7453 	EXP 	fade_in_text: autoDraw = True
54.7620 	EXP 	fade_in_text: autoDraw = True
54.7787 	EXP 	fade_in_text: autoDraw = True
54.7954 	EXP 	fade_in_text: autoDraw = True
54.8121 	EXP 	fade_in_text: autoDraw = True
54.8289 	EXP 	fade_in_text: autoDraw = True
54.8453 	EXP 	fade_in_text: autoDraw = True
54.8620 	EXP 	fade_in_text: autoDraw = True
54.8787 	EXP 	fade_in_text: autoDraw = True
54.8954 	EXP 	fade_in_text: autoDraw = True
54.9121 	EXP 	fade_in_text: autoDraw = True
54.9289 	EXP 	fade_in_text: autoDraw = True
54.9453 	EXP 	fade_in_text: autoDraw = True
54.9620 	EXP 	fade_in_text: autoDraw = True
54.9788 	EXP 	fade_in_text: autoDraw = True
54.9954 	EXP 	fade_in_text: autoDraw = True
55.0121 	EXP 	fade_in_text: autoDraw = True
55.0289 	EXP 	fade_in_text: autoDraw = True
55.0454 	EXP 	fade_in_text: autoDraw = True
55.0620 	EXP 	fade_in_text: autoDraw = True
55.0788 	EXP 	fade_in_text: autoDraw = True
55.0955 	EXP 	fade_in_text: autoDraw = True
55.1121 	EXP 	fade_in_text: autoDraw = True
55.1287 	EXP 	fade_in_text: autoDraw = True
55.1454 	EXP 	fade_in_text: autoDraw = True
55.1620 	EXP 	fade_in_text: autoDraw = True
55.1788 	EXP 	fade_in_text: autoDraw = True
55.1955 	EXP 	fade_in_text: autoDraw = True
55.2122 	EXP 	fade_in_text: autoDraw = True
55.2287 	EXP 	fade_in_text: autoDraw = True
55.2454 	EXP 	fade_in_text: autoDraw = True
55.2620 	EXP 	fade_in_text: autoDraw = True
55.2788 	EXP 	fade_in_text: autoDraw = True
55.2954 	EXP 	fade_in_text: autoDraw = True
55.3121 	EXP 	fade_in_text: autoDraw = True
55.3287 	EXP 	fade_in_text: autoDraw = True
55.3454 	EXP 	fade_in_text: autoDraw = True
55.3621 	EXP 	fade_in_text: autoDraw = True
55.3788 	EXP 	fade_in_text: autoDraw = True
55.3954 	EXP 	fade_in_text: autoDraw = True
55.4121 	EXP 	fade_in_text: autoDraw = True
55.4287 	EXP 	fade_in_text: autoDraw = True
55.4454 	EXP 	fade_in_text: autoDraw = True
55.4620 	EXP 	fade_in_text: autoDraw = True
55.4788 	EXP 	fade_in_text: autoDraw = True
55.4955 	EXP 	fade_in_text: autoDraw = True
55.5122 	EXP 	fade_in_text: autoDraw = True
55.5287 	EXP 	fade_in_text: autoDraw = True
55.5454 	EXP 	fade_in_text: autoDraw = True
55.5621 	EXP 	fade_in_text: autoDraw = True
55.5788 	EXP 	fade_in_text: autoDraw = True
55.5955 	EXP 	fade_in_text: autoDraw = True
55.6122 	EXP 	fade_in_text: autoDraw = True
55.6287 	EXP 	fade_in_text: autoDraw = True
55.6454 	EXP 	fade_in_text: autoDraw = True
55.6621 	EXP 	fade_in_text: autoDraw = True
55.6788 	EXP 	fade_in_text: autoDraw = True
55.6955 	EXP 	fade_in_text: autoDraw = True
55.7122 	EXP 	fade_in_text: autoDraw = True
55.7287 	EXP 	fade_in_text: autoDraw = True
55.7454 	EXP 	fade_in_text: autoDraw = True
55.7621 	EXP 	fade_in_text: autoDraw = True
55.7788 	EXP 	fade_in_text: autoDraw = True
55.7955 	EXP 	fade_in_text: autoDraw = True
55.8123 	EXP 	fade_in_text: autoDraw = True
55.8287 	EXP 	fade_in_text: autoDraw = True
55.8454 	EXP 	fade_in_text: autoDraw = True
55.8622 	EXP 	fade_in_text: autoDraw = True
55.8788 	EXP 	fade_in_text: autoDraw = True
55.8955 	EXP 	fade_in_text: autoDraw = True
55.9121 	EXP 	fade_in_text: autoDraw = True
55.9288 	EXP 	fade_in_text: autoDraw = True
55.9454 	EXP 	fade_in_text: autoDraw = True
55.9622 	EXP 	fade_in_text: autoDraw = True
55.9788 	EXP 	fade_in_text: autoDraw = True
55.9955 	EXP 	fade_in_text: autoDraw = True
56.0122 	EXP 	fade_in_text: autoDraw = True
56.0288 	EXP 	fade_in_text: autoDraw = True
56.0454 	EXP 	fade_in_text: autoDraw = True
56.0622 	EXP 	fade_in_text: autoDraw = True
56.0788 	EXP 	fade_in_text: autoDraw = True
56.0955 	EXP 	fade_in_text: autoDraw = True
56.1121 	EXP 	fade_in_text: autoDraw = True
56.1288 	EXP 	fade_in_text: autoDraw = True
56.1454 	EXP 	fade_in_text: autoDraw = True
56.1622 	EXP 	fade_in_text: autoDraw = True
56.1788 	EXP 	fade_in_text: autoDraw = True
56.1955 	EXP 	fade_in_text: autoDraw = True
56.2122 	EXP 	fade_in_text: autoDraw = True
56.2288 	EXP 	fade_in_text: autoDraw = True
56.2454 	EXP 	fade_in_text: autoDraw = True
56.2622 	EXP 	fade_in_text: autoDraw = True
56.2788 	EXP 	fade_in_text: autoDraw = True
56.2956 	EXP 	fade_in_text: autoDraw = True
56.3121 	EXP 	fade_in_text: autoDraw = True
56.3288 	EXP 	fade_in_text: autoDraw = True
56.3454 	EXP 	fade_in_text: autoDraw = True
56.3622 	EXP 	fade_in_text: autoDraw = True
56.3788 	EXP 	fade_in_text: autoDraw = True
56.3956 	EXP 	fade_in_text: autoDraw = True
56.4122 	EXP 	fade_in_text: autoDraw = True
56.4289 	EXP 	fade_in_text: autoDraw = True
56.4455 	EXP 	fade_in_text: autoDraw = True
56.4622 	EXP 	fade_in_text: autoDraw = True
56.4789 	EXP 	fade_in_text: autoDraw = True
56.4956 	EXP 	fade_in_text: autoDraw = True
56.5121 	EXP 	fade_in_text: autoDraw = True
56.5289 	EXP 	fade_in_text: autoDraw = True
56.5455 	EXP 	fade_in_text: autoDraw = True
56.5622 	EXP 	fade_in_text: autoDraw = True
56.5788 	EXP 	fade_in_text: autoDraw = True
56.5956 	EXP 	fade_in_text: autoDraw = True
56.6122 	EXP 	fade_in_text: autoDraw = True
56.6289 	EXP 	fade_in_text: autoDraw = True
56.6455 	EXP 	fade_in_text: autoDraw = True
56.6622 	EXP 	fade_in_text: autoDraw = True
56.6789 	EXP 	fade_in_text: autoDraw = True
56.6955 	EXP 	fade_in_text: autoDraw = True
56.7121 	EXP 	fade_in_text: autoDraw = True
56.7289 	EXP 	fade_in_text: autoDraw = True
56.7455 	EXP 	fade_in_text: autoDraw = True
56.7622 	EXP 	fade_in_text: autoDraw = True
56.7789 	EXP 	fade_in_text: autoDraw = True
56.7955 	EXP 	fade_in_text: autoDraw = True
56.8122 	EXP 	fade_in_text: autoDraw = True
56.8289 	EXP 	fade_in_text: autoDraw = True
56.8455 	EXP 	fade_in_text: autoDraw = True
56.8622 	EXP 	fade_in_text: autoDraw = True
56.8789 	EXP 	fade_in_text: autoDraw = True
56.8955 	EXP 	fade_in_text: autoDraw = True
56.9121 	EXP 	fade_in_text: autoDraw = True
56.9289 	EXP 	fade_in_text: autoDraw = True
56.9455 	EXP 	fade_in_text: autoDraw = True
56.9622 	EXP 	fade_in_text: autoDraw = True
56.9789 	EXP 	fade_in_text: autoDraw = True
56.9955 	EXP 	fade_in_text: autoDraw = True
57.0122 	EXP 	fade_in_text: autoDraw = True
57.0289 	EXP 	fade_in_text: autoDraw = True
57.0456 	EXP 	fade_in_text: autoDraw = True
57.0622 	EXP 	fade_in_text: autoDraw = True
57.0790 	EXP 	fade_in_text: autoDraw = True
57.0955 	EXP 	fade_in_text: autoDraw = True
57.1121 	EXP 	fade_in_text: autoDraw = True
57.1289 	EXP 	fade_in_text: autoDraw = True
57.1455 	EXP 	fade_in_text: autoDraw = True
57.1622 	EXP 	fade_in_text: autoDraw = True
57.1790 	EXP 	fade_in_text: autoDraw = True
57.1955 	EXP 	fade_in_text: autoDraw = True
57.2122 	EXP 	fade_in_text: autoDraw = True
57.2289 	EXP 	fade_in_text: autoDraw = True
57.2456 	EXP 	fade_in_text: autoDraw = True
57.2622 	EXP 	fade_in_text: autoDraw = True
57.2791 	EXP 	fade_in_text: autoDraw = True
57.2955 	EXP 	fade_in_text: autoDraw = True
57.3122 	EXP 	fade_in_text: autoDraw = True
57.3289 	EXP 	fade_in_text: autoDraw = True
57.3456 	EXP 	fade_in_text: autoDraw = True
57.3622 	EXP 	fade_in_text: autoDraw = True
57.3788 	EXP 	fade_in_text: autoDraw = True
57.3955 	EXP 	fade_in_text: autoDraw = True
57.4122 	EXP 	fade_in_text: autoDraw = True
57.4289 	EXP 	fade_in_text: autoDraw = True
57.4456 	EXP 	fade_in_text: autoDraw = True
57.4622 	EXP 	fade_in_text: autoDraw = True
57.4789 	EXP 	fade_in_text: autoDraw = True
57.4955 	EXP 	fade_in_text: autoDraw = True
57.5122 	EXP 	fade_in_text: autoDraw = True
57.5289 	EXP 	fade_in_text: autoDraw = True
57.5456 	EXP 	fade_in_text: autoDraw = True
57.5622 	EXP 	fade_in_text: autoDraw = True
57.5788 	EXP 	fade_in_text: autoDraw = True
57.5955 	EXP 	fade_in_text: autoDraw = True
57.6122 	EXP 	fade_in_text: autoDraw = True
57.6289 	EXP 	fade_in_text: autoDraw = True
57.6456 	EXP 	fade_in_text: autoDraw = True
57.6624 	EXP 	fade_in_text: autoDraw = True
57.6788 	EXP 	fade_in_text: autoDraw = True
57.6955 	EXP 	fade_in_text: autoDraw = True
57.7122 	EXP 	fade_in_text: autoDraw = True
57.7289 	EXP 	fade_in_text: autoDraw = True
57.7456 	EXP 	fade_in_text: autoDraw = True
57.7624 	EXP 	fade_in_text: autoDraw = True
57.7788 	EXP 	fade_in_text: autoDraw = True
57.7955 	EXP 	fade_in_text: autoDraw = True
57.8122 	EXP 	fade_in_text: autoDraw = True
57.8289 	EXP 	fade_in_text: autoDraw = True
57.8456 	EXP 	fade_in_text: autoDraw = True
57.8624 	EXP 	fade_in_text: autoDraw = True
57.8788 	EXP 	fade_in_text: autoDraw = True
57.8955 	EXP 	fade_in_text: autoDraw = True
57.9122 	EXP 	fade_in_text: autoDraw = True
57.9289 	EXP 	fade_in_text: autoDraw = True
57.9456 	EXP 	fade_in_text: autoDraw = True
57.9622 	EXP 	fade_in_text: autoDraw = True
57.9789 	EXP 	fade_in_text: autoDraw = True
57.9955 	EXP 	fade_in_text: autoDraw = True
58.0123 	EXP 	fade_in_text: autoDraw = True
58.0290 	EXP 	fade_in_text: autoDraw = True
58.0456 	EXP 	fade_in_text: autoDraw = True
58.0622 	EXP 	fade_in_text: autoDraw = True
58.0788 	EXP 	fade_in_text: autoDraw = True
58.0955 	EXP 	fade_in_text: autoDraw = True
58.1123 	EXP 	fade_in_text: autoDraw = True
58.1291 	EXP 	fade_in_text: autoDraw = True
58.1456 	EXP 	fade_in_text: autoDraw = True
58.1622 	EXP 	fade_in_text: autoDraw = True
58.1789 	EXP 	fade_in_text: autoDraw = True
58.1955 	EXP 	fade_in_text: autoDraw = True
58.2123 	EXP 	fade_in_text: autoDraw = True
58.2289 	EXP 	fade_in_text: autoDraw = True
58.2456 	EXP 	fade_in_text: autoDraw = True
58.2622 	EXP 	fade_in_text: autoDraw = True
58.2789 	EXP 	fade_in_text: autoDraw = True
58.2955 	EXP 	fade_in_text: autoDraw = True
58.3123 	EXP 	fade_in_text: autoDraw = True
58.3289 	EXP 	fade_in_text: autoDraw = True
58.3457 	EXP 	fade_in_text: autoDraw = True
58.3622 	EXP 	fade_in_text: autoDraw = True
58.3789 	EXP 	fade_in_text: autoDraw = True
58.3955 	EXP 	fade_in_text: autoDraw = True
58.4123 	EXP 	fade_in_text: autoDraw = True
58.4290 	EXP 	fade_in_text: autoDraw = True
58.4457 	EXP 	fade_in_text: autoDraw = True
58.4622 	EXP 	fade_in_text: autoDraw = True
58.4789 	EXP 	fade_in_text: autoDraw = True
58.4956 	EXP 	fade_in_text: autoDraw = True
58.5123 	EXP 	fade_in_text: autoDraw = True
58.5289 	EXP 	fade_in_text: autoDraw = True
58.5457 	EXP 	fade_in_text: autoDraw = True
58.5622 	EXP 	fade_in_text: autoDraw = True
58.5789 	EXP 	fade_in_text: autoDraw = True
58.5956 	EXP 	fade_in_text: autoDraw = True
58.6123 	EXP 	fade_in_text: autoDraw = True
58.6289 	EXP 	fade_in_text: autoDraw = True
58.6458 	EXP 	fade_in_text: autoDraw = True
58.6622 	EXP 	fade_in_text: autoDraw = True
58.6789 	EXP 	fade_in_text: autoDraw = True
58.6956 	EXP 	fade_in_text: autoDraw = True
58.7123 	EXP 	fade_in_text: autoDraw = True
58.7290 	EXP 	fade_in_text: autoDraw = True
58.7456 	EXP 	fade_in_text: autoDraw = True
58.7622 	EXP 	fade_in_text: autoDraw = True
58.7789 	EXP 	fade_in_text: autoDraw = True
58.7956 	EXP 	fade_in_text: autoDraw = True
58.8123 	EXP 	fade_in_text: autoDraw = True
58.8290 	EXP 	fade_in_text: autoDraw = True
58.8456 	EXP 	fade_in_text: autoDraw = True
58.8622 	EXP 	fade_in_text: autoDraw = True
58.8789 	EXP 	fade_in_text: autoDraw = True
58.8956 	EXP 	fade_in_text: autoDraw = True
58.9123 	EXP 	fade_in_text: autoDraw = True
58.9290 	EXP 	fade_in_text: autoDraw = True
58.9456 	EXP 	fade_in_text: autoDraw = True
58.9622 	EXP 	fade_in_text: autoDraw = True
58.9789 	EXP 	fade_in_text: autoDraw = True
58.9956 	EXP 	fade_in_text: autoDraw = True
59.0123 	EXP 	fade_in_text: autoDraw = True
59.0291 	EXP 	fade_in_text: autoDraw = True
59.0456 	EXP 	fade_in_text: autoDraw = True
59.0622 	EXP 	fade_in_text: autoDraw = True
59.0789 	EXP 	fade_in_text: autoDraw = True
59.0957 	EXP 	fade_in_text: autoDraw = True
59.1123 	EXP 	fade_in_text: autoDraw = True
59.1291 	EXP 	fade_in_text: autoDraw = True
59.1456 	EXP 	fade_in_text: autoDraw = True
59.1622 	EXP 	fade_in_text: autoDraw = True
59.1790 	EXP 	fade_in_text: autoDraw = True
59.1957 	EXP 	fade_in_text: autoDraw = True
59.2123 	EXP 	fade_in_text: autoDraw = True
59.2291 	EXP 	fade_in_text: autoDraw = True
59.2456 	EXP 	fade_in_text: autoDraw = True
59.2622 	EXP 	fade_in_text: autoDraw = True
59.2790 	EXP 	fade_in_text: autoDraw = True
59.2957 	EXP 	fade_in_text: autoDraw = True
59.3123 	EXP 	fade_in_text: autoDraw = True
59.3291 	EXP 	fade_in_text: autoDraw = True
59.3456 	EXP 	fade_in_text: autoDraw = True
59.3623 	EXP 	fade_in_text: autoDraw = True
59.3790 	EXP 	fade_in_text: autoDraw = True
59.3957 	EXP 	fade_in_text: autoDraw = True
59.4123 	EXP 	fade_in_text: autoDraw = True
59.4290 	EXP 	fade_in_text: autoDraw = True
59.4456 	EXP 	fade_in_text: autoDraw = True
59.4623 	EXP 	fade_in_text: autoDraw = True
59.4790 	EXP 	fade_in_text: autoDraw = True
59.4957 	EXP 	fade_in_text: autoDraw = True
59.5123 	EXP 	fade_in_text: autoDraw = True
59.5290 	EXP 	fade_in_text: autoDraw = True
59.5456 	EXP 	fade_in_text: autoDraw = True
59.5622 	EXP 	fade_in_text: autoDraw = True
59.5790 	EXP 	fade_in_text: autoDraw = True
59.5957 	EXP 	fade_in_text: autoDraw = True
59.6123 	EXP 	fade_in_text: autoDraw = True
59.6290 	EXP 	fade_in_text: autoDraw = True
59.6456 	EXP 	fade_in_text: autoDraw = True
59.6623 	EXP 	fade_in_text: autoDraw = True
59.6790 	EXP 	fade_in_text: autoDraw = True
59.6957 	EXP 	fade_in_text: autoDraw = True
59.7123 	EXP 	fade_in_text: autoDraw = True
59.7289 	EXP 	fade_in_text: autoDraw = True
59.7457 	EXP 	fade_in_text: autoDraw = True
59.7623 	EXP 	fade_in_text: autoDraw = True
59.7790 	EXP 	fade_in_text: autoDraw = True
59.7957 	EXP 	fade_in_text: autoDraw = True
59.8125 	EXP 	fade_in_text: autoDraw = True
59.8290 	EXP 	fade_in_text: autoDraw = True
59.8457 	EXP 	fade_in_text: autoDraw = True
59.8623 	EXP 	fade_in_text: autoDraw = True
59.8790 	EXP 	fade_in_text: autoDraw = True
59.8957 	EXP 	fade_in_text: autoDraw = True
59.9124 	EXP 	fade_in_text: autoDraw = True
59.9289 	EXP 	fade_in_text: autoDraw = True
59.9457 	EXP 	fade_in_text: autoDraw = True
59.9623 	EXP 	fade_in_text: autoDraw = True
59.9790 	EXP 	fade_in_text: autoDraw = True
59.9957 	EXP 	fade_in_text: autoDraw = True
60.0125 	EXP 	fade_in_text: autoDraw = True
60.0290 	EXP 	fade_in_text: autoDraw = True
60.0457 	EXP 	fade_in_text: autoDraw = True
60.0624 	EXP 	fade_in_text: autoDraw = True
60.0790 	EXP 	fade_in_text: autoDraw = True
60.0957 	EXP 	fade_in_text: autoDraw = True
60.1123 	EXP 	fade_in_text: autoDraw = True
60.1290 	EXP 	fade_in_text: autoDraw = True
60.1457 	EXP 	fade_in_text: autoDraw = True
60.1624 	EXP 	fade_in_text: autoDraw = True
60.1790 	EXP 	fade_in_text: autoDraw = True
60.1957 	EXP 	fade_in_text: autoDraw = True
60.2123 	EXP 	fade_in_text: autoDraw = True
60.2291 	EXP 	fade_in_text: autoDraw = True
60.2457 	EXP 	fade_in_text: autoDraw = True
60.2624 	EXP 	fade_in_text: autoDraw = True
60.2790 	EXP 	fade_in_text: autoDraw = True
60.2957 	EXP 	fade_in_text: autoDraw = True
60.3123 	EXP 	fade_in_text: autoDraw = True
60.3290 	EXP 	fade_in_text: autoDraw = True
60.3457 	EXP 	fade_in_text: autoDraw = True
60.3624 	EXP 	fade_in_text: autoDraw = True
60.3791 	EXP 	fade_in_text: autoDraw = True
60.3957 	EXP 	fade_in_text: autoDraw = True
60.4123 	EXP 	fade_in_text: autoDraw = True
60.4291 	EXP 	fade_in_text: autoDraw = True
60.4457 	EXP 	fade_in_text: autoDraw = True
60.4624 	EXP 	fade_in_text: autoDraw = True
60.4791 	EXP 	fade_in_text: autoDraw = True
60.4958 	EXP 	fade_in_text: autoDraw = True
60.5123 	EXP 	fade_in_text: autoDraw = True
60.5290 	EXP 	fade_in_text: autoDraw = True
60.5457 	EXP 	fade_in_text: autoDraw = True
60.5624 	EXP 	fade_in_text: autoDraw = True
60.5791 	EXP 	fade_in_text: autoDraw = True
60.5958 	EXP 	fade_in_text: autoDraw = True
60.6123 	EXP 	fade_in_text: autoDraw = True
60.6291 	EXP 	fade_in_text: autoDraw = True
60.6457 	EXP 	fade_in_text: autoDraw = True
60.6624 	EXP 	fade_in_text: autoDraw = True
60.6791 	EXP 	fade_in_text: autoDraw = True
60.6958 	EXP 	fade_in_text: autoDraw = True
60.7123 	EXP 	fade_in_text: autoDraw = True
60.7290 	EXP 	fade_in_text: autoDraw = True
60.7457 	EXP 	fade_in_text: autoDraw = True
60.7624 	EXP 	fade_in_text: autoDraw = True
60.7791 	EXP 	fade_in_text: autoDraw = True
60.7959 	EXP 	fade_in_text: autoDraw = True
60.8123 	EXP 	fade_in_text: autoDraw = True
60.8291 	EXP 	fade_in_text: autoDraw = True
60.8458 	EXP 	fade_in_text: autoDraw = True
60.8624 	EXP 	fade_in_text: autoDraw = True
60.8791 	EXP 	fade_in_text: autoDraw = True
60.8957 	EXP 	fade_in_text: autoDraw = True
60.9123 	EXP 	fade_in_text: autoDraw = True
60.9290 	EXP 	fade_in_text: autoDraw = True
60.9457 	EXP 	fade_in_text: autoDraw = True
60.9624 	EXP 	fade_in_text: autoDraw = True
60.9791 	EXP 	fade_in_text: autoDraw = True
60.9957 	EXP 	fade_in_text: autoDraw = True
61.0123 	EXP 	fade_in_text: autoDraw = True
61.0291 	EXP 	fade_in_text: autoDraw = True
61.0458 	EXP 	fade_in_text: autoDraw = True
61.0624 	EXP 	fade_in_text: autoDraw = True
61.0791 	EXP 	fade_in_text: autoDraw = True
61.0957 	EXP 	fade_in_text: autoDraw = True
61.1123 	EXP 	fade_in_text: autoDraw = True
61.1290 	EXP 	fade_in_text: autoDraw = True
61.1458 	EXP 	fade_in_text: autoDraw = True
61.1624 	EXP 	fade_in_text: autoDraw = True
61.1791 	EXP 	fade_in_text: autoDraw = True
61.1957 	EXP 	fade_in_text: autoDraw = True
61.2124 	EXP 	fade_in_text: autoDraw = True
61.2290 	EXP 	fade_in_text: autoDraw = True
61.2458 	EXP 	fade_in_text: autoDraw = True
61.2624 	EXP 	fade_in_text: autoDraw = True
61.2792 	EXP 	fade_in_text: autoDraw = True
61.2957 	EXP 	fade_in_text: autoDraw = True
61.3124 	EXP 	fade_in_text: autoDraw = True
61.3291 	EXP 	fade_in_text: autoDraw = True
61.3458 	EXP 	fade_in_text: autoDraw = True
61.3624 	EXP 	fade_in_text: autoDraw = True
61.3792 	EXP 	fade_in_text: autoDraw = True
61.3957 	EXP 	fade_in_text: autoDraw = True
61.4124 	EXP 	fade_in_text: autoDraw = True
61.4291 	EXP 	fade_in_text: autoDraw = True
61.4458 	EXP 	fade_in_text: autoDraw = True
61.4624 	EXP 	fade_in_text: autoDraw = True
61.4793 	EXP 	fade_in_text: autoDraw = True
61.4957 	EXP 	fade_in_text: autoDraw = True
61.5124 	EXP 	fade_in_text: autoDraw = True
61.5291 	EXP 	fade_in_text: autoDraw = True
61.5458 	EXP 	fade_in_text: autoDraw = True
61.5625 	EXP 	fade_in_text: autoDraw = True
61.5791 	EXP 	fade_in_text: autoDraw = True
61.5957 	EXP 	fade_in_text: autoDraw = True
61.6124 	EXP 	fade_in_text: autoDraw = True
61.6291 	EXP 	fade_in_text: autoDraw = True
61.6458 	EXP 	fade_in_text: autoDraw = True
61.6624 	EXP 	fade_in_text: autoDraw = True
61.6790 	EXP 	fade_in_text: autoDraw = True
61.6957 	EXP 	fade_in_text: autoDraw = True
61.7124 	EXP 	fade_in_text: autoDraw = True
61.7291 	EXP 	fade_in_text: autoDraw = True
61.7458 	EXP 	fade_in_text: autoDraw = True
61.7625 	EXP 	fade_in_text: autoDraw = True
61.7790 	EXP 	fade_in_text: autoDraw = True
61.7957 	EXP 	fade_in_text: autoDraw = True
61.8124 	EXP 	fade_in_text: autoDraw = True
61.8291 	EXP 	fade_in_text: autoDraw = True
61.8459 	EXP 	fade_in_text: autoDraw = True
61.8626 	EXP 	fade_in_text: autoDraw = True
61.8790 	EXP 	fade_in_text: autoDraw = True
61.8957 	EXP 	fade_in_text: autoDraw = True
61.9124 	EXP 	fade_in_text: autoDraw = True
61.9291 	EXP 	fade_in_text: autoDraw = True
61.9459 	EXP 	fade_in_text: autoDraw = True
61.9626 	EXP 	fade_in_text: autoDraw = True
61.9791 	EXP 	fade_in_text: autoDraw = True
61.9957 	EXP 	fade_in_text: autoDraw = True
62.0125 	EXP 	fade_in_text: autoDraw = True
62.0291 	EXP 	fade_in_text: autoDraw = True
62.0458 	EXP 	fade_in_text: autoDraw = True
62.0626 	EXP 	fade_in_text: autoDraw = True
65.0960 	EXP 	fade_in_text: autoDraw = False
65.0960 	EXP 	RS_intro_title: autoDraw = True
65.0960 	EXP 	RS_intro_text: autoDraw = True
88.1139 	EXP 	RS_intro_title: autoDraw = False
88.1139 	EXP 	RS_intro_text: autoDraw = False
88.1139 	EXP 	RS_intro_title: autoDraw = False
88.1139 	EXP 	RS_intro_text: autoDraw = False
88.1139 	EXP 	RS_rec_text: text = 'Please keep relaxed and close your eyes.\n'
88.1139 	EXP 	RS_rec_text: autoDraw = True
268.1233 	EXP 	RS_rec_text: autoDraw = False
271.4732 	EXP 	RS_rec_text: autoDraw = False
271.4732 	EXP 	RS_intro_title: autoDraw = True
271.4732 	EXP 	RS_intro_text: autoDraw = True
294.4913 	EXP 	RS_intro_title: autoDraw = False
294.4913 	EXP 	RS_intro_text: autoDraw = False
294.4913 	EXP 	RS_intro_title: autoDraw = False
294.4913 	EXP 	RS_intro_text: autoDraw = False
294.4913 	EXP 	RS_rec_text: text = 'Please keep relaxed and open your eyes.\nNote: Blinking is allowed.'
294.4913 	EXP 	RS_rec_text: autoDraw = True
474.5004 	EXP 	RS_rec_text: autoDraw = False
477.9008 	EXP 	RS_rec_text: autoDraw = False
477.9008 	EXP 	Pause_cont: text = 'Press [space] key to continue.'
477.9008 	EXP 	Pause_cont: autoDraw = True
480.9613 	DATA 	Keypress: space
491.9180 	EXP 	Pause_cont: autoDraw = False
491.9180 	EXP 	QA_intro_title: autoDraw = True
491.9180 	EXP 	QA_intro_text: autoDraw = True
530.7473 	DATA 	Keypress: space
531.3200 	EXP 	QA_intro_cont: autoDraw = True
532.3340 	EXP 	Created sequence: random, trialTypes=1, nReps=2, seed=None
532.3346 	EXP 	New trial (rep=0, index=0): None
533.3379 	EXP 	Created sequence: random, trialTypes=1, nReps=25, seed=None
533.3388 	EXP 	New trial (rep=0, index=0): None
534.3872 	EXP 	QA_intro_title: autoDraw = False
534.3872 	EXP 	QA_intro_text: autoDraw = False
534.3872 	EXP 	QA_intro_cont: autoDraw = False
534.3872 	EXP 	QA_rec_text: autoDraw = True
552.3713 	EXP 	QA_rec_break: autoDraw = True
553.3714 	EXP 	QA_rec_break: autoDraw = False
554.3772 	EXP 	New trial (rep=1, index=0): None
555.4212 	EXP 	QA_rec_text: autoDraw = False
555.4212 	EXP 	QA_rec_break: autoDraw = False
555.4212 	EXP 	QA_rec_text: autoDraw = True
573.4057 	EXP 	QA_rec_break: autoDraw = True
574.4058 	EXP 	QA_rec_break: autoDraw = False
575.4109 	EXP 	New trial (rep=2, index=0): None
576.4733 	EXP 	QA_rec_text: autoDraw = False
576.4733 	EXP 	QA_rec_break: autoDraw = False
576.4733 	EXP 	QA_rec_text: autoDraw = True
594.4566 	EXP 	QA_rec_break: autoDraw = True
596.4611 	EXP 	New trial (rep=3, index=0): None
597.5237 	EXP 	QA_rec_text: autoDraw = False
597.5237 	EXP 	QA_rec_break: autoDraw = False
597.5237 	EXP 	QA_rec_text: autoDraw = True
615.5243 	EXP 	QA_rec_break: autoDraw = True
617.5288 	EXP 	New trial (rep=4, index=0): None
618.5917 	EXP 	QA_rec_text: autoDraw = False
618.5917 	EXP 	QA_rec_break: autoDraw = False
618.5917 	EXP 	QA_rec_text: autoDraw = True
636.5920 	EXP 	QA_rec_break: autoDraw = True
638.5967 	EXP 	New trial (rep=5, index=0): None
639.6589 	EXP 	QA_rec_text: autoDraw = False
639.6589 	EXP 	QA_rec_break: autoDraw = False
639.6589 	EXP 	QA_rec_text: autoDraw = True
657.6598 	EXP 	QA_rec_break: autoDraw = True
659.6309 	EXP 	New trial (rep=6, index=0): None
660.6934 	EXP 	QA_rec_text: autoDraw = False
660.6934 	EXP 	QA_rec_break: autoDraw = False
660.6934 	EXP 	QA_rec_text: autoDraw = True
678.6943 	EXP 	QA_rec_break: autoDraw = True
680.6654 	EXP 	New trial (rep=7, index=0): None
681.7278 	EXP 	QA_rec_text: autoDraw = False
681.7278 	EXP 	QA_rec_break: autoDraw = False
681.7278 	EXP 	QA_rec_text: autoDraw = True
699.7287 	EXP 	QA_rec_break: autoDraw = True
701.7008 	EXP 	New trial (rep=8, index=0): None
702.7621 	EXP 	QA_rec_text: autoDraw = False
702.7621 	EXP 	QA_rec_break: autoDraw = False
702.7621 	EXP 	QA_rec_text: autoDraw = True
720.7632 	EXP 	QA_rec_break: autoDraw = True
722.7679 	EXP 	New trial (rep=9, index=0): None
723.8301 	EXP 	QA_rec_text: autoDraw = False
723.8301 	EXP 	QA_rec_break: autoDraw = False
723.8301 	EXP 	QA_rec_text: autoDraw = True
741.8310 	EXP 	QA_rec_break: autoDraw = True
743.8022 	EXP 	New trial (rep=10, index=0): None
744.8478 	EXP 	QA_rec_text: autoDraw = False
744.8478 	EXP 	QA_rec_break: autoDraw = False
744.8478 	EXP 	QA_rec_text: autoDraw = True
762.8486 	EXP 	QA_rec_break: autoDraw = True
764.8532 	EXP 	New trial (rep=11, index=0): None
765.9156 	EXP 	QA_rec_text: autoDraw = False
765.9156 	EXP 	QA_rec_break: autoDraw = False
765.9156 	EXP 	QA_rec_text: autoDraw = True
783.8997 	EXP 	QA_rec_break: autoDraw = True
785.9049 	EXP 	New trial (rep=12, index=0): None
786.9675 	EXP 	QA_rec_text: autoDraw = False
786.9675 	EXP 	QA_rec_break: autoDraw = False
786.9675 	EXP 	QA_rec_text: autoDraw = True
804.9675 	EXP 	QA_rec_break: autoDraw = True
806.9729 	EXP 	New trial (rep=13, index=0): None
808.0358 	EXP 	QA_rec_text: autoDraw = False
808.0358 	EXP 	QA_rec_break: autoDraw = False
808.0358 	EXP 	QA_rec_text: autoDraw = True
826.0352 	EXP 	QA_rec_break: autoDraw = True
828.0400 	EXP 	New trial (rep=14, index=0): None
829.1036 	EXP 	QA_rec_text: autoDraw = False
829.1036 	EXP 	QA_rec_break: autoDraw = False
829.1036 	EXP 	QA_rec_text: autoDraw = True
847.1030 	EXP 	QA_rec_break: autoDraw = True
849.0740 	EXP 	New trial (rep=15, index=0): None
850.1365 	EXP 	QA_rec_text: autoDraw = False
850.1365 	EXP 	QA_rec_break: autoDraw = False
850.1365 	EXP 	QA_rec_text: autoDraw = True
868.1374 	EXP 	QA_rec_break: autoDraw = True
870.1094 	EXP 	New trial (rep=16, index=0): None
871.1709 	EXP 	QA_rec_text: autoDraw = False
871.1709 	EXP 	QA_rec_break: autoDraw = False
871.1709 	EXP 	QA_rec_text: autoDraw = True
889.1718 	EXP 	QA_rec_break: autoDraw = True
891.1430 	EXP 	New trial (rep=17, index=0): None
892.2225 	EXP 	QA_rec_text: autoDraw = False
892.2225 	EXP 	QA_rec_break: autoDraw = False
892.2225 	EXP 	QA_rec_text: autoDraw = True
910.2229 	EXP 	QA_rec_break: autoDraw = True
912.1939 	EXP 	New trial (rep=18, index=0): None
913.2565 	EXP 	QA_rec_text: autoDraw = False
913.2565 	EXP 	QA_rec_break: autoDraw = False
913.2565 	EXP 	QA_rec_text: autoDraw = True
931.2574 	EXP 	QA_rec_break: autoDraw = True
933.2284 	EXP 	New trial (rep=19, index=0): None
934.2913 	EXP 	QA_rec_text: autoDraw = False
934.2913 	EXP 	QA_rec_break: autoDraw = False
934.2913 	EXP 	QA_rec_text: autoDraw = True
952.2917 	EXP 	QA_rec_break: autoDraw = True
954.2969 	EXP 	New trial (rep=20, index=0): None
955.3592 	EXP 	QA_rec_text: autoDraw = False
955.3592 	EXP 	QA_rec_break: autoDraw = False
955.3592 	EXP 	QA_rec_text: autoDraw = True
973.3262 	EXP 	QA_rec_break: autoDraw = True
975.3306 	EXP 	New trial (rep=21, index=0): None
976.3948 	EXP 	QA_rec_text: autoDraw = False
976.3948 	EXP 	QA_rec_break: autoDraw = False
976.3948 	EXP 	QA_rec_text: autoDraw = True
994.3941 	EXP 	QA_rec_break: autoDraw = True
996.3991 	EXP 	New trial (rep=22, index=0): None
997.4621 	EXP 	QA_rec_text: autoDraw = False
997.4621 	EXP 	QA_rec_break: autoDraw = False
997.4621 	EXP 	QA_rec_text: autoDraw = True
1015.4617 	EXP 	QA_rec_break: autoDraw = True
1017.4661 	EXP 	New trial (rep=23, index=0): None
1018.5125 	EXP 	QA_rec_text: autoDraw = False
1018.5125 	EXP 	QA_rec_break: autoDraw = False
1018.5125 	EXP 	QA_rec_text: autoDraw = True
1036.4961 	EXP 	QA_rec_break: autoDraw = True
1038.5009 	EXP 	New trial (rep=24, index=0): None
1039.5638 	EXP 	QA_rec_text: autoDraw = False
1039.5638 	EXP 	QA_rec_break: autoDraw = False
1039.5638 	EXP 	QA_rec_text: autoDraw = True
1057.5305 	EXP 	QA_rec_break: autoDraw = True
1061.5807 	EXP 	QA_rec_text: autoDraw = False
1061.5807 	EXP 	QA_rec_break: autoDraw = False
1061.5807 	EXP 	Pause_cont: text = 'Press [space] key to continue.'
1061.5807 	EXP 	Pause_cont: autoDraw = True
1076.6785 	DATA 	Keypress: space
1077.6840 	EXP 	New trial (rep=1, index=0): None
1078.6871 	EXP 	Created sequence: random, trialTypes=1, nReps=25, seed=None
1078.6881 	EXP 	New trial (rep=0, index=0): None
1079.7324 	EXP 	Pause_cont: autoDraw = False
1079.7324 	EXP 	QA_rec_text: autoDraw = True
1097.7326 	EXP 	QA_rec_break: autoDraw = True
1099.7047 	EXP 	New trial (rep=1, index=0): None
1100.7667 	EXP 	QA_rec_text: autoDraw = False
1100.7667 	EXP 	QA_rec_break: autoDraw = False
1100.7667 	EXP 	QA_rec_text: autoDraw = True
1118.7337 	EXP 	QA_rec_break: autoDraw = True
1120.7382 	EXP 	New trial (rep=2, index=0): None
1121.8172 	EXP 	QA_rec_text: autoDraw = False
1121.8172 	EXP 	QA_rec_break: autoDraw = False
1121.8172 	EXP 	QA_rec_text: autoDraw = True
1139.7847 	EXP 	QA_rec_break: autoDraw = True
1141.7893 	EXP 	New trial (rep=3, index=0): None
1142.8689 	EXP 	QA_rec_text: autoDraw = False
1142.8689 	EXP 	QA_rec_break: autoDraw = False
1142.8689 	EXP 	QA_rec_text: autoDraw = True
1160.8358 	EXP 	QA_rec_break: autoDraw = True
1162.8406 	EXP 	New trial (rep=4, index=0): None
1163.9033 	EXP 	QA_rec_text: autoDraw = False
1163.9033 	EXP 	QA_rec_break: autoDraw = False
1163.9033 	EXP 	QA_rec_text: autoDraw = True
1181.9036 	EXP 	QA_rec_break: autoDraw = True
1183.9084 	EXP 	New trial (rep=5, index=0): None
1184.9719 	EXP 	QA_rec_text: autoDraw = False
1184.9719 	EXP 	QA_rec_break: autoDraw = False
1184.9719 	EXP 	QA_rec_text: autoDraw = True
1202.9713 	EXP 	QA_rec_break: autoDraw = True
1204.9768 	EXP 	New trial (rep=6, index=0): None
1206.0221 	EXP 	QA_rec_text: autoDraw = False
1206.0221 	EXP 	QA_rec_break: autoDraw = False
1206.0221 	EXP 	QA_rec_text: autoDraw = True
1223.9891 	EXP 	QA_rec_break: autoDraw = True
1225.9932 	EXP 	New trial (rep=7, index=0): None
1227.0562 	EXP 	QA_rec_text: autoDraw = False
1227.0562 	EXP 	QA_rec_break: autoDraw = False
1227.0562 	EXP 	QA_rec_text: autoDraw = True
1245.0568 	EXP 	QA_rec_break: autoDraw = True
1247.0615 	EXP 	New trial (rep=8, index=0): None
1248.1252 	EXP 	QA_rec_text: autoDraw = False
1248.1252 	EXP 	QA_rec_break: autoDraw = False
1248.1252 	EXP 	QA_rec_text: autoDraw = True
1266.0912 	EXP 	QA_rec_break: autoDraw = True
1268.0960 	EXP 	New trial (rep=9, index=0): None
1269.1589 	EXP 	QA_rec_text: autoDraw = False
1269.1589 	EXP 	QA_rec_break: autoDraw = False
1269.1589 	EXP 	QA_rec_text: autoDraw = True
1287.1590 	EXP 	QA_rec_break: autoDraw = True
1289.1635 	EXP 	New trial (rep=10, index=0): None
1290.2273 	EXP 	QA_rec_text: autoDraw = False
1290.2273 	EXP 	QA_rec_break: autoDraw = False
1290.2273 	EXP 	QA_rec_text: autoDraw = True
1308.2268 	EXP 	QA_rec_break: autoDraw = True
1310.2315 	EXP 	New trial (rep=11, index=0): None
1311.2940 	EXP 	QA_rec_text: autoDraw = False
1311.2940 	EXP 	QA_rec_break: autoDraw = False
1311.2940 	EXP 	QA_rec_text: autoDraw = True
1329.2779 	EXP 	QA_rec_break: autoDraw = True
1331.2823 	EXP 	New trial (rep=12, index=0): None
1332.3454 	EXP 	QA_rec_text: autoDraw = False
1332.3454 	EXP 	QA_rec_break: autoDraw = False
1332.3454 	EXP 	QA_rec_text: autoDraw = True
1350.3456 	EXP 	QA_rec_break: autoDraw = True
1352.3173 	EXP 	New trial (rep=13, index=0): None
1353.3792 	EXP 	QA_rec_text: autoDraw = False
1353.3792 	EXP 	QA_rec_break: autoDraw = False
1353.3792 	EXP 	QA_rec_text: autoDraw = True
1371.3468 	EXP 	QA_rec_break: autoDraw = True
1373.3511 	EXP 	New trial (rep=14, index=0): None
1374.4137 	EXP 	QA_rec_text: autoDraw = False
1374.4137 	EXP 	QA_rec_break: autoDraw = False
1374.4137 	EXP 	QA_rec_text: autoDraw = True
1392.4147 	EXP 	QA_rec_break: autoDraw = True
1394.3865 	EXP 	New trial (rep=15, index=0): None
1395.4497 	EXP 	QA_rec_text: autoDraw = False
1395.4497 	EXP 	QA_rec_break: autoDraw = False
1395.4497 	EXP 	QA_rec_text: autoDraw = True
1413.4490 	EXP 	QA_rec_break: autoDraw = True
1415.4535 	EXP 	New trial (rep=16, index=0): None
1416.5167 	EXP 	QA_rec_text: autoDraw = False
1416.5167 	EXP 	QA_rec_break: autoDraw = False
1416.5167 	EXP 	QA_rec_text: autoDraw = True
1434.5168 	EXP 	QA_rec_break: autoDraw = True
1436.5214 	EXP 	New trial (rep=17, index=0): None
1437.6009 	EXP 	QA_rec_text: autoDraw = False
1437.6009 	EXP 	QA_rec_break: autoDraw = False
1437.6009 	EXP 	QA_rec_text: autoDraw = True
1455.5679 	EXP 	QA_rec_break: autoDraw = True
1457.5725 	EXP 	New trial (rep=18, index=0): None
1458.6347 	EXP 	QA_rec_text: autoDraw = False
1458.6347 	EXP 	QA_rec_break: autoDraw = False
1458.6347 	EXP 	QA_rec_text: autoDraw = True
1476.6357 	EXP 	QA_rec_break: autoDraw = True
1478.6080 	EXP 	New trial (rep=19, index=0): None
1479.6526 	EXP 	QA_rec_text: autoDraw = False
1479.6526 	EXP 	QA_rec_break: autoDraw = False
1479.6526 	EXP 	QA_rec_text: autoDraw = True
1497.6201 	EXP 	QA_rec_break: autoDraw = True
1499.6247 	EXP 	New trial (rep=20, index=0): None
1500.6877 	EXP 	QA_rec_text: autoDraw = False
1500.6877 	EXP 	QA_rec_break: autoDraw = False
1500.6877 	EXP 	QA_rec_text: autoDraw = True
1518.6545 	EXP 	QA_rec_break: autoDraw = True
1520.6591 	EXP 	New trial (rep=21, index=0): None
1521.7380 	EXP 	QA_rec_text: autoDraw = False
1521.7380 	EXP 	QA_rec_break: autoDraw = False
1521.7380 	EXP 	QA_rec_text: autoDraw = True
1539.7390 	EXP 	QA_rec_break: autoDraw = True
1541.7101 	EXP 	New trial (rep=22, index=0): None
1542.7560 	EXP 	QA_rec_text: autoDraw = False
1542.7560 	EXP 	QA_rec_break: autoDraw = False
1542.7560 	EXP 	QA_rec_text: autoDraw = True
1560.7235 	EXP 	QA_rec_break: autoDraw = True
1562.7278 	EXP 	New trial (rep=23, index=0): None
1563.7908 	EXP 	QA_rec_text: autoDraw = False
1563.7908 	EXP 	QA_rec_break: autoDraw = False
1563.7908 	EXP 	QA_rec_text: autoDraw = True
1581.7578 	EXP 	QA_rec_break: autoDraw = True
1583.7624 	EXP 	New trial (rep=24, index=0): None
1584.8413 	EXP 	QA_rec_text: autoDraw = False
1584.8413 	EXP 	QA_rec_break: autoDraw = False
1584.8413 	EXP 	QA_rec_text: autoDraw = True
1602.8089 	EXP 	QA_rec_break: autoDraw = True
1606.8592 	EXP 	QA_rec_text: autoDraw = False
1606.8592 	EXP 	QA_rec_break: autoDraw = False
1606.8592 	EXP 	Pause_cont: text = 'Press [space] key to continue.'
1606.8592 	EXP 	Pause_cont: autoDraw = True
1612.1517 	DATA 	Keypress: escape
1612.3761 	EXP 	window1: mouseVisible = True
