22.6121 	EXP 	Created instruction_text = TextStim(__class__=<class 'psychopy.visual.text.TextStim'>, alignHoriz='center', alignVert='center', antialias=True, autoLog=True, bold=False, color=array([1., 1., 1.]), colorSpace='rgb', contrast=1.0, depth=-0.0, flipHoriz=False, flipVert=False, font='Arial', fontFiles=[], height=0.06, italic=False, languageStyle='LTR', name='instruction_text', opacity=1.0, ori=0.0, pos=array([0.5, 0.1]), rgb=array([1., 1., 1.]), text=str(...), units='norm', win=Window(...), wrapWidth=1)
22.8796 	EXP 	Created instruction_cont = TextStim(__class__=<class 'psychopy.visual.text.TextStim'>, alignHoriz='center', alignVert='center', antialias=True, autoLog=True, bold=False, color=array([1., 1., 1.]), colorSpace='rgb', contrast=1.0, depth=-3.0, flipHoriz=False, flipVert=False, font='Arial', fontFiles=[], height=0.06, italic=False, languageStyle='LTR', name='instruction_cont', opacity=1.0, ori=0.0, pos=array([ 0.5, -0.4]), rgb=array([1., 1., 1.]), text='          Press [space] key to continue.', units='norm', win=Window(...), wrapWidth=1)
22.8818 	EXP 	Created Artifact_intro_title = TextStim(__class__=<class 'psychopy.visual.text.TextStim'>, alignHoriz='center', alignVert='center', antialias=True, autoLog=True, bold=False, color=array([1., 1., 1.]), colorSpace='rgb', contrast=1.0, depth=-0.0, flipHoriz=False, flipVert=False, font='Arial', fontFiles=[], height=0.06, italic=False, languageStyle='LTR', name='Artifact_intro_title', opacity=1.0, ori=0.0, pos=array([0.5, 0.4]), rgb=array([1., 1., 1.]), text='Muscular signal recording', units='norm', win=Window(...), wrapWidth=1)
22.8858 	EXP 	Created Artifact_intro_text = TextStim(__class__=<class 'psychopy.visual.text.TextStim'>, alignHoriz='center', alignVert='center', antialias=True, autoLog=True, bold=False, color=array([1., 1., 1.]), colorSpace='rgb', contrast=1.0, depth=-1.0, flipHoriz=False, flipVert=False, font='Arial', fontFiles=[], height=0.06, italic=False, languageStyle='LTR', name='Artifact_intro_text', opacity=1.0, ori=0.0, pos=array([0.5, 0. ]), rgb=array([1., 1., 1.]), text=str(...), units='norm', win=Window(...), wrapWidth=1)
22.8932 	EXP 	Created Artifact_intro_cont = TextStim(__class__=<class 'psychopy.visual.text.TextStim'>, alignHoriz='center', alignVert='center', antialias=True, autoLog=True, bold=False, color=array([1., 1., 1.]), colorSpace='rgb', contrast=1.0, depth=-4.0, flipHoriz=False, flipVert=False, font='Arial', fontFiles=[], height=0.06, italic=False, languageStyle='LTR', name='Artifact_intro_cont', opacity=1.0, ori=0.0, pos=array([0.5, 0. ]), rgb=array([1., 1., 1.]), text='          Press [space] key to continue.', units='norm', win=Window(...), wrapWidth=1)
22.8936 	EXP 	Created Artifact_rec_text = TextStim(__class__=<class 'psychopy.visual.text.TextStim'>, alignHoriz='center', alignVert='center', antialias=True, autoLog=True, bold=False, color=array([1., 1., 1.]), colorSpace='rgb', contrast=1.0, depth=-0.0, flipHoriz=False, flipVert=False, font='Arial', fontFiles=[], height=0.06, italic=False, languageStyle='LTR', name='Artifact_rec_text', opacity=1.0, ori=0.0, pos=array([0.5, 0.4]), rgb=array([1., 1., 1.]), text='', units='norm', win=Window(...), wrapWidth=1)
22.8951 	EXP 	Created Artifact_rec_recording = TextStim(__class__=<class 'psychopy.visual.text.TextStim'>, alignHoriz='center', alignVert='center', antialias=True, autoLog=True, bold=False, color=array([1., 1., 1.]), colorSpace='rgb', contrast=1.0, depth=-4.0, flipHoriz=False, flipVert=False, font='Arial', fontFiles=[], height=0.06, italic=False, languageStyle='LTR', name='Artifact_rec_recording', opacity=1.0, ori=0.0, pos=array([ 0.5, -0.4]), rgb=array([1., 1., 1.]), text='', units='norm', win=Window(...), wrapWidth=1)
22.8972 	EXP 	Created Artifact_rec_break = TextStim(__class__=<class 'psychopy.visual.text.TextStim'>, alignHoriz='center', alignVert='center', antialias=True, autoLog=True, bold=False, color=array([1., 1., 1.]), colorSpace='rgb', contrast=1.0, depth=-6.0, flipHoriz=False, flipVert=False, font='Arial', fontFiles=[], height=0.06, italic=False, languageStyle='LTR', name='Artifact_rec_break', opacity=1.0, ori=0.0, pos=array([ 0.5, -0.4]), rgb=array([1., 1., 1.]), text='Short break', units='norm', win=Window(...), wrapWidth=1)
22.9011 	EXP 	Created Cali_de_pre_intro_title = TextStim(__class__=<class 'psychopy.visual.text.TextStim'>, alignHoriz='center', alignVert='center', antialias=True, autoLog=True, bold=False, color=array([1., 1., 1.]), colorSpace='rgb', contrast=1.0, depth=-0.0, flipHoriz=False, flipVert=False, font='Arial', fontFiles=[], height=0.06, italic=False, languageStyle='LTR', name='Cali_de_pre_intro_title', opacity=1.0, ori=0.0, pos=array([0.5, 0.4]), rgb=array([1., 1., 1.]), text='READ OUT BLOCK (GERMAN)', units='norm', win=Window(...), wrapWidth=1)
22.9086 	EXP 	Created Cali_de_pre_intro_text = TextStim(__class__=<class 'psychopy.visual.text.TextStim'>, alignHoriz='center', alignVert='center', antialias=True, autoLog=True, bold=False, color=array([1., 1., 1.]), colorSpace='rgb', contrast=1.0, depth=-1.0, flipHoriz=False, flipVert=False, font='Arial', fontFiles=[], height=0.06, italic=False, languageStyle='LTR', name='Cali_de_pre_intro_text', opacity=1.0, ori=0.0, pos=array([0.5, 0. ]), rgb=array([1., 1., 1.]), text=str(...), units='norm', win=Window(...), wrapWidth=1)
22.9134 	EXP 	Created Cali_de_pre_intro_cont = TextStim(__class__=<class 'psychopy.visual.text.TextStim'>, alignHoriz='center', alignVert='center', antialias=True, autoLog=True, bold=False, color=array([1., 1., 1.]), colorSpace='rgb', contrast=1.0, depth=-4.0, flipHoriz=False, flipVert=False, font='Arial', fontFiles=[], height=0.06, italic=False, languageStyle='LTR', name='Cali_de_pre_intro_cont', opacity=1.0, ori=0.0, pos=array([0.5, 0. ]), rgb=array([1., 1., 1.]), text='          Press [space] key to continue.', units='norm', win=Window(...), wrapWidth=1)
22.9138 	EXP 	Created Cali_de_pre_rec_text = TextStim(__class__=<class 'psychopy.visual.text.TextStim'>, alignHoriz='center', alignVert='center', antialias=True, autoLog=True, bold=False, color=array([1., 1., 1.]), colorSpace='rgb', contrast=1.0, depth=-0.0, flipHoriz=False, flipVert=False, font='Arial', fontFiles=[], height=0.06, italic=False, languageStyle='LTR', name='Cali_de_pre_rec_text', opacity=1.0, ori=0.0, pos=array([0.5, 0.4]), rgb=array([1., 1., 1.]), text='', units='norm', win=Window(...), wrapWidth=1)
22.9146 	EXP 	Created Cali_de_pre_rec_question_text = TextStim(__class__=<class 'psychopy.visual.text.TextStim'>, alignHoriz='center', alignVert='center', antialias=True, autoLog=True, bold=False, color=array([1., 1., 1.]), colorSpace='rgb', contrast=1.0, depth=-2.0, flipHoriz=False, flipVert=False, font='Arial', fontFiles=[], height=0.06, italic=False, languageStyle='LTR', name='Cali_de_pre_rec_question_text', opacity=1.0, ori=0.0, pos=array([0.5, 0. ]), rgb=array([1., 1., 1.]), text='', units='norm', win=Window(...), wrapWidth=1)
22.9167 	EXP 	Created Cali_de_pre_rec_break = TextStim(__class__=<class 'psychopy.visual.text.TextStim'>, alignHoriz='center', alignVert='center', antialias=True, autoLog=True, bold=False, color=array([1., 1., 1.]), colorSpace='rgb', contrast=1.0, depth=-6.0, flipHoriz=False, flipVert=False, font='Arial', fontFiles=[], height=0.06, italic=False, languageStyle='LTR', name='Cali_de_pre_rec_break', opacity=1.0, ori=0.0, pos=array([ 0.5, -0.4]), rgb=array([1., 1., 1.]), text='Short break', units='norm', win=Window(...), wrapWidth=1)
22.9171 	EXP 	Created fade_in_text = TextStim(__class__=<class 'psychopy.visual.text.TextStim'>, alignHoriz='center', alignVert='center', antialias=True, autoLog=True, bold=False, color=array([1., 1., 1.]), colorSpace='rgb', contrast=1.0, depth=-0.0, flipHoriz=False, flipVert=False, font='Arial', fontFiles=[], height=0.06, italic=False, languageStyle='LTR', name='fade_in_text', opacity=1.0, ori=0.0, pos=array([0.5, 0.4]), rgb=array([1., 1., 1.]), text='', units='norm', win=Window(...), wrapWidth=1)
22.9190 	EXP 	Created RS_intro_title = TextStim(__class__=<class 'psychopy.visual.text.TextStim'>, alignHoriz='center', alignVert='center', antialias=True, autoLog=True, bold=False, color=array([1., 1., 1.]), colorSpace='rgb', contrast=1.0, depth=-0.0, flipHoriz=False, flipVert=False, font='Arial', fontFiles=[], height=0.06, italic=False, languageStyle='LTR', name='RS_intro_title', opacity=1.0, ori=0.0, pos=array([0.5, 0.4]), rgb=array([1., 1., 1.]), text='REST STATE BLOCK', units='norm', win=Window(...), wrapWidth=1)
22.9248 	EXP 	Created RS_intro_text = TextStim(__class__=<class 'psychopy.visual.text.TextStim'>, alignHoriz='center', alignVert='center', antialias=True, autoLog=True, bold=False, color=array([1., 1., 1.]), colorSpace='rgb', contrast=1.0, depth=-1.0, flipHoriz=False, flipVert=False, font='Arial', fontFiles=[], height=0.06, italic=False, languageStyle='LTR', name='RS_intro_text', opacity=1.0, ori=0.0, pos=array([0.5, 0. ]), rgb=array([1., 1., 1.]), text=str(...), units='norm', win=Window(...), wrapWidth=1)
22.9299 	EXP 	Created RS_rec_text = TextStim(__class__=<class 'psychopy.visual.text.TextStim'>, alignHoriz='center', alignVert='center', antialias=True, autoLog=True, bold=False, color=array([1., 1., 1.]), colorSpace='rgb', contrast=1.0, depth=-0.0, flipHoriz=False, flipVert=False, font='Arial', fontFiles=[], height=0.06, italic=False, languageStyle='LTR', name='RS_rec_text', opacity=1.0, ori=0.0, pos=array([0.5, 0. ]), rgb=array([1., 1., 1.]), text=str(...), units='norm', win=Window(...), wrapWidth=1)
22.9321 	EXP 	Created QA_intro_title = TextStim(__class__=<class 'psychopy.visual.text.TextStim'>, alignHoriz='center', alignVert='center', antialias=True, autoLog=True, bold=False, color=array([1., 1., 1.]), colorSpace='rgb', contrast=1.0, depth=-0.0, flipHoriz=False, flipVert=False, font='Arial', fontFiles=[], height=0.06, italic=False, languageStyle='LTR', name='QA_intro_title', opacity=1.0, ori=0.0, pos=array([0.5, 0.5]), rgb=array([1., 1., 1.]), text='Q&A BLOCK', units='norm', win=Window(...), wrapWidth=1)
22.9414 	EXP 	Created QA_intro_text = TextStim(__class__=<class 'psychopy.visual.text.TextStim'>, alignHoriz='center', alignVert='center', antialias=True, autoLog=True, bold=False, color=array([1., 1., 1.]), colorSpace='rgb', contrast=1.0, depth=-1.0, flipHoriz=False, flipVert=False, font='Arial', fontFiles=[], height=0.06, italic=False, languageStyle='LTR', name='QA_intro_text', opacity=1.0, ori=0.0, pos=array([0.5, 0. ]), rgb=array([1., 1., 1.]), text=str(...), units='norm', win=Window(...), wrapWidth=1)
22.9459 	EXP 	Created QA_intro_cont = TextStim(__class__=<class 'psychopy.visual.text.TextStim'>, alignHoriz='center', alignVert='center', antialias=True, autoLog=True, bold=False, color=array([1., 1., 1.]), colorSpace='rgb', contrast=1.0, depth=-4.0, flipHoriz=False, flipVert=False, font='Arial', fontFiles=[], height=0.06, italic=False, languageStyle='LTR', name='QA_intro_cont', opacity=1.0, ori=0.0, pos=array([0.5, 0. ]), rgb=array([1., 1., 1.]), text='          Press [space] key to continue.', units='norm', win=Window(...), wrapWidth=1)
22.9489 	EXP 	Created QA_rec_text = TextStim(__class__=<class 'psychopy.visual.text.TextStim'>, alignHoriz='center', alignVert='center', antialias=True, autoLog=True, bold=False, color=array([1., 1., 1.]), colorSpace='rgb', contrast=1.0, depth=-0.0, flipHoriz=False, flipVert=False, font='Arial', fontFiles=[], height=0.06, italic=False, languageStyle='LTR', name='QA_rec_text', opacity=1.0, ori=0.0, pos=array([0.5, 0. ]), rgb=array([1., 1., 1.]), text=str(...), units='norm', win=Window(...), wrapWidth=1)
22.9527 	EXP 	Created QA_rec_break = TextStim(__class__=<class 'psychopy.visual.text.TextStim'>, alignHoriz='center', alignVert='center', antialias=True, autoLog=True, bold=False, color=array([1., 1., 1.]), colorSpace='rgb', contrast=1.0, depth=-6.0, flipHoriz=False, flipVert=False, font='Arial', fontFiles=[], height=0.06, italic=False, languageStyle='LTR', name='QA_rec_break', opacity=1.0, ori=0.0, pos=array([ 0.5, -0.4]), rgb=array([1., 1., 1.]), text='Short break', units='norm', win=Window(...), wrapWidth=1)
22.9571 	EXP 	Created Pause_cont = TextStim(__class__=<class 'psychopy.visual.text.TextStim'>, alignHoriz='center', alignVert='center', antialias=True, autoLog=True, bold=False, color=array([1., 1., 1.]), colorSpace='rgb', contrast=1.0, depth=-2.0, flipHoriz=False, flipVert=False, font='Arial', fontFiles=[], height=0.06, italic=False, languageStyle='LTR', name='Pause_cont', opacity=1.0, ori=0.0, pos=array([0.5, 0. ]), rgb=array([1., 1., 1.]), text=str(...), units='norm', win=Window(...), wrapWidth=1)
22.9592 	EXP 	Created Cali_de_post_intro_title = TextStim(__class__=<class 'psychopy.visual.text.TextStim'>, alignHoriz='center', alignVert='center', antialias=True, autoLog=True, bold=False, color=array([1., 1., 1.]), colorSpace='rgb', contrast=1.0, depth=-0.0, flipHoriz=False, flipVert=False, font='Arial', fontFiles=[], height=0.06, italic=False, languageStyle='LTR', name='Cali_de_post_intro_title', opacity=1.0, ori=0.0, pos=array([0.5, 0.4]), rgb=array([1., 1., 1.]), text='READ OUT BLOCK (GERMAN)', units='norm', win=Window(...), wrapWidth=1)
23.0019 	EXP 	Created Cali_de_post_intro_text = TextStim(__class__=<class 'psychopy.visual.text.TextStim'>, alignHoriz='center', alignVert='center', antialias=True, autoLog=True, bold=False, color=array([1., 1., 1.]), colorSpace='rgb', contrast=1.0, depth=-1.0, flipHoriz=False, flipVert=False, font='Arial', fontFiles=[], height=0.06, italic=False, languageStyle='LTR', name='Cali_de_post_intro_text', opacity=1.0, ori=0.0, pos=array([0.5, 0. ]), rgb=array([1., 1., 1.]), text=str(...), units='norm', win=Window(...), wrapWidth=1)
23.0070 	EXP 	Created Cali_de_post_intro_cont = TextStim(__class__=<class 'psychopy.visual.text.TextStim'>, alignHoriz='center', alignVert='center', antialias=True, autoLog=True, bold=False, color=array([1., 1., 1.]), colorSpace='rgb', contrast=1.0, depth=-4.0, flipHoriz=False, flipVert=False, font='Arial', fontFiles=[], height=0.06, italic=False, languageStyle='LTR', name='Cali_de_post_intro_cont', opacity=1.0, ori=0.0, pos=array([0.5, 0. ]), rgb=array([1., 1., 1.]), text='          Press [space] key to continue.', units='norm', win=Window(...), wrapWidth=1)
23.0075 	EXP 	Created Cali_de_post_rec_text = TextStim(__class__=<class 'psychopy.visual.text.TextStim'>, alignHoriz='center', alignVert='center', antialias=True, autoLog=True, bold=False, color=array([1., 1., 1.]), colorSpace='rgb', contrast=1.0, depth=-0.0, flipHoriz=False, flipVert=False, font='Arial', fontFiles=[], height=0.06, italic=False, languageStyle='LTR', name='Cali_de_post_rec_text', opacity=1.0, ori=0.0, pos=array([0.5, 0.4]), rgb=array([1., 1., 1.]), text='', units='norm', win=Window(...), wrapWidth=1)
23.0083 	EXP 	Created Cali_de_post_rec_question_text = TextStim(__class__=<class 'psychopy.visual.text.TextStim'>, alignHoriz='center', alignVert='center', antialias=True, autoLog=True, bold=False, color=array([1., 1., 1.]), colorSpace='rgb', contrast=1.0, depth=-2.0, flipHoriz=False, flipVert=False, font='Arial', fontFiles=[], height=0.06, italic=False, languageStyle='LTR', name='Cali_de_post_rec_question_text', opacity=1.0, ori=0.0, pos=array([0.5, 0. ]), rgb=array([1., 1., 1.]), text='', units='norm', win=Window(...), wrapWidth=1)
23.0104 	EXP 	Created Cali_de_post_rec_break = TextStim(__class__=<class 'psychopy.visual.text.TextStim'>, alignHoriz='center', alignVert='center', antialias=True, autoLog=True, bold=False, color=array([1., 1., 1.]), colorSpace='rgb', contrast=1.0, depth=-6.0, flipHoriz=False, flipVert=False, font='Arial', fontFiles=[], height=0.06, italic=False, languageStyle='LTR', name='Cali_de_post_rec_break', opacity=1.0, ori=0.0, pos=array([ 0.5, -0.4]), rgb=array([1., 1., 1.]), text='Short break', units='norm', win=Window(...), wrapWidth=1)
23.0138 	EXP 	Created the_end_text = TextStim(__class__=<class 'psychopy.visual.text.TextStim'>, alignHoriz='center', alignVert='center', antialias=True, autoLog=True, bold=False, color=array([1., 1., 1.]), colorSpace='rgb', contrast=1.0, depth=-1.0, flipHoriz=False, flipVert=False, font='Arial', fontFiles=[], height=0.06, italic=False, languageStyle='LTR', name='the_end_text', opacity=1.0, ori=0.0, pos=array([0.7, 0. ]), rgb=array([1., 1., 1.]), text=str(...), units='norm', win=Window(...), wrapWidth=1)
25.0180 	EXP 	Created sequence: random, trialTypes=1, nReps=4, seed=None
25.0187 	EXP 	New trial (rep=0, index=0): None
25.0192 	EXP 	New trial (rep=1, index=0): None
25.0198 	EXP 	New trial (rep=2, index=0): None
25.0202 	EXP 	New trial (rep=3, index=0): None
26.0514 	EXP 	fade_in_text: text = 'Please remain seated until further instruction via the earphone.'
26.0514 	EXP 	fade_in_text: autoDraw = True
32.0516 	EXP 	fade_in_text: autoDraw = True
32.0682 	EXP 	fade_in_text: autoDraw = True
32.0850 	EXP 	fade_in_text: autoDraw = True
32.1016 	EXP 	fade_in_text: autoDraw = True
32.1183 	EXP 	fade_in_text: autoDraw = True
32.1350 	EXP 	fade_in_text: autoDraw = True
32.1517 	EXP 	fade_in_text: autoDraw = True
32.1683 	EXP 	fade_in_text: autoDraw = True
32.1850 	EXP 	fade_in_text: autoDraw = True
32.2016 	EXP 	fade_in_text: autoDraw = True
32.2183 	EXP 	fade_in_text: autoDraw = True
32.2349 	EXP 	fade_in_text: autoDraw = True
32.2517 	EXP 	fade_in_text: autoDraw = True
32.2682 	EXP 	fade_in_text: autoDraw = True
32.2850 	EXP 	fade_in_text: autoDraw = True
32.3016 	EXP 	fade_in_text: autoDraw = True
32.3183 	EXP 	fade_in_text: autoDraw = True
32.3350 	EXP 	fade_in_text: autoDraw = True
32.3518 	EXP 	fade_in_text: autoDraw = True
32.3683 	EXP 	fade_in_text: autoDraw = True
32.3850 	EXP 	fade_in_text: autoDraw = True
32.4016 	EXP 	fade_in_text: autoDraw = True
32.4183 	EXP 	fade_in_text: autoDraw = True
32.4350 	EXP 	fade_in_text: autoDraw = True
32.4516 	EXP 	fade_in_text: autoDraw = True
32.4683 	EXP 	fade_in_text: autoDraw = True
32.4851 	EXP 	fade_in_text: autoDraw = True
32.5017 	EXP 	fade_in_text: autoDraw = True
32.5183 	EXP 	fade_in_text: autoDraw = True
32.5350 	EXP 	fade_in_text: autoDraw = True
32.5516 	EXP 	fade_in_text: autoDraw = True
32.5683 	EXP 	fade_in_text: autoDraw = True
32.5850 	EXP 	fade_in_text: autoDraw = True
32.6017 	EXP 	fade_in_text: autoDraw = True
32.6183 	EXP 	fade_in_text: autoDraw = True
32.6350 	EXP 	fade_in_text: autoDraw = True
32.6516 	EXP 	fade_in_text: autoDraw = True
32.6683 	EXP 	fade_in_text: autoDraw = True
32.6850 	EXP 	fade_in_text: autoDraw = True
32.7017 	EXP 	fade_in_text: autoDraw = True
32.7183 	EXP 	fade_in_text: autoDraw = True
32.7351 	EXP 	fade_in_text: autoDraw = True
32.7516 	EXP 	fade_in_text: autoDraw = True
32.7683 	EXP 	fade_in_text: autoDraw = True
32.7850 	EXP 	fade_in_text: autoDraw = True
32.8017 	EXP 	fade_in_text: autoDraw = True
32.8183 	EXP 	fade_in_text: autoDraw = True
32.8351 	EXP 	fade_in_text: autoDraw = True
32.8516 	EXP 	fade_in_text: autoDraw = True
32.8683 	EXP 	fade_in_text: autoDraw = True
32.8850 	EXP 	fade_in_text: autoDraw = True
32.9017 	EXP 	fade_in_text: autoDraw = True
32.9183 	EXP 	fade_in_text: autoDraw = True
32.9349 	EXP 	fade_in_text: autoDraw = True
32.9516 	EXP 	fade_in_text: autoDraw = True
32.9684 	EXP 	fade_in_text: autoDraw = True
32.9850 	EXP 	fade_in_text: autoDraw = True
33.0017 	EXP 	fade_in_text: autoDraw = True
33.0183 	EXP 	fade_in_text: autoDraw = True
33.0349 	EXP 	fade_in_text: autoDraw = True
33.0517 	EXP 	fade_in_text: autoDraw = True
33.0684 	EXP 	fade_in_text: autoDraw = True
33.0850 	EXP 	fade_in_text: autoDraw = True
33.1017 	EXP 	fade_in_text: autoDraw = True
33.1184 	EXP 	fade_in_text: autoDraw = True
33.1349 	EXP 	fade_in_text: autoDraw = True
33.1516 	EXP 	fade_in_text: autoDraw = True
33.1684 	EXP 	fade_in_text: autoDraw = True
33.1850 	EXP 	fade_in_text: autoDraw = True
33.2017 	EXP 	fade_in_text: autoDraw = True
33.2185 	EXP 	fade_in_text: autoDraw = True
33.2350 	EXP 	fade_in_text: autoDraw = True
33.2517 	EXP 	fade_in_text: autoDraw = True
33.2684 	EXP 	fade_in_text: autoDraw = True
33.2850 	EXP 	fade_in_text: autoDraw = True
33.3017 	EXP 	fade_in_text: autoDraw = True
33.3185 	EXP 	fade_in_text: autoDraw = True
33.3350 	EXP 	fade_in_text: autoDraw = True
33.3518 	EXP 	fade_in_text: autoDraw = True
33.3684 	EXP 	fade_in_text: autoDraw = True
33.3850 	EXP 	fade_in_text: autoDraw = True
33.4017 	EXP 	fade_in_text: autoDraw = True
33.4184 	EXP 	fade_in_text: autoDraw = True
33.4350 	EXP 	fade_in_text: autoDraw = True
33.4517 	EXP 	fade_in_text: autoDraw = True
33.4684 	EXP 	fade_in_text: autoDraw = True
33.4851 	EXP 	fade_in_text: autoDraw = True
33.5017 	EXP 	fade_in_text: autoDraw = True
33.5183 	EXP 	fade_in_text: autoDraw = True
33.5350 	EXP 	fade_in_text: autoDraw = True
33.5517 	EXP 	fade_in_text: autoDraw = True
33.5684 	EXP 	fade_in_text: autoDraw = True
33.5851 	EXP 	fade_in_text: autoDraw = True
33.6017 	EXP 	fade_in_text: autoDraw = True
33.6183 	EXP 	fade_in_text: autoDraw = True
33.6350 	EXP 	fade_in_text: autoDraw = True
33.6517 	EXP 	fade_in_text: autoDraw = True
33.6684 	EXP 	fade_in_text: autoDraw = True
33.6851 	EXP 	fade_in_text: autoDraw = True
33.7018 	EXP 	fade_in_text: autoDraw = True
33.7183 	EXP 	fade_in_text: autoDraw = True
33.7351 	EXP 	fade_in_text: autoDraw = True
33.7517 	EXP 	fade_in_text: autoDraw = True
33.7685 	EXP 	fade_in_text: autoDraw = True
33.7851 	EXP 	fade_in_text: autoDraw = True
33.8018 	EXP 	fade_in_text: autoDraw = True
33.8183 	EXP 	fade_in_text: autoDraw = True
33.8350 	EXP 	fade_in_text: autoDraw = True
33.8517 	EXP 	fade_in_text: autoDraw = True
33.8684 	EXP 	fade_in_text: autoDraw = True
33.8852 	EXP 	fade_in_text: autoDraw = True
33.9018 	EXP 	fade_in_text: autoDraw = True
33.9183 	EXP 	fade_in_text: autoDraw = True
33.9351 	EXP 	fade_in_text: autoDraw = True
33.9517 	EXP 	fade_in_text: autoDraw = True
33.9684 	EXP 	fade_in_text: autoDraw = True
33.9851 	EXP 	fade_in_text: autoDraw = True
34.0017 	EXP 	fade_in_text: autoDraw = True
34.0183 	EXP 	fade_in_text: autoDraw = True
34.0351 	EXP 	fade_in_text: autoDraw = True
34.0518 	EXP 	fade_in_text: autoDraw = True
34.0684 	EXP 	fade_in_text: autoDraw = True
34.0853 	EXP 	fade_in_text: autoDraw = True
34.1017 	EXP 	fade_in_text: autoDraw = True
34.1183 	EXP 	fade_in_text: autoDraw = True
34.1351 	EXP 	fade_in_text: autoDraw = True
34.1517 	EXP 	fade_in_text: autoDraw = True
34.1684 	EXP 	fade_in_text: autoDraw = True
34.1852 	EXP 	fade_in_text: autoDraw = True
34.2017 	EXP 	fade_in_text: autoDraw = True
34.2184 	EXP 	fade_in_text: autoDraw = True
34.2351 	EXP 	fade_in_text: autoDraw = True
34.2518 	EXP 	fade_in_text: autoDraw = True
34.2684 	EXP 	fade_in_text: autoDraw = True
34.2853 	EXP 	fade_in_text: autoDraw = True
34.3018 	EXP 	fade_in_text: autoDraw = True
34.3184 	EXP 	fade_in_text: autoDraw = True
34.3351 	EXP 	fade_in_text: autoDraw = True
34.3518 	EXP 	fade_in_text: autoDraw = True
34.3684 	EXP 	fade_in_text: autoDraw = True
34.3851 	EXP 	fade_in_text: autoDraw = True
34.4018 	EXP 	fade_in_text: autoDraw = True
34.4184 	EXP 	fade_in_text: autoDraw = True
34.4351 	EXP 	fade_in_text: autoDraw = True
34.4518 	EXP 	fade_in_text: autoDraw = True
34.4684 	EXP 	fade_in_text: autoDraw = True
34.4850 	EXP 	fade_in_text: autoDraw = True
34.5018 	EXP 	fade_in_text: autoDraw = True
34.5184 	EXP 	fade_in_text: autoDraw = True
34.5351 	EXP 	fade_in_text: autoDraw = True
34.5518 	EXP 	fade_in_text: autoDraw = True
34.5684 	EXP 	fade_in_text: autoDraw = True
34.5851 	EXP 	fade_in_text: autoDraw = True
34.6018 	EXP 	fade_in_text: autoDraw = True
34.6184 	EXP 	fade_in_text: autoDraw = True
34.6351 	EXP 	fade_in_text: autoDraw = True
34.6518 	EXP 	fade_in_text: autoDraw = True
34.6685 	EXP 	fade_in_text: autoDraw = True
34.6850 	EXP 	fade_in_text: autoDraw = True
34.7018 	EXP 	fade_in_text: autoDraw = True
34.7184 	EXP 	fade_in_text: autoDraw = True
34.7351 	EXP 	fade_in_text: autoDraw = True
34.7518 	EXP 	fade_in_text: autoDraw = True
34.7686 	EXP 	fade_in_text: autoDraw = True
34.7851 	EXP 	fade_in_text: autoDraw = True
34.8018 	EXP 	fade_in_text: autoDraw = True
34.8184 	EXP 	fade_in_text: autoDraw = True
34.8351 	EXP 	fade_in_text: autoDraw = True
34.8518 	EXP 	fade_in_text: autoDraw = True
34.8684 	EXP 	fade_in_text: autoDraw = True
34.8850 	EXP 	fade_in_text: autoDraw = True
34.9018 	EXP 	fade_in_text: autoDraw = True
34.9185 	EXP 	fade_in_text: autoDraw = True
34.9351 	EXP 	fade_in_text: autoDraw = True
34.9518 	EXP 	fade_in_text: autoDraw = True
34.9684 	EXP 	fade_in_text: autoDraw = True
34.9851 	EXP 	fade_in_text: autoDraw = True
35.0018 	EXP 	fade_in_text: autoDraw = True
35.0185 	EXP 	fade_in_text: autoDraw = True
35.0351 	EXP 	fade_in_text: autoDraw = True
35.0519 	EXP 	fade_in_text: autoDraw = True
35.0684 	EXP 	fade_in_text: autoDraw = True
35.0851 	EXP 	fade_in_text: autoDraw = True
35.1019 	EXP 	fade_in_text: autoDraw = True
35.1185 	EXP 	fade_in_text: autoDraw = True
35.1351 	EXP 	fade_in_text: autoDraw = True
35.1519 	EXP 	fade_in_text: autoDraw = True
35.1684 	EXP 	fade_in_text: autoDraw = True
35.1851 	EXP 	fade_in_text: autoDraw = True
35.2018 	EXP 	fade_in_text: autoDraw = True
35.2185 	EXP 	fade_in_text: autoDraw = True
35.2351 	EXP 	fade_in_text: autoDraw = True
35.2519 	EXP 	fade_in_text: autoDraw = True
35.2684 	EXP 	fade_in_text: autoDraw = True
35.2852 	EXP 	fade_in_text: autoDraw = True
35.3018 	EXP 	fade_in_text: autoDraw = True
35.3185 	EXP 	fade_in_text: autoDraw = True
35.3351 	EXP 	fade_in_text: autoDraw = True
35.3518 	EXP 	fade_in_text: autoDraw = True
35.3684 	EXP 	fade_in_text: autoDraw = True
35.3852 	EXP 	fade_in_text: autoDraw = True
35.4018 	EXP 	fade_in_text: autoDraw = True
35.4185 	EXP 	fade_in_text: autoDraw = True
35.4351 	EXP 	fade_in_text: autoDraw = True
35.4517 	EXP 	fade_in_text: autoDraw = True
35.4684 	EXP 	fade_in_text: autoDraw = True
35.4851 	EXP 	fade_in_text: autoDraw = True
35.5018 	EXP 	fade_in_text: autoDraw = True
35.5185 	EXP 	fade_in_text: autoDraw = True
35.5352 	EXP 	fade_in_text: autoDraw = True
35.5517 	EXP 	fade_in_text: autoDraw = True
35.5684 	EXP 	fade_in_text: autoDraw = True
35.5852 	EXP 	fade_in_text: autoDraw = True
35.6018 	EXP 	fade_in_text: autoDraw = True
35.6185 	EXP 	fade_in_text: autoDraw = True
35.6353 	EXP 	fade_in_text: autoDraw = True
35.6517 	EXP 	fade_in_text: autoDraw = True
35.6685 	EXP 	fade_in_text: autoDraw = True
35.6852 	EXP 	fade_in_text: autoDraw = True
35.7019 	EXP 	fade_in_text: autoDraw = True
35.7185 	EXP 	fade_in_text: autoDraw = True
35.7352 	EXP 	fade_in_text: autoDraw = True
35.7517 	EXP 	fade_in_text: autoDraw = True
35.7685 	EXP 	fade_in_text: autoDraw = True
35.7852 	EXP 	fade_in_text: autoDraw = True
35.8018 	EXP 	fade_in_text: autoDraw = True
35.8185 	EXP 	fade_in_text: autoDraw = True
35.8352 	EXP 	fade_in_text: autoDraw = True
35.8517 	EXP 	fade_in_text: autoDraw = True
35.8685 	EXP 	fade_in_text: autoDraw = True
35.8852 	EXP 	fade_in_text: autoDraw = True
35.9018 	EXP 	fade_in_text: autoDraw = True
35.9185 	EXP 	fade_in_text: autoDraw = True
35.9351 	EXP 	fade_in_text: autoDraw = True
35.9517 	EXP 	fade_in_text: autoDraw = True
35.9685 	EXP 	fade_in_text: autoDraw = True
35.9852 	EXP 	fade_in_text: autoDraw = True
36.0019 	EXP 	fade_in_text: autoDraw = True
36.0185 	EXP 	fade_in_text: autoDraw = True
36.0351 	EXP 	fade_in_text: autoDraw = True
36.0518 	EXP 	fade_in_text: autoDraw = True
36.0685 	EXP 	fade_in_text: autoDraw = True
36.0852 	EXP 	fade_in_text: autoDraw = True
36.1019 	EXP 	fade_in_text: autoDraw = True
36.1185 	EXP 	fade_in_text: autoDraw = True
36.1351 	EXP 	fade_in_text: autoDraw = True
36.1519 	EXP 	fade_in_text: autoDraw = True
36.1685 	EXP 	fade_in_text: autoDraw = True
36.1852 	EXP 	fade_in_text: autoDraw = True
36.2018 	EXP 	fade_in_text: autoDraw = True
36.2186 	EXP 	fade_in_text: autoDraw = True
36.2351 	EXP 	fade_in_text: autoDraw = True
36.2518 	EXP 	fade_in_text: autoDraw = True
36.2685 	EXP 	fade_in_text: autoDraw = True
36.2852 	EXP 	fade_in_text: autoDraw = True
36.3019 	EXP 	fade_in_text: autoDraw = True
36.3186 	EXP 	fade_in_text: autoDraw = True
36.3351 	EXP 	fade_in_text: autoDraw = True
36.3519 	EXP 	fade_in_text: autoDraw = True
36.3685 	EXP 	fade_in_text: autoDraw = True
36.3852 	EXP 	fade_in_text: autoDraw = True
36.4020 	EXP 	fade_in_text: autoDraw = True
36.4184 	EXP 	fade_in_text: autoDraw = True
36.4351 	EXP 	fade_in_text: autoDraw = True
36.4520 	EXP 	fade_in_text: autoDraw = True
36.4686 	EXP 	fade_in_text: autoDraw = True
36.4852 	EXP 	fade_in_text: autoDraw = True
36.5019 	EXP 	fade_in_text: autoDraw = True
36.5184 	EXP 	fade_in_text: autoDraw = True
36.5351 	EXP 	fade_in_text: autoDraw = True
36.5519 	EXP 	fade_in_text: autoDraw = True
36.5685 	EXP 	fade_in_text: autoDraw = True
36.5852 	EXP 	fade_in_text: autoDraw = True
36.6020 	EXP 	fade_in_text: autoDraw = True
36.6185 	EXP 	fade_in_text: autoDraw = True
36.6351 	EXP 	fade_in_text: autoDraw = True
36.6519 	EXP 	fade_in_text: autoDraw = True
36.6685 	EXP 	fade_in_text: autoDraw = True
36.6852 	EXP 	fade_in_text: autoDraw = True
36.7020 	EXP 	fade_in_text: autoDraw = True
36.7184 	EXP 	fade_in_text: autoDraw = True
36.7352 	EXP 	fade_in_text: autoDraw = True
36.7519 	EXP 	fade_in_text: autoDraw = True
36.7685 	EXP 	fade_in_text: autoDraw = True
36.7853 	EXP 	fade_in_text: autoDraw = True
36.8020 	EXP 	fade_in_text: autoDraw = True
36.8185 	EXP 	fade_in_text: autoDraw = True
36.8352 	EXP 	fade_in_text: autoDraw = True
36.8519 	EXP 	fade_in_text: autoDraw = True
36.8686 	EXP 	fade_in_text: autoDraw = True
36.8852 	EXP 	fade_in_text: autoDraw = True
36.9020 	EXP 	fade_in_text: autoDraw = True
36.9185 	EXP 	fade_in_text: autoDraw = True
36.9352 	EXP 	fade_in_text: autoDraw = True
36.9519 	EXP 	fade_in_text: autoDraw = True
36.9686 	EXP 	fade_in_text: autoDraw = True
36.9852 	EXP 	fade_in_text: autoDraw = True
37.0020 	EXP 	fade_in_text: autoDraw = True
37.0185 	EXP 	fade_in_text: autoDraw = True
37.0352 	EXP 	fade_in_text: autoDraw = True
37.0519 	EXP 	fade_in_text: autoDraw = True
37.0686 	EXP 	fade_in_text: autoDraw = True
37.0852 	EXP 	fade_in_text: autoDraw = True
37.1018 	EXP 	fade_in_text: autoDraw = True
37.1186 	EXP 	fade_in_text: autoDraw = True
37.1352 	EXP 	fade_in_text: autoDraw = True
37.1519 	EXP 	fade_in_text: autoDraw = True
37.1686 	EXP 	fade_in_text: autoDraw = True
37.1852 	EXP 	fade_in_text: autoDraw = True
37.2019 	EXP 	fade_in_text: autoDraw = True
37.2186 	EXP 	fade_in_text: autoDraw = True
37.2352 	EXP 	fade_in_text: autoDraw = True
37.2519 	EXP 	fade_in_text: autoDraw = True
37.2686 	EXP 	fade_in_text: autoDraw = True
37.2853 	EXP 	fade_in_text: autoDraw = True
37.3018 	EXP 	fade_in_text: autoDraw = True
37.3186 	EXP 	fade_in_text: autoDraw = True
37.3352 	EXP 	fade_in_text: autoDraw = True
37.3519 	EXP 	fade_in_text: autoDraw = True
37.3686 	EXP 	fade_in_text: autoDraw = True
37.3854 	EXP 	fade_in_text: autoDraw = True
37.4019 	EXP 	fade_in_text: autoDraw = True
37.4186 	EXP 	fade_in_text: autoDraw = True
37.4353 	EXP 	fade_in_text: autoDraw = True
37.4519 	EXP 	fade_in_text: autoDraw = True
37.4686 	EXP 	fade_in_text: autoDraw = True
37.4853 	EXP 	fade_in_text: autoDraw = True
37.5018 	EXP 	fade_in_text: autoDraw = True
37.5186 	EXP 	fade_in_text: autoDraw = True
37.5353 	EXP 	fade_in_text: autoDraw = True
37.5519 	EXP 	fade_in_text: autoDraw = True
37.5686 	EXP 	fade_in_text: autoDraw = True
37.5854 	EXP 	fade_in_text: autoDraw = True
37.6019 	EXP 	fade_in_text: autoDraw = True
37.6186 	EXP 	fade_in_text: autoDraw = True
37.6353 	EXP 	fade_in_text: autoDraw = True
37.6519 	EXP 	fade_in_text: autoDraw = True
37.6686 	EXP 	fade_in_text: autoDraw = True
37.6852 	EXP 	fade_in_text: autoDraw = True
37.7018 	EXP 	fade_in_text: autoDraw = True
37.7186 	EXP 	fade_in_text: autoDraw = True
37.7353 	EXP 	fade_in_text: autoDraw = True
37.7519 	EXP 	fade_in_text: autoDraw = True
37.7686 	EXP 	fade_in_text: autoDraw = True
37.7852 	EXP 	fade_in_text: autoDraw = True
37.8020 	EXP 	fade_in_text: autoDraw = True
37.8186 	EXP 	fade_in_text: autoDraw = True
37.8353 	EXP 	fade_in_text: autoDraw = True
37.8519 	EXP 	fade_in_text: autoDraw = True
37.8686 	EXP 	fade_in_text: autoDraw = True
37.8852 	EXP 	fade_in_text: autoDraw = True
37.9019 	EXP 	fade_in_text: autoDraw = True
37.9186 	EXP 	fade_in_text: autoDraw = True
37.9353 	EXP 	fade_in_text: autoDraw = True
37.9519 	EXP 	fade_in_text: autoDraw = True
37.9686 	EXP 	fade_in_text: autoDraw = True
37.9852 	EXP 	fade_in_text: autoDraw = True
38.0020 	EXP 	fade_in_text: autoDraw = True
38.0186 	EXP 	fade_in_text: autoDraw = True
38.0353 	EXP 	fade_in_text: autoDraw = True
38.0519 	EXP 	fade_in_text: autoDraw = True
38.0687 	EXP 	fade_in_text: autoDraw = True
38.0852 	EXP 	fade_in_text: autoDraw = True
38.1019 	EXP 	fade_in_text: autoDraw = True
38.1186 	EXP 	fade_in_text: autoDraw = True
38.1353 	EXP 	fade_in_text: autoDraw = True
38.1520 	EXP 	fade_in_text: autoDraw = True
38.1687 	EXP 	fade_in_text: autoDraw = True
38.1852 	EXP 	fade_in_text: autoDraw = True
38.2020 	EXP 	fade_in_text: autoDraw = True
38.2186 	EXP 	fade_in_text: autoDraw = True
38.2353 	EXP 	fade_in_text: autoDraw = True
38.2520 	EXP 	fade_in_text: autoDraw = True
38.2687 	EXP 	fade_in_text: autoDraw = True
38.2852 	EXP 	fade_in_text: autoDraw = True
38.3020 	EXP 	fade_in_text: autoDraw = True
38.3186 	EXP 	fade_in_text: autoDraw = True
38.3353 	EXP 	fade_in_text: autoDraw = True
38.3519 	EXP 	fade_in_text: autoDraw = True
38.3686 	EXP 	fade_in_text: autoDraw = True
38.3852 	EXP 	fade_in_text: autoDraw = True
38.4020 	EXP 	fade_in_text: autoDraw = True
38.4186 	EXP 	fade_in_text: autoDraw = True
38.4353 	EXP 	fade_in_text: autoDraw = True
38.4520 	EXP 	fade_in_text: autoDraw = True
38.4686 	EXP 	fade_in_text: autoDraw = True
38.4852 	EXP 	fade_in_text: autoDraw = True
38.5020 	EXP 	fade_in_text: autoDraw = True
38.5187 	EXP 	fade_in_text: autoDraw = True
38.5353 	EXP 	fade_in_text: autoDraw = True
38.5520 	EXP 	fade_in_text: autoDraw = True
38.5686 	EXP 	fade_in_text: autoDraw = True
38.5852 	EXP 	fade_in_text: autoDraw = True
38.6020 	EXP 	fade_in_text: autoDraw = True
38.6186 	EXP 	fade_in_text: autoDraw = True
38.6353 	EXP 	fade_in_text: autoDraw = True
38.6520 	EXP 	fade_in_text: autoDraw = True
38.6686 	EXP 	fade_in_text: autoDraw = True
38.6852 	EXP 	fade_in_text: autoDraw = True
38.7020 	EXP 	fade_in_text: autoDraw = True
38.7187 	EXP 	fade_in_text: autoDraw = True
38.7353 	EXP 	fade_in_text: autoDraw = True
38.7521 	EXP 	fade_in_text: autoDraw = True
38.7686 	EXP 	fade_in_text: autoDraw = True
38.7853 	EXP 	fade_in_text: autoDraw = True
38.8020 	EXP 	fade_in_text: autoDraw = True
38.8187 	EXP 	fade_in_text: autoDraw = True
38.8353 	EXP 	fade_in_text: autoDraw = True
38.8521 	EXP 	fade_in_text: autoDraw = True
38.8686 	EXP 	fade_in_text: autoDraw = True
38.8853 	EXP 	fade_in_text: autoDraw = True
38.9020 	EXP 	fade_in_text: autoDraw = True
38.9187 	EXP 	fade_in_text: autoDraw = True
38.9353 	EXP 	fade_in_text: autoDraw = True
38.9521 	EXP 	fade_in_text: autoDraw = True
38.9686 	EXP 	fade_in_text: autoDraw = True
38.9853 	EXP 	fade_in_text: autoDraw = True
39.0020 	EXP 	fade_in_text: autoDraw = True
39.0187 	EXP 	fade_in_text: autoDraw = True
39.0353 	EXP 	fade_in_text: autoDraw = True
39.0521 	EXP 	fade_in_text: autoDraw = True
39.0686 	EXP 	fade_in_text: autoDraw = True
39.0853 	EXP 	fade_in_text: autoDraw = True
39.1020 	EXP 	fade_in_text: autoDraw = True
39.1187 	EXP 	fade_in_text: autoDraw = True
39.1353 	EXP 	fade_in_text: autoDraw = True
39.1519 	EXP 	fade_in_text: autoDraw = True
39.1686 	EXP 	fade_in_text: autoDraw = True
39.1853 	EXP 	fade_in_text: autoDraw = True
39.2020 	EXP 	fade_in_text: autoDraw = True
39.2187 	EXP 	fade_in_text: autoDraw = True
39.2353 	EXP 	fade_in_text: autoDraw = True
39.2519 	EXP 	fade_in_text: autoDraw = True
39.2686 	EXP 	fade_in_text: autoDraw = True
39.2854 	EXP 	fade_in_text: autoDraw = True
39.3020 	EXP 	fade_in_text: autoDraw = True
39.3187 	EXP 	fade_in_text: autoDraw = True
39.3353 	EXP 	fade_in_text: autoDraw = True
39.3519 	EXP 	fade_in_text: autoDraw = True
39.3686 	EXP 	fade_in_text: autoDraw = True
39.3853 	EXP 	fade_in_text: autoDraw = True
39.4020 	EXP 	fade_in_text: autoDraw = True
39.4187 	EXP 	fade_in_text: autoDraw = True
39.4354 	EXP 	fade_in_text: autoDraw = True
39.4519 	EXP 	fade_in_text: autoDraw = True
39.4687 	EXP 	fade_in_text: autoDraw = True
39.4854 	EXP 	fade_in_text: autoDraw = True
39.5020 	EXP 	fade_in_text: autoDraw = True
39.5187 	EXP 	fade_in_text: autoDraw = True
39.5355 	EXP 	fade_in_text: autoDraw = True
39.5519 	EXP 	fade_in_text: autoDraw = True
39.5687 	EXP 	fade_in_text: autoDraw = True
39.5854 	EXP 	fade_in_text: autoDraw = True
39.6020 	EXP 	fade_in_text: autoDraw = True
39.6187 	EXP 	fade_in_text: autoDraw = True
39.6355 	EXP 	fade_in_text: autoDraw = True
39.6520 	EXP 	fade_in_text: autoDraw = True
39.6687 	EXP 	fade_in_text: autoDraw = True
39.6854 	EXP 	fade_in_text: autoDraw = True
39.7020 	EXP 	fade_in_text: autoDraw = True
39.7187 	EXP 	fade_in_text: autoDraw = True
39.7355 	EXP 	fade_in_text: autoDraw = True
39.7520 	EXP 	fade_in_text: autoDraw = True
39.7687 	EXP 	fade_in_text: autoDraw = True
39.7854 	EXP 	fade_in_text: autoDraw = True
39.8020 	EXP 	fade_in_text: autoDraw = True
39.8187 	EXP 	fade_in_text: autoDraw = True
39.8353 	EXP 	fade_in_text: autoDraw = True
39.8520 	EXP 	fade_in_text: autoDraw = True
39.8688 	EXP 	fade_in_text: autoDraw = True
39.8854 	EXP 	fade_in_text: autoDraw = True
39.9020 	EXP 	fade_in_text: autoDraw = True
39.9187 	EXP 	fade_in_text: autoDraw = True
39.9353 	EXP 	fade_in_text: autoDraw = True
39.9520 	EXP 	fade_in_text: autoDraw = True
39.9687 	EXP 	fade_in_text: autoDraw = True
39.9854 	EXP 	fade_in_text: autoDraw = True
40.0021 	EXP 	fade_in_text: autoDraw = True
40.0187 	EXP 	fade_in_text: autoDraw = True
40.0354 	EXP 	fade_in_text: autoDraw = True
40.0520 	EXP 	fade_in_text: autoDraw = True
40.0687 	EXP 	fade_in_text: autoDraw = True
40.0854 	EXP 	fade_in_text: autoDraw = True
40.1021 	EXP 	fade_in_text: autoDraw = True
40.1188 	EXP 	fade_in_text: autoDraw = True
40.1353 	EXP 	fade_in_text: autoDraw = True
40.1520 	EXP 	fade_in_text: autoDraw = True
40.1687 	EXP 	fade_in_text: autoDraw = True
40.1854 	EXP 	fade_in_text: autoDraw = True
40.2021 	EXP 	fade_in_text: autoDraw = True
40.2189 	EXP 	fade_in_text: autoDraw = True
40.2354 	EXP 	fade_in_text: autoDraw = True
40.2521 	EXP 	fade_in_text: autoDraw = True
40.2687 	EXP 	fade_in_text: autoDraw = True
40.2854 	EXP 	fade_in_text: autoDraw = True
40.3021 	EXP 	fade_in_text: autoDraw = True
40.3188 	EXP 	fade_in_text: autoDraw = True
40.3353 	EXP 	fade_in_text: autoDraw = True
40.3521 	EXP 	fade_in_text: autoDraw = True
40.3688 	EXP 	fade_in_text: autoDraw = True
40.3854 	EXP 	fade_in_text: autoDraw = True
40.4021 	EXP 	fade_in_text: autoDraw = True
40.4187 	EXP 	fade_in_text: autoDraw = True
40.4353 	EXP 	fade_in_text: autoDraw = True
40.4521 	EXP 	fade_in_text: autoDraw = True
40.4687 	EXP 	fade_in_text: autoDraw = True
40.4854 	EXP 	fade_in_text: autoDraw = True
40.5021 	EXP 	fade_in_text: autoDraw = True
40.5187 	EXP 	fade_in_text: autoDraw = True
40.5353 	EXP 	fade_in_text: autoDraw = True
40.5521 	EXP 	fade_in_text: autoDraw = True
40.5687 	EXP 	fade_in_text: autoDraw = True
40.5854 	EXP 	fade_in_text: autoDraw = True
40.6021 	EXP 	fade_in_text: autoDraw = True
40.6188 	EXP 	fade_in_text: autoDraw = True
40.6353 	EXP 	fade_in_text: autoDraw = True
40.6521 	EXP 	fade_in_text: autoDraw = True
40.6687 	EXP 	fade_in_text: autoDraw = True
40.6854 	EXP 	fade_in_text: autoDraw = True
40.7022 	EXP 	fade_in_text: autoDraw = True
40.7187 	EXP 	fade_in_text: autoDraw = True
40.7354 	EXP 	fade_in_text: autoDraw = True
40.7521 	EXP 	fade_in_text: autoDraw = True
40.7688 	EXP 	fade_in_text: autoDraw = True
40.7855 	EXP 	fade_in_text: autoDraw = True
40.8022 	EXP 	fade_in_text: autoDraw = True
40.8187 	EXP 	fade_in_text: autoDraw = True
40.8354 	EXP 	fade_in_text: autoDraw = True
40.8521 	EXP 	fade_in_text: autoDraw = True
40.8687 	EXP 	fade_in_text: autoDraw = True
40.8854 	EXP 	fade_in_text: autoDraw = True
40.9022 	EXP 	fade_in_text: autoDraw = True
40.9187 	EXP 	fade_in_text: autoDraw = True
40.9354 	EXP 	fade_in_text: autoDraw = True
40.9521 	EXP 	fade_in_text: autoDraw = True
40.9688 	EXP 	fade_in_text: autoDraw = True
40.9854 	EXP 	fade_in_text: autoDraw = True
41.0022 	EXP 	fade_in_text: autoDraw = True
41.0187 	EXP 	fade_in_text: autoDraw = True
41.0354 	EXP 	fade_in_text: autoDraw = True
41.0521 	EXP 	fade_in_text: autoDraw = True
41.0688 	EXP 	fade_in_text: autoDraw = True
41.0854 	EXP 	fade_in_text: autoDraw = True
41.1020 	EXP 	fade_in_text: autoDraw = True
41.1187 	EXP 	fade_in_text: autoDraw = True
41.1354 	EXP 	fade_in_text: autoDraw = True
41.1521 	EXP 	fade_in_text: autoDraw = True
41.1688 	EXP 	fade_in_text: autoDraw = True
41.1854 	EXP 	fade_in_text: autoDraw = True
41.2020 	EXP 	fade_in_text: autoDraw = True
41.2188 	EXP 	fade_in_text: autoDraw = True
41.2355 	EXP 	fade_in_text: autoDraw = True
41.2521 	EXP 	fade_in_text: autoDraw = True
41.2688 	EXP 	fade_in_text: autoDraw = True
41.2854 	EXP 	fade_in_text: autoDraw = True
41.3020 	EXP 	fade_in_text: autoDraw = True
41.3188 	EXP 	fade_in_text: autoDraw = True
41.3355 	EXP 	fade_in_text: autoDraw = True
41.3521 	EXP 	fade_in_text: autoDraw = True
41.3688 	EXP 	fade_in_text: autoDraw = True
41.3856 	EXP 	fade_in_text: autoDraw = True
41.4021 	EXP 	fade_in_text: autoDraw = True
41.4188 	EXP 	fade_in_text: autoDraw = True
41.4355 	EXP 	fade_in_text: autoDraw = True
41.4521 	EXP 	fade_in_text: autoDraw = True
41.4688 	EXP 	fade_in_text: autoDraw = True
41.4856 	EXP 	fade_in_text: autoDraw = True
41.5021 	EXP 	fade_in_text: autoDraw = True
41.5188 	EXP 	fade_in_text: autoDraw = True
41.5355 	EXP 	fade_in_text: autoDraw = True
41.5521 	EXP 	fade_in_text: autoDraw = True
41.5688 	EXP 	fade_in_text: autoDraw = True
41.5856 	EXP 	fade_in_text: autoDraw = True
41.6021 	EXP 	fade_in_text: autoDraw = True
41.6188 	EXP 	fade_in_text: autoDraw = True
41.6355 	EXP 	fade_in_text: autoDraw = True
41.6521 	EXP 	fade_in_text: autoDraw = True
41.6688 	EXP 	fade_in_text: autoDraw = True
41.6856 	EXP 	fade_in_text: autoDraw = True
41.7022 	EXP 	fade_in_text: autoDraw = True
41.7188 	EXP 	fade_in_text: autoDraw = True
41.7355 	EXP 	fade_in_text: autoDraw = True
41.7521 	EXP 	fade_in_text: autoDraw = True
41.7688 	EXP 	fade_in_text: autoDraw = True
41.7854 	EXP 	fade_in_text: autoDraw = True
41.8021 	EXP 	fade_in_text: autoDraw = True
41.8188 	EXP 	fade_in_text: autoDraw = True
41.8355 	EXP 	fade_in_text: autoDraw = True
41.8521 	EXP 	fade_in_text: autoDraw = True
41.8688 	EXP 	fade_in_text: autoDraw = True
41.8854 	EXP 	fade_in_text: autoDraw = True
41.9021 	EXP 	fade_in_text: autoDraw = True
41.9188 	EXP 	fade_in_text: autoDraw = True
41.9355 	EXP 	fade_in_text: autoDraw = True
41.9522 	EXP 	fade_in_text: autoDraw = True
41.9688 	EXP 	fade_in_text: autoDraw = True
41.9854 	EXP 	fade_in_text: autoDraw = True
42.0021 	EXP 	fade_in_text: autoDraw = True
42.0188 	EXP 	fade_in_text: autoDraw = True
42.0355 	EXP 	fade_in_text: autoDraw = True
42.0522 	EXP 	fade_in_text: autoDraw = True
42.0689 	EXP 	fade_in_text: autoDraw = True
42.0854 	EXP 	fade_in_text: autoDraw = True
42.1022 	EXP 	fade_in_text: autoDraw = True
42.1189 	EXP 	fade_in_text: autoDraw = True
42.1355 	EXP 	fade_in_text: autoDraw = True
42.1522 	EXP 	fade_in_text: autoDraw = True
42.1689 	EXP 	fade_in_text: autoDraw = True
42.1854 	EXP 	fade_in_text: autoDraw = True
42.2021 	EXP 	fade_in_text: autoDraw = True
42.2188 	EXP 	fade_in_text: autoDraw = True
42.2355 	EXP 	fade_in_text: autoDraw = True
42.2522 	EXP 	fade_in_text: autoDraw = True
42.2690 	EXP 	fade_in_text: autoDraw = True
42.2854 	EXP 	fade_in_text: autoDraw = True
42.3022 	EXP 	fade_in_text: autoDraw = True
42.3188 	EXP 	fade_in_text: autoDraw = True
42.3355 	EXP 	fade_in_text: autoDraw = True
42.3522 	EXP 	fade_in_text: autoDraw = True
42.3688 	EXP 	fade_in_text: autoDraw = True
42.3854 	EXP 	fade_in_text: autoDraw = True
42.4022 	EXP 	fade_in_text: autoDraw = True
42.4188 	EXP 	fade_in_text: autoDraw = True
42.4355 	EXP 	fade_in_text: autoDraw = True
42.4522 	EXP 	fade_in_text: autoDraw = True
42.4688 	EXP 	fade_in_text: autoDraw = True
42.4854 	EXP 	fade_in_text: autoDraw = True
42.5022 	EXP 	fade_in_text: autoDraw = True
42.5188 	EXP 	fade_in_text: autoDraw = True
42.5355 	EXP 	fade_in_text: autoDraw = True
42.5522 	EXP 	fade_in_text: autoDraw = True
42.5688 	EXP 	fade_in_text: autoDraw = True
42.5855 	EXP 	fade_in_text: autoDraw = True
42.6022 	EXP 	fade_in_text: autoDraw = True
42.6189 	EXP 	fade_in_text: autoDraw = True
42.6355 	EXP 	fade_in_text: autoDraw = True
42.6523 	EXP 	fade_in_text: autoDraw = True
42.6688 	EXP 	fade_in_text: autoDraw = True
42.6855 	EXP 	fade_in_text: autoDraw = True
42.7022 	EXP 	fade_in_text: autoDraw = True
42.7189 	EXP 	fade_in_text: autoDraw = True
42.7356 	EXP 	fade_in_text: autoDraw = True
42.7523 	EXP 	fade_in_text: autoDraw = True
42.7687 	EXP 	fade_in_text: autoDraw = True
42.7855 	EXP 	fade_in_text: autoDraw = True
42.8022 	EXP 	fade_in_text: autoDraw = True
42.8189 	EXP 	fade_in_text: autoDraw = True
42.8355 	EXP 	fade_in_text: autoDraw = True
42.8523 	EXP 	fade_in_text: autoDraw = True
42.8688 	EXP 	fade_in_text: autoDraw = True
42.8855 	EXP 	fade_in_text: autoDraw = True
42.9022 	EXP 	fade_in_text: autoDraw = True
42.9189 	EXP 	fade_in_text: autoDraw = True
42.9356 	EXP 	fade_in_text: autoDraw = True
42.9521 	EXP 	fade_in_text: autoDraw = True
42.9688 	EXP 	fade_in_text: autoDraw = True
42.9855 	EXP 	fade_in_text: autoDraw = True
43.0022 	EXP 	fade_in_text: autoDraw = True
43.0189 	EXP 	fade_in_text: autoDraw = True
43.0355 	EXP 	fade_in_text: autoDraw = True
43.0521 	EXP 	fade_in_text: autoDraw = True
43.0688 	EXP 	fade_in_text: autoDraw = True
43.0855 	EXP 	fade_in_text: autoDraw = True
43.1022 	EXP 	fade_in_text: autoDraw = True
43.1189 	EXP 	fade_in_text: autoDraw = True
43.1356 	EXP 	fade_in_text: autoDraw = True
43.1521 	EXP 	fade_in_text: autoDraw = True
43.1689 	EXP 	fade_in_text: autoDraw = True
43.1855 	EXP 	fade_in_text: autoDraw = True
43.2022 	EXP 	fade_in_text: autoDraw = True
43.2189 	EXP 	fade_in_text: autoDraw = True
43.2356 	EXP 	fade_in_text: autoDraw = True
43.2521 	EXP 	fade_in_text: autoDraw = True
43.2689 	EXP 	fade_in_text: autoDraw = True
43.2856 	EXP 	fade_in_text: autoDraw = True
43.3022 	EXP 	fade_in_text: autoDraw = True
43.3189 	EXP 	fade_in_text: autoDraw = True
43.3357 	EXP 	fade_in_text: autoDraw = True
43.3521 	EXP 	fade_in_text: autoDraw = True
43.3689 	EXP 	fade_in_text: autoDraw = True
43.3856 	EXP 	fade_in_text: autoDraw = True
43.4022 	EXP 	fade_in_text: autoDraw = True
43.4189 	EXP 	fade_in_text: autoDraw = True
43.4357 	EXP 	fade_in_text: autoDraw = True
43.4522 	EXP 	fade_in_text: autoDraw = True
43.4689 	EXP 	fade_in_text: autoDraw = True
43.4856 	EXP 	fade_in_text: autoDraw = True
43.5022 	EXP 	fade_in_text: autoDraw = True
43.5189 	EXP 	fade_in_text: autoDraw = True
43.5357 	EXP 	fade_in_text: autoDraw = True
43.5522 	EXP 	fade_in_text: autoDraw = True
43.5689 	EXP 	fade_in_text: autoDraw = True
43.5856 	EXP 	fade_in_text: autoDraw = True
43.6022 	EXP 	fade_in_text: autoDraw = True
43.6189 	EXP 	fade_in_text: autoDraw = True
43.6356 	EXP 	fade_in_text: autoDraw = True
43.6522 	EXP 	fade_in_text: autoDraw = True
43.6689 	EXP 	fade_in_text: autoDraw = True
43.6856 	EXP 	fade_in_text: autoDraw = True
43.7022 	EXP 	fade_in_text: autoDraw = True
43.7189 	EXP 	fade_in_text: autoDraw = True
43.7356 	EXP 	fade_in_text: autoDraw = True
43.7522 	EXP 	fade_in_text: autoDraw = True
43.7689 	EXP 	fade_in_text: autoDraw = True
43.7856 	EXP 	fade_in_text: autoDraw = True
43.8022 	EXP 	fade_in_text: autoDraw = True
43.8189 	EXP 	fade_in_text: autoDraw = True
43.8356 	EXP 	fade_in_text: autoDraw = True
43.8522 	EXP 	fade_in_text: autoDraw = True
43.8689 	EXP 	fade_in_text: autoDraw = True
43.8856 	EXP 	fade_in_text: autoDraw = True
43.9022 	EXP 	fade_in_text: autoDraw = True
43.9189 	EXP 	fade_in_text: autoDraw = True
43.9356 	EXP 	fade_in_text: autoDraw = True
43.9523 	EXP 	fade_in_text: autoDraw = True
43.9689 	EXP 	fade_in_text: autoDraw = True
43.9856 	EXP 	fade_in_text: autoDraw = True
44.0023 	EXP 	fade_in_text: autoDraw = True
44.0190 	EXP 	fade_in_text: autoDraw = True
44.0356 	EXP 	fade_in_text: autoDraw = True
44.0523 	EXP 	fade_in_text: autoDraw = True
44.0689 	EXP 	fade_in_text: autoDraw = True
44.0856 	EXP 	fade_in_text: autoDraw = True
44.1023 	EXP 	fade_in_text: autoDraw = True
44.1190 	EXP 	fade_in_text: autoDraw = True
44.1356 	EXP 	fade_in_text: autoDraw = True
44.1523 	EXP 	fade_in_text: autoDraw = True
44.1689 	EXP 	fade_in_text: autoDraw = True
44.1856 	EXP 	fade_in_text: autoDraw = True
44.2023 	EXP 	fade_in_text: autoDraw = True
44.2190 	EXP 	fade_in_text: autoDraw = True
44.2356 	EXP 	fade_in_text: autoDraw = True
44.2523 	EXP 	fade_in_text: autoDraw = True
44.2689 	EXP 	fade_in_text: autoDraw = True
44.2856 	EXP 	fade_in_text: autoDraw = True
44.3023 	EXP 	fade_in_text: autoDraw = True
44.3189 	EXP 	fade_in_text: autoDraw = True
44.3356 	EXP 	fade_in_text: autoDraw = True
44.3523 	EXP 	fade_in_text: autoDraw = True
44.3689 	EXP 	fade_in_text: autoDraw = True
44.3856 	EXP 	fade_in_text: autoDraw = True
44.4023 	EXP 	fade_in_text: autoDraw = True
44.4189 	EXP 	fade_in_text: autoDraw = True
44.4356 	EXP 	fade_in_text: autoDraw = True
44.4523 	EXP 	fade_in_text: autoDraw = True
44.4689 	EXP 	fade_in_text: autoDraw = True
44.4856 	EXP 	fade_in_text: autoDraw = True
44.5023 	EXP 	fade_in_text: autoDraw = True
44.5189 	EXP 	fade_in_text: autoDraw = True
44.5356 	EXP 	fade_in_text: autoDraw = True
44.5523 	EXP 	fade_in_text: autoDraw = True
44.5690 	EXP 	fade_in_text: autoDraw = True
44.5856 	EXP 	fade_in_text: autoDraw = True
44.6024 	EXP 	fade_in_text: autoDraw = True
44.6189 	EXP 	fade_in_text: autoDraw = True
44.6356 	EXP 	fade_in_text: autoDraw = True
44.6523 	EXP 	fade_in_text: autoDraw = True
44.6690 	EXP 	fade_in_text: autoDraw = True
44.6856 	EXP 	fade_in_text: autoDraw = True
44.7024 	EXP 	fade_in_text: autoDraw = True
44.7189 	EXP 	fade_in_text: autoDraw = True
44.7356 	EXP 	fade_in_text: autoDraw = True
44.7523 	EXP 	fade_in_text: autoDraw = True
44.7690 	EXP 	fade_in_text: autoDraw = True
44.7856 	EXP 	fade_in_text: autoDraw = True
44.8024 	EXP 	fade_in_text: autoDraw = True
44.8189 	EXP 	fade_in_text: autoDraw = True
44.8356 	EXP 	fade_in_text: autoDraw = True
44.8523 	EXP 	fade_in_text: autoDraw = True
44.8690 	EXP 	fade_in_text: autoDraw = True
44.8856 	EXP 	fade_in_text: autoDraw = True
44.9023 	EXP 	fade_in_text: autoDraw = True
44.9189 	EXP 	fade_in_text: autoDraw = True
44.9356 	EXP 	fade_in_text: autoDraw = True
44.9523 	EXP 	fade_in_text: autoDraw = True
44.9690 	EXP 	fade_in_text: autoDraw = True
44.9856 	EXP 	fade_in_text: autoDraw = True
45.0022 	EXP 	fade_in_text: autoDraw = True
45.0189 	EXP 	fade_in_text: autoDraw = True
45.0357 	EXP 	fade_in_text: autoDraw = True
45.0523 	EXP 	fade_in_text: autoDraw = True
45.0690 	EXP 	fade_in_text: autoDraw = True
45.0857 	EXP 	fade_in_text: autoDraw = True
45.1022 	EXP 	fade_in_text: autoDraw = True
45.1189 	EXP 	fade_in_text: autoDraw = True
45.1357 	EXP 	fade_in_text: autoDraw = True
45.1523 	EXP 	fade_in_text: autoDraw = True
45.1690 	EXP 	fade_in_text: autoDraw = True
45.1857 	EXP 	fade_in_text: autoDraw = True
45.2022 	EXP 	fade_in_text: autoDraw = True
45.2190 	EXP 	fade_in_text: autoDraw = True
45.2357 	EXP 	fade_in_text: autoDraw = True
45.2523 	EXP 	fade_in_text: autoDraw = True
45.2690 	EXP 	fade_in_text: autoDraw = True
45.2858 	EXP 	fade_in_text: autoDraw = True
45.3023 	EXP 	fade_in_text: autoDraw = True
45.3190 	EXP 	fade_in_text: autoDraw = True
45.3357 	EXP 	fade_in_text: autoDraw = True
45.3523 	EXP 	fade_in_text: autoDraw = True
45.3690 	EXP 	fade_in_text: autoDraw = True
45.3858 	EXP 	fade_in_text: autoDraw = True
45.4022 	EXP 	fade_in_text: autoDraw = True
45.4190 	EXP 	fade_in_text: autoDraw = True
45.4357 	EXP 	fade_in_text: autoDraw = True
45.4523 	EXP 	fade_in_text: autoDraw = True
45.4690 	EXP 	fade_in_text: autoDraw = True
45.4858 	EXP 	fade_in_text: autoDraw = True
45.5023 	EXP 	fade_in_text: autoDraw = True
45.5190 	EXP 	fade_in_text: autoDraw = True
45.5357 	EXP 	fade_in_text: autoDraw = True
45.5524 	EXP 	fade_in_text: autoDraw = True
45.5690 	EXP 	fade_in_text: autoDraw = True
45.5857 	EXP 	fade_in_text: autoDraw = True
45.6023 	EXP 	fade_in_text: autoDraw = True
45.6190 	EXP 	fade_in_text: autoDraw = True
45.6357 	EXP 	fade_in_text: autoDraw = True
45.6524 	EXP 	fade_in_text: autoDraw = True
45.6690 	EXP 	fade_in_text: autoDraw = True
45.6856 	EXP 	fade_in_text: autoDraw = True
45.7023 	EXP 	fade_in_text: autoDraw = True
45.7190 	EXP 	fade_in_text: autoDraw = True
45.7357 	EXP 	fade_in_text: autoDraw = True
45.7524 	EXP 	fade_in_text: autoDraw = True
45.7690 	EXP 	fade_in_text: autoDraw = True
45.7856 	EXP 	fade_in_text: autoDraw = True
45.8023 	EXP 	fade_in_text: autoDraw = True
45.8190 	EXP 	fade_in_text: autoDraw = True
45.8357 	EXP 	fade_in_text: autoDraw = True
45.8524 	EXP 	fade_in_text: autoDraw = True
45.8690 	EXP 	fade_in_text: autoDraw = True
45.8856 	EXP 	fade_in_text: autoDraw = True
45.9023 	EXP 	fade_in_text: autoDraw = True
45.9190 	EXP 	fade_in_text: autoDraw = True
45.9357 	EXP 	fade_in_text: autoDraw = True
45.9524 	EXP 	fade_in_text: autoDraw = True
45.9691 	EXP 	fade_in_text: autoDraw = True
45.9856 	EXP 	fade_in_text: autoDraw = True
46.0024 	EXP 	fade_in_text: autoDraw = True
46.0190 	EXP 	fade_in_text: autoDraw = True
46.0357 	EXP 	fade_in_text: autoDraw = True
46.0524 	EXP 	fade_in_text: autoDraw = True
46.0691 	EXP 	fade_in_text: autoDraw = True
46.0856 	EXP 	fade_in_text: autoDraw = True
46.1024 	EXP 	fade_in_text: autoDraw = True
46.1190 	EXP 	fade_in_text: autoDraw = True
46.1357 	EXP 	fade_in_text: autoDraw = True
46.1524 	EXP 	fade_in_text: autoDraw = True
46.1691 	EXP 	fade_in_text: autoDraw = True
46.1856 	EXP 	fade_in_text: autoDraw = True
46.2024 	EXP 	fade_in_text: autoDraw = True
46.2190 	EXP 	fade_in_text: autoDraw = True
46.2357 	EXP 	fade_in_text: autoDraw = True
46.2524 	EXP 	fade_in_text: autoDraw = True
46.2692 	EXP 	fade_in_text: autoDraw = True
46.2856 	EXP 	fade_in_text: autoDraw = True
46.3024 	EXP 	fade_in_text: autoDraw = True
46.3190 	EXP 	fade_in_text: autoDraw = True
46.3357 	EXP 	fade_in_text: autoDraw = True
46.3524 	EXP 	fade_in_text: autoDraw = True
46.3690 	EXP 	fade_in_text: autoDraw = True
46.3856 	EXP 	fade_in_text: autoDraw = True
46.4024 	EXP 	fade_in_text: autoDraw = True
46.4191 	EXP 	fade_in_text: autoDraw = True
46.4357 	EXP 	fade_in_text: autoDraw = True
46.4524 	EXP 	fade_in_text: autoDraw = True
46.4690 	EXP 	fade_in_text: autoDraw = True
46.4856 	EXP 	fade_in_text: autoDraw = True
46.5024 	EXP 	fade_in_text: autoDraw = True
46.5191 	EXP 	fade_in_text: autoDraw = True
46.5357 	EXP 	fade_in_text: autoDraw = True
46.5524 	EXP 	fade_in_text: autoDraw = True
46.5690 	EXP 	fade_in_text: autoDraw = True
46.5857 	EXP 	fade_in_text: autoDraw = True
46.6024 	EXP 	fade_in_text: autoDraw = True
46.6191 	EXP 	fade_in_text: autoDraw = True
46.6357 	EXP 	fade_in_text: autoDraw = True
46.6525 	EXP 	fade_in_text: autoDraw = True
46.6690 	EXP 	fade_in_text: autoDraw = True
46.6857 	EXP 	fade_in_text: autoDraw = True
46.7024 	EXP 	fade_in_text: autoDraw = True
46.7191 	EXP 	fade_in_text: autoDraw = True
46.7357 	EXP 	fade_in_text: autoDraw = True
46.7525 	EXP 	fade_in_text: autoDraw = True
46.7690 	EXP 	fade_in_text: autoDraw = True
46.7857 	EXP 	fade_in_text: autoDraw = True
46.8024 	EXP 	fade_in_text: autoDraw = True
46.8191 	EXP 	fade_in_text: autoDraw = True
46.8357 	EXP 	fade_in_text: autoDraw = True
46.8525 	EXP 	fade_in_text: autoDraw = True
46.8690 	EXP 	fade_in_text: autoDraw = True
46.8857 	EXP 	fade_in_text: autoDraw = True
46.9024 	EXP 	fade_in_text: autoDraw = True
46.9191 	EXP 	fade_in_text: autoDraw = True
46.9357 	EXP 	fade_in_text: autoDraw = True
46.9525 	EXP 	fade_in_text: autoDraw = True
46.9690 	EXP 	fade_in_text: autoDraw = True
46.9858 	EXP 	fade_in_text: autoDraw = True
47.0024 	EXP 	fade_in_text: autoDraw = True
47.0191 	EXP 	fade_in_text: autoDraw = True
47.0358 	EXP 	fade_in_text: autoDraw = True
47.0524 	EXP 	fade_in_text: autoDraw = True
47.0690 	EXP 	fade_in_text: autoDraw = True
47.0858 	EXP 	fade_in_text: autoDraw = True
47.1024 	EXP 	fade_in_text: autoDraw = True
47.1191 	EXP 	fade_in_text: autoDraw = True
47.1358 	EXP 	fade_in_text: autoDraw = True
47.1524 	EXP 	fade_in_text: autoDraw = True
47.1691 	EXP 	fade_in_text: autoDraw = True
47.1858 	EXP 	fade_in_text: autoDraw = True
47.2024 	EXP 	fade_in_text: autoDraw = True
47.2191 	EXP 	fade_in_text: autoDraw = True
47.2359 	EXP 	fade_in_text: autoDraw = True
47.2524 	EXP 	fade_in_text: autoDraw = True
47.2691 	EXP 	fade_in_text: autoDraw = True
47.2858 	EXP 	fade_in_text: autoDraw = True
47.3024 	EXP 	fade_in_text: autoDraw = True
47.3191 	EXP 	fade_in_text: autoDraw = True
47.3359 	EXP 	fade_in_text: autoDraw = True
47.3524 	EXP 	fade_in_text: autoDraw = True
47.3691 	EXP 	fade_in_text: autoDraw = True
47.3858 	EXP 	fade_in_text: autoDraw = True
47.4024 	EXP 	fade_in_text: autoDraw = True
47.4191 	EXP 	fade_in_text: autoDraw = True
47.4359 	EXP 	fade_in_text: autoDraw = True
47.4525 	EXP 	fade_in_text: autoDraw = True
47.4691 	EXP 	fade_in_text: autoDraw = True
47.4858 	EXP 	fade_in_text: autoDraw = True
47.5024 	EXP 	fade_in_text: autoDraw = True
47.5191 	EXP 	fade_in_text: autoDraw = True
47.5358 	EXP 	fade_in_text: autoDraw = True
47.5525 	EXP 	fade_in_text: autoDraw = True
47.5691 	EXP 	fade_in_text: autoDraw = True
47.5858 	EXP 	fade_in_text: autoDraw = True
47.6024 	EXP 	fade_in_text: autoDraw = True
47.6191 	EXP 	fade_in_text: autoDraw = True
47.6357 	EXP 	fade_in_text: autoDraw = True
47.6525 	EXP 	fade_in_text: autoDraw = True
47.6691 	EXP 	fade_in_text: autoDraw = True
47.6858 	EXP 	fade_in_text: autoDraw = True
47.7024 	EXP 	fade_in_text: autoDraw = True
47.7191 	EXP 	fade_in_text: autoDraw = True
47.7357 	EXP 	fade_in_text: autoDraw = True
47.7524 	EXP 	fade_in_text: autoDraw = True
47.7691 	EXP 	fade_in_text: autoDraw = True
47.7858 	EXP 	fade_in_text: autoDraw = True
47.8025 	EXP 	fade_in_text: autoDraw = True
47.8191 	EXP 	fade_in_text: autoDraw = True
47.8357 	EXP 	fade_in_text: autoDraw = True
47.8525 	EXP 	fade_in_text: autoDraw = True
47.8691 	EXP 	fade_in_text: autoDraw = True
47.8858 	EXP 	fade_in_text: autoDraw = True
47.9025 	EXP 	fade_in_text: autoDraw = True
47.9192 	EXP 	fade_in_text: autoDraw = True
47.9357 	EXP 	fade_in_text: autoDraw = True
47.9525 	EXP 	fade_in_text: autoDraw = True
47.9691 	EXP 	fade_in_text: autoDraw = True
47.9858 	EXP 	fade_in_text: autoDraw = True
48.0025 	EXP 	fade_in_text: autoDraw = True
48.0192 	EXP 	fade_in_text: autoDraw = True
48.0357 	EXP 	fade_in_text: autoDraw = True
48.0525 	EXP 	fade_in_text: autoDraw = True
48.0691 	EXP 	fade_in_text: autoDraw = True
48.0858 	EXP 	fade_in_text: autoDraw = True
48.1025 	EXP 	fade_in_text: autoDraw = True
48.1192 	EXP 	fade_in_text: autoDraw = True
48.1357 	EXP 	fade_in_text: autoDraw = True
48.1525 	EXP 	fade_in_text: autoDraw = True
48.1692 	EXP 	fade_in_text: autoDraw = True
48.1858 	EXP 	fade_in_text: autoDraw = True
48.2025 	EXP 	fade_in_text: autoDraw = True
48.2191 	EXP 	fade_in_text: autoDraw = True
48.2357 	EXP 	fade_in_text: autoDraw = True
48.2525 	EXP 	fade_in_text: autoDraw = True
48.2692 	EXP 	fade_in_text: autoDraw = True
48.2858 	EXP 	fade_in_text: autoDraw = True
48.3025 	EXP 	fade_in_text: autoDraw = True
48.3191 	EXP 	fade_in_text: autoDraw = True
48.3357 	EXP 	fade_in_text: autoDraw = True
48.3525 	EXP 	fade_in_text: autoDraw = True
48.3692 	EXP 	fade_in_text: autoDraw = True
48.3858 	EXP 	fade_in_text: autoDraw = True
48.4025 	EXP 	fade_in_text: autoDraw = True
48.4191 	EXP 	fade_in_text: autoDraw = True
48.4357 	EXP 	fade_in_text: autoDraw = True
48.4525 	EXP 	fade_in_text: autoDraw = True
48.4692 	EXP 	fade_in_text: autoDraw = True
48.4858 	EXP 	fade_in_text: autoDraw = True
48.5025 	EXP 	fade_in_text: autoDraw = True
48.5191 	EXP 	fade_in_text: autoDraw = True
48.5358 	EXP 	fade_in_text: autoDraw = True
48.5525 	EXP 	fade_in_text: autoDraw = True
48.5692 	EXP 	fade_in_text: autoDraw = True
48.5858 	EXP 	fade_in_text: autoDraw = True
48.6026 	EXP 	fade_in_text: autoDraw = True
48.6191 	EXP 	fade_in_text: autoDraw = True
48.6358 	EXP 	fade_in_text: autoDraw = True
48.6525 	EXP 	fade_in_text: autoDraw = True
48.6692 	EXP 	fade_in_text: autoDraw = True
48.6858 	EXP 	fade_in_text: autoDraw = True
48.7026 	EXP 	fade_in_text: autoDraw = True
48.7191 	EXP 	fade_in_text: autoDraw = True
48.7358 	EXP 	fade_in_text: autoDraw = True
48.7525 	EXP 	fade_in_text: autoDraw = True
48.7692 	EXP 	fade_in_text: autoDraw = True
48.7858 	EXP 	fade_in_text: autoDraw = True
48.8026 	EXP 	fade_in_text: autoDraw = True
48.8191 	EXP 	fade_in_text: autoDraw = True
48.8359 	EXP 	fade_in_text: autoDraw = True
48.8525 	EXP 	fade_in_text: autoDraw = True
48.8692 	EXP 	fade_in_text: autoDraw = True
48.8858 	EXP 	fade_in_text: autoDraw = True
48.9026 	EXP 	fade_in_text: autoDraw = True
48.9191 	EXP 	fade_in_text: autoDraw = True
48.9358 	EXP 	fade_in_text: autoDraw = True
48.9525 	EXP 	fade_in_text: autoDraw = True
48.9692 	EXP 	fade_in_text: autoDraw = True
48.9858 	EXP 	fade_in_text: autoDraw = True
49.0024 	EXP 	fade_in_text: autoDraw = True
49.0191 	EXP 	fade_in_text: autoDraw = True
49.0358 	EXP 	fade_in_text: autoDraw = True
49.0525 	EXP 	fade_in_text: autoDraw = True
49.0692 	EXP 	fade_in_text: autoDraw = True
49.0859 	EXP 	fade_in_text: autoDraw = True
49.1025 	EXP 	fade_in_text: autoDraw = True
49.1191 	EXP 	fade_in_text: autoDraw = True
49.1359 	EXP 	fade_in_text: autoDraw = True
49.1525 	EXP 	fade_in_text: autoDraw = True
49.1692 	EXP 	fade_in_text: autoDraw = True
49.1859 	EXP 	fade_in_text: autoDraw = True
49.2024 	EXP 	fade_in_text: autoDraw = True
49.2192 	EXP 	fade_in_text: autoDraw = True
49.2359 	EXP 	fade_in_text: autoDraw = True
49.2526 	EXP 	fade_in_text: autoDraw = True
49.2692 	EXP 	fade_in_text: autoDraw = True
49.2860 	EXP 	fade_in_text: autoDraw = True
49.3025 	EXP 	fade_in_text: autoDraw = True
49.3192 	EXP 	fade_in_text: autoDraw = True
49.3359 	EXP 	fade_in_text: autoDraw = True
49.3525 	EXP 	fade_in_text: autoDraw = True
49.3692 	EXP 	fade_in_text: autoDraw = True
49.3860 	EXP 	fade_in_text: autoDraw = True
49.4025 	EXP 	fade_in_text: autoDraw = True
49.4192 	EXP 	fade_in_text: autoDraw = True
49.4359 	EXP 	fade_in_text: autoDraw = True
49.4526 	EXP 	fade_in_text: autoDraw = True
49.4692 	EXP 	fade_in_text: autoDraw = True
49.4860 	EXP 	fade_in_text: autoDraw = True
49.5025 	EXP 	fade_in_text: autoDraw = True
49.5192 	EXP 	fade_in_text: autoDraw = True
49.5359 	EXP 	fade_in_text: autoDraw = True
49.5525 	EXP 	fade_in_text: autoDraw = True
49.5692 	EXP 	fade_in_text: autoDraw = True
49.5858 	EXP 	fade_in_text: autoDraw = True
49.6025 	EXP 	fade_in_text: autoDraw = True
49.6192 	EXP 	fade_in_text: autoDraw = True
49.6359 	EXP 	fade_in_text: autoDraw = True
49.6526 	EXP 	fade_in_text: autoDraw = True
49.6692 	EXP 	fade_in_text: autoDraw = True
49.6858 	EXP 	fade_in_text: autoDraw = True
49.7025 	EXP 	fade_in_text: autoDraw = True
49.7192 	EXP 	fade_in_text: autoDraw = True
49.7359 	EXP 	fade_in_text: autoDraw = True
49.7526 	EXP 	fade_in_text: autoDraw = True
49.7692 	EXP 	fade_in_text: autoDraw = True
49.7858 	EXP 	fade_in_text: autoDraw = True
49.8025 	EXP 	fade_in_text: autoDraw = True
49.8192 	EXP 	fade_in_text: autoDraw = True
49.8359 	EXP 	fade_in_text: autoDraw = True
49.8526 	EXP 	fade_in_text: autoDraw = True
49.8693 	EXP 	fade_in_text: autoDraw = True
49.8858 	EXP 	fade_in_text: autoDraw = True
49.9026 	EXP 	fade_in_text: autoDraw = True
49.9192 	EXP 	fade_in_text: autoDraw = True
49.9359 	EXP 	fade_in_text: autoDraw = True
49.9526 	EXP 	fade_in_text: autoDraw = True
49.9694 	EXP 	fade_in_text: autoDraw = True
49.9858 	EXP 	fade_in_text: autoDraw = True
50.0026 	EXP 	fade_in_text: autoDraw = True
50.0192 	EXP 	fade_in_text: autoDraw = True
50.0359 	EXP 	fade_in_text: autoDraw = True
50.0526 	EXP 	fade_in_text: autoDraw = True
50.0693 	EXP 	fade_in_text: autoDraw = True
50.0858 	EXP 	fade_in_text: autoDraw = True
50.1026 	EXP 	fade_in_text: autoDraw = True
50.1192 	EXP 	fade_in_text: autoDraw = True
50.1359 	EXP 	fade_in_text: autoDraw = True
50.1526 	EXP 	fade_in_text: autoDraw = True
50.1693 	EXP 	fade_in_text: autoDraw = True
50.1858 	EXP 	fade_in_text: autoDraw = True
50.2026 	EXP 	fade_in_text: autoDraw = True
50.2192 	EXP 	fade_in_text: autoDraw = True
50.2359 	EXP 	fade_in_text: autoDraw = True
50.2526 	EXP 	fade_in_text: autoDraw = True
50.2692 	EXP 	fade_in_text: autoDraw = True
50.2859 	EXP 	fade_in_text: autoDraw = True
50.3026 	EXP 	fade_in_text: autoDraw = True
50.3192 	EXP 	fade_in_text: autoDraw = True
50.3359 	EXP 	fade_in_text: autoDraw = True
50.3526 	EXP 	fade_in_text: autoDraw = True
50.3693 	EXP 	fade_in_text: autoDraw = True
50.3859 	EXP 	fade_in_text: autoDraw = True
50.4026 	EXP 	fade_in_text: autoDraw = True
50.4193 	EXP 	fade_in_text: autoDraw = True
50.4359 	EXP 	fade_in_text: autoDraw = True
50.4527 	EXP 	fade_in_text: autoDraw = True
50.4693 	EXP 	fade_in_text: autoDraw = True
50.4859 	EXP 	fade_in_text: autoDraw = True
50.5026 	EXP 	fade_in_text: autoDraw = True
50.5193 	EXP 	fade_in_text: autoDraw = True
50.5359 	EXP 	fade_in_text: autoDraw = True
50.5527 	EXP 	fade_in_text: autoDraw = True
50.5693 	EXP 	fade_in_text: autoDraw = True
50.5859 	EXP 	fade_in_text: autoDraw = True
50.6026 	EXP 	fade_in_text: autoDraw = True
50.6193 	EXP 	fade_in_text: autoDraw = True
50.6359 	EXP 	fade_in_text: autoDraw = True
50.6528 	EXP 	fade_in_text: autoDraw = True
50.6693 	EXP 	fade_in_text: autoDraw = True
50.6859 	EXP 	fade_in_text: autoDraw = True
50.7026 	EXP 	fade_in_text: autoDraw = True
50.7193 	EXP 	fade_in_text: autoDraw = True
50.7359 	EXP 	fade_in_text: autoDraw = True
50.7525 	EXP 	fade_in_text: autoDraw = True
50.7693 	EXP 	fade_in_text: autoDraw = True
50.7860 	EXP 	fade_in_text: autoDraw = True
50.8026 	EXP 	fade_in_text: autoDraw = True
50.8193 	EXP 	fade_in_text: autoDraw = True
50.8359 	EXP 	fade_in_text: autoDraw = True
50.8526 	EXP 	fade_in_text: autoDraw = True
50.8693 	EXP 	fade_in_text: autoDraw = True
50.8859 	EXP 	fade_in_text: autoDraw = True
50.9026 	EXP 	fade_in_text: autoDraw = True
50.9193 	EXP 	fade_in_text: autoDraw = True
50.9359 	EXP 	fade_in_text: autoDraw = True
50.9525 	EXP 	fade_in_text: autoDraw = True
50.9693 	EXP 	fade_in_text: autoDraw = True
50.9860 	EXP 	fade_in_text: autoDraw = True
51.0026 	EXP 	fade_in_text: autoDraw = True
51.0193 	EXP 	fade_in_text: autoDraw = True
51.0360 	EXP 	fade_in_text: autoDraw = True
51.0525 	EXP 	fade_in_text: autoDraw = True
51.0693 	EXP 	fade_in_text: autoDraw = True
51.0860 	EXP 	fade_in_text: autoDraw = True
51.1026 	EXP 	fade_in_text: autoDraw = True
51.1193 	EXP 	fade_in_text: autoDraw = True
51.1361 	EXP 	fade_in_text: autoDraw = True
51.1526 	EXP 	fade_in_text: autoDraw = True
51.1693 	EXP 	fade_in_text: autoDraw = True
51.1860 	EXP 	fade_in_text: autoDraw = True
51.2026 	EXP 	fade_in_text: autoDraw = True
51.2193 	EXP 	fade_in_text: autoDraw = True
51.2361 	EXP 	fade_in_text: autoDraw = True
51.2525 	EXP 	fade_in_text: autoDraw = True
51.2693 	EXP 	fade_in_text: autoDraw = True
51.2860 	EXP 	fade_in_text: autoDraw = True
51.3026 	EXP 	fade_in_text: autoDraw = True
51.3193 	EXP 	fade_in_text: autoDraw = True
51.3359 	EXP 	fade_in_text: autoDraw = True
51.3526 	EXP 	fade_in_text: autoDraw = True
51.3693 	EXP 	fade_in_text: autoDraw = True
51.3860 	EXP 	fade_in_text: autoDraw = True
51.4026 	EXP 	fade_in_text: autoDraw = True
51.4193 	EXP 	fade_in_text: autoDraw = True
51.4359 	EXP 	fade_in_text: autoDraw = True
51.4526 	EXP 	fade_in_text: autoDraw = True
51.4693 	EXP 	fade_in_text: autoDraw = True
51.4860 	EXP 	fade_in_text: autoDraw = True
51.5027 	EXP 	fade_in_text: autoDraw = True
51.5193 	EXP 	fade_in_text: autoDraw = True
51.5359 	EXP 	fade_in_text: autoDraw = True
51.5527 	EXP 	fade_in_text: autoDraw = True
51.5693 	EXP 	fade_in_text: autoDraw = True
51.5860 	EXP 	fade_in_text: autoDraw = True
51.6027 	EXP 	fade_in_text: autoDraw = True
51.6193 	EXP 	fade_in_text: autoDraw = True
51.6359 	EXP 	fade_in_text: autoDraw = True
51.6526 	EXP 	fade_in_text: autoDraw = True
51.6694 	EXP 	fade_in_text: autoDraw = True
51.6860 	EXP 	fade_in_text: autoDraw = True
51.7027 	EXP 	fade_in_text: autoDraw = True
51.7194 	EXP 	fade_in_text: autoDraw = True
51.7359 	EXP 	fade_in_text: autoDraw = True
51.7526 	EXP 	fade_in_text: autoDraw = True
51.7693 	EXP 	fade_in_text: autoDraw = True
51.7860 	EXP 	fade_in_text: autoDraw = True
51.8027 	EXP 	fade_in_text: autoDraw = True
51.8194 	EXP 	fade_in_text: autoDraw = True
51.8359 	EXP 	fade_in_text: autoDraw = True
51.8527 	EXP 	fade_in_text: autoDraw = True
51.8693 	EXP 	fade_in_text: autoDraw = True
51.8860 	EXP 	fade_in_text: autoDraw = True
51.9027 	EXP 	fade_in_text: autoDraw = True
51.9195 	EXP 	fade_in_text: autoDraw = True
51.9359 	EXP 	fade_in_text: autoDraw = True
51.9527 	EXP 	fade_in_text: autoDraw = True
51.9693 	EXP 	fade_in_text: autoDraw = True
51.9860 	EXP 	fade_in_text: autoDraw = True
52.0027 	EXP 	fade_in_text: autoDraw = True
52.0193 	EXP 	fade_in_text: autoDraw = True
52.0359 	EXP 	fade_in_text: autoDraw = True
52.0527 	EXP 	fade_in_text: autoDraw = True
52.0694 	EXP 	fade_in_text: autoDraw = True
52.0860 	EXP 	fade_in_text: autoDraw = True
52.1027 	EXP 	fade_in_text: autoDraw = True
52.1193 	EXP 	fade_in_text: autoDraw = True
52.1359 	EXP 	fade_in_text: autoDraw = True
52.1527 	EXP 	fade_in_text: autoDraw = True
52.1694 	EXP 	fade_in_text: autoDraw = True
52.1860 	EXP 	fade_in_text: autoDraw = True
52.2027 	EXP 	fade_in_text: autoDraw = True
52.2193 	EXP 	fade_in_text: autoDraw = True
52.2360 	EXP 	fade_in_text: autoDraw = True
52.2527 	EXP 	fade_in_text: autoDraw = True
52.2694 	EXP 	fade_in_text: autoDraw = True
52.2860 	EXP 	fade_in_text: autoDraw = True
52.3027 	EXP 	fade_in_text: autoDraw = True
52.3193 	EXP 	fade_in_text: autoDraw = True
52.3360 	EXP 	fade_in_text: autoDraw = True
52.3527 	EXP 	fade_in_text: autoDraw = True
52.3694 	EXP 	fade_in_text: autoDraw = True
52.3860 	EXP 	fade_in_text: autoDraw = True
52.4028 	EXP 	fade_in_text: autoDraw = True
52.4193 	EXP 	fade_in_text: autoDraw = True
52.4360 	EXP 	fade_in_text: autoDraw = True
52.4527 	EXP 	fade_in_text: autoDraw = True
52.4694 	EXP 	fade_in_text: autoDraw = True
52.4861 	EXP 	fade_in_text: autoDraw = True
52.5028 	EXP 	fade_in_text: autoDraw = True
52.5193 	EXP 	fade_in_text: autoDraw = True
52.5360 	EXP 	fade_in_text: autoDraw = True
52.5527 	EXP 	fade_in_text: autoDraw = True
52.5694 	EXP 	fade_in_text: autoDraw = True
52.5860 	EXP 	fade_in_text: autoDraw = True
52.6028 	EXP 	fade_in_text: autoDraw = True
52.6193 	EXP 	fade_in_text: autoDraw = True
52.6360 	EXP 	fade_in_text: autoDraw = True
52.6527 	EXP 	fade_in_text: autoDraw = True
52.6694 	EXP 	fade_in_text: autoDraw = True
52.6861 	EXP 	fade_in_text: autoDraw = True
52.7029 	EXP 	fade_in_text: autoDraw = True
52.7193 	EXP 	fade_in_text: autoDraw = True
52.7360 	EXP 	fade_in_text: autoDraw = True
52.7527 	EXP 	fade_in_text: autoDraw = True
52.7694 	EXP 	fade_in_text: autoDraw = True
52.7861 	EXP 	fade_in_text: autoDraw = True
52.8026 	EXP 	fade_in_text: autoDraw = True
52.8193 	EXP 	fade_in_text: autoDraw = True
52.8360 	EXP 	fade_in_text: autoDraw = True
52.8527 	EXP 	fade_in_text: autoDraw = True
52.8694 	EXP 	fade_in_text: autoDraw = True
52.8861 	EXP 	fade_in_text: autoDraw = True
52.9026 	EXP 	fade_in_text: autoDraw = True
52.9193 	EXP 	fade_in_text: autoDraw = True
52.9361 	EXP 	fade_in_text: autoDraw = True
52.9527 	EXP 	fade_in_text: autoDraw = True
52.9694 	EXP 	fade_in_text: autoDraw = True
52.9861 	EXP 	fade_in_text: autoDraw = True
53.0026 	EXP 	fade_in_text: autoDraw = True
53.0194 	EXP 	fade_in_text: autoDraw = True
53.0361 	EXP 	fade_in_text: autoDraw = True
53.0527 	EXP 	fade_in_text: autoDraw = True
53.0694 	EXP 	fade_in_text: autoDraw = True
53.0861 	EXP 	fade_in_text: autoDraw = True
53.1027 	EXP 	fade_in_text: autoDraw = True
53.1194 	EXP 	fade_in_text: autoDraw = True
53.1361 	EXP 	fade_in_text: autoDraw = True
53.1527 	EXP 	fade_in_text: autoDraw = True
53.1694 	EXP 	fade_in_text: autoDraw = True
53.1862 	EXP 	fade_in_text: autoDraw = True
53.2027 	EXP 	fade_in_text: autoDraw = True
53.2194 	EXP 	fade_in_text: autoDraw = True
53.2361 	EXP 	fade_in_text: autoDraw = True
53.2527 	EXP 	fade_in_text: autoDraw = True
53.2694 	EXP 	fade_in_text: autoDraw = True
53.2862 	EXP 	fade_in_text: autoDraw = True
53.3026 	EXP 	fade_in_text: autoDraw = True
53.3194 	EXP 	fade_in_text: autoDraw = True
53.3361 	EXP 	fade_in_text: autoDraw = True
53.3527 	EXP 	fade_in_text: autoDraw = True
53.3694 	EXP 	fade_in_text: autoDraw = True
53.3862 	EXP 	fade_in_text: autoDraw = True
53.4027 	EXP 	fade_in_text: autoDraw = True
53.4194 	EXP 	fade_in_text: autoDraw = True
53.4361 	EXP 	fade_in_text: autoDraw = True
53.4528 	EXP 	fade_in_text: autoDraw = True
53.4694 	EXP 	fade_in_text: autoDraw = True
53.4861 	EXP 	fade_in_text: autoDraw = True
53.5027 	EXP 	fade_in_text: autoDraw = True
53.5194 	EXP 	fade_in_text: autoDraw = True
53.5361 	EXP 	fade_in_text: autoDraw = True
53.5528 	EXP 	fade_in_text: autoDraw = True
53.5694 	EXP 	fade_in_text: autoDraw = True
53.5861 	EXP 	fade_in_text: autoDraw = True
53.6027 	EXP 	fade_in_text: autoDraw = True
53.6194 	EXP 	fade_in_text: autoDraw = True
53.6361 	EXP 	fade_in_text: autoDraw = True
53.6528 	EXP 	fade_in_text: autoDraw = True
53.6694 	EXP 	fade_in_text: autoDraw = True
53.6861 	EXP 	fade_in_text: autoDraw = True
53.7028 	EXP 	fade_in_text: autoDraw = True
53.7194 	EXP 	fade_in_text: autoDraw = True
53.7361 	EXP 	fade_in_text: autoDraw = True
53.7528 	EXP 	fade_in_text: autoDraw = True
53.7694 	EXP 	fade_in_text: autoDraw = True
53.7861 	EXP 	fade_in_text: autoDraw = True
53.8028 	EXP 	fade_in_text: autoDraw = True
53.8194 	EXP 	fade_in_text: autoDraw = True
53.8361 	EXP 	fade_in_text: autoDraw = True
53.8528 	EXP 	fade_in_text: autoDraw = True
53.8695 	EXP 	fade_in_text: autoDraw = True
53.8861 	EXP 	fade_in_text: autoDraw = True
53.9028 	EXP 	fade_in_text: autoDraw = True
53.9194 	EXP 	fade_in_text: autoDraw = True
53.9361 	EXP 	fade_in_text: autoDraw = True
53.9528 	EXP 	fade_in_text: autoDraw = True
53.9695 	EXP 	fade_in_text: autoDraw = True
53.9861 	EXP 	fade_in_text: autoDraw = True
54.0028 	EXP 	fade_in_text: autoDraw = True
54.0195 	EXP 	fade_in_text: autoDraw = True
54.0361 	EXP 	fade_in_text: autoDraw = True
54.0528 	EXP 	fade_in_text: autoDraw = True
54.0695 	EXP 	fade_in_text: autoDraw = True
54.0861 	EXP 	fade_in_text: autoDraw = True
54.1028 	EXP 	fade_in_text: autoDraw = True
54.1195 	EXP 	fade_in_text: autoDraw = True
54.1361 	EXP 	fade_in_text: autoDraw = True
54.1528 	EXP 	fade_in_text: autoDraw = True
54.1695 	EXP 	fade_in_text: autoDraw = True
54.1861 	EXP 	fade_in_text: autoDraw = True
54.2028 	EXP 	fade_in_text: autoDraw = True
54.2195 	EXP 	fade_in_text: autoDraw = True
54.2361 	EXP 	fade_in_text: autoDraw = True
54.2528 	EXP 	fade_in_text: autoDraw = True
54.2695 	EXP 	fade_in_text: autoDraw = True
54.2861 	EXP 	fade_in_text: autoDraw = True
54.3028 	EXP 	fade_in_text: autoDraw = True
54.3195 	EXP 	fade_in_text: autoDraw = True
54.3361 	EXP 	fade_in_text: autoDraw = True
54.3528 	EXP 	fade_in_text: autoDraw = True
54.3694 	EXP 	fade_in_text: autoDraw = True
54.3861 	EXP 	fade_in_text: autoDraw = True
54.4028 	EXP 	fade_in_text: autoDraw = True
54.4195 	EXP 	fade_in_text: autoDraw = True
54.4361 	EXP 	fade_in_text: autoDraw = True
54.4528 	EXP 	fade_in_text: autoDraw = True
54.4695 	EXP 	fade_in_text: autoDraw = True
54.4861 	EXP 	fade_in_text: autoDraw = True
54.5028 	EXP 	fade_in_text: autoDraw = True
54.5195 	EXP 	fade_in_text: autoDraw = True
54.5362 	EXP 	fade_in_text: autoDraw = True
54.5528 	EXP 	fade_in_text: autoDraw = True
54.5694 	EXP 	fade_in_text: autoDraw = True
54.5863 	EXP 	fade_in_text: autoDraw = True
54.6028 	EXP 	fade_in_text: autoDraw = True
54.6195 	EXP 	fade_in_text: autoDraw = True
54.6361 	EXP 	fade_in_text: autoDraw = True
54.6529 	EXP 	fade_in_text: autoDraw = True
54.6694 	EXP 	fade_in_text: autoDraw = True
54.6862 	EXP 	fade_in_text: autoDraw = True
54.7028 	EXP 	fade_in_text: autoDraw = True
54.7195 	EXP 	fade_in_text: autoDraw = True
54.7362 	EXP 	fade_in_text: autoDraw = True
54.7529 	EXP 	fade_in_text: autoDraw = True
54.7694 	EXP 	fade_in_text: autoDraw = True
54.7862 	EXP 	fade_in_text: autoDraw = True
54.8028 	EXP 	fade_in_text: autoDraw = True
54.8195 	EXP 	fade_in_text: autoDraw = True
54.8362 	EXP 	fade_in_text: autoDraw = True
54.8529 	EXP 	fade_in_text: autoDraw = True
54.8694 	EXP 	fade_in_text: autoDraw = True
54.8862 	EXP 	fade_in_text: autoDraw = True
54.9028 	EXP 	fade_in_text: autoDraw = True
54.9195 	EXP 	fade_in_text: autoDraw = True
54.9362 	EXP 	fade_in_text: autoDraw = True
54.9527 	EXP 	fade_in_text: autoDraw = True
54.9694 	EXP 	fade_in_text: autoDraw = True
54.9862 	EXP 	fade_in_text: autoDraw = True
55.0028 	EXP 	fade_in_text: autoDraw = True
55.0195 	EXP 	fade_in_text: autoDraw = True
55.0362 	EXP 	fade_in_text: autoDraw = True
55.0528 	EXP 	fade_in_text: autoDraw = True
55.0694 	EXP 	fade_in_text: autoDraw = True
55.0862 	EXP 	fade_in_text: autoDraw = True
55.1028 	EXP 	fade_in_text: autoDraw = True
55.1195 	EXP 	fade_in_text: autoDraw = True
55.1362 	EXP 	fade_in_text: autoDraw = True
55.1527 	EXP 	fade_in_text: autoDraw = True
55.1695 	EXP 	fade_in_text: autoDraw = True
55.1862 	EXP 	fade_in_text: autoDraw = True
55.2028 	EXP 	fade_in_text: autoDraw = True
55.2195 	EXP 	fade_in_text: autoDraw = True
55.2363 	EXP 	fade_in_text: autoDraw = True
55.2528 	EXP 	fade_in_text: autoDraw = True
55.2695 	EXP 	fade_in_text: autoDraw = True
55.2862 	EXP 	fade_in_text: autoDraw = True
55.3029 	EXP 	fade_in_text: autoDraw = True
55.3195 	EXP 	fade_in_text: autoDraw = True
55.3363 	EXP 	fade_in_text: autoDraw = True
55.3528 	EXP 	fade_in_text: autoDraw = True
55.3695 	EXP 	fade_in_text: autoDraw = True
55.3862 	EXP 	fade_in_text: autoDraw = True
55.4029 	EXP 	fade_in_text: autoDraw = True
55.4195 	EXP 	fade_in_text: autoDraw = True
55.4363 	EXP 	fade_in_text: autoDraw = True
55.4528 	EXP 	fade_in_text: autoDraw = True
55.4695 	EXP 	fade_in_text: autoDraw = True
55.4862 	EXP 	fade_in_text: autoDraw = True
55.5029 	EXP 	fade_in_text: autoDraw = True
55.5195 	EXP 	fade_in_text: autoDraw = True
55.5363 	EXP 	fade_in_text: autoDraw = True
55.5528 	EXP 	fade_in_text: autoDraw = True
55.5695 	EXP 	fade_in_text: autoDraw = True
55.5862 	EXP 	fade_in_text: autoDraw = True
55.6029 	EXP 	fade_in_text: autoDraw = True
55.6195 	EXP 	fade_in_text: autoDraw = True
55.6361 	EXP 	fade_in_text: autoDraw = True
55.6528 	EXP 	fade_in_text: autoDraw = True
55.6695 	EXP 	fade_in_text: autoDraw = True
55.6862 	EXP 	fade_in_text: autoDraw = True
55.7029 	EXP 	fade_in_text: autoDraw = True
55.7195 	EXP 	fade_in_text: autoDraw = True
55.7362 	EXP 	fade_in_text: autoDraw = True
55.7528 	EXP 	fade_in_text: autoDraw = True
55.7695 	EXP 	fade_in_text: autoDraw = True
55.7862 	EXP 	fade_in_text: autoDraw = True
55.8029 	EXP 	fade_in_text: autoDraw = True
55.8196 	EXP 	fade_in_text: autoDraw = True
55.8361 	EXP 	fade_in_text: autoDraw = True
55.8528 	EXP 	fade_in_text: autoDraw = True
55.8695 	EXP 	fade_in_text: autoDraw = True
55.8862 	EXP 	fade_in_text: autoDraw = True
55.9029 	EXP 	fade_in_text: autoDraw = True
55.9195 	EXP 	fade_in_text: autoDraw = True
55.9361 	EXP 	fade_in_text: autoDraw = True
55.9529 	EXP 	fade_in_text: autoDraw = True
55.9695 	EXP 	fade_in_text: autoDraw = True
55.9862 	EXP 	fade_in_text: autoDraw = True
56.0029 	EXP 	fade_in_text: autoDraw = True
56.0196 	EXP 	fade_in_text: autoDraw = True
56.0361 	EXP 	fade_in_text: autoDraw = True
59.0698 	EXP 	fade_in_text: autoDraw = False
59.0698 	EXP 	RS_intro_title: autoDraw = True
59.0698 	EXP 	RS_intro_text: autoDraw = True
82.0877 	EXP 	RS_intro_title: autoDraw = False
82.0877 	EXP 	RS_intro_text: autoDraw = False
82.0877 	EXP 	RS_intro_title: autoDraw = False
82.0877 	EXP 	RS_intro_text: autoDraw = False
82.0877 	EXP 	RS_rec_text: text = 'Please keep relaxed and close your eyes.\n'
82.0877 	EXP 	RS_rec_text: autoDraw = True
262.0971 	EXP 	RS_rec_text: autoDraw = False
265.5140 	EXP 	RS_rec_text: autoDraw = False
265.5140 	EXP 	RS_intro_title: autoDraw = True
265.5140 	EXP 	RS_intro_text: autoDraw = True
288.5484 	EXP 	RS_intro_title: autoDraw = False
288.5484 	EXP 	RS_intro_text: autoDraw = False
288.5484 	EXP 	RS_intro_title: autoDraw = False
288.5484 	EXP 	RS_intro_text: autoDraw = False
288.5484 	EXP 	RS_rec_text: text = 'Please keep relaxed and open your eyes.\nNote: Blinking is allowed.'
288.5484 	EXP 	RS_rec_text: autoDraw = True
468.5579 	EXP 	RS_rec_text: autoDraw = False
471.9414 	EXP 	RS_rec_text: autoDraw = False
471.9414 	EXP 	Pause_cont: text = 'Press [space] key to continue.'
471.9414 	EXP 	Pause_cont: autoDraw = True
484.6976 	DATA 	Keypress: space
487.7755 	EXP 	Pause_cont: autoDraw = False
487.7755 	EXP 	QA_intro_title: autoDraw = True
487.7755 	EXP 	QA_intro_text: autoDraw = True
527.1607 	EXP 	QA_intro_cont: autoDraw = True
527.7813 	DATA 	Keypress: space
527.7941 	EXP 	QA_intro_title: autoDraw = False
527.7941 	EXP 	QA_intro_text: autoDraw = False
528.7980 	EXP 	Created sequence: random, trialTypes=1, nReps=2, seed=None
528.7987 	EXP 	New trial (rep=0, index=0): None
529.8019 	EXP 	Created sequence: random, trialTypes=1, nReps=25, seed=None
529.8028 	EXP 	New trial (rep=0, index=0): None
530.8619 	EXP 	QA_intro_title: autoDraw = False
530.8619 	EXP 	QA_intro_text: autoDraw = False
530.8619 	EXP 	QA_intro_cont: autoDraw = False
530.8619 	EXP 	QA_rec_text: autoDraw = True
548.8286 	EXP 	QA_rec_break: autoDraw = True
549.8288 	EXP 	QA_rec_break: autoDraw = False
550.8509 	EXP 	New trial (rep=1, index=0): None
551.9121 	EXP 	QA_rec_text: autoDraw = False
551.9121 	EXP 	QA_rec_break: autoDraw = False
551.9121 	EXP 	QA_rec_text: autoDraw = True
569.8797 	EXP 	QA_rec_break: autoDraw = True
570.8796 	EXP 	QA_rec_break: autoDraw = False
571.9013 	EXP 	New trial (rep=2, index=0): None
572.9464 	EXP 	QA_rec_text: autoDraw = False
572.9464 	EXP 	QA_rec_break: autoDraw = False
572.9464 	EXP 	QA_rec_text: autoDraw = True
590.9307 	EXP 	QA_rec_break: autoDraw = True
591.9307 	EXP 	QA_rec_break: autoDraw = False
592.9359 	EXP 	New trial (rep=3, index=0): None
593.9814 	EXP 	QA_rec_text: autoDraw = False
593.9814 	EXP 	QA_rec_break: autoDraw = False
593.9814 	EXP 	QA_rec_text: autoDraw = True
611.9653 	EXP 	QA_rec_break: autoDraw = True
612.9654 	EXP 	QA_rec_break: autoDraw = False
613.9704 	EXP 	New trial (rep=4, index=0): None
615.0326 	EXP 	QA_rec_text: autoDraw = False
615.0326 	EXP 	QA_rec_break: autoDraw = False
615.0326 	EXP 	QA_rec_text: autoDraw = True
633.0161 	EXP 	QA_rec_break: autoDraw = True
634.0163 	EXP 	QA_rec_break: autoDraw = False
635.0210 	EXP 	New trial (rep=5, index=0): None
636.0831 	EXP 	QA_rec_text: autoDraw = False
636.0831 	EXP 	QA_rec_break: autoDraw = False
636.0831 	EXP 	QA_rec_text: autoDraw = True
654.0507 	EXP 	QA_rec_break: autoDraw = True
655.0506 	EXP 	QA_rec_break: autoDraw = False
656.0722 	EXP 	New trial (rep=6, index=0): None
657.1347 	EXP 	QA_rec_text: autoDraw = False
657.1347 	EXP 	QA_rec_break: autoDraw = False
657.1347 	EXP 	QA_rec_text: autoDraw = True
675.1017 	EXP 	QA_rec_break: autoDraw = True
676.1018 	EXP 	QA_rec_break: autoDraw = False
677.1076 	EXP 	New trial (rep=7, index=0): None
678.1691 	EXP 	QA_rec_text: autoDraw = False
678.1691 	EXP 	QA_rec_break: autoDraw = False
678.1691 	EXP 	QA_rec_text: autoDraw = True
696.1528 	EXP 	QA_rec_break: autoDraw = True
697.1529 	EXP 	QA_rec_break: autoDraw = False
698.1583 	EXP 	New trial (rep=8, index=0): None
699.2197 	EXP 	QA_rec_text: autoDraw = False
699.2197 	EXP 	QA_rec_break: autoDraw = False
699.2197 	EXP 	QA_rec_text: autoDraw = True
717.1876 	EXP 	QA_rec_break: autoDraw = True
718.1875 	EXP 	QA_rec_break: autoDraw = False
719.1923 	EXP 	New trial (rep=9, index=0): None
720.2548 	EXP 	QA_rec_text: autoDraw = False
720.2548 	EXP 	QA_rec_break: autoDraw = False
720.2548 	EXP 	QA_rec_text: autoDraw = True
738.2386 	EXP 	QA_rec_break: autoDraw = True
739.2386 	EXP 	QA_rec_break: autoDraw = False
740.2438 	EXP 	New trial (rep=10, index=0): None
741.3055 	EXP 	QA_rec_text: autoDraw = False
741.3055 	EXP 	QA_rec_break: autoDraw = False
741.3055 	EXP 	QA_rec_text: autoDraw = True
759.2563 	EXP 	QA_rec_break: autoDraw = True
760.2564 	EXP 	QA_rec_break: autoDraw = False
761.2946 	EXP 	New trial (rep=11, index=0): None
762.3578 	EXP 	QA_rec_text: autoDraw = False
762.3578 	EXP 	QA_rec_break: autoDraw = False
762.3578 	EXP 	QA_rec_text: autoDraw = True
780.3405 	EXP 	QA_rec_break: autoDraw = True
782.3457 	EXP 	New trial (rep=12, index=0): None
783.3917 	EXP 	QA_rec_text: autoDraw = False
783.3917 	EXP 	QA_rec_break: autoDraw = False
783.3917 	EXP 	QA_rec_text: autoDraw = True
801.3916 	EXP 	QA_rec_break: autoDraw = True
803.3966 	EXP 	New trial (rep=13, index=0): None
804.4424 	EXP 	QA_rec_text: autoDraw = False
804.4424 	EXP 	QA_rec_break: autoDraw = False
804.4424 	EXP 	QA_rec_text: autoDraw = True
822.4427 	EXP 	QA_rec_break: autoDraw = True
824.4473 	EXP 	New trial (rep=14, index=0): None
825.5096 	EXP 	QA_rec_text: autoDraw = False
825.5096 	EXP 	QA_rec_break: autoDraw = False
825.5096 	EXP 	QA_rec_text: autoDraw = True
843.5105 	EXP 	QA_rec_break: autoDraw = True
845.4822 	EXP 	New trial (rep=15, index=0): None
846.5273 	EXP 	QA_rec_text: autoDraw = False
846.5273 	EXP 	QA_rec_break: autoDraw = False
846.5273 	EXP 	QA_rec_text: autoDraw = True
864.5283 	EXP 	QA_rec_break: autoDraw = True
866.5329 	EXP 	New trial (rep=16, index=0): None
867.5618 	EXP 	QA_rec_text: autoDraw = False
867.5618 	EXP 	QA_rec_break: autoDraw = False
867.5618 	EXP 	QA_rec_text: autoDraw = True
885.5627 	EXP 	QA_rec_break: autoDraw = True
887.5670 	EXP 	New trial (rep=17, index=0): None
888.6140 	EXP 	QA_rec_text: autoDraw = False
888.6140 	EXP 	QA_rec_break: autoDraw = False
888.6140 	EXP 	QA_rec_text: autoDraw = True
906.6137 	EXP 	QA_rec_break: autoDraw = True
908.6192 	EXP 	New trial (rep=18, index=0): None
909.6645 	EXP 	QA_rec_text: autoDraw = False
909.6645 	EXP 	QA_rec_break: autoDraw = False
909.6645 	EXP 	QA_rec_text: autoDraw = True
927.6649 	EXP 	QA_rec_break: autoDraw = True
929.6700 	EXP 	New trial (rep=19, index=0): None
930.7151 	EXP 	QA_rec_text: autoDraw = False
930.7151 	EXP 	QA_rec_break: autoDraw = False
930.7151 	EXP 	QA_rec_text: autoDraw = True
948.7160 	EXP 	QA_rec_break: autoDraw = True
950.7204 	EXP 	New trial (rep=20, index=0): None
951.7662 	EXP 	QA_rec_text: autoDraw = False
951.7662 	EXP 	QA_rec_break: autoDraw = False
951.7662 	EXP 	QA_rec_text: autoDraw = True
969.7671 	EXP 	QA_rec_break: autoDraw = True
971.7386 	EXP 	New trial (rep=21, index=0): None
972.7845 	EXP 	QA_rec_text: autoDraw = False
972.7845 	EXP 	QA_rec_break: autoDraw = False
972.7845 	EXP 	QA_rec_text: autoDraw = True
990.7847 	EXP 	QA_rec_break: autoDraw = True
992.7886 	EXP 	New trial (rep=22, index=0): None
993.8352 	EXP 	QA_rec_text: autoDraw = False
993.8352 	EXP 	QA_rec_break: autoDraw = False
993.8352 	EXP 	QA_rec_text: autoDraw = True
1011.8025 	EXP 	QA_rec_break: autoDraw = True
1013.8071 	EXP 	New trial (rep=23, index=0): None
1014.8697 	EXP 	QA_rec_text: autoDraw = False
1014.8697 	EXP 	QA_rec_break: autoDraw = False
1014.8697 	EXP 	QA_rec_text: autoDraw = True
1032.8703 	EXP 	QA_rec_break: autoDraw = True
1034.8416 	EXP 	New trial (rep=24, index=0): None
1035.8876 	EXP 	QA_rec_text: autoDraw = False
1035.8876 	EXP 	QA_rec_break: autoDraw = False
1035.8876 	EXP 	QA_rec_text: autoDraw = True
1053.8881 	EXP 	QA_rec_break: autoDraw = True
1057.9383 	EXP 	QA_rec_text: autoDraw = False
1057.9383 	EXP 	QA_rec_break: autoDraw = False
1057.9383 	EXP 	Pause_cont: text = 'Press [space] key to continue.'
1057.9383 	EXP 	Pause_cont: autoDraw = True
1072.9060 	DATA 	Keypress: space
1073.9756 	EXP 	New trial (rep=1, index=0): None
1074.9796 	EXP 	Created sequence: random, trialTypes=1, nReps=25, seed=None
1074.9806 	EXP 	New trial (rep=0, index=0): None
1076.0397 	EXP 	Pause_cont: autoDraw = False
1076.0397 	EXP 	QA_rec_text: autoDraw = True
1094.0068 	EXP 	QA_rec_break: autoDraw = True
1096.0119 	EXP 	New trial (rep=1, index=0): None
1097.0572 	EXP 	QA_rec_text: autoDraw = False
1097.0572 	EXP 	QA_rec_break: autoDraw = False
1097.0572 	EXP 	QA_rec_text: autoDraw = True
1115.0579 	EXP 	QA_rec_break: autoDraw = True
1117.0625 	EXP 	New trial (rep=2, index=0): None
1118.1096 	EXP 	QA_rec_text: autoDraw = False
1118.1096 	EXP 	QA_rec_break: autoDraw = False
1118.1096 	EXP 	QA_rec_text: autoDraw = True
1136.1090 	EXP 	QA_rec_break: autoDraw = True
1138.1138 	EXP 	New trial (rep=3, index=0): None
1139.1594 	EXP 	QA_rec_text: autoDraw = False
1139.1594 	EXP 	QA_rec_break: autoDraw = False
1139.1594 	EXP 	QA_rec_text: autoDraw = True
1157.1601 	EXP 	QA_rec_break: autoDraw = True
1159.1321 	EXP 	New trial (rep=4, index=0): None
1160.1936 	EXP 	QA_rec_text: autoDraw = False
1160.1936 	EXP 	QA_rec_break: autoDraw = False
1160.1936 	EXP 	QA_rec_text: autoDraw = True
1178.1612 	EXP 	QA_rec_break: autoDraw = True
1180.1657 	EXP 	New trial (rep=5, index=0): None
1181.2287 	EXP 	QA_rec_text: autoDraw = False
1181.2287 	EXP 	QA_rec_break: autoDraw = False
1181.2287 	EXP 	QA_rec_text: autoDraw = True
1199.2292 	EXP 	QA_rec_break: autoDraw = True
1201.2004 	EXP 	New trial (rep=6, index=0): None
1202.2465 	EXP 	QA_rec_text: autoDraw = False
1202.2465 	EXP 	QA_rec_break: autoDraw = False
1202.2465 	EXP 	QA_rec_text: autoDraw = True
1220.2467 	EXP 	QA_rec_break: autoDraw = True
1222.2177 	EXP 	New trial (rep=7, index=0): None
1223.2808 	EXP 	QA_rec_text: autoDraw = False
1223.2808 	EXP 	QA_rec_break: autoDraw = False
1223.2808 	EXP 	QA_rec_text: autoDraw = True
1241.2645 	EXP 	QA_rec_break: autoDraw = True
1243.2690 	EXP 	New trial (rep=8, index=0): None
1244.3154 	EXP 	QA_rec_text: autoDraw = False
1244.3154 	EXP 	QA_rec_break: autoDraw = False
1244.3154 	EXP 	QA_rec_text: autoDraw = True
1262.3155 	EXP 	QA_rec_break: autoDraw = True
1264.2908 	EXP 	New trial (rep=9, index=0): None
1265.3334 	EXP 	QA_rec_text: autoDraw = False
1265.3334 	EXP 	QA_rec_break: autoDraw = False
1265.3334 	EXP 	QA_rec_text: autoDraw = True
1283.3333 	EXP 	QA_rec_break: autoDraw = True
1285.3388 	EXP 	New trial (rep=10, index=0): None
1286.3835 	EXP 	QA_rec_text: autoDraw = False
1286.3835 	EXP 	QA_rec_break: autoDraw = False
1286.3835 	EXP 	QA_rec_text: autoDraw = True
1304.3844 	EXP 	QA_rec_break: autoDraw = True
1306.3556 	EXP 	New trial (rep=11, index=0): None
1307.4028 	EXP 	QA_rec_text: autoDraw = False
1307.4028 	EXP 	QA_rec_break: autoDraw = False
1307.4028 	EXP 	QA_rec_text: autoDraw = True
1325.4021 	EXP 	QA_rec_break: autoDraw = True
1327.4068 	EXP 	New trial (rep=12, index=0): None
1328.4532 	EXP 	QA_rec_text: autoDraw = False
1328.4532 	EXP 	QA_rec_break: autoDraw = False
1328.4532 	EXP 	QA_rec_text: autoDraw = True
1346.4532 	EXP 	QA_rec_break: autoDraw = True
1348.4596 	EXP 	New trial (rep=13, index=0): None
1349.5051 	EXP 	QA_rec_text: autoDraw = False
1349.5051 	EXP 	QA_rec_break: autoDraw = False
1349.5051 	EXP 	QA_rec_text: autoDraw = True
1367.5043 	EXP 	QA_rec_break: autoDraw = True
1369.4748 	EXP 	New trial (rep=14, index=0): None
1370.5212 	EXP 	QA_rec_text: autoDraw = False
1370.5212 	EXP 	QA_rec_break: autoDraw = False
1370.5212 	EXP 	QA_rec_text: autoDraw = True
1388.5222 	EXP 	QA_rec_break: autoDraw = True
1390.4946 	EXP 	New trial (rep=15, index=0): None
1391.5562 	EXP 	QA_rec_text: autoDraw = False
1391.5562 	EXP 	QA_rec_break: autoDraw = False
1391.5562 	EXP 	QA_rec_text: autoDraw = True
1409.5232 	EXP 	QA_rec_break: autoDraw = True
1411.5278 	EXP 	New trial (rep=16, index=0): None
1412.5734 	EXP 	QA_rec_text: autoDraw = False
1412.5734 	EXP 	QA_rec_break: autoDraw = False
1412.5734 	EXP 	QA_rec_text: autoDraw = True
1430.5410 	EXP 	QA_rec_break: autoDraw = True
1432.5500 	EXP 	New trial (rep=17, index=0): None
1433.6084 	EXP 	QA_rec_text: autoDraw = False
1433.6084 	EXP 	QA_rec_break: autoDraw = False
1433.6084 	EXP 	QA_rec_text: autoDraw = True
1451.6087 	EXP 	QA_rec_break: autoDraw = True
1453.5801 	EXP 	New trial (rep=18, index=0): None
1454.6258 	EXP 	QA_rec_text: autoDraw = False
1454.6258 	EXP 	QA_rec_break: autoDraw = False
1454.6258 	EXP 	QA_rec_text: autoDraw = True
1472.6098 	EXP 	QA_rec_break: autoDraw = True
1474.6144 	EXP 	New trial (rep=19, index=0): None
1475.6614 	EXP 	QA_rec_text: autoDraw = False
1475.6614 	EXP 	QA_rec_break: autoDraw = False
1475.6614 	EXP 	QA_rec_text: autoDraw = True
1493.6608 	EXP 	QA_rec_break: autoDraw = True
1495.6654 	EXP 	New trial (rep=20, index=0): None
1496.7283 	EXP 	QA_rec_text: autoDraw = False
1496.7283 	EXP 	QA_rec_break: autoDraw = False
1496.7283 	EXP 	QA_rec_text: autoDraw = True
1514.7286 	EXP 	QA_rec_break: autoDraw = True
1516.6997 	EXP 	New trial (rep=21, index=0): None
1517.7628 	EXP 	QA_rec_text: autoDraw = False
1517.7628 	EXP 	QA_rec_break: autoDraw = False
1517.7628 	EXP 	QA_rec_text: autoDraw = True
1535.7631 	EXP 	QA_rec_break: autoDraw = True
1537.7351 	EXP 	New trial (rep=22, index=0): None
1538.7973 	EXP 	QA_rec_text: autoDraw = False
1538.7973 	EXP 	QA_rec_break: autoDraw = False
1538.7973 	EXP 	QA_rec_text: autoDraw = True
1556.7642 	EXP 	QA_rec_break: autoDraw = True
1558.7688 	EXP 	New trial (rep=23, index=0): None
1559.8317 	EXP 	QA_rec_text: autoDraw = False
1559.8317 	EXP 	QA_rec_break: autoDraw = False
1559.8317 	EXP 	QA_rec_text: autoDraw = True
1577.8319 	EXP 	QA_rec_break: autoDraw = True
1579.8030 	EXP 	New trial (rep=24, index=0): None
1580.8659 	EXP 	QA_rec_text: autoDraw = False
1580.8659 	EXP 	QA_rec_break: autoDraw = False
1580.8659 	EXP 	QA_rec_text: autoDraw = True
1598.8330 	EXP 	QA_rec_break: autoDraw = True
1602.8832 	EXP 	QA_rec_text: autoDraw = False
1602.8832 	EXP 	QA_rec_break: autoDraw = False
1602.8832 	EXP 	Pause_cont: text = 'Press [space] key to continue.'
1602.8832 	EXP 	Pause_cont: autoDraw = True
1615.5315 	EXP 	window1: mouseVisible = True
