20.0842 	EXP 	Created instruction_text = TextStim(__class__=<class 'psychopy.visual.text.TextStim'>, alignHoriz='center', alignVert='center', antialias=True, autoLog=True, bold=False, color=array([1., 1., 1.]), colorSpace='rgb', contrast=1.0, depth=-0.0, flipHoriz=False, flipVert=False, font='Arial', fontFiles=[], height=0.06, italic=False, languageStyle='LTR', name='instruction_text', opacity=1.0, ori=0.0, pos=array([0.5, 0.1]), rgb=array([1., 1., 1.]), text=str(...), units='norm', win=Window(...), wrapWidth=1)
20.3484 	EXP 	Created instruction_cont = TextStim(__class__=<class 'psychopy.visual.text.TextStim'>, alignHoriz='center', alignVert='center', antialias=True, autoLog=True, bold=False, color=array([1., 1., 1.]), colorSpace='rgb', contrast=1.0, depth=-3.0, flipHoriz=False, flipVert=False, font='Arial', fontFiles=[], height=0.06, italic=False, languageStyle='LTR', name='instruction_cont', opacity=1.0, ori=0.0, pos=array([ 0.5, -0.4]), rgb=array([1., 1., 1.]), text='          Press [space] key to continue.', units='norm', win=Window(...), wrapWidth=1)
20.3506 	EXP 	Created Artifact_intro_title = TextStim(__class__=<class 'psychopy.visual.text.TextStim'>, alignHoriz='center', alignVert='center', antialias=True, autoLog=True, bold=False, color=array([1., 1., 1.]), colorSpace='rgb', contrast=1.0, depth=-0.0, flipHoriz=False, flipVert=False, font='Arial', fontFiles=[], height=0.06, italic=False, languageStyle='LTR', name='Artifact_intro_title', opacity=1.0, ori=0.0, pos=array([0.5, 0.4]), rgb=array([1., 1., 1.]), text='Muscular signal recording', units='norm', win=Window(...), wrapWidth=1)
20.3547 	EXP 	Created Artifact_intro_text = TextStim(__class__=<class 'psychopy.visual.text.TextStim'>, alignHoriz='center', alignVert='center', antialias=True, autoLog=True, bold=False, color=array([1., 1., 1.]), colorSpace='rgb', contrast=1.0, depth=-1.0, flipHoriz=False, flipVert=False, font='Arial', fontFiles=[], height=0.06, italic=False, languageStyle='LTR', name='Artifact_intro_text', opacity=1.0, ori=0.0, pos=array([0.5, 0. ]), rgb=array([1., 1., 1.]), text=str(...), units='norm', win=Window(...), wrapWidth=1)
20.3620 	EXP 	Created Artifact_intro_cont = TextStim(__class__=<class 'psychopy.visual.text.TextStim'>, alignHoriz='center', alignVert='center', antialias=True, autoLog=True, bold=False, color=array([1., 1., 1.]), colorSpace='rgb', contrast=1.0, depth=-4.0, flipHoriz=False, flipVert=False, font='Arial', fontFiles=[], height=0.06, italic=False, languageStyle='LTR', name='Artifact_intro_cont', opacity=1.0, ori=0.0, pos=array([0.5, 0. ]), rgb=array([1., 1., 1.]), text='          Press [space] key to continue.', units='norm', win=Window(...), wrapWidth=1)
20.3624 	EXP 	Created Artifact_rec_text = TextStim(__class__=<class 'psychopy.visual.text.TextStim'>, alignHoriz='center', alignVert='center', antialias=True, autoLog=True, bold=False, color=array([1., 1., 1.]), colorSpace='rgb', contrast=1.0, depth=-0.0, flipHoriz=False, flipVert=False, font='Arial', fontFiles=[], height=0.06, italic=False, languageStyle='LTR', name='Artifact_rec_text', opacity=1.0, ori=0.0, pos=array([0.5, 0.4]), rgb=array([1., 1., 1.]), text='', units='norm', win=Window(...), wrapWidth=1)
20.3639 	EXP 	Created Artifact_rec_recording = TextStim(__class__=<class 'psychopy.visual.text.TextStim'>, alignHoriz='center', alignVert='center', antialias=True, autoLog=True, bold=False, color=array([1., 1., 1.]), colorSpace='rgb', contrast=1.0, depth=-4.0, flipHoriz=False, flipVert=False, font='Arial', fontFiles=[], height=0.06, italic=False, languageStyle='LTR', name='Artifact_rec_recording', opacity=1.0, ori=0.0, pos=array([ 0.5, -0.4]), rgb=array([1., 1., 1.]), text='', units='norm', win=Window(...), wrapWidth=1)
20.3661 	EXP 	Created Artifact_rec_break = TextStim(__class__=<class 'psychopy.visual.text.TextStim'>, alignHoriz='center', alignVert='center', antialias=True, autoLog=True, bold=False, color=array([1., 1., 1.]), colorSpace='rgb', contrast=1.0, depth=-6.0, flipHoriz=False, flipVert=False, font='Arial', fontFiles=[], height=0.06, italic=False, languageStyle='LTR', name='Artifact_rec_break', opacity=1.0, ori=0.0, pos=array([ 0.5, -0.4]), rgb=array([1., 1., 1.]), text='Short break', units='norm', win=Window(...), wrapWidth=1)
20.3702 	EXP 	Created Cali_de_pre_intro_title = TextStim(__class__=<class 'psychopy.visual.text.TextStim'>, alignHoriz='center', alignVert='center', antialias=True, autoLog=True, bold=False, color=array([1., 1., 1.]), colorSpace='rgb', contrast=1.0, depth=-0.0, flipHoriz=False, flipVert=False, font='Arial', fontFiles=[], height=0.06, italic=False, languageStyle='LTR', name='Cali_de_pre_intro_title', opacity=1.0, ori=0.0, pos=array([0.5, 0.4]), rgb=array([1., 1., 1.]), text='READ OUT BLOCK (GERMAN)', units='norm', win=Window(...), wrapWidth=1)
20.3775 	EXP 	Created Cali_de_pre_intro_text = TextStim(__class__=<class 'psychopy.visual.text.TextStim'>, alignHoriz='center', alignVert='center', antialias=True, autoLog=True, bold=False, color=array([1., 1., 1.]), colorSpace='rgb', contrast=1.0, depth=-1.0, flipHoriz=False, flipVert=False, font='Arial', fontFiles=[], height=0.06, italic=False, languageStyle='LTR', name='Cali_de_pre_intro_text', opacity=1.0, ori=0.0, pos=array([0.5, 0. ]), rgb=array([1., 1., 1.]), text=str(...), units='norm', win=Window(...), wrapWidth=1)
20.3823 	EXP 	Created Cali_de_pre_intro_cont = TextStim(__class__=<class 'psychopy.visual.text.TextStim'>, alignHoriz='center', alignVert='center', antialias=True, autoLog=True, bold=False, color=array([1., 1., 1.]), colorSpace='rgb', contrast=1.0, depth=-4.0, flipHoriz=False, flipVert=False, font='Arial', fontFiles=[], height=0.06, italic=False, languageStyle='LTR', name='Cali_de_pre_intro_cont', opacity=1.0, ori=0.0, pos=array([0.5, 0. ]), rgb=array([1., 1., 1.]), text='          Press [space] key to continue.', units='norm', win=Window(...), wrapWidth=1)
20.3827 	EXP 	Created Cali_de_pre_rec_text = TextStim(__class__=<class 'psychopy.visual.text.TextStim'>, alignHoriz='center', alignVert='center', antialias=True, autoLog=True, bold=False, color=array([1., 1., 1.]), colorSpace='rgb', contrast=1.0, depth=-0.0, flipHoriz=False, flipVert=False, font='Arial', fontFiles=[], height=0.06, italic=False, languageStyle='LTR', name='Cali_de_pre_rec_text', opacity=1.0, ori=0.0, pos=array([0.5, 0.4]), rgb=array([1., 1., 1.]), text='', units='norm', win=Window(...), wrapWidth=1)
20.3836 	EXP 	Created Cali_de_pre_rec_question_text = TextStim(__class__=<class 'psychopy.visual.text.TextStim'>, alignHoriz='center', alignVert='center', antialias=True, autoLog=True, bold=False, color=array([1., 1., 1.]), colorSpace='rgb', contrast=1.0, depth=-2.0, flipHoriz=False, flipVert=False, font='Arial', fontFiles=[], height=0.06, italic=False, languageStyle='LTR', name='Cali_de_pre_rec_question_text', opacity=1.0, ori=0.0, pos=array([0.5, 0. ]), rgb=array([1., 1., 1.]), text='', units='norm', win=Window(...), wrapWidth=1)
20.3857 	EXP 	Created Cali_de_pre_rec_break = TextStim(__class__=<class 'psychopy.visual.text.TextStim'>, alignHoriz='center', alignVert='center', antialias=True, autoLog=True, bold=False, color=array([1., 1., 1.]), colorSpace='rgb', contrast=1.0, depth=-6.0, flipHoriz=False, flipVert=False, font='Arial', fontFiles=[], height=0.06, italic=False, languageStyle='LTR', name='Cali_de_pre_rec_break', opacity=1.0, ori=0.0, pos=array([ 0.5, -0.4]), rgb=array([1., 1., 1.]), text='Short break', units='norm', win=Window(...), wrapWidth=1)
20.3861 	EXP 	Created fade_in_text = TextStim(__class__=<class 'psychopy.visual.text.TextStim'>, alignHoriz='center', alignVert='center', antialias=True, autoLog=True, bold=False, color=array([1., 1., 1.]), colorSpace='rgb', contrast=1.0, depth=-0.0, flipHoriz=False, flipVert=False, font='Arial', fontFiles=[], height=0.06, italic=False, languageStyle='LTR', name='fade_in_text', opacity=1.0, ori=0.0, pos=array([0.5, 0.4]), rgb=array([1., 1., 1.]), text='', units='norm', win=Window(...), wrapWidth=1)
20.3880 	EXP 	Created RS_intro_title = TextStim(__class__=<class 'psychopy.visual.text.TextStim'>, alignHoriz='center', alignVert='center', antialias=True, autoLog=True, bold=False, color=array([1., 1., 1.]), colorSpace='rgb', contrast=1.0, depth=-0.0, flipHoriz=False, flipVert=False, font='Arial', fontFiles=[], height=0.06, italic=False, languageStyle='LTR', name='RS_intro_title', opacity=1.0, ori=0.0, pos=array([0.5, 0.4]), rgb=array([1., 1., 1.]), text='REST STATE BLOCK', units='norm', win=Window(...), wrapWidth=1)
20.3954 	EXP 	Created RS_intro_text = TextStim(__class__=<class 'psychopy.visual.text.TextStim'>, alignHoriz='center', alignVert='center', antialias=True, autoLog=True, bold=False, color=array([1., 1., 1.]), colorSpace='rgb', contrast=1.0, depth=-1.0, flipHoriz=False, flipVert=False, font='Arial', fontFiles=[], height=0.06, italic=False, languageStyle='LTR', name='RS_intro_text', opacity=1.0, ori=0.0, pos=array([0.5, 0. ]), rgb=array([1., 1., 1.]), text=str(...), units='norm', win=Window(...), wrapWidth=1)
20.4005 	EXP 	Created RS_rec_text = TextStim(__class__=<class 'psychopy.visual.text.TextStim'>, alignHoriz='center', alignVert='center', antialias=True, autoLog=True, bold=False, color=array([1., 1., 1.]), colorSpace='rgb', contrast=1.0, depth=-0.0, flipHoriz=False, flipVert=False, font='Arial', fontFiles=[], height=0.06, italic=False, languageStyle='LTR', name='RS_rec_text', opacity=1.0, ori=0.0, pos=array([0.5, 0. ]), rgb=array([1., 1., 1.]), text=str(...), units='norm', win=Window(...), wrapWidth=1)
20.4027 	EXP 	Created QA_intro_title = TextStim(__class__=<class 'psychopy.visual.text.TextStim'>, alignHoriz='center', alignVert='center', antialias=True, autoLog=True, bold=False, color=array([1., 1., 1.]), colorSpace='rgb', contrast=1.0, depth=-0.0, flipHoriz=False, flipVert=False, font='Arial', fontFiles=[], height=0.06, italic=False, languageStyle='LTR', name='QA_intro_title', opacity=1.0, ori=0.0, pos=array([0.5, 0.5]), rgb=array([1., 1., 1.]), text='Q&A BLOCK', units='norm', win=Window(...), wrapWidth=1)
20.4118 	EXP 	Created QA_intro_text = TextStim(__class__=<class 'psychopy.visual.text.TextStim'>, alignHoriz='center', alignVert='center', antialias=True, autoLog=True, bold=False, color=array([1., 1., 1.]), colorSpace='rgb', contrast=1.0, depth=-1.0, flipHoriz=False, flipVert=False, font='Arial', fontFiles=[], height=0.06, italic=False, languageStyle='LTR', name='QA_intro_text', opacity=1.0, ori=0.0, pos=array([0.5, 0. ]), rgb=array([1., 1., 1.]), text=str(...), units='norm', win=Window(...), wrapWidth=1)
20.4161 	EXP 	Created QA_intro_cont = TextStim(__class__=<class 'psychopy.visual.text.TextStim'>, alignHoriz='center', alignVert='center', antialias=True, autoLog=True, bold=False, color=array([1., 1., 1.]), colorSpace='rgb', contrast=1.0, depth=-4.0, flipHoriz=False, flipVert=False, font='Arial', fontFiles=[], height=0.06, italic=False, languageStyle='LTR', name='QA_intro_cont', opacity=1.0, ori=0.0, pos=array([0.5, 0. ]), rgb=array([1., 1., 1.]), text='          Press [space] key to continue.', units='norm', win=Window(...), wrapWidth=1)
20.4190 	EXP 	Created QA_rec_text = TextStim(__class__=<class 'psychopy.visual.text.TextStim'>, alignHoriz='center', alignVert='center', antialias=True, autoLog=True, bold=False, color=array([1., 1., 1.]), colorSpace='rgb', contrast=1.0, depth=-0.0, flipHoriz=False, flipVert=False, font='Arial', fontFiles=[], height=0.06, italic=False, languageStyle='LTR', name='QA_rec_text', opacity=1.0, ori=0.0, pos=array([0.5, 0. ]), rgb=array([1., 1., 1.]), text=str(...), units='norm', win=Window(...), wrapWidth=1)
20.4228 	EXP 	Created QA_rec_break = TextStim(__class__=<class 'psychopy.visual.text.TextStim'>, alignHoriz='center', alignVert='center', antialias=True, autoLog=True, bold=False, color=array([1., 1., 1.]), colorSpace='rgb', contrast=1.0, depth=-6.0, flipHoriz=False, flipVert=False, font='Arial', fontFiles=[], height=0.06, italic=False, languageStyle='LTR', name='QA_rec_break', opacity=1.0, ori=0.0, pos=array([ 0.5, -0.4]), rgb=array([1., 1., 1.]), text='Short break', units='norm', win=Window(...), wrapWidth=1)
20.4270 	EXP 	Created Pause_cont = TextStim(__class__=<class 'psychopy.visual.text.TextStim'>, alignHoriz='center', alignVert='center', antialias=True, autoLog=True, bold=False, color=array([1., 1., 1.]), colorSpace='rgb', contrast=1.0, depth=-2.0, flipHoriz=False, flipVert=False, font='Arial', fontFiles=[], height=0.06, italic=False, languageStyle='LTR', name='Pause_cont', opacity=1.0, ori=0.0, pos=array([0.5, 0. ]), rgb=array([1., 1., 1.]), text=str(...), units='norm', win=Window(...), wrapWidth=1)
20.4291 	EXP 	Created Cali_de_post_intro_title = TextStim(__class__=<class 'psychopy.visual.text.TextStim'>, alignHoriz='center', alignVert='center', antialias=True, autoLog=True, bold=False, color=array([1., 1., 1.]), colorSpace='rgb', contrast=1.0, depth=-0.0, flipHoriz=False, flipVert=False, font='Arial', fontFiles=[], height=0.06, italic=False, languageStyle='LTR', name='Cali_de_post_intro_title', opacity=1.0, ori=0.0, pos=array([0.5, 0.4]), rgb=array([1., 1., 1.]), text='READ OUT BLOCK (GERMAN)', units='norm', win=Window(...), wrapWidth=1)
20.4934 	EXP 	Created Cali_de_post_intro_text = TextStim(__class__=<class 'psychopy.visual.text.TextStim'>, alignHoriz='center', alignVert='center', antialias=True, autoLog=True, bold=False, color=array([1., 1., 1.]), colorSpace='rgb', contrast=1.0, depth=-1.0, flipHoriz=False, flipVert=False, font='Arial', fontFiles=[], height=0.06, italic=False, languageStyle='LTR', name='Cali_de_post_intro_text', opacity=1.0, ori=0.0, pos=array([0.5, 0. ]), rgb=array([1., 1., 1.]), text=str(...), units='norm', win=Window(...), wrapWidth=1)
20.4985 	EXP 	Created Cali_de_post_intro_cont = TextStim(__class__=<class 'psychopy.visual.text.TextStim'>, alignHoriz='center', alignVert='center', antialias=True, autoLog=True, bold=False, color=array([1., 1., 1.]), colorSpace='rgb', contrast=1.0, depth=-4.0, flipHoriz=False, flipVert=False, font='Arial', fontFiles=[], height=0.06, italic=False, languageStyle='LTR', name='Cali_de_post_intro_cont', opacity=1.0, ori=0.0, pos=array([0.5, 0. ]), rgb=array([1., 1., 1.]), text='          Press [space] key to continue.', units='norm', win=Window(...), wrapWidth=1)
20.4990 	EXP 	Created Cali_de_post_rec_text = TextStim(__class__=<class 'psychopy.visual.text.TextStim'>, alignHoriz='center', alignVert='center', antialias=True, autoLog=True, bold=False, color=array([1., 1., 1.]), colorSpace='rgb', contrast=1.0, depth=-0.0, flipHoriz=False, flipVert=False, font='Arial', fontFiles=[], height=0.06, italic=False, languageStyle='LTR', name='Cali_de_post_rec_text', opacity=1.0, ori=0.0, pos=array([0.5, 0.4]), rgb=array([1., 1., 1.]), text='', units='norm', win=Window(...), wrapWidth=1)
20.4998 	EXP 	Created Cali_de_post_rec_question_text = TextStim(__class__=<class 'psychopy.visual.text.TextStim'>, alignHoriz='center', alignVert='center', antialias=True, autoLog=True, bold=False, color=array([1., 1., 1.]), colorSpace='rgb', contrast=1.0, depth=-2.0, flipHoriz=False, flipVert=False, font='Arial', fontFiles=[], height=0.06, italic=False, languageStyle='LTR', name='Cali_de_post_rec_question_text', opacity=1.0, ori=0.0, pos=array([0.5, 0. ]), rgb=array([1., 1., 1.]), text='', units='norm', win=Window(...), wrapWidth=1)
20.5019 	EXP 	Created Cali_de_post_rec_break = TextStim(__class__=<class 'psychopy.visual.text.TextStim'>, alignHoriz='center', alignVert='center', antialias=True, autoLog=True, bold=False, color=array([1., 1., 1.]), colorSpace='rgb', contrast=1.0, depth=-6.0, flipHoriz=False, flipVert=False, font='Arial', fontFiles=[], height=0.06, italic=False, languageStyle='LTR', name='Cali_de_post_rec_break', opacity=1.0, ori=0.0, pos=array([ 0.5, -0.4]), rgb=array([1., 1., 1.]), text='Short break', units='norm', win=Window(...), wrapWidth=1)
20.5054 	EXP 	Created the_end_text = TextStim(__class__=<class 'psychopy.visual.text.TextStim'>, alignHoriz='center', alignVert='center', antialias=True, autoLog=True, bold=False, color=array([1., 1., 1.]), colorSpace='rgb', contrast=1.0, depth=-1.0, flipHoriz=False, flipVert=False, font='Arial', fontFiles=[], height=0.06, italic=False, languageStyle='LTR', name='the_end_text', opacity=1.0, ori=0.0, pos=array([0.7, 0. ]), rgb=array([1., 1., 1.]), text=str(...), units='norm', win=Window(...), wrapWidth=1)
22.5101 	EXP 	Created sequence: random, trialTypes=1, nReps=4, seed=None
22.5111 	EXP 	New trial (rep=0, index=0): None
22.5118 	EXP 	New trial (rep=1, index=0): None
24.5449 	EXP 	fade_in_text: text = 'Please remain seated until further instruction via the earphone.'
27.5788 	EXP 	fade_in_text: autoDraw = True
33.5787 	EXP 	fade_in_text: autoDraw = True
33.5954 	EXP 	fade_in_text: autoDraw = True
33.6120 	EXP 	fade_in_text: autoDraw = True
33.6286 	EXP 	fade_in_text: autoDraw = True
33.6454 	EXP 	fade_in_text: autoDraw = True
33.6620 	EXP 	fade_in_text: autoDraw = True
33.6787 	EXP 	fade_in_text: autoDraw = True
33.6954 	EXP 	fade_in_text: autoDraw = True
33.7122 	EXP 	fade_in_text: autoDraw = True
33.7287 	EXP 	fade_in_text: autoDraw = True
33.7454 	EXP 	fade_in_text: autoDraw = True
33.7620 	EXP 	fade_in_text: autoDraw = True
33.7787 	EXP 	fade_in_text: autoDraw = True
33.7954 	EXP 	fade_in_text: autoDraw = True
33.8121 	EXP 	fade_in_text: autoDraw = True
33.8286 	EXP 	fade_in_text: autoDraw = True
33.8454 	EXP 	fade_in_text: autoDraw = True
33.8620 	EXP 	fade_in_text: autoDraw = True
33.8787 	EXP 	fade_in_text: autoDraw = True
33.8954 	EXP 	fade_in_text: autoDraw = True
33.9121 	EXP 	fade_in_text: autoDraw = True
33.9287 	EXP 	fade_in_text: autoDraw = True
33.9454 	EXP 	fade_in_text: autoDraw = True
33.9620 	EXP 	fade_in_text: autoDraw = True
33.9787 	EXP 	fade_in_text: autoDraw = True
33.9954 	EXP 	fade_in_text: autoDraw = True
34.0120 	EXP 	fade_in_text: autoDraw = True
34.0286 	EXP 	fade_in_text: autoDraw = True
34.0454 	EXP 	fade_in_text: autoDraw = True
34.0621 	EXP 	fade_in_text: autoDraw = True
34.0787 	EXP 	fade_in_text: autoDraw = True
34.0954 	EXP 	fade_in_text: autoDraw = True
34.1120 	EXP 	fade_in_text: autoDraw = True
34.1288 	EXP 	fade_in_text: autoDraw = True
34.1454 	EXP 	fade_in_text: autoDraw = True
34.1621 	EXP 	fade_in_text: autoDraw = True
34.1787 	EXP 	fade_in_text: autoDraw = True
34.1954 	EXP 	fade_in_text: autoDraw = True
34.2120 	EXP 	fade_in_text: autoDraw = True
34.2287 	EXP 	fade_in_text: autoDraw = True
34.2454 	EXP 	fade_in_text: autoDraw = True
34.2621 	EXP 	fade_in_text: autoDraw = True
34.2787 	EXP 	fade_in_text: autoDraw = True
34.2954 	EXP 	fade_in_text: autoDraw = True
34.3120 	EXP 	fade_in_text: autoDraw = True
34.3287 	EXP 	fade_in_text: autoDraw = True
34.3454 	EXP 	fade_in_text: autoDraw = True
34.3621 	EXP 	fade_in_text: autoDraw = True
34.3787 	EXP 	fade_in_text: autoDraw = True
34.3955 	EXP 	fade_in_text: autoDraw = True
34.4120 	EXP 	fade_in_text: autoDraw = True
34.4287 	EXP 	fade_in_text: autoDraw = True
34.4454 	EXP 	fade_in_text: autoDraw = True
34.4621 	EXP 	fade_in_text: autoDraw = True
34.4788 	EXP 	fade_in_text: autoDraw = True
34.4956 	EXP 	fade_in_text: autoDraw = True
34.5120 	EXP 	fade_in_text: autoDraw = True
34.5288 	EXP 	fade_in_text: autoDraw = True
34.5454 	EXP 	fade_in_text: autoDraw = True
34.5621 	EXP 	fade_in_text: autoDraw = True
34.5787 	EXP 	fade_in_text: autoDraw = True
34.5955 	EXP 	fade_in_text: autoDraw = True
34.6120 	EXP 	fade_in_text: autoDraw = True
34.6288 	EXP 	fade_in_text: autoDraw = True
34.6454 	EXP 	fade_in_text: autoDraw = True
34.6621 	EXP 	fade_in_text: autoDraw = True
34.6787 	EXP 	fade_in_text: autoDraw = True
34.6955 	EXP 	fade_in_text: autoDraw = True
34.7120 	EXP 	fade_in_text: autoDraw = True
34.7288 	EXP 	fade_in_text: autoDraw = True
34.7454 	EXP 	fade_in_text: autoDraw = True
34.7621 	EXP 	fade_in_text: autoDraw = True
34.7788 	EXP 	fade_in_text: autoDraw = True
34.7953 	EXP 	fade_in_text: autoDraw = True
34.8120 	EXP 	fade_in_text: autoDraw = True
34.8288 	EXP 	fade_in_text: autoDraw = True
34.8454 	EXP 	fade_in_text: autoDraw = True
34.8621 	EXP 	fade_in_text: autoDraw = True
34.8788 	EXP 	fade_in_text: autoDraw = True
34.8954 	EXP 	fade_in_text: autoDraw = True
34.9120 	EXP 	fade_in_text: autoDraw = True
34.9288 	EXP 	fade_in_text: autoDraw = True
34.9455 	EXP 	fade_in_text: autoDraw = True
34.9621 	EXP 	fade_in_text: autoDraw = True
34.9788 	EXP 	fade_in_text: autoDraw = True
34.9954 	EXP 	fade_in_text: autoDraw = True
35.0120 	EXP 	fade_in_text: autoDraw = True
35.0288 	EXP 	fade_in_text: autoDraw = True
35.0454 	EXP 	fade_in_text: autoDraw = True
35.0621 	EXP 	fade_in_text: autoDraw = True
35.0789 	EXP 	fade_in_text: autoDraw = True
35.0954 	EXP 	fade_in_text: autoDraw = True
35.1121 	EXP 	fade_in_text: autoDraw = True
35.1288 	EXP 	fade_in_text: autoDraw = True
35.1455 	EXP 	fade_in_text: autoDraw = True
35.1621 	EXP 	fade_in_text: autoDraw = True
35.1789 	EXP 	fade_in_text: autoDraw = True
35.1954 	EXP 	fade_in_text: autoDraw = True
35.2121 	EXP 	fade_in_text: autoDraw = True
35.2288 	EXP 	fade_in_text: autoDraw = True
35.2455 	EXP 	fade_in_text: autoDraw = True
35.2621 	EXP 	fade_in_text: autoDraw = True
35.2789 	EXP 	fade_in_text: autoDraw = True
35.2954 	EXP 	fade_in_text: autoDraw = True
35.3121 	EXP 	fade_in_text: autoDraw = True
35.3288 	EXP 	fade_in_text: autoDraw = True
35.3455 	EXP 	fade_in_text: autoDraw = True
35.3621 	EXP 	fade_in_text: autoDraw = True
35.3790 	EXP 	fade_in_text: autoDraw = True
35.3954 	EXP 	fade_in_text: autoDraw = True
35.4121 	EXP 	fade_in_text: autoDraw = True
35.4288 	EXP 	fade_in_text: autoDraw = True
35.4455 	EXP 	fade_in_text: autoDraw = True
35.4621 	EXP 	fade_in_text: autoDraw = True
35.4787 	EXP 	fade_in_text: autoDraw = True
35.4954 	EXP 	fade_in_text: autoDraw = True
35.5121 	EXP 	fade_in_text: autoDraw = True
35.5288 	EXP 	fade_in_text: autoDraw = True
35.5455 	EXP 	fade_in_text: autoDraw = True
35.5622 	EXP 	fade_in_text: autoDraw = True
35.5787 	EXP 	fade_in_text: autoDraw = True
35.5954 	EXP 	fade_in_text: autoDraw = True
35.6121 	EXP 	fade_in_text: autoDraw = True
35.6288 	EXP 	fade_in_text: autoDraw = True
35.6455 	EXP 	fade_in_text: autoDraw = True
35.6622 	EXP 	fade_in_text: autoDraw = True
35.6787 	EXP 	fade_in_text: autoDraw = True
35.6957 	EXP 	fade_in_text: autoDraw = True
35.7121 	EXP 	fade_in_text: autoDraw = True
35.7288 	EXP 	fade_in_text: autoDraw = True
35.7455 	EXP 	fade_in_text: autoDraw = True
35.7623 	EXP 	fade_in_text: autoDraw = True
35.7787 	EXP 	fade_in_text: autoDraw = True
35.7955 	EXP 	fade_in_text: autoDraw = True
35.8121 	EXP 	fade_in_text: autoDraw = True
35.8288 	EXP 	fade_in_text: autoDraw = True
35.8455 	EXP 	fade_in_text: autoDraw = True
35.8623 	EXP 	fade_in_text: autoDraw = True
35.8787 	EXP 	fade_in_text: autoDraw = True
35.8955 	EXP 	fade_in_text: autoDraw = True
35.9122 	EXP 	fade_in_text: autoDraw = True
35.9288 	EXP 	fade_in_text: autoDraw = True
35.9456 	EXP 	fade_in_text: autoDraw = True
35.9623 	EXP 	fade_in_text: autoDraw = True
35.9787 	EXP 	fade_in_text: autoDraw = True
35.9955 	EXP 	fade_in_text: autoDraw = True
36.0122 	EXP 	fade_in_text: autoDraw = True
36.0288 	EXP 	fade_in_text: autoDraw = True
36.0455 	EXP 	fade_in_text: autoDraw = True
36.0621 	EXP 	fade_in_text: autoDraw = True
36.0787 	EXP 	fade_in_text: autoDraw = True
36.0955 	EXP 	fade_in_text: autoDraw = True
36.1122 	EXP 	fade_in_text: autoDraw = True
36.1288 	EXP 	fade_in_text: autoDraw = True
36.1455 	EXP 	fade_in_text: autoDraw = True
36.1621 	EXP 	fade_in_text: autoDraw = True
36.1788 	EXP 	fade_in_text: autoDraw = True
36.1955 	EXP 	fade_in_text: autoDraw = True
36.2122 	EXP 	fade_in_text: autoDraw = True
36.2288 	EXP 	fade_in_text: autoDraw = True
36.2455 	EXP 	fade_in_text: autoDraw = True
36.2621 	EXP 	fade_in_text: autoDraw = True
36.2789 	EXP 	fade_in_text: autoDraw = True
36.2955 	EXP 	fade_in_text: autoDraw = True
36.3122 	EXP 	fade_in_text: autoDraw = True
36.3288 	EXP 	fade_in_text: autoDraw = True
36.3456 	EXP 	fade_in_text: autoDraw = True
36.3621 	EXP 	fade_in_text: autoDraw = True
36.3788 	EXP 	fade_in_text: autoDraw = True
36.3955 	EXP 	fade_in_text: autoDraw = True
36.4122 	EXP 	fade_in_text: autoDraw = True
36.4289 	EXP 	fade_in_text: autoDraw = True
36.4456 	EXP 	fade_in_text: autoDraw = True
36.4621 	EXP 	fade_in_text: autoDraw = True
36.4789 	EXP 	fade_in_text: autoDraw = True
36.4955 	EXP 	fade_in_text: autoDraw = True
36.5122 	EXP 	fade_in_text: autoDraw = True
36.5289 	EXP 	fade_in_text: autoDraw = True
36.5456 	EXP 	fade_in_text: autoDraw = True
36.5622 	EXP 	fade_in_text: autoDraw = True
36.5789 	EXP 	fade_in_text: autoDraw = True
36.5955 	EXP 	fade_in_text: autoDraw = True
36.6122 	EXP 	fade_in_text: autoDraw = True
36.6289 	EXP 	fade_in_text: autoDraw = True
36.6456 	EXP 	fade_in_text: autoDraw = True
36.6622 	EXP 	fade_in_text: autoDraw = True
36.6789 	EXP 	fade_in_text: autoDraw = True
36.6955 	EXP 	fade_in_text: autoDraw = True
36.7122 	EXP 	fade_in_text: autoDraw = True
36.7289 	EXP 	fade_in_text: autoDraw = True
36.7455 	EXP 	fade_in_text: autoDraw = True
36.7622 	EXP 	fade_in_text: autoDraw = True
36.7789 	EXP 	fade_in_text: autoDraw = True
36.7955 	EXP 	fade_in_text: autoDraw = True
36.8122 	EXP 	fade_in_text: autoDraw = True
36.8289 	EXP 	fade_in_text: autoDraw = True
36.8455 	EXP 	fade_in_text: autoDraw = True
36.8622 	EXP 	fade_in_text: autoDraw = True
36.8789 	EXP 	fade_in_text: autoDraw = True
36.8956 	EXP 	fade_in_text: autoDraw = True
36.9122 	EXP 	fade_in_text: autoDraw = True
36.9289 	EXP 	fade_in_text: autoDraw = True
36.9456 	EXP 	fade_in_text: autoDraw = True
36.9622 	EXP 	fade_in_text: autoDraw = True
36.9789 	EXP 	fade_in_text: autoDraw = True
36.9955 	EXP 	fade_in_text: autoDraw = True
37.0122 	EXP 	fade_in_text: autoDraw = True
37.0290 	EXP 	fade_in_text: autoDraw = True
37.0455 	EXP 	fade_in_text: autoDraw = True
37.0622 	EXP 	fade_in_text: autoDraw = True
37.0789 	EXP 	fade_in_text: autoDraw = True
37.0956 	EXP 	fade_in_text: autoDraw = True
37.1122 	EXP 	fade_in_text: autoDraw = True
37.1290 	EXP 	fade_in_text: autoDraw = True
37.1456 	EXP 	fade_in_text: autoDraw = True
37.1622 	EXP 	fade_in_text: autoDraw = True
37.1789 	EXP 	fade_in_text: autoDraw = True
37.1956 	EXP 	fade_in_text: autoDraw = True
37.2122 	EXP 	fade_in_text: autoDraw = True
37.2290 	EXP 	fade_in_text: autoDraw = True
37.2455 	EXP 	fade_in_text: autoDraw = True
37.2622 	EXP 	fade_in_text: autoDraw = True
37.2789 	EXP 	fade_in_text: autoDraw = True
37.2956 	EXP 	fade_in_text: autoDraw = True
37.3122 	EXP 	fade_in_text: autoDraw = True
37.3289 	EXP 	fade_in_text: autoDraw = True
37.3456 	EXP 	fade_in_text: autoDraw = True
37.3622 	EXP 	fade_in_text: autoDraw = True
37.3789 	EXP 	fade_in_text: autoDraw = True
37.3956 	EXP 	fade_in_text: autoDraw = True
37.4122 	EXP 	fade_in_text: autoDraw = True
37.4288 	EXP 	fade_in_text: autoDraw = True
37.4456 	EXP 	fade_in_text: autoDraw = True
37.4622 	EXP 	fade_in_text: autoDraw = True
37.4789 	EXP 	fade_in_text: autoDraw = True
37.4956 	EXP 	fade_in_text: autoDraw = True
37.5122 	EXP 	fade_in_text: autoDraw = True
37.5288 	EXP 	fade_in_text: autoDraw = True
37.5456 	EXP 	fade_in_text: autoDraw = True
37.5622 	EXP 	fade_in_text: autoDraw = True
37.5789 	EXP 	fade_in_text: autoDraw = True
37.5957 	EXP 	fade_in_text: autoDraw = True
37.6122 	EXP 	fade_in_text: autoDraw = True
37.6288 	EXP 	fade_in_text: autoDraw = True
37.6456 	EXP 	fade_in_text: autoDraw = True
37.6623 	EXP 	fade_in_text: autoDraw = True
37.6789 	EXP 	fade_in_text: autoDraw = True
37.6956 	EXP 	fade_in_text: autoDraw = True
37.7124 	EXP 	fade_in_text: autoDraw = True
37.7288 	EXP 	fade_in_text: autoDraw = True
37.7456 	EXP 	fade_in_text: autoDraw = True
37.7622 	EXP 	fade_in_text: autoDraw = True
37.7789 	EXP 	fade_in_text: autoDraw = True
37.7956 	EXP 	fade_in_text: autoDraw = True
37.8124 	EXP 	fade_in_text: autoDraw = True
37.8288 	EXP 	fade_in_text: autoDraw = True
37.8456 	EXP 	fade_in_text: autoDraw = True
37.8623 	EXP 	fade_in_text: autoDraw = True
37.8789 	EXP 	fade_in_text: autoDraw = True
37.8956 	EXP 	fade_in_text: autoDraw = True
37.9124 	EXP 	fade_in_text: autoDraw = True
37.9288 	EXP 	fade_in_text: autoDraw = True
37.9457 	EXP 	fade_in_text: autoDraw = True
37.9623 	EXP 	fade_in_text: autoDraw = True
37.9789 	EXP 	fade_in_text: autoDraw = True
37.9956 	EXP 	fade_in_text: autoDraw = True
38.0122 	EXP 	fade_in_text: autoDraw = True
38.0288 	EXP 	fade_in_text: autoDraw = True
38.0456 	EXP 	fade_in_text: autoDraw = True
38.0623 	EXP 	fade_in_text: autoDraw = True
38.0789 	EXP 	fade_in_text: autoDraw = True
38.0956 	EXP 	fade_in_text: autoDraw = True
38.1122 	EXP 	fade_in_text: autoDraw = True
38.1288 	EXP 	fade_in_text: autoDraw = True
38.1456 	EXP 	fade_in_text: autoDraw = True
38.1623 	EXP 	fade_in_text: autoDraw = True
38.1789 	EXP 	fade_in_text: autoDraw = True
38.1956 	EXP 	fade_in_text: autoDraw = True
38.2122 	EXP 	fade_in_text: autoDraw = True
38.2289 	EXP 	fade_in_text: autoDraw = True
38.2456 	EXP 	fade_in_text: autoDraw = True
38.2623 	EXP 	fade_in_text: autoDraw = True
38.2789 	EXP 	fade_in_text: autoDraw = True
38.2956 	EXP 	fade_in_text: autoDraw = True
38.3122 	EXP 	fade_in_text: autoDraw = True
38.3289 	EXP 	fade_in_text: autoDraw = True
38.3456 	EXP 	fade_in_text: autoDraw = True
38.3623 	EXP 	fade_in_text: autoDraw = True
38.3789 	EXP 	fade_in_text: autoDraw = True
38.3957 	EXP 	fade_in_text: autoDraw = True
38.4122 	EXP 	fade_in_text: autoDraw = True
38.4290 	EXP 	fade_in_text: autoDraw = True
38.4456 	EXP 	fade_in_text: autoDraw = True
38.4623 	EXP 	fade_in_text: autoDraw = True
38.4790 	EXP 	fade_in_text: autoDraw = True
38.4957 	EXP 	fade_in_text: autoDraw = True
38.5122 	EXP 	fade_in_text: autoDraw = True
38.5289 	EXP 	fade_in_text: autoDraw = True
38.5456 	EXP 	fade_in_text: autoDraw = True
38.5623 	EXP 	fade_in_text: autoDraw = True
38.5790 	EXP 	fade_in_text: autoDraw = True
38.5958 	EXP 	fade_in_text: autoDraw = True
38.6122 	EXP 	fade_in_text: autoDraw = True
38.6290 	EXP 	fade_in_text: autoDraw = True
38.6456 	EXP 	fade_in_text: autoDraw = True
38.6623 	EXP 	fade_in_text: autoDraw = True
38.6790 	EXP 	fade_in_text: autoDraw = True
38.6956 	EXP 	fade_in_text: autoDraw = True
38.7122 	EXP 	fade_in_text: autoDraw = True
38.7290 	EXP 	fade_in_text: autoDraw = True
38.7456 	EXP 	fade_in_text: autoDraw = True
38.7623 	EXP 	fade_in_text: autoDraw = True
38.7790 	EXP 	fade_in_text: autoDraw = True
38.7955 	EXP 	fade_in_text: autoDraw = True
38.8122 	EXP 	fade_in_text: autoDraw = True
38.8290 	EXP 	fade_in_text: autoDraw = True
38.8456 	EXP 	fade_in_text: autoDraw = True
38.8623 	EXP 	fade_in_text: autoDraw = True
38.8790 	EXP 	fade_in_text: autoDraw = True
38.8956 	EXP 	fade_in_text: autoDraw = True
38.9123 	EXP 	fade_in_text: autoDraw = True
38.9290 	EXP 	fade_in_text: autoDraw = True
38.9456 	EXP 	fade_in_text: autoDraw = True
38.9623 	EXP 	fade_in_text: autoDraw = True
38.9791 	EXP 	fade_in_text: autoDraw = True
38.9956 	EXP 	fade_in_text: autoDraw = True
39.0123 	EXP 	fade_in_text: autoDraw = True
39.0290 	EXP 	fade_in_text: autoDraw = True
39.0457 	EXP 	fade_in_text: autoDraw = True
39.0623 	EXP 	fade_in_text: autoDraw = True
39.0791 	EXP 	fade_in_text: autoDraw = True
39.0956 	EXP 	fade_in_text: autoDraw = True
39.1123 	EXP 	fade_in_text: autoDraw = True
39.1290 	EXP 	fade_in_text: autoDraw = True
39.1457 	EXP 	fade_in_text: autoDraw = True
39.1623 	EXP 	fade_in_text: autoDraw = True
39.1791 	EXP 	fade_in_text: autoDraw = True
39.1956 	EXP 	fade_in_text: autoDraw = True
39.2123 	EXP 	fade_in_text: autoDraw = True
39.2290 	EXP 	fade_in_text: autoDraw = True
39.2457 	EXP 	fade_in_text: autoDraw = True
39.2624 	EXP 	fade_in_text: autoDraw = True
39.2792 	EXP 	fade_in_text: autoDraw = True
39.2956 	EXP 	fade_in_text: autoDraw = True
39.3123 	EXP 	fade_in_text: autoDraw = True
39.3290 	EXP 	fade_in_text: autoDraw = True
39.3457 	EXP 	fade_in_text: autoDraw = True
39.3623 	EXP 	fade_in_text: autoDraw = True
39.3789 	EXP 	fade_in_text: autoDraw = True
39.3956 	EXP 	fade_in_text: autoDraw = True
39.4123 	EXP 	fade_in_text: autoDraw = True
39.4290 	EXP 	fade_in_text: autoDraw = True
39.4457 	EXP 	fade_in_text: autoDraw = True
39.4624 	EXP 	fade_in_text: autoDraw = True
39.4789 	EXP 	fade_in_text: autoDraw = True
39.4956 	EXP 	fade_in_text: autoDraw = True
39.5123 	EXP 	fade_in_text: autoDraw = True
39.5290 	EXP 	fade_in_text: autoDraw = True
39.5457 	EXP 	fade_in_text: autoDraw = True
39.5624 	EXP 	fade_in_text: autoDraw = True
39.5789 	EXP 	fade_in_text: autoDraw = True
39.5957 	EXP 	fade_in_text: autoDraw = True
39.6123 	EXP 	fade_in_text: autoDraw = True
39.6290 	EXP 	fade_in_text: autoDraw = True
39.6457 	EXP 	fade_in_text: autoDraw = True
39.6625 	EXP 	fade_in_text: autoDraw = True
39.6789 	EXP 	fade_in_text: autoDraw = True
39.6957 	EXP 	fade_in_text: autoDraw = True
39.7124 	EXP 	fade_in_text: autoDraw = True
39.7290 	EXP 	fade_in_text: autoDraw = True
39.7457 	EXP 	fade_in_text: autoDraw = True
39.7625 	EXP 	fade_in_text: autoDraw = True
39.7790 	EXP 	fade_in_text: autoDraw = True
39.7957 	EXP 	fade_in_text: autoDraw = True
39.8124 	EXP 	fade_in_text: autoDraw = True
39.8290 	EXP 	fade_in_text: autoDraw = True
39.8457 	EXP 	fade_in_text: autoDraw = True
39.8625 	EXP 	fade_in_text: autoDraw = True
39.8790 	EXP 	fade_in_text: autoDraw = True
39.8957 	EXP 	fade_in_text: autoDraw = True
39.9125 	EXP 	fade_in_text: autoDraw = True
39.9291 	EXP 	fade_in_text: autoDraw = True
39.9458 	EXP 	fade_in_text: autoDraw = True
39.9624 	EXP 	fade_in_text: autoDraw = True
39.9791 	EXP 	fade_in_text: autoDraw = True
39.9957 	EXP 	fade_in_text: autoDraw = True
40.0124 	EXP 	fade_in_text: autoDraw = True
40.0290 	EXP 	fade_in_text: autoDraw = True
40.0457 	EXP 	fade_in_text: autoDraw = True
40.0623 	EXP 	fade_in_text: autoDraw = True
40.0790 	EXP 	fade_in_text: autoDraw = True
40.0957 	EXP 	fade_in_text: autoDraw = True
40.1124 	EXP 	fade_in_text: autoDraw = True
40.1291 	EXP 	fade_in_text: autoDraw = True
40.1457 	EXP 	fade_in_text: autoDraw = True
40.1624 	EXP 	fade_in_text: autoDraw = True
40.1791 	EXP 	fade_in_text: autoDraw = True
40.1957 	EXP 	fade_in_text: autoDraw = True
40.2124 	EXP 	fade_in_text: autoDraw = True
40.2290 	EXP 	fade_in_text: autoDraw = True
40.2458 	EXP 	fade_in_text: autoDraw = True
40.2623 	EXP 	fade_in_text: autoDraw = True
40.2790 	EXP 	fade_in_text: autoDraw = True
40.2957 	EXP 	fade_in_text: autoDraw = True
40.3124 	EXP 	fade_in_text: autoDraw = True
40.3291 	EXP 	fade_in_text: autoDraw = True
40.3459 	EXP 	fade_in_text: autoDraw = True
40.3624 	EXP 	fade_in_text: autoDraw = True
40.3791 	EXP 	fade_in_text: autoDraw = True
40.3957 	EXP 	fade_in_text: autoDraw = True
40.4124 	EXP 	fade_in_text: autoDraw = True
40.4291 	EXP 	fade_in_text: autoDraw = True
40.4457 	EXP 	fade_in_text: autoDraw = True
40.4623 	EXP 	fade_in_text: autoDraw = True
40.4791 	EXP 	fade_in_text: autoDraw = True
40.4957 	EXP 	fade_in_text: autoDraw = True
40.5124 	EXP 	fade_in_text: autoDraw = True
40.5291 	EXP 	fade_in_text: autoDraw = True
40.5457 	EXP 	fade_in_text: autoDraw = True
40.5624 	EXP 	fade_in_text: autoDraw = True
40.5791 	EXP 	fade_in_text: autoDraw = True
40.5957 	EXP 	fade_in_text: autoDraw = True
40.6124 	EXP 	fade_in_text: autoDraw = True
40.6291 	EXP 	fade_in_text: autoDraw = True
40.6457 	EXP 	fade_in_text: autoDraw = True
40.6624 	EXP 	fade_in_text: autoDraw = True
40.6791 	EXP 	fade_in_text: autoDraw = True
40.6957 	EXP 	fade_in_text: autoDraw = True
40.7124 	EXP 	fade_in_text: autoDraw = True
40.7292 	EXP 	fade_in_text: autoDraw = True
40.7457 	EXP 	fade_in_text: autoDraw = True
40.7624 	EXP 	fade_in_text: autoDraw = True
40.7791 	EXP 	fade_in_text: autoDraw = True
40.7957 	EXP 	fade_in_text: autoDraw = True
40.8125 	EXP 	fade_in_text: autoDraw = True
40.8292 	EXP 	fade_in_text: autoDraw = True
40.8457 	EXP 	fade_in_text: autoDraw = True
40.8624 	EXP 	fade_in_text: autoDraw = True
40.8791 	EXP 	fade_in_text: autoDraw = True
40.8958 	EXP 	fade_in_text: autoDraw = True
40.9124 	EXP 	fade_in_text: autoDraw = True
40.9292 	EXP 	fade_in_text: autoDraw = True
40.9457 	EXP 	fade_in_text: autoDraw = True
40.9624 	EXP 	fade_in_text: autoDraw = True
40.9791 	EXP 	fade_in_text: autoDraw = True
40.9957 	EXP 	fade_in_text: autoDraw = True
41.0124 	EXP 	fade_in_text: autoDraw = True
41.0293 	EXP 	fade_in_text: autoDraw = True
41.0457 	EXP 	fade_in_text: autoDraw = True
41.0624 	EXP 	fade_in_text: autoDraw = True
41.0791 	EXP 	fade_in_text: autoDraw = True
41.0958 	EXP 	fade_in_text: autoDraw = True
41.1124 	EXP 	fade_in_text: autoDraw = True
41.1290 	EXP 	fade_in_text: autoDraw = True
41.1457 	EXP 	fade_in_text: autoDraw = True
41.1625 	EXP 	fade_in_text: autoDraw = True
41.1791 	EXP 	fade_in_text: autoDraw = True
41.1958 	EXP 	fade_in_text: autoDraw = True
41.2125 	EXP 	fade_in_text: autoDraw = True
41.2290 	EXP 	fade_in_text: autoDraw = True
41.2457 	EXP 	fade_in_text: autoDraw = True
41.2624 	EXP 	fade_in_text: autoDraw = True
41.2791 	EXP 	fade_in_text: autoDraw = True
41.2958 	EXP 	fade_in_text: autoDraw = True
41.3125 	EXP 	fade_in_text: autoDraw = True
41.3291 	EXP 	fade_in_text: autoDraw = True
41.3458 	EXP 	fade_in_text: autoDraw = True
41.3625 	EXP 	fade_in_text: autoDraw = True
41.3791 	EXP 	fade_in_text: autoDraw = True
41.3958 	EXP 	fade_in_text: autoDraw = True
41.4124 	EXP 	fade_in_text: autoDraw = True
41.4290 	EXP 	fade_in_text: autoDraw = True
41.4457 	EXP 	fade_in_text: autoDraw = True
41.4624 	EXP 	fade_in_text: autoDraw = True
41.4791 	EXP 	fade_in_text: autoDraw = True
41.4958 	EXP 	fade_in_text: autoDraw = True
41.5126 	EXP 	fade_in_text: autoDraw = True
41.5290 	EXP 	fade_in_text: autoDraw = True
41.5458 	EXP 	fade_in_text: autoDraw = True
41.5625 	EXP 	fade_in_text: autoDraw = True
41.5791 	EXP 	fade_in_text: autoDraw = True
41.5958 	EXP 	fade_in_text: autoDraw = True
41.6126 	EXP 	fade_in_text: autoDraw = True
41.6290 	EXP 	fade_in_text: autoDraw = True
41.6458 	EXP 	fade_in_text: autoDraw = True
41.6625 	EXP 	fade_in_text: autoDraw = True
41.6791 	EXP 	fade_in_text: autoDraw = True
41.6958 	EXP 	fade_in_text: autoDraw = True
41.7126 	EXP 	fade_in_text: autoDraw = True
41.7291 	EXP 	fade_in_text: autoDraw = True
41.7458 	EXP 	fade_in_text: autoDraw = True
41.7625 	EXP 	fade_in_text: autoDraw = True
41.7792 	EXP 	fade_in_text: autoDraw = True
41.7958 	EXP 	fade_in_text: autoDraw = True
41.8124 	EXP 	fade_in_text: autoDraw = True
41.8291 	EXP 	fade_in_text: autoDraw = True
41.8458 	EXP 	fade_in_text: autoDraw = True
41.8625 	EXP 	fade_in_text: autoDraw = True
41.8792 	EXP 	fade_in_text: autoDraw = True
41.8958 	EXP 	fade_in_text: autoDraw = True
41.9124 	EXP 	fade_in_text: autoDraw = True
41.9291 	EXP 	fade_in_text: autoDraw = True
41.9458 	EXP 	fade_in_text: autoDraw = True
41.9625 	EXP 	fade_in_text: autoDraw = True
41.9792 	EXP 	fade_in_text: autoDraw = True
41.9958 	EXP 	fade_in_text: autoDraw = True
42.0124 	EXP 	fade_in_text: autoDraw = True
42.0291 	EXP 	fade_in_text: autoDraw = True
42.0458 	EXP 	fade_in_text: autoDraw = True
42.0625 	EXP 	fade_in_text: autoDraw = True
42.0792 	EXP 	fade_in_text: autoDraw = True
42.0959 	EXP 	fade_in_text: autoDraw = True
42.1124 	EXP 	fade_in_text: autoDraw = True
42.1292 	EXP 	fade_in_text: autoDraw = True
42.1458 	EXP 	fade_in_text: autoDraw = True
42.1625 	EXP 	fade_in_text: autoDraw = True
42.1792 	EXP 	fade_in_text: autoDraw = True
42.1960 	EXP 	fade_in_text: autoDraw = True
42.2125 	EXP 	fade_in_text: autoDraw = True
42.2292 	EXP 	fade_in_text: autoDraw = True
42.2458 	EXP 	fade_in_text: autoDraw = True
42.2625 	EXP 	fade_in_text: autoDraw = True
42.2794 	EXP 	fade_in_text: autoDraw = True
42.2958 	EXP 	fade_in_text: autoDraw = True
42.3124 	EXP 	fade_in_text: autoDraw = True
42.3292 	EXP 	fade_in_text: autoDraw = True
42.3458 	EXP 	fade_in_text: autoDraw = True
42.3625 	EXP 	fade_in_text: autoDraw = True
42.3794 	EXP 	fade_in_text: autoDraw = True
42.3958 	EXP 	fade_in_text: autoDraw = True
42.4125 	EXP 	fade_in_text: autoDraw = True
42.4292 	EXP 	fade_in_text: autoDraw = True
42.4458 	EXP 	fade_in_text: autoDraw = True
42.4625 	EXP 	fade_in_text: autoDraw = True
42.4794 	EXP 	fade_in_text: autoDraw = True
42.4958 	EXP 	fade_in_text: autoDraw = True
42.5125 	EXP 	fade_in_text: autoDraw = True
42.5293 	EXP 	fade_in_text: autoDraw = True
42.5459 	EXP 	fade_in_text: autoDraw = True
42.5625 	EXP 	fade_in_text: autoDraw = True
42.5793 	EXP 	fade_in_text: autoDraw = True
42.5958 	EXP 	fade_in_text: autoDraw = True
42.6125 	EXP 	fade_in_text: autoDraw = True
42.6292 	EXP 	fade_in_text: autoDraw = True
42.6458 	EXP 	fade_in_text: autoDraw = True
42.6625 	EXP 	fade_in_text: autoDraw = True
42.6793 	EXP 	fade_in_text: autoDraw = True
42.6959 	EXP 	fade_in_text: autoDraw = True
42.7125 	EXP 	fade_in_text: autoDraw = True
42.7292 	EXP 	fade_in_text: autoDraw = True
42.7459 	EXP 	fade_in_text: autoDraw = True
42.7625 	EXP 	fade_in_text: autoDraw = True
42.7792 	EXP 	fade_in_text: autoDraw = True
42.7959 	EXP 	fade_in_text: autoDraw = True
42.8125 	EXP 	fade_in_text: autoDraw = True
42.8292 	EXP 	fade_in_text: autoDraw = True
42.8459 	EXP 	fade_in_text: autoDraw = True
42.8625 	EXP 	fade_in_text: autoDraw = True
42.8791 	EXP 	fade_in_text: autoDraw = True
42.8959 	EXP 	fade_in_text: autoDraw = True
42.9125 	EXP 	fade_in_text: autoDraw = True
42.9292 	EXP 	fade_in_text: autoDraw = True
42.9459 	EXP 	fade_in_text: autoDraw = True
42.9627 	EXP 	fade_in_text: autoDraw = True
42.9792 	EXP 	fade_in_text: autoDraw = True
42.9959 	EXP 	fade_in_text: autoDraw = True
43.0125 	EXP 	fade_in_text: autoDraw = True
43.0292 	EXP 	fade_in_text: autoDraw = True
43.0459 	EXP 	fade_in_text: autoDraw = True
43.0626 	EXP 	fade_in_text: autoDraw = True
43.0791 	EXP 	fade_in_text: autoDraw = True
43.0959 	EXP 	fade_in_text: autoDraw = True
43.1125 	EXP 	fade_in_text: autoDraw = True
43.1292 	EXP 	fade_in_text: autoDraw = True
43.1459 	EXP 	fade_in_text: autoDraw = True
43.1627 	EXP 	fade_in_text: autoDraw = True
43.1792 	EXP 	fade_in_text: autoDraw = True
43.1959 	EXP 	fade_in_text: autoDraw = True
43.2126 	EXP 	fade_in_text: autoDraw = True
43.2292 	EXP 	fade_in_text: autoDraw = True
43.2459 	EXP 	fade_in_text: autoDraw = True
43.2625 	EXP 	fade_in_text: autoDraw = True
43.2791 	EXP 	fade_in_text: autoDraw = True
43.2959 	EXP 	fade_in_text: autoDraw = True
43.3126 	EXP 	fade_in_text: autoDraw = True
43.3292 	EXP 	fade_in_text: autoDraw = True
43.3459 	EXP 	fade_in_text: autoDraw = True
43.3625 	EXP 	fade_in_text: autoDraw = True
43.3792 	EXP 	fade_in_text: autoDraw = True
43.3959 	EXP 	fade_in_text: autoDraw = True
43.4126 	EXP 	fade_in_text: autoDraw = True
43.4292 	EXP 	fade_in_text: autoDraw = True
43.4459 	EXP 	fade_in_text: autoDraw = True
43.4625 	EXP 	fade_in_text: autoDraw = True
43.4793 	EXP 	fade_in_text: autoDraw = True
43.4959 	EXP 	fade_in_text: autoDraw = True
43.5126 	EXP 	fade_in_text: autoDraw = True
43.5292 	EXP 	fade_in_text: autoDraw = True
43.5460 	EXP 	fade_in_text: autoDraw = True
43.5625 	EXP 	fade_in_text: autoDraw = True
43.5792 	EXP 	fade_in_text: autoDraw = True
43.5959 	EXP 	fade_in_text: autoDraw = True
43.6126 	EXP 	fade_in_text: autoDraw = True
43.6292 	EXP 	fade_in_text: autoDraw = True
43.6460 	EXP 	fade_in_text: autoDraw = True
43.6625 	EXP 	fade_in_text: autoDraw = True
43.6793 	EXP 	fade_in_text: autoDraw = True
43.6959 	EXP 	fade_in_text: autoDraw = True
43.7125 	EXP 	fade_in_text: autoDraw = True
43.7292 	EXP 	fade_in_text: autoDraw = True
43.7460 	EXP 	fade_in_text: autoDraw = True
43.7625 	EXP 	fade_in_text: autoDraw = True
43.7793 	EXP 	fade_in_text: autoDraw = True
43.7959 	EXP 	fade_in_text: autoDraw = True
43.8126 	EXP 	fade_in_text: autoDraw = True
43.8292 	EXP 	fade_in_text: autoDraw = True
43.8458 	EXP 	fade_in_text: autoDraw = True
43.8625 	EXP 	fade_in_text: autoDraw = True
43.8793 	EXP 	fade_in_text: autoDraw = True
43.8959 	EXP 	fade_in_text: autoDraw = True
43.9126 	EXP 	fade_in_text: autoDraw = True
43.9293 	EXP 	fade_in_text: autoDraw = True
43.9458 	EXP 	fade_in_text: autoDraw = True
43.9626 	EXP 	fade_in_text: autoDraw = True
43.9793 	EXP 	fade_in_text: autoDraw = True
43.9959 	EXP 	fade_in_text: autoDraw = True
44.0126 	EXP 	fade_in_text: autoDraw = True
44.0294 	EXP 	fade_in_text: autoDraw = True
44.0458 	EXP 	fade_in_text: autoDraw = True
44.0626 	EXP 	fade_in_text: autoDraw = True
44.0793 	EXP 	fade_in_text: autoDraw = True
44.0959 	EXP 	fade_in_text: autoDraw = True
44.1126 	EXP 	fade_in_text: autoDraw = True
44.1293 	EXP 	fade_in_text: autoDraw = True
44.1458 	EXP 	fade_in_text: autoDraw = True
44.1626 	EXP 	fade_in_text: autoDraw = True
44.1793 	EXP 	fade_in_text: autoDraw = True
44.1959 	EXP 	fade_in_text: autoDraw = True
44.2126 	EXP 	fade_in_text: autoDraw = True
44.2294 	EXP 	fade_in_text: autoDraw = True
44.2459 	EXP 	fade_in_text: autoDraw = True
44.2626 	EXP 	fade_in_text: autoDraw = True
44.2793 	EXP 	fade_in_text: autoDraw = True
44.2960 	EXP 	fade_in_text: autoDraw = True
44.3126 	EXP 	fade_in_text: autoDraw = True
44.3292 	EXP 	fade_in_text: autoDraw = True
44.3459 	EXP 	fade_in_text: autoDraw = True
44.3626 	EXP 	fade_in_text: autoDraw = True
44.3793 	EXP 	fade_in_text: autoDraw = True
44.3960 	EXP 	fade_in_text: autoDraw = True
44.4126 	EXP 	fade_in_text: autoDraw = True
44.4292 	EXP 	fade_in_text: autoDraw = True
44.4459 	EXP 	fade_in_text: autoDraw = True
44.4626 	EXP 	fade_in_text: autoDraw = True
44.4793 	EXP 	fade_in_text: autoDraw = True
44.4960 	EXP 	fade_in_text: autoDraw = True
44.5127 	EXP 	fade_in_text: autoDraw = True
44.5292 	EXP 	fade_in_text: autoDraw = True
44.5459 	EXP 	fade_in_text: autoDraw = True
44.5626 	EXP 	fade_in_text: autoDraw = True
44.5793 	EXP 	fade_in_text: autoDraw = True
44.5960 	EXP 	fade_in_text: autoDraw = True
44.6127 	EXP 	fade_in_text: autoDraw = True
44.6292 	EXP 	fade_in_text: autoDraw = True
44.6460 	EXP 	fade_in_text: autoDraw = True
44.6626 	EXP 	fade_in_text: autoDraw = True
44.6793 	EXP 	fade_in_text: autoDraw = True
44.6961 	EXP 	fade_in_text: autoDraw = True
44.7128 	EXP 	fade_in_text: autoDraw = True
44.7292 	EXP 	fade_in_text: autoDraw = True
44.7460 	EXP 	fade_in_text: autoDraw = True
44.7626 	EXP 	fade_in_text: autoDraw = True
44.7793 	EXP 	fade_in_text: autoDraw = True
44.7962 	EXP 	fade_in_text: autoDraw = True
44.8126 	EXP 	fade_in_text: autoDraw = True
44.8292 	EXP 	fade_in_text: autoDraw = True
44.8460 	EXP 	fade_in_text: autoDraw = True
44.8626 	EXP 	fade_in_text: autoDraw = True
44.8793 	EXP 	fade_in_text: autoDraw = True
44.8961 	EXP 	fade_in_text: autoDraw = True
44.9126 	EXP 	fade_in_text: autoDraw = True
44.9293 	EXP 	fade_in_text: autoDraw = True
44.9460 	EXP 	fade_in_text: autoDraw = True
44.9626 	EXP 	fade_in_text: autoDraw = True
44.9793 	EXP 	fade_in_text: autoDraw = True
44.9962 	EXP 	fade_in_text: autoDraw = True
45.0127 	EXP 	fade_in_text: autoDraw = True
45.0293 	EXP 	fade_in_text: autoDraw = True
45.0460 	EXP 	fade_in_text: autoDraw = True
45.0626 	EXP 	fade_in_text: autoDraw = True
45.0793 	EXP 	fade_in_text: autoDraw = True
45.0961 	EXP 	fade_in_text: autoDraw = True
45.1126 	EXP 	fade_in_text: autoDraw = True
45.1293 	EXP 	fade_in_text: autoDraw = True
45.1460 	EXP 	fade_in_text: autoDraw = True
45.1626 	EXP 	fade_in_text: autoDraw = True
45.1793 	EXP 	fade_in_text: autoDraw = True
45.1961 	EXP 	fade_in_text: autoDraw = True
45.2127 	EXP 	fade_in_text: autoDraw = True
45.2293 	EXP 	fade_in_text: autoDraw = True
45.2460 	EXP 	fade_in_text: autoDraw = True
45.2627 	EXP 	fade_in_text: autoDraw = True
45.2793 	EXP 	fade_in_text: autoDraw = True
45.2959 	EXP 	fade_in_text: autoDraw = True
45.3127 	EXP 	fade_in_text: autoDraw = True
45.3293 	EXP 	fade_in_text: autoDraw = True
45.3460 	EXP 	fade_in_text: autoDraw = True
45.3627 	EXP 	fade_in_text: autoDraw = True
45.3793 	EXP 	fade_in_text: autoDraw = True
45.3960 	EXP 	fade_in_text: autoDraw = True
45.4127 	EXP 	fade_in_text: autoDraw = True
45.4293 	EXP 	fade_in_text: autoDraw = True
45.4460 	EXP 	fade_in_text: autoDraw = True
45.4627 	EXP 	fade_in_text: autoDraw = True
45.4795 	EXP 	fade_in_text: autoDraw = True
45.4959 	EXP 	fade_in_text: autoDraw = True
45.5127 	EXP 	fade_in_text: autoDraw = True
45.5293 	EXP 	fade_in_text: autoDraw = True
45.5460 	EXP 	fade_in_text: autoDraw = True
45.5627 	EXP 	fade_in_text: autoDraw = True
45.5795 	EXP 	fade_in_text: autoDraw = True
45.5960 	EXP 	fade_in_text: autoDraw = True
45.6127 	EXP 	fade_in_text: autoDraw = True
45.6293 	EXP 	fade_in_text: autoDraw = True
45.6460 	EXP 	fade_in_text: autoDraw = True
45.6627 	EXP 	fade_in_text: autoDraw = True
45.6794 	EXP 	fade_in_text: autoDraw = True
45.6959 	EXP 	fade_in_text: autoDraw = True
45.7127 	EXP 	fade_in_text: autoDraw = True
45.7293 	EXP 	fade_in_text: autoDraw = True
45.7460 	EXP 	fade_in_text: autoDraw = True
45.7627 	EXP 	fade_in_text: autoDraw = True
45.7793 	EXP 	fade_in_text: autoDraw = True
45.7960 	EXP 	fade_in_text: autoDraw = True
45.8127 	EXP 	fade_in_text: autoDraw = True
45.8294 	EXP 	fade_in_text: autoDraw = True
45.8460 	EXP 	fade_in_text: autoDraw = True
45.8627 	EXP 	fade_in_text: autoDraw = True
45.8793 	EXP 	fade_in_text: autoDraw = True
45.8960 	EXP 	fade_in_text: autoDraw = True
45.9127 	EXP 	fade_in_text: autoDraw = True
45.9294 	EXP 	fade_in_text: autoDraw = True
45.9460 	EXP 	fade_in_text: autoDraw = True
45.9628 	EXP 	fade_in_text: autoDraw = True
45.9793 	EXP 	fade_in_text: autoDraw = True
45.9960 	EXP 	fade_in_text: autoDraw = True
46.0127 	EXP 	fade_in_text: autoDraw = True
46.0294 	EXP 	fade_in_text: autoDraw = True
46.0460 	EXP 	fade_in_text: autoDraw = True
46.0628 	EXP 	fade_in_text: autoDraw = True
46.0793 	EXP 	fade_in_text: autoDraw = True
46.0960 	EXP 	fade_in_text: autoDraw = True
46.1127 	EXP 	fade_in_text: autoDraw = True
46.1294 	EXP 	fade_in_text: autoDraw = True
46.1460 	EXP 	fade_in_text: autoDraw = True
46.1629 	EXP 	fade_in_text: autoDraw = True
46.1793 	EXP 	fade_in_text: autoDraw = True
46.1961 	EXP 	fade_in_text: autoDraw = True
46.2127 	EXP 	fade_in_text: autoDraw = True
46.2294 	EXP 	fade_in_text: autoDraw = True
46.2461 	EXP 	fade_in_text: autoDraw = True
46.2626 	EXP 	fade_in_text: autoDraw = True
46.2793 	EXP 	fade_in_text: autoDraw = True
46.2961 	EXP 	fade_in_text: autoDraw = True
46.3127 	EXP 	fade_in_text: autoDraw = True
46.3294 	EXP 	fade_in_text: autoDraw = True
46.3460 	EXP 	fade_in_text: autoDraw = True
46.3626 	EXP 	fade_in_text: autoDraw = True
46.3794 	EXP 	fade_in_text: autoDraw = True
46.3961 	EXP 	fade_in_text: autoDraw = True
46.4127 	EXP 	fade_in_text: autoDraw = True
46.4294 	EXP 	fade_in_text: autoDraw = True
46.4460 	EXP 	fade_in_text: autoDraw = True
46.4626 	EXP 	fade_in_text: autoDraw = True
46.4794 	EXP 	fade_in_text: autoDraw = True
46.4961 	EXP 	fade_in_text: autoDraw = True
46.5127 	EXP 	fade_in_text: autoDraw = True
46.5294 	EXP 	fade_in_text: autoDraw = True
46.5462 	EXP 	fade_in_text: autoDraw = True
46.5626 	EXP 	fade_in_text: autoDraw = True
46.5794 	EXP 	fade_in_text: autoDraw = True
46.5961 	EXP 	fade_in_text: autoDraw = True
46.6127 	EXP 	fade_in_text: autoDraw = True
46.6294 	EXP 	fade_in_text: autoDraw = True
46.6462 	EXP 	fade_in_text: autoDraw = True
46.6627 	EXP 	fade_in_text: autoDraw = True
46.6794 	EXP 	fade_in_text: autoDraw = True
46.6961 	EXP 	fade_in_text: autoDraw = True
46.7127 	EXP 	fade_in_text: autoDraw = True
46.7294 	EXP 	fade_in_text: autoDraw = True
46.7460 	EXP 	fade_in_text: autoDraw = True
46.7627 	EXP 	fade_in_text: autoDraw = True
46.7794 	EXP 	fade_in_text: autoDraw = True
46.7961 	EXP 	fade_in_text: autoDraw = True
46.8128 	EXP 	fade_in_text: autoDraw = True
46.8294 	EXP 	fade_in_text: autoDraw = True
46.8460 	EXP 	fade_in_text: autoDraw = True
46.8627 	EXP 	fade_in_text: autoDraw = True
46.8794 	EXP 	fade_in_text: autoDraw = True
46.8961 	EXP 	fade_in_text: autoDraw = True
46.9128 	EXP 	fade_in_text: autoDraw = True
46.9294 	EXP 	fade_in_text: autoDraw = True
46.9460 	EXP 	fade_in_text: autoDraw = True
46.9627 	EXP 	fade_in_text: autoDraw = True
46.9794 	EXP 	fade_in_text: autoDraw = True
46.9961 	EXP 	fade_in_text: autoDraw = True
47.0128 	EXP 	fade_in_text: autoDraw = True
47.0295 	EXP 	fade_in_text: autoDraw = True
47.0460 	EXP 	fade_in_text: autoDraw = True
47.0628 	EXP 	fade_in_text: autoDraw = True
47.0794 	EXP 	fade_in_text: autoDraw = True
47.0961 	EXP 	fade_in_text: autoDraw = True
47.1128 	EXP 	fade_in_text: autoDraw = True
47.1295 	EXP 	fade_in_text: autoDraw = True
47.1460 	EXP 	fade_in_text: autoDraw = True
47.1628 	EXP 	fade_in_text: autoDraw = True
47.1794 	EXP 	fade_in_text: autoDraw = True
47.1961 	EXP 	fade_in_text: autoDraw = True
47.2129 	EXP 	fade_in_text: autoDraw = True
47.2293 	EXP 	fade_in_text: autoDraw = True
47.2460 	EXP 	fade_in_text: autoDraw = True
47.2628 	EXP 	fade_in_text: autoDraw = True
47.2794 	EXP 	fade_in_text: autoDraw = True
47.2961 	EXP 	fade_in_text: autoDraw = True
47.3130 	EXP 	fade_in_text: autoDraw = True
47.3293 	EXP 	fade_in_text: autoDraw = True
47.3461 	EXP 	fade_in_text: autoDraw = True
47.3628 	EXP 	fade_in_text: autoDraw = True
47.3794 	EXP 	fade_in_text: autoDraw = True
47.3961 	EXP 	fade_in_text: autoDraw = True
47.4129 	EXP 	fade_in_text: autoDraw = True
47.4294 	EXP 	fade_in_text: autoDraw = True
47.4461 	EXP 	fade_in_text: autoDraw = True
47.4628 	EXP 	fade_in_text: autoDraw = True
47.4795 	EXP 	fade_in_text: autoDraw = True
47.4961 	EXP 	fade_in_text: autoDraw = True
47.5129 	EXP 	fade_in_text: autoDraw = True
47.5294 	EXP 	fade_in_text: autoDraw = True
47.5461 	EXP 	fade_in_text: autoDraw = True
47.5628 	EXP 	fade_in_text: autoDraw = True
47.5795 	EXP 	fade_in_text: autoDraw = True
47.5961 	EXP 	fade_in_text: autoDraw = True
47.6130 	EXP 	fade_in_text: autoDraw = True
47.6295 	EXP 	fade_in_text: autoDraw = True
47.6461 	EXP 	fade_in_text: autoDraw = True
47.6628 	EXP 	fade_in_text: autoDraw = True
47.6795 	EXP 	fade_in_text: autoDraw = True
47.6961 	EXP 	fade_in_text: autoDraw = True
47.7127 	EXP 	fade_in_text: autoDraw = True
47.7294 	EXP 	fade_in_text: autoDraw = True
47.7461 	EXP 	fade_in_text: autoDraw = True
47.7628 	EXP 	fade_in_text: autoDraw = True
47.7795 	EXP 	fade_in_text: autoDraw = True
47.7961 	EXP 	fade_in_text: autoDraw = True
47.8128 	EXP 	fade_in_text: autoDraw = True
47.8295 	EXP 	fade_in_text: autoDraw = True
47.8461 	EXP 	fade_in_text: autoDraw = True
47.8628 	EXP 	fade_in_text: autoDraw = True
47.8795 	EXP 	fade_in_text: autoDraw = True
47.8962 	EXP 	fade_in_text: autoDraw = True
47.9127 	EXP 	fade_in_text: autoDraw = True
47.9295 	EXP 	fade_in_text: autoDraw = True
47.9461 	EXP 	fade_in_text: autoDraw = True
47.9627 	EXP 	fade_in_text: autoDraw = True
47.9795 	EXP 	fade_in_text: autoDraw = True
47.9963 	EXP 	fade_in_text: autoDraw = True
48.0128 	EXP 	fade_in_text: autoDraw = True
48.0295 	EXP 	fade_in_text: autoDraw = True
48.0461 	EXP 	fade_in_text: autoDraw = True
48.0628 	EXP 	fade_in_text: autoDraw = True
48.0795 	EXP 	fade_in_text: autoDraw = True
48.0963 	EXP 	fade_in_text: autoDraw = True
48.1127 	EXP 	fade_in_text: autoDraw = True
48.1295 	EXP 	fade_in_text: autoDraw = True
48.1461 	EXP 	fade_in_text: autoDraw = True
48.1628 	EXP 	fade_in_text: autoDraw = True
48.1795 	EXP 	fade_in_text: autoDraw = True
48.1961 	EXP 	fade_in_text: autoDraw = True
48.2128 	EXP 	fade_in_text: autoDraw = True
48.2296 	EXP 	fade_in_text: autoDraw = True
48.2461 	EXP 	fade_in_text: autoDraw = True
48.2628 	EXP 	fade_in_text: autoDraw = True
48.2795 	EXP 	fade_in_text: autoDraw = True
48.2961 	EXP 	fade_in_text: autoDraw = True
48.3128 	EXP 	fade_in_text: autoDraw = True
48.3295 	EXP 	fade_in_text: autoDraw = True
48.3462 	EXP 	fade_in_text: autoDraw = True
48.3628 	EXP 	fade_in_text: autoDraw = True
48.3795 	EXP 	fade_in_text: autoDraw = True
48.3961 	EXP 	fade_in_text: autoDraw = True
48.4128 	EXP 	fade_in_text: autoDraw = True
48.4295 	EXP 	fade_in_text: autoDraw = True
48.4462 	EXP 	fade_in_text: autoDraw = True
48.4628 	EXP 	fade_in_text: autoDraw = True
48.4797 	EXP 	fade_in_text: autoDraw = True
48.4961 	EXP 	fade_in_text: autoDraw = True
48.5128 	EXP 	fade_in_text: autoDraw = True
48.5295 	EXP 	fade_in_text: autoDraw = True
48.5462 	EXP 	fade_in_text: autoDraw = True
48.5629 	EXP 	fade_in_text: autoDraw = True
48.5796 	EXP 	fade_in_text: autoDraw = True
48.5961 	EXP 	fade_in_text: autoDraw = True
48.6129 	EXP 	fade_in_text: autoDraw = True
48.6295 	EXP 	fade_in_text: autoDraw = True
48.6462 	EXP 	fade_in_text: autoDraw = True
48.6628 	EXP 	fade_in_text: autoDraw = True
48.6797 	EXP 	fade_in_text: autoDraw = True
48.6961 	EXP 	fade_in_text: autoDraw = True
48.7128 	EXP 	fade_in_text: autoDraw = True
48.7296 	EXP 	fade_in_text: autoDraw = True
48.7462 	EXP 	fade_in_text: autoDraw = True
48.7628 	EXP 	fade_in_text: autoDraw = True
48.7795 	EXP 	fade_in_text: autoDraw = True
48.7961 	EXP 	fade_in_text: autoDraw = True
48.8129 	EXP 	fade_in_text: autoDraw = True
48.8295 	EXP 	fade_in_text: autoDraw = True
48.8462 	EXP 	fade_in_text: autoDraw = True
48.8628 	EXP 	fade_in_text: autoDraw = True
48.8794 	EXP 	fade_in_text: autoDraw = True
48.8961 	EXP 	fade_in_text: autoDraw = True
48.9129 	EXP 	fade_in_text: autoDraw = True
48.9295 	EXP 	fade_in_text: autoDraw = True
48.9462 	EXP 	fade_in_text: autoDraw = True
48.9629 	EXP 	fade_in_text: autoDraw = True
48.9794 	EXP 	fade_in_text: autoDraw = True
48.9962 	EXP 	fade_in_text: autoDraw = True
49.0130 	EXP 	fade_in_text: autoDraw = True
49.0296 	EXP 	fade_in_text: autoDraw = True
49.0462 	EXP 	fade_in_text: autoDraw = True
49.0630 	EXP 	fade_in_text: autoDraw = True
49.0794 	EXP 	fade_in_text: autoDraw = True
49.0962 	EXP 	fade_in_text: autoDraw = True
49.1130 	EXP 	fade_in_text: autoDraw = True
49.1296 	EXP 	fade_in_text: autoDraw = True
49.1462 	EXP 	fade_in_text: autoDraw = True
49.1630 	EXP 	fade_in_text: autoDraw = True
49.1794 	EXP 	fade_in_text: autoDraw = True
49.1962 	EXP 	fade_in_text: autoDraw = True
49.2130 	EXP 	fade_in_text: autoDraw = True
49.2296 	EXP 	fade_in_text: autoDraw = True
49.2462 	EXP 	fade_in_text: autoDraw = True
49.2630 	EXP 	fade_in_text: autoDraw = True
49.2795 	EXP 	fade_in_text: autoDraw = True
49.2962 	EXP 	fade_in_text: autoDraw = True
49.3130 	EXP 	fade_in_text: autoDraw = True
49.3296 	EXP 	fade_in_text: autoDraw = True
49.3462 	EXP 	fade_in_text: autoDraw = True
49.3630 	EXP 	fade_in_text: autoDraw = True
49.3795 	EXP 	fade_in_text: autoDraw = True
49.3962 	EXP 	fade_in_text: autoDraw = True
49.4130 	EXP 	fade_in_text: autoDraw = True
49.4296 	EXP 	fade_in_text: autoDraw = True
49.4462 	EXP 	fade_in_text: autoDraw = True
49.4628 	EXP 	fade_in_text: autoDraw = True
49.4795 	EXP 	fade_in_text: autoDraw = True
49.4962 	EXP 	fade_in_text: autoDraw = True
49.5130 	EXP 	fade_in_text: autoDraw = True
49.5296 	EXP 	fade_in_text: autoDraw = True
49.5462 	EXP 	fade_in_text: autoDraw = True
49.5628 	EXP 	fade_in_text: autoDraw = True
49.5796 	EXP 	fade_in_text: autoDraw = True
49.5962 	EXP 	fade_in_text: autoDraw = True
49.6129 	EXP 	fade_in_text: autoDraw = True
49.6296 	EXP 	fade_in_text: autoDraw = True
49.6462 	EXP 	fade_in_text: autoDraw = True
49.6628 	EXP 	fade_in_text: autoDraw = True
49.6795 	EXP 	fade_in_text: autoDraw = True
49.6962 	EXP 	fade_in_text: autoDraw = True
49.7129 	EXP 	fade_in_text: autoDraw = True
49.7296 	EXP 	fade_in_text: autoDraw = True
49.7463 	EXP 	fade_in_text: autoDraw = True
49.7628 	EXP 	fade_in_text: autoDraw = True
49.7796 	EXP 	fade_in_text: autoDraw = True
49.7962 	EXP 	fade_in_text: autoDraw = True
49.8129 	EXP 	fade_in_text: autoDraw = True
49.8296 	EXP 	fade_in_text: autoDraw = True
49.8463 	EXP 	fade_in_text: autoDraw = True
49.8628 	EXP 	fade_in_text: autoDraw = True
49.8796 	EXP 	fade_in_text: autoDraw = True
49.8962 	EXP 	fade_in_text: autoDraw = True
49.9129 	EXP 	fade_in_text: autoDraw = True
49.9296 	EXP 	fade_in_text: autoDraw = True
49.9464 	EXP 	fade_in_text: autoDraw = True
49.9628 	EXP 	fade_in_text: autoDraw = True
49.9796 	EXP 	fade_in_text: autoDraw = True
49.9962 	EXP 	fade_in_text: autoDraw = True
50.0129 	EXP 	fade_in_text: autoDraw = True
50.0296 	EXP 	fade_in_text: autoDraw = True
50.0462 	EXP 	fade_in_text: autoDraw = True
50.0629 	EXP 	fade_in_text: autoDraw = True
50.0796 	EXP 	fade_in_text: autoDraw = True
50.0963 	EXP 	fade_in_text: autoDraw = True
50.1129 	EXP 	fade_in_text: autoDraw = True
50.1296 	EXP 	fade_in_text: autoDraw = True
50.1462 	EXP 	fade_in_text: autoDraw = True
50.1629 	EXP 	fade_in_text: autoDraw = True
50.1796 	EXP 	fade_in_text: autoDraw = True
50.1963 	EXP 	fade_in_text: autoDraw = True
50.2130 	EXP 	fade_in_text: autoDraw = True
50.2296 	EXP 	fade_in_text: autoDraw = True
50.2462 	EXP 	fade_in_text: autoDraw = True
50.2629 	EXP 	fade_in_text: autoDraw = True
50.2796 	EXP 	fade_in_text: autoDraw = True
50.2963 	EXP 	fade_in_text: autoDraw = True
50.3129 	EXP 	fade_in_text: autoDraw = True
50.3297 	EXP 	fade_in_text: autoDraw = True
50.3462 	EXP 	fade_in_text: autoDraw = True
50.3629 	EXP 	fade_in_text: autoDraw = True
50.3796 	EXP 	fade_in_text: autoDraw = True
50.3963 	EXP 	fade_in_text: autoDraw = True
50.4129 	EXP 	fade_in_text: autoDraw = True
50.4297 	EXP 	fade_in_text: autoDraw = True
50.4462 	EXP 	fade_in_text: autoDraw = True
50.4629 	EXP 	fade_in_text: autoDraw = True
50.4796 	EXP 	fade_in_text: autoDraw = True
50.4963 	EXP 	fade_in_text: autoDraw = True
50.5129 	EXP 	fade_in_text: autoDraw = True
50.5297 	EXP 	fade_in_text: autoDraw = True
50.5462 	EXP 	fade_in_text: autoDraw = True
50.5629 	EXP 	fade_in_text: autoDraw = True
50.5796 	EXP 	fade_in_text: autoDraw = True
50.5963 	EXP 	fade_in_text: autoDraw = True
50.6129 	EXP 	fade_in_text: autoDraw = True
50.6296 	EXP 	fade_in_text: autoDraw = True
50.6462 	EXP 	fade_in_text: autoDraw = True
50.6629 	EXP 	fade_in_text: autoDraw = True
50.6796 	EXP 	fade_in_text: autoDraw = True
50.6963 	EXP 	fade_in_text: autoDraw = True
50.7130 	EXP 	fade_in_text: autoDraw = True
50.7297 	EXP 	fade_in_text: autoDraw = True
50.7462 	EXP 	fade_in_text: autoDraw = True
50.7629 	EXP 	fade_in_text: autoDraw = True
50.7796 	EXP 	fade_in_text: autoDraw = True
50.7963 	EXP 	fade_in_text: autoDraw = True
50.8129 	EXP 	fade_in_text: autoDraw = True
50.8297 	EXP 	fade_in_text: autoDraw = True
50.8463 	EXP 	fade_in_text: autoDraw = True
50.8629 	EXP 	fade_in_text: autoDraw = True
50.8796 	EXP 	fade_in_text: autoDraw = True
50.8963 	EXP 	fade_in_text: autoDraw = True
50.9130 	EXP 	fade_in_text: autoDraw = True
50.9295 	EXP 	fade_in_text: autoDraw = True
50.9463 	EXP 	fade_in_text: autoDraw = True
50.9630 	EXP 	fade_in_text: autoDraw = True
50.9796 	EXP 	fade_in_text: autoDraw = True
50.9963 	EXP 	fade_in_text: autoDraw = True
51.0131 	EXP 	fade_in_text: autoDraw = True
51.0296 	EXP 	fade_in_text: autoDraw = True
51.0463 	EXP 	fade_in_text: autoDraw = True
51.0630 	EXP 	fade_in_text: autoDraw = True
51.0796 	EXP 	fade_in_text: autoDraw = True
51.0963 	EXP 	fade_in_text: autoDraw = True
51.1131 	EXP 	fade_in_text: autoDraw = True
51.1296 	EXP 	fade_in_text: autoDraw = True
51.1463 	EXP 	fade_in_text: autoDraw = True
51.1630 	EXP 	fade_in_text: autoDraw = True
51.1796 	EXP 	fade_in_text: autoDraw = True
51.1963 	EXP 	fade_in_text: autoDraw = True
51.2131 	EXP 	fade_in_text: autoDraw = True
51.2297 	EXP 	fade_in_text: autoDraw = True
51.2463 	EXP 	fade_in_text: autoDraw = True
51.2630 	EXP 	fade_in_text: autoDraw = True
51.2796 	EXP 	fade_in_text: autoDraw = True
51.2963 	EXP 	fade_in_text: autoDraw = True
51.3129 	EXP 	fade_in_text: autoDraw = True
51.3296 	EXP 	fade_in_text: autoDraw = True
51.3463 	EXP 	fade_in_text: autoDraw = True
51.3630 	EXP 	fade_in_text: autoDraw = True
51.3797 	EXP 	fade_in_text: autoDraw = True
51.3963 	EXP 	fade_in_text: autoDraw = True
51.4129 	EXP 	fade_in_text: autoDraw = True
51.4297 	EXP 	fade_in_text: autoDraw = True
51.4463 	EXP 	fade_in_text: autoDraw = True
51.4630 	EXP 	fade_in_text: autoDraw = True
51.4797 	EXP 	fade_in_text: autoDraw = True
51.4963 	EXP 	fade_in_text: autoDraw = True
51.5129 	EXP 	fade_in_text: autoDraw = True
51.5296 	EXP 	fade_in_text: autoDraw = True
51.5463 	EXP 	fade_in_text: autoDraw = True
51.5630 	EXP 	fade_in_text: autoDraw = True
51.5797 	EXP 	fade_in_text: autoDraw = True
51.5964 	EXP 	fade_in_text: autoDraw = True
51.6129 	EXP 	fade_in_text: autoDraw = True
51.6297 	EXP 	fade_in_text: autoDraw = True
51.6463 	EXP 	fade_in_text: autoDraw = True
51.6630 	EXP 	fade_in_text: autoDraw = True
51.6797 	EXP 	fade_in_text: autoDraw = True
51.6964 	EXP 	fade_in_text: autoDraw = True
51.7129 	EXP 	fade_in_text: autoDraw = True
51.7297 	EXP 	fade_in_text: autoDraw = True
51.7463 	EXP 	fade_in_text: autoDraw = True
51.7630 	EXP 	fade_in_text: autoDraw = True
51.7797 	EXP 	fade_in_text: autoDraw = True
51.7965 	EXP 	fade_in_text: autoDraw = True
51.8129 	EXP 	fade_in_text: autoDraw = True
51.8297 	EXP 	fade_in_text: autoDraw = True
51.8463 	EXP 	fade_in_text: autoDraw = True
51.8630 	EXP 	fade_in_text: autoDraw = True
51.8796 	EXP 	fade_in_text: autoDraw = True
51.8963 	EXP 	fade_in_text: autoDraw = True
51.9129 	EXP 	fade_in_text: autoDraw = True
51.9297 	EXP 	fade_in_text: autoDraw = True
51.9464 	EXP 	fade_in_text: autoDraw = True
51.9630 	EXP 	fade_in_text: autoDraw = True
51.9797 	EXP 	fade_in_text: autoDraw = True
51.9963 	EXP 	fade_in_text: autoDraw = True
52.0130 	EXP 	fade_in_text: autoDraw = True
52.0297 	EXP 	fade_in_text: autoDraw = True
52.0464 	EXP 	fade_in_text: autoDraw = True
52.0630 	EXP 	fade_in_text: autoDraw = True
52.0797 	EXP 	fade_in_text: autoDraw = True
52.0963 	EXP 	fade_in_text: autoDraw = True
52.1130 	EXP 	fade_in_text: autoDraw = True
52.1297 	EXP 	fade_in_text: autoDraw = True
52.1464 	EXP 	fade_in_text: autoDraw = True
52.1630 	EXP 	fade_in_text: autoDraw = True
52.1798 	EXP 	fade_in_text: autoDraw = True
52.1963 	EXP 	fade_in_text: autoDraw = True
52.2130 	EXP 	fade_in_text: autoDraw = True
52.2297 	EXP 	fade_in_text: autoDraw = True
52.2464 	EXP 	fade_in_text: autoDraw = True
52.2630 	EXP 	fade_in_text: autoDraw = True
52.2798 	EXP 	fade_in_text: autoDraw = True
52.2963 	EXP 	fade_in_text: autoDraw = True
52.3130 	EXP 	fade_in_text: autoDraw = True
52.3297 	EXP 	fade_in_text: autoDraw = True
52.3464 	EXP 	fade_in_text: autoDraw = True
52.3630 	EXP 	fade_in_text: autoDraw = True
52.3798 	EXP 	fade_in_text: autoDraw = True
52.3963 	EXP 	fade_in_text: autoDraw = True
52.4130 	EXP 	fade_in_text: autoDraw = True
52.4297 	EXP 	fade_in_text: autoDraw = True
52.4464 	EXP 	fade_in_text: autoDraw = True
52.4630 	EXP 	fade_in_text: autoDraw = True
52.4797 	EXP 	fade_in_text: autoDraw = True
52.4963 	EXP 	fade_in_text: autoDraw = True
52.5130 	EXP 	fade_in_text: autoDraw = True
52.5297 	EXP 	fade_in_text: autoDraw = True
52.5464 	EXP 	fade_in_text: autoDraw = True
52.5630 	EXP 	fade_in_text: autoDraw = True
52.5796 	EXP 	fade_in_text: autoDraw = True
52.5963 	EXP 	fade_in_text: autoDraw = True
52.6131 	EXP 	fade_in_text: autoDraw = True
52.6297 	EXP 	fade_in_text: autoDraw = True
52.6464 	EXP 	fade_in_text: autoDraw = True
52.6631 	EXP 	fade_in_text: autoDraw = True
52.6796 	EXP 	fade_in_text: autoDraw = True
52.6964 	EXP 	fade_in_text: autoDraw = True
52.7130 	EXP 	fade_in_text: autoDraw = True
52.7298 	EXP 	fade_in_text: autoDraw = True
52.7464 	EXP 	fade_in_text: autoDraw = True
52.7630 	EXP 	fade_in_text: autoDraw = True
52.7796 	EXP 	fade_in_text: autoDraw = True
52.7964 	EXP 	fade_in_text: autoDraw = True
52.8131 	EXP 	fade_in_text: autoDraw = True
52.8297 	EXP 	fade_in_text: autoDraw = True
52.8464 	EXP 	fade_in_text: autoDraw = True
52.8632 	EXP 	fade_in_text: autoDraw = True
52.8796 	EXP 	fade_in_text: autoDraw = True
52.8964 	EXP 	fade_in_text: autoDraw = True
52.9131 	EXP 	fade_in_text: autoDraw = True
52.9297 	EXP 	fade_in_text: autoDraw = True
52.9464 	EXP 	fade_in_text: autoDraw = True
52.9632 	EXP 	fade_in_text: autoDraw = True
52.9796 	EXP 	fade_in_text: autoDraw = True
52.9964 	EXP 	fade_in_text: autoDraw = True
53.0131 	EXP 	fade_in_text: autoDraw = True
53.0297 	EXP 	fade_in_text: autoDraw = True
53.0464 	EXP 	fade_in_text: autoDraw = True
53.0633 	EXP 	fade_in_text: autoDraw = True
53.0797 	EXP 	fade_in_text: autoDraw = True
53.0964 	EXP 	fade_in_text: autoDraw = True
53.1131 	EXP 	fade_in_text: autoDraw = True
53.1297 	EXP 	fade_in_text: autoDraw = True
53.1464 	EXP 	fade_in_text: autoDraw = True
53.1630 	EXP 	fade_in_text: autoDraw = True
53.1797 	EXP 	fade_in_text: autoDraw = True
53.1964 	EXP 	fade_in_text: autoDraw = True
53.2131 	EXP 	fade_in_text: autoDraw = True
53.2298 	EXP 	fade_in_text: autoDraw = True
53.2464 	EXP 	fade_in_text: autoDraw = True
53.2630 	EXP 	fade_in_text: autoDraw = True
53.2797 	EXP 	fade_in_text: autoDraw = True
53.2964 	EXP 	fade_in_text: autoDraw = True
53.3131 	EXP 	fade_in_text: autoDraw = True
53.3298 	EXP 	fade_in_text: autoDraw = True
53.3464 	EXP 	fade_in_text: autoDraw = True
53.3630 	EXP 	fade_in_text: autoDraw = True
53.3797 	EXP 	fade_in_text: autoDraw = True
53.3964 	EXP 	fade_in_text: autoDraw = True
53.4131 	EXP 	fade_in_text: autoDraw = True
53.4298 	EXP 	fade_in_text: autoDraw = True
53.4466 	EXP 	fade_in_text: autoDraw = True
53.4630 	EXP 	fade_in_text: autoDraw = True
53.4798 	EXP 	fade_in_text: autoDraw = True
53.4964 	EXP 	fade_in_text: autoDraw = True
53.5131 	EXP 	fade_in_text: autoDraw = True
53.5298 	EXP 	fade_in_text: autoDraw = True
53.5465 	EXP 	fade_in_text: autoDraw = True
53.5630 	EXP 	fade_in_text: autoDraw = True
53.5798 	EXP 	fade_in_text: autoDraw = True
53.5964 	EXP 	fade_in_text: autoDraw = True
53.6131 	EXP 	fade_in_text: autoDraw = True
53.6298 	EXP 	fade_in_text: autoDraw = True
53.6465 	EXP 	fade_in_text: autoDraw = True
53.6630 	EXP 	fade_in_text: autoDraw = True
53.6798 	EXP 	fade_in_text: autoDraw = True
53.6964 	EXP 	fade_in_text: autoDraw = True
53.7131 	EXP 	fade_in_text: autoDraw = True
53.7298 	EXP 	fade_in_text: autoDraw = True
53.7465 	EXP 	fade_in_text: autoDraw = True
53.7630 	EXP 	fade_in_text: autoDraw = True
53.7798 	EXP 	fade_in_text: autoDraw = True
53.7964 	EXP 	fade_in_text: autoDraw = True
53.8131 	EXP 	fade_in_text: autoDraw = True
53.8298 	EXP 	fade_in_text: autoDraw = True
53.8465 	EXP 	fade_in_text: autoDraw = True
53.8630 	EXP 	fade_in_text: autoDraw = True
53.8798 	EXP 	fade_in_text: autoDraw = True
53.8965 	EXP 	fade_in_text: autoDraw = True
53.9131 	EXP 	fade_in_text: autoDraw = True
53.9298 	EXP 	fade_in_text: autoDraw = True
53.9464 	EXP 	fade_in_text: autoDraw = True
53.9631 	EXP 	fade_in_text: autoDraw = True
53.9798 	EXP 	fade_in_text: autoDraw = True
53.9965 	EXP 	fade_in_text: autoDraw = True
54.0131 	EXP 	fade_in_text: autoDraw = True
54.0298 	EXP 	fade_in_text: autoDraw = True
54.0465 	EXP 	fade_in_text: autoDraw = True
54.0631 	EXP 	fade_in_text: autoDraw = True
54.0798 	EXP 	fade_in_text: autoDraw = True
54.0965 	EXP 	fade_in_text: autoDraw = True
54.1131 	EXP 	fade_in_text: autoDraw = True
54.1299 	EXP 	fade_in_text: autoDraw = True
54.1465 	EXP 	fade_in_text: autoDraw = True
54.1631 	EXP 	fade_in_text: autoDraw = True
54.1798 	EXP 	fade_in_text: autoDraw = True
54.1965 	EXP 	fade_in_text: autoDraw = True
54.2131 	EXP 	fade_in_text: autoDraw = True
54.2299 	EXP 	fade_in_text: autoDraw = True
54.2465 	EXP 	fade_in_text: autoDraw = True
54.2631 	EXP 	fade_in_text: autoDraw = True
54.2798 	EXP 	fade_in_text: autoDraw = True
54.2965 	EXP 	fade_in_text: autoDraw = True
54.3131 	EXP 	fade_in_text: autoDraw = True
54.3299 	EXP 	fade_in_text: autoDraw = True
54.3464 	EXP 	fade_in_text: autoDraw = True
54.3631 	EXP 	fade_in_text: autoDraw = True
54.3798 	EXP 	fade_in_text: autoDraw = True
54.3965 	EXP 	fade_in_text: autoDraw = True
54.4131 	EXP 	fade_in_text: autoDraw = True
54.4297 	EXP 	fade_in_text: autoDraw = True
54.4465 	EXP 	fade_in_text: autoDraw = True
54.4631 	EXP 	fade_in_text: autoDraw = True
54.4798 	EXP 	fade_in_text: autoDraw = True
54.4965 	EXP 	fade_in_text: autoDraw = True
54.5131 	EXP 	fade_in_text: autoDraw = True
54.5297 	EXP 	fade_in_text: autoDraw = True
54.5465 	EXP 	fade_in_text: autoDraw = True
54.5631 	EXP 	fade_in_text: autoDraw = True
54.5798 	EXP 	fade_in_text: autoDraw = True
54.5965 	EXP 	fade_in_text: autoDraw = True
54.6132 	EXP 	fade_in_text: autoDraw = True
54.6297 	EXP 	fade_in_text: autoDraw = True
54.6465 	EXP 	fade_in_text: autoDraw = True
54.6632 	EXP 	fade_in_text: autoDraw = True
54.6798 	EXP 	fade_in_text: autoDraw = True
54.6965 	EXP 	fade_in_text: autoDraw = True
54.7133 	EXP 	fade_in_text: autoDraw = True
54.7297 	EXP 	fade_in_text: autoDraw = True
54.7465 	EXP 	fade_in_text: autoDraw = True
54.7632 	EXP 	fade_in_text: autoDraw = True
54.7798 	EXP 	fade_in_text: autoDraw = True
54.7965 	EXP 	fade_in_text: autoDraw = True
54.8133 	EXP 	fade_in_text: autoDraw = True
54.8297 	EXP 	fade_in_text: autoDraw = True
54.8465 	EXP 	fade_in_text: autoDraw = True
54.8632 	EXP 	fade_in_text: autoDraw = True
54.8798 	EXP 	fade_in_text: autoDraw = True
54.8965 	EXP 	fade_in_text: autoDraw = True
54.9133 	EXP 	fade_in_text: autoDraw = True
54.9298 	EXP 	fade_in_text: autoDraw = True
54.9465 	EXP 	fade_in_text: autoDraw = True
54.9632 	EXP 	fade_in_text: autoDraw = True
54.9798 	EXP 	fade_in_text: autoDraw = True
54.9965 	EXP 	fade_in_text: autoDraw = True
55.0132 	EXP 	fade_in_text: autoDraw = True
55.0298 	EXP 	fade_in_text: autoDraw = True
55.0465 	EXP 	fade_in_text: autoDraw = True
55.0632 	EXP 	fade_in_text: autoDraw = True
55.0798 	EXP 	fade_in_text: autoDraw = True
55.0965 	EXP 	fade_in_text: autoDraw = True
55.1131 	EXP 	fade_in_text: autoDraw = True
55.1298 	EXP 	fade_in_text: autoDraw = True
55.1465 	EXP 	fade_in_text: autoDraw = True
55.1632 	EXP 	fade_in_text: autoDraw = True
55.1798 	EXP 	fade_in_text: autoDraw = True
55.1965 	EXP 	fade_in_text: autoDraw = True
55.2131 	EXP 	fade_in_text: autoDraw = True
55.2298 	EXP 	fade_in_text: autoDraw = True
55.2465 	EXP 	fade_in_text: autoDraw = True
55.2632 	EXP 	fade_in_text: autoDraw = True
55.2799 	EXP 	fade_in_text: autoDraw = True
55.2965 	EXP 	fade_in_text: autoDraw = True
55.3131 	EXP 	fade_in_text: autoDraw = True
55.3298 	EXP 	fade_in_text: autoDraw = True
55.3465 	EXP 	fade_in_text: autoDraw = True
55.3632 	EXP 	fade_in_text: autoDraw = True
55.3799 	EXP 	fade_in_text: autoDraw = True
55.3966 	EXP 	fade_in_text: autoDraw = True
55.4131 	EXP 	fade_in_text: autoDraw = True
55.4299 	EXP 	fade_in_text: autoDraw = True
55.4465 	EXP 	fade_in_text: autoDraw = True
55.4632 	EXP 	fade_in_text: autoDraw = True
55.4799 	EXP 	fade_in_text: autoDraw = True
55.4967 	EXP 	fade_in_text: autoDraw = True
55.5131 	EXP 	fade_in_text: autoDraw = True
55.5299 	EXP 	fade_in_text: autoDraw = True
55.5465 	EXP 	fade_in_text: autoDraw = True
55.5632 	EXP 	fade_in_text: autoDraw = True
55.5799 	EXP 	fade_in_text: autoDraw = True
55.5966 	EXP 	fade_in_text: autoDraw = True
55.6131 	EXP 	fade_in_text: autoDraw = True
55.6299 	EXP 	fade_in_text: autoDraw = True
55.6465 	EXP 	fade_in_text: autoDraw = True
55.6633 	EXP 	fade_in_text: autoDraw = True
55.6799 	EXP 	fade_in_text: autoDraw = True
55.6965 	EXP 	fade_in_text: autoDraw = True
55.7131 	EXP 	fade_in_text: autoDraw = True
55.7299 	EXP 	fade_in_text: autoDraw = True
55.7465 	EXP 	fade_in_text: autoDraw = True
55.7632 	EXP 	fade_in_text: autoDraw = True
55.7799 	EXP 	fade_in_text: autoDraw = True
55.7965 	EXP 	fade_in_text: autoDraw = True
55.8131 	EXP 	fade_in_text: autoDraw = True
55.8299 	EXP 	fade_in_text: autoDraw = True
55.8466 	EXP 	fade_in_text: autoDraw = True
55.8632 	EXP 	fade_in_text: autoDraw = True
55.8799 	EXP 	fade_in_text: autoDraw = True
55.8965 	EXP 	fade_in_text: autoDraw = True
55.9132 	EXP 	fade_in_text: autoDraw = True
55.9299 	EXP 	fade_in_text: autoDraw = True
55.9465 	EXP 	fade_in_text: autoDraw = True
55.9632 	EXP 	fade_in_text: autoDraw = True
55.9799 	EXP 	fade_in_text: autoDraw = True
55.9965 	EXP 	fade_in_text: autoDraw = True
56.0132 	EXP 	fade_in_text: autoDraw = True
56.0299 	EXP 	fade_in_text: autoDraw = True
56.0466 	EXP 	fade_in_text: autoDraw = True
56.0632 	EXP 	fade_in_text: autoDraw = True
56.0800 	EXP 	fade_in_text: autoDraw = True
56.0965 	EXP 	fade_in_text: autoDraw = True
56.1132 	EXP 	fade_in_text: autoDraw = True
56.1299 	EXP 	fade_in_text: autoDraw = True
56.1466 	EXP 	fade_in_text: autoDraw = True
56.1632 	EXP 	fade_in_text: autoDraw = True
56.1800 	EXP 	fade_in_text: autoDraw = True
56.1965 	EXP 	fade_in_text: autoDraw = True
56.2132 	EXP 	fade_in_text: autoDraw = True
56.2299 	EXP 	fade_in_text: autoDraw = True
56.2466 	EXP 	fade_in_text: autoDraw = True
56.2633 	EXP 	fade_in_text: autoDraw = True
56.2801 	EXP 	fade_in_text: autoDraw = True
56.2966 	EXP 	fade_in_text: autoDraw = True
56.3132 	EXP 	fade_in_text: autoDraw = True
56.3299 	EXP 	fade_in_text: autoDraw = True
56.3466 	EXP 	fade_in_text: autoDraw = True
56.3633 	EXP 	fade_in_text: autoDraw = True
56.3798 	EXP 	fade_in_text: autoDraw = True
56.3965 	EXP 	fade_in_text: autoDraw = True
56.4132 	EXP 	fade_in_text: autoDraw = True
56.4299 	EXP 	fade_in_text: autoDraw = True
56.4466 	EXP 	fade_in_text: autoDraw = True
56.4633 	EXP 	fade_in_text: autoDraw = True
56.4798 	EXP 	fade_in_text: autoDraw = True
56.4966 	EXP 	fade_in_text: autoDraw = True
56.5132 	EXP 	fade_in_text: autoDraw = True
56.5299 	EXP 	fade_in_text: autoDraw = True
56.5466 	EXP 	fade_in_text: autoDraw = True
56.5633 	EXP 	fade_in_text: autoDraw = True
56.5798 	EXP 	fade_in_text: autoDraw = True
56.5966 	EXP 	fade_in_text: autoDraw = True
56.6133 	EXP 	fade_in_text: autoDraw = True
56.6299 	EXP 	fade_in_text: autoDraw = True
56.6466 	EXP 	fade_in_text: autoDraw = True
56.6633 	EXP 	fade_in_text: autoDraw = True
56.6798 	EXP 	fade_in_text: autoDraw = True
56.6966 	EXP 	fade_in_text: autoDraw = True
56.7133 	EXP 	fade_in_text: autoDraw = True
56.7299 	EXP 	fade_in_text: autoDraw = True
56.7466 	EXP 	fade_in_text: autoDraw = True
56.7634 	EXP 	fade_in_text: autoDraw = True
56.7798 	EXP 	fade_in_text: autoDraw = True
56.7966 	EXP 	fade_in_text: autoDraw = True
56.8133 	EXP 	fade_in_text: autoDraw = True
56.8299 	EXP 	fade_in_text: autoDraw = True
56.8466 	EXP 	fade_in_text: autoDraw = True
56.8634 	EXP 	fade_in_text: autoDraw = True
56.8799 	EXP 	fade_in_text: autoDraw = True
56.8966 	EXP 	fade_in_text: autoDraw = True
56.9133 	EXP 	fade_in_text: autoDraw = True
56.9299 	EXP 	fade_in_text: autoDraw = True
56.9466 	EXP 	fade_in_text: autoDraw = True
56.9635 	EXP 	fade_in_text: autoDraw = True
56.9799 	EXP 	fade_in_text: autoDraw = True
56.9966 	EXP 	fade_in_text: autoDraw = True
57.0133 	EXP 	fade_in_text: autoDraw = True
57.0299 	EXP 	fade_in_text: autoDraw = True
57.0466 	EXP 	fade_in_text: autoDraw = True
57.0633 	EXP 	fade_in_text: autoDraw = True
57.0799 	EXP 	fade_in_text: autoDraw = True
57.0966 	EXP 	fade_in_text: autoDraw = True
57.1133 	EXP 	fade_in_text: autoDraw = True
57.1299 	EXP 	fade_in_text: autoDraw = True
57.1466 	EXP 	fade_in_text: autoDraw = True
57.1633 	EXP 	fade_in_text: autoDraw = True
57.1799 	EXP 	fade_in_text: autoDraw = True
57.1966 	EXP 	fade_in_text: autoDraw = True
57.2133 	EXP 	fade_in_text: autoDraw = True
57.2300 	EXP 	fade_in_text: autoDraw = True
57.2466 	EXP 	fade_in_text: autoDraw = True
57.2633 	EXP 	fade_in_text: autoDraw = True
57.2799 	EXP 	fade_in_text: autoDraw = True
57.2966 	EXP 	fade_in_text: autoDraw = True
57.3133 	EXP 	fade_in_text: autoDraw = True
57.3300 	EXP 	fade_in_text: autoDraw = True
57.3467 	EXP 	fade_in_text: autoDraw = True
57.3632 	EXP 	fade_in_text: autoDraw = True
57.3800 	EXP 	fade_in_text: autoDraw = True
57.3966 	EXP 	fade_in_text: autoDraw = True
57.4134 	EXP 	fade_in_text: autoDraw = True
57.4300 	EXP 	fade_in_text: autoDraw = True
57.4468 	EXP 	fade_in_text: autoDraw = True
57.4633 	EXP 	fade_in_text: autoDraw = True
57.4800 	EXP 	fade_in_text: autoDraw = True
57.4966 	EXP 	fade_in_text: autoDraw = True
57.5133 	EXP 	fade_in_text: autoDraw = True
57.5300 	EXP 	fade_in_text: autoDraw = True
57.5468 	EXP 	fade_in_text: autoDraw = True
57.5634 	EXP 	fade_in_text: autoDraw = True
60.5968 	EXP 	fade_in_text: autoDraw = False
60.5968 	EXP 	RS_intro_title: autoDraw = True
60.5968 	EXP 	RS_intro_text: autoDraw = True
83.6147 	EXP 	RS_intro_title: autoDraw = False
83.6147 	EXP 	RS_intro_text: autoDraw = False
83.6147 	EXP 	RS_intro_title: autoDraw = False
83.6147 	EXP 	RS_intro_text: autoDraw = False
83.6147 	EXP 	RS_rec_text: text = 'Please keep relaxed and close your eyes.\n'
83.6147 	EXP 	RS_rec_text: autoDraw = True
263.6242 	EXP 	RS_rec_text: autoDraw = False
267.0247 	EXP 	RS_rec_text: autoDraw = False
267.0247 	EXP 	RS_intro_title: autoDraw = True
267.0247 	EXP 	RS_intro_text: autoDraw = True
290.0590 	EXP 	RS_intro_title: autoDraw = False
290.0590 	EXP 	RS_intro_text: autoDraw = False
290.0590 	EXP 	RS_intro_title: autoDraw = False
290.0590 	EXP 	RS_intro_text: autoDraw = False
290.0590 	EXP 	RS_rec_text: text = 'Please keep relaxed and open your eyes.\nNote: Blinking is allowed.'
290.0590 	EXP 	RS_rec_text: autoDraw = True
470.0686 	EXP 	RS_rec_text: autoDraw = False
473.4021 	EXP 	RS_rec_text: autoDraw = False
473.4021 	EXP 	Pause_cont: text = 'Press [space] key to continue.'
473.4021 	EXP 	Pause_cont: autoDraw = True
485.2577 	DATA 	Keypress: space
488.3364 	EXP 	Pause_cont: autoDraw = False
488.3364 	EXP 	QA_intro_title: autoDraw = True
488.3364 	EXP 	QA_intro_text: autoDraw = True
527.7213 	EXP 	QA_intro_cont: autoDraw = True
527.7520 	DATA 	Keypress: space
528.7918 	EXP 	Created sequence: random, trialTypes=1, nReps=2, seed=None
528.7925 	EXP 	New trial (rep=0, index=0): None
529.7964 	EXP 	Created sequence: random, trialTypes=1, nReps=25, seed=None
529.7973 	EXP 	New trial (rep=0, index=0): None
530.8550 	EXP 	QA_intro_title: autoDraw = False
530.8550 	EXP 	QA_intro_text: autoDraw = False
530.8550 	EXP 	QA_intro_cont: autoDraw = False
530.8550 	EXP 	QA_rec_text: autoDraw = True
548.8393 	EXP 	QA_rec_break: autoDraw = True
549.8394 	EXP 	QA_rec_break: autoDraw = False
550.8449 	EXP 	New trial (rep=1, index=0): None
551.8898 	EXP 	QA_rec_text: autoDraw = False
551.8898 	EXP 	QA_rec_break: autoDraw = False
551.8898 	EXP 	QA_rec_text: autoDraw = True
569.8737 	EXP 	QA_rec_break: autoDraw = True
570.8738 	EXP 	QA_rec_break: autoDraw = False
571.8788 	EXP 	New trial (rep=2, index=0): None
572.9404 	EXP 	QA_rec_text: autoDraw = False
572.9404 	EXP 	QA_rec_break: autoDraw = False
572.9404 	EXP 	QA_rec_text: autoDraw = True
590.9081 	EXP 	QA_rec_break: autoDraw = True
591.9082 	EXP 	QA_rec_break: autoDraw = False
592.9292 	EXP 	New trial (rep=3, index=0): None
593.9915 	EXP 	QA_rec_text: autoDraw = False
593.9915 	EXP 	QA_rec_break: autoDraw = False
593.9915 	EXP 	QA_rec_text: autoDraw = True
611.9592 	EXP 	QA_rec_break: autoDraw = True
612.9590 	EXP 	QA_rec_break: autoDraw = False
613.9802 	EXP 	New trial (rep=4, index=0): None
615.0268 	EXP 	QA_rec_text: autoDraw = False
615.0268 	EXP 	QA_rec_break: autoDraw = False
615.0268 	EXP 	QA_rec_text: autoDraw = True
633.0099 	EXP 	QA_rec_break: autoDraw = True
634.0106 	EXP 	QA_rec_break: autoDraw = False
635.0206 	EXP 	New trial (rep=5, index=0): None
636.0435 	EXP 	QA_rec_text: autoDraw = False
636.0435 	EXP 	QA_rec_break: autoDraw = False
636.0435 	EXP 	QA_rec_text: autoDraw = True
654.0278 	EXP 	QA_rec_break: autoDraw = True
655.0278 	EXP 	QA_rec_break: autoDraw = False
656.0330 	EXP 	New trial (rep=6, index=0): None
657.0947 	EXP 	QA_rec_text: autoDraw = False
657.0947 	EXP 	QA_rec_break: autoDraw = False
657.0947 	EXP 	QA_rec_text: autoDraw = True
675.0788 	EXP 	QA_rec_break: autoDraw = True
676.0789 	EXP 	QA_rec_break: autoDraw = False
677.0842 	EXP 	New trial (rep=7, index=0): None
678.1457 	EXP 	QA_rec_text: autoDraw = False
678.1457 	EXP 	QA_rec_break: autoDraw = False
678.1457 	EXP 	QA_rec_text: autoDraw = True
696.1132 	EXP 	QA_rec_break: autoDraw = True
697.1133 	EXP 	QA_rec_break: autoDraw = False
698.1346 	EXP 	New trial (rep=8, index=0): None
699.1803 	EXP 	QA_rec_text: autoDraw = False
699.1803 	EXP 	QA_rec_break: autoDraw = False
699.1803 	EXP 	QA_rec_text: autoDraw = True
717.1479 	EXP 	QA_rec_break: autoDraw = True
718.1479 	EXP 	QA_rec_break: autoDraw = False
719.1691 	EXP 	New trial (rep=9, index=0): None
720.2147 	EXP 	QA_rec_text: autoDraw = False
720.2147 	EXP 	QA_rec_break: autoDraw = False
720.2147 	EXP 	QA_rec_text: autoDraw = True
738.1823 	EXP 	QA_rec_break: autoDraw = True
739.1824 	EXP 	QA_rec_break: autoDraw = False
740.2043 	EXP 	New trial (rep=10, index=0): None
741.2492 	EXP 	QA_rec_text: autoDraw = False
741.2492 	EXP 	QA_rec_break: autoDraw = False
741.2492 	EXP 	QA_rec_text: autoDraw = True
759.2334 	EXP 	QA_rec_break: autoDraw = True
760.2334 	EXP 	QA_rec_break: autoDraw = False
761.2386 	EXP 	New trial (rep=11, index=0): None
762.2843 	EXP 	QA_rec_text: autoDraw = False
762.2843 	EXP 	QA_rec_break: autoDraw = False
762.2843 	EXP 	QA_rec_text: autoDraw = True
780.2678 	EXP 	QA_rec_break: autoDraw = True
781.2679 	EXP 	QA_rec_break: autoDraw = False
782.2733 	EXP 	New trial (rep=12, index=0): None
783.3013 	EXP 	QA_rec_text: autoDraw = False
783.3013 	EXP 	QA_rec_break: autoDraw = False
783.3013 	EXP 	QA_rec_text: autoDraw = True
801.2688 	EXP 	QA_rec_break: autoDraw = True
802.2689 	EXP 	QA_rec_break: autoDraw = False
803.2958 	EXP 	New trial (rep=13, index=0): None
804.3357 	EXP 	QA_rec_text: autoDraw = False
804.3357 	EXP 	QA_rec_break: autoDraw = False
804.3357 	EXP 	QA_rec_text: autoDraw = True
822.3199 	EXP 	QA_rec_break: autoDraw = True
823.3200 	EXP 	QA_rec_break: autoDraw = False
824.3249 	EXP 	New trial (rep=14, index=0): None
825.3533 	EXP 	QA_rec_text: autoDraw = False
825.3533 	EXP 	QA_rec_break: autoDraw = False
825.3533 	EXP 	QA_rec_text: autoDraw = True
843.3211 	EXP 	QA_rec_break: autoDraw = True
844.3211 	EXP 	QA_rec_break: autoDraw = False
845.3496 	EXP 	New trial (rep=15, index=0): None
846.4050 	EXP 	QA_rec_text: autoDraw = False
846.4050 	EXP 	QA_rec_break: autoDraw = False
846.4050 	EXP 	QA_rec_text: autoDraw = True
864.3890 	EXP 	QA_rec_break: autoDraw = True
865.3889 	EXP 	QA_rec_break: autoDraw = False
866.3945 	EXP 	New trial (rep=16, index=0): None
867.4557 	EXP 	QA_rec_text: autoDraw = False
867.4557 	EXP 	QA_rec_break: autoDraw = False
867.4557 	EXP 	QA_rec_text: autoDraw = True
885.4564 	EXP 	QA_rec_break: autoDraw = True
887.4611 	EXP 	New trial (rep=17, index=0): None
888.5070 	EXP 	QA_rec_text: autoDraw = False
888.5070 	EXP 	QA_rec_break: autoDraw = False
888.5070 	EXP 	QA_rec_text: autoDraw = True
906.5075 	EXP 	QA_rec_break: autoDraw = True
908.5119 	EXP 	New trial (rep=18, index=0): None
909.5576 	EXP 	QA_rec_text: autoDraw = False
909.5576 	EXP 	QA_rec_break: autoDraw = False
909.5576 	EXP 	QA_rec_text: autoDraw = True
927.5587 	EXP 	QA_rec_break: autoDraw = True
929.5634 	EXP 	New trial (rep=19, index=0): None
930.6263 	EXP 	QA_rec_text: autoDraw = False
930.6263 	EXP 	QA_rec_break: autoDraw = False
930.6263 	EXP 	QA_rec_text: autoDraw = True
948.5932 	EXP 	QA_rec_break: autoDraw = True
950.5987 	EXP 	New trial (rep=20, index=0): None
951.6599 	EXP 	QA_rec_text: autoDraw = False
951.6599 	EXP 	QA_rec_break: autoDraw = False
951.6599 	EXP 	QA_rec_text: autoDraw = True
969.6608 	EXP 	QA_rec_break: autoDraw = True
971.6322 	EXP 	New trial (rep=21, index=0): None
972.6609 	EXP 	QA_rec_text: autoDraw = False
972.6609 	EXP 	QA_rec_break: autoDraw = False
972.6609 	EXP 	QA_rec_text: autoDraw = True
990.6617 	EXP 	QA_rec_break: autoDraw = True
992.6664 	EXP 	New trial (rep=22, index=0): None
993.7123 	EXP 	QA_rec_text: autoDraw = False
993.7123 	EXP 	QA_rec_break: autoDraw = False
993.7123 	EXP 	QA_rec_text: autoDraw = True
1011.7129 	EXP 	QA_rec_break: autoDraw = True
1013.7181 	EXP 	New trial (rep=23, index=0): None
1014.7801 	EXP 	QA_rec_text: autoDraw = False
1014.7801 	EXP 	QA_rec_break: autoDraw = False
1014.7801 	EXP 	QA_rec_text: autoDraw = True
1032.7807 	EXP 	QA_rec_break: autoDraw = True
1034.7852 	EXP 	New trial (rep=24, index=0): None
1035.8317 	EXP 	QA_rec_text: autoDraw = False
1035.8317 	EXP 	QA_rec_break: autoDraw = False
1035.8317 	EXP 	QA_rec_text: autoDraw = True
1053.8317 	EXP 	QA_rec_break: autoDraw = True
1057.8821 	EXP 	QA_rec_text: autoDraw = False
1057.8821 	EXP 	QA_rec_break: autoDraw = False
1057.8821 	EXP 	Pause_cont: text = 'Press [space] key to continue.'
1057.8821 	EXP 	Pause_cont: autoDraw = True
1071.8500 	DATA 	Keypress: space
1072.8686 	EXP 	New trial (rep=1, index=0): None
1073.8724 	EXP 	Created sequence: random, trialTypes=1, nReps=25, seed=None
1073.8733 	EXP 	New trial (rep=0, index=0): None
1074.9665 	EXP 	Pause_cont: autoDraw = False
1074.9665 	EXP 	QA_rec_text: autoDraw = True
1092.9672 	EXP 	QA_rec_break: autoDraw = True
1094.9399 	EXP 	New trial (rep=1, index=0): None
1096.0022 	EXP 	QA_rec_text: autoDraw = False
1096.0022 	EXP 	QA_rec_break: autoDraw = False
1096.0022 	EXP 	QA_rec_text: autoDraw = True
1113.9682 	EXP 	QA_rec_break: autoDraw = True
1115.9726 	EXP 	New trial (rep=2, index=0): None
1117.0354 	EXP 	QA_rec_text: autoDraw = False
1117.0354 	EXP 	QA_rec_break: autoDraw = False
1117.0354 	EXP 	QA_rec_text: autoDraw = True
1135.0361 	EXP 	QA_rec_break: autoDraw = True
1137.0073 	EXP 	New trial (rep=3, index=0): None
1138.0704 	EXP 	QA_rec_text: autoDraw = False
1138.0704 	EXP 	QA_rec_break: autoDraw = False
1138.0704 	EXP 	QA_rec_text: autoDraw = True
1156.0371 	EXP 	QA_rec_break: autoDraw = True
1158.0417 	EXP 	New trial (rep=4, index=0): None
1159.1057 	EXP 	QA_rec_text: autoDraw = False
1159.1057 	EXP 	QA_rec_break: autoDraw = False
1159.1057 	EXP 	QA_rec_text: autoDraw = True
1177.0882 	EXP 	QA_rec_break: autoDraw = True
1179.0934 	EXP 	New trial (rep=5, index=0): None
1180.1554 	EXP 	QA_rec_text: autoDraw = False
1180.1554 	EXP 	QA_rec_break: autoDraw = False
1180.1554 	EXP 	QA_rec_text: autoDraw = True
1198.1226 	EXP 	QA_rec_break: autoDraw = True
1200.1281 	EXP 	New trial (rep=6, index=0): None
1201.1902 	EXP 	QA_rec_text: autoDraw = False
1201.1902 	EXP 	QA_rec_break: autoDraw = False
1201.1902 	EXP 	QA_rec_text: autoDraw = True
1219.1904 	EXP 	QA_rec_break: autoDraw = True
1221.1948 	EXP 	New trial (rep=7, index=0): None
1222.2405 	EXP 	QA_rec_text: autoDraw = False
1222.2405 	EXP 	QA_rec_break: autoDraw = False
1222.2405 	EXP 	QA_rec_text: autoDraw = True
1240.2416 	EXP 	QA_rec_break: autoDraw = True
1242.2461 	EXP 	New trial (rep=8, index=0): None
1243.3097 	EXP 	QA_rec_text: autoDraw = False
1243.3097 	EXP 	QA_rec_break: autoDraw = False
1243.3097 	EXP 	QA_rec_text: autoDraw = True
1261.3096 	EXP 	QA_rec_break: autoDraw = True
1263.3148 	EXP 	New trial (rep=9, index=0): None
1264.3778 	EXP 	QA_rec_text: autoDraw = False
1264.3778 	EXP 	QA_rec_break: autoDraw = False
1264.3778 	EXP 	QA_rec_text: autoDraw = True
1282.3771 	EXP 	QA_rec_break: autoDraw = True
1284.3817 	EXP 	New trial (rep=10, index=0): None
1285.4456 	EXP 	QA_rec_text: autoDraw = False
1285.4456 	EXP 	QA_rec_break: autoDraw = False
1285.4456 	EXP 	QA_rec_text: autoDraw = True
1303.4448 	EXP 	QA_rec_break: autoDraw = True
1305.4494 	EXP 	New trial (rep=11, index=0): None
1306.5125 	EXP 	QA_rec_text: autoDraw = False
1306.5125 	EXP 	QA_rec_break: autoDraw = False
1306.5125 	EXP 	QA_rec_text: autoDraw = True
1324.5126 	EXP 	QA_rec_break: autoDraw = True
1326.5179 	EXP 	New trial (rep=12, index=0): None
1327.5798 	EXP 	QA_rec_text: autoDraw = False
1327.5798 	EXP 	QA_rec_break: autoDraw = False
1327.5798 	EXP 	QA_rec_text: autoDraw = True
1345.5805 	EXP 	QA_rec_break: autoDraw = True
1347.5845 	EXP 	New trial (rep=13, index=0): None
1348.6314 	EXP 	QA_rec_text: autoDraw = False
1348.6314 	EXP 	QA_rec_break: autoDraw = False
1348.6314 	EXP 	QA_rec_text: autoDraw = True
1366.6315 	EXP 	QA_rec_break: autoDraw = True
1368.6366 	EXP 	New trial (rep=14, index=0): None
1369.6988 	EXP 	QA_rec_text: autoDraw = False
1369.6988 	EXP 	QA_rec_break: autoDraw = False
1369.6988 	EXP 	QA_rec_text: autoDraw = True
1387.6993 	EXP 	QA_rec_break: autoDraw = True
1389.7036 	EXP 	New trial (rep=15, index=0): None
1390.7829 	EXP 	QA_rec_text: autoDraw = False
1390.7829 	EXP 	QA_rec_break: autoDraw = False
1390.7829 	EXP 	QA_rec_text: autoDraw = True
1408.7837 	EXP 	QA_rec_break: autoDraw = True
1410.7883 	EXP 	New trial (rep=16, index=0): None
1411.8514 	EXP 	QA_rec_text: autoDraw = False
1411.8514 	EXP 	QA_rec_break: autoDraw = False
1411.8514 	EXP 	QA_rec_text: autoDraw = True
1429.8515 	EXP 	QA_rec_break: autoDraw = True
1431.8562 	EXP 	New trial (rep=17, index=0): None
1432.9021 	EXP 	QA_rec_text: autoDraw = False
1432.9021 	EXP 	QA_rec_break: autoDraw = False
1432.9021 	EXP 	QA_rec_text: autoDraw = True
1450.9026 	EXP 	QA_rec_break: autoDraw = True
1452.9071 	EXP 	New trial (rep=18, index=0): None
1453.9697 	EXP 	QA_rec_text: autoDraw = False
1453.9697 	EXP 	QA_rec_break: autoDraw = False
1453.9697 	EXP 	QA_rec_text: autoDraw = True
1471.9704 	EXP 	QA_rec_break: autoDraw = True
1473.9405 	EXP 	New trial (rep=19, index=0): None
1475.0039 	EXP 	QA_rec_text: autoDraw = False
1475.0039 	EXP 	QA_rec_break: autoDraw = False
1475.0039 	EXP 	QA_rec_text: autoDraw = True
1493.0048 	EXP 	QA_rec_break: autoDraw = True
1494.9762 	EXP 	New trial (rep=20, index=0): None
1496.0382 	EXP 	QA_rec_text: autoDraw = False
1496.0382 	EXP 	QA_rec_break: autoDraw = False
1496.0382 	EXP 	QA_rec_text: autoDraw = True
1514.0392 	EXP 	QA_rec_break: autoDraw = True
1516.0437 	EXP 	New trial (rep=21, index=0): None
1517.1061 	EXP 	QA_rec_text: autoDraw = False
1517.1061 	EXP 	QA_rec_break: autoDraw = False
1517.1061 	EXP 	QA_rec_text: autoDraw = True
1535.1071 	EXP 	QA_rec_break: autoDraw = True
1537.1117 	EXP 	New trial (rep=22, index=0): None
1538.1578 	EXP 	QA_rec_text: autoDraw = False
1538.1578 	EXP 	QA_rec_break: autoDraw = False
1538.1578 	EXP 	QA_rec_text: autoDraw = True
1556.1581 	EXP 	QA_rec_break: autoDraw = True
1558.1631 	EXP 	New trial (rep=23, index=0): None
1559.2088 	EXP 	QA_rec_text: autoDraw = False
1559.2088 	EXP 	QA_rec_break: autoDraw = False
1559.2088 	EXP 	QA_rec_text: autoDraw = True
1577.2092 	EXP 	QA_rec_break: autoDraw = True
1579.2145 	EXP 	New trial (rep=24, index=0): None
1580.2773 	EXP 	QA_rec_text: autoDraw = False
1580.2773 	EXP 	QA_rec_break: autoDraw = False
1580.2773 	EXP 	QA_rec_text: autoDraw = True
1598.2770 	EXP 	QA_rec_break: autoDraw = True
1602.3273 	EXP 	QA_rec_text: autoDraw = False
1602.3273 	EXP 	QA_rec_break: autoDraw = False
1602.3273 	EXP 	Pause_cont: text = 'Press [space] key to continue.'
1602.3273 	EXP 	Pause_cont: autoDraw = True
1625.4692 	EXP 	window1: mouseVisible = True
