24.0748 	EXP 	Created instruction_text = TextStim(__class__=<class 'psychopy.visual.text.TextStim'>, alignHoriz='center', alignVert='center', antialias=True, autoLog=True, bold=False, color=array([1., 1., 1.]), colorSpace='rgb', contrast=1.0, depth=-0.0, flipHoriz=False, flipVert=False, font='Arial', fontFiles=[], height=0.06, italic=False, languageStyle='LTR', name='instruction_text', opacity=1.0, ori=0.0, pos=array([0.5, 0.1]), rgb=array([1., 1., 1.]), text=str(...), units='norm', win=Window(...), wrapWidth=1)
24.3499 	EXP 	Created instruction_cont = TextStim(__class__=<class 'psychopy.visual.text.TextStim'>, alignHoriz='center', alignVert='center', antialias=True, autoLog=True, bold=False, color=array([1., 1., 1.]), colorSpace='rgb', contrast=1.0, depth=-3.0, flipHoriz=False, flipVert=False, font='Arial', fontFiles=[], height=0.06, italic=False, languageStyle='LTR', name='instruction_cont', opacity=1.0, ori=0.0, pos=array([ 0.5, -0.4]), rgb=array([1., 1., 1.]), text='          Press [space] key to continue.', units='norm', win=Window(...), wrapWidth=1)
24.3560 	EXP 	Created Artifact_intro_title = TextStim(__class__=<class 'psychopy.visual.text.TextStim'>, alignHoriz='center', alignVert='center', antialias=True, autoLog=True, bold=False, color=array([1., 1., 1.]), colorSpace='rgb', contrast=1.0, depth=-0.0, flipHoriz=False, flipVert=False, font='Arial', fontFiles=[], height=0.06, italic=False, languageStyle='LTR', name='Artifact_intro_title', opacity=1.0, ori=0.0, pos=array([0.5, 0.4]), rgb=array([1., 1., 1.]), text='Muscular signal recording', units='norm', win=Window(...), wrapWidth=1)
24.3721 	EXP 	Created Artifact_intro_text = TextStim(__class__=<class 'psychopy.visual.text.TextStim'>, alignHoriz='center', alignVert='center', antialias=True, autoLog=True, bold=False, color=array([1., 1., 1.]), colorSpace='rgb', contrast=1.0, depth=-1.0, flipHoriz=False, flipVert=False, font='Arial', fontFiles=[], height=0.06, italic=False, languageStyle='LTR', name='Artifact_intro_text', opacity=1.0, ori=0.0, pos=array([0.5, 0. ]), rgb=array([1., 1., 1.]), text=str(...), units='norm', win=Window(...), wrapWidth=1)
24.3858 	EXP 	Created Artifact_intro_cont = TextStim(__class__=<class 'psychopy.visual.text.TextStim'>, alignHoriz='center', alignVert='center', antialias=True, autoLog=True, bold=False, color=array([1., 1., 1.]), colorSpace='rgb', contrast=1.0, depth=-4.0, flipHoriz=False, flipVert=False, font='Arial', fontFiles=[], height=0.06, italic=False, languageStyle='LTR', name='Artifact_intro_cont', opacity=1.0, ori=0.0, pos=array([0.5, 0. ]), rgb=array([1., 1., 1.]), text='          Press [space] key to continue.', units='norm', win=Window(...), wrapWidth=1)
24.3865 	EXP 	Created Artifact_rec_text = TextStim(__class__=<class 'psychopy.visual.text.TextStim'>, alignHoriz='center', alignVert='center', antialias=True, autoLog=True, bold=False, color=array([1., 1., 1.]), colorSpace='rgb', contrast=1.0, depth=-0.0, flipHoriz=False, flipVert=False, font='Arial', fontFiles=[], height=0.06, italic=False, languageStyle='LTR', name='Artifact_rec_text', opacity=1.0, ori=0.0, pos=array([0.5, 0.4]), rgb=array([1., 1., 1.]), text='', units='norm', win=Window(...), wrapWidth=1)
24.3889 	EXP 	Created Artifact_rec_recording = TextStim(__class__=<class 'psychopy.visual.text.TextStim'>, alignHoriz='center', alignVert='center', antialias=True, autoLog=True, bold=False, color=array([1., 1., 1.]), colorSpace='rgb', contrast=1.0, depth=-4.0, flipHoriz=False, flipVert=False, font='Arial', fontFiles=[], height=0.06, italic=False, languageStyle='LTR', name='Artifact_rec_recording', opacity=1.0, ori=0.0, pos=array([ 0.5, -0.4]), rgb=array([1., 1., 1.]), text='', units='norm', win=Window(...), wrapWidth=1)
24.3921 	EXP 	Created Artifact_rec_break = TextStim(__class__=<class 'psychopy.visual.text.TextStim'>, alignHoriz='center', alignVert='center', antialias=True, autoLog=True, bold=False, color=array([1., 1., 1.]), colorSpace='rgb', contrast=1.0, depth=-6.0, flipHoriz=False, flipVert=False, font='Arial', fontFiles=[], height=0.06, italic=False, languageStyle='LTR', name='Artifact_rec_break', opacity=1.0, ori=0.0, pos=array([ 0.5, -0.4]), rgb=array([1., 1., 1.]), text='Short break', units='norm', win=Window(...), wrapWidth=1)
24.3973 	EXP 	Created Cali_de_pre_intro_title = TextStim(__class__=<class 'psychopy.visual.text.TextStim'>, alignHoriz='center', alignVert='center', antialias=True, autoLog=True, bold=False, color=array([1., 1., 1.]), colorSpace='rgb', contrast=1.0, depth=-0.0, flipHoriz=False, flipVert=False, font='Arial', fontFiles=[], height=0.06, italic=False, languageStyle='LTR', name='Cali_de_pre_intro_title', opacity=1.0, ori=0.0, pos=array([0.5, 0.4]), rgb=array([1., 1., 1.]), text='READ OUT BLOCK (GERMAN)', units='norm', win=Window(...), wrapWidth=1)
24.4056 	EXP 	Created Cali_de_pre_intro_text = TextStim(__class__=<class 'psychopy.visual.text.TextStim'>, alignHoriz='center', alignVert='center', antialias=True, autoLog=True, bold=False, color=array([1., 1., 1.]), colorSpace='rgb', contrast=1.0, depth=-1.0, flipHoriz=False, flipVert=False, font='Arial', fontFiles=[], height=0.06, italic=False, languageStyle='LTR', name='Cali_de_pre_intro_text', opacity=1.0, ori=0.0, pos=array([0.5, 0. ]), rgb=array([1., 1., 1.]), text=str(...), units='norm', win=Window(...), wrapWidth=1)
24.4103 	EXP 	Created Cali_de_pre_intro_cont = TextStim(__class__=<class 'psychopy.visual.text.TextStim'>, alignHoriz='center', alignVert='center', antialias=True, autoLog=True, bold=False, color=array([1., 1., 1.]), colorSpace='rgb', contrast=1.0, depth=-4.0, flipHoriz=False, flipVert=False, font='Arial', fontFiles=[], height=0.06, italic=False, languageStyle='LTR', name='Cali_de_pre_intro_cont', opacity=1.0, ori=0.0, pos=array([0.5, 0. ]), rgb=array([1., 1., 1.]), text='          Press [space] key to continue.', units='norm', win=Window(...), wrapWidth=1)
24.4107 	EXP 	Created Cali_de_pre_rec_text = TextStim(__class__=<class 'psychopy.visual.text.TextStim'>, alignHoriz='center', alignVert='center', antialias=True, autoLog=True, bold=False, color=array([1., 1., 1.]), colorSpace='rgb', contrast=1.0, depth=-0.0, flipHoriz=False, flipVert=False, font='Arial', fontFiles=[], height=0.06, italic=False, languageStyle='LTR', name='Cali_de_pre_rec_text', opacity=1.0, ori=0.0, pos=array([0.5, 0.4]), rgb=array([1., 1., 1.]), text='', units='norm', win=Window(...), wrapWidth=1)
24.4115 	EXP 	Created Cali_de_pre_rec_question_text = TextStim(__class__=<class 'psychopy.visual.text.TextStim'>, alignHoriz='center', alignVert='center', antialias=True, autoLog=True, bold=False, color=array([1., 1., 1.]), colorSpace='rgb', contrast=1.0, depth=-2.0, flipHoriz=False, flipVert=False, font='Arial', fontFiles=[], height=0.06, italic=False, languageStyle='LTR', name='Cali_de_pre_rec_question_text', opacity=1.0, ori=0.0, pos=array([0.5, 0. ]), rgb=array([1., 1., 1.]), text='', units='norm', win=Window(...), wrapWidth=1)
24.4138 	EXP 	Created Cali_de_pre_rec_break = TextStim(__class__=<class 'psychopy.visual.text.TextStim'>, alignHoriz='center', alignVert='center', antialias=True, autoLog=True, bold=False, color=array([1., 1., 1.]), colorSpace='rgb', contrast=1.0, depth=-6.0, flipHoriz=False, flipVert=False, font='Arial', fontFiles=[], height=0.06, italic=False, languageStyle='LTR', name='Cali_de_pre_rec_break', opacity=1.0, ori=0.0, pos=array([ 0.5, -0.4]), rgb=array([1., 1., 1.]), text='Short break', units='norm', win=Window(...), wrapWidth=1)
24.4142 	EXP 	Created fade_in_text = TextStim(__class__=<class 'psychopy.visual.text.TextStim'>, alignHoriz='center', alignVert='center', antialias=True, autoLog=True, bold=False, color=array([1., 1., 1.]), colorSpace='rgb', contrast=1.0, depth=-0.0, flipHoriz=False, flipVert=False, font='Arial', fontFiles=[], height=0.06, italic=False, languageStyle='LTR', name='fade_in_text', opacity=1.0, ori=0.0, pos=array([0.5, 0.4]), rgb=array([1., 1., 1.]), text='', units='norm', win=Window(...), wrapWidth=1)
24.4162 	EXP 	Created RS_intro_title = TextStim(__class__=<class 'psychopy.visual.text.TextStim'>, alignHoriz='center', alignVert='center', antialias=True, autoLog=True, bold=False, color=array([1., 1., 1.]), colorSpace='rgb', contrast=1.0, depth=-0.0, flipHoriz=False, flipVert=False, font='Arial', fontFiles=[], height=0.06, italic=False, languageStyle='LTR', name='RS_intro_title', opacity=1.0, ori=0.0, pos=array([0.5, 0.4]), rgb=array([1., 1., 1.]), text='REST STATE BLOCK', units='norm', win=Window(...), wrapWidth=1)
24.4234 	EXP 	Created RS_intro_text = TextStim(__class__=<class 'psychopy.visual.text.TextStim'>, alignHoriz='center', alignVert='center', antialias=True, autoLog=True, bold=False, color=array([1., 1., 1.]), colorSpace='rgb', contrast=1.0, depth=-1.0, flipHoriz=False, flipVert=False, font='Arial', fontFiles=[], height=0.06, italic=False, languageStyle='LTR', name='RS_intro_text', opacity=1.0, ori=0.0, pos=array([0.5, 0. ]), rgb=array([1., 1., 1.]), text=str(...), units='norm', win=Window(...), wrapWidth=1)
24.4290 	EXP 	Created RS_rec_text = TextStim(__class__=<class 'psychopy.visual.text.TextStim'>, alignHoriz='center', alignVert='center', antialias=True, autoLog=True, bold=False, color=array([1., 1., 1.]), colorSpace='rgb', contrast=1.0, depth=-0.0, flipHoriz=False, flipVert=False, font='Arial', fontFiles=[], height=0.06, italic=False, languageStyle='LTR', name='RS_rec_text', opacity=1.0, ori=0.0, pos=array([0.5, 0. ]), rgb=array([1., 1., 1.]), text=str(...), units='norm', win=Window(...), wrapWidth=1)
24.4313 	EXP 	Created QA_intro_title = TextStim(__class__=<class 'psychopy.visual.text.TextStim'>, alignHoriz='center', alignVert='center', antialias=True, autoLog=True, bold=False, color=array([1., 1., 1.]), colorSpace='rgb', contrast=1.0, depth=-0.0, flipHoriz=False, flipVert=False, font='Arial', fontFiles=[], height=0.06, italic=False, languageStyle='LTR', name='QA_intro_title', opacity=1.0, ori=0.0, pos=array([0.5, 0.5]), rgb=array([1., 1., 1.]), text='Q&A BLOCK', units='norm', win=Window(...), wrapWidth=1)
24.4404 	EXP 	Created QA_intro_text = TextStim(__class__=<class 'psychopy.visual.text.TextStim'>, alignHoriz='center', alignVert='center', antialias=True, autoLog=True, bold=False, color=array([1., 1., 1.]), colorSpace='rgb', contrast=1.0, depth=-1.0, flipHoriz=False, flipVert=False, font='Arial', fontFiles=[], height=0.06, italic=False, languageStyle='LTR', name='QA_intro_text', opacity=1.0, ori=0.0, pos=array([0.5, 0. ]), rgb=array([1., 1., 1.]), text=str(...), units='norm', win=Window(...), wrapWidth=1)
24.4451 	EXP 	Created QA_intro_cont = TextStim(__class__=<class 'psychopy.visual.text.TextStim'>, alignHoriz='center', alignVert='center', antialias=True, autoLog=True, bold=False, color=array([1., 1., 1.]), colorSpace='rgb', contrast=1.0, depth=-4.0, flipHoriz=False, flipVert=False, font='Arial', fontFiles=[], height=0.06, italic=False, languageStyle='LTR', name='QA_intro_cont', opacity=1.0, ori=0.0, pos=array([0.5, 0. ]), rgb=array([1., 1., 1.]), text='          Press [space] key to continue.', units='norm', win=Window(...), wrapWidth=1)
24.4624 	EXP 	Created QA_rec_text = TextStim(__class__=<class 'psychopy.visual.text.TextStim'>, alignHoriz='center', alignVert='center', antialias=True, autoLog=True, bold=False, color=array([1., 1., 1.]), colorSpace='rgb', contrast=1.0, depth=-0.0, flipHoriz=False, flipVert=False, font='Arial', fontFiles=[], height=0.06, italic=False, languageStyle='LTR', name='QA_rec_text', opacity=1.0, ori=0.0, pos=array([0.5, 0. ]), rgb=array([1., 1., 1.]), text=str(...), units='norm', win=Window(...), wrapWidth=1)
24.4663 	EXP 	Created QA_rec_break = TextStim(__class__=<class 'psychopy.visual.text.TextStim'>, alignHoriz='center', alignVert='center', antialias=True, autoLog=True, bold=False, color=array([1., 1., 1.]), colorSpace='rgb', contrast=1.0, depth=-6.0, flipHoriz=False, flipVert=False, font='Arial', fontFiles=[], height=0.06, italic=False, languageStyle='LTR', name='QA_rec_break', opacity=1.0, ori=0.0, pos=array([ 0.5, -0.4]), rgb=array([1., 1., 1.]), text='Short break', units='norm', win=Window(...), wrapWidth=1)
24.4705 	EXP 	Created Pause_cont = TextStim(__class__=<class 'psychopy.visual.text.TextStim'>, alignHoriz='center', alignVert='center', antialias=True, autoLog=True, bold=False, color=array([1., 1., 1.]), colorSpace='rgb', contrast=1.0, depth=-2.0, flipHoriz=False, flipVert=False, font='Arial', fontFiles=[], height=0.06, italic=False, languageStyle='LTR', name='Pause_cont', opacity=1.0, ori=0.0, pos=array([0.5, 0. ]), rgb=array([1., 1., 1.]), text=str(...), units='norm', win=Window(...), wrapWidth=1)
24.4727 	EXP 	Created Cali_de_post_intro_title = TextStim(__class__=<class 'psychopy.visual.text.TextStim'>, alignHoriz='center', alignVert='center', antialias=True, autoLog=True, bold=False, color=array([1., 1., 1.]), colorSpace='rgb', contrast=1.0, depth=-0.0, flipHoriz=False, flipVert=False, font='Arial', fontFiles=[], height=0.06, italic=False, languageStyle='LTR', name='Cali_de_post_intro_title', opacity=1.0, ori=0.0, pos=array([0.5, 0.4]), rgb=array([1., 1., 1.]), text='READ OUT BLOCK (GERMAN)', units='norm', win=Window(...), wrapWidth=1)
24.5379 	EXP 	Created Cali_de_post_intro_text = TextStim(__class__=<class 'psychopy.visual.text.TextStim'>, alignHoriz='center', alignVert='center', antialias=True, autoLog=True, bold=False, color=array([1., 1., 1.]), colorSpace='rgb', contrast=1.0, depth=-1.0, flipHoriz=False, flipVert=False, font='Arial', fontFiles=[], height=0.06, italic=False, languageStyle='LTR', name='Cali_de_post_intro_text', opacity=1.0, ori=0.0, pos=array([0.5, 0. ]), rgb=array([1., 1., 1.]), text=str(...), units='norm', win=Window(...), wrapWidth=1)
24.5429 	EXP 	Created Cali_de_post_intro_cont = TextStim(__class__=<class 'psychopy.visual.text.TextStim'>, alignHoriz='center', alignVert='center', antialias=True, autoLog=True, bold=False, color=array([1., 1., 1.]), colorSpace='rgb', contrast=1.0, depth=-4.0, flipHoriz=False, flipVert=False, font='Arial', fontFiles=[], height=0.06, italic=False, languageStyle='LTR', name='Cali_de_post_intro_cont', opacity=1.0, ori=0.0, pos=array([0.5, 0. ]), rgb=array([1., 1., 1.]), text='          Press [space] key to continue.', units='norm', win=Window(...), wrapWidth=1)
24.5434 	EXP 	Created Cali_de_post_rec_text = TextStim(__class__=<class 'psychopy.visual.text.TextStim'>, alignHoriz='center', alignVert='center', antialias=True, autoLog=True, bold=False, color=array([1., 1., 1.]), colorSpace='rgb', contrast=1.0, depth=-0.0, flipHoriz=False, flipVert=False, font='Arial', fontFiles=[], height=0.06, italic=False, languageStyle='LTR', name='Cali_de_post_rec_text', opacity=1.0, ori=0.0, pos=array([0.5, 0.4]), rgb=array([1., 1., 1.]), text='', units='norm', win=Window(...), wrapWidth=1)
24.5442 	EXP 	Created Cali_de_post_rec_question_text = TextStim(__class__=<class 'psychopy.visual.text.TextStim'>, alignHoriz='center', alignVert='center', antialias=True, autoLog=True, bold=False, color=array([1., 1., 1.]), colorSpace='rgb', contrast=1.0, depth=-2.0, flipHoriz=False, flipVert=False, font='Arial', fontFiles=[], height=0.06, italic=False, languageStyle='LTR', name='Cali_de_post_rec_question_text', opacity=1.0, ori=0.0, pos=array([0.5, 0. ]), rgb=array([1., 1., 1.]), text='', units='norm', win=Window(...), wrapWidth=1)
24.5462 	EXP 	Created Cali_de_post_rec_break = TextStim(__class__=<class 'psychopy.visual.text.TextStim'>, alignHoriz='center', alignVert='center', antialias=True, autoLog=True, bold=False, color=array([1., 1., 1.]), colorSpace='rgb', contrast=1.0, depth=-6.0, flipHoriz=False, flipVert=False, font='Arial', fontFiles=[], height=0.06, italic=False, languageStyle='LTR', name='Cali_de_post_rec_break', opacity=1.0, ori=0.0, pos=array([ 0.5, -0.4]), rgb=array([1., 1., 1.]), text='Short break', units='norm', win=Window(...), wrapWidth=1)
24.5496 	EXP 	Created the_end_text = TextStim(__class__=<class 'psychopy.visual.text.TextStim'>, alignHoriz='center', alignVert='center', antialias=True, autoLog=True, bold=False, color=array([1., 1., 1.]), colorSpace='rgb', contrast=1.0, depth=-1.0, flipHoriz=False, flipVert=False, font='Arial', fontFiles=[], height=0.06, italic=False, languageStyle='LTR', name='the_end_text', opacity=1.0, ori=0.0, pos=array([0.7, 0. ]), rgb=array([1., 1., 1.]), text=str(...), units='norm', win=Window(...), wrapWidth=1)
26.5541 	EXP 	Created sequence: random, trialTypes=1, nReps=4, seed=None
26.5548 	EXP 	New trial (rep=0, index=0): None
26.5553 	EXP 	New trial (rep=1, index=0): None
26.5558 	EXP 	New trial (rep=2, index=0): None
26.5564 	EXP 	New trial (rep=3, index=0): None
27.5846 	EXP 	fade_in_text: text = 'Please remain seated until further instruction via the earphone.'
27.5846 	EXP 	fade_in_text: autoDraw = True
33.5849 	EXP 	fade_in_text: autoDraw = True
33.6016 	EXP 	fade_in_text: autoDraw = True
33.6183 	EXP 	fade_in_text: autoDraw = True
33.6351 	EXP 	fade_in_text: autoDraw = True
33.6516 	EXP 	fade_in_text: autoDraw = True
33.6686 	EXP 	fade_in_text: autoDraw = True
33.6849 	EXP 	fade_in_text: autoDraw = True
33.7016 	EXP 	fade_in_text: autoDraw = True
33.7183 	EXP 	fade_in_text: autoDraw = True
33.7349 	EXP 	fade_in_text: autoDraw = True
33.7516 	EXP 	fade_in_text: autoDraw = True
33.7684 	EXP 	fade_in_text: autoDraw = True
33.7849 	EXP 	fade_in_text: autoDraw = True
33.8016 	EXP 	fade_in_text: autoDraw = True
33.8183 	EXP 	fade_in_text: autoDraw = True
33.8349 	EXP 	fade_in_text: autoDraw = True
33.8516 	EXP 	fade_in_text: autoDraw = True
33.8683 	EXP 	fade_in_text: autoDraw = True
33.8849 	EXP 	fade_in_text: autoDraw = True
33.9016 	EXP 	fade_in_text: autoDraw = True
33.9183 	EXP 	fade_in_text: autoDraw = True
33.9350 	EXP 	fade_in_text: autoDraw = True
33.9516 	EXP 	fade_in_text: autoDraw = True
33.9682 	EXP 	fade_in_text: autoDraw = True
33.9850 	EXP 	fade_in_text: autoDraw = True
34.0016 	EXP 	fade_in_text: autoDraw = True
34.0183 	EXP 	fade_in_text: autoDraw = True
34.0349 	EXP 	fade_in_text: autoDraw = True
34.0518 	EXP 	fade_in_text: autoDraw = True
34.0683 	EXP 	fade_in_text: autoDraw = True
34.0849 	EXP 	fade_in_text: autoDraw = True
34.1016 	EXP 	fade_in_text: autoDraw = True
34.1183 	EXP 	fade_in_text: autoDraw = True
34.1350 	EXP 	fade_in_text: autoDraw = True
34.1518 	EXP 	fade_in_text: autoDraw = True
34.1682 	EXP 	fade_in_text: autoDraw = True
34.1850 	EXP 	fade_in_text: autoDraw = True
34.2016 	EXP 	fade_in_text: autoDraw = True
34.2183 	EXP 	fade_in_text: autoDraw = True
34.2350 	EXP 	fade_in_text: autoDraw = True
34.2518 	EXP 	fade_in_text: autoDraw = True
34.2683 	EXP 	fade_in_text: autoDraw = True
34.2850 	EXP 	fade_in_text: autoDraw = True
34.3016 	EXP 	fade_in_text: autoDraw = True
34.3183 	EXP 	fade_in_text: autoDraw = True
34.3350 	EXP 	fade_in_text: autoDraw = True
34.3515 	EXP 	fade_in_text: autoDraw = True
34.3683 	EXP 	fade_in_text: autoDraw = True
34.3850 	EXP 	fade_in_text: autoDraw = True
34.4018 	EXP 	fade_in_text: autoDraw = True
34.4183 	EXP 	fade_in_text: autoDraw = True
34.4350 	EXP 	fade_in_text: autoDraw = True
34.4515 	EXP 	fade_in_text: autoDraw = True
34.4683 	EXP 	fade_in_text: autoDraw = True
34.4850 	EXP 	fade_in_text: autoDraw = True
34.5016 	EXP 	fade_in_text: autoDraw = True
34.5183 	EXP 	fade_in_text: autoDraw = True
34.5352 	EXP 	fade_in_text: autoDraw = True
34.5515 	EXP 	fade_in_text: autoDraw = True
34.5683 	EXP 	fade_in_text: autoDraw = True
34.5850 	EXP 	fade_in_text: autoDraw = True
34.6017 	EXP 	fade_in_text: autoDraw = True
34.6183 	EXP 	fade_in_text: autoDraw = True
34.6352 	EXP 	fade_in_text: autoDraw = True
34.6516 	EXP 	fade_in_text: autoDraw = True
34.6684 	EXP 	fade_in_text: autoDraw = True
34.6850 	EXP 	fade_in_text: autoDraw = True
34.7017 	EXP 	fade_in_text: autoDraw = True
34.7183 	EXP 	fade_in_text: autoDraw = True
34.7352 	EXP 	fade_in_text: autoDraw = True
34.7516 	EXP 	fade_in_text: autoDraw = True
34.7684 	EXP 	fade_in_text: autoDraw = True
34.7850 	EXP 	fade_in_text: autoDraw = True
34.8017 	EXP 	fade_in_text: autoDraw = True
34.8184 	EXP 	fade_in_text: autoDraw = True
34.8349 	EXP 	fade_in_text: autoDraw = True
34.8516 	EXP 	fade_in_text: autoDraw = True
34.8684 	EXP 	fade_in_text: autoDraw = True
34.8851 	EXP 	fade_in_text: autoDraw = True
34.9017 	EXP 	fade_in_text: autoDraw = True
34.9183 	EXP 	fade_in_text: autoDraw = True
34.9349 	EXP 	fade_in_text: autoDraw = True
34.9516 	EXP 	fade_in_text: autoDraw = True
34.9684 	EXP 	fade_in_text: autoDraw = True
34.9851 	EXP 	fade_in_text: autoDraw = True
35.0017 	EXP 	fade_in_text: autoDraw = True
35.0186 	EXP 	fade_in_text: autoDraw = True
35.0349 	EXP 	fade_in_text: autoDraw = True
35.0517 	EXP 	fade_in_text: autoDraw = True
35.0685 	EXP 	fade_in_text: autoDraw = True
35.0850 	EXP 	fade_in_text: autoDraw = True
35.1017 	EXP 	fade_in_text: autoDraw = True
35.1185 	EXP 	fade_in_text: autoDraw = True
35.1350 	EXP 	fade_in_text: autoDraw = True
35.1517 	EXP 	fade_in_text: autoDraw = True
35.1684 	EXP 	fade_in_text: autoDraw = True
35.1850 	EXP 	fade_in_text: autoDraw = True
35.2017 	EXP 	fade_in_text: autoDraw = True
35.2186 	EXP 	fade_in_text: autoDraw = True
35.2350 	EXP 	fade_in_text: autoDraw = True
35.2517 	EXP 	fade_in_text: autoDraw = True
35.2684 	EXP 	fade_in_text: autoDraw = True
35.2851 	EXP 	fade_in_text: autoDraw = True
35.3017 	EXP 	fade_in_text: autoDraw = True
35.3183 	EXP 	fade_in_text: autoDraw = True
35.3350 	EXP 	fade_in_text: autoDraw = True
35.3517 	EXP 	fade_in_text: autoDraw = True
35.3684 	EXP 	fade_in_text: autoDraw = True
35.3851 	EXP 	fade_in_text: autoDraw = True
35.4017 	EXP 	fade_in_text: autoDraw = True
35.4183 	EXP 	fade_in_text: autoDraw = True
35.4350 	EXP 	fade_in_text: autoDraw = True
35.4517 	EXP 	fade_in_text: autoDraw = True
35.4684 	EXP 	fade_in_text: autoDraw = True
35.4851 	EXP 	fade_in_text: autoDraw = True
35.5019 	EXP 	fade_in_text: autoDraw = True
35.5183 	EXP 	fade_in_text: autoDraw = True
35.5351 	EXP 	fade_in_text: autoDraw = True
35.5517 	EXP 	fade_in_text: autoDraw = True
35.5684 	EXP 	fade_in_text: autoDraw = True
35.5853 	EXP 	fade_in_text: autoDraw = True
35.6019 	EXP 	fade_in_text: autoDraw = True
35.6183 	EXP 	fade_in_text: autoDraw = True
35.6350 	EXP 	fade_in_text: autoDraw = True
35.6517 	EXP 	fade_in_text: autoDraw = True
35.6684 	EXP 	fade_in_text: autoDraw = True
35.6854 	EXP 	fade_in_text: autoDraw = True
35.7019 	EXP 	fade_in_text: autoDraw = True
35.7184 	EXP 	fade_in_text: autoDraw = True
35.7350 	EXP 	fade_in_text: autoDraw = True
35.7517 	EXP 	fade_in_text: autoDraw = True
35.7684 	EXP 	fade_in_text: autoDraw = True
35.7854 	EXP 	fade_in_text: autoDraw = True
35.8017 	EXP 	fade_in_text: autoDraw = True
35.8183 	EXP 	fade_in_text: autoDraw = True
35.8350 	EXP 	fade_in_text: autoDraw = True
35.8517 	EXP 	fade_in_text: autoDraw = True
35.8684 	EXP 	fade_in_text: autoDraw = True
35.8854 	EXP 	fade_in_text: autoDraw = True
35.9017 	EXP 	fade_in_text: autoDraw = True
35.9184 	EXP 	fade_in_text: autoDraw = True
35.9351 	EXP 	fade_in_text: autoDraw = True
35.9517 	EXP 	fade_in_text: autoDraw = True
35.9684 	EXP 	fade_in_text: autoDraw = True
35.9853 	EXP 	fade_in_text: autoDraw = True
36.0017 	EXP 	fade_in_text: autoDraw = True
36.0184 	EXP 	fade_in_text: autoDraw = True
36.0350 	EXP 	fade_in_text: autoDraw = True
36.0517 	EXP 	fade_in_text: autoDraw = True
36.0684 	EXP 	fade_in_text: autoDraw = True
36.0854 	EXP 	fade_in_text: autoDraw = True
36.1018 	EXP 	fade_in_text: autoDraw = True
36.1184 	EXP 	fade_in_text: autoDraw = True
36.1351 	EXP 	fade_in_text: autoDraw = True
36.1517 	EXP 	fade_in_text: autoDraw = True
36.1684 	EXP 	fade_in_text: autoDraw = True
36.1850 	EXP 	fade_in_text: autoDraw = True
36.2017 	EXP 	fade_in_text: autoDraw = True
36.2184 	EXP 	fade_in_text: autoDraw = True
36.2351 	EXP 	fade_in_text: autoDraw = True
36.2517 	EXP 	fade_in_text: autoDraw = True
36.2685 	EXP 	fade_in_text: autoDraw = True
36.2851 	EXP 	fade_in_text: autoDraw = True
36.3017 	EXP 	fade_in_text: autoDraw = True
36.3184 	EXP 	fade_in_text: autoDraw = True
36.3351 	EXP 	fade_in_text: autoDraw = True
36.3517 	EXP 	fade_in_text: autoDraw = True
36.3686 	EXP 	fade_in_text: autoDraw = True
36.3850 	EXP 	fade_in_text: autoDraw = True
36.4017 	EXP 	fade_in_text: autoDraw = True
36.4184 	EXP 	fade_in_text: autoDraw = True
36.4351 	EXP 	fade_in_text: autoDraw = True
36.4518 	EXP 	fade_in_text: autoDraw = True
36.4686 	EXP 	fade_in_text: autoDraw = True
36.4851 	EXP 	fade_in_text: autoDraw = True
36.5018 	EXP 	fade_in_text: autoDraw = True
36.5184 	EXP 	fade_in_text: autoDraw = True
36.5351 	EXP 	fade_in_text: autoDraw = True
36.5517 	EXP 	fade_in_text: autoDraw = True
36.5686 	EXP 	fade_in_text: autoDraw = True
36.5850 	EXP 	fade_in_text: autoDraw = True
36.6018 	EXP 	fade_in_text: autoDraw = True
36.6184 	EXP 	fade_in_text: autoDraw = True
36.6351 	EXP 	fade_in_text: autoDraw = True
36.6517 	EXP 	fade_in_text: autoDraw = True
36.6683 	EXP 	fade_in_text: autoDraw = True
36.6851 	EXP 	fade_in_text: autoDraw = True
36.7018 	EXP 	fade_in_text: autoDraw = True
36.7184 	EXP 	fade_in_text: autoDraw = True
36.7351 	EXP 	fade_in_text: autoDraw = True
36.7518 	EXP 	fade_in_text: autoDraw = True
36.7683 	EXP 	fade_in_text: autoDraw = True
36.7851 	EXP 	fade_in_text: autoDraw = True
36.8018 	EXP 	fade_in_text: autoDraw = True
36.8184 	EXP 	fade_in_text: autoDraw = True
36.8351 	EXP 	fade_in_text: autoDraw = True
36.8519 	EXP 	fade_in_text: autoDraw = True
36.8684 	EXP 	fade_in_text: autoDraw = True
36.8851 	EXP 	fade_in_text: autoDraw = True
36.9018 	EXP 	fade_in_text: autoDraw = True
36.9184 	EXP 	fade_in_text: autoDraw = True
36.9351 	EXP 	fade_in_text: autoDraw = True
36.9520 	EXP 	fade_in_text: autoDraw = True
36.9684 	EXP 	fade_in_text: autoDraw = True
36.9851 	EXP 	fade_in_text: autoDraw = True
37.0018 	EXP 	fade_in_text: autoDraw = True
37.0184 	EXP 	fade_in_text: autoDraw = True
37.0351 	EXP 	fade_in_text: autoDraw = True
37.0520 	EXP 	fade_in_text: autoDraw = True
37.0684 	EXP 	fade_in_text: autoDraw = True
37.0851 	EXP 	fade_in_text: autoDraw = True
37.1018 	EXP 	fade_in_text: autoDraw = True
37.1184 	EXP 	fade_in_text: autoDraw = True
37.1351 	EXP 	fade_in_text: autoDraw = True
37.1517 	EXP 	fade_in_text: autoDraw = True
37.1683 	EXP 	fade_in_text: autoDraw = True
37.1851 	EXP 	fade_in_text: autoDraw = True
37.2018 	EXP 	fade_in_text: autoDraw = True
37.2185 	EXP 	fade_in_text: autoDraw = True
37.2351 	EXP 	fade_in_text: autoDraw = True
37.2517 	EXP 	fade_in_text: autoDraw = True
37.2685 	EXP 	fade_in_text: autoDraw = True
37.2851 	EXP 	fade_in_text: autoDraw = True
37.3018 	EXP 	fade_in_text: autoDraw = True
37.3184 	EXP 	fade_in_text: autoDraw = True
37.3353 	EXP 	fade_in_text: autoDraw = True
37.3517 	EXP 	fade_in_text: autoDraw = True
37.3684 	EXP 	fade_in_text: autoDraw = True
37.3851 	EXP 	fade_in_text: autoDraw = True
37.4019 	EXP 	fade_in_text: autoDraw = True
37.4185 	EXP 	fade_in_text: autoDraw = True
37.4353 	EXP 	fade_in_text: autoDraw = True
37.4517 	EXP 	fade_in_text: autoDraw = True
37.4685 	EXP 	fade_in_text: autoDraw = True
37.4851 	EXP 	fade_in_text: autoDraw = True
37.5018 	EXP 	fade_in_text: autoDraw = True
37.5185 	EXP 	fade_in_text: autoDraw = True
37.5353 	EXP 	fade_in_text: autoDraw = True
37.5517 	EXP 	fade_in_text: autoDraw = True
37.5685 	EXP 	fade_in_text: autoDraw = True
37.5851 	EXP 	fade_in_text: autoDraw = True
37.6018 	EXP 	fade_in_text: autoDraw = True
37.6185 	EXP 	fade_in_text: autoDraw = True
37.6352 	EXP 	fade_in_text: autoDraw = True
37.6517 	EXP 	fade_in_text: autoDraw = True
37.6685 	EXP 	fade_in_text: autoDraw = True
37.6852 	EXP 	fade_in_text: autoDraw = True
37.7018 	EXP 	fade_in_text: autoDraw = True
37.7185 	EXP 	fade_in_text: autoDraw = True
37.7351 	EXP 	fade_in_text: autoDraw = True
37.7517 	EXP 	fade_in_text: autoDraw = True
37.7685 	EXP 	fade_in_text: autoDraw = True
37.7851 	EXP 	fade_in_text: autoDraw = True
37.8018 	EXP 	fade_in_text: autoDraw = True
37.8185 	EXP 	fade_in_text: autoDraw = True
37.8351 	EXP 	fade_in_text: autoDraw = True
37.8518 	EXP 	fade_in_text: autoDraw = True
37.8685 	EXP 	fade_in_text: autoDraw = True
37.8852 	EXP 	fade_in_text: autoDraw = True
37.9018 	EXP 	fade_in_text: autoDraw = True
37.9187 	EXP 	fade_in_text: autoDraw = True
37.9351 	EXP 	fade_in_text: autoDraw = True
37.9518 	EXP 	fade_in_text: autoDraw = True
37.9685 	EXP 	fade_in_text: autoDraw = True
37.9852 	EXP 	fade_in_text: autoDraw = True
38.0019 	EXP 	fade_in_text: autoDraw = True
38.0187 	EXP 	fade_in_text: autoDraw = True
38.0351 	EXP 	fade_in_text: autoDraw = True
38.0518 	EXP 	fade_in_text: autoDraw = True
38.0685 	EXP 	fade_in_text: autoDraw = True
38.0852 	EXP 	fade_in_text: autoDraw = True
38.1019 	EXP 	fade_in_text: autoDraw = True
38.1187 	EXP 	fade_in_text: autoDraw = True
38.1352 	EXP 	fade_in_text: autoDraw = True
38.1518 	EXP 	fade_in_text: autoDraw = True
38.1685 	EXP 	fade_in_text: autoDraw = True
38.1852 	EXP 	fade_in_text: autoDraw = True
38.2018 	EXP 	fade_in_text: autoDraw = True
38.2186 	EXP 	fade_in_text: autoDraw = True
38.2351 	EXP 	fade_in_text: autoDraw = True
38.2518 	EXP 	fade_in_text: autoDraw = True
38.2685 	EXP 	fade_in_text: autoDraw = True
38.2852 	EXP 	fade_in_text: autoDraw = True
38.3018 	EXP 	fade_in_text: autoDraw = True
38.3184 	EXP 	fade_in_text: autoDraw = True
38.3351 	EXP 	fade_in_text: autoDraw = True
38.3518 	EXP 	fade_in_text: autoDraw = True
38.3685 	EXP 	fade_in_text: autoDraw = True
38.3852 	EXP 	fade_in_text: autoDraw = True
38.4019 	EXP 	fade_in_text: autoDraw = True
38.4184 	EXP 	fade_in_text: autoDraw = True
38.4352 	EXP 	fade_in_text: autoDraw = True
38.4518 	EXP 	fade_in_text: autoDraw = True
38.4685 	EXP 	fade_in_text: autoDraw = True
38.4852 	EXP 	fade_in_text: autoDraw = True
38.5021 	EXP 	fade_in_text: autoDraw = True
38.5184 	EXP 	fade_in_text: autoDraw = True
38.5352 	EXP 	fade_in_text: autoDraw = True
38.5519 	EXP 	fade_in_text: autoDraw = True
38.5685 	EXP 	fade_in_text: autoDraw = True
38.5852 	EXP 	fade_in_text: autoDraw = True
38.6021 	EXP 	fade_in_text: autoDraw = True
38.6185 	EXP 	fade_in_text: autoDraw = True
38.6352 	EXP 	fade_in_text: autoDraw = True
38.6519 	EXP 	fade_in_text: autoDraw = True
38.6685 	EXP 	fade_in_text: autoDraw = True
38.6852 	EXP 	fade_in_text: autoDraw = True
38.7021 	EXP 	fade_in_text: autoDraw = True
38.7185 	EXP 	fade_in_text: autoDraw = True
38.7352 	EXP 	fade_in_text: autoDraw = True
38.7519 	EXP 	fade_in_text: autoDraw = True
38.7685 	EXP 	fade_in_text: autoDraw = True
38.7852 	EXP 	fade_in_text: autoDraw = True
38.8019 	EXP 	fade_in_text: autoDraw = True
38.8185 	EXP 	fade_in_text: autoDraw = True
38.8352 	EXP 	fade_in_text: autoDraw = True
38.8519 	EXP 	fade_in_text: autoDraw = True
38.8685 	EXP 	fade_in_text: autoDraw = True
38.8852 	EXP 	fade_in_text: autoDraw = True
38.9020 	EXP 	fade_in_text: autoDraw = True
38.9185 	EXP 	fade_in_text: autoDraw = True
38.9352 	EXP 	fade_in_text: autoDraw = True
38.9519 	EXP 	fade_in_text: autoDraw = True
38.9685 	EXP 	fade_in_text: autoDraw = True
38.9854 	EXP 	fade_in_text: autoDraw = True
39.0018 	EXP 	fade_in_text: autoDraw = True
39.0185 	EXP 	fade_in_text: autoDraw = True
39.0352 	EXP 	fade_in_text: autoDraw = True
39.0519 	EXP 	fade_in_text: autoDraw = True
39.0685 	EXP 	fade_in_text: autoDraw = True
39.0854 	EXP 	fade_in_text: autoDraw = True
39.1019 	EXP 	fade_in_text: autoDraw = True
39.1185 	EXP 	fade_in_text: autoDraw = True
39.1352 	EXP 	fade_in_text: autoDraw = True
39.1519 	EXP 	fade_in_text: autoDraw = True
39.1685 	EXP 	fade_in_text: autoDraw = True
39.1854 	EXP 	fade_in_text: autoDraw = True
39.2018 	EXP 	fade_in_text: autoDraw = True
39.2185 	EXP 	fade_in_text: autoDraw = True
39.2354 	EXP 	fade_in_text: autoDraw = True
39.2519 	EXP 	fade_in_text: autoDraw = True
39.2685 	EXP 	fade_in_text: autoDraw = True
39.2854 	EXP 	fade_in_text: autoDraw = True
39.3019 	EXP 	fade_in_text: autoDraw = True
39.3185 	EXP 	fade_in_text: autoDraw = True
39.3352 	EXP 	fade_in_text: autoDraw = True
39.3519 	EXP 	fade_in_text: autoDraw = True
39.3686 	EXP 	fade_in_text: autoDraw = True
39.3852 	EXP 	fade_in_text: autoDraw = True
39.4018 	EXP 	fade_in_text: autoDraw = True
39.4186 	EXP 	fade_in_text: autoDraw = True
39.4352 	EXP 	fade_in_text: autoDraw = True
39.4519 	EXP 	fade_in_text: autoDraw = True
39.4686 	EXP 	fade_in_text: autoDraw = True
39.4852 	EXP 	fade_in_text: autoDraw = True
39.5019 	EXP 	fade_in_text: autoDraw = True
39.5186 	EXP 	fade_in_text: autoDraw = True
39.5352 	EXP 	fade_in_text: autoDraw = True
39.5519 	EXP 	fade_in_text: autoDraw = True
39.5687 	EXP 	fade_in_text: autoDraw = True
39.5852 	EXP 	fade_in_text: autoDraw = True
39.6019 	EXP 	fade_in_text: autoDraw = True
39.6186 	EXP 	fade_in_text: autoDraw = True
39.6352 	EXP 	fade_in_text: autoDraw = True
39.6519 	EXP 	fade_in_text: autoDraw = True
39.6688 	EXP 	fade_in_text: autoDraw = True
39.6852 	EXP 	fade_in_text: autoDraw = True
39.7019 	EXP 	fade_in_text: autoDraw = True
39.7186 	EXP 	fade_in_text: autoDraw = True
39.7352 	EXP 	fade_in_text: autoDraw = True
39.7519 	EXP 	fade_in_text: autoDraw = True
39.7688 	EXP 	fade_in_text: autoDraw = True
39.7852 	EXP 	fade_in_text: autoDraw = True
39.8019 	EXP 	fade_in_text: autoDraw = True
39.8186 	EXP 	fade_in_text: autoDraw = True
39.8353 	EXP 	fade_in_text: autoDraw = True
39.8519 	EXP 	fade_in_text: autoDraw = True
39.8688 	EXP 	fade_in_text: autoDraw = True
39.8852 	EXP 	fade_in_text: autoDraw = True
39.9019 	EXP 	fade_in_text: autoDraw = True
39.9186 	EXP 	fade_in_text: autoDraw = True
39.9353 	EXP 	fade_in_text: autoDraw = True
39.9519 	EXP 	fade_in_text: autoDraw = True
39.9685 	EXP 	fade_in_text: autoDraw = True
39.9852 	EXP 	fade_in_text: autoDraw = True
40.0019 	EXP 	fade_in_text: autoDraw = True
40.0186 	EXP 	fade_in_text: autoDraw = True
40.0353 	EXP 	fade_in_text: autoDraw = True
40.0519 	EXP 	fade_in_text: autoDraw = True
40.0685 	EXP 	fade_in_text: autoDraw = True
40.0852 	EXP 	fade_in_text: autoDraw = True
40.1019 	EXP 	fade_in_text: autoDraw = True
40.1186 	EXP 	fade_in_text: autoDraw = True
40.1353 	EXP 	fade_in_text: autoDraw = True
40.1521 	EXP 	fade_in_text: autoDraw = True
40.1685 	EXP 	fade_in_text: autoDraw = True
40.1853 	EXP 	fade_in_text: autoDraw = True
40.2019 	EXP 	fade_in_text: autoDraw = True
40.2186 	EXP 	fade_in_text: autoDraw = True
40.2353 	EXP 	fade_in_text: autoDraw = True
40.2521 	EXP 	fade_in_text: autoDraw = True
40.2685 	EXP 	fade_in_text: autoDraw = True
40.2853 	EXP 	fade_in_text: autoDraw = True
40.3020 	EXP 	fade_in_text: autoDraw = True
40.3186 	EXP 	fade_in_text: autoDraw = True
40.3353 	EXP 	fade_in_text: autoDraw = True
40.3521 	EXP 	fade_in_text: autoDraw = True
40.3685 	EXP 	fade_in_text: autoDraw = True
40.3853 	EXP 	fade_in_text: autoDraw = True
40.4020 	EXP 	fade_in_text: autoDraw = True
40.4186 	EXP 	fade_in_text: autoDraw = True
40.4353 	EXP 	fade_in_text: autoDraw = True
40.4521 	EXP 	fade_in_text: autoDraw = True
40.4685 	EXP 	fade_in_text: autoDraw = True
40.4853 	EXP 	fade_in_text: autoDraw = True
40.5020 	EXP 	fade_in_text: autoDraw = True
40.5186 	EXP 	fade_in_text: autoDraw = True
40.5353 	EXP 	fade_in_text: autoDraw = True
40.5519 	EXP 	fade_in_text: autoDraw = True
40.5685 	EXP 	fade_in_text: autoDraw = True
40.5853 	EXP 	fade_in_text: autoDraw = True
40.6020 	EXP 	fade_in_text: autoDraw = True
40.6186 	EXP 	fade_in_text: autoDraw = True
40.6353 	EXP 	fade_in_text: autoDraw = True
40.6519 	EXP 	fade_in_text: autoDraw = True
40.6685 	EXP 	fade_in_text: autoDraw = True
40.6853 	EXP 	fade_in_text: autoDraw = True
40.7020 	EXP 	fade_in_text: autoDraw = True
40.7186 	EXP 	fade_in_text: autoDraw = True
40.7355 	EXP 	fade_in_text: autoDraw = True
40.7519 	EXP 	fade_in_text: autoDraw = True
40.7686 	EXP 	fade_in_text: autoDraw = True
40.7853 	EXP 	fade_in_text: autoDraw = True
40.8020 	EXP 	fade_in_text: autoDraw = True
40.8186 	EXP 	fade_in_text: autoDraw = True
40.8355 	EXP 	fade_in_text: autoDraw = True
40.8519 	EXP 	fade_in_text: autoDraw = True
40.8687 	EXP 	fade_in_text: autoDraw = True
40.8853 	EXP 	fade_in_text: autoDraw = True
40.9020 	EXP 	fade_in_text: autoDraw = True
40.9187 	EXP 	fade_in_text: autoDraw = True
40.9355 	EXP 	fade_in_text: autoDraw = True
40.9519 	EXP 	fade_in_text: autoDraw = True
40.9686 	EXP 	fade_in_text: autoDraw = True
40.9853 	EXP 	fade_in_text: autoDraw = True
41.0020 	EXP 	fade_in_text: autoDraw = True
41.0187 	EXP 	fade_in_text: autoDraw = True
41.0354 	EXP 	fade_in_text: autoDraw = True
41.0519 	EXP 	fade_in_text: autoDraw = True
41.0686 	EXP 	fade_in_text: autoDraw = True
41.0853 	EXP 	fade_in_text: autoDraw = True
41.1020 	EXP 	fade_in_text: autoDraw = True
41.1187 	EXP 	fade_in_text: autoDraw = True
41.1353 	EXP 	fade_in_text: autoDraw = True
41.1519 	EXP 	fade_in_text: autoDraw = True
41.1687 	EXP 	fade_in_text: autoDraw = True
41.1853 	EXP 	fade_in_text: autoDraw = True
41.2020 	EXP 	fade_in_text: autoDraw = True
41.2187 	EXP 	fade_in_text: autoDraw = True
41.2352 	EXP 	fade_in_text: autoDraw = True
41.2519 	EXP 	fade_in_text: autoDraw = True
41.2687 	EXP 	fade_in_text: autoDraw = True
41.2853 	EXP 	fade_in_text: autoDraw = True
41.3020 	EXP 	fade_in_text: autoDraw = True
41.3187 	EXP 	fade_in_text: autoDraw = True
41.3352 	EXP 	fade_in_text: autoDraw = True
41.3520 	EXP 	fade_in_text: autoDraw = True
41.3687 	EXP 	fade_in_text: autoDraw = True
41.3853 	EXP 	fade_in_text: autoDraw = True
41.4020 	EXP 	fade_in_text: autoDraw = True
41.4189 	EXP 	fade_in_text: autoDraw = True
41.4353 	EXP 	fade_in_text: autoDraw = True
41.4520 	EXP 	fade_in_text: autoDraw = True
41.4687 	EXP 	fade_in_text: autoDraw = True
41.4853 	EXP 	fade_in_text: autoDraw = True
41.5020 	EXP 	fade_in_text: autoDraw = True
41.5189 	EXP 	fade_in_text: autoDraw = True
41.5352 	EXP 	fade_in_text: autoDraw = True
41.5520 	EXP 	fade_in_text: autoDraw = True
41.5687 	EXP 	fade_in_text: autoDraw = True
41.5854 	EXP 	fade_in_text: autoDraw = True
41.6020 	EXP 	fade_in_text: autoDraw = True
41.6189 	EXP 	fade_in_text: autoDraw = True
41.6353 	EXP 	fade_in_text: autoDraw = True
41.6520 	EXP 	fade_in_text: autoDraw = True
41.6687 	EXP 	fade_in_text: autoDraw = True
41.6853 	EXP 	fade_in_text: autoDraw = True
41.7020 	EXP 	fade_in_text: autoDraw = True
41.7189 	EXP 	fade_in_text: autoDraw = True
41.7352 	EXP 	fade_in_text: autoDraw = True
41.7520 	EXP 	fade_in_text: autoDraw = True
41.7687 	EXP 	fade_in_text: autoDraw = True
41.7853 	EXP 	fade_in_text: autoDraw = True
41.8020 	EXP 	fade_in_text: autoDraw = True
41.8187 	EXP 	fade_in_text: autoDraw = True
41.8352 	EXP 	fade_in_text: autoDraw = True
41.8520 	EXP 	fade_in_text: autoDraw = True
41.8687 	EXP 	fade_in_text: autoDraw = True
41.8853 	EXP 	fade_in_text: autoDraw = True
41.9020 	EXP 	fade_in_text: autoDraw = True
41.9188 	EXP 	fade_in_text: autoDraw = True
41.9353 	EXP 	fade_in_text: autoDraw = True
41.9520 	EXP 	fade_in_text: autoDraw = True
41.9687 	EXP 	fade_in_text: autoDraw = True
41.9854 	EXP 	fade_in_text: autoDraw = True
42.0022 	EXP 	fade_in_text: autoDraw = True
42.0186 	EXP 	fade_in_text: autoDraw = True
42.0353 	EXP 	fade_in_text: autoDraw = True
42.0520 	EXP 	fade_in_text: autoDraw = True
42.0687 	EXP 	fade_in_text: autoDraw = True
42.0853 	EXP 	fade_in_text: autoDraw = True
42.1023 	EXP 	fade_in_text: autoDraw = True
42.1187 	EXP 	fade_in_text: autoDraw = True
42.1354 	EXP 	fade_in_text: autoDraw = True
42.1520 	EXP 	fade_in_text: autoDraw = True
42.1687 	EXP 	fade_in_text: autoDraw = True
42.1853 	EXP 	fade_in_text: autoDraw = True
42.2022 	EXP 	fade_in_text: autoDraw = True
42.2186 	EXP 	fade_in_text: autoDraw = True
42.2354 	EXP 	fade_in_text: autoDraw = True
42.2520 	EXP 	fade_in_text: autoDraw = True
42.2687 	EXP 	fade_in_text: autoDraw = True
42.2854 	EXP 	fade_in_text: autoDraw = True
42.3021 	EXP 	fade_in_text: autoDraw = True
42.3187 	EXP 	fade_in_text: autoDraw = True
42.3354 	EXP 	fade_in_text: autoDraw = True
42.3520 	EXP 	fade_in_text: autoDraw = True
42.3687 	EXP 	fade_in_text: autoDraw = True
42.3854 	EXP 	fade_in_text: autoDraw = True
42.4019 	EXP 	fade_in_text: autoDraw = True
42.4188 	EXP 	fade_in_text: autoDraw = True
42.4354 	EXP 	fade_in_text: autoDraw = True
42.4520 	EXP 	fade_in_text: autoDraw = True
42.4687 	EXP 	fade_in_text: autoDraw = True
42.4854 	EXP 	fade_in_text: autoDraw = True
42.5020 	EXP 	fade_in_text: autoDraw = True
42.5187 	EXP 	fade_in_text: autoDraw = True
42.5354 	EXP 	fade_in_text: autoDraw = True
42.5521 	EXP 	fade_in_text: autoDraw = True
42.5687 	EXP 	fade_in_text: autoDraw = True
42.5856 	EXP 	fade_in_text: autoDraw = True
42.6020 	EXP 	fade_in_text: autoDraw = True
42.6187 	EXP 	fade_in_text: autoDraw = True
42.6354 	EXP 	fade_in_text: autoDraw = True
42.6520 	EXP 	fade_in_text: autoDraw = True
42.6687 	EXP 	fade_in_text: autoDraw = True
42.6856 	EXP 	fade_in_text: autoDraw = True
42.7020 	EXP 	fade_in_text: autoDraw = True
42.7187 	EXP 	fade_in_text: autoDraw = True
42.7354 	EXP 	fade_in_text: autoDraw = True
42.7522 	EXP 	fade_in_text: autoDraw = True
42.7687 	EXP 	fade_in_text: autoDraw = True
42.7855 	EXP 	fade_in_text: autoDraw = True
42.8020 	EXP 	fade_in_text: autoDraw = True
42.8187 	EXP 	fade_in_text: autoDraw = True
42.8354 	EXP 	fade_in_text: autoDraw = True
42.8521 	EXP 	fade_in_text: autoDraw = True
42.8688 	EXP 	fade_in_text: autoDraw = True
42.8853 	EXP 	fade_in_text: autoDraw = True
42.9020 	EXP 	fade_in_text: autoDraw = True
42.9187 	EXP 	fade_in_text: autoDraw = True
42.9354 	EXP 	fade_in_text: autoDraw = True
42.9521 	EXP 	fade_in_text: autoDraw = True
42.9687 	EXP 	fade_in_text: autoDraw = True
42.9853 	EXP 	fade_in_text: autoDraw = True
43.0022 	EXP 	fade_in_text: autoDraw = True
43.0187 	EXP 	fade_in_text: autoDraw = True
43.0354 	EXP 	fade_in_text: autoDraw = True
43.0521 	EXP 	fade_in_text: autoDraw = True
43.0687 	EXP 	fade_in_text: autoDraw = True
43.0853 	EXP 	fade_in_text: autoDraw = True
43.1020 	EXP 	fade_in_text: autoDraw = True
43.1188 	EXP 	fade_in_text: autoDraw = True
43.1354 	EXP 	fade_in_text: autoDraw = True
43.1521 	EXP 	fade_in_text: autoDraw = True
43.1690 	EXP 	fade_in_text: autoDraw = True
43.1853 	EXP 	fade_in_text: autoDraw = True
43.2021 	EXP 	fade_in_text: autoDraw = True
43.2187 	EXP 	fade_in_text: autoDraw = True
43.2354 	EXP 	fade_in_text: autoDraw = True
43.2521 	EXP 	fade_in_text: autoDraw = True
43.2689 	EXP 	fade_in_text: autoDraw = True
43.2853 	EXP 	fade_in_text: autoDraw = True
43.3021 	EXP 	fade_in_text: autoDraw = True
43.3188 	EXP 	fade_in_text: autoDraw = True
43.3355 	EXP 	fade_in_text: autoDraw = True
43.3521 	EXP 	fade_in_text: autoDraw = True
43.3690 	EXP 	fade_in_text: autoDraw = True
43.3853 	EXP 	fade_in_text: autoDraw = True
43.4021 	EXP 	fade_in_text: autoDraw = True
43.4189 	EXP 	fade_in_text: autoDraw = True
43.4354 	EXP 	fade_in_text: autoDraw = True
43.4521 	EXP 	fade_in_text: autoDraw = True
43.4689 	EXP 	fade_in_text: autoDraw = True
43.4853 	EXP 	fade_in_text: autoDraw = True
43.5021 	EXP 	fade_in_text: autoDraw = True
43.5188 	EXP 	fade_in_text: autoDraw = True
43.5354 	EXP 	fade_in_text: autoDraw = True
43.5521 	EXP 	fade_in_text: autoDraw = True
43.5687 	EXP 	fade_in_text: autoDraw = True
43.5854 	EXP 	fade_in_text: autoDraw = True
43.6021 	EXP 	fade_in_text: autoDraw = True
43.6188 	EXP 	fade_in_text: autoDraw = True
43.6354 	EXP 	fade_in_text: autoDraw = True
43.6521 	EXP 	fade_in_text: autoDraw = True
43.6687 	EXP 	fade_in_text: autoDraw = True
43.6853 	EXP 	fade_in_text: autoDraw = True
43.7021 	EXP 	fade_in_text: autoDraw = True
43.7188 	EXP 	fade_in_text: autoDraw = True
43.7354 	EXP 	fade_in_text: autoDraw = True
43.7522 	EXP 	fade_in_text: autoDraw = True
43.7687 	EXP 	fade_in_text: autoDraw = True
43.7854 	EXP 	fade_in_text: autoDraw = True
43.8021 	EXP 	fade_in_text: autoDraw = True
43.8188 	EXP 	fade_in_text: autoDraw = True
43.8354 	EXP 	fade_in_text: autoDraw = True
43.8523 	EXP 	fade_in_text: autoDraw = True
43.8687 	EXP 	fade_in_text: autoDraw = True
43.8854 	EXP 	fade_in_text: autoDraw = True
43.9021 	EXP 	fade_in_text: autoDraw = True
43.9188 	EXP 	fade_in_text: autoDraw = True
43.9355 	EXP 	fade_in_text: autoDraw = True
43.9523 	EXP 	fade_in_text: autoDraw = True
43.9687 	EXP 	fade_in_text: autoDraw = True
43.9854 	EXP 	fade_in_text: autoDraw = True
44.0021 	EXP 	fade_in_text: autoDraw = True
44.0188 	EXP 	fade_in_text: autoDraw = True
44.0355 	EXP 	fade_in_text: autoDraw = True
44.0524 	EXP 	fade_in_text: autoDraw = True
44.0687 	EXP 	fade_in_text: autoDraw = True
44.0855 	EXP 	fade_in_text: autoDraw = True
44.1021 	EXP 	fade_in_text: autoDraw = True
44.1189 	EXP 	fade_in_text: autoDraw = True
44.1355 	EXP 	fade_in_text: autoDraw = True
44.1522 	EXP 	fade_in_text: autoDraw = True
44.1687 	EXP 	fade_in_text: autoDraw = True
44.1855 	EXP 	fade_in_text: autoDraw = True
44.2021 	EXP 	fade_in_text: autoDraw = True
44.2188 	EXP 	fade_in_text: autoDraw = True
44.2355 	EXP 	fade_in_text: autoDraw = True
44.2520 	EXP 	fade_in_text: autoDraw = True
44.2687 	EXP 	fade_in_text: autoDraw = True
44.2855 	EXP 	fade_in_text: autoDraw = True
44.3021 	EXP 	fade_in_text: autoDraw = True
44.3188 	EXP 	fade_in_text: autoDraw = True
44.3355 	EXP 	fade_in_text: autoDraw = True
44.3520 	EXP 	fade_in_text: autoDraw = True
44.3687 	EXP 	fade_in_text: autoDraw = True
44.3855 	EXP 	fade_in_text: autoDraw = True
44.4021 	EXP 	fade_in_text: autoDraw = True
44.4188 	EXP 	fade_in_text: autoDraw = True
44.4356 	EXP 	fade_in_text: autoDraw = True
44.4521 	EXP 	fade_in_text: autoDraw = True
44.4688 	EXP 	fade_in_text: autoDraw = True
44.4855 	EXP 	fade_in_text: autoDraw = True
44.5022 	EXP 	fade_in_text: autoDraw = True
44.5188 	EXP 	fade_in_text: autoDraw = True
44.5357 	EXP 	fade_in_text: autoDraw = True
44.5521 	EXP 	fade_in_text: autoDraw = True
44.5688 	EXP 	fade_in_text: autoDraw = True
44.5855 	EXP 	fade_in_text: autoDraw = True
44.6021 	EXP 	fade_in_text: autoDraw = True
44.6188 	EXP 	fade_in_text: autoDraw = True
44.6357 	EXP 	fade_in_text: autoDraw = True
44.6521 	EXP 	fade_in_text: autoDraw = True
44.6688 	EXP 	fade_in_text: autoDraw = True
44.6855 	EXP 	fade_in_text: autoDraw = True
44.7021 	EXP 	fade_in_text: autoDraw = True
44.7188 	EXP 	fade_in_text: autoDraw = True
44.7358 	EXP 	fade_in_text: autoDraw = True
44.7521 	EXP 	fade_in_text: autoDraw = True
44.7688 	EXP 	fade_in_text: autoDraw = True
44.7855 	EXP 	fade_in_text: autoDraw = True
44.8022 	EXP 	fade_in_text: autoDraw = True
44.8188 	EXP 	fade_in_text: autoDraw = True
44.8357 	EXP 	fade_in_text: autoDraw = True
44.8521 	EXP 	fade_in_text: autoDraw = True
44.8688 	EXP 	fade_in_text: autoDraw = True
44.8855 	EXP 	fade_in_text: autoDraw = True
44.9022 	EXP 	fade_in_text: autoDraw = True
44.9188 	EXP 	fade_in_text: autoDraw = True
44.9355 	EXP 	fade_in_text: autoDraw = True
44.9521 	EXP 	fade_in_text: autoDraw = True
44.9688 	EXP 	fade_in_text: autoDraw = True
44.9855 	EXP 	fade_in_text: autoDraw = True
45.0022 	EXP 	fade_in_text: autoDraw = True
45.0189 	EXP 	fade_in_text: autoDraw = True
45.0355 	EXP 	fade_in_text: autoDraw = True
45.0522 	EXP 	fade_in_text: autoDraw = True
45.0689 	EXP 	fade_in_text: autoDraw = True
45.0855 	EXP 	fade_in_text: autoDraw = True
45.1022 	EXP 	fade_in_text: autoDraw = True
45.1191 	EXP 	fade_in_text: autoDraw = True
45.1357 	EXP 	fade_in_text: autoDraw = True
45.1522 	EXP 	fade_in_text: autoDraw = True
45.1689 	EXP 	fade_in_text: autoDraw = True
45.1855 	EXP 	fade_in_text: autoDraw = True
45.2022 	EXP 	fade_in_text: autoDraw = True
45.2191 	EXP 	fade_in_text: autoDraw = True
45.2356 	EXP 	fade_in_text: autoDraw = True
45.2522 	EXP 	fade_in_text: autoDraw = True
45.2688 	EXP 	fade_in_text: autoDraw = True
45.2855 	EXP 	fade_in_text: autoDraw = True
45.3022 	EXP 	fade_in_text: autoDraw = True
45.3190 	EXP 	fade_in_text: autoDraw = True
45.3356 	EXP 	fade_in_text: autoDraw = True
45.3522 	EXP 	fade_in_text: autoDraw = True
45.3689 	EXP 	fade_in_text: autoDraw = True
45.3855 	EXP 	fade_in_text: autoDraw = True
45.4022 	EXP 	fade_in_text: autoDraw = True
45.4190 	EXP 	fade_in_text: autoDraw = True
45.4355 	EXP 	fade_in_text: autoDraw = True
45.4522 	EXP 	fade_in_text: autoDraw = True
45.4689 	EXP 	fade_in_text: autoDraw = True
45.4855 	EXP 	fade_in_text: autoDraw = True
45.5022 	EXP 	fade_in_text: autoDraw = True
45.5188 	EXP 	fade_in_text: autoDraw = True
45.5355 	EXP 	fade_in_text: autoDraw = True
45.5522 	EXP 	fade_in_text: autoDraw = True
45.5689 	EXP 	fade_in_text: autoDraw = True
45.5855 	EXP 	fade_in_text: autoDraw = True
45.6022 	EXP 	fade_in_text: autoDraw = True
45.6188 	EXP 	fade_in_text: autoDraw = True
45.6354 	EXP 	fade_in_text: autoDraw = True
45.6522 	EXP 	fade_in_text: autoDraw = True
45.6689 	EXP 	fade_in_text: autoDraw = True
45.6855 	EXP 	fade_in_text: autoDraw = True
45.7024 	EXP 	fade_in_text: autoDraw = True
45.7188 	EXP 	fade_in_text: autoDraw = True
45.7355 	EXP 	fade_in_text: autoDraw = True
45.7522 	EXP 	fade_in_text: autoDraw = True
45.7689 	EXP 	fade_in_text: autoDraw = True
45.7855 	EXP 	fade_in_text: autoDraw = True
45.8024 	EXP 	fade_in_text: autoDraw = True
45.8188 	EXP 	fade_in_text: autoDraw = True
45.8355 	EXP 	fade_in_text: autoDraw = True
45.8522 	EXP 	fade_in_text: autoDraw = True
45.8689 	EXP 	fade_in_text: autoDraw = True
45.8855 	EXP 	fade_in_text: autoDraw = True
45.9024 	EXP 	fade_in_text: autoDraw = True
45.9188 	EXP 	fade_in_text: autoDraw = True
45.9356 	EXP 	fade_in_text: autoDraw = True
45.9523 	EXP 	fade_in_text: autoDraw = True
45.9689 	EXP 	fade_in_text: autoDraw = True
45.9856 	EXP 	fade_in_text: autoDraw = True
46.0024 	EXP 	fade_in_text: autoDraw = True
46.0188 	EXP 	fade_in_text: autoDraw = True
46.0356 	EXP 	fade_in_text: autoDraw = True
46.0523 	EXP 	fade_in_text: autoDraw = True
46.0689 	EXP 	fade_in_text: autoDraw = True
46.0857 	EXP 	fade_in_text: autoDraw = True
46.1022 	EXP 	fade_in_text: autoDraw = True
46.1188 	EXP 	fade_in_text: autoDraw = True
46.1356 	EXP 	fade_in_text: autoDraw = True
46.1522 	EXP 	fade_in_text: autoDraw = True
46.1689 	EXP 	fade_in_text: autoDraw = True
46.1856 	EXP 	fade_in_text: autoDraw = True
46.2022 	EXP 	fade_in_text: autoDraw = True
46.2188 	EXP 	fade_in_text: autoDraw = True
46.2356 	EXP 	fade_in_text: autoDraw = True
46.2522 	EXP 	fade_in_text: autoDraw = True
46.2689 	EXP 	fade_in_text: autoDraw = True
46.2856 	EXP 	fade_in_text: autoDraw = True
46.3021 	EXP 	fade_in_text: autoDraw = True
46.3189 	EXP 	fade_in_text: autoDraw = True
46.3356 	EXP 	fade_in_text: autoDraw = True
46.3522 	EXP 	fade_in_text: autoDraw = True
46.3689 	EXP 	fade_in_text: autoDraw = True
46.3858 	EXP 	fade_in_text: autoDraw = True
46.4021 	EXP 	fade_in_text: autoDraw = True
46.4189 	EXP 	fade_in_text: autoDraw = True
46.4356 	EXP 	fade_in_text: autoDraw = True
46.4523 	EXP 	fade_in_text: autoDraw = True
46.4689 	EXP 	fade_in_text: autoDraw = True
46.4858 	EXP 	fade_in_text: autoDraw = True
46.5022 	EXP 	fade_in_text: autoDraw = True
46.5189 	EXP 	fade_in_text: autoDraw = True
46.5356 	EXP 	fade_in_text: autoDraw = True
46.5523 	EXP 	fade_in_text: autoDraw = True
46.5689 	EXP 	fade_in_text: autoDraw = True
46.5858 	EXP 	fade_in_text: autoDraw = True
46.6022 	EXP 	fade_in_text: autoDraw = True
46.6189 	EXP 	fade_in_text: autoDraw = True
46.6356 	EXP 	fade_in_text: autoDraw = True
46.6523 	EXP 	fade_in_text: autoDraw = True
46.6689 	EXP 	fade_in_text: autoDraw = True
46.6858 	EXP 	fade_in_text: autoDraw = True
46.7022 	EXP 	fade_in_text: autoDraw = True
46.7190 	EXP 	fade_in_text: autoDraw = True
46.7356 	EXP 	fade_in_text: autoDraw = True
46.7523 	EXP 	fade_in_text: autoDraw = True
46.7689 	EXP 	fade_in_text: autoDraw = True
46.7855 	EXP 	fade_in_text: autoDraw = True
46.8022 	EXP 	fade_in_text: autoDraw = True
46.8189 	EXP 	fade_in_text: autoDraw = True
46.8356 	EXP 	fade_in_text: autoDraw = True
46.8523 	EXP 	fade_in_text: autoDraw = True
46.8689 	EXP 	fade_in_text: autoDraw = True
46.8855 	EXP 	fade_in_text: autoDraw = True
46.9022 	EXP 	fade_in_text: autoDraw = True
46.9190 	EXP 	fade_in_text: autoDraw = True
46.9357 	EXP 	fade_in_text: autoDraw = True
46.9523 	EXP 	fade_in_text: autoDraw = True
46.9689 	EXP 	fade_in_text: autoDraw = True
46.9855 	EXP 	fade_in_text: autoDraw = True
47.0023 	EXP 	fade_in_text: autoDraw = True
47.0189 	EXP 	fade_in_text: autoDraw = True
47.0356 	EXP 	fade_in_text: autoDraw = True
47.0523 	EXP 	fade_in_text: autoDraw = True
47.0692 	EXP 	fade_in_text: autoDraw = True
47.0855 	EXP 	fade_in_text: autoDraw = True
47.1023 	EXP 	fade_in_text: autoDraw = True
47.1189 	EXP 	fade_in_text: autoDraw = True
47.1356 	EXP 	fade_in_text: autoDraw = True
47.1523 	EXP 	fade_in_text: autoDraw = True
47.1691 	EXP 	fade_in_text: autoDraw = True
47.1856 	EXP 	fade_in_text: autoDraw = True
47.2023 	EXP 	fade_in_text: autoDraw = True
47.2189 	EXP 	fade_in_text: autoDraw = True
47.2356 	EXP 	fade_in_text: autoDraw = True
47.2523 	EXP 	fade_in_text: autoDraw = True
47.2691 	EXP 	fade_in_text: autoDraw = True
47.2855 	EXP 	fade_in_text: autoDraw = True
47.3023 	EXP 	fade_in_text: autoDraw = True
47.3190 	EXP 	fade_in_text: autoDraw = True
47.3356 	EXP 	fade_in_text: autoDraw = True
47.3523 	EXP 	fade_in_text: autoDraw = True
47.3692 	EXP 	fade_in_text: autoDraw = True
47.3855 	EXP 	fade_in_text: autoDraw = True
47.4023 	EXP 	fade_in_text: autoDraw = True
47.4190 	EXP 	fade_in_text: autoDraw = True
47.4356 	EXP 	fade_in_text: autoDraw = True
47.4523 	EXP 	fade_in_text: autoDraw = True
47.4689 	EXP 	fade_in_text: autoDraw = True
47.4856 	EXP 	fade_in_text: autoDraw = True
47.5023 	EXP 	fade_in_text: autoDraw = True
47.5190 	EXP 	fade_in_text: autoDraw = True
47.5357 	EXP 	fade_in_text: autoDraw = True
47.5523 	EXP 	fade_in_text: autoDraw = True
47.5689 	EXP 	fade_in_text: autoDraw = True
47.5855 	EXP 	fade_in_text: autoDraw = True
47.6023 	EXP 	fade_in_text: autoDraw = True
47.6190 	EXP 	fade_in_text: autoDraw = True
47.6356 	EXP 	fade_in_text: autoDraw = True
47.6523 	EXP 	fade_in_text: autoDraw = True
47.6689 	EXP 	fade_in_text: autoDraw = True
47.6856 	EXP 	fade_in_text: autoDraw = True
47.7023 	EXP 	fade_in_text: autoDraw = True
47.7190 	EXP 	fade_in_text: autoDraw = True
47.7357 	EXP 	fade_in_text: autoDraw = True
47.7524 	EXP 	fade_in_text: autoDraw = True
47.7689 	EXP 	fade_in_text: autoDraw = True
47.7856 	EXP 	fade_in_text: autoDraw = True
47.8023 	EXP 	fade_in_text: autoDraw = True
47.8190 	EXP 	fade_in_text: autoDraw = True
47.8356 	EXP 	fade_in_text: autoDraw = True
47.8525 	EXP 	fade_in_text: autoDraw = True
47.8689 	EXP 	fade_in_text: autoDraw = True
47.8856 	EXP 	fade_in_text: autoDraw = True
47.9023 	EXP 	fade_in_text: autoDraw = True
47.9190 	EXP 	fade_in_text: autoDraw = True
47.9357 	EXP 	fade_in_text: autoDraw = True
47.9527 	EXP 	fade_in_text: autoDraw = True
47.9690 	EXP 	fade_in_text: autoDraw = True
47.9857 	EXP 	fade_in_text: autoDraw = True
48.0023 	EXP 	fade_in_text: autoDraw = True
48.0190 	EXP 	fade_in_text: autoDraw = True
48.0357 	EXP 	fade_in_text: autoDraw = True
48.0526 	EXP 	fade_in_text: autoDraw = True
48.0689 	EXP 	fade_in_text: autoDraw = True
48.0857 	EXP 	fade_in_text: autoDraw = True
48.1023 	EXP 	fade_in_text: autoDraw = True
48.1190 	EXP 	fade_in_text: autoDraw = True
48.1357 	EXP 	fade_in_text: autoDraw = True
48.1523 	EXP 	fade_in_text: autoDraw = True
48.1689 	EXP 	fade_in_text: autoDraw = True
48.1857 	EXP 	fade_in_text: autoDraw = True
48.2023 	EXP 	fade_in_text: autoDraw = True
48.2190 	EXP 	fade_in_text: autoDraw = True
48.2357 	EXP 	fade_in_text: autoDraw = True
48.2523 	EXP 	fade_in_text: autoDraw = True
48.2689 	EXP 	fade_in_text: autoDraw = True
48.2857 	EXP 	fade_in_text: autoDraw = True
48.3023 	EXP 	fade_in_text: autoDraw = True
48.3190 	EXP 	fade_in_text: autoDraw = True
48.3359 	EXP 	fade_in_text: autoDraw = True
48.3524 	EXP 	fade_in_text: autoDraw = True
48.3690 	EXP 	fade_in_text: autoDraw = True
48.3857 	EXP 	fade_in_text: autoDraw = True
48.4024 	EXP 	fade_in_text: autoDraw = True
48.4190 	EXP 	fade_in_text: autoDraw = True
48.4359 	EXP 	fade_in_text: autoDraw = True
48.4524 	EXP 	fade_in_text: autoDraw = True
48.4690 	EXP 	fade_in_text: autoDraw = True
48.4857 	EXP 	fade_in_text: autoDraw = True
48.5024 	EXP 	fade_in_text: autoDraw = True
48.5190 	EXP 	fade_in_text: autoDraw = True
48.5359 	EXP 	fade_in_text: autoDraw = True
48.5525 	EXP 	fade_in_text: autoDraw = True
48.5690 	EXP 	fade_in_text: autoDraw = True
48.5857 	EXP 	fade_in_text: autoDraw = True
48.6024 	EXP 	fade_in_text: autoDraw = True
48.6190 	EXP 	fade_in_text: autoDraw = True
48.6359 	EXP 	fade_in_text: autoDraw = True
48.6524 	EXP 	fade_in_text: autoDraw = True
48.6691 	EXP 	fade_in_text: autoDraw = True
48.6857 	EXP 	fade_in_text: autoDraw = True
48.7024 	EXP 	fade_in_text: autoDraw = True
48.7190 	EXP 	fade_in_text: autoDraw = True
48.7357 	EXP 	fade_in_text: autoDraw = True
48.7524 	EXP 	fade_in_text: autoDraw = True
48.7690 	EXP 	fade_in_text: autoDraw = True
48.7857 	EXP 	fade_in_text: autoDraw = True
48.8024 	EXP 	fade_in_text: autoDraw = True
48.8190 	EXP 	fade_in_text: autoDraw = True
48.8356 	EXP 	fade_in_text: autoDraw = True
48.8523 	EXP 	fade_in_text: autoDraw = True
48.8690 	EXP 	fade_in_text: autoDraw = True
48.8857 	EXP 	fade_in_text: autoDraw = True
48.9024 	EXP 	fade_in_text: autoDraw = True
48.9191 	EXP 	fade_in_text: autoDraw = True
48.9357 	EXP 	fade_in_text: autoDraw = True
48.9524 	EXP 	fade_in_text: autoDraw = True
48.9690 	EXP 	fade_in_text: autoDraw = True
48.9857 	EXP 	fade_in_text: autoDraw = True
49.0024 	EXP 	fade_in_text: autoDraw = True
49.0192 	EXP 	fade_in_text: autoDraw = True
49.0356 	EXP 	fade_in_text: autoDraw = True
49.0524 	EXP 	fade_in_text: autoDraw = True
49.0691 	EXP 	fade_in_text: autoDraw = True
49.0857 	EXP 	fade_in_text: autoDraw = True
49.1024 	EXP 	fade_in_text: autoDraw = True
49.1192 	EXP 	fade_in_text: autoDraw = True
49.1356 	EXP 	fade_in_text: autoDraw = True
49.1524 	EXP 	fade_in_text: autoDraw = True
49.1691 	EXP 	fade_in_text: autoDraw = True
49.1857 	EXP 	fade_in_text: autoDraw = True
49.2024 	EXP 	fade_in_text: autoDraw = True
49.2193 	EXP 	fade_in_text: autoDraw = True
49.2356 	EXP 	fade_in_text: autoDraw = True
49.2524 	EXP 	fade_in_text: autoDraw = True
49.2691 	EXP 	fade_in_text: autoDraw = True
49.2857 	EXP 	fade_in_text: autoDraw = True
49.3024 	EXP 	fade_in_text: autoDraw = True
49.3191 	EXP 	fade_in_text: autoDraw = True
49.3356 	EXP 	fade_in_text: autoDraw = True
49.3524 	EXP 	fade_in_text: autoDraw = True
49.3691 	EXP 	fade_in_text: autoDraw = True
49.3858 	EXP 	fade_in_text: autoDraw = True
49.4024 	EXP 	fade_in_text: autoDraw = True
49.4190 	EXP 	fade_in_text: autoDraw = True
49.4357 	EXP 	fade_in_text: autoDraw = True
49.4524 	EXP 	fade_in_text: autoDraw = True
49.4691 	EXP 	fade_in_text: autoDraw = True
49.4857 	EXP 	fade_in_text: autoDraw = True
49.5024 	EXP 	fade_in_text: autoDraw = True
49.5190 	EXP 	fade_in_text: autoDraw = True
49.5357 	EXP 	fade_in_text: autoDraw = True
49.5524 	EXP 	fade_in_text: autoDraw = True
49.5691 	EXP 	fade_in_text: autoDraw = True
49.5857 	EXP 	fade_in_text: autoDraw = True
49.6026 	EXP 	fade_in_text: autoDraw = True
49.6190 	EXP 	fade_in_text: autoDraw = True
49.6357 	EXP 	fade_in_text: autoDraw = True
49.6524 	EXP 	fade_in_text: autoDraw = True
49.6691 	EXP 	fade_in_text: autoDraw = True
49.6858 	EXP 	fade_in_text: autoDraw = True
49.7026 	EXP 	fade_in_text: autoDraw = True
49.7190 	EXP 	fade_in_text: autoDraw = True
49.7358 	EXP 	fade_in_text: autoDraw = True
49.7524 	EXP 	fade_in_text: autoDraw = True
49.7691 	EXP 	fade_in_text: autoDraw = True
49.7857 	EXP 	fade_in_text: autoDraw = True
49.8027 	EXP 	fade_in_text: autoDraw = True
49.8190 	EXP 	fade_in_text: autoDraw = True
49.8358 	EXP 	fade_in_text: autoDraw = True
49.8524 	EXP 	fade_in_text: autoDraw = True
49.8691 	EXP 	fade_in_text: autoDraw = True
49.8858 	EXP 	fade_in_text: autoDraw = True
49.9025 	EXP 	fade_in_text: autoDraw = True
49.9190 	EXP 	fade_in_text: autoDraw = True
49.9358 	EXP 	fade_in_text: autoDraw = True
49.9524 	EXP 	fade_in_text: autoDraw = True
49.9691 	EXP 	fade_in_text: autoDraw = True
49.9858 	EXP 	fade_in_text: autoDraw = True
50.0024 	EXP 	fade_in_text: autoDraw = True
50.0190 	EXP 	fade_in_text: autoDraw = True
50.0358 	EXP 	fade_in_text: autoDraw = True
50.0524 	EXP 	fade_in_text: autoDraw = True
50.0691 	EXP 	fade_in_text: autoDraw = True
50.0858 	EXP 	fade_in_text: autoDraw = True
50.1024 	EXP 	fade_in_text: autoDraw = True
50.1191 	EXP 	fade_in_text: autoDraw = True
50.1358 	EXP 	fade_in_text: autoDraw = True
50.1525 	EXP 	fade_in_text: autoDraw = True
50.1692 	EXP 	fade_in_text: autoDraw = True
50.1860 	EXP 	fade_in_text: autoDraw = True
50.2024 	EXP 	fade_in_text: autoDraw = True
50.2191 	EXP 	fade_in_text: autoDraw = True
50.2358 	EXP 	fade_in_text: autoDraw = True
50.2524 	EXP 	fade_in_text: autoDraw = True
50.2691 	EXP 	fade_in_text: autoDraw = True
50.2860 	EXP 	fade_in_text: autoDraw = True
50.3024 	EXP 	fade_in_text: autoDraw = True
50.3191 	EXP 	fade_in_text: autoDraw = True
50.3358 	EXP 	fade_in_text: autoDraw = True
50.3525 	EXP 	fade_in_text: autoDraw = True
50.3691 	EXP 	fade_in_text: autoDraw = True
50.3860 	EXP 	fade_in_text: autoDraw = True
50.4024 	EXP 	fade_in_text: autoDraw = True
50.4191 	EXP 	fade_in_text: autoDraw = True
50.4358 	EXP 	fade_in_text: autoDraw = True
50.4525 	EXP 	fade_in_text: autoDraw = True
50.4691 	EXP 	fade_in_text: autoDraw = True
50.4861 	EXP 	fade_in_text: autoDraw = True
50.5024 	EXP 	fade_in_text: autoDraw = True
50.5191 	EXP 	fade_in_text: autoDraw = True
50.5358 	EXP 	fade_in_text: autoDraw = True
50.5525 	EXP 	fade_in_text: autoDraw = True
50.5692 	EXP 	fade_in_text: autoDraw = True
50.5860 	EXP 	fade_in_text: autoDraw = True
50.6024 	EXP 	fade_in_text: autoDraw = True
50.6191 	EXP 	fade_in_text: autoDraw = True
50.6358 	EXP 	fade_in_text: autoDraw = True
50.6525 	EXP 	fade_in_text: autoDraw = True
50.6692 	EXP 	fade_in_text: autoDraw = True
50.6857 	EXP 	fade_in_text: autoDraw = True
50.7024 	EXP 	fade_in_text: autoDraw = True
50.7191 	EXP 	fade_in_text: autoDraw = True
50.7358 	EXP 	fade_in_text: autoDraw = True
50.7525 	EXP 	fade_in_text: autoDraw = True
50.7692 	EXP 	fade_in_text: autoDraw = True
50.7857 	EXP 	fade_in_text: autoDraw = True
50.8025 	EXP 	fade_in_text: autoDraw = True
50.8191 	EXP 	fade_in_text: autoDraw = True
50.8358 	EXP 	fade_in_text: autoDraw = True
50.8525 	EXP 	fade_in_text: autoDraw = True
50.8694 	EXP 	fade_in_text: autoDraw = True
50.8857 	EXP 	fade_in_text: autoDraw = True
50.9025 	EXP 	fade_in_text: autoDraw = True
50.9191 	EXP 	fade_in_text: autoDraw = True
50.9358 	EXP 	fade_in_text: autoDraw = True
50.9525 	EXP 	fade_in_text: autoDraw = True
50.9694 	EXP 	fade_in_text: autoDraw = True
50.9857 	EXP 	fade_in_text: autoDraw = True
51.0025 	EXP 	fade_in_text: autoDraw = True
51.0191 	EXP 	fade_in_text: autoDraw = True
51.0358 	EXP 	fade_in_text: autoDraw = True
51.0525 	EXP 	fade_in_text: autoDraw = True
51.0695 	EXP 	fade_in_text: autoDraw = True
51.0857 	EXP 	fade_in_text: autoDraw = True
51.1025 	EXP 	fade_in_text: autoDraw = True
51.1192 	EXP 	fade_in_text: autoDraw = True
51.1358 	EXP 	fade_in_text: autoDraw = True
51.1525 	EXP 	fade_in_text: autoDraw = True
51.1694 	EXP 	fade_in_text: autoDraw = True
51.1857 	EXP 	fade_in_text: autoDraw = True
51.2025 	EXP 	fade_in_text: autoDraw = True
51.2192 	EXP 	fade_in_text: autoDraw = True
51.2358 	EXP 	fade_in_text: autoDraw = True
51.2525 	EXP 	fade_in_text: autoDraw = True
51.2692 	EXP 	fade_in_text: autoDraw = True
51.2858 	EXP 	fade_in_text: autoDraw = True
51.3025 	EXP 	fade_in_text: autoDraw = True
51.3192 	EXP 	fade_in_text: autoDraw = True
51.3358 	EXP 	fade_in_text: autoDraw = True
51.3527 	EXP 	fade_in_text: autoDraw = True
51.3692 	EXP 	fade_in_text: autoDraw = True
51.3858 	EXP 	fade_in_text: autoDraw = True
51.4025 	EXP 	fade_in_text: autoDraw = True
51.4192 	EXP 	fade_in_text: autoDraw = True
51.4358 	EXP 	fade_in_text: autoDraw = True
51.4527 	EXP 	fade_in_text: autoDraw = True
51.4692 	EXP 	fade_in_text: autoDraw = True
51.4858 	EXP 	fade_in_text: autoDraw = True
51.5025 	EXP 	fade_in_text: autoDraw = True
51.5192 	EXP 	fade_in_text: autoDraw = True
51.5358 	EXP 	fade_in_text: autoDraw = True
51.5526 	EXP 	fade_in_text: autoDraw = True
51.5692 	EXP 	fade_in_text: autoDraw = True
51.5858 	EXP 	fade_in_text: autoDraw = True
51.6025 	EXP 	fade_in_text: autoDraw = True
51.6192 	EXP 	fade_in_text: autoDraw = True
51.6359 	EXP 	fade_in_text: autoDraw = True
51.6528 	EXP 	fade_in_text: autoDraw = True
51.6692 	EXP 	fade_in_text: autoDraw = True
51.6859 	EXP 	fade_in_text: autoDraw = True
51.7025 	EXP 	fade_in_text: autoDraw = True
51.7192 	EXP 	fade_in_text: autoDraw = True
51.7359 	EXP 	fade_in_text: autoDraw = True
51.7527 	EXP 	fade_in_text: autoDraw = True
51.7692 	EXP 	fade_in_text: autoDraw = True
51.7858 	EXP 	fade_in_text: autoDraw = True
51.8025 	EXP 	fade_in_text: autoDraw = True
51.8192 	EXP 	fade_in_text: autoDraw = True
51.8359 	EXP 	fade_in_text: autoDraw = True
51.8525 	EXP 	fade_in_text: autoDraw = True
51.8693 	EXP 	fade_in_text: autoDraw = True
51.8859 	EXP 	fade_in_text: autoDraw = True
51.9025 	EXP 	fade_in_text: autoDraw = True
51.9192 	EXP 	fade_in_text: autoDraw = True
51.9359 	EXP 	fade_in_text: autoDraw = True
51.9525 	EXP 	fade_in_text: autoDraw = True
51.9693 	EXP 	fade_in_text: autoDraw = True
51.9859 	EXP 	fade_in_text: autoDraw = True
52.0026 	EXP 	fade_in_text: autoDraw = True
52.0192 	EXP 	fade_in_text: autoDraw = True
52.0361 	EXP 	fade_in_text: autoDraw = True
52.0525 	EXP 	fade_in_text: autoDraw = True
52.0692 	EXP 	fade_in_text: autoDraw = True
52.0859 	EXP 	fade_in_text: autoDraw = True
52.1026 	EXP 	fade_in_text: autoDraw = True
52.1192 	EXP 	fade_in_text: autoDraw = True
52.1361 	EXP 	fade_in_text: autoDraw = True
52.1525 	EXP 	fade_in_text: autoDraw = True
52.1692 	EXP 	fade_in_text: autoDraw = True
52.1859 	EXP 	fade_in_text: autoDraw = True
52.2025 	EXP 	fade_in_text: autoDraw = True
52.2192 	EXP 	fade_in_text: autoDraw = True
52.2362 	EXP 	fade_in_text: autoDraw = True
52.2525 	EXP 	fade_in_text: autoDraw = True
52.2692 	EXP 	fade_in_text: autoDraw = True
52.2859 	EXP 	fade_in_text: autoDraw = True
52.3026 	EXP 	fade_in_text: autoDraw = True
52.3192 	EXP 	fade_in_text: autoDraw = True
52.3361 	EXP 	fade_in_text: autoDraw = True
52.3525 	EXP 	fade_in_text: autoDraw = True
52.3692 	EXP 	fade_in_text: autoDraw = True
52.3859 	EXP 	fade_in_text: autoDraw = True
52.4025 	EXP 	fade_in_text: autoDraw = True
52.4192 	EXP 	fade_in_text: autoDraw = True
52.4358 	EXP 	fade_in_text: autoDraw = True
52.4525 	EXP 	fade_in_text: autoDraw = True
52.4692 	EXP 	fade_in_text: autoDraw = True
52.4859 	EXP 	fade_in_text: autoDraw = True
52.5026 	EXP 	fade_in_text: autoDraw = True
52.5192 	EXP 	fade_in_text: autoDraw = True
52.5358 	EXP 	fade_in_text: autoDraw = True
52.5525 	EXP 	fade_in_text: autoDraw = True
52.5693 	EXP 	fade_in_text: autoDraw = True
52.5859 	EXP 	fade_in_text: autoDraw = True
52.6026 	EXP 	fade_in_text: autoDraw = True
52.6195 	EXP 	fade_in_text: autoDraw = True
52.6358 	EXP 	fade_in_text: autoDraw = True
52.6526 	EXP 	fade_in_text: autoDraw = True
52.6692 	EXP 	fade_in_text: autoDraw = True
52.6859 	EXP 	fade_in_text: autoDraw = True
52.7026 	EXP 	fade_in_text: autoDraw = True
52.7195 	EXP 	fade_in_text: autoDraw = True
52.7358 	EXP 	fade_in_text: autoDraw = True
52.7526 	EXP 	fade_in_text: autoDraw = True
52.7692 	EXP 	fade_in_text: autoDraw = True
52.7860 	EXP 	fade_in_text: autoDraw = True
52.8026 	EXP 	fade_in_text: autoDraw = True
52.8194 	EXP 	fade_in_text: autoDraw = True
52.8359 	EXP 	fade_in_text: autoDraw = True
52.8526 	EXP 	fade_in_text: autoDraw = True
52.8693 	EXP 	fade_in_text: autoDraw = True
52.8859 	EXP 	fade_in_text: autoDraw = True
52.9026 	EXP 	fade_in_text: autoDraw = True
52.9195 	EXP 	fade_in_text: autoDraw = True
52.9358 	EXP 	fade_in_text: autoDraw = True
52.9526 	EXP 	fade_in_text: autoDraw = True
52.9693 	EXP 	fade_in_text: autoDraw = True
52.9859 	EXP 	fade_in_text: autoDraw = True
53.0026 	EXP 	fade_in_text: autoDraw = True
53.0192 	EXP 	fade_in_text: autoDraw = True
53.0359 	EXP 	fade_in_text: autoDraw = True
53.0526 	EXP 	fade_in_text: autoDraw = True
53.0693 	EXP 	fade_in_text: autoDraw = True
53.0860 	EXP 	fade_in_text: autoDraw = True
53.1026 	EXP 	fade_in_text: autoDraw = True
53.1192 	EXP 	fade_in_text: autoDraw = True
53.1358 	EXP 	fade_in_text: autoDraw = True
53.1526 	EXP 	fade_in_text: autoDraw = True
53.1694 	EXP 	fade_in_text: autoDraw = True
53.1860 	EXP 	fade_in_text: autoDraw = True
53.2028 	EXP 	fade_in_text: autoDraw = True
53.2192 	EXP 	fade_in_text: autoDraw = True
53.2359 	EXP 	fade_in_text: autoDraw = True
53.2526 	EXP 	fade_in_text: autoDraw = True
53.2693 	EXP 	fade_in_text: autoDraw = True
53.2860 	EXP 	fade_in_text: autoDraw = True
53.3028 	EXP 	fade_in_text: autoDraw = True
53.3192 	EXP 	fade_in_text: autoDraw = True
53.3360 	EXP 	fade_in_text: autoDraw = True
53.3526 	EXP 	fade_in_text: autoDraw = True
53.3693 	EXP 	fade_in_text: autoDraw = True
53.3859 	EXP 	fade_in_text: autoDraw = True
53.4029 	EXP 	fade_in_text: autoDraw = True
53.4192 	EXP 	fade_in_text: autoDraw = True
53.4359 	EXP 	fade_in_text: autoDraw = True
53.4526 	EXP 	fade_in_text: autoDraw = True
53.4693 	EXP 	fade_in_text: autoDraw = True
53.4860 	EXP 	fade_in_text: autoDraw = True
53.5028 	EXP 	fade_in_text: autoDraw = True
53.5192 	EXP 	fade_in_text: autoDraw = True
53.5359 	EXP 	fade_in_text: autoDraw = True
53.5526 	EXP 	fade_in_text: autoDraw = True
53.5693 	EXP 	fade_in_text: autoDraw = True
53.5861 	EXP 	fade_in_text: autoDraw = True
53.6026 	EXP 	fade_in_text: autoDraw = True
53.6192 	EXP 	fade_in_text: autoDraw = True
53.6360 	EXP 	fade_in_text: autoDraw = True
53.6526 	EXP 	fade_in_text: autoDraw = True
53.6694 	EXP 	fade_in_text: autoDraw = True
53.6860 	EXP 	fade_in_text: autoDraw = True
53.7025 	EXP 	fade_in_text: autoDraw = True
53.7192 	EXP 	fade_in_text: autoDraw = True
53.7360 	EXP 	fade_in_text: autoDraw = True
53.7526 	EXP 	fade_in_text: autoDraw = True
53.7693 	EXP 	fade_in_text: autoDraw = True
53.7860 	EXP 	fade_in_text: autoDraw = True
53.8025 	EXP 	fade_in_text: autoDraw = True
53.8193 	EXP 	fade_in_text: autoDraw = True
53.8360 	EXP 	fade_in_text: autoDraw = True
53.8526 	EXP 	fade_in_text: autoDraw = True
53.8693 	EXP 	fade_in_text: autoDraw = True
53.8862 	EXP 	fade_in_text: autoDraw = True
53.9026 	EXP 	fade_in_text: autoDraw = True
53.9193 	EXP 	fade_in_text: autoDraw = True
53.9360 	EXP 	fade_in_text: autoDraw = True
53.9526 	EXP 	fade_in_text: autoDraw = True
53.9693 	EXP 	fade_in_text: autoDraw = True
53.9862 	EXP 	fade_in_text: autoDraw = True
54.0026 	EXP 	fade_in_text: autoDraw = True
54.0193 	EXP 	fade_in_text: autoDraw = True
54.0360 	EXP 	fade_in_text: autoDraw = True
54.0526 	EXP 	fade_in_text: autoDraw = True
54.0693 	EXP 	fade_in_text: autoDraw = True
54.0863 	EXP 	fade_in_text: autoDraw = True
54.1026 	EXP 	fade_in_text: autoDraw = True
54.1193 	EXP 	fade_in_text: autoDraw = True
54.1360 	EXP 	fade_in_text: autoDraw = True
54.1527 	EXP 	fade_in_text: autoDraw = True
54.1693 	EXP 	fade_in_text: autoDraw = True
54.1862 	EXP 	fade_in_text: autoDraw = True
54.2026 	EXP 	fade_in_text: autoDraw = True
54.2193 	EXP 	fade_in_text: autoDraw = True
54.2360 	EXP 	fade_in_text: autoDraw = True
54.2527 	EXP 	fade_in_text: autoDraw = True
54.2693 	EXP 	fade_in_text: autoDraw = True
54.2860 	EXP 	fade_in_text: autoDraw = True
54.3026 	EXP 	fade_in_text: autoDraw = True
54.3193 	EXP 	fade_in_text: autoDraw = True
54.3360 	EXP 	fade_in_text: autoDraw = True
54.3527 	EXP 	fade_in_text: autoDraw = True
54.3696 	EXP 	fade_in_text: autoDraw = True
54.3860 	EXP 	fade_in_text: autoDraw = True
54.4026 	EXP 	fade_in_text: autoDraw = True
54.4193 	EXP 	fade_in_text: autoDraw = True
54.4360 	EXP 	fade_in_text: autoDraw = True
54.4527 	EXP 	fade_in_text: autoDraw = True
54.4695 	EXP 	fade_in_text: autoDraw = True
54.4860 	EXP 	fade_in_text: autoDraw = True
54.5027 	EXP 	fade_in_text: autoDraw = True
54.5194 	EXP 	fade_in_text: autoDraw = True
54.5361 	EXP 	fade_in_text: autoDraw = True
54.5527 	EXP 	fade_in_text: autoDraw = True
54.5696 	EXP 	fade_in_text: autoDraw = True
54.5860 	EXP 	fade_in_text: autoDraw = True
54.6027 	EXP 	fade_in_text: autoDraw = True
54.6194 	EXP 	fade_in_text: autoDraw = True
54.6360 	EXP 	fade_in_text: autoDraw = True
54.6527 	EXP 	fade_in_text: autoDraw = True
54.6696 	EXP 	fade_in_text: autoDraw = True
54.6860 	EXP 	fade_in_text: autoDraw = True
54.7027 	EXP 	fade_in_text: autoDraw = True
54.7194 	EXP 	fade_in_text: autoDraw = True
54.7360 	EXP 	fade_in_text: autoDraw = True
54.7527 	EXP 	fade_in_text: autoDraw = True
54.7696 	EXP 	fade_in_text: autoDraw = True
54.7861 	EXP 	fade_in_text: autoDraw = True
54.8027 	EXP 	fade_in_text: autoDraw = True
54.8194 	EXP 	fade_in_text: autoDraw = True
54.8360 	EXP 	fade_in_text: autoDraw = True
54.8527 	EXP 	fade_in_text: autoDraw = True
54.8693 	EXP 	fade_in_text: autoDraw = True
54.8860 	EXP 	fade_in_text: autoDraw = True
54.9027 	EXP 	fade_in_text: autoDraw = True
54.9194 	EXP 	fade_in_text: autoDraw = True
54.9360 	EXP 	fade_in_text: autoDraw = True
54.9527 	EXP 	fade_in_text: autoDraw = True
54.9693 	EXP 	fade_in_text: autoDraw = True
54.9860 	EXP 	fade_in_text: autoDraw = True
55.0027 	EXP 	fade_in_text: autoDraw = True
55.0194 	EXP 	fade_in_text: autoDraw = True
55.0360 	EXP 	fade_in_text: autoDraw = True
55.0529 	EXP 	fade_in_text: autoDraw = True
55.0693 	EXP 	fade_in_text: autoDraw = True
55.0862 	EXP 	fade_in_text: autoDraw = True
55.1027 	EXP 	fade_in_text: autoDraw = True
55.1194 	EXP 	fade_in_text: autoDraw = True
55.1360 	EXP 	fade_in_text: autoDraw = True
55.1529 	EXP 	fade_in_text: autoDraw = True
55.1693 	EXP 	fade_in_text: autoDraw = True
55.1862 	EXP 	fade_in_text: autoDraw = True
55.2027 	EXP 	fade_in_text: autoDraw = True
55.2194 	EXP 	fade_in_text: autoDraw = True
55.2360 	EXP 	fade_in_text: autoDraw = True
55.2530 	EXP 	fade_in_text: autoDraw = True
55.2693 	EXP 	fade_in_text: autoDraw = True
55.2860 	EXP 	fade_in_text: autoDraw = True
55.3027 	EXP 	fade_in_text: autoDraw = True
55.3194 	EXP 	fade_in_text: autoDraw = True
55.3360 	EXP 	fade_in_text: autoDraw = True
55.3529 	EXP 	fade_in_text: autoDraw = True
55.3693 	EXP 	fade_in_text: autoDraw = True
55.3861 	EXP 	fade_in_text: autoDraw = True
55.4027 	EXP 	fade_in_text: autoDraw = True
55.4194 	EXP 	fade_in_text: autoDraw = True
55.4360 	EXP 	fade_in_text: autoDraw = True
55.4526 	EXP 	fade_in_text: autoDraw = True
55.4693 	EXP 	fade_in_text: autoDraw = True
55.4861 	EXP 	fade_in_text: autoDraw = True
55.5027 	EXP 	fade_in_text: autoDraw = True
55.5194 	EXP 	fade_in_text: autoDraw = True
55.5361 	EXP 	fade_in_text: autoDraw = True
55.5526 	EXP 	fade_in_text: autoDraw = True
55.5693 	EXP 	fade_in_text: autoDraw = True
55.5861 	EXP 	fade_in_text: autoDraw = True
55.6027 	EXP 	fade_in_text: autoDraw = True
55.6194 	EXP 	fade_in_text: autoDraw = True
55.6363 	EXP 	fade_in_text: autoDraw = True
55.6527 	EXP 	fade_in_text: autoDraw = True
55.6694 	EXP 	fade_in_text: autoDraw = True
55.6861 	EXP 	fade_in_text: autoDraw = True
55.7027 	EXP 	fade_in_text: autoDraw = True
55.7194 	EXP 	fade_in_text: autoDraw = True
55.7362 	EXP 	fade_in_text: autoDraw = True
55.7527 	EXP 	fade_in_text: autoDraw = True
55.7694 	EXP 	fade_in_text: autoDraw = True
55.7861 	EXP 	fade_in_text: autoDraw = True
55.8027 	EXP 	fade_in_text: autoDraw = True
55.8194 	EXP 	fade_in_text: autoDraw = True
55.8363 	EXP 	fade_in_text: autoDraw = True
55.8527 	EXP 	fade_in_text: autoDraw = True
55.8694 	EXP 	fade_in_text: autoDraw = True
55.8861 	EXP 	fade_in_text: autoDraw = True
55.9027 	EXP 	fade_in_text: autoDraw = True
55.9194 	EXP 	fade_in_text: autoDraw = True
55.9363 	EXP 	fade_in_text: autoDraw = True
55.9527 	EXP 	fade_in_text: autoDraw = True
55.9694 	EXP 	fade_in_text: autoDraw = True
55.9861 	EXP 	fade_in_text: autoDraw = True
56.0028 	EXP 	fade_in_text: autoDraw = True
56.0194 	EXP 	fade_in_text: autoDraw = True
56.0361 	EXP 	fade_in_text: autoDraw = True
56.0527 	EXP 	fade_in_text: autoDraw = True
56.0694 	EXP 	fade_in_text: autoDraw = True
56.0861 	EXP 	fade_in_text: autoDraw = True
56.1028 	EXP 	fade_in_text: autoDraw = True
56.1194 	EXP 	fade_in_text: autoDraw = True
56.1360 	EXP 	fade_in_text: autoDraw = True
56.1527 	EXP 	fade_in_text: autoDraw = True
56.1694 	EXP 	fade_in_text: autoDraw = True
56.1861 	EXP 	fade_in_text: autoDraw = True
56.2028 	EXP 	fade_in_text: autoDraw = True
56.2196 	EXP 	fade_in_text: autoDraw = True
56.2360 	EXP 	fade_in_text: autoDraw = True
56.2527 	EXP 	fade_in_text: autoDraw = True
56.2694 	EXP 	fade_in_text: autoDraw = True
56.2861 	EXP 	fade_in_text: autoDraw = True
56.3028 	EXP 	fade_in_text: autoDraw = True
56.3196 	EXP 	fade_in_text: autoDraw = True
56.3360 	EXP 	fade_in_text: autoDraw = True
56.3528 	EXP 	fade_in_text: autoDraw = True
56.3694 	EXP 	fade_in_text: autoDraw = True
56.3861 	EXP 	fade_in_text: autoDraw = True
56.4028 	EXP 	fade_in_text: autoDraw = True
56.4197 	EXP 	fade_in_text: autoDraw = True
56.4360 	EXP 	fade_in_text: autoDraw = True
56.4528 	EXP 	fade_in_text: autoDraw = True
56.4694 	EXP 	fade_in_text: autoDraw = True
56.4861 	EXP 	fade_in_text: autoDraw = True
56.5028 	EXP 	fade_in_text: autoDraw = True
56.5196 	EXP 	fade_in_text: autoDraw = True
56.5360 	EXP 	fade_in_text: autoDraw = True
56.5528 	EXP 	fade_in_text: autoDraw = True
56.5694 	EXP 	fade_in_text: autoDraw = True
56.5861 	EXP 	fade_in_text: autoDraw = True
56.6028 	EXP 	fade_in_text: autoDraw = True
56.6194 	EXP 	fade_in_text: autoDraw = True
56.6360 	EXP 	fade_in_text: autoDraw = True
56.6528 	EXP 	fade_in_text: autoDraw = True
56.6694 	EXP 	fade_in_text: autoDraw = True
56.6861 	EXP 	fade_in_text: autoDraw = True
56.7028 	EXP 	fade_in_text: autoDraw = True
56.7194 	EXP 	fade_in_text: autoDraw = True
56.7361 	EXP 	fade_in_text: autoDraw = True
56.7528 	EXP 	fade_in_text: autoDraw = True
56.7695 	EXP 	fade_in_text: autoDraw = True
56.7861 	EXP 	fade_in_text: autoDraw = True
56.8030 	EXP 	fade_in_text: autoDraw = True
56.8194 	EXP 	fade_in_text: autoDraw = True
56.8361 	EXP 	fade_in_text: autoDraw = True
56.8528 	EXP 	fade_in_text: autoDraw = True
56.8695 	EXP 	fade_in_text: autoDraw = True
56.8861 	EXP 	fade_in_text: autoDraw = True
56.9030 	EXP 	fade_in_text: autoDraw = True
56.9194 	EXP 	fade_in_text: autoDraw = True
56.9361 	EXP 	fade_in_text: autoDraw = True
56.9528 	EXP 	fade_in_text: autoDraw = True
56.9695 	EXP 	fade_in_text: autoDraw = True
56.9861 	EXP 	fade_in_text: autoDraw = True
57.0031 	EXP 	fade_in_text: autoDraw = True
57.0194 	EXP 	fade_in_text: autoDraw = True
57.0362 	EXP 	fade_in_text: autoDraw = True
57.0528 	EXP 	fade_in_text: autoDraw = True
57.0695 	EXP 	fade_in_text: autoDraw = True
57.0862 	EXP 	fade_in_text: autoDraw = True
57.1031 	EXP 	fade_in_text: autoDraw = True
57.1194 	EXP 	fade_in_text: autoDraw = True
57.1362 	EXP 	fade_in_text: autoDraw = True
57.1528 	EXP 	fade_in_text: autoDraw = True
57.1695 	EXP 	fade_in_text: autoDraw = True
57.1862 	EXP 	fade_in_text: autoDraw = True
57.2028 	EXP 	fade_in_text: autoDraw = True
57.2194 	EXP 	fade_in_text: autoDraw = True
57.2362 	EXP 	fade_in_text: autoDraw = True
57.2528 	EXP 	fade_in_text: autoDraw = True
57.2695 	EXP 	fade_in_text: autoDraw = True
57.2861 	EXP 	fade_in_text: autoDraw = True
57.3028 	EXP 	fade_in_text: autoDraw = True
57.3195 	EXP 	fade_in_text: autoDraw = True
57.3362 	EXP 	fade_in_text: autoDraw = True
57.3528 	EXP 	fade_in_text: autoDraw = True
57.3695 	EXP 	fade_in_text: autoDraw = True
57.3866 	EXP 	fade_in_text: autoDraw = True
57.4028 	EXP 	fade_in_text: autoDraw = True
57.4195 	EXP 	fade_in_text: autoDraw = True
57.4362 	EXP 	fade_in_text: autoDraw = True
57.4528 	EXP 	fade_in_text: autoDraw = True
57.4695 	EXP 	fade_in_text: autoDraw = True
57.4863 	EXP 	fade_in_text: autoDraw = True
57.5028 	EXP 	fade_in_text: autoDraw = True
57.5195 	EXP 	fade_in_text: autoDraw = True
57.5362 	EXP 	fade_in_text: autoDraw = True
57.5528 	EXP 	fade_in_text: autoDraw = True
57.5697 	EXP 	fade_in_text: autoDraw = True
60.6029 	EXP 	fade_in_text: autoDraw = False
60.6029 	EXP 	RS_intro_title: autoDraw = True
60.6029 	EXP 	RS_intro_text: autoDraw = True
83.6209 	EXP 	RS_intro_title: autoDraw = False
83.6209 	EXP 	RS_intro_text: autoDraw = False
83.6209 	EXP 	RS_intro_title: autoDraw = False
83.6209 	EXP 	RS_intro_text: autoDraw = False
83.6209 	EXP 	RS_rec_text: text = 'Please keep relaxed and open your eyes.\nNote: Blinking is allowed.'
83.6209 	EXP 	RS_rec_text: autoDraw = True
263.6303 	EXP 	RS_rec_text: autoDraw = False
266.9973 	EXP 	RS_rec_text: autoDraw = False
266.9973 	EXP 	RS_intro_title: autoDraw = True
266.9973 	EXP 	RS_intro_text: autoDraw = True
290.0148 	EXP 	RS_intro_title: autoDraw = False
290.0148 	EXP 	RS_intro_text: autoDraw = False
290.0148 	EXP 	RS_intro_title: autoDraw = False
290.0148 	EXP 	RS_intro_text: autoDraw = False
290.0148 	EXP 	RS_rec_text: text = 'Please keep relaxed and close your eyes.\n'
290.0148 	EXP 	RS_rec_text: autoDraw = True
470.0243 	EXP 	RS_rec_text: autoDraw = False
473.4078 	EXP 	RS_rec_text: autoDraw = False
473.4078 	EXP 	Pause_cont: text = 'Press [space] key to continue.'
473.4078 	EXP 	Pause_cont: autoDraw = True
485.9102 	DATA 	Keypress: space
489.0089 	EXP 	Pause_cont: autoDraw = False
489.0089 	EXP 	QA_intro_title: autoDraw = True
489.0089 	EXP 	QA_intro_text: autoDraw = True
528.4274 	EXP 	QA_intro_cont: autoDraw = True
529.0441 	EXP 	QA_intro_title: autoDraw = False
529.0441 	EXP 	QA_intro_text: autoDraw = False
531.1781 	DATA 	Keypress: space
532.1976 	EXP 	Created sequence: random, trialTypes=1, nReps=2, seed=None
532.1982 	EXP 	New trial (rep=0, index=0): None
533.2014 	EXP 	Created sequence: random, trialTypes=1, nReps=25, seed=None
533.2024 	EXP 	New trial (rep=0, index=0): None
534.2613 	EXP 	QA_intro_title: autoDraw = False
534.2613 	EXP 	QA_intro_text: autoDraw = False
534.2613 	EXP 	QA_intro_cont: autoDraw = False
534.2613 	EXP 	QA_rec_text: autoDraw = True
552.2620 	EXP 	QA_rec_break: autoDraw = True
554.2670 	EXP 	New trial (rep=1, index=0): None
555.3288 	EXP 	QA_rec_text: autoDraw = False
555.3288 	EXP 	QA_rec_break: autoDraw = False
555.3288 	EXP 	QA_rec_text: autoDraw = True
573.3298 	EXP 	QA_rec_break: autoDraw = True
575.3010 	EXP 	New trial (rep=2, index=0): None
576.3636 	EXP 	QA_rec_text: autoDraw = False
576.3636 	EXP 	QA_rec_break: autoDraw = False
576.3636 	EXP 	QA_rec_text: autoDraw = True
594.3475 	EXP 	QA_rec_break: autoDraw = True
596.3520 	EXP 	New trial (rep=3, index=0): None
597.3980 	EXP 	QA_rec_text: autoDraw = False
597.3980 	EXP 	QA_rec_break: autoDraw = False
597.3980 	EXP 	QA_rec_text: autoDraw = True
615.3986 	EXP 	QA_rec_break: autoDraw = True
617.4031 	EXP 	New trial (rep=4, index=0): None
618.4654 	EXP 	QA_rec_text: autoDraw = False
618.4654 	EXP 	QA_rec_break: autoDraw = False
618.4654 	EXP 	QA_rec_text: autoDraw = True
636.4664 	EXP 	QA_rec_break: autoDraw = True
638.4383 	EXP 	New trial (rep=5, index=0): None
639.5008 	EXP 	QA_rec_text: autoDraw = False
639.5008 	EXP 	QA_rec_break: autoDraw = False
639.5008 	EXP 	QA_rec_text: autoDraw = True
657.5008 	EXP 	QA_rec_break: autoDraw = True
659.5055 	EXP 	New trial (rep=6, index=0): None
660.5679 	EXP 	QA_rec_text: autoDraw = False
660.5679 	EXP 	QA_rec_break: autoDraw = False
660.5679 	EXP 	QA_rec_text: autoDraw = True
678.5686 	EXP 	QA_rec_break: autoDraw = True
680.5732 	EXP 	New trial (rep=7, index=0): None
681.6357 	EXP 	QA_rec_text: autoDraw = False
681.6357 	EXP 	QA_rec_break: autoDraw = False
681.6357 	EXP 	QA_rec_text: autoDraw = True
699.6363 	EXP 	QA_rec_break: autoDraw = True
701.6412 	EXP 	New trial (rep=8, index=0): None
702.7037 	EXP 	QA_rec_text: autoDraw = False
702.7037 	EXP 	QA_rec_break: autoDraw = False
702.7037 	EXP 	QA_rec_text: autoDraw = True
720.7042 	EXP 	QA_rec_break: autoDraw = True
722.7088 	EXP 	New trial (rep=9, index=0): None
723.8382 	EXP 	QA_rec_text: autoDraw = False
723.8382 	EXP 	QA_rec_break: autoDraw = False
723.8382 	EXP 	QA_rec_text: autoDraw = True
741.8385 	EXP 	QA_rec_break: autoDraw = True
743.8096 	EXP 	New trial (rep=10, index=0): None
744.8723 	EXP 	QA_rec_text: autoDraw = False
744.8723 	EXP 	QA_rec_break: autoDraw = False
744.8723 	EXP 	QA_rec_text: autoDraw = True
762.8398 	EXP 	QA_rec_break: autoDraw = True
764.8439 	EXP 	New trial (rep=11, index=0): None
765.9066 	EXP 	QA_rec_text: autoDraw = False
765.9066 	EXP 	QA_rec_break: autoDraw = False
765.9066 	EXP 	QA_rec_text: autoDraw = True
783.8908 	EXP 	QA_rec_break: autoDraw = True
785.8961 	EXP 	New trial (rep=12, index=0): None
786.9590 	EXP 	QA_rec_text: autoDraw = False
786.9590 	EXP 	QA_rec_break: autoDraw = False
786.9590 	EXP 	QA_rec_text: autoDraw = True
804.9586 	EXP 	QA_rec_break: autoDraw = True
806.9634 	EXP 	New trial (rep=13, index=0): None
808.0254 	EXP 	QA_rec_text: autoDraw = False
808.0254 	EXP 	QA_rec_break: autoDraw = False
808.0254 	EXP 	QA_rec_text: autoDraw = True
826.0263 	EXP 	QA_rec_break: autoDraw = True
827.9975 	EXP 	New trial (rep=14, index=0): None
829.0608 	EXP 	QA_rec_text: autoDraw = False
829.0608 	EXP 	QA_rec_break: autoDraw = False
829.0608 	EXP 	QA_rec_text: autoDraw = True
847.0607 	EXP 	QA_rec_break: autoDraw = True
849.0652 	EXP 	New trial (rep=15, index=0): None
850.1276 	EXP 	QA_rec_text: autoDraw = False
850.1276 	EXP 	QA_rec_break: autoDraw = False
850.1276 	EXP 	QA_rec_text: autoDraw = True
868.1285 	EXP 	QA_rec_break: autoDraw = True
870.1008 	EXP 	New trial (rep=16, index=0): None
871.1626 	EXP 	QA_rec_text: autoDraw = False
871.1626 	EXP 	QA_rec_break: autoDraw = False
871.1626 	EXP 	QA_rec_text: autoDraw = True
889.1296 	EXP 	QA_rec_break: autoDraw = True
891.1343 	EXP 	New trial (rep=17, index=0): None
892.1972 	EXP 	QA_rec_text: autoDraw = False
892.1972 	EXP 	QA_rec_break: autoDraw = False
892.1972 	EXP 	QA_rec_text: autoDraw = True
910.1974 	EXP 	QA_rec_break: autoDraw = True
912.2020 	EXP 	New trial (rep=18, index=0): None
913.2810 	EXP 	QA_rec_text: autoDraw = False
913.2810 	EXP 	QA_rec_break: autoDraw = False
913.2810 	EXP 	QA_rec_text: autoDraw = True
931.2485 	EXP 	QA_rec_break: autoDraw = True
933.2530 	EXP 	New trial (rep=19, index=0): None
934.3159 	EXP 	QA_rec_text: autoDraw = False
934.3159 	EXP 	QA_rec_break: autoDraw = False
934.3159 	EXP 	QA_rec_text: autoDraw = True
952.3163 	EXP 	QA_rec_break: autoDraw = True
954.2876 	EXP 	New trial (rep=20, index=0): None
955.3671 	EXP 	QA_rec_text: autoDraw = False
955.3671 	EXP 	QA_rec_break: autoDraw = False
955.3671 	EXP 	QA_rec_text: autoDraw = True
973.3674 	EXP 	QA_rec_break: autoDraw = True
975.3386 	EXP 	New trial (rep=21, index=0): None
976.4011 	EXP 	QA_rec_text: autoDraw = False
976.4011 	EXP 	QA_rec_break: autoDraw = False
976.4011 	EXP 	QA_rec_text: autoDraw = True
994.3686 	EXP 	QA_rec_break: autoDraw = True
996.3730 	EXP 	New trial (rep=22, index=0): None
997.4367 	EXP 	QA_rec_text: autoDraw = False
997.4367 	EXP 	QA_rec_break: autoDraw = False
997.4367 	EXP 	QA_rec_text: autoDraw = True
1015.4363 	EXP 	QA_rec_break: autoDraw = True
1017.4405 	EXP 	New trial (rep=23, index=0): None
1018.5032 	EXP 	QA_rec_text: autoDraw = False
1018.5032 	EXP 	QA_rec_break: autoDraw = False
1018.5032 	EXP 	QA_rec_text: autoDraw = True
1036.4709 	EXP 	QA_rec_break: autoDraw = True
1038.4753 	EXP 	New trial (rep=24, index=0): None
1039.5377 	EXP 	QA_rec_text: autoDraw = False
1039.5377 	EXP 	QA_rec_break: autoDraw = False
1039.5377 	EXP 	QA_rec_text: autoDraw = True
1057.5385 	EXP 	QA_rec_break: autoDraw = True
1061.5887 	EXP 	QA_rec_text: autoDraw = False
1061.5887 	EXP 	QA_rec_break: autoDraw = False
1061.5887 	EXP 	Pause_cont: text = 'Press [space] key to continue.'
1061.5887 	EXP 	Pause_cont: autoDraw = True
1081.0205 	DATA 	Keypress: space
1082.0765 	EXP 	New trial (rep=1, index=0): None
1083.0797 	EXP 	Created sequence: random, trialTypes=1, nReps=25, seed=None
1083.0806 	EXP 	New trial (rep=0, index=0): None
1084.1566 	EXP 	Pause_cont: autoDraw = False
1084.1566 	EXP 	QA_rec_text: autoDraw = True
1102.1241 	EXP 	QA_rec_break: autoDraw = True
1104.1303 	EXP 	New trial (rep=1, index=0): None
1105.1913 	EXP 	QA_rec_text: autoDraw = False
1105.1913 	EXP 	QA_rec_break: autoDraw = False
1105.1913 	EXP 	QA_rec_text: autoDraw = True
1123.1589 	EXP 	QA_rec_break: autoDraw = True
1125.1647 	EXP 	New trial (rep=2, index=0): None
1126.2423 	EXP 	QA_rec_text: autoDraw = False
1126.2423 	EXP 	QA_rec_break: autoDraw = False
1126.2423 	EXP 	QA_rec_text: autoDraw = True
1144.2430 	EXP 	QA_rec_break: autoDraw = True
1146.2142 	EXP 	New trial (rep=3, index=0): None
1147.2938 	EXP 	QA_rec_text: autoDraw = False
1147.2938 	EXP 	QA_rec_break: autoDraw = False
1147.2938 	EXP 	QA_rec_text: autoDraw = True
1165.2608 	EXP 	QA_rec_break: autoDraw = True
1167.2657 	EXP 	New trial (rep=4, index=0): None
1168.3110 	EXP 	QA_rec_text: autoDraw = False
1168.3110 	EXP 	QA_rec_break: autoDraw = False
1168.3110 	EXP 	QA_rec_text: autoDraw = True
1186.2952 	EXP 	QA_rec_break: autoDraw = True
1188.2998 	EXP 	New trial (rep=5, index=0): None
1189.3629 	EXP 	QA_rec_text: autoDraw = False
1189.3629 	EXP 	QA_rec_break: autoDraw = False
1189.3629 	EXP 	QA_rec_text: autoDraw = True
1207.3630 	EXP 	QA_rec_break: autoDraw = True
1209.3684 	EXP 	New trial (rep=6, index=0): None
1210.4312 	EXP 	QA_rec_text: autoDraw = False
1210.4312 	EXP 	QA_rec_break: autoDraw = False
1210.4312 	EXP 	QA_rec_text: autoDraw = True
1228.4308 	EXP 	QA_rec_break: autoDraw = True
1230.4356 	EXP 	New trial (rep=7, index=0): None
1231.4979 	EXP 	QA_rec_text: autoDraw = False
1231.4979 	EXP 	QA_rec_break: autoDraw = False
1231.4979 	EXP 	QA_rec_text: autoDraw = True
1249.4652 	EXP 	QA_rec_break: autoDraw = True
1251.4744 	EXP 	New trial (rep=8, index=0): None
1252.5329 	EXP 	QA_rec_text: autoDraw = False
1252.5329 	EXP 	QA_rec_break: autoDraw = False
1252.5329 	EXP 	QA_rec_text: autoDraw = True
1270.4997 	EXP 	QA_rec_break: autoDraw = True
1272.5043 	EXP 	New trial (rep=9, index=0): None
1273.5837 	EXP 	QA_rec_text: autoDraw = False
1273.5837 	EXP 	QA_rec_break: autoDraw = False
1273.5837 	EXP 	QA_rec_text: autoDraw = True
1291.5507 	EXP 	QA_rec_break: autoDraw = True
1293.5552 	EXP 	New trial (rep=10, index=0): None
1294.6348 	EXP 	QA_rec_text: autoDraw = False
1294.6348 	EXP 	QA_rec_break: autoDraw = False
1294.6348 	EXP 	QA_rec_text: autoDraw = True
1312.6019 	EXP 	QA_rec_break: autoDraw = True
1314.6065 	EXP 	New trial (rep=11, index=0): None
1315.6690 	EXP 	QA_rec_text: autoDraw = False
1315.6690 	EXP 	QA_rec_break: autoDraw = False
1315.6690 	EXP 	QA_rec_text: autoDraw = True
1333.6363 	EXP 	QA_rec_break: autoDraw = True
1335.6434 	EXP 	New trial (rep=12, index=0): None
1336.7045 	EXP 	QA_rec_text: autoDraw = False
1336.7045 	EXP 	QA_rec_break: autoDraw = False
1336.7045 	EXP 	QA_rec_text: autoDraw = True
1354.7041 	EXP 	QA_rec_break: autoDraw = True
1356.7083 	EXP 	New trial (rep=13, index=0): None
1357.7709 	EXP 	QA_rec_text: autoDraw = False
1357.7709 	EXP 	QA_rec_break: autoDraw = False
1357.7709 	EXP 	QA_rec_text: autoDraw = True
1375.7385 	EXP 	QA_rec_break: autoDraw = True
1377.7429 	EXP 	New trial (rep=14, index=0): None
1378.8560 	EXP 	QA_rec_text: autoDraw = False
1378.8560 	EXP 	QA_rec_break: autoDraw = False
1378.8560 	EXP 	QA_rec_text: autoDraw = True
1396.8562 	EXP 	QA_rec_break: autoDraw = True
1398.8276 	EXP 	New trial (rep=15, index=0): None
1399.8907 	EXP 	QA_rec_text: autoDraw = False
1399.8907 	EXP 	QA_rec_break: autoDraw = False
1399.8907 	EXP 	QA_rec_text: autoDraw = True
1417.8907 	EXP 	QA_rec_break: autoDraw = True
1419.8668 	EXP 	New trial (rep=16, index=0): None
1420.9427 	EXP 	QA_rec_text: autoDraw = False
1420.9427 	EXP 	QA_rec_break: autoDraw = False
1420.9427 	EXP 	QA_rec_text: autoDraw = True
1438.9418 	EXP 	QA_rec_break: autoDraw = True
1440.9464 	EXP 	New trial (rep=17, index=0): None
1442.0090 	EXP 	QA_rec_text: autoDraw = False
1442.0090 	EXP 	QA_rec_break: autoDraw = False
1442.0090 	EXP 	QA_rec_text: autoDraw = True
1459.9762 	EXP 	QA_rec_break: autoDraw = True
1461.9807 	EXP 	New trial (rep=18, index=0): None
1463.0448 	EXP 	QA_rec_text: autoDraw = False
1463.0448 	EXP 	QA_rec_break: autoDraw = False
1463.0448 	EXP 	QA_rec_text: autoDraw = True
1481.0442 	EXP 	QA_rec_break: autoDraw = True
1483.0151 	EXP 	New trial (rep=19, index=0): None
1484.0783 	EXP 	QA_rec_text: autoDraw = False
1484.0783 	EXP 	QA_rec_break: autoDraw = False
1484.0783 	EXP 	QA_rec_text: autoDraw = True
1502.0785 	EXP 	QA_rec_break: autoDraw = True
1504.0828 	EXP 	New trial (rep=20, index=0): None
1505.1462 	EXP 	QA_rec_text: autoDraw = False
1505.1462 	EXP 	QA_rec_break: autoDraw = False
1505.1462 	EXP 	QA_rec_text: autoDraw = True
1523.1129 	EXP 	QA_rec_break: autoDraw = True
1525.1174 	EXP 	New trial (rep=21, index=0): None
1526.1812 	EXP 	QA_rec_text: autoDraw = False
1526.1812 	EXP 	QA_rec_break: autoDraw = False
1526.1812 	EXP 	QA_rec_text: autoDraw = True
1544.1807 	EXP 	QA_rec_break: autoDraw = True
1546.1518 	EXP 	New trial (rep=22, index=0): None
1547.2142 	EXP 	QA_rec_text: autoDraw = False
1547.2142 	EXP 	QA_rec_break: autoDraw = False
1547.2142 	EXP 	QA_rec_text: autoDraw = True
1565.2151 	EXP 	QA_rec_break: autoDraw = True
1567.1865 	EXP 	New trial (rep=23, index=0): None
1568.2336 	EXP 	QA_rec_text: autoDraw = False
1568.2336 	EXP 	QA_rec_break: autoDraw = False
1568.2336 	EXP 	QA_rec_text: autoDraw = True
1586.1995 	EXP 	QA_rec_break: autoDraw = True
1588.2049 	EXP 	New trial (rep=24, index=0): None
1589.2670 	EXP 	QA_rec_text: autoDraw = False
1589.2670 	EXP 	QA_rec_break: autoDraw = False
1589.2670 	EXP 	QA_rec_text: autoDraw = True
1607.2507 	EXP 	QA_rec_break: autoDraw = True
1611.3008 	EXP 	QA_rec_text: autoDraw = False
1611.3008 	EXP 	QA_rec_break: autoDraw = False
1611.3008 	EXP 	Pause_cont: text = 'Press [space] key to continue.'
1611.3008 	EXP 	Pause_cont: autoDraw = True
1618.1959 	EXP 	window1: mouseVisible = True
