27.0255 	EXP 	Created instruction_text = TextStim(__class__=<class 'psychopy.visual.text.TextStim'>, alignHoriz='center', alignVert='center', antialias=True, autoLog=True, bold=False, color=array([1., 1., 1.]), colorSpace='rgb', contrast=1.0, depth=-0.0, flipHoriz=False, flipVert=False, font='Arial', fontFiles=[], height=0.06, italic=False, languageStyle='LTR', name='instruction_text', opacity=1.0, ori=0.0, pos=array([0.5, 0.1]), rgb=array([1., 1., 1.]), text=str(...), units='norm', win=Window(...), wrapWidth=1)
27.2992 	EXP 	Created instruction_cont = TextStim(__class__=<class 'psychopy.visual.text.TextStim'>, alignHoriz='center', alignVert='center', antialias=True, autoLog=True, bold=False, color=array([1., 1., 1.]), colorSpace='rgb', contrast=1.0, depth=-3.0, flipHoriz=False, flipVert=False, font='Arial', fontFiles=[], height=0.06, italic=False, languageStyle='LTR', name='instruction_cont', opacity=1.0, ori=0.0, pos=array([ 0.5, -0.4]), rgb=array([1., 1., 1.]), text='          Press [space] key to continue.', units='norm', win=Window(...), wrapWidth=1)
27.3116 	EXP 	Created Artifact_intro_title = TextStim(__class__=<class 'psychopy.visual.text.TextStim'>, alignHoriz='center', alignVert='center', antialias=True, autoLog=True, bold=False, color=array([1., 1., 1.]), colorSpace='rgb', contrast=1.0, depth=-0.0, flipHoriz=False, flipVert=False, font='Arial', fontFiles=[], height=0.06, italic=False, languageStyle='LTR', name='Artifact_intro_title', opacity=1.0, ori=0.0, pos=array([0.5, 0.4]), rgb=array([1., 1., 1.]), text='Muscular signal recording', units='norm', win=Window(...), wrapWidth=1)
27.3247 	EXP 	Created Artifact_intro_text = TextStim(__class__=<class 'psychopy.visual.text.TextStim'>, alignHoriz='center', alignVert='center', antialias=True, autoLog=True, bold=False, color=array([1., 1., 1.]), colorSpace='rgb', contrast=1.0, depth=-1.0, flipHoriz=False, flipVert=False, font='Arial', fontFiles=[], height=0.06, italic=False, languageStyle='LTR', name='Artifact_intro_text', opacity=1.0, ori=0.0, pos=array([0.5, 0. ]), rgb=array([1., 1., 1.]), text=str(...), units='norm', win=Window(...), wrapWidth=1)
27.3362 	EXP 	Created Artifact_intro_cont = TextStim(__class__=<class 'psychopy.visual.text.TextStim'>, alignHoriz='center', alignVert='center', antialias=True, autoLog=True, bold=False, color=array([1., 1., 1.]), colorSpace='rgb', contrast=1.0, depth=-4.0, flipHoriz=False, flipVert=False, font='Arial', fontFiles=[], height=0.06, italic=False, languageStyle='LTR', name='Artifact_intro_cont', opacity=1.0, ori=0.0, pos=array([0.5, 0. ]), rgb=array([1., 1., 1.]), text='          Press [space] key to continue.', units='norm', win=Window(...), wrapWidth=1)
27.3369 	EXP 	Created Artifact_rec_text = TextStim(__class__=<class 'psychopy.visual.text.TextStim'>, alignHoriz='center', alignVert='center', antialias=True, autoLog=True, bold=False, color=array([1., 1., 1.]), colorSpace='rgb', contrast=1.0, depth=-0.0, flipHoriz=False, flipVert=False, font='Arial', fontFiles=[], height=0.06, italic=False, languageStyle='LTR', name='Artifact_rec_text', opacity=1.0, ori=0.0, pos=array([0.5, 0.4]), rgb=array([1., 1., 1.]), text='', units='norm', win=Window(...), wrapWidth=1)
27.3391 	EXP 	Created Artifact_rec_recording = TextStim(__class__=<class 'psychopy.visual.text.TextStim'>, alignHoriz='center', alignVert='center', antialias=True, autoLog=True, bold=False, color=array([1., 1., 1.]), colorSpace='rgb', contrast=1.0, depth=-4.0, flipHoriz=False, flipVert=False, font='Arial', fontFiles=[], height=0.06, italic=False, languageStyle='LTR', name='Artifact_rec_recording', opacity=1.0, ori=0.0, pos=array([ 0.5, -0.4]), rgb=array([1., 1., 1.]), text='', units='norm', win=Window(...), wrapWidth=1)
27.3421 	EXP 	Created Artifact_rec_break = TextStim(__class__=<class 'psychopy.visual.text.TextStim'>, alignHoriz='center', alignVert='center', antialias=True, autoLog=True, bold=False, color=array([1., 1., 1.]), colorSpace='rgb', contrast=1.0, depth=-6.0, flipHoriz=False, flipVert=False, font='Arial', fontFiles=[], height=0.06, italic=False, languageStyle='LTR', name='Artifact_rec_break', opacity=1.0, ori=0.0, pos=array([ 0.5, -0.4]), rgb=array([1., 1., 1.]), text='Short break', units='norm', win=Window(...), wrapWidth=1)
27.3473 	EXP 	Created Cali_de_pre_intro_title = TextStim(__class__=<class 'psychopy.visual.text.TextStim'>, alignHoriz='center', alignVert='center', antialias=True, autoLog=True, bold=False, color=array([1., 1., 1.]), colorSpace='rgb', contrast=1.0, depth=-0.0, flipHoriz=False, flipVert=False, font='Arial', fontFiles=[], height=0.06, italic=False, languageStyle='LTR', name='Cali_de_pre_intro_title', opacity=1.0, ori=0.0, pos=array([0.5, 0.4]), rgb=array([1., 1., 1.]), text='READ OUT BLOCK (GERMAN)', units='norm', win=Window(...), wrapWidth=1)
27.3554 	EXP 	Created Cali_de_pre_intro_text = TextStim(__class__=<class 'psychopy.visual.text.TextStim'>, alignHoriz='center', alignVert='center', antialias=True, autoLog=True, bold=False, color=array([1., 1., 1.]), colorSpace='rgb', contrast=1.0, depth=-1.0, flipHoriz=False, flipVert=False, font='Arial', fontFiles=[], height=0.06, italic=False, languageStyle='LTR', name='Cali_de_pre_intro_text', opacity=1.0, ori=0.0, pos=array([0.5, 0. ]), rgb=array([1., 1., 1.]), text=str(...), units='norm', win=Window(...), wrapWidth=1)
27.3604 	EXP 	Created Cali_de_pre_intro_cont = TextStim(__class__=<class 'psychopy.visual.text.TextStim'>, alignHoriz='center', alignVert='center', antialias=True, autoLog=True, bold=False, color=array([1., 1., 1.]), colorSpace='rgb', contrast=1.0, depth=-4.0, flipHoriz=False, flipVert=False, font='Arial', fontFiles=[], height=0.06, italic=False, languageStyle='LTR', name='Cali_de_pre_intro_cont', opacity=1.0, ori=0.0, pos=array([0.5, 0. ]), rgb=array([1., 1., 1.]), text='          Press [space] key to continue.', units='norm', win=Window(...), wrapWidth=1)
27.3608 	EXP 	Created Cali_de_pre_rec_text = TextStim(__class__=<class 'psychopy.visual.text.TextStim'>, alignHoriz='center', alignVert='center', antialias=True, autoLog=True, bold=False, color=array([1., 1., 1.]), colorSpace='rgb', contrast=1.0, depth=-0.0, flipHoriz=False, flipVert=False, font='Arial', fontFiles=[], height=0.06, italic=False, languageStyle='LTR', name='Cali_de_pre_rec_text', opacity=1.0, ori=0.0, pos=array([0.5, 0.4]), rgb=array([1., 1., 1.]), text='', units='norm', win=Window(...), wrapWidth=1)
27.3616 	EXP 	Created Cali_de_pre_rec_question_text = TextStim(__class__=<class 'psychopy.visual.text.TextStim'>, alignHoriz='center', alignVert='center', antialias=True, autoLog=True, bold=False, color=array([1., 1., 1.]), colorSpace='rgb', contrast=1.0, depth=-2.0, flipHoriz=False, flipVert=False, font='Arial', fontFiles=[], height=0.06, italic=False, languageStyle='LTR', name='Cali_de_pre_rec_question_text', opacity=1.0, ori=0.0, pos=array([0.5, 0. ]), rgb=array([1., 1., 1.]), text='', units='norm', win=Window(...), wrapWidth=1)
27.3637 	EXP 	Created Cali_de_pre_rec_break = TextStim(__class__=<class 'psychopy.visual.text.TextStim'>, alignHoriz='center', alignVert='center', antialias=True, autoLog=True, bold=False, color=array([1., 1., 1.]), colorSpace='rgb', contrast=1.0, depth=-6.0, flipHoriz=False, flipVert=False, font='Arial', fontFiles=[], height=0.06, italic=False, languageStyle='LTR', name='Cali_de_pre_rec_break', opacity=1.0, ori=0.0, pos=array([ 0.5, -0.4]), rgb=array([1., 1., 1.]), text='Short break', units='norm', win=Window(...), wrapWidth=1)
27.3641 	EXP 	Created fade_in_text = TextStim(__class__=<class 'psychopy.visual.text.TextStim'>, alignHoriz='center', alignVert='center', antialias=True, autoLog=True, bold=False, color=array([1., 1., 1.]), colorSpace='rgb', contrast=1.0, depth=-0.0, flipHoriz=False, flipVert=False, font='Arial', fontFiles=[], height=0.06, italic=False, languageStyle='LTR', name='fade_in_text', opacity=1.0, ori=0.0, pos=array([0.5, 0.4]), rgb=array([1., 1., 1.]), text='', units='norm', win=Window(...), wrapWidth=1)
27.3662 	EXP 	Created RS_intro_title = TextStim(__class__=<class 'psychopy.visual.text.TextStim'>, alignHoriz='center', alignVert='center', antialias=True, autoLog=True, bold=False, color=array([1., 1., 1.]), colorSpace='rgb', contrast=1.0, depth=-0.0, flipHoriz=False, flipVert=False, font='Arial', fontFiles=[], height=0.06, italic=False, languageStyle='LTR', name='RS_intro_title', opacity=1.0, ori=0.0, pos=array([0.5, 0.4]), rgb=array([1., 1., 1.]), text='REST STATE BLOCK', units='norm', win=Window(...), wrapWidth=1)
27.3720 	EXP 	Created RS_intro_text = TextStim(__class__=<class 'psychopy.visual.text.TextStim'>, alignHoriz='center', alignVert='center', antialias=True, autoLog=True, bold=False, color=array([1., 1., 1.]), colorSpace='rgb', contrast=1.0, depth=-1.0, flipHoriz=False, flipVert=False, font='Arial', fontFiles=[], height=0.06, italic=False, languageStyle='LTR', name='RS_intro_text', opacity=1.0, ori=0.0, pos=array([0.5, 0. ]), rgb=array([1., 1., 1.]), text=str(...), units='norm', win=Window(...), wrapWidth=1)
27.3773 	EXP 	Created RS_rec_text = TextStim(__class__=<class 'psychopy.visual.text.TextStim'>, alignHoriz='center', alignVert='center', antialias=True, autoLog=True, bold=False, color=array([1., 1., 1.]), colorSpace='rgb', contrast=1.0, depth=-0.0, flipHoriz=False, flipVert=False, font='Arial', fontFiles=[], height=0.06, italic=False, languageStyle='LTR', name='RS_rec_text', opacity=1.0, ori=0.0, pos=array([0.5, 0. ]), rgb=array([1., 1., 1.]), text=str(...), units='norm', win=Window(...), wrapWidth=1)
27.3795 	EXP 	Created QA_intro_title = TextStim(__class__=<class 'psychopy.visual.text.TextStim'>, alignHoriz='center', alignVert='center', antialias=True, autoLog=True, bold=False, color=array([1., 1., 1.]), colorSpace='rgb', contrast=1.0, depth=-0.0, flipHoriz=False, flipVert=False, font='Arial', fontFiles=[], height=0.06, italic=False, languageStyle='LTR', name='QA_intro_title', opacity=1.0, ori=0.0, pos=array([0.5, 0.5]), rgb=array([1., 1., 1.]), text='Q&A BLOCK', units='norm', win=Window(...), wrapWidth=1)
27.3886 	EXP 	Created QA_intro_text = TextStim(__class__=<class 'psychopy.visual.text.TextStim'>, alignHoriz='center', alignVert='center', antialias=True, autoLog=True, bold=False, color=array([1., 1., 1.]), colorSpace='rgb', contrast=1.0, depth=-1.0, flipHoriz=False, flipVert=False, font='Arial', fontFiles=[], height=0.06, italic=False, languageStyle='LTR', name='QA_intro_text', opacity=1.0, ori=0.0, pos=array([0.5, 0. ]), rgb=array([1., 1., 1.]), text=str(...), units='norm', win=Window(...), wrapWidth=1)
27.3928 	EXP 	Created QA_intro_cont = TextStim(__class__=<class 'psychopy.visual.text.TextStim'>, alignHoriz='center', alignVert='center', antialias=True, autoLog=True, bold=False, color=array([1., 1., 1.]), colorSpace='rgb', contrast=1.0, depth=-4.0, flipHoriz=False, flipVert=False, font='Arial', fontFiles=[], height=0.06, italic=False, languageStyle='LTR', name='QA_intro_cont', opacity=1.0, ori=0.0, pos=array([0.5, 0. ]), rgb=array([1., 1., 1.]), text='          Press [space] key to continue.', units='norm', win=Window(...), wrapWidth=1)
27.3956 	EXP 	Created QA_rec_text = TextStim(__class__=<class 'psychopy.visual.text.TextStim'>, alignHoriz='center', alignVert='center', antialias=True, autoLog=True, bold=False, color=array([1., 1., 1.]), colorSpace='rgb', contrast=1.0, depth=-0.0, flipHoriz=False, flipVert=False, font='Arial', fontFiles=[], height=0.06, italic=False, languageStyle='LTR', name='QA_rec_text', opacity=1.0, ori=0.0, pos=array([0.5, 0. ]), rgb=array([1., 1., 1.]), text=str(...), units='norm', win=Window(...), wrapWidth=1)
27.3994 	EXP 	Created QA_rec_break = TextStim(__class__=<class 'psychopy.visual.text.TextStim'>, alignHoriz='center', alignVert='center', antialias=True, autoLog=True, bold=False, color=array([1., 1., 1.]), colorSpace='rgb', contrast=1.0, depth=-6.0, flipHoriz=False, flipVert=False, font='Arial', fontFiles=[], height=0.06, italic=False, languageStyle='LTR', name='QA_rec_break', opacity=1.0, ori=0.0, pos=array([ 0.5, -0.4]), rgb=array([1., 1., 1.]), text='Short break', units='norm', win=Window(...), wrapWidth=1)
27.4036 	EXP 	Created Pause_cont = TextStim(__class__=<class 'psychopy.visual.text.TextStim'>, alignHoriz='center', alignVert='center', antialias=True, autoLog=True, bold=False, color=array([1., 1., 1.]), colorSpace='rgb', contrast=1.0, depth=-2.0, flipHoriz=False, flipVert=False, font='Arial', fontFiles=[], height=0.06, italic=False, languageStyle='LTR', name='Pause_cont', opacity=1.0, ori=0.0, pos=array([0.5, 0. ]), rgb=array([1., 1., 1.]), text=str(...), units='norm', win=Window(...), wrapWidth=1)
27.4058 	EXP 	Created Cali_de_post_intro_title = TextStim(__class__=<class 'psychopy.visual.text.TextStim'>, alignHoriz='center', alignVert='center', antialias=True, autoLog=True, bold=False, color=array([1., 1., 1.]), colorSpace='rgb', contrast=1.0, depth=-0.0, flipHoriz=False, flipVert=False, font='Arial', fontFiles=[], height=0.06, italic=False, languageStyle='LTR', name='Cali_de_post_intro_title', opacity=1.0, ori=0.0, pos=array([0.5, 0.4]), rgb=array([1., 1., 1.]), text='READ OUT BLOCK (GERMAN)', units='norm', win=Window(...), wrapWidth=1)
27.4469 	EXP 	Created Cali_de_post_intro_text = TextStim(__class__=<class 'psychopy.visual.text.TextStim'>, alignHoriz='center', alignVert='center', antialias=True, autoLog=True, bold=False, color=array([1., 1., 1.]), colorSpace='rgb', contrast=1.0, depth=-1.0, flipHoriz=False, flipVert=False, font='Arial', fontFiles=[], height=0.06, italic=False, languageStyle='LTR', name='Cali_de_post_intro_text', opacity=1.0, ori=0.0, pos=array([0.5, 0. ]), rgb=array([1., 1., 1.]), text=str(...), units='norm', win=Window(...), wrapWidth=1)
27.4518 	EXP 	Created Cali_de_post_intro_cont = TextStim(__class__=<class 'psychopy.visual.text.TextStim'>, alignHoriz='center', alignVert='center', antialias=True, autoLog=True, bold=False, color=array([1., 1., 1.]), colorSpace='rgb', contrast=1.0, depth=-4.0, flipHoriz=False, flipVert=False, font='Arial', fontFiles=[], height=0.06, italic=False, languageStyle='LTR', name='Cali_de_post_intro_cont', opacity=1.0, ori=0.0, pos=array([0.5, 0. ]), rgb=array([1., 1., 1.]), text='          Press [space] key to continue.', units='norm', win=Window(...), wrapWidth=1)
27.4523 	EXP 	Created Cali_de_post_rec_text = TextStim(__class__=<class 'psychopy.visual.text.TextStim'>, alignHoriz='center', alignVert='center', antialias=True, autoLog=True, bold=False, color=array([1., 1., 1.]), colorSpace='rgb', contrast=1.0, depth=-0.0, flipHoriz=False, flipVert=False, font='Arial', fontFiles=[], height=0.06, italic=False, languageStyle='LTR', name='Cali_de_post_rec_text', opacity=1.0, ori=0.0, pos=array([0.5, 0.4]), rgb=array([1., 1., 1.]), text='', units='norm', win=Window(...), wrapWidth=1)
27.4531 	EXP 	Created Cali_de_post_rec_question_text = TextStim(__class__=<class 'psychopy.visual.text.TextStim'>, alignHoriz='center', alignVert='center', antialias=True, autoLog=True, bold=False, color=array([1., 1., 1.]), colorSpace='rgb', contrast=1.0, depth=-2.0, flipHoriz=False, flipVert=False, font='Arial', fontFiles=[], height=0.06, italic=False, languageStyle='LTR', name='Cali_de_post_rec_question_text', opacity=1.0, ori=0.0, pos=array([0.5, 0. ]), rgb=array([1., 1., 1.]), text='', units='norm', win=Window(...), wrapWidth=1)
27.4552 	EXP 	Created Cali_de_post_rec_break = TextStim(__class__=<class 'psychopy.visual.text.TextStim'>, alignHoriz='center', alignVert='center', antialias=True, autoLog=True, bold=False, color=array([1., 1., 1.]), colorSpace='rgb', contrast=1.0, depth=-6.0, flipHoriz=False, flipVert=False, font='Arial', fontFiles=[], height=0.06, italic=False, languageStyle='LTR', name='Cali_de_post_rec_break', opacity=1.0, ori=0.0, pos=array([ 0.5, -0.4]), rgb=array([1., 1., 1.]), text='Short break', units='norm', win=Window(...), wrapWidth=1)
27.4586 	EXP 	Created the_end_text = TextStim(__class__=<class 'psychopy.visual.text.TextStim'>, alignHoriz='center', alignVert='center', antialias=True, autoLog=True, bold=False, color=array([1., 1., 1.]), colorSpace='rgb', contrast=1.0, depth=-1.0, flipHoriz=False, flipVert=False, font='Arial', fontFiles=[], height=0.06, italic=False, languageStyle='LTR', name='the_end_text', opacity=1.0, ori=0.0, pos=array([0.7, 0. ]), rgb=array([1., 1., 1.]), text=str(...), units='norm', win=Window(...), wrapWidth=1)
29.4629 	EXP 	Created sequence: random, trialTypes=1, nReps=4, seed=None
29.4637 	EXP 	New trial (rep=0, index=0): None
30.4856 	EXP 	fade_in_text: text = 'Please remain seated until further instruction via the earphone.'
30.4856 	EXP 	fade_in_text: autoDraw = True
36.4859 	EXP 	fade_in_text: autoDraw = False
36.5026 	EXP 	fade_in_text: autoDraw = True
42.5030 	EXP 	fade_in_text: autoDraw = True
42.5196 	EXP 	fade_in_text: autoDraw = True
42.5362 	EXP 	fade_in_text: autoDraw = True
42.5529 	EXP 	fade_in_text: autoDraw = True
42.5696 	EXP 	fade_in_text: autoDraw = True
42.5863 	EXP 	fade_in_text: autoDraw = True
42.6030 	EXP 	fade_in_text: autoDraw = True
42.6196 	EXP 	fade_in_text: autoDraw = True
42.6362 	EXP 	fade_in_text: autoDraw = True
42.6529 	EXP 	fade_in_text: autoDraw = True
42.6696 	EXP 	fade_in_text: autoDraw = True
42.6863 	EXP 	fade_in_text: autoDraw = True
42.7031 	EXP 	fade_in_text: autoDraw = True
42.7196 	EXP 	fade_in_text: autoDraw = True
42.7362 	EXP 	fade_in_text: autoDraw = True
42.7529 	EXP 	fade_in_text: autoDraw = True
42.7696 	EXP 	fade_in_text: autoDraw = True
42.7863 	EXP 	fade_in_text: autoDraw = True
42.8029 	EXP 	fade_in_text: autoDraw = True
42.8196 	EXP 	fade_in_text: autoDraw = True
42.8362 	EXP 	fade_in_text: autoDraw = True
42.8529 	EXP 	fade_in_text: autoDraw = True
42.8696 	EXP 	fade_in_text: autoDraw = True
42.8863 	EXP 	fade_in_text: autoDraw = True
42.9029 	EXP 	fade_in_text: autoDraw = True
42.9196 	EXP 	fade_in_text: autoDraw = True
42.9362 	EXP 	fade_in_text: autoDraw = True
42.9529 	EXP 	fade_in_text: autoDraw = True
42.9696 	EXP 	fade_in_text: autoDraw = True
42.9863 	EXP 	fade_in_text: autoDraw = True
43.0030 	EXP 	fade_in_text: autoDraw = True
43.0196 	EXP 	fade_in_text: autoDraw = True
43.0362 	EXP 	fade_in_text: autoDraw = True
43.0529 	EXP 	fade_in_text: autoDraw = True
43.0696 	EXP 	fade_in_text: autoDraw = True
43.0863 	EXP 	fade_in_text: autoDraw = True
43.1029 	EXP 	fade_in_text: autoDraw = True
43.1196 	EXP 	fade_in_text: autoDraw = True
43.1362 	EXP 	fade_in_text: autoDraw = True
43.1530 	EXP 	fade_in_text: autoDraw = True
43.1697 	EXP 	fade_in_text: autoDraw = True
43.1864 	EXP 	fade_in_text: autoDraw = True
43.2029 	EXP 	fade_in_text: autoDraw = True
43.2196 	EXP 	fade_in_text: autoDraw = True
43.2363 	EXP 	fade_in_text: autoDraw = True
43.2530 	EXP 	fade_in_text: autoDraw = True
43.2696 	EXP 	fade_in_text: autoDraw = True
43.2864 	EXP 	fade_in_text: autoDraw = True
43.3029 	EXP 	fade_in_text: autoDraw = True
43.3196 	EXP 	fade_in_text: autoDraw = True
43.3363 	EXP 	fade_in_text: autoDraw = True
43.3530 	EXP 	fade_in_text: autoDraw = True
43.3696 	EXP 	fade_in_text: autoDraw = True
43.3864 	EXP 	fade_in_text: autoDraw = True
43.4030 	EXP 	fade_in_text: autoDraw = True
43.4197 	EXP 	fade_in_text: autoDraw = True
43.4363 	EXP 	fade_in_text: autoDraw = True
43.4530 	EXP 	fade_in_text: autoDraw = True
43.4696 	EXP 	fade_in_text: autoDraw = True
43.4864 	EXP 	fade_in_text: autoDraw = True
43.5029 	EXP 	fade_in_text: autoDraw = True
43.5196 	EXP 	fade_in_text: autoDraw = True
43.5363 	EXP 	fade_in_text: autoDraw = True
43.5530 	EXP 	fade_in_text: autoDraw = True
43.5696 	EXP 	fade_in_text: autoDraw = True
43.5862 	EXP 	fade_in_text: autoDraw = True
43.6029 	EXP 	fade_in_text: autoDraw = True
43.6196 	EXP 	fade_in_text: autoDraw = True
43.6363 	EXP 	fade_in_text: autoDraw = True
43.6530 	EXP 	fade_in_text: autoDraw = True
43.6697 	EXP 	fade_in_text: autoDraw = True
43.6862 	EXP 	fade_in_text: autoDraw = True
43.7029 	EXP 	fade_in_text: autoDraw = True
43.7197 	EXP 	fade_in_text: autoDraw = True
43.7363 	EXP 	fade_in_text: autoDraw = True
43.7530 	EXP 	fade_in_text: autoDraw = True
43.7697 	EXP 	fade_in_text: autoDraw = True
43.7862 	EXP 	fade_in_text: autoDraw = True
43.8029 	EXP 	fade_in_text: autoDraw = True
43.8197 	EXP 	fade_in_text: autoDraw = True
43.8363 	EXP 	fade_in_text: autoDraw = True
43.8530 	EXP 	fade_in_text: autoDraw = True
43.8697 	EXP 	fade_in_text: autoDraw = True
43.8862 	EXP 	fade_in_text: autoDraw = True
43.9029 	EXP 	fade_in_text: autoDraw = True
43.9197 	EXP 	fade_in_text: autoDraw = True
43.9363 	EXP 	fade_in_text: autoDraw = True
43.9530 	EXP 	fade_in_text: autoDraw = True
43.9698 	EXP 	fade_in_text: autoDraw = True
43.9863 	EXP 	fade_in_text: autoDraw = True
44.0029 	EXP 	fade_in_text: autoDraw = True
44.0197 	EXP 	fade_in_text: autoDraw = True
44.0363 	EXP 	fade_in_text: autoDraw = True
44.0530 	EXP 	fade_in_text: autoDraw = True
44.0697 	EXP 	fade_in_text: autoDraw = True
44.0863 	EXP 	fade_in_text: autoDraw = True
44.1029 	EXP 	fade_in_text: autoDraw = True
44.1197 	EXP 	fade_in_text: autoDraw = True
44.1363 	EXP 	fade_in_text: autoDraw = True
44.1530 	EXP 	fade_in_text: autoDraw = True
44.1697 	EXP 	fade_in_text: autoDraw = True
44.1863 	EXP 	fade_in_text: autoDraw = True
44.2029 	EXP 	fade_in_text: autoDraw = True
44.2197 	EXP 	fade_in_text: autoDraw = True
44.2363 	EXP 	fade_in_text: autoDraw = True
44.2530 	EXP 	fade_in_text: autoDraw = True
44.2696 	EXP 	fade_in_text: autoDraw = True
44.2863 	EXP 	fade_in_text: autoDraw = True
44.3029 	EXP 	fade_in_text: autoDraw = True
44.3197 	EXP 	fade_in_text: autoDraw = True
44.3364 	EXP 	fade_in_text: autoDraw = True
44.3530 	EXP 	fade_in_text: autoDraw = True
44.3696 	EXP 	fade_in_text: autoDraw = True
44.3863 	EXP 	fade_in_text: autoDraw = True
44.4029 	EXP 	fade_in_text: autoDraw = True
44.4197 	EXP 	fade_in_text: autoDraw = True
44.4364 	EXP 	fade_in_text: autoDraw = True
44.4530 	EXP 	fade_in_text: autoDraw = True
44.4696 	EXP 	fade_in_text: autoDraw = True
44.4863 	EXP 	fade_in_text: autoDraw = True
44.5030 	EXP 	fade_in_text: autoDraw = True
44.5197 	EXP 	fade_in_text: autoDraw = True
44.5364 	EXP 	fade_in_text: autoDraw = True
44.5530 	EXP 	fade_in_text: autoDraw = True
44.5696 	EXP 	fade_in_text: autoDraw = True
44.5863 	EXP 	fade_in_text: autoDraw = True
44.6029 	EXP 	fade_in_text: autoDraw = True
44.6198 	EXP 	fade_in_text: autoDraw = True
44.6364 	EXP 	fade_in_text: autoDraw = True
44.6531 	EXP 	fade_in_text: autoDraw = True
44.6697 	EXP 	fade_in_text: autoDraw = True
44.6863 	EXP 	fade_in_text: autoDraw = True
44.7030 	EXP 	fade_in_text: autoDraw = True
44.7197 	EXP 	fade_in_text: autoDraw = True
44.7364 	EXP 	fade_in_text: autoDraw = True
44.7531 	EXP 	fade_in_text: autoDraw = True
44.7696 	EXP 	fade_in_text: autoDraw = True
44.7863 	EXP 	fade_in_text: autoDraw = True
44.8030 	EXP 	fade_in_text: autoDraw = True
44.8197 	EXP 	fade_in_text: autoDraw = True
44.8364 	EXP 	fade_in_text: autoDraw = True
44.8532 	EXP 	fade_in_text: autoDraw = True
44.8696 	EXP 	fade_in_text: autoDraw = True
44.8863 	EXP 	fade_in_text: autoDraw = True
44.9030 	EXP 	fade_in_text: autoDraw = True
44.9197 	EXP 	fade_in_text: autoDraw = True
44.9364 	EXP 	fade_in_text: autoDraw = True
44.9530 	EXP 	fade_in_text: autoDraw = True
44.9696 	EXP 	fade_in_text: autoDraw = True
44.9863 	EXP 	fade_in_text: autoDraw = True
45.0031 	EXP 	fade_in_text: autoDraw = True
45.0197 	EXP 	fade_in_text: autoDraw = True
45.0364 	EXP 	fade_in_text: autoDraw = True
45.0530 	EXP 	fade_in_text: autoDraw = True
45.0696 	EXP 	fade_in_text: autoDraw = True
45.0864 	EXP 	fade_in_text: autoDraw = True
45.1031 	EXP 	fade_in_text: autoDraw = True
45.1197 	EXP 	fade_in_text: autoDraw = True
45.1364 	EXP 	fade_in_text: autoDraw = True
45.1530 	EXP 	fade_in_text: autoDraw = True
45.1697 	EXP 	fade_in_text: autoDraw = True
45.1863 	EXP 	fade_in_text: autoDraw = True
45.2031 	EXP 	fade_in_text: autoDraw = True
45.2197 	EXP 	fade_in_text: autoDraw = True
45.2364 	EXP 	fade_in_text: autoDraw = True
45.2530 	EXP 	fade_in_text: autoDraw = True
45.2697 	EXP 	fade_in_text: autoDraw = True
45.2863 	EXP 	fade_in_text: autoDraw = True
45.3031 	EXP 	fade_in_text: autoDraw = True
45.3197 	EXP 	fade_in_text: autoDraw = True
45.3365 	EXP 	fade_in_text: autoDraw = True
45.3530 	EXP 	fade_in_text: autoDraw = True
45.3697 	EXP 	fade_in_text: autoDraw = True
45.3864 	EXP 	fade_in_text: autoDraw = True
45.4031 	EXP 	fade_in_text: autoDraw = True
45.4198 	EXP 	fade_in_text: autoDraw = True
45.4365 	EXP 	fade_in_text: autoDraw = True
45.4530 	EXP 	fade_in_text: autoDraw = True
45.4697 	EXP 	fade_in_text: autoDraw = True
45.4864 	EXP 	fade_in_text: autoDraw = True
45.5031 	EXP 	fade_in_text: autoDraw = True
45.5197 	EXP 	fade_in_text: autoDraw = True
45.5365 	EXP 	fade_in_text: autoDraw = True
45.5530 	EXP 	fade_in_text: autoDraw = True
45.5697 	EXP 	fade_in_text: autoDraw = True
45.5865 	EXP 	fade_in_text: autoDraw = True
45.6031 	EXP 	fade_in_text: autoDraw = True
45.6198 	EXP 	fade_in_text: autoDraw = True
45.6363 	EXP 	fade_in_text: autoDraw = True
45.6530 	EXP 	fade_in_text: autoDraw = True
45.6697 	EXP 	fade_in_text: autoDraw = True
45.6864 	EXP 	fade_in_text: autoDraw = True
45.7031 	EXP 	fade_in_text: autoDraw = True
45.7198 	EXP 	fade_in_text: autoDraw = True
45.7363 	EXP 	fade_in_text: autoDraw = True
45.7530 	EXP 	fade_in_text: autoDraw = True
45.7697 	EXP 	fade_in_text: autoDraw = True
45.7864 	EXP 	fade_in_text: autoDraw = True
45.8031 	EXP 	fade_in_text: autoDraw = True
45.8198 	EXP 	fade_in_text: autoDraw = True
45.8363 	EXP 	fade_in_text: autoDraw = True
45.8530 	EXP 	fade_in_text: autoDraw = True
45.8697 	EXP 	fade_in_text: autoDraw = True
45.8864 	EXP 	fade_in_text: autoDraw = True
45.9031 	EXP 	fade_in_text: autoDraw = True
45.9198 	EXP 	fade_in_text: autoDraw = True
45.9363 	EXP 	fade_in_text: autoDraw = True
45.9530 	EXP 	fade_in_text: autoDraw = True
45.9697 	EXP 	fade_in_text: autoDraw = True
45.9864 	EXP 	fade_in_text: autoDraw = True
46.0031 	EXP 	fade_in_text: autoDraw = True
46.0199 	EXP 	fade_in_text: autoDraw = True
46.0364 	EXP 	fade_in_text: autoDraw = True
46.0530 	EXP 	fade_in_text: autoDraw = True
46.0698 	EXP 	fade_in_text: autoDraw = True
46.0865 	EXP 	fade_in_text: autoDraw = True
46.1031 	EXP 	fade_in_text: autoDraw = True
46.1199 	EXP 	fade_in_text: autoDraw = True
46.1364 	EXP 	fade_in_text: autoDraw = True
46.1530 	EXP 	fade_in_text: autoDraw = True
46.1698 	EXP 	fade_in_text: autoDraw = True
46.1864 	EXP 	fade_in_text: autoDraw = True
46.2031 	EXP 	fade_in_text: autoDraw = True
46.2199 	EXP 	fade_in_text: autoDraw = True
46.2365 	EXP 	fade_in_text: autoDraw = True
46.2531 	EXP 	fade_in_text: autoDraw = True
46.2698 	EXP 	fade_in_text: autoDraw = True
46.2864 	EXP 	fade_in_text: autoDraw = True
46.3031 	EXP 	fade_in_text: autoDraw = True
46.3197 	EXP 	fade_in_text: autoDraw = True
46.3365 	EXP 	fade_in_text: autoDraw = True
46.3530 	EXP 	fade_in_text: autoDraw = True
46.3698 	EXP 	fade_in_text: autoDraw = True
46.3865 	EXP 	fade_in_text: autoDraw = True
46.4031 	EXP 	fade_in_text: autoDraw = True
46.4198 	EXP 	fade_in_text: autoDraw = True
46.4365 	EXP 	fade_in_text: autoDraw = True
46.4530 	EXP 	fade_in_text: autoDraw = True
46.4698 	EXP 	fade_in_text: autoDraw = True
46.4865 	EXP 	fade_in_text: autoDraw = True
46.5031 	EXP 	fade_in_text: autoDraw = True
46.5197 	EXP 	fade_in_text: autoDraw = True
46.5365 	EXP 	fade_in_text: autoDraw = True
46.5531 	EXP 	fade_in_text: autoDraw = True
46.5698 	EXP 	fade_in_text: autoDraw = True
46.5865 	EXP 	fade_in_text: autoDraw = True
46.6031 	EXP 	fade_in_text: autoDraw = True
46.6198 	EXP 	fade_in_text: autoDraw = True
46.6365 	EXP 	fade_in_text: autoDraw = True
46.6530 	EXP 	fade_in_text: autoDraw = True
46.6699 	EXP 	fade_in_text: autoDraw = True
46.6865 	EXP 	fade_in_text: autoDraw = True
46.7032 	EXP 	fade_in_text: autoDraw = True
46.7197 	EXP 	fade_in_text: autoDraw = True
46.7365 	EXP 	fade_in_text: autoDraw = True
46.7531 	EXP 	fade_in_text: autoDraw = True
46.7698 	EXP 	fade_in_text: autoDraw = True
46.7865 	EXP 	fade_in_text: autoDraw = True
46.8033 	EXP 	fade_in_text: autoDraw = True
46.8198 	EXP 	fade_in_text: autoDraw = True
46.8365 	EXP 	fade_in_text: autoDraw = True
46.8531 	EXP 	fade_in_text: autoDraw = True
46.8698 	EXP 	fade_in_text: autoDraw = True
46.8865 	EXP 	fade_in_text: autoDraw = True
46.9033 	EXP 	fade_in_text: autoDraw = True
46.9197 	EXP 	fade_in_text: autoDraw = True
46.9365 	EXP 	fade_in_text: autoDraw = True
46.9532 	EXP 	fade_in_text: autoDraw = True
46.9698 	EXP 	fade_in_text: autoDraw = True
46.9865 	EXP 	fade_in_text: autoDraw = True
47.0033 	EXP 	fade_in_text: autoDraw = True
47.0198 	EXP 	fade_in_text: autoDraw = True
47.0365 	EXP 	fade_in_text: autoDraw = True
47.0532 	EXP 	fade_in_text: autoDraw = True
47.0698 	EXP 	fade_in_text: autoDraw = True
47.0865 	EXP 	fade_in_text: autoDraw = True
47.1031 	EXP 	fade_in_text: autoDraw = True
47.1197 	EXP 	fade_in_text: autoDraw = True
47.1365 	EXP 	fade_in_text: autoDraw = True
47.1532 	EXP 	fade_in_text: autoDraw = True
47.1699 	EXP 	fade_in_text: autoDraw = True
47.1865 	EXP 	fade_in_text: autoDraw = True
47.2031 	EXP 	fade_in_text: autoDraw = True
47.2198 	EXP 	fade_in_text: autoDraw = True
47.2365 	EXP 	fade_in_text: autoDraw = True
47.2532 	EXP 	fade_in_text: autoDraw = True
47.2698 	EXP 	fade_in_text: autoDraw = True
47.2865 	EXP 	fade_in_text: autoDraw = True
47.3031 	EXP 	fade_in_text: autoDraw = True
47.3198 	EXP 	fade_in_text: autoDraw = True
47.3365 	EXP 	fade_in_text: autoDraw = True
47.3532 	EXP 	fade_in_text: autoDraw = True
47.3698 	EXP 	fade_in_text: autoDraw = True
47.3866 	EXP 	fade_in_text: autoDraw = True
47.4031 	EXP 	fade_in_text: autoDraw = True
47.4198 	EXP 	fade_in_text: autoDraw = True
47.4365 	EXP 	fade_in_text: autoDraw = True
47.4532 	EXP 	fade_in_text: autoDraw = True
47.4699 	EXP 	fade_in_text: autoDraw = True
47.4867 	EXP 	fade_in_text: autoDraw = True
47.5031 	EXP 	fade_in_text: autoDraw = True
47.5198 	EXP 	fade_in_text: autoDraw = True
47.5365 	EXP 	fade_in_text: autoDraw = True
47.5532 	EXP 	fade_in_text: autoDraw = True
47.5698 	EXP 	fade_in_text: autoDraw = True
47.5866 	EXP 	fade_in_text: autoDraw = True
47.6031 	EXP 	fade_in_text: autoDraw = True
47.6198 	EXP 	fade_in_text: autoDraw = True
47.6365 	EXP 	fade_in_text: autoDraw = True
47.6532 	EXP 	fade_in_text: autoDraw = True
47.6699 	EXP 	fade_in_text: autoDraw = True
47.6866 	EXP 	fade_in_text: autoDraw = True
47.7031 	EXP 	fade_in_text: autoDraw = True
47.7198 	EXP 	fade_in_text: autoDraw = True
47.7365 	EXP 	fade_in_text: autoDraw = True
47.7532 	EXP 	fade_in_text: autoDraw = True
47.7699 	EXP 	fade_in_text: autoDraw = True
47.7864 	EXP 	fade_in_text: autoDraw = True
47.8031 	EXP 	fade_in_text: autoDraw = True
47.8198 	EXP 	fade_in_text: autoDraw = True
47.8365 	EXP 	fade_in_text: autoDraw = True
47.8532 	EXP 	fade_in_text: autoDraw = True
47.8699 	EXP 	fade_in_text: autoDraw = True
47.8864 	EXP 	fade_in_text: autoDraw = True
47.9031 	EXP 	fade_in_text: autoDraw = True
47.9198 	EXP 	fade_in_text: autoDraw = True
47.9366 	EXP 	fade_in_text: autoDraw = True
47.9532 	EXP 	fade_in_text: autoDraw = True
47.9699 	EXP 	fade_in_text: autoDraw = True
47.9865 	EXP 	fade_in_text: autoDraw = True
48.0031 	EXP 	fade_in_text: autoDraw = True
48.0198 	EXP 	fade_in_text: autoDraw = True
48.0366 	EXP 	fade_in_text: autoDraw = True
48.0532 	EXP 	fade_in_text: autoDraw = True
48.0700 	EXP 	fade_in_text: autoDraw = True
48.0865 	EXP 	fade_in_text: autoDraw = True
48.1031 	EXP 	fade_in_text: autoDraw = True
48.1199 	EXP 	fade_in_text: autoDraw = True
48.1366 	EXP 	fade_in_text: autoDraw = True
48.1532 	EXP 	fade_in_text: autoDraw = True
48.1700 	EXP 	fade_in_text: autoDraw = True
48.1865 	EXP 	fade_in_text: autoDraw = True
48.2031 	EXP 	fade_in_text: autoDraw = True
48.2199 	EXP 	fade_in_text: autoDraw = True
48.2366 	EXP 	fade_in_text: autoDraw = True
48.2532 	EXP 	fade_in_text: autoDraw = True
48.2700 	EXP 	fade_in_text: autoDraw = True
48.2865 	EXP 	fade_in_text: autoDraw = True
48.3031 	EXP 	fade_in_text: autoDraw = True
48.3199 	EXP 	fade_in_text: autoDraw = True
48.3366 	EXP 	fade_in_text: autoDraw = True
48.3532 	EXP 	fade_in_text: autoDraw = True
48.3699 	EXP 	fade_in_text: autoDraw = True
48.3865 	EXP 	fade_in_text: autoDraw = True
48.4031 	EXP 	fade_in_text: autoDraw = True
48.4199 	EXP 	fade_in_text: autoDraw = True
48.4366 	EXP 	fade_in_text: autoDraw = True
48.4532 	EXP 	fade_in_text: autoDraw = True
48.4698 	EXP 	fade_in_text: autoDraw = True
48.4865 	EXP 	fade_in_text: autoDraw = True
48.5032 	EXP 	fade_in_text: autoDraw = True
48.5199 	EXP 	fade_in_text: autoDraw = True
48.5366 	EXP 	fade_in_text: autoDraw = True
48.5532 	EXP 	fade_in_text: autoDraw = True
48.5698 	EXP 	fade_in_text: autoDraw = True
48.5865 	EXP 	fade_in_text: autoDraw = True
48.6032 	EXP 	fade_in_text: autoDraw = True
48.6199 	EXP 	fade_in_text: autoDraw = True
48.6366 	EXP 	fade_in_text: autoDraw = True
48.6533 	EXP 	fade_in_text: autoDraw = True
48.6698 	EXP 	fade_in_text: autoDraw = True
48.6865 	EXP 	fade_in_text: autoDraw = True
48.7032 	EXP 	fade_in_text: autoDraw = True
48.7199 	EXP 	fade_in_text: autoDraw = True
48.7366 	EXP 	fade_in_text: autoDraw = True
48.7533 	EXP 	fade_in_text: autoDraw = True
48.7699 	EXP 	fade_in_text: autoDraw = True
48.7865 	EXP 	fade_in_text: autoDraw = True
48.8032 	EXP 	fade_in_text: autoDraw = True
48.8199 	EXP 	fade_in_text: autoDraw = True
48.8366 	EXP 	fade_in_text: autoDraw = True
48.8534 	EXP 	fade_in_text: autoDraw = True
48.8698 	EXP 	fade_in_text: autoDraw = True
48.8865 	EXP 	fade_in_text: autoDraw = True
48.9032 	EXP 	fade_in_text: autoDraw = True
48.9200 	EXP 	fade_in_text: autoDraw = True
48.9366 	EXP 	fade_in_text: autoDraw = True
48.9533 	EXP 	fade_in_text: autoDraw = True
48.9698 	EXP 	fade_in_text: autoDraw = True
48.9865 	EXP 	fade_in_text: autoDraw = True
49.0032 	EXP 	fade_in_text: autoDraw = True
49.0199 	EXP 	fade_in_text: autoDraw = True
49.0366 	EXP 	fade_in_text: autoDraw = True
49.0534 	EXP 	fade_in_text: autoDraw = True
49.0699 	EXP 	fade_in_text: autoDraw = True
49.0866 	EXP 	fade_in_text: autoDraw = True
49.1033 	EXP 	fade_in_text: autoDraw = True
49.1199 	EXP 	fade_in_text: autoDraw = True
49.1366 	EXP 	fade_in_text: autoDraw = True
49.1534 	EXP 	fade_in_text: autoDraw = True
49.1700 	EXP 	fade_in_text: autoDraw = True
49.1865 	EXP 	fade_in_text: autoDraw = True
49.2033 	EXP 	fade_in_text: autoDraw = True
49.2199 	EXP 	fade_in_text: autoDraw = True
49.2366 	EXP 	fade_in_text: autoDraw = True
49.2532 	EXP 	fade_in_text: autoDraw = True
49.2699 	EXP 	fade_in_text: autoDraw = True
49.2865 	EXP 	fade_in_text: autoDraw = True
49.3033 	EXP 	fade_in_text: autoDraw = True
49.3199 	EXP 	fade_in_text: autoDraw = True
49.3366 	EXP 	fade_in_text: autoDraw = True
49.3532 	EXP 	fade_in_text: autoDraw = True
49.3699 	EXP 	fade_in_text: autoDraw = True
49.3865 	EXP 	fade_in_text: autoDraw = True
49.4033 	EXP 	fade_in_text: autoDraw = True
49.4199 	EXP 	fade_in_text: autoDraw = True
49.4366 	EXP 	fade_in_text: autoDraw = True
49.4532 	EXP 	fade_in_text: autoDraw = True
49.4699 	EXP 	fade_in_text: autoDraw = True
49.4866 	EXP 	fade_in_text: autoDraw = True
49.5033 	EXP 	fade_in_text: autoDraw = True
49.5200 	EXP 	fade_in_text: autoDraw = True
49.5367 	EXP 	fade_in_text: autoDraw = True
49.5532 	EXP 	fade_in_text: autoDraw = True
49.5699 	EXP 	fade_in_text: autoDraw = True
49.5866 	EXP 	fade_in_text: autoDraw = True
49.6033 	EXP 	fade_in_text: autoDraw = True
49.6200 	EXP 	fade_in_text: autoDraw = True
49.6367 	EXP 	fade_in_text: autoDraw = True
49.6532 	EXP 	fade_in_text: autoDraw = True
49.6699 	EXP 	fade_in_text: autoDraw = True
49.6866 	EXP 	fade_in_text: autoDraw = True
49.7033 	EXP 	fade_in_text: autoDraw = True
49.7200 	EXP 	fade_in_text: autoDraw = True
49.7367 	EXP 	fade_in_text: autoDraw = True
49.7532 	EXP 	fade_in_text: autoDraw = True
49.7699 	EXP 	fade_in_text: autoDraw = True
49.7866 	EXP 	fade_in_text: autoDraw = True
49.8033 	EXP 	fade_in_text: autoDraw = True
49.8200 	EXP 	fade_in_text: autoDraw = True
49.8367 	EXP 	fade_in_text: autoDraw = True
49.8533 	EXP 	fade_in_text: autoDraw = True
49.8699 	EXP 	fade_in_text: autoDraw = True
49.8866 	EXP 	fade_in_text: autoDraw = True
49.9033 	EXP 	fade_in_text: autoDraw = True
49.9200 	EXP 	fade_in_text: autoDraw = True
49.9366 	EXP 	fade_in_text: autoDraw = True
49.9533 	EXP 	fade_in_text: autoDraw = True
49.9699 	EXP 	fade_in_text: autoDraw = True
49.9866 	EXP 	fade_in_text: autoDraw = True
50.0034 	EXP 	fade_in_text: autoDraw = True
50.0200 	EXP 	fade_in_text: autoDraw = True
50.0367 	EXP 	fade_in_text: autoDraw = True
50.0533 	EXP 	fade_in_text: autoDraw = True
50.0699 	EXP 	fade_in_text: autoDraw = True
50.0866 	EXP 	fade_in_text: autoDraw = True
50.1033 	EXP 	fade_in_text: autoDraw = True
50.1200 	EXP 	fade_in_text: autoDraw = True
50.1366 	EXP 	fade_in_text: autoDraw = True
50.1533 	EXP 	fade_in_text: autoDraw = True
50.1699 	EXP 	fade_in_text: autoDraw = True
50.1867 	EXP 	fade_in_text: autoDraw = True
50.2033 	EXP 	fade_in_text: autoDraw = True
50.2201 	EXP 	fade_in_text: autoDraw = True
50.2367 	EXP 	fade_in_text: autoDraw = True
50.2533 	EXP 	fade_in_text: autoDraw = True
50.2700 	EXP 	fade_in_text: autoDraw = True
50.2867 	EXP 	fade_in_text: autoDraw = True
50.3033 	EXP 	fade_in_text: autoDraw = True
50.3200 	EXP 	fade_in_text: autoDraw = True
50.3366 	EXP 	fade_in_text: autoDraw = True
50.3533 	EXP 	fade_in_text: autoDraw = True
50.3700 	EXP 	fade_in_text: autoDraw = True
50.3867 	EXP 	fade_in_text: autoDraw = True
50.4033 	EXP 	fade_in_text: autoDraw = True
50.4201 	EXP 	fade_in_text: autoDraw = True
50.4367 	EXP 	fade_in_text: autoDraw = True
50.4533 	EXP 	fade_in_text: autoDraw = True
50.4700 	EXP 	fade_in_text: autoDraw = True
50.4867 	EXP 	fade_in_text: autoDraw = True
50.5033 	EXP 	fade_in_text: autoDraw = True
50.5201 	EXP 	fade_in_text: autoDraw = True
50.5366 	EXP 	fade_in_text: autoDraw = True
50.5533 	EXP 	fade_in_text: autoDraw = True
50.5700 	EXP 	fade_in_text: autoDraw = True
50.5867 	EXP 	fade_in_text: autoDraw = True
50.6033 	EXP 	fade_in_text: autoDraw = True
50.6200 	EXP 	fade_in_text: autoDraw = True
50.6367 	EXP 	fade_in_text: autoDraw = True
50.6533 	EXP 	fade_in_text: autoDraw = True
50.6700 	EXP 	fade_in_text: autoDraw = True
50.6867 	EXP 	fade_in_text: autoDraw = True
50.7033 	EXP 	fade_in_text: autoDraw = True
50.7199 	EXP 	fade_in_text: autoDraw = True
50.7366 	EXP 	fade_in_text: autoDraw = True
50.7533 	EXP 	fade_in_text: autoDraw = True
50.7700 	EXP 	fade_in_text: autoDraw = True
50.7867 	EXP 	fade_in_text: autoDraw = True
50.8033 	EXP 	fade_in_text: autoDraw = True
50.8199 	EXP 	fade_in_text: autoDraw = True
50.8367 	EXP 	fade_in_text: autoDraw = True
50.8534 	EXP 	fade_in_text: autoDraw = True
50.8700 	EXP 	fade_in_text: autoDraw = True
50.8867 	EXP 	fade_in_text: autoDraw = True
50.9034 	EXP 	fade_in_text: autoDraw = True
50.9199 	EXP 	fade_in_text: autoDraw = True
50.9366 	EXP 	fade_in_text: autoDraw = True
50.9534 	EXP 	fade_in_text: autoDraw = True
50.9700 	EXP 	fade_in_text: autoDraw = True
50.9867 	EXP 	fade_in_text: autoDraw = True
51.0034 	EXP 	fade_in_text: autoDraw = True
51.0199 	EXP 	fade_in_text: autoDraw = True
51.0366 	EXP 	fade_in_text: autoDraw = True
51.0534 	EXP 	fade_in_text: autoDraw = True
51.0700 	EXP 	fade_in_text: autoDraw = True
51.0867 	EXP 	fade_in_text: autoDraw = True
51.1035 	EXP 	fade_in_text: autoDraw = True
51.1200 	EXP 	fade_in_text: autoDraw = True
51.1366 	EXP 	fade_in_text: autoDraw = True
51.1534 	EXP 	fade_in_text: autoDraw = True
51.1700 	EXP 	fade_in_text: autoDraw = True
51.1867 	EXP 	fade_in_text: autoDraw = True
51.2035 	EXP 	fade_in_text: autoDraw = True
51.2200 	EXP 	fade_in_text: autoDraw = True
51.2367 	EXP 	fade_in_text: autoDraw = True
51.2534 	EXP 	fade_in_text: autoDraw = True
51.2700 	EXP 	fade_in_text: autoDraw = True
51.2867 	EXP 	fade_in_text: autoDraw = True
51.3034 	EXP 	fade_in_text: autoDraw = True
51.3200 	EXP 	fade_in_text: autoDraw = True
51.3366 	EXP 	fade_in_text: autoDraw = True
51.3534 	EXP 	fade_in_text: autoDraw = True
51.3700 	EXP 	fade_in_text: autoDraw = True
51.3867 	EXP 	fade_in_text: autoDraw = True
51.4033 	EXP 	fade_in_text: autoDraw = True
51.4200 	EXP 	fade_in_text: autoDraw = True
51.4366 	EXP 	fade_in_text: autoDraw = True
51.4534 	EXP 	fade_in_text: autoDraw = True
51.4701 	EXP 	fade_in_text: autoDraw = True
51.4867 	EXP 	fade_in_text: autoDraw = True
51.5033 	EXP 	fade_in_text: autoDraw = True
51.5200 	EXP 	fade_in_text: autoDraw = True
51.5366 	EXP 	fade_in_text: autoDraw = True
51.5534 	EXP 	fade_in_text: autoDraw = True
51.5701 	EXP 	fade_in_text: autoDraw = True
51.5867 	EXP 	fade_in_text: autoDraw = True
51.6033 	EXP 	fade_in_text: autoDraw = True
51.6200 	EXP 	fade_in_text: autoDraw = True
51.6367 	EXP 	fade_in_text: autoDraw = True
51.6534 	EXP 	fade_in_text: autoDraw = True
51.6701 	EXP 	fade_in_text: autoDraw = True
51.6868 	EXP 	fade_in_text: autoDraw = True
51.7033 	EXP 	fade_in_text: autoDraw = True
51.7200 	EXP 	fade_in_text: autoDraw = True
51.7367 	EXP 	fade_in_text: autoDraw = True
51.7534 	EXP 	fade_in_text: autoDraw = True
51.7701 	EXP 	fade_in_text: autoDraw = True
51.7868 	EXP 	fade_in_text: autoDraw = True
51.8033 	EXP 	fade_in_text: autoDraw = True
51.8200 	EXP 	fade_in_text: autoDraw = True
51.8367 	EXP 	fade_in_text: autoDraw = True
51.8534 	EXP 	fade_in_text: autoDraw = True
51.8701 	EXP 	fade_in_text: autoDraw = True
51.8868 	EXP 	fade_in_text: autoDraw = True
51.9033 	EXP 	fade_in_text: autoDraw = True
51.9200 	EXP 	fade_in_text: autoDraw = True
51.9367 	EXP 	fade_in_text: autoDraw = True
51.9534 	EXP 	fade_in_text: autoDraw = True
51.9701 	EXP 	fade_in_text: autoDraw = True
51.9868 	EXP 	fade_in_text: autoDraw = True
52.0033 	EXP 	fade_in_text: autoDraw = True
52.0200 	EXP 	fade_in_text: autoDraw = True
52.0367 	EXP 	fade_in_text: autoDraw = True
52.0534 	EXP 	fade_in_text: autoDraw = True
52.0701 	EXP 	fade_in_text: autoDraw = True
52.0867 	EXP 	fade_in_text: autoDraw = True
52.1033 	EXP 	fade_in_text: autoDraw = True
52.1200 	EXP 	fade_in_text: autoDraw = True
52.1368 	EXP 	fade_in_text: autoDraw = True
52.1535 	EXP 	fade_in_text: autoDraw = True
52.1701 	EXP 	fade_in_text: autoDraw = True
52.1867 	EXP 	fade_in_text: autoDraw = True
52.2033 	EXP 	fade_in_text: autoDraw = True
52.2200 	EXP 	fade_in_text: autoDraw = True
52.2368 	EXP 	fade_in_text: autoDraw = True
52.2535 	EXP 	fade_in_text: autoDraw = True
52.2701 	EXP 	fade_in_text: autoDraw = True
52.2867 	EXP 	fade_in_text: autoDraw = True
52.3034 	EXP 	fade_in_text: autoDraw = True
52.3200 	EXP 	fade_in_text: autoDraw = True
52.3368 	EXP 	fade_in_text: autoDraw = True
52.3534 	EXP 	fade_in_text: autoDraw = True
52.3701 	EXP 	fade_in_text: autoDraw = True
52.3867 	EXP 	fade_in_text: autoDraw = True
52.4034 	EXP 	fade_in_text: autoDraw = True
52.4200 	EXP 	fade_in_text: autoDraw = True
52.4368 	EXP 	fade_in_text: autoDraw = True
52.4534 	EXP 	fade_in_text: autoDraw = True
52.4701 	EXP 	fade_in_text: autoDraw = True
52.4867 	EXP 	fade_in_text: autoDraw = True
52.5034 	EXP 	fade_in_text: autoDraw = True
52.5200 	EXP 	fade_in_text: autoDraw = True
52.5368 	EXP 	fade_in_text: autoDraw = True
52.5534 	EXP 	fade_in_text: autoDraw = True
52.5702 	EXP 	fade_in_text: autoDraw = True
52.5867 	EXP 	fade_in_text: autoDraw = True
52.6034 	EXP 	fade_in_text: autoDraw = True
52.6201 	EXP 	fade_in_text: autoDraw = True
52.6368 	EXP 	fade_in_text: autoDraw = True
52.6535 	EXP 	fade_in_text: autoDraw = True
52.6702 	EXP 	fade_in_text: autoDraw = True
52.6867 	EXP 	fade_in_text: autoDraw = True
52.7034 	EXP 	fade_in_text: autoDraw = True
52.7201 	EXP 	fade_in_text: autoDraw = True
52.7368 	EXP 	fade_in_text: autoDraw = True
52.7535 	EXP 	fade_in_text: autoDraw = True
52.7702 	EXP 	fade_in_text: autoDraw = True
52.7867 	EXP 	fade_in_text: autoDraw = True
52.8034 	EXP 	fade_in_text: autoDraw = True
52.8201 	EXP 	fade_in_text: autoDraw = True
52.8368 	EXP 	fade_in_text: autoDraw = True
52.8535 	EXP 	fade_in_text: autoDraw = True
52.8700 	EXP 	fade_in_text: autoDraw = True
52.8867 	EXP 	fade_in_text: autoDraw = True
52.9034 	EXP 	fade_in_text: autoDraw = True
52.9201 	EXP 	fade_in_text: autoDraw = True
52.9368 	EXP 	fade_in_text: autoDraw = True
52.9535 	EXP 	fade_in_text: autoDraw = True
52.9701 	EXP 	fade_in_text: autoDraw = True
52.9867 	EXP 	fade_in_text: autoDraw = True
53.0034 	EXP 	fade_in_text: autoDraw = True
53.0201 	EXP 	fade_in_text: autoDraw = True
53.0368 	EXP 	fade_in_text: autoDraw = True
53.0535 	EXP 	fade_in_text: autoDraw = True
53.0701 	EXP 	fade_in_text: autoDraw = True
53.0867 	EXP 	fade_in_text: autoDraw = True
53.1034 	EXP 	fade_in_text: autoDraw = True
53.1202 	EXP 	fade_in_text: autoDraw = True
53.1368 	EXP 	fade_in_text: autoDraw = True
53.1535 	EXP 	fade_in_text: autoDraw = True
53.1701 	EXP 	fade_in_text: autoDraw = True
53.1867 	EXP 	fade_in_text: autoDraw = True
53.2034 	EXP 	fade_in_text: autoDraw = True
53.2202 	EXP 	fade_in_text: autoDraw = True
53.2368 	EXP 	fade_in_text: autoDraw = True
53.2536 	EXP 	fade_in_text: autoDraw = True
53.2701 	EXP 	fade_in_text: autoDraw = True
53.2867 	EXP 	fade_in_text: autoDraw = True
53.3035 	EXP 	fade_in_text: autoDraw = True
53.3201 	EXP 	fade_in_text: autoDraw = True
53.3368 	EXP 	fade_in_text: autoDraw = True
53.3536 	EXP 	fade_in_text: autoDraw = True
53.3701 	EXP 	fade_in_text: autoDraw = True
53.3867 	EXP 	fade_in_text: autoDraw = True
53.4035 	EXP 	fade_in_text: autoDraw = True
53.4202 	EXP 	fade_in_text: autoDraw = True
53.4368 	EXP 	fade_in_text: autoDraw = True
53.4536 	EXP 	fade_in_text: autoDraw = True
53.4701 	EXP 	fade_in_text: autoDraw = True
53.4867 	EXP 	fade_in_text: autoDraw = True
53.5035 	EXP 	fade_in_text: autoDraw = True
53.5202 	EXP 	fade_in_text: autoDraw = True
53.5369 	EXP 	fade_in_text: autoDraw = True
53.5536 	EXP 	fade_in_text: autoDraw = True
53.5701 	EXP 	fade_in_text: autoDraw = True
53.5868 	EXP 	fade_in_text: autoDraw = True
53.6035 	EXP 	fade_in_text: autoDraw = True
53.6202 	EXP 	fade_in_text: autoDraw = True
53.6368 	EXP 	fade_in_text: autoDraw = True
53.6535 	EXP 	fade_in_text: autoDraw = True
53.6701 	EXP 	fade_in_text: autoDraw = True
53.6867 	EXP 	fade_in_text: autoDraw = True
53.7036 	EXP 	fade_in_text: autoDraw = True
53.7202 	EXP 	fade_in_text: autoDraw = True
53.7368 	EXP 	fade_in_text: autoDraw = True
53.7535 	EXP 	fade_in_text: autoDraw = True
53.7702 	EXP 	fade_in_text: autoDraw = True
53.7868 	EXP 	fade_in_text: autoDraw = True
53.8035 	EXP 	fade_in_text: autoDraw = True
53.8202 	EXP 	fade_in_text: autoDraw = True
53.8369 	EXP 	fade_in_text: autoDraw = True
53.8535 	EXP 	fade_in_text: autoDraw = True
53.8701 	EXP 	fade_in_text: autoDraw = True
53.8867 	EXP 	fade_in_text: autoDraw = True
53.9035 	EXP 	fade_in_text: autoDraw = True
53.9202 	EXP 	fade_in_text: autoDraw = True
53.9369 	EXP 	fade_in_text: autoDraw = True
53.9534 	EXP 	fade_in_text: autoDraw = True
53.9702 	EXP 	fade_in_text: autoDraw = True
53.9869 	EXP 	fade_in_text: autoDraw = True
54.0035 	EXP 	fade_in_text: autoDraw = True
54.0202 	EXP 	fade_in_text: autoDraw = True
54.0369 	EXP 	fade_in_text: autoDraw = True
54.0535 	EXP 	fade_in_text: autoDraw = True
54.0702 	EXP 	fade_in_text: autoDraw = True
54.0868 	EXP 	fade_in_text: autoDraw = True
54.1035 	EXP 	fade_in_text: autoDraw = True
54.1202 	EXP 	fade_in_text: autoDraw = True
54.1369 	EXP 	fade_in_text: autoDraw = True
54.1534 	EXP 	fade_in_text: autoDraw = True
54.1702 	EXP 	fade_in_text: autoDraw = True
54.1868 	EXP 	fade_in_text: autoDraw = True
54.2035 	EXP 	fade_in_text: autoDraw = True
54.2202 	EXP 	fade_in_text: autoDraw = True
54.2370 	EXP 	fade_in_text: autoDraw = True
54.2535 	EXP 	fade_in_text: autoDraw = True
54.2702 	EXP 	fade_in_text: autoDraw = True
54.2869 	EXP 	fade_in_text: autoDraw = True
54.3035 	EXP 	fade_in_text: autoDraw = True
54.3202 	EXP 	fade_in_text: autoDraw = True
54.3368 	EXP 	fade_in_text: autoDraw = True
54.3534 	EXP 	fade_in_text: autoDraw = True
54.3702 	EXP 	fade_in_text: autoDraw = True
54.3869 	EXP 	fade_in_text: autoDraw = True
54.4035 	EXP 	fade_in_text: autoDraw = True
54.4202 	EXP 	fade_in_text: autoDraw = True
54.4368 	EXP 	fade_in_text: autoDraw = True
54.4535 	EXP 	fade_in_text: autoDraw = True
54.4702 	EXP 	fade_in_text: autoDraw = True
54.4869 	EXP 	fade_in_text: autoDraw = True
54.5035 	EXP 	fade_in_text: autoDraw = True
54.5202 	EXP 	fade_in_text: autoDraw = True
54.5368 	EXP 	fade_in_text: autoDraw = True
54.5535 	EXP 	fade_in_text: autoDraw = True
54.5702 	EXP 	fade_in_text: autoDraw = True
54.5869 	EXP 	fade_in_text: autoDraw = True
54.6035 	EXP 	fade_in_text: autoDraw = True
54.6202 	EXP 	fade_in_text: autoDraw = True
54.6368 	EXP 	fade_in_text: autoDraw = True
54.6536 	EXP 	fade_in_text: autoDraw = True
54.6702 	EXP 	fade_in_text: autoDraw = True
54.6869 	EXP 	fade_in_text: autoDraw = True
54.7036 	EXP 	fade_in_text: autoDraw = True
54.7203 	EXP 	fade_in_text: autoDraw = True
54.7368 	EXP 	fade_in_text: autoDraw = True
54.7535 	EXP 	fade_in_text: autoDraw = True
54.7702 	EXP 	fade_in_text: autoDraw = True
54.7869 	EXP 	fade_in_text: autoDraw = True
54.8035 	EXP 	fade_in_text: autoDraw = True
54.8203 	EXP 	fade_in_text: autoDraw = True
54.8368 	EXP 	fade_in_text: autoDraw = True
54.8536 	EXP 	fade_in_text: autoDraw = True
54.8702 	EXP 	fade_in_text: autoDraw = True
54.8869 	EXP 	fade_in_text: autoDraw = True
54.9036 	EXP 	fade_in_text: autoDraw = True
54.9203 	EXP 	fade_in_text: autoDraw = True
54.9368 	EXP 	fade_in_text: autoDraw = True
54.9535 	EXP 	fade_in_text: autoDraw = True
54.9702 	EXP 	fade_in_text: autoDraw = True
54.9869 	EXP 	fade_in_text: autoDraw = True
55.0035 	EXP 	fade_in_text: autoDraw = True
55.0204 	EXP 	fade_in_text: autoDraw = True
55.0369 	EXP 	fade_in_text: autoDraw = True
55.0535 	EXP 	fade_in_text: autoDraw = True
55.0702 	EXP 	fade_in_text: autoDraw = True
55.0869 	EXP 	fade_in_text: autoDraw = True
55.1036 	EXP 	fade_in_text: autoDraw = True
55.1202 	EXP 	fade_in_text: autoDraw = True
55.1368 	EXP 	fade_in_text: autoDraw = True
55.1535 	EXP 	fade_in_text: autoDraw = True
55.1702 	EXP 	fade_in_text: autoDraw = True
55.1869 	EXP 	fade_in_text: autoDraw = True
55.2036 	EXP 	fade_in_text: autoDraw = True
55.2202 	EXP 	fade_in_text: autoDraw = True
55.2368 	EXP 	fade_in_text: autoDraw = True
55.2535 	EXP 	fade_in_text: autoDraw = True
55.2702 	EXP 	fade_in_text: autoDraw = True
55.2869 	EXP 	fade_in_text: autoDraw = True
55.3036 	EXP 	fade_in_text: autoDraw = True
55.3202 	EXP 	fade_in_text: autoDraw = True
55.3368 	EXP 	fade_in_text: autoDraw = True
55.3535 	EXP 	fade_in_text: autoDraw = True
55.3702 	EXP 	fade_in_text: autoDraw = True
55.3869 	EXP 	fade_in_text: autoDraw = True
55.4036 	EXP 	fade_in_text: autoDraw = True
55.4202 	EXP 	fade_in_text: autoDraw = True
55.4368 	EXP 	fade_in_text: autoDraw = True
55.4535 	EXP 	fade_in_text: autoDraw = True
55.4703 	EXP 	fade_in_text: autoDraw = True
55.4869 	EXP 	fade_in_text: autoDraw = True
55.5037 	EXP 	fade_in_text: autoDraw = True
55.5202 	EXP 	fade_in_text: autoDraw = True
55.5368 	EXP 	fade_in_text: autoDraw = True
55.5536 	EXP 	fade_in_text: autoDraw = True
55.5703 	EXP 	fade_in_text: autoDraw = True
55.5869 	EXP 	fade_in_text: autoDraw = True
55.6037 	EXP 	fade_in_text: autoDraw = True
55.6202 	EXP 	fade_in_text: autoDraw = True
55.6368 	EXP 	fade_in_text: autoDraw = True
55.6536 	EXP 	fade_in_text: autoDraw = True
55.6703 	EXP 	fade_in_text: autoDraw = True
55.6869 	EXP 	fade_in_text: autoDraw = True
55.7037 	EXP 	fade_in_text: autoDraw = True
55.7202 	EXP 	fade_in_text: autoDraw = True
55.7368 	EXP 	fade_in_text: autoDraw = True
55.7536 	EXP 	fade_in_text: autoDraw = True
55.7703 	EXP 	fade_in_text: autoDraw = True
55.7869 	EXP 	fade_in_text: autoDraw = True
55.8037 	EXP 	fade_in_text: autoDraw = True
55.8202 	EXP 	fade_in_text: autoDraw = True
55.8368 	EXP 	fade_in_text: autoDraw = True
55.8536 	EXP 	fade_in_text: autoDraw = True
55.8703 	EXP 	fade_in_text: autoDraw = True
55.8870 	EXP 	fade_in_text: autoDraw = True
55.9036 	EXP 	fade_in_text: autoDraw = True
55.9202 	EXP 	fade_in_text: autoDraw = True
55.9369 	EXP 	fade_in_text: autoDraw = True
55.9536 	EXP 	fade_in_text: autoDraw = True
55.9703 	EXP 	fade_in_text: autoDraw = True
55.9869 	EXP 	fade_in_text: autoDraw = True
56.0035 	EXP 	fade_in_text: autoDraw = True
56.0202 	EXP 	fade_in_text: autoDraw = True
56.0369 	EXP 	fade_in_text: autoDraw = True
56.0536 	EXP 	fade_in_text: autoDraw = True
56.0703 	EXP 	fade_in_text: autoDraw = True
56.0870 	EXP 	fade_in_text: autoDraw = True
56.1035 	EXP 	fade_in_text: autoDraw = True
56.1202 	EXP 	fade_in_text: autoDraw = True
56.1369 	EXP 	fade_in_text: autoDraw = True
56.1536 	EXP 	fade_in_text: autoDraw = True
56.1703 	EXP 	fade_in_text: autoDraw = True
56.1870 	EXP 	fade_in_text: autoDraw = True
56.2035 	EXP 	fade_in_text: autoDraw = True
56.2202 	EXP 	fade_in_text: autoDraw = True
56.2369 	EXP 	fade_in_text: autoDraw = True
56.2536 	EXP 	fade_in_text: autoDraw = True
56.2704 	EXP 	fade_in_text: autoDraw = True
56.2870 	EXP 	fade_in_text: autoDraw = True
56.3035 	EXP 	fade_in_text: autoDraw = True
56.3202 	EXP 	fade_in_text: autoDraw = True
56.3369 	EXP 	fade_in_text: autoDraw = True
56.3536 	EXP 	fade_in_text: autoDraw = True
56.3704 	EXP 	fade_in_text: autoDraw = True
56.3871 	EXP 	fade_in_text: autoDraw = True
56.4036 	EXP 	fade_in_text: autoDraw = True
56.4202 	EXP 	fade_in_text: autoDraw = True
56.4370 	EXP 	fade_in_text: autoDraw = True
56.4536 	EXP 	fade_in_text: autoDraw = True
56.4703 	EXP 	fade_in_text: autoDraw = True
56.4871 	EXP 	fade_in_text: autoDraw = True
56.5036 	EXP 	fade_in_text: autoDraw = True
56.5202 	EXP 	fade_in_text: autoDraw = True
56.5370 	EXP 	fade_in_text: autoDraw = True
56.5536 	EXP 	fade_in_text: autoDraw = True
56.5703 	EXP 	fade_in_text: autoDraw = True
56.5871 	EXP 	fade_in_text: autoDraw = True
56.6036 	EXP 	fade_in_text: autoDraw = True
56.6202 	EXP 	fade_in_text: autoDraw = True
56.6370 	EXP 	fade_in_text: autoDraw = True
56.6537 	EXP 	fade_in_text: autoDraw = True
56.6703 	EXP 	fade_in_text: autoDraw = True
56.6869 	EXP 	fade_in_text: autoDraw = True
56.7036 	EXP 	fade_in_text: autoDraw = True
56.7202 	EXP 	fade_in_text: autoDraw = True
56.7370 	EXP 	fade_in_text: autoDraw = True
56.7536 	EXP 	fade_in_text: autoDraw = True
56.7703 	EXP 	fade_in_text: autoDraw = True
56.7869 	EXP 	fade_in_text: autoDraw = True
56.8036 	EXP 	fade_in_text: autoDraw = True
56.8202 	EXP 	fade_in_text: autoDraw = True
56.8370 	EXP 	fade_in_text: autoDraw = True
56.8537 	EXP 	fade_in_text: autoDraw = True
56.8703 	EXP 	fade_in_text: autoDraw = True
56.8869 	EXP 	fade_in_text: autoDraw = True
56.9036 	EXP 	fade_in_text: autoDraw = True
56.9202 	EXP 	fade_in_text: autoDraw = True
56.9370 	EXP 	fade_in_text: autoDraw = True
56.9537 	EXP 	fade_in_text: autoDraw = True
56.9703 	EXP 	fade_in_text: autoDraw = True
56.9869 	EXP 	fade_in_text: autoDraw = True
57.0036 	EXP 	fade_in_text: autoDraw = True
57.0203 	EXP 	fade_in_text: autoDraw = True
57.0370 	EXP 	fade_in_text: autoDraw = True
57.0537 	EXP 	fade_in_text: autoDraw = True
57.0705 	EXP 	fade_in_text: autoDraw = True
57.0869 	EXP 	fade_in_text: autoDraw = True
57.1036 	EXP 	fade_in_text: autoDraw = True
57.1203 	EXP 	fade_in_text: autoDraw = True
57.1370 	EXP 	fade_in_text: autoDraw = True
57.1537 	EXP 	fade_in_text: autoDraw = True
57.1705 	EXP 	fade_in_text: autoDraw = True
57.1870 	EXP 	fade_in_text: autoDraw = True
57.2036 	EXP 	fade_in_text: autoDraw = True
57.2204 	EXP 	fade_in_text: autoDraw = True
57.2370 	EXP 	fade_in_text: autoDraw = True
57.2537 	EXP 	fade_in_text: autoDraw = True
57.2705 	EXP 	fade_in_text: autoDraw = True
57.2869 	EXP 	fade_in_text: autoDraw = True
57.3036 	EXP 	fade_in_text: autoDraw = True
57.3203 	EXP 	fade_in_text: autoDraw = True
57.3370 	EXP 	fade_in_text: autoDraw = True
57.3537 	EXP 	fade_in_text: autoDraw = True
57.3703 	EXP 	fade_in_text: autoDraw = True
57.3869 	EXP 	fade_in_text: autoDraw = True
57.4036 	EXP 	fade_in_text: autoDraw = True
57.4204 	EXP 	fade_in_text: autoDraw = True
57.4370 	EXP 	fade_in_text: autoDraw = True
57.4537 	EXP 	fade_in_text: autoDraw = True
57.4704 	EXP 	fade_in_text: autoDraw = True
57.4869 	EXP 	fade_in_text: autoDraw = True
57.5036 	EXP 	fade_in_text: autoDraw = True
57.5204 	EXP 	fade_in_text: autoDraw = True
57.5370 	EXP 	fade_in_text: autoDraw = True
57.5537 	EXP 	fade_in_text: autoDraw = True
57.5703 	EXP 	fade_in_text: autoDraw = True
57.5869 	EXP 	fade_in_text: autoDraw = True
57.6036 	EXP 	fade_in_text: autoDraw = True
57.6204 	EXP 	fade_in_text: autoDraw = True
57.6370 	EXP 	fade_in_text: autoDraw = True
57.6537 	EXP 	fade_in_text: autoDraw = True
57.6704 	EXP 	fade_in_text: autoDraw = True
57.6870 	EXP 	fade_in_text: autoDraw = True
57.7037 	EXP 	fade_in_text: autoDraw = True
57.7204 	EXP 	fade_in_text: autoDraw = True
57.7370 	EXP 	fade_in_text: autoDraw = True
57.7538 	EXP 	fade_in_text: autoDraw = True
57.7703 	EXP 	fade_in_text: autoDraw = True
57.7870 	EXP 	fade_in_text: autoDraw = True
57.8037 	EXP 	fade_in_text: autoDraw = True
57.8204 	EXP 	fade_in_text: autoDraw = True
57.8370 	EXP 	fade_in_text: autoDraw = True
57.8538 	EXP 	fade_in_text: autoDraw = True
57.8704 	EXP 	fade_in_text: autoDraw = True
57.8870 	EXP 	fade_in_text: autoDraw = True
57.9037 	EXP 	fade_in_text: autoDraw = True
57.9204 	EXP 	fade_in_text: autoDraw = True
57.9370 	EXP 	fade_in_text: autoDraw = True
57.9538 	EXP 	fade_in_text: autoDraw = True
57.9703 	EXP 	fade_in_text: autoDraw = True
57.9871 	EXP 	fade_in_text: autoDraw = True
58.0037 	EXP 	fade_in_text: autoDraw = True
58.0204 	EXP 	fade_in_text: autoDraw = True
58.0371 	EXP 	fade_in_text: autoDraw = True
58.0538 	EXP 	fade_in_text: autoDraw = True
58.0704 	EXP 	fade_in_text: autoDraw = True
58.0871 	EXP 	fade_in_text: autoDraw = True
58.1037 	EXP 	fade_in_text: autoDraw = True
58.1204 	EXP 	fade_in_text: autoDraw = True
58.1371 	EXP 	fade_in_text: autoDraw = True
58.1536 	EXP 	fade_in_text: autoDraw = True
58.1703 	EXP 	fade_in_text: autoDraw = True
58.1871 	EXP 	fade_in_text: autoDraw = True
58.2037 	EXP 	fade_in_text: autoDraw = True
58.2204 	EXP 	fade_in_text: autoDraw = True
58.2371 	EXP 	fade_in_text: autoDraw = True
58.2536 	EXP 	fade_in_text: autoDraw = True
58.2704 	EXP 	fade_in_text: autoDraw = True
58.2871 	EXP 	fade_in_text: autoDraw = True
58.3037 	EXP 	fade_in_text: autoDraw = True
58.3204 	EXP 	fade_in_text: autoDraw = True
58.3371 	EXP 	fade_in_text: autoDraw = True
58.3537 	EXP 	fade_in_text: autoDraw = True
58.3703 	EXP 	fade_in_text: autoDraw = True
58.3871 	EXP 	fade_in_text: autoDraw = True
58.4037 	EXP 	fade_in_text: autoDraw = True
58.4204 	EXP 	fade_in_text: autoDraw = True
58.4371 	EXP 	fade_in_text: autoDraw = True
58.4537 	EXP 	fade_in_text: autoDraw = True
58.4704 	EXP 	fade_in_text: autoDraw = True
58.4871 	EXP 	fade_in_text: autoDraw = True
58.5037 	EXP 	fade_in_text: autoDraw = True
58.5204 	EXP 	fade_in_text: autoDraw = True
58.5372 	EXP 	fade_in_text: autoDraw = True
58.5537 	EXP 	fade_in_text: autoDraw = True
58.5703 	EXP 	fade_in_text: autoDraw = True
58.5871 	EXP 	fade_in_text: autoDraw = True
58.6037 	EXP 	fade_in_text: autoDraw = True
58.6204 	EXP 	fade_in_text: autoDraw = True
58.6372 	EXP 	fade_in_text: autoDraw = True
58.6537 	EXP 	fade_in_text: autoDraw = True
58.6704 	EXP 	fade_in_text: autoDraw = True
58.6871 	EXP 	fade_in_text: autoDraw = True
58.7038 	EXP 	fade_in_text: autoDraw = True
58.7204 	EXP 	fade_in_text: autoDraw = True
58.7372 	EXP 	fade_in_text: autoDraw = True
58.7537 	EXP 	fade_in_text: autoDraw = True
58.7704 	EXP 	fade_in_text: autoDraw = True
58.7871 	EXP 	fade_in_text: autoDraw = True
58.8038 	EXP 	fade_in_text: autoDraw = True
58.8204 	EXP 	fade_in_text: autoDraw = True
58.8370 	EXP 	fade_in_text: autoDraw = True
58.8537 	EXP 	fade_in_text: autoDraw = True
58.8704 	EXP 	fade_in_text: autoDraw = True
58.8871 	EXP 	fade_in_text: autoDraw = True
58.9038 	EXP 	fade_in_text: autoDraw = True
58.9204 	EXP 	fade_in_text: autoDraw = True
58.9370 	EXP 	fade_in_text: autoDraw = True
58.9537 	EXP 	fade_in_text: autoDraw = True
58.9703 	EXP 	fade_in_text: autoDraw = True
58.9871 	EXP 	fade_in_text: autoDraw = True
59.0038 	EXP 	fade_in_text: autoDraw = True
59.0204 	EXP 	fade_in_text: autoDraw = True
59.0370 	EXP 	fade_in_text: autoDraw = True
59.0537 	EXP 	fade_in_text: autoDraw = True
59.0704 	EXP 	fade_in_text: autoDraw = True
59.0871 	EXP 	fade_in_text: autoDraw = True
59.1038 	EXP 	fade_in_text: autoDraw = True
59.1204 	EXP 	fade_in_text: autoDraw = True
59.1370 	EXP 	fade_in_text: autoDraw = True
59.1537 	EXP 	fade_in_text: autoDraw = True
59.1705 	EXP 	fade_in_text: autoDraw = True
59.1871 	EXP 	fade_in_text: autoDraw = True
59.2038 	EXP 	fade_in_text: autoDraw = True
59.2206 	EXP 	fade_in_text: autoDraw = True
59.2370 	EXP 	fade_in_text: autoDraw = True
59.2537 	EXP 	fade_in_text: autoDraw = True
59.2705 	EXP 	fade_in_text: autoDraw = True
59.2871 	EXP 	fade_in_text: autoDraw = True
59.3038 	EXP 	fade_in_text: autoDraw = True
59.3206 	EXP 	fade_in_text: autoDraw = True
59.3370 	EXP 	fade_in_text: autoDraw = True
59.3537 	EXP 	fade_in_text: autoDraw = True
59.3704 	EXP 	fade_in_text: autoDraw = True
59.3871 	EXP 	fade_in_text: autoDraw = True
59.4038 	EXP 	fade_in_text: autoDraw = True
59.4205 	EXP 	fade_in_text: autoDraw = True
59.4370 	EXP 	fade_in_text: autoDraw = True
59.4537 	EXP 	fade_in_text: autoDraw = True
59.4705 	EXP 	fade_in_text: autoDraw = True
59.4871 	EXP 	fade_in_text: autoDraw = True
59.5038 	EXP 	fade_in_text: autoDraw = True
59.5206 	EXP 	fade_in_text: autoDraw = True
59.5371 	EXP 	fade_in_text: autoDraw = True
59.5537 	EXP 	fade_in_text: autoDraw = True
59.5705 	EXP 	fade_in_text: autoDraw = True
59.5871 	EXP 	fade_in_text: autoDraw = True
59.6038 	EXP 	fade_in_text: autoDraw = True
59.6204 	EXP 	fade_in_text: autoDraw = True
59.6371 	EXP 	fade_in_text: autoDraw = True
59.6537 	EXP 	fade_in_text: autoDraw = True
59.6705 	EXP 	fade_in_text: autoDraw = True
59.6871 	EXP 	fade_in_text: autoDraw = True
59.7038 	EXP 	fade_in_text: autoDraw = True
59.7204 	EXP 	fade_in_text: autoDraw = True
59.7371 	EXP 	fade_in_text: autoDraw = True
59.7537 	EXP 	fade_in_text: autoDraw = True
59.7705 	EXP 	fade_in_text: autoDraw = True
59.7871 	EXP 	fade_in_text: autoDraw = True
59.8038 	EXP 	fade_in_text: autoDraw = True
59.8204 	EXP 	fade_in_text: autoDraw = True
59.8371 	EXP 	fade_in_text: autoDraw = True
59.8538 	EXP 	fade_in_text: autoDraw = True
59.8705 	EXP 	fade_in_text: autoDraw = True
59.8872 	EXP 	fade_in_text: autoDraw = True
59.9038 	EXP 	fade_in_text: autoDraw = True
59.9204 	EXP 	fade_in_text: autoDraw = True
59.9371 	EXP 	fade_in_text: autoDraw = True
59.9538 	EXP 	fade_in_text: autoDraw = True
59.9705 	EXP 	fade_in_text: autoDraw = True
59.9872 	EXP 	fade_in_text: autoDraw = True
60.0040 	EXP 	fade_in_text: autoDraw = True
60.0204 	EXP 	fade_in_text: autoDraw = True
60.0371 	EXP 	fade_in_text: autoDraw = True
60.0538 	EXP 	fade_in_text: autoDraw = True
60.0705 	EXP 	fade_in_text: autoDraw = True
60.0872 	EXP 	fade_in_text: autoDraw = True
60.1039 	EXP 	fade_in_text: autoDraw = True
60.1204 	EXP 	fade_in_text: autoDraw = True
60.1371 	EXP 	fade_in_text: autoDraw = True
60.1538 	EXP 	fade_in_text: autoDraw = True
60.1705 	EXP 	fade_in_text: autoDraw = True
60.1872 	EXP 	fade_in_text: autoDraw = True
60.2039 	EXP 	fade_in_text: autoDraw = True
60.2204 	EXP 	fade_in_text: autoDraw = True
60.2371 	EXP 	fade_in_text: autoDraw = True
60.2538 	EXP 	fade_in_text: autoDraw = True
60.2705 	EXP 	fade_in_text: autoDraw = True
60.2872 	EXP 	fade_in_text: autoDraw = True
60.3038 	EXP 	fade_in_text: autoDraw = True
60.3204 	EXP 	fade_in_text: autoDraw = True
60.3371 	EXP 	fade_in_text: autoDraw = True
60.3538 	EXP 	fade_in_text: autoDraw = True
60.3705 	EXP 	fade_in_text: autoDraw = True
60.3872 	EXP 	fade_in_text: autoDraw = True
60.4038 	EXP 	fade_in_text: autoDraw = True
60.4204 	EXP 	fade_in_text: autoDraw = True
60.4371 	EXP 	fade_in_text: autoDraw = True
60.4538 	EXP 	fade_in_text: autoDraw = True
60.4704 	EXP 	fade_in_text: autoDraw = True
60.4872 	EXP 	fade_in_text: autoDraw = True
63.5373 	EXP 	fade_in_text: autoDraw = False
63.5373 	EXP 	RS_intro_title: autoDraw = True
63.5373 	EXP 	RS_intro_text: autoDraw = True
86.5553 	EXP 	RS_intro_title: autoDraw = False
86.5553 	EXP 	RS_intro_text: autoDraw = False
86.5553 	EXP 	RS_intro_title: autoDraw = False
86.5553 	EXP 	RS_intro_text: autoDraw = False
86.5553 	EXP 	RS_rec_text: text = 'Please keep relaxed and open your eyes.\nNote: Blinking is allowed.'
86.5553 	EXP 	RS_rec_text: autoDraw = True
266.5644 	EXP 	RS_rec_text: autoDraw = False
269.9475 	EXP 	RS_rec_text: autoDraw = False
269.9475 	EXP 	RS_intro_title: autoDraw = True
269.9475 	EXP 	RS_intro_text: autoDraw = True
292.9820 	EXP 	RS_intro_title: autoDraw = False
292.9820 	EXP 	RS_intro_text: autoDraw = False
292.9820 	EXP 	RS_intro_title: autoDraw = False
292.9820 	EXP 	RS_intro_text: autoDraw = False
292.9820 	EXP 	RS_rec_text: text = 'Please keep relaxed and close your eyes.\n'
292.9820 	EXP 	RS_rec_text: autoDraw = True
472.9915 	EXP 	RS_rec_text: autoDraw = False
476.3413 	EXP 	RS_rec_text: autoDraw = False
476.3413 	EXP 	Pause_cont: text = 'Press [space] key to continue.'
476.3413 	EXP 	Pause_cont: autoDraw = True
487.3807 	DATA 	Keypress: space
490.4587 	EXP 	Pause_cont: autoDraw = False
490.4587 	EXP 	QA_intro_title: autoDraw = True
490.4587 	EXP 	QA_intro_text: autoDraw = True
529.5212 	DATA 	Keypress: space
529.8437 	EXP 	QA_intro_cont: autoDraw = True
530.8580 	EXP 	Created sequence: random, trialTypes=1, nReps=2, seed=None
530.8586 	EXP 	New trial (rep=0, index=0): None
531.8619 	EXP 	Created sequence: random, trialTypes=1, nReps=25, seed=None
531.8628 	EXP 	New trial (rep=0, index=0): None
532.9105 	EXP 	QA_intro_title: autoDraw = False
532.9105 	EXP 	QA_intro_text: autoDraw = False
532.9105 	EXP 	QA_intro_cont: autoDraw = False
532.9105 	EXP 	QA_rec_text: autoDraw = True
550.8950 	EXP 	QA_rec_break: autoDraw = True
551.8950 	EXP 	QA_rec_break: autoDraw = False
552.9010 	EXP 	New trial (rep=1, index=0): None
553.9631 	EXP 	QA_rec_text: autoDraw = False
553.9631 	EXP 	QA_rec_break: autoDraw = False
553.9631 	EXP 	QA_rec_text: autoDraw = True
571.9294 	EXP 	QA_rec_break: autoDraw = True
572.9294 	EXP 	QA_rec_break: autoDraw = False
573.9505 	EXP 	New trial (rep=2, index=0): None
575.0127 	EXP 	QA_rec_text: autoDraw = False
575.0127 	EXP 	QA_rec_break: autoDraw = False
575.0127 	EXP 	QA_rec_text: autoDraw = True
592.9638 	EXP 	QA_rec_break: autoDraw = True
593.9638 	EXP 	QA_rec_break: autoDraw = False
594.9849 	EXP 	New trial (rep=3, index=0): None
596.0306 	EXP 	QA_rec_text: autoDraw = False
596.0306 	EXP 	QA_rec_break: autoDraw = False
596.0306 	EXP 	QA_rec_text: autoDraw = True
614.0147 	EXP 	QA_rec_break: autoDraw = True
615.0149 	EXP 	QA_rec_break: autoDraw = False
616.0201 	EXP 	New trial (rep=4, index=0): None
617.0816 	EXP 	QA_rec_text: autoDraw = False
617.0816 	EXP 	QA_rec_break: autoDraw = False
617.0816 	EXP 	QA_rec_text: autoDraw = True
635.0492 	EXP 	QA_rec_break: autoDraw = True
636.0492 	EXP 	QA_rec_break: autoDraw = False
637.0707 	EXP 	New trial (rep=5, index=0): None
638.1163 	EXP 	QA_rec_text: autoDraw = False
638.1163 	EXP 	QA_rec_break: autoDraw = False
638.1163 	EXP 	QA_rec_text: autoDraw = True
656.1168 	EXP 	QA_rec_break: autoDraw = True
658.1048 	EXP 	New trial (rep=6, index=0): None
659.1676 	EXP 	QA_rec_text: autoDraw = False
659.1676 	EXP 	QA_rec_break: autoDraw = False
659.1676 	EXP 	QA_rec_text: autoDraw = True
677.1347 	EXP 	QA_rec_break: autoDraw = True
678.1347 	EXP 	QA_rec_break: autoDraw = False
679.1566 	EXP 	New trial (rep=7, index=0): None
680.2182 	EXP 	QA_rec_text: autoDraw = False
680.2182 	EXP 	QA_rec_break: autoDraw = False
680.2182 	EXP 	QA_rec_text: autoDraw = True
698.1855 	EXP 	QA_rec_break: autoDraw = True
699.1856 	EXP 	QA_rec_break: autoDraw = False
700.2078 	EXP 	New trial (rep=8, index=0): None
701.2697 	EXP 	QA_rec_text: autoDraw = False
701.2697 	EXP 	QA_rec_break: autoDraw = False
701.2697 	EXP 	QA_rec_text: autoDraw = True
719.2365 	EXP 	QA_rec_break: autoDraw = True
720.2366 	EXP 	QA_rec_break: autoDraw = False
721.2417 	EXP 	New trial (rep=9, index=0): None
722.2867 	EXP 	QA_rec_text: autoDraw = False
722.2867 	EXP 	QA_rec_break: autoDraw = False
722.2867 	EXP 	QA_rec_text: autoDraw = True
740.2710 	EXP 	QA_rec_break: autoDraw = True
741.2712 	EXP 	QA_rec_break: autoDraw = False
742.2760 	EXP 	New trial (rep=10, index=0): None
743.3211 	EXP 	QA_rec_text: autoDraw = False
743.3211 	EXP 	QA_rec_break: autoDraw = False
743.3211 	EXP 	QA_rec_text: autoDraw = True
761.2886 	EXP 	QA_rec_break: autoDraw = True
762.2887 	EXP 	QA_rec_break: autoDraw = False
763.3111 	EXP 	New trial (rep=11, index=0): None
764.3722 	EXP 	QA_rec_text: autoDraw = False
764.3722 	EXP 	QA_rec_break: autoDraw = False
764.3722 	EXP 	QA_rec_text: autoDraw = True
782.3399 	EXP 	QA_rec_break: autoDraw = True
784.3450 	EXP 	New trial (rep=12, index=0): None
785.4072 	EXP 	QA_rec_text: autoDraw = False
785.4072 	EXP 	QA_rec_break: autoDraw = False
785.4072 	EXP 	QA_rec_text: autoDraw = True
803.4073 	EXP 	QA_rec_break: autoDraw = True
805.4129 	EXP 	New trial (rep=13, index=0): None
806.4910 	EXP 	QA_rec_text: autoDraw = False
806.4910 	EXP 	QA_rec_break: autoDraw = False
806.4910 	EXP 	QA_rec_text: autoDraw = True
824.4585 	EXP 	QA_rec_break: autoDraw = True
826.4639 	EXP 	New trial (rep=14, index=0): None
827.5255 	EXP 	QA_rec_text: autoDraw = False
827.5255 	EXP 	QA_rec_break: autoDraw = False
827.5255 	EXP 	QA_rec_text: autoDraw = True
845.5263 	EXP 	QA_rec_break: autoDraw = True
847.4976 	EXP 	New trial (rep=15, index=0): None
848.5612 	EXP 	QA_rec_text: autoDraw = False
848.5612 	EXP 	QA_rec_break: autoDraw = False
848.5612 	EXP 	QA_rec_text: autoDraw = True
866.5273 	EXP 	QA_rec_break: autoDraw = True
868.5319 	EXP 	New trial (rep=16, index=0): None
869.6114 	EXP 	QA_rec_text: autoDraw = False
869.6114 	EXP 	QA_rec_break: autoDraw = False
869.6114 	EXP 	QA_rec_text: autoDraw = True
887.5784 	EXP 	QA_rec_break: autoDraw = True
889.5818 	EXP 	New trial (rep=17, index=0): None
890.6467 	EXP 	QA_rec_text: autoDraw = False
890.6467 	EXP 	QA_rec_break: autoDraw = False
890.6467 	EXP 	QA_rec_text: autoDraw = True
908.6128 	EXP 	QA_rec_break: autoDraw = True
910.6174 	EXP 	New trial (rep=18, index=0): None
911.6796 	EXP 	QA_rec_text: autoDraw = False
911.6796 	EXP 	QA_rec_break: autoDraw = False
911.6796 	EXP 	QA_rec_text: autoDraw = True
929.6472 	EXP 	QA_rec_break: autoDraw = True
931.6525 	EXP 	New trial (rep=19, index=0): None
932.7146 	EXP 	QA_rec_text: autoDraw = False
932.7146 	EXP 	QA_rec_break: autoDraw = False
932.7146 	EXP 	QA_rec_text: autoDraw = True
950.7149 	EXP 	QA_rec_break: autoDraw = True
952.6868 	EXP 	New trial (rep=20, index=0): None
953.8499 	EXP 	QA_rec_text: autoDraw = False
953.8499 	EXP 	QA_rec_break: autoDraw = False
953.8499 	EXP 	QA_rec_text: autoDraw = True
971.8326 	EXP 	QA_rec_break: autoDraw = True
973.8395 	EXP 	New trial (rep=21, index=0): None
974.9168 	EXP 	QA_rec_text: autoDraw = False
974.9168 	EXP 	QA_rec_break: autoDraw = False
974.9168 	EXP 	QA_rec_text: autoDraw = True
992.8837 	EXP 	QA_rec_break: autoDraw = True
994.8891 	EXP 	New trial (rep=22, index=0): None
995.9509 	EXP 	QA_rec_text: autoDraw = False
995.9509 	EXP 	QA_rec_break: autoDraw = False
995.9509 	EXP 	QA_rec_text: autoDraw = True
1013.9515 	EXP 	QA_rec_break: autoDraw = True
1015.9226 	EXP 	New trial (rep=23, index=0): None
1016.9862 	EXP 	QA_rec_text: autoDraw = False
1016.9862 	EXP 	QA_rec_break: autoDraw = False
1016.9862 	EXP 	QA_rec_text: autoDraw = True
1034.9858 	EXP 	QA_rec_break: autoDraw = True
1036.9571 	EXP 	New trial (rep=24, index=0): None
1038.0211 	EXP 	QA_rec_text: autoDraw = False
1038.0211 	EXP 	QA_rec_break: autoDraw = False
1038.0211 	EXP 	QA_rec_text: autoDraw = True
1056.0202 	EXP 	QA_rec_break: autoDraw = True
1060.0711 	EXP 	QA_rec_text: autoDraw = False
1060.0711 	EXP 	QA_rec_break: autoDraw = False
1060.0711 	EXP 	Pause_cont: text = 'Press [space] key to continue.'
1060.0711 	EXP 	Pause_cont: autoDraw = True
1073.2182 	DATA 	Keypress: space
1074.2735 	EXP 	New trial (rep=1, index=0): None
1075.2768 	EXP 	Created sequence: random, trialTypes=1, nReps=25, seed=None
1075.2778 	EXP 	New trial (rep=0, index=0): None
1076.3547 	EXP 	Pause_cont: autoDraw = False
1076.3547 	EXP 	QA_rec_text: autoDraw = True
1094.3555 	EXP 	QA_rec_break: autoDraw = True
1096.3272 	EXP 	New trial (rep=1, index=0): None
1097.4057 	EXP 	QA_rec_text: autoDraw = False
1097.4057 	EXP 	QA_rec_break: autoDraw = False
1097.4057 	EXP 	QA_rec_text: autoDraw = True
1115.3733 	EXP 	QA_rec_break: autoDraw = True
1117.3780 	EXP 	New trial (rep=2, index=0): None
1118.4402 	EXP 	QA_rec_text: autoDraw = False
1118.4402 	EXP 	QA_rec_break: autoDraw = False
1118.4402 	EXP 	QA_rec_text: autoDraw = True
1136.4410 	EXP 	QA_rec_break: autoDraw = True
1138.4128 	EXP 	New trial (rep=3, index=0): None
1139.4761 	EXP 	QA_rec_text: autoDraw = False
1139.4761 	EXP 	QA_rec_break: autoDraw = False
1139.4761 	EXP 	QA_rec_text: autoDraw = True
1157.4754 	EXP 	QA_rec_break: autoDraw = True
1159.4798 	EXP 	New trial (rep=4, index=0): None
1160.5429 	EXP 	QA_rec_text: autoDraw = False
1160.5429 	EXP 	QA_rec_break: autoDraw = False
1160.5429 	EXP 	QA_rec_text: autoDraw = True
1178.5431 	EXP 	QA_rec_break: autoDraw = True
1180.5142 	EXP 	New trial (rep=5, index=0): None
1181.5781 	EXP 	QA_rec_text: autoDraw = False
1181.5781 	EXP 	QA_rec_break: autoDraw = False
1181.5781 	EXP 	QA_rec_text: autoDraw = True
1199.5776 	EXP 	QA_rec_break: autoDraw = True
1201.5497 	EXP 	New trial (rep=6, index=0): None
1202.6114 	EXP 	QA_rec_text: autoDraw = False
1202.6114 	EXP 	QA_rec_break: autoDraw = False
1202.6114 	EXP 	QA_rec_text: autoDraw = True
1220.6120 	EXP 	QA_rec_break: autoDraw = True
1222.5830 	EXP 	New trial (rep=7, index=0): None
1223.6470 	EXP 	QA_rec_text: autoDraw = False
1223.6470 	EXP 	QA_rec_break: autoDraw = False
1223.6470 	EXP 	QA_rec_text: autoDraw = True
1241.6464 	EXP 	QA_rec_break: autoDraw = True
1243.6514 	EXP 	New trial (rep=8, index=0): None
1244.7131 	EXP 	QA_rec_text: autoDraw = False
1244.7131 	EXP 	QA_rec_break: autoDraw = False
1244.7131 	EXP 	QA_rec_text: autoDraw = True
1262.7141 	EXP 	QA_rec_break: autoDraw = True
1264.6858 	EXP 	New trial (rep=9, index=0): None
1265.7479 	EXP 	QA_rec_text: autoDraw = False
1265.7479 	EXP 	QA_rec_break: autoDraw = False
1265.7479 	EXP 	QA_rec_text: autoDraw = True
1283.7151 	EXP 	QA_rec_break: autoDraw = True
1285.7188 	EXP 	New trial (rep=10, index=0): None
1286.7656 	EXP 	QA_rec_text: autoDraw = False
1286.7656 	EXP 	QA_rec_break: autoDraw = False
1286.7656 	EXP 	QA_rec_text: autoDraw = True
1304.7661 	EXP 	QA_rec_break: autoDraw = True
1306.7378 	EXP 	New trial (rep=11, index=0): None
1307.8009 	EXP 	QA_rec_text: autoDraw = False
1307.8009 	EXP 	QA_rec_break: autoDraw = False
1307.8009 	EXP 	QA_rec_text: autoDraw = True
1325.8006 	EXP 	QA_rec_break: autoDraw = True
1327.8100 	EXP 	New trial (rep=12, index=0): None
1328.8692 	EXP 	QA_rec_text: autoDraw = False
1328.8692 	EXP 	QA_rec_break: autoDraw = False
1328.8692 	EXP 	QA_rec_text: autoDraw = True
1346.8684 	EXP 	QA_rec_break: autoDraw = True
1348.8395 	EXP 	New trial (rep=13, index=0): None
1349.9020 	EXP 	QA_rec_text: autoDraw = False
1349.9020 	EXP 	QA_rec_break: autoDraw = False
1349.9020 	EXP 	QA_rec_text: autoDraw = True
1367.8695 	EXP 	QA_rec_break: autoDraw = True
1369.8741 	EXP 	New trial (rep=14, index=0): None
1370.9382 	EXP 	QA_rec_text: autoDraw = False
1370.9382 	EXP 	QA_rec_break: autoDraw = False
1370.9382 	EXP 	QA_rec_text: autoDraw = True
1388.9205 	EXP 	QA_rec_break: autoDraw = True
1390.9251 	EXP 	New trial (rep=15, index=0): None
1391.9879 	EXP 	QA_rec_text: autoDraw = False
1391.9879 	EXP 	QA_rec_break: autoDraw = False
1391.9879 	EXP 	QA_rec_text: autoDraw = True
1409.9882 	EXP 	QA_rec_break: autoDraw = True
1411.9623 	EXP 	New trial (rep=16, index=0): None
1413.0233 	EXP 	QA_rec_text: autoDraw = False
1413.0233 	EXP 	QA_rec_break: autoDraw = False
1413.0233 	EXP 	QA_rec_text: autoDraw = True
1430.9893 	EXP 	QA_rec_break: autoDraw = True
1432.9939 	EXP 	New trial (rep=17, index=0): None
1434.0563 	EXP 	QA_rec_text: autoDraw = False
1434.0563 	EXP 	QA_rec_break: autoDraw = False
1434.0563 	EXP 	QA_rec_text: autoDraw = True
1452.0570 	EXP 	QA_rec_break: autoDraw = True
1454.0285 	EXP 	New trial (rep=18, index=0): None
1455.0921 	EXP 	QA_rec_text: autoDraw = False
1455.0921 	EXP 	QA_rec_break: autoDraw = False
1455.0921 	EXP 	QA_rec_text: autoDraw = True
1473.0581 	EXP 	QA_rec_break: autoDraw = True
1475.0626 	EXP 	New trial (rep=19, index=0): None
1476.1417 	EXP 	QA_rec_text: autoDraw = False
1476.1417 	EXP 	QA_rec_break: autoDraw = False
1476.1417 	EXP 	QA_rec_text: autoDraw = True
1494.1425 	EXP 	QA_rec_break: autoDraw = True
1496.1137 	EXP 	New trial (rep=20, index=0): None
1497.1779 	EXP 	QA_rec_text: autoDraw = False
1497.1779 	EXP 	QA_rec_break: autoDraw = False
1497.1779 	EXP 	QA_rec_text: autoDraw = True
1515.1770 	EXP 	QA_rec_break: autoDraw = True
1517.1816 	EXP 	New trial (rep=21, index=0): None
1518.2454 	EXP 	QA_rec_text: autoDraw = False
1518.2454 	EXP 	QA_rec_break: autoDraw = False
1518.2454 	EXP 	QA_rec_text: autoDraw = True
1536.2447 	EXP 	QA_rec_break: autoDraw = True
1538.2493 	EXP 	New trial (rep=22, index=0): None
1539.3129 	EXP 	QA_rec_text: autoDraw = False
1539.3129 	EXP 	QA_rec_break: autoDraw = False
1539.3129 	EXP 	QA_rec_text: autoDraw = True
1557.3124 	EXP 	QA_rec_break: autoDraw = True
1559.3173 	EXP 	New trial (rep=23, index=0): None
1560.3793 	EXP 	QA_rec_text: autoDraw = False
1560.3793 	EXP 	QA_rec_break: autoDraw = False
1560.3793 	EXP 	QA_rec_text: autoDraw = True
1578.3802 	EXP 	QA_rec_break: autoDraw = True
1580.3512 	EXP 	New trial (rep=24, index=0): None
1581.4146 	EXP 	QA_rec_text: autoDraw = False
1581.4146 	EXP 	QA_rec_break: autoDraw = False
1581.4146 	EXP 	QA_rec_text: autoDraw = True
1599.3813 	EXP 	QA_rec_break: autoDraw = True
1603.4316 	EXP 	QA_rec_text: autoDraw = False
1603.4316 	EXP 	QA_rec_break: autoDraw = False
1603.4316 	EXP 	Pause_cont: text = 'Press [space] key to continue.'
1603.4316 	EXP 	Pause_cont: autoDraw = True
1606.7240 	EXP 	window1: mouseVisible = True
