32.8057 	EXP 	Created instruction_text = TextStim(__class__=<class 'psychopy.visual.text.TextStim'>, alignHoriz='center', alignVert='center', antialias=True, autoLog=True, bold=False, color=array([1., 1., 1.]), colorSpace='rgb', contrast=1.0, depth=-0.0, flipHoriz=False, flipVert=False, font='Arial', fontFiles=[], height=0.06, italic=False, languageStyle='LTR', name='instruction_text', opacity=1.0, ori=0.0, pos=array([0.5, 0.1]), rgb=array([1., 1., 1.]), text=str(...), units='norm', win=Window(...), wrapWidth=1)
33.0825 	EXP 	Created instruction_cont = TextStim(__class__=<class 'psychopy.visual.text.TextStim'>, alignHoriz='center', alignVert='center', antialias=True, autoLog=True, bold=False, color=array([1., 1., 1.]), colorSpace='rgb', contrast=1.0, depth=-3.0, flipHoriz=False, flipVert=False, font='Arial', fontFiles=[], height=0.06, italic=False, languageStyle='LTR', name='instruction_cont', opacity=1.0, ori=0.0, pos=array([ 0.5, -0.4]), rgb=array([1., 1., 1.]), text='          Press [space] key to continue.', units='norm', win=Window(...), wrapWidth=1)
33.0939 	EXP 	Created Artifact_intro_title = TextStim(__class__=<class 'psychopy.visual.text.TextStim'>, alignHoriz='center', alignVert='center', antialias=True, autoLog=True, bold=False, color=array([1., 1., 1.]), colorSpace='rgb', contrast=1.0, depth=-0.0, flipHoriz=False, flipVert=False, font='Arial', fontFiles=[], height=0.06, italic=False, languageStyle='LTR', name='Artifact_intro_title', opacity=1.0, ori=0.0, pos=array([0.5, 0.4]), rgb=array([1., 1., 1.]), text='Muscular signal recording', units='norm', win=Window(...), wrapWidth=1)
33.1052 	EXP 	Created Artifact_intro_text = TextStim(__class__=<class 'psychopy.visual.text.TextStim'>, alignHoriz='center', alignVert='center', antialias=True, autoLog=True, bold=False, color=array([1., 1., 1.]), colorSpace='rgb', contrast=1.0, depth=-1.0, flipHoriz=False, flipVert=False, font='Arial', fontFiles=[], height=0.06, italic=False, languageStyle='LTR', name='Artifact_intro_text', opacity=1.0, ori=0.0, pos=array([0.5, 0. ]), rgb=array([1., 1., 1.]), text=str(...), units='norm', win=Window(...), wrapWidth=1)
33.1169 	EXP 	Created Artifact_intro_cont = TextStim(__class__=<class 'psychopy.visual.text.TextStim'>, alignHoriz='center', alignVert='center', antialias=True, autoLog=True, bold=False, color=array([1., 1., 1.]), colorSpace='rgb', contrast=1.0, depth=-4.0, flipHoriz=False, flipVert=False, font='Arial', fontFiles=[], height=0.06, italic=False, languageStyle='LTR', name='Artifact_intro_cont', opacity=1.0, ori=0.0, pos=array([0.5, 0. ]), rgb=array([1., 1., 1.]), text='          Press [space] key to continue.', units='norm', win=Window(...), wrapWidth=1)
33.1175 	EXP 	Created Artifact_rec_text = TextStim(__class__=<class 'psychopy.visual.text.TextStim'>, alignHoriz='center', alignVert='center', antialias=True, autoLog=True, bold=False, color=array([1., 1., 1.]), colorSpace='rgb', contrast=1.0, depth=-0.0, flipHoriz=False, flipVert=False, font='Arial', fontFiles=[], height=0.06, italic=False, languageStyle='LTR', name='Artifact_rec_text', opacity=1.0, ori=0.0, pos=array([0.5, 0.4]), rgb=array([1., 1., 1.]), text='', units='norm', win=Window(...), wrapWidth=1)
33.1195 	EXP 	Created Artifact_rec_recording = TextStim(__class__=<class 'psychopy.visual.text.TextStim'>, alignHoriz='center', alignVert='center', antialias=True, autoLog=True, bold=False, color=array([1., 1., 1.]), colorSpace='rgb', contrast=1.0, depth=-4.0, flipHoriz=False, flipVert=False, font='Arial', fontFiles=[], height=0.06, italic=False, languageStyle='LTR', name='Artifact_rec_recording', opacity=1.0, ori=0.0, pos=array([ 0.5, -0.4]), rgb=array([1., 1., 1.]), text='', units='norm', win=Window(...), wrapWidth=1)
33.1224 	EXP 	Created Artifact_rec_break = TextStim(__class__=<class 'psychopy.visual.text.TextStim'>, alignHoriz='center', alignVert='center', antialias=True, autoLog=True, bold=False, color=array([1., 1., 1.]), colorSpace='rgb', contrast=1.0, depth=-6.0, flipHoriz=False, flipVert=False, font='Arial', fontFiles=[], height=0.06, italic=False, languageStyle='LTR', name='Artifact_rec_break', opacity=1.0, ori=0.0, pos=array([ 0.5, -0.4]), rgb=array([1., 1., 1.]), text='Short break', units='norm', win=Window(...), wrapWidth=1)
33.1273 	EXP 	Created Cali_de_pre_intro_title = TextStim(__class__=<class 'psychopy.visual.text.TextStim'>, alignHoriz='center', alignVert='center', antialias=True, autoLog=True, bold=False, color=array([1., 1., 1.]), colorSpace='rgb', contrast=1.0, depth=-0.0, flipHoriz=False, flipVert=False, font='Arial', fontFiles=[], height=0.06, italic=False, languageStyle='LTR', name='Cali_de_pre_intro_title', opacity=1.0, ori=0.0, pos=array([0.5, 0.4]), rgb=array([1., 1., 1.]), text='READ OUT BLOCK (GERMAN)', units='norm', win=Window(...), wrapWidth=1)
33.1351 	EXP 	Created Cali_de_pre_intro_text = TextStim(__class__=<class 'psychopy.visual.text.TextStim'>, alignHoriz='center', alignVert='center', antialias=True, autoLog=True, bold=False, color=array([1., 1., 1.]), colorSpace='rgb', contrast=1.0, depth=-1.0, flipHoriz=False, flipVert=False, font='Arial', fontFiles=[], height=0.06, italic=False, languageStyle='LTR', name='Cali_de_pre_intro_text', opacity=1.0, ori=0.0, pos=array([0.5, 0. ]), rgb=array([1., 1., 1.]), text=str(...), units='norm', win=Window(...), wrapWidth=1)
33.1400 	EXP 	Created Cali_de_pre_intro_cont = TextStim(__class__=<class 'psychopy.visual.text.TextStim'>, alignHoriz='center', alignVert='center', antialias=True, autoLog=True, bold=False, color=array([1., 1., 1.]), colorSpace='rgb', contrast=1.0, depth=-4.0, flipHoriz=False, flipVert=False, font='Arial', fontFiles=[], height=0.06, italic=False, languageStyle='LTR', name='Cali_de_pre_intro_cont', opacity=1.0, ori=0.0, pos=array([0.5, 0. ]), rgb=array([1., 1., 1.]), text='          Press [space] key to continue.', units='norm', win=Window(...), wrapWidth=1)
33.1405 	EXP 	Created Cali_de_pre_rec_text = TextStim(__class__=<class 'psychopy.visual.text.TextStim'>, alignHoriz='center', alignVert='center', antialias=True, autoLog=True, bold=False, color=array([1., 1., 1.]), colorSpace='rgb', contrast=1.0, depth=-0.0, flipHoriz=False, flipVert=False, font='Arial', fontFiles=[], height=0.06, italic=False, languageStyle='LTR', name='Cali_de_pre_rec_text', opacity=1.0, ori=0.0, pos=array([0.5, 0.4]), rgb=array([1., 1., 1.]), text='', units='norm', win=Window(...), wrapWidth=1)
33.1413 	EXP 	Created Cali_de_pre_rec_question_text = TextStim(__class__=<class 'psychopy.visual.text.TextStim'>, alignHoriz='center', alignVert='center', antialias=True, autoLog=True, bold=False, color=array([1., 1., 1.]), colorSpace='rgb', contrast=1.0, depth=-2.0, flipHoriz=False, flipVert=False, font='Arial', fontFiles=[], height=0.06, italic=False, languageStyle='LTR', name='Cali_de_pre_rec_question_text', opacity=1.0, ori=0.0, pos=array([0.5, 0. ]), rgb=array([1., 1., 1.]), text='', units='norm', win=Window(...), wrapWidth=1)
33.1434 	EXP 	Created Cali_de_pre_rec_break = TextStim(__class__=<class 'psychopy.visual.text.TextStim'>, alignHoriz='center', alignVert='center', antialias=True, autoLog=True, bold=False, color=array([1., 1., 1.]), colorSpace='rgb', contrast=1.0, depth=-6.0, flipHoriz=False, flipVert=False, font='Arial', fontFiles=[], height=0.06, italic=False, languageStyle='LTR', name='Cali_de_pre_rec_break', opacity=1.0, ori=0.0, pos=array([ 0.5, -0.4]), rgb=array([1., 1., 1.]), text='Short break', units='norm', win=Window(...), wrapWidth=1)
33.1438 	EXP 	Created fade_in_text = TextStim(__class__=<class 'psychopy.visual.text.TextStim'>, alignHoriz='center', alignVert='center', antialias=True, autoLog=True, bold=False, color=array([1., 1., 1.]), colorSpace='rgb', contrast=1.0, depth=-0.0, flipHoriz=False, flipVert=False, font='Arial', fontFiles=[], height=0.06, italic=False, languageStyle='LTR', name='fade_in_text', opacity=1.0, ori=0.0, pos=array([0.5, 0.4]), rgb=array([1., 1., 1.]), text='', units='norm', win=Window(...), wrapWidth=1)
33.1458 	EXP 	Created RS_intro_title = TextStim(__class__=<class 'psychopy.visual.text.TextStim'>, alignHoriz='center', alignVert='center', antialias=True, autoLog=True, bold=False, color=array([1., 1., 1.]), colorSpace='rgb', contrast=1.0, depth=-0.0, flipHoriz=False, flipVert=False, font='Arial', fontFiles=[], height=0.06, italic=False, languageStyle='LTR', name='RS_intro_title', opacity=1.0, ori=0.0, pos=array([0.5, 0.4]), rgb=array([1., 1., 1.]), text='REST STATE BLOCK', units='norm', win=Window(...), wrapWidth=1)
33.1515 	EXP 	Created RS_intro_text = TextStim(__class__=<class 'psychopy.visual.text.TextStim'>, alignHoriz='center', alignVert='center', antialias=True, autoLog=True, bold=False, color=array([1., 1., 1.]), colorSpace='rgb', contrast=1.0, depth=-1.0, flipHoriz=False, flipVert=False, font='Arial', fontFiles=[], height=0.06, italic=False, languageStyle='LTR', name='RS_intro_text', opacity=1.0, ori=0.0, pos=array([0.5, 0. ]), rgb=array([1., 1., 1.]), text=str(...), units='norm', win=Window(...), wrapWidth=1)
33.1563 	EXP 	Created RS_rec_text = TextStim(__class__=<class 'psychopy.visual.text.TextStim'>, alignHoriz='center', alignVert='center', antialias=True, autoLog=True, bold=False, color=array([1., 1., 1.]), colorSpace='rgb', contrast=1.0, depth=-0.0, flipHoriz=False, flipVert=False, font='Arial', fontFiles=[], height=0.06, italic=False, languageStyle='LTR', name='RS_rec_text', opacity=1.0, ori=0.0, pos=array([0.5, 0. ]), rgb=array([1., 1., 1.]), text=str(...), units='norm', win=Window(...), wrapWidth=1)
33.1585 	EXP 	Created QA_intro_title = TextStim(__class__=<class 'psychopy.visual.text.TextStim'>, alignHoriz='center', alignVert='center', antialias=True, autoLog=True, bold=False, color=array([1., 1., 1.]), colorSpace='rgb', contrast=1.0, depth=-0.0, flipHoriz=False, flipVert=False, font='Arial', fontFiles=[], height=0.06, italic=False, languageStyle='LTR', name='QA_intro_title', opacity=1.0, ori=0.0, pos=array([0.5, 0.5]), rgb=array([1., 1., 1.]), text='Q&A BLOCK', units='norm', win=Window(...), wrapWidth=1)
33.1676 	EXP 	Created QA_intro_text = TextStim(__class__=<class 'psychopy.visual.text.TextStim'>, alignHoriz='center', alignVert='center', antialias=True, autoLog=True, bold=False, color=array([1., 1., 1.]), colorSpace='rgb', contrast=1.0, depth=-1.0, flipHoriz=False, flipVert=False, font='Arial', fontFiles=[], height=0.06, italic=False, languageStyle='LTR', name='QA_intro_text', opacity=1.0, ori=0.0, pos=array([0.5, 0. ]), rgb=array([1., 1., 1.]), text=str(...), units='norm', win=Window(...), wrapWidth=1)
33.1719 	EXP 	Created QA_intro_cont = TextStim(__class__=<class 'psychopy.visual.text.TextStim'>, alignHoriz='center', alignVert='center', antialias=True, autoLog=True, bold=False, color=array([1., 1., 1.]), colorSpace='rgb', contrast=1.0, depth=-4.0, flipHoriz=False, flipVert=False, font='Arial', fontFiles=[], height=0.06, italic=False, languageStyle='LTR', name='QA_intro_cont', opacity=1.0, ori=0.0, pos=array([0.5, 0. ]), rgb=array([1., 1., 1.]), text='          Press [space] key to continue.', units='norm', win=Window(...), wrapWidth=1)
33.1747 	EXP 	Created QA_rec_text = TextStim(__class__=<class 'psychopy.visual.text.TextStim'>, alignHoriz='center', alignVert='center', antialias=True, autoLog=True, bold=False, color=array([1., 1., 1.]), colorSpace='rgb', contrast=1.0, depth=-0.0, flipHoriz=False, flipVert=False, font='Arial', fontFiles=[], height=0.06, italic=False, languageStyle='LTR', name='QA_rec_text', opacity=1.0, ori=0.0, pos=array([0.5, 0. ]), rgb=array([1., 1., 1.]), text=str(...), units='norm', win=Window(...), wrapWidth=1)
33.1784 	EXP 	Created QA_rec_break = TextStim(__class__=<class 'psychopy.visual.text.TextStim'>, alignHoriz='center', alignVert='center', antialias=True, autoLog=True, bold=False, color=array([1., 1., 1.]), colorSpace='rgb', contrast=1.0, depth=-6.0, flipHoriz=False, flipVert=False, font='Arial', fontFiles=[], height=0.06, italic=False, languageStyle='LTR', name='QA_rec_break', opacity=1.0, ori=0.0, pos=array([ 0.5, -0.4]), rgb=array([1., 1., 1.]), text='Short break', units='norm', win=Window(...), wrapWidth=1)
33.1826 	EXP 	Created Pause_cont = TextStim(__class__=<class 'psychopy.visual.text.TextStim'>, alignHoriz='center', alignVert='center', antialias=True, autoLog=True, bold=False, color=array([1., 1., 1.]), colorSpace='rgb', contrast=1.0, depth=-2.0, flipHoriz=False, flipVert=False, font='Arial', fontFiles=[], height=0.06, italic=False, languageStyle='LTR', name='Pause_cont', opacity=1.0, ori=0.0, pos=array([0.5, 0. ]), rgb=array([1., 1., 1.]), text=str(...), units='norm', win=Window(...), wrapWidth=1)
33.1847 	EXP 	Created Cali_de_post_intro_title = TextStim(__class__=<class 'psychopy.visual.text.TextStim'>, alignHoriz='center', alignVert='center', antialias=True, autoLog=True, bold=False, color=array([1., 1., 1.]), colorSpace='rgb', contrast=1.0, depth=-0.0, flipHoriz=False, flipVert=False, font='Arial', fontFiles=[], height=0.06, italic=False, languageStyle='LTR', name='Cali_de_post_intro_title', opacity=1.0, ori=0.0, pos=array([0.5, 0.4]), rgb=array([1., 1., 1.]), text='READ OUT BLOCK (GERMAN)', units='norm', win=Window(...), wrapWidth=1)
33.2265 	EXP 	Created Cali_de_post_intro_text = TextStim(__class__=<class 'psychopy.visual.text.TextStim'>, alignHoriz='center', alignVert='center', antialias=True, autoLog=True, bold=False, color=array([1., 1., 1.]), colorSpace='rgb', contrast=1.0, depth=-1.0, flipHoriz=False, flipVert=False, font='Arial', fontFiles=[], height=0.06, italic=False, languageStyle='LTR', name='Cali_de_post_intro_text', opacity=1.0, ori=0.0, pos=array([0.5, 0. ]), rgb=array([1., 1., 1.]), text=str(...), units='norm', win=Window(...), wrapWidth=1)
33.2314 	EXP 	Created Cali_de_post_intro_cont = TextStim(__class__=<class 'psychopy.visual.text.TextStim'>, alignHoriz='center', alignVert='center', antialias=True, autoLog=True, bold=False, color=array([1., 1., 1.]), colorSpace='rgb', contrast=1.0, depth=-4.0, flipHoriz=False, flipVert=False, font='Arial', fontFiles=[], height=0.06, italic=False, languageStyle='LTR', name='Cali_de_post_intro_cont', opacity=1.0, ori=0.0, pos=array([0.5, 0. ]), rgb=array([1., 1., 1.]), text='          Press [space] key to continue.', units='norm', win=Window(...), wrapWidth=1)
33.2319 	EXP 	Created Cali_de_post_rec_text = TextStim(__class__=<class 'psychopy.visual.text.TextStim'>, alignHoriz='center', alignVert='center', antialias=True, autoLog=True, bold=False, color=array([1., 1., 1.]), colorSpace='rgb', contrast=1.0, depth=-0.0, flipHoriz=False, flipVert=False, font='Arial', fontFiles=[], height=0.06, italic=False, languageStyle='LTR', name='Cali_de_post_rec_text', opacity=1.0, ori=0.0, pos=array([0.5, 0.4]), rgb=array([1., 1., 1.]), text='', units='norm', win=Window(...), wrapWidth=1)
33.2327 	EXP 	Created Cali_de_post_rec_question_text = TextStim(__class__=<class 'psychopy.visual.text.TextStim'>, alignHoriz='center', alignVert='center', antialias=True, autoLog=True, bold=False, color=array([1., 1., 1.]), colorSpace='rgb', contrast=1.0, depth=-2.0, flipHoriz=False, flipVert=False, font='Arial', fontFiles=[], height=0.06, italic=False, languageStyle='LTR', name='Cali_de_post_rec_question_text', opacity=1.0, ori=0.0, pos=array([0.5, 0. ]), rgb=array([1., 1., 1.]), text='', units='norm', win=Window(...), wrapWidth=1)
33.2347 	EXP 	Created Cali_de_post_rec_break = TextStim(__class__=<class 'psychopy.visual.text.TextStim'>, alignHoriz='center', alignVert='center', antialias=True, autoLog=True, bold=False, color=array([1., 1., 1.]), colorSpace='rgb', contrast=1.0, depth=-6.0, flipHoriz=False, flipVert=False, font='Arial', fontFiles=[], height=0.06, italic=False, languageStyle='LTR', name='Cali_de_post_rec_break', opacity=1.0, ori=0.0, pos=array([ 0.5, -0.4]), rgb=array([1., 1., 1.]), text='Short break', units='norm', win=Window(...), wrapWidth=1)
33.2381 	EXP 	Created the_end_text = TextStim(__class__=<class 'psychopy.visual.text.TextStim'>, alignHoriz='center', alignVert='center', antialias=True, autoLog=True, bold=False, color=array([1., 1., 1.]), colorSpace='rgb', contrast=1.0, depth=-1.0, flipHoriz=False, flipVert=False, font='Arial', fontFiles=[], height=0.06, italic=False, languageStyle='LTR', name='the_end_text', opacity=1.0, ori=0.0, pos=array([0.7, 0. ]), rgb=array([1., 1., 1.]), text=str(...), units='norm', win=Window(...), wrapWidth=1)
35.2427 	EXP 	Created sequence: random, trialTypes=1, nReps=4, seed=None
35.2436 	EXP 	New trial (rep=0, index=0): None
35.2441 	EXP 	New trial (rep=1, index=0): None
35.2446 	EXP 	New trial (rep=2, index=0): None
36.2654 	EXP 	fade_in_text: text = 'Please remain seated until further instruction via the earphone.'
36.2654 	EXP 	fade_in_text: autoDraw = True
42.2657 	EXP 	fade_in_text: autoDraw = False
42.2823 	EXP 	fade_in_text: autoDraw = True
48.2827 	EXP 	fade_in_text: autoDraw = True
48.2994 	EXP 	fade_in_text: autoDraw = True
48.3162 	EXP 	fade_in_text: autoDraw = True
48.3327 	EXP 	fade_in_text: autoDraw = True
48.3494 	EXP 	fade_in_text: autoDraw = True
48.3661 	EXP 	fade_in_text: autoDraw = True
48.3827 	EXP 	fade_in_text: autoDraw = True
48.3994 	EXP 	fade_in_text: autoDraw = True
48.4161 	EXP 	fade_in_text: autoDraw = True
48.4327 	EXP 	fade_in_text: autoDraw = True
48.4494 	EXP 	fade_in_text: autoDraw = True
48.4661 	EXP 	fade_in_text: autoDraw = True
48.4827 	EXP 	fade_in_text: autoDraw = True
48.4994 	EXP 	fade_in_text: autoDraw = True
48.5160 	EXP 	fade_in_text: autoDraw = True
48.5328 	EXP 	fade_in_text: autoDraw = True
48.5494 	EXP 	fade_in_text: autoDraw = True
48.5661 	EXP 	fade_in_text: autoDraw = True
48.5828 	EXP 	fade_in_text: autoDraw = True
48.5994 	EXP 	fade_in_text: autoDraw = True
48.6160 	EXP 	fade_in_text: autoDraw = True
48.6327 	EXP 	fade_in_text: autoDraw = True
48.6494 	EXP 	fade_in_text: autoDraw = True
48.6661 	EXP 	fade_in_text: autoDraw = True
48.6828 	EXP 	fade_in_text: autoDraw = True
48.6995 	EXP 	fade_in_text: autoDraw = True
48.7160 	EXP 	fade_in_text: autoDraw = True
48.7327 	EXP 	fade_in_text: autoDraw = True
48.7494 	EXP 	fade_in_text: autoDraw = True
48.7661 	EXP 	fade_in_text: autoDraw = True
48.7828 	EXP 	fade_in_text: autoDraw = True
48.7995 	EXP 	fade_in_text: autoDraw = True
48.8160 	EXP 	fade_in_text: autoDraw = True
48.8327 	EXP 	fade_in_text: autoDraw = True
48.8494 	EXP 	fade_in_text: autoDraw = True
48.8661 	EXP 	fade_in_text: autoDraw = True
48.8828 	EXP 	fade_in_text: autoDraw = True
48.8995 	EXP 	fade_in_text: autoDraw = True
48.9160 	EXP 	fade_in_text: autoDraw = True
48.9328 	EXP 	fade_in_text: autoDraw = True
48.9495 	EXP 	fade_in_text: autoDraw = True
48.9661 	EXP 	fade_in_text: autoDraw = True
48.9828 	EXP 	fade_in_text: autoDraw = True
48.9995 	EXP 	fade_in_text: autoDraw = True
49.0160 	EXP 	fade_in_text: autoDraw = True
49.0328 	EXP 	fade_in_text: autoDraw = True
49.0494 	EXP 	fade_in_text: autoDraw = True
49.0661 	EXP 	fade_in_text: autoDraw = True
49.0828 	EXP 	fade_in_text: autoDraw = True
49.0995 	EXP 	fade_in_text: autoDraw = True
49.1160 	EXP 	fade_in_text: autoDraw = True
49.1328 	EXP 	fade_in_text: autoDraw = True
49.1495 	EXP 	fade_in_text: autoDraw = True
49.1661 	EXP 	fade_in_text: autoDraw = True
49.1828 	EXP 	fade_in_text: autoDraw = True
49.1994 	EXP 	fade_in_text: autoDraw = True
49.2161 	EXP 	fade_in_text: autoDraw = True
49.2328 	EXP 	fade_in_text: autoDraw = True
49.2495 	EXP 	fade_in_text: autoDraw = True
49.2661 	EXP 	fade_in_text: autoDraw = True
49.2828 	EXP 	fade_in_text: autoDraw = True
49.2994 	EXP 	fade_in_text: autoDraw = True
49.3161 	EXP 	fade_in_text: autoDraw = True
49.3328 	EXP 	fade_in_text: autoDraw = True
49.3495 	EXP 	fade_in_text: autoDraw = True
49.3661 	EXP 	fade_in_text: autoDraw = True
49.3829 	EXP 	fade_in_text: autoDraw = True
49.3995 	EXP 	fade_in_text: autoDraw = True
49.4161 	EXP 	fade_in_text: autoDraw = True
49.4328 	EXP 	fade_in_text: autoDraw = True
49.4495 	EXP 	fade_in_text: autoDraw = True
49.4661 	EXP 	fade_in_text: autoDraw = True
49.4829 	EXP 	fade_in_text: autoDraw = True
49.4994 	EXP 	fade_in_text: autoDraw = True
49.5161 	EXP 	fade_in_text: autoDraw = True
49.5328 	EXP 	fade_in_text: autoDraw = True
49.5495 	EXP 	fade_in_text: autoDraw = True
49.5662 	EXP 	fade_in_text: autoDraw = True
49.5828 	EXP 	fade_in_text: autoDraw = True
49.5994 	EXP 	fade_in_text: autoDraw = True
49.6161 	EXP 	fade_in_text: autoDraw = True
49.6328 	EXP 	fade_in_text: autoDraw = True
49.6495 	EXP 	fade_in_text: autoDraw = True
49.6662 	EXP 	fade_in_text: autoDraw = True
49.6829 	EXP 	fade_in_text: autoDraw = True
49.6994 	EXP 	fade_in_text: autoDraw = True
49.7161 	EXP 	fade_in_text: autoDraw = True
49.7328 	EXP 	fade_in_text: autoDraw = True
49.7495 	EXP 	fade_in_text: autoDraw = True
49.7662 	EXP 	fade_in_text: autoDraw = True
49.7827 	EXP 	fade_in_text: autoDraw = True
49.7995 	EXP 	fade_in_text: autoDraw = True
49.8162 	EXP 	fade_in_text: autoDraw = True
49.8328 	EXP 	fade_in_text: autoDraw = True
49.8495 	EXP 	fade_in_text: autoDraw = True
49.8662 	EXP 	fade_in_text: autoDraw = True
49.8827 	EXP 	fade_in_text: autoDraw = True
49.8994 	EXP 	fade_in_text: autoDraw = True
49.9162 	EXP 	fade_in_text: autoDraw = True
49.9328 	EXP 	fade_in_text: autoDraw = True
49.9495 	EXP 	fade_in_text: autoDraw = True
49.9662 	EXP 	fade_in_text: autoDraw = True
49.9827 	EXP 	fade_in_text: autoDraw = True
49.9995 	EXP 	fade_in_text: autoDraw = True
50.0162 	EXP 	fade_in_text: autoDraw = True
50.0328 	EXP 	fade_in_text: autoDraw = True
50.0495 	EXP 	fade_in_text: autoDraw = True
50.0662 	EXP 	fade_in_text: autoDraw = True
50.0827 	EXP 	fade_in_text: autoDraw = True
50.0994 	EXP 	fade_in_text: autoDraw = True
50.1162 	EXP 	fade_in_text: autoDraw = True
50.1328 	EXP 	fade_in_text: autoDraw = True
50.1495 	EXP 	fade_in_text: autoDraw = True
50.1663 	EXP 	fade_in_text: autoDraw = True
50.1828 	EXP 	fade_in_text: autoDraw = True
50.1995 	EXP 	fade_in_text: autoDraw = True
50.2162 	EXP 	fade_in_text: autoDraw = True
50.2328 	EXP 	fade_in_text: autoDraw = True
50.2495 	EXP 	fade_in_text: autoDraw = True
50.2663 	EXP 	fade_in_text: autoDraw = True
50.2828 	EXP 	fade_in_text: autoDraw = True
50.2995 	EXP 	fade_in_text: autoDraw = True
50.3163 	EXP 	fade_in_text: autoDraw = True
50.3329 	EXP 	fade_in_text: autoDraw = True
50.3496 	EXP 	fade_in_text: autoDraw = True
50.3663 	EXP 	fade_in_text: autoDraw = True
50.3828 	EXP 	fade_in_text: autoDraw = True
50.3995 	EXP 	fade_in_text: autoDraw = True
50.4162 	EXP 	fade_in_text: autoDraw = True
50.4328 	EXP 	fade_in_text: autoDraw = True
50.4495 	EXP 	fade_in_text: autoDraw = True
50.4663 	EXP 	fade_in_text: autoDraw = True
50.4828 	EXP 	fade_in_text: autoDraw = True
50.4995 	EXP 	fade_in_text: autoDraw = True
50.5162 	EXP 	fade_in_text: autoDraw = True
50.5329 	EXP 	fade_in_text: autoDraw = True
50.5495 	EXP 	fade_in_text: autoDraw = True
50.5662 	EXP 	fade_in_text: autoDraw = True
50.5828 	EXP 	fade_in_text: autoDraw = True
50.5996 	EXP 	fade_in_text: autoDraw = True
50.6162 	EXP 	fade_in_text: autoDraw = True
50.6329 	EXP 	fade_in_text: autoDraw = True
50.6495 	EXP 	fade_in_text: autoDraw = True
50.6662 	EXP 	fade_in_text: autoDraw = True
50.6828 	EXP 	fade_in_text: autoDraw = True
50.6995 	EXP 	fade_in_text: autoDraw = True
50.7162 	EXP 	fade_in_text: autoDraw = True
50.7329 	EXP 	fade_in_text: autoDraw = True
50.7495 	EXP 	fade_in_text: autoDraw = True
50.7662 	EXP 	fade_in_text: autoDraw = True
50.7828 	EXP 	fade_in_text: autoDraw = True
50.7996 	EXP 	fade_in_text: autoDraw = True
50.8162 	EXP 	fade_in_text: autoDraw = True
50.8329 	EXP 	fade_in_text: autoDraw = True
50.8497 	EXP 	fade_in_text: autoDraw = True
50.8662 	EXP 	fade_in_text: autoDraw = True
50.8829 	EXP 	fade_in_text: autoDraw = True
50.8995 	EXP 	fade_in_text: autoDraw = True
50.9162 	EXP 	fade_in_text: autoDraw = True
50.9329 	EXP 	fade_in_text: autoDraw = True
50.9497 	EXP 	fade_in_text: autoDraw = True
50.9662 	EXP 	fade_in_text: autoDraw = True
50.9829 	EXP 	fade_in_text: autoDraw = True
50.9996 	EXP 	fade_in_text: autoDraw = True
51.0162 	EXP 	fade_in_text: autoDraw = True
51.0329 	EXP 	fade_in_text: autoDraw = True
51.0497 	EXP 	fade_in_text: autoDraw = True
51.0662 	EXP 	fade_in_text: autoDraw = True
51.0829 	EXP 	fade_in_text: autoDraw = True
51.0995 	EXP 	fade_in_text: autoDraw = True
51.1162 	EXP 	fade_in_text: autoDraw = True
51.1329 	EXP 	fade_in_text: autoDraw = True
51.1495 	EXP 	fade_in_text: autoDraw = True
51.1662 	EXP 	fade_in_text: autoDraw = True
51.1829 	EXP 	fade_in_text: autoDraw = True
51.1996 	EXP 	fade_in_text: autoDraw = True
51.2162 	EXP 	fade_in_text: autoDraw = True
51.2329 	EXP 	fade_in_text: autoDraw = True
51.2495 	EXP 	fade_in_text: autoDraw = True
51.2663 	EXP 	fade_in_text: autoDraw = True
51.2829 	EXP 	fade_in_text: autoDraw = True
51.2996 	EXP 	fade_in_text: autoDraw = True
51.3162 	EXP 	fade_in_text: autoDraw = True
51.3329 	EXP 	fade_in_text: autoDraw = True
51.3495 	EXP 	fade_in_text: autoDraw = True
51.3663 	EXP 	fade_in_text: autoDraw = True
51.3829 	EXP 	fade_in_text: autoDraw = True
51.3996 	EXP 	fade_in_text: autoDraw = True
51.4162 	EXP 	fade_in_text: autoDraw = True
51.4330 	EXP 	fade_in_text: autoDraw = True
51.4495 	EXP 	fade_in_text: autoDraw = True
51.4662 	EXP 	fade_in_text: autoDraw = True
51.4829 	EXP 	fade_in_text: autoDraw = True
51.4996 	EXP 	fade_in_text: autoDraw = True
51.5162 	EXP 	fade_in_text: autoDraw = True
51.5330 	EXP 	fade_in_text: autoDraw = True
51.5495 	EXP 	fade_in_text: autoDraw = True
51.5663 	EXP 	fade_in_text: autoDraw = True
51.5829 	EXP 	fade_in_text: autoDraw = True
51.5996 	EXP 	fade_in_text: autoDraw = True
51.6162 	EXP 	fade_in_text: autoDraw = True
51.6330 	EXP 	fade_in_text: autoDraw = True
51.6495 	EXP 	fade_in_text: autoDraw = True
51.6662 	EXP 	fade_in_text: autoDraw = True
51.6829 	EXP 	fade_in_text: autoDraw = True
51.6996 	EXP 	fade_in_text: autoDraw = True
51.7163 	EXP 	fade_in_text: autoDraw = True
51.7328 	EXP 	fade_in_text: autoDraw = True
51.7495 	EXP 	fade_in_text: autoDraw = True
51.7663 	EXP 	fade_in_text: autoDraw = True
51.7829 	EXP 	fade_in_text: autoDraw = True
51.7996 	EXP 	fade_in_text: autoDraw = True
51.8163 	EXP 	fade_in_text: autoDraw = True
51.8328 	EXP 	fade_in_text: autoDraw = True
51.8495 	EXP 	fade_in_text: autoDraw = True
51.8662 	EXP 	fade_in_text: autoDraw = True
51.8829 	EXP 	fade_in_text: autoDraw = True
51.8996 	EXP 	fade_in_text: autoDraw = True
51.9163 	EXP 	fade_in_text: autoDraw = True
51.9328 	EXP 	fade_in_text: autoDraw = True
51.9495 	EXP 	fade_in_text: autoDraw = True
51.9663 	EXP 	fade_in_text: autoDraw = True
51.9830 	EXP 	fade_in_text: autoDraw = True
51.9996 	EXP 	fade_in_text: autoDraw = True
52.0164 	EXP 	fade_in_text: autoDraw = True
52.0328 	EXP 	fade_in_text: autoDraw = True
52.0496 	EXP 	fade_in_text: autoDraw = True
52.0663 	EXP 	fade_in_text: autoDraw = True
52.0829 	EXP 	fade_in_text: autoDraw = True
52.0996 	EXP 	fade_in_text: autoDraw = True
52.1164 	EXP 	fade_in_text: autoDraw = True
52.1328 	EXP 	fade_in_text: autoDraw = True
52.1496 	EXP 	fade_in_text: autoDraw = True
52.1663 	EXP 	fade_in_text: autoDraw = True
52.1829 	EXP 	fade_in_text: autoDraw = True
52.1996 	EXP 	fade_in_text: autoDraw = True
52.2164 	EXP 	fade_in_text: autoDraw = True
52.2329 	EXP 	fade_in_text: autoDraw = True
52.2496 	EXP 	fade_in_text: autoDraw = True
52.2663 	EXP 	fade_in_text: autoDraw = True
52.2830 	EXP 	fade_in_text: autoDraw = True
52.2996 	EXP 	fade_in_text: autoDraw = True
52.3162 	EXP 	fade_in_text: autoDraw = True
52.3329 	EXP 	fade_in_text: autoDraw = True
52.3496 	EXP 	fade_in_text: autoDraw = True
52.3663 	EXP 	fade_in_text: autoDraw = True
52.3830 	EXP 	fade_in_text: autoDraw = True
52.3996 	EXP 	fade_in_text: autoDraw = True
52.4163 	EXP 	fade_in_text: autoDraw = True
52.4329 	EXP 	fade_in_text: autoDraw = True
52.4496 	EXP 	fade_in_text: autoDraw = True
52.4663 	EXP 	fade_in_text: autoDraw = True
52.4830 	EXP 	fade_in_text: autoDraw = True
52.4997 	EXP 	fade_in_text: autoDraw = True
52.5162 	EXP 	fade_in_text: autoDraw = True
52.5329 	EXP 	fade_in_text: autoDraw = True
52.5496 	EXP 	fade_in_text: autoDraw = True
52.5663 	EXP 	fade_in_text: autoDraw = True
52.5830 	EXP 	fade_in_text: autoDraw = True
52.5997 	EXP 	fade_in_text: autoDraw = True
52.6162 	EXP 	fade_in_text: autoDraw = True
52.6329 	EXP 	fade_in_text: autoDraw = True
52.6496 	EXP 	fade_in_text: autoDraw = True
52.6663 	EXP 	fade_in_text: autoDraw = True
52.6830 	EXP 	fade_in_text: autoDraw = True
52.6997 	EXP 	fade_in_text: autoDraw = True
52.7162 	EXP 	fade_in_text: autoDraw = True
52.7330 	EXP 	fade_in_text: autoDraw = True
52.7496 	EXP 	fade_in_text: autoDraw = True
52.7663 	EXP 	fade_in_text: autoDraw = True
52.7830 	EXP 	fade_in_text: autoDraw = True
52.7997 	EXP 	fade_in_text: autoDraw = True
52.8163 	EXP 	fade_in_text: autoDraw = True
52.8330 	EXP 	fade_in_text: autoDraw = True
52.8496 	EXP 	fade_in_text: autoDraw = True
52.8663 	EXP 	fade_in_text: autoDraw = True
52.8830 	EXP 	fade_in_text: autoDraw = True
52.8998 	EXP 	fade_in_text: autoDraw = True
52.9162 	EXP 	fade_in_text: autoDraw = True
52.9330 	EXP 	fade_in_text: autoDraw = True
52.9496 	EXP 	fade_in_text: autoDraw = True
52.9663 	EXP 	fade_in_text: autoDraw = True
52.9830 	EXP 	fade_in_text: autoDraw = True
52.9996 	EXP 	fade_in_text: autoDraw = True
53.0163 	EXP 	fade_in_text: autoDraw = True
53.0330 	EXP 	fade_in_text: autoDraw = True
53.0496 	EXP 	fade_in_text: autoDraw = True
53.0663 	EXP 	fade_in_text: autoDraw = True
53.0830 	EXP 	fade_in_text: autoDraw = True
53.0995 	EXP 	fade_in_text: autoDraw = True
53.1162 	EXP 	fade_in_text: autoDraw = True
53.1330 	EXP 	fade_in_text: autoDraw = True
53.1497 	EXP 	fade_in_text: autoDraw = True
53.1663 	EXP 	fade_in_text: autoDraw = True
53.1830 	EXP 	fade_in_text: autoDraw = True
53.1996 	EXP 	fade_in_text: autoDraw = True
53.2163 	EXP 	fade_in_text: autoDraw = True
53.2330 	EXP 	fade_in_text: autoDraw = True
53.2497 	EXP 	fade_in_text: autoDraw = True
53.2663 	EXP 	fade_in_text: autoDraw = True
53.2830 	EXP 	fade_in_text: autoDraw = True
53.2996 	EXP 	fade_in_text: autoDraw = True
53.3163 	EXP 	fade_in_text: autoDraw = True
53.3330 	EXP 	fade_in_text: autoDraw = True
53.3497 	EXP 	fade_in_text: autoDraw = True
53.3663 	EXP 	fade_in_text: autoDraw = True
53.3831 	EXP 	fade_in_text: autoDraw = True
53.3996 	EXP 	fade_in_text: autoDraw = True
53.4163 	EXP 	fade_in_text: autoDraw = True
53.4330 	EXP 	fade_in_text: autoDraw = True
53.4497 	EXP 	fade_in_text: autoDraw = True
53.4663 	EXP 	fade_in_text: autoDraw = True
53.4831 	EXP 	fade_in_text: autoDraw = True
53.4996 	EXP 	fade_in_text: autoDraw = True
53.5163 	EXP 	fade_in_text: autoDraw = True
53.5330 	EXP 	fade_in_text: autoDraw = True
53.5497 	EXP 	fade_in_text: autoDraw = True
53.5664 	EXP 	fade_in_text: autoDraw = True
53.5832 	EXP 	fade_in_text: autoDraw = True
53.5996 	EXP 	fade_in_text: autoDraw = True
53.6163 	EXP 	fade_in_text: autoDraw = True
53.6330 	EXP 	fade_in_text: autoDraw = True
53.6497 	EXP 	fade_in_text: autoDraw = True
53.6663 	EXP 	fade_in_text: autoDraw = True
53.6830 	EXP 	fade_in_text: autoDraw = True
53.6996 	EXP 	fade_in_text: autoDraw = True
53.7164 	EXP 	fade_in_text: autoDraw = True
53.7330 	EXP 	fade_in_text: autoDraw = True
53.7497 	EXP 	fade_in_text: autoDraw = True
53.7664 	EXP 	fade_in_text: autoDraw = True
53.7830 	EXP 	fade_in_text: autoDraw = True
53.7996 	EXP 	fade_in_text: autoDraw = True
53.8165 	EXP 	fade_in_text: autoDraw = True
53.8331 	EXP 	fade_in_text: autoDraw = True
53.8497 	EXP 	fade_in_text: autoDraw = True
53.8664 	EXP 	fade_in_text: autoDraw = True
53.8830 	EXP 	fade_in_text: autoDraw = True
53.8996 	EXP 	fade_in_text: autoDraw = True
53.9164 	EXP 	fade_in_text: autoDraw = True
53.9330 	EXP 	fade_in_text: autoDraw = True
53.9497 	EXP 	fade_in_text: autoDraw = True
53.9665 	EXP 	fade_in_text: autoDraw = True
53.9830 	EXP 	fade_in_text: autoDraw = True
53.9997 	EXP 	fade_in_text: autoDraw = True
54.0164 	EXP 	fade_in_text: autoDraw = True
54.0330 	EXP 	fade_in_text: autoDraw = True
54.0497 	EXP 	fade_in_text: autoDraw = True
54.0665 	EXP 	fade_in_text: autoDraw = True
54.0830 	EXP 	fade_in_text: autoDraw = True
54.0997 	EXP 	fade_in_text: autoDraw = True
54.1164 	EXP 	fade_in_text: autoDraw = True
54.1330 	EXP 	fade_in_text: autoDraw = True
54.1497 	EXP 	fade_in_text: autoDraw = True
54.1666 	EXP 	fade_in_text: autoDraw = True
54.1830 	EXP 	fade_in_text: autoDraw = True
54.1997 	EXP 	fade_in_text: autoDraw = True
54.2164 	EXP 	fade_in_text: autoDraw = True
54.2330 	EXP 	fade_in_text: autoDraw = True
54.2497 	EXP 	fade_in_text: autoDraw = True
54.2665 	EXP 	fade_in_text: autoDraw = True
54.2830 	EXP 	fade_in_text: autoDraw = True
54.2997 	EXP 	fade_in_text: autoDraw = True
54.3164 	EXP 	fade_in_text: autoDraw = True
54.3331 	EXP 	fade_in_text: autoDraw = True
54.3497 	EXP 	fade_in_text: autoDraw = True
54.3663 	EXP 	fade_in_text: autoDraw = True
54.3831 	EXP 	fade_in_text: autoDraw = True
54.3997 	EXP 	fade_in_text: autoDraw = True
54.4164 	EXP 	fade_in_text: autoDraw = True
54.4331 	EXP 	fade_in_text: autoDraw = True
54.4497 	EXP 	fade_in_text: autoDraw = True
54.4663 	EXP 	fade_in_text: autoDraw = True
54.4832 	EXP 	fade_in_text: autoDraw = True
54.4998 	EXP 	fade_in_text: autoDraw = True
54.5164 	EXP 	fade_in_text: autoDraw = True
54.5331 	EXP 	fade_in_text: autoDraw = True
54.5497 	EXP 	fade_in_text: autoDraw = True
54.5663 	EXP 	fade_in_text: autoDraw = True
54.5831 	EXP 	fade_in_text: autoDraw = True
54.5997 	EXP 	fade_in_text: autoDraw = True
54.6164 	EXP 	fade_in_text: autoDraw = True
54.6331 	EXP 	fade_in_text: autoDraw = True
54.6498 	EXP 	fade_in_text: autoDraw = True
54.6663 	EXP 	fade_in_text: autoDraw = True
54.6831 	EXP 	fade_in_text: autoDraw = True
54.6997 	EXP 	fade_in_text: autoDraw = True
54.7164 	EXP 	fade_in_text: autoDraw = True
54.7331 	EXP 	fade_in_text: autoDraw = True
54.7498 	EXP 	fade_in_text: autoDraw = True
54.7663 	EXP 	fade_in_text: autoDraw = True
54.7831 	EXP 	fade_in_text: autoDraw = True
54.7997 	EXP 	fade_in_text: autoDraw = True
54.8164 	EXP 	fade_in_text: autoDraw = True
54.8331 	EXP 	fade_in_text: autoDraw = True
54.8498 	EXP 	fade_in_text: autoDraw = True
54.8663 	EXP 	fade_in_text: autoDraw = True
54.8832 	EXP 	fade_in_text: autoDraw = True
54.8997 	EXP 	fade_in_text: autoDraw = True
54.9164 	EXP 	fade_in_text: autoDraw = True
54.9331 	EXP 	fade_in_text: autoDraw = True
54.9499 	EXP 	fade_in_text: autoDraw = True
54.9663 	EXP 	fade_in_text: autoDraw = True
54.9831 	EXP 	fade_in_text: autoDraw = True
54.9998 	EXP 	fade_in_text: autoDraw = True
55.0164 	EXP 	fade_in_text: autoDraw = True
55.0331 	EXP 	fade_in_text: autoDraw = True
55.0497 	EXP 	fade_in_text: autoDraw = True
55.0664 	EXP 	fade_in_text: autoDraw = True
55.0831 	EXP 	fade_in_text: autoDraw = True
55.0997 	EXP 	fade_in_text: autoDraw = True
55.1164 	EXP 	fade_in_text: autoDraw = True
55.1331 	EXP 	fade_in_text: autoDraw = True
55.1497 	EXP 	fade_in_text: autoDraw = True
55.1663 	EXP 	fade_in_text: autoDraw = True
55.1831 	EXP 	fade_in_text: autoDraw = True
55.1998 	EXP 	fade_in_text: autoDraw = True
55.2164 	EXP 	fade_in_text: autoDraw = True
55.2331 	EXP 	fade_in_text: autoDraw = True
55.2497 	EXP 	fade_in_text: autoDraw = True
55.2664 	EXP 	fade_in_text: autoDraw = True
55.2831 	EXP 	fade_in_text: autoDraw = True
55.2998 	EXP 	fade_in_text: autoDraw = True
55.3164 	EXP 	fade_in_text: autoDraw = True
55.3332 	EXP 	fade_in_text: autoDraw = True
55.3497 	EXP 	fade_in_text: autoDraw = True
55.3664 	EXP 	fade_in_text: autoDraw = True
55.3831 	EXP 	fade_in_text: autoDraw = True
55.3998 	EXP 	fade_in_text: autoDraw = True
55.4164 	EXP 	fade_in_text: autoDraw = True
55.4332 	EXP 	fade_in_text: autoDraw = True
55.4497 	EXP 	fade_in_text: autoDraw = True
55.4665 	EXP 	fade_in_text: autoDraw = True
55.4831 	EXP 	fade_in_text: autoDraw = True
55.4998 	EXP 	fade_in_text: autoDraw = True
55.5164 	EXP 	fade_in_text: autoDraw = True
55.5332 	EXP 	fade_in_text: autoDraw = True
55.5497 	EXP 	fade_in_text: autoDraw = True
55.5664 	EXP 	fade_in_text: autoDraw = True
55.5831 	EXP 	fade_in_text: autoDraw = True
55.5998 	EXP 	fade_in_text: autoDraw = True
55.6165 	EXP 	fade_in_text: autoDraw = True
55.6331 	EXP 	fade_in_text: autoDraw = True
55.6497 	EXP 	fade_in_text: autoDraw = True
55.6665 	EXP 	fade_in_text: autoDraw = True
55.6831 	EXP 	fade_in_text: autoDraw = True
55.6999 	EXP 	fade_in_text: autoDraw = True
55.7164 	EXP 	fade_in_text: autoDraw = True
55.7331 	EXP 	fade_in_text: autoDraw = True
55.7497 	EXP 	fade_in_text: autoDraw = True
55.7665 	EXP 	fade_in_text: autoDraw = True
55.7832 	EXP 	fade_in_text: autoDraw = True
55.7998 	EXP 	fade_in_text: autoDraw = True
55.8165 	EXP 	fade_in_text: autoDraw = True
55.8331 	EXP 	fade_in_text: autoDraw = True
55.8498 	EXP 	fade_in_text: autoDraw = True
55.8664 	EXP 	fade_in_text: autoDraw = True
55.8834 	EXP 	fade_in_text: autoDraw = True
55.9000 	EXP 	fade_in_text: autoDraw = True
55.9167 	EXP 	fade_in_text: autoDraw = True
55.9333 	EXP 	fade_in_text: autoDraw = True
55.9500 	EXP 	fade_in_text: autoDraw = True
55.9667 	EXP 	fade_in_text: autoDraw = True
55.9834 	EXP 	fade_in_text: autoDraw = True
56.0000 	EXP 	fade_in_text: autoDraw = True
56.0169 	EXP 	fade_in_text: autoDraw = True
56.0331 	EXP 	fade_in_text: autoDraw = True
56.0498 	EXP 	fade_in_text: autoDraw = True
56.0665 	EXP 	fade_in_text: autoDraw = True
56.0832 	EXP 	fade_in_text: autoDraw = True
56.0998 	EXP 	fade_in_text: autoDraw = True
56.1166 	EXP 	fade_in_text: autoDraw = True
56.1331 	EXP 	fade_in_text: autoDraw = True
56.1498 	EXP 	fade_in_text: autoDraw = True
56.1665 	EXP 	fade_in_text: autoDraw = True
56.1832 	EXP 	fade_in_text: autoDraw = True
56.1998 	EXP 	fade_in_text: autoDraw = True
56.2166 	EXP 	fade_in_text: autoDraw = True
56.2331 	EXP 	fade_in_text: autoDraw = True
56.2498 	EXP 	fade_in_text: autoDraw = True
56.2665 	EXP 	fade_in_text: autoDraw = True
56.2832 	EXP 	fade_in_text: autoDraw = True
56.2998 	EXP 	fade_in_text: autoDraw = True
56.3165 	EXP 	fade_in_text: autoDraw = True
56.3331 	EXP 	fade_in_text: autoDraw = True
56.3498 	EXP 	fade_in_text: autoDraw = True
56.3665 	EXP 	fade_in_text: autoDraw = True
56.3832 	EXP 	fade_in_text: autoDraw = True
56.3998 	EXP 	fade_in_text: autoDraw = True
56.4164 	EXP 	fade_in_text: autoDraw = True
56.4331 	EXP 	fade_in_text: autoDraw = True
56.4498 	EXP 	fade_in_text: autoDraw = True
56.4665 	EXP 	fade_in_text: autoDraw = True
56.4832 	EXP 	fade_in_text: autoDraw = True
56.4998 	EXP 	fade_in_text: autoDraw = True
56.5164 	EXP 	fade_in_text: autoDraw = True
56.5331 	EXP 	fade_in_text: autoDraw = True
56.5498 	EXP 	fade_in_text: autoDraw = True
56.5665 	EXP 	fade_in_text: autoDraw = True
56.5832 	EXP 	fade_in_text: autoDraw = True
56.5999 	EXP 	fade_in_text: autoDraw = True
56.6164 	EXP 	fade_in_text: autoDraw = True
56.6332 	EXP 	fade_in_text: autoDraw = True
56.6498 	EXP 	fade_in_text: autoDraw = True
56.6665 	EXP 	fade_in_text: autoDraw = True
56.6832 	EXP 	fade_in_text: autoDraw = True
56.7000 	EXP 	fade_in_text: autoDraw = True
56.7164 	EXP 	fade_in_text: autoDraw = True
56.7332 	EXP 	fade_in_text: autoDraw = True
56.7498 	EXP 	fade_in_text: autoDraw = True
56.7665 	EXP 	fade_in_text: autoDraw = True
56.7832 	EXP 	fade_in_text: autoDraw = True
56.7999 	EXP 	fade_in_text: autoDraw = True
56.8164 	EXP 	fade_in_text: autoDraw = True
56.8332 	EXP 	fade_in_text: autoDraw = True
56.8499 	EXP 	fade_in_text: autoDraw = True
56.8665 	EXP 	fade_in_text: autoDraw = True
56.8832 	EXP 	fade_in_text: autoDraw = True
56.9000 	EXP 	fade_in_text: autoDraw = True
56.9164 	EXP 	fade_in_text: autoDraw = True
56.9332 	EXP 	fade_in_text: autoDraw = True
56.9499 	EXP 	fade_in_text: autoDraw = True
56.9665 	EXP 	fade_in_text: autoDraw = True
56.9832 	EXP 	fade_in_text: autoDraw = True
56.9999 	EXP 	fade_in_text: autoDraw = True
57.0165 	EXP 	fade_in_text: autoDraw = True
57.0332 	EXP 	fade_in_text: autoDraw = True
57.0499 	EXP 	fade_in_text: autoDraw = True
57.0665 	EXP 	fade_in_text: autoDraw = True
57.0832 	EXP 	fade_in_text: autoDraw = True
57.0998 	EXP 	fade_in_text: autoDraw = True
57.1164 	EXP 	fade_in_text: autoDraw = True
57.1332 	EXP 	fade_in_text: autoDraw = True
57.1499 	EXP 	fade_in_text: autoDraw = True
57.1665 	EXP 	fade_in_text: autoDraw = True
57.1833 	EXP 	fade_in_text: autoDraw = True
57.1998 	EXP 	fade_in_text: autoDraw = True
57.2165 	EXP 	fade_in_text: autoDraw = True
57.2332 	EXP 	fade_in_text: autoDraw = True
57.2499 	EXP 	fade_in_text: autoDraw = True
57.2665 	EXP 	fade_in_text: autoDraw = True
57.2833 	EXP 	fade_in_text: autoDraw = True
57.2998 	EXP 	fade_in_text: autoDraw = True
57.3165 	EXP 	fade_in_text: autoDraw = True
57.3332 	EXP 	fade_in_text: autoDraw = True
57.3499 	EXP 	fade_in_text: autoDraw = True
57.3666 	EXP 	fade_in_text: autoDraw = True
57.3833 	EXP 	fade_in_text: autoDraw = True
57.3999 	EXP 	fade_in_text: autoDraw = True
57.4165 	EXP 	fade_in_text: autoDraw = True
57.4332 	EXP 	fade_in_text: autoDraw = True
57.4499 	EXP 	fade_in_text: autoDraw = True
57.4666 	EXP 	fade_in_text: autoDraw = True
57.4833 	EXP 	fade_in_text: autoDraw = True
57.4999 	EXP 	fade_in_text: autoDraw = True
57.5166 	EXP 	fade_in_text: autoDraw = True
57.5332 	EXP 	fade_in_text: autoDraw = True
57.5499 	EXP 	fade_in_text: autoDraw = True
57.5665 	EXP 	fade_in_text: autoDraw = True
57.5832 	EXP 	fade_in_text: autoDraw = True
57.5999 	EXP 	fade_in_text: autoDraw = True
57.6165 	EXP 	fade_in_text: autoDraw = True
57.6332 	EXP 	fade_in_text: autoDraw = True
57.6499 	EXP 	fade_in_text: autoDraw = True
57.6666 	EXP 	fade_in_text: autoDraw = True
57.6832 	EXP 	fade_in_text: autoDraw = True
57.6999 	EXP 	fade_in_text: autoDraw = True
57.7166 	EXP 	fade_in_text: autoDraw = True
57.7332 	EXP 	fade_in_text: autoDraw = True
57.7499 	EXP 	fade_in_text: autoDraw = True
57.7666 	EXP 	fade_in_text: autoDraw = True
57.7832 	EXP 	fade_in_text: autoDraw = True
57.7999 	EXP 	fade_in_text: autoDraw = True
57.8166 	EXP 	fade_in_text: autoDraw = True
57.8332 	EXP 	fade_in_text: autoDraw = True
57.8499 	EXP 	fade_in_text: autoDraw = True
57.8666 	EXP 	fade_in_text: autoDraw = True
57.8832 	EXP 	fade_in_text: autoDraw = True
57.8999 	EXP 	fade_in_text: autoDraw = True
57.9166 	EXP 	fade_in_text: autoDraw = True
57.9333 	EXP 	fade_in_text: autoDraw = True
57.9499 	EXP 	fade_in_text: autoDraw = True
57.9667 	EXP 	fade_in_text: autoDraw = True
57.9832 	EXP 	fade_in_text: autoDraw = True
57.9999 	EXP 	fade_in_text: autoDraw = True
58.0166 	EXP 	fade_in_text: autoDraw = True
58.0332 	EXP 	fade_in_text: autoDraw = True
58.0499 	EXP 	fade_in_text: autoDraw = True
58.0667 	EXP 	fade_in_text: autoDraw = True
58.0832 	EXP 	fade_in_text: autoDraw = True
58.0999 	EXP 	fade_in_text: autoDraw = True
58.1166 	EXP 	fade_in_text: autoDraw = True
58.1333 	EXP 	fade_in_text: autoDraw = True
58.1499 	EXP 	fade_in_text: autoDraw = True
58.1667 	EXP 	fade_in_text: autoDraw = True
58.1832 	EXP 	fade_in_text: autoDraw = True
58.1999 	EXP 	fade_in_text: autoDraw = True
58.2166 	EXP 	fade_in_text: autoDraw = True
58.2333 	EXP 	fade_in_text: autoDraw = True
58.2499 	EXP 	fade_in_text: autoDraw = True
58.2666 	EXP 	fade_in_text: autoDraw = True
58.2832 	EXP 	fade_in_text: autoDraw = True
58.3000 	EXP 	fade_in_text: autoDraw = True
58.3166 	EXP 	fade_in_text: autoDraw = True
58.3333 	EXP 	fade_in_text: autoDraw = True
58.3499 	EXP 	fade_in_text: autoDraw = True
58.3665 	EXP 	fade_in_text: autoDraw = True
58.3832 	EXP 	fade_in_text: autoDraw = True
58.4000 	EXP 	fade_in_text: autoDraw = True
58.4166 	EXP 	fade_in_text: autoDraw = True
58.4333 	EXP 	fade_in_text: autoDraw = True
58.4499 	EXP 	fade_in_text: autoDraw = True
58.4665 	EXP 	fade_in_text: autoDraw = True
58.4832 	EXP 	fade_in_text: autoDraw = True
58.4999 	EXP 	fade_in_text: autoDraw = True
58.5166 	EXP 	fade_in_text: autoDraw = True
58.5333 	EXP 	fade_in_text: autoDraw = True
58.5500 	EXP 	fade_in_text: autoDraw = True
58.5665 	EXP 	fade_in_text: autoDraw = True
58.5833 	EXP 	fade_in_text: autoDraw = True
58.6000 	EXP 	fade_in_text: autoDraw = True
58.6166 	EXP 	fade_in_text: autoDraw = True
58.6333 	EXP 	fade_in_text: autoDraw = True
58.6501 	EXP 	fade_in_text: autoDraw = True
58.6665 	EXP 	fade_in_text: autoDraw = True
58.6833 	EXP 	fade_in_text: autoDraw = True
58.6999 	EXP 	fade_in_text: autoDraw = True
58.7166 	EXP 	fade_in_text: autoDraw = True
58.7333 	EXP 	fade_in_text: autoDraw = True
58.7501 	EXP 	fade_in_text: autoDraw = True
58.7665 	EXP 	fade_in_text: autoDraw = True
58.7833 	EXP 	fade_in_text: autoDraw = True
58.8000 	EXP 	fade_in_text: autoDraw = True
58.8166 	EXP 	fade_in_text: autoDraw = True
58.8333 	EXP 	fade_in_text: autoDraw = True
58.8499 	EXP 	fade_in_text: autoDraw = True
58.8665 	EXP 	fade_in_text: autoDraw = True
58.8833 	EXP 	fade_in_text: autoDraw = True
58.8999 	EXP 	fade_in_text: autoDraw = True
58.9166 	EXP 	fade_in_text: autoDraw = True
58.9333 	EXP 	fade_in_text: autoDraw = True
58.9499 	EXP 	fade_in_text: autoDraw = True
58.9665 	EXP 	fade_in_text: autoDraw = True
58.9833 	EXP 	fade_in_text: autoDraw = True
59.0000 	EXP 	fade_in_text: autoDraw = True
59.0166 	EXP 	fade_in_text: autoDraw = True
59.0333 	EXP 	fade_in_text: autoDraw = True
59.0499 	EXP 	fade_in_text: autoDraw = True
59.0666 	EXP 	fade_in_text: autoDraw = True
59.0833 	EXP 	fade_in_text: autoDraw = True
59.1000 	EXP 	fade_in_text: autoDraw = True
59.1166 	EXP 	fade_in_text: autoDraw = True
59.1334 	EXP 	fade_in_text: autoDraw = True
59.1499 	EXP 	fade_in_text: autoDraw = True
59.1666 	EXP 	fade_in_text: autoDraw = True
59.1833 	EXP 	fade_in_text: autoDraw = True
59.2000 	EXP 	fade_in_text: autoDraw = True
59.2167 	EXP 	fade_in_text: autoDraw = True
59.2334 	EXP 	fade_in_text: autoDraw = True
59.2499 	EXP 	fade_in_text: autoDraw = True
59.2666 	EXP 	fade_in_text: autoDraw = True
59.2833 	EXP 	fade_in_text: autoDraw = True
59.3000 	EXP 	fade_in_text: autoDraw = True
59.3167 	EXP 	fade_in_text: autoDraw = True
59.3334 	EXP 	fade_in_text: autoDraw = True
59.3499 	EXP 	fade_in_text: autoDraw = True
59.3667 	EXP 	fade_in_text: autoDraw = True
59.3833 	EXP 	fade_in_text: autoDraw = True
59.4000 	EXP 	fade_in_text: autoDraw = True
59.4167 	EXP 	fade_in_text: autoDraw = True
59.4334 	EXP 	fade_in_text: autoDraw = True
59.4500 	EXP 	fade_in_text: autoDraw = True
59.4667 	EXP 	fade_in_text: autoDraw = True
59.4833 	EXP 	fade_in_text: autoDraw = True
59.5000 	EXP 	fade_in_text: autoDraw = True
59.5167 	EXP 	fade_in_text: autoDraw = True
59.5332 	EXP 	fade_in_text: autoDraw = True
59.5499 	EXP 	fade_in_text: autoDraw = True
59.5667 	EXP 	fade_in_text: autoDraw = True
59.5833 	EXP 	fade_in_text: autoDraw = True
59.6000 	EXP 	fade_in_text: autoDraw = True
59.6167 	EXP 	fade_in_text: autoDraw = True
59.6334 	EXP 	fade_in_text: autoDraw = True
59.6499 	EXP 	fade_in_text: autoDraw = True
59.6667 	EXP 	fade_in_text: autoDraw = True
59.6833 	EXP 	fade_in_text: autoDraw = True
59.7000 	EXP 	fade_in_text: autoDraw = True
59.7167 	EXP 	fade_in_text: autoDraw = True
59.7332 	EXP 	fade_in_text: autoDraw = True
59.7499 	EXP 	fade_in_text: autoDraw = True
59.7667 	EXP 	fade_in_text: autoDraw = True
59.7833 	EXP 	fade_in_text: autoDraw = True
59.8000 	EXP 	fade_in_text: autoDraw = True
59.8167 	EXP 	fade_in_text: autoDraw = True
59.8333 	EXP 	fade_in_text: autoDraw = True
59.8500 	EXP 	fade_in_text: autoDraw = True
59.8667 	EXP 	fade_in_text: autoDraw = True
59.8833 	EXP 	fade_in_text: autoDraw = True
59.9000 	EXP 	fade_in_text: autoDraw = True
59.9168 	EXP 	fade_in_text: autoDraw = True
59.9333 	EXP 	fade_in_text: autoDraw = True
59.9500 	EXP 	fade_in_text: autoDraw = True
59.9667 	EXP 	fade_in_text: autoDraw = True
59.9834 	EXP 	fade_in_text: autoDraw = True
60.0000 	EXP 	fade_in_text: autoDraw = True
60.0168 	EXP 	fade_in_text: autoDraw = True
60.0333 	EXP 	fade_in_text: autoDraw = True
60.0500 	EXP 	fade_in_text: autoDraw = True
60.0667 	EXP 	fade_in_text: autoDraw = True
60.0833 	EXP 	fade_in_text: autoDraw = True
60.1000 	EXP 	fade_in_text: autoDraw = True
60.1168 	EXP 	fade_in_text: autoDraw = True
60.1333 	EXP 	fade_in_text: autoDraw = True
60.1500 	EXP 	fade_in_text: autoDraw = True
60.1667 	EXP 	fade_in_text: autoDraw = True
60.1834 	EXP 	fade_in_text: autoDraw = True
60.2000 	EXP 	fade_in_text: autoDraw = True
60.2169 	EXP 	fade_in_text: autoDraw = True
60.2333 	EXP 	fade_in_text: autoDraw = True
60.2500 	EXP 	fade_in_text: autoDraw = True
60.2667 	EXP 	fade_in_text: autoDraw = True
60.2834 	EXP 	fade_in_text: autoDraw = True
60.3000 	EXP 	fade_in_text: autoDraw = True
60.3167 	EXP 	fade_in_text: autoDraw = True
60.3333 	EXP 	fade_in_text: autoDraw = True
60.3500 	EXP 	fade_in_text: autoDraw = True
60.3667 	EXP 	fade_in_text: autoDraw = True
60.3834 	EXP 	fade_in_text: autoDraw = True
60.4001 	EXP 	fade_in_text: autoDraw = True
60.4167 	EXP 	fade_in_text: autoDraw = True
60.4333 	EXP 	fade_in_text: autoDraw = True
60.4501 	EXP 	fade_in_text: autoDraw = True
60.4667 	EXP 	fade_in_text: autoDraw = True
60.4834 	EXP 	fade_in_text: autoDraw = True
60.5000 	EXP 	fade_in_text: autoDraw = True
60.5167 	EXP 	fade_in_text: autoDraw = True
60.5333 	EXP 	fade_in_text: autoDraw = True
60.5501 	EXP 	fade_in_text: autoDraw = True
60.5667 	EXP 	fade_in_text: autoDraw = True
60.5834 	EXP 	fade_in_text: autoDraw = True
60.6001 	EXP 	fade_in_text: autoDraw = True
60.6167 	EXP 	fade_in_text: autoDraw = True
60.6334 	EXP 	fade_in_text: autoDraw = True
60.6501 	EXP 	fade_in_text: autoDraw = True
60.6667 	EXP 	fade_in_text: autoDraw = True
60.6834 	EXP 	fade_in_text: autoDraw = True
60.7001 	EXP 	fade_in_text: autoDraw = True
60.7167 	EXP 	fade_in_text: autoDraw = True
60.7334 	EXP 	fade_in_text: autoDraw = True
60.7501 	EXP 	fade_in_text: autoDraw = True
60.7667 	EXP 	fade_in_text: autoDraw = True
60.7834 	EXP 	fade_in_text: autoDraw = True
60.8002 	EXP 	fade_in_text: autoDraw = True
60.8167 	EXP 	fade_in_text: autoDraw = True
60.8334 	EXP 	fade_in_text: autoDraw = True
60.8501 	EXP 	fade_in_text: autoDraw = True
60.8667 	EXP 	fade_in_text: autoDraw = True
60.8834 	EXP 	fade_in_text: autoDraw = True
60.9002 	EXP 	fade_in_text: autoDraw = True
60.9167 	EXP 	fade_in_text: autoDraw = True
60.9334 	EXP 	fade_in_text: autoDraw = True
60.9501 	EXP 	fade_in_text: autoDraw = True
60.9667 	EXP 	fade_in_text: autoDraw = True
60.9834 	EXP 	fade_in_text: autoDraw = True
61.0002 	EXP 	fade_in_text: autoDraw = True
61.0167 	EXP 	fade_in_text: autoDraw = True
61.0334 	EXP 	fade_in_text: autoDraw = True
61.0501 	EXP 	fade_in_text: autoDraw = True
61.0668 	EXP 	fade_in_text: autoDraw = True
61.0834 	EXP 	fade_in_text: autoDraw = True
61.1000 	EXP 	fade_in_text: autoDraw = True
61.1168 	EXP 	fade_in_text: autoDraw = True
61.1334 	EXP 	fade_in_text: autoDraw = True
61.1501 	EXP 	fade_in_text: autoDraw = True
61.1667 	EXP 	fade_in_text: autoDraw = True
61.1834 	EXP 	fade_in_text: autoDraw = True
61.2001 	EXP 	fade_in_text: autoDraw = True
61.2167 	EXP 	fade_in_text: autoDraw = True
61.2334 	EXP 	fade_in_text: autoDraw = True
61.2501 	EXP 	fade_in_text: autoDraw = True
61.2667 	EXP 	fade_in_text: autoDraw = True
61.2834 	EXP 	fade_in_text: autoDraw = True
61.3000 	EXP 	fade_in_text: autoDraw = True
61.3167 	EXP 	fade_in_text: autoDraw = True
61.3334 	EXP 	fade_in_text: autoDraw = True
61.3501 	EXP 	fade_in_text: autoDraw = True
61.3667 	EXP 	fade_in_text: autoDraw = True
61.3834 	EXP 	fade_in_text: autoDraw = True
61.4000 	EXP 	fade_in_text: autoDraw = True
61.4168 	EXP 	fade_in_text: autoDraw = True
61.4334 	EXP 	fade_in_text: autoDraw = True
61.4501 	EXP 	fade_in_text: autoDraw = True
61.4668 	EXP 	fade_in_text: autoDraw = True
61.4835 	EXP 	fade_in_text: autoDraw = True
61.5000 	EXP 	fade_in_text: autoDraw = True
61.5168 	EXP 	fade_in_text: autoDraw = True
61.5334 	EXP 	fade_in_text: autoDraw = True
61.5501 	EXP 	fade_in_text: autoDraw = True
61.5668 	EXP 	fade_in_text: autoDraw = True
61.5835 	EXP 	fade_in_text: autoDraw = True
61.6000 	EXP 	fade_in_text: autoDraw = True
61.6168 	EXP 	fade_in_text: autoDraw = True
61.6334 	EXP 	fade_in_text: autoDraw = True
61.6501 	EXP 	fade_in_text: autoDraw = True
61.6668 	EXP 	fade_in_text: autoDraw = True
61.6835 	EXP 	fade_in_text: autoDraw = True
61.7000 	EXP 	fade_in_text: autoDraw = True
61.7168 	EXP 	fade_in_text: autoDraw = True
61.7335 	EXP 	fade_in_text: autoDraw = True
61.7501 	EXP 	fade_in_text: autoDraw = True
61.7668 	EXP 	fade_in_text: autoDraw = True
61.7835 	EXP 	fade_in_text: autoDraw = True
61.8000 	EXP 	fade_in_text: autoDraw = True
61.8168 	EXP 	fade_in_text: autoDraw = True
61.8334 	EXP 	fade_in_text: autoDraw = True
61.8501 	EXP 	fade_in_text: autoDraw = True
61.8668 	EXP 	fade_in_text: autoDraw = True
61.8834 	EXP 	fade_in_text: autoDraw = True
61.9000 	EXP 	fade_in_text: autoDraw = True
61.9168 	EXP 	fade_in_text: autoDraw = True
61.9334 	EXP 	fade_in_text: autoDraw = True
61.9501 	EXP 	fade_in_text: autoDraw = True
61.9668 	EXP 	fade_in_text: autoDraw = True
61.9834 	EXP 	fade_in_text: autoDraw = True
62.0000 	EXP 	fade_in_text: autoDraw = True
62.0168 	EXP 	fade_in_text: autoDraw = True
62.0335 	EXP 	fade_in_text: autoDraw = True
62.0501 	EXP 	fade_in_text: autoDraw = True
62.0668 	EXP 	fade_in_text: autoDraw = True
62.0834 	EXP 	fade_in_text: autoDraw = True
62.1001 	EXP 	fade_in_text: autoDraw = True
62.1169 	EXP 	fade_in_text: autoDraw = True
62.1335 	EXP 	fade_in_text: autoDraw = True
62.1502 	EXP 	fade_in_text: autoDraw = True
62.1669 	EXP 	fade_in_text: autoDraw = True
62.1834 	EXP 	fade_in_text: autoDraw = True
62.2001 	EXP 	fade_in_text: autoDraw = True
62.2169 	EXP 	fade_in_text: autoDraw = True
62.2335 	EXP 	fade_in_text: autoDraw = True
62.2501 	EXP 	fade_in_text: autoDraw = True
62.2669 	EXP 	fade_in_text: autoDraw = True
62.2834 	EXP 	fade_in_text: autoDraw = True
62.3001 	EXP 	fade_in_text: autoDraw = True
62.3168 	EXP 	fade_in_text: autoDraw = True
62.3335 	EXP 	fade_in_text: autoDraw = True
62.3501 	EXP 	fade_in_text: autoDraw = True
62.3669 	EXP 	fade_in_text: autoDraw = True
62.3834 	EXP 	fade_in_text: autoDraw = True
62.4002 	EXP 	fade_in_text: autoDraw = True
62.4168 	EXP 	fade_in_text: autoDraw = True
62.4335 	EXP 	fade_in_text: autoDraw = True
62.4501 	EXP 	fade_in_text: autoDraw = True
62.4668 	EXP 	fade_in_text: autoDraw = True
62.4835 	EXP 	fade_in_text: autoDraw = True
62.5001 	EXP 	fade_in_text: autoDraw = True
62.5168 	EXP 	fade_in_text: autoDraw = True
62.5335 	EXP 	fade_in_text: autoDraw = True
62.5501 	EXP 	fade_in_text: autoDraw = True
62.5667 	EXP 	fade_in_text: autoDraw = True
62.5834 	EXP 	fade_in_text: autoDraw = True
62.6002 	EXP 	fade_in_text: autoDraw = True
62.6168 	EXP 	fade_in_text: autoDraw = True
62.6335 	EXP 	fade_in_text: autoDraw = True
62.6502 	EXP 	fade_in_text: autoDraw = True
62.6667 	EXP 	fade_in_text: autoDraw = True
62.6834 	EXP 	fade_in_text: autoDraw = True
62.7001 	EXP 	fade_in_text: autoDraw = True
62.7168 	EXP 	fade_in_text: autoDraw = True
62.7335 	EXP 	fade_in_text: autoDraw = True
62.7502 	EXP 	fade_in_text: autoDraw = True
62.7667 	EXP 	fade_in_text: autoDraw = True
62.7835 	EXP 	fade_in_text: autoDraw = True
62.8002 	EXP 	fade_in_text: autoDraw = True
62.8168 	EXP 	fade_in_text: autoDraw = True
62.8335 	EXP 	fade_in_text: autoDraw = True
62.8503 	EXP 	fade_in_text: autoDraw = True
62.8669 	EXP 	fade_in_text: autoDraw = True
62.8835 	EXP 	fade_in_text: autoDraw = True
62.9002 	EXP 	fade_in_text: autoDraw = True
62.9168 	EXP 	fade_in_text: autoDraw = True
62.9335 	EXP 	fade_in_text: autoDraw = True
62.9503 	EXP 	fade_in_text: autoDraw = True
62.9668 	EXP 	fade_in_text: autoDraw = True
62.9835 	EXP 	fade_in_text: autoDraw = True
63.0002 	EXP 	fade_in_text: autoDraw = True
63.0169 	EXP 	fade_in_text: autoDraw = True
63.0335 	EXP 	fade_in_text: autoDraw = True
63.0503 	EXP 	fade_in_text: autoDraw = True
63.0668 	EXP 	fade_in_text: autoDraw = True
63.0835 	EXP 	fade_in_text: autoDraw = True
63.1002 	EXP 	fade_in_text: autoDraw = True
63.1168 	EXP 	fade_in_text: autoDraw = True
63.1335 	EXP 	fade_in_text: autoDraw = True
63.1502 	EXP 	fade_in_text: autoDraw = True
63.1668 	EXP 	fade_in_text: autoDraw = True
63.1835 	EXP 	fade_in_text: autoDraw = True
63.2002 	EXP 	fade_in_text: autoDraw = True
63.2169 	EXP 	fade_in_text: autoDraw = True
63.2335 	EXP 	fade_in_text: autoDraw = True
63.2501 	EXP 	fade_in_text: autoDraw = True
63.2668 	EXP 	fade_in_text: autoDraw = True
63.2835 	EXP 	fade_in_text: autoDraw = True
63.3002 	EXP 	fade_in_text: autoDraw = True
63.3169 	EXP 	fade_in_text: autoDraw = True
63.3335 	EXP 	fade_in_text: autoDraw = True
63.3501 	EXP 	fade_in_text: autoDraw = True
63.3668 	EXP 	fade_in_text: autoDraw = True
63.3836 	EXP 	fade_in_text: autoDraw = True
63.4002 	EXP 	fade_in_text: autoDraw = True
63.4170 	EXP 	fade_in_text: autoDraw = True
63.4336 	EXP 	fade_in_text: autoDraw = True
63.4501 	EXP 	fade_in_text: autoDraw = True
63.4669 	EXP 	fade_in_text: autoDraw = True
63.4835 	EXP 	fade_in_text: autoDraw = True
63.5002 	EXP 	fade_in_text: autoDraw = True
63.5169 	EXP 	fade_in_text: autoDraw = True
63.5335 	EXP 	fade_in_text: autoDraw = True
63.5501 	EXP 	fade_in_text: autoDraw = True
63.5669 	EXP 	fade_in_text: autoDraw = True
63.5835 	EXP 	fade_in_text: autoDraw = True
63.6002 	EXP 	fade_in_text: autoDraw = True
63.6169 	EXP 	fade_in_text: autoDraw = True
63.6337 	EXP 	fade_in_text: autoDraw = True
63.6501 	EXP 	fade_in_text: autoDraw = True
63.6669 	EXP 	fade_in_text: autoDraw = True
63.6836 	EXP 	fade_in_text: autoDraw = True
63.7002 	EXP 	fade_in_text: autoDraw = True
63.7169 	EXP 	fade_in_text: autoDraw = True
63.7337 	EXP 	fade_in_text: autoDraw = True
63.7501 	EXP 	fade_in_text: autoDraw = True
63.7669 	EXP 	fade_in_text: autoDraw = True
63.7836 	EXP 	fade_in_text: autoDraw = True
63.8002 	EXP 	fade_in_text: autoDraw = True
63.8170 	EXP 	fade_in_text: autoDraw = True
63.8337 	EXP 	fade_in_text: autoDraw = True
63.8501 	EXP 	fade_in_text: autoDraw = True
63.8669 	EXP 	fade_in_text: autoDraw = True
63.8836 	EXP 	fade_in_text: autoDraw = True
63.9002 	EXP 	fade_in_text: autoDraw = True
63.9169 	EXP 	fade_in_text: autoDraw = True
63.9337 	EXP 	fade_in_text: autoDraw = True
63.9501 	EXP 	fade_in_text: autoDraw = True
63.9669 	EXP 	fade_in_text: autoDraw = True
63.9836 	EXP 	fade_in_text: autoDraw = True
64.0002 	EXP 	fade_in_text: autoDraw = True
64.0170 	EXP 	fade_in_text: autoDraw = True
64.0336 	EXP 	fade_in_text: autoDraw = True
64.0501 	EXP 	fade_in_text: autoDraw = True
64.0669 	EXP 	fade_in_text: autoDraw = True
64.0836 	EXP 	fade_in_text: autoDraw = True
64.1002 	EXP 	fade_in_text: autoDraw = True
64.1169 	EXP 	fade_in_text: autoDraw = True
64.1336 	EXP 	fade_in_text: autoDraw = True
64.1502 	EXP 	fade_in_text: autoDraw = True
64.1669 	EXP 	fade_in_text: autoDraw = True
64.1836 	EXP 	fade_in_text: autoDraw = True
64.2002 	EXP 	fade_in_text: autoDraw = True
64.2170 	EXP 	fade_in_text: autoDraw = True
64.2336 	EXP 	fade_in_text: autoDraw = True
64.2502 	EXP 	fade_in_text: autoDraw = True
64.2669 	EXP 	fade_in_text: autoDraw = True
64.2836 	EXP 	fade_in_text: autoDraw = True
64.3002 	EXP 	fade_in_text: autoDraw = True
64.3170 	EXP 	fade_in_text: autoDraw = True
64.3336 	EXP 	fade_in_text: autoDraw = True
64.3502 	EXP 	fade_in_text: autoDraw = True
64.3669 	EXP 	fade_in_text: autoDraw = True
64.3836 	EXP 	fade_in_text: autoDraw = True
64.4003 	EXP 	fade_in_text: autoDraw = True
64.4170 	EXP 	fade_in_text: autoDraw = True
64.4336 	EXP 	fade_in_text: autoDraw = True
64.4503 	EXP 	fade_in_text: autoDraw = True
64.4669 	EXP 	fade_in_text: autoDraw = True
64.4837 	EXP 	fade_in_text: autoDraw = True
64.5003 	EXP 	fade_in_text: autoDraw = True
64.5170 	EXP 	fade_in_text: autoDraw = True
64.5336 	EXP 	fade_in_text: autoDraw = True
64.5503 	EXP 	fade_in_text: autoDraw = True
64.5670 	EXP 	fade_in_text: autoDraw = True
64.5836 	EXP 	fade_in_text: autoDraw = True
64.6003 	EXP 	fade_in_text: autoDraw = True
64.6171 	EXP 	fade_in_text: autoDraw = True
64.6336 	EXP 	fade_in_text: autoDraw = True
64.6503 	EXP 	fade_in_text: autoDraw = True
64.6669 	EXP 	fade_in_text: autoDraw = True
64.6836 	EXP 	fade_in_text: autoDraw = True
64.7003 	EXP 	fade_in_text: autoDraw = True
64.7169 	EXP 	fade_in_text: autoDraw = True
64.7336 	EXP 	fade_in_text: autoDraw = True
64.7503 	EXP 	fade_in_text: autoDraw = True
64.7669 	EXP 	fade_in_text: autoDraw = True
64.7836 	EXP 	fade_in_text: autoDraw = True
64.8003 	EXP 	fade_in_text: autoDraw = True
64.8169 	EXP 	fade_in_text: autoDraw = True
64.8336 	EXP 	fade_in_text: autoDraw = True
64.8503 	EXP 	fade_in_text: autoDraw = True
64.8669 	EXP 	fade_in_text: autoDraw = True
64.8836 	EXP 	fade_in_text: autoDraw = True
64.9003 	EXP 	fade_in_text: autoDraw = True
64.9169 	EXP 	fade_in_text: autoDraw = True
64.9336 	EXP 	fade_in_text: autoDraw = True
64.9503 	EXP 	fade_in_text: autoDraw = True
64.9669 	EXP 	fade_in_text: autoDraw = True
64.9836 	EXP 	fade_in_text: autoDraw = True
65.0003 	EXP 	fade_in_text: autoDraw = True
65.0170 	EXP 	fade_in_text: autoDraw = True
65.0336 	EXP 	fade_in_text: autoDraw = True
65.0503 	EXP 	fade_in_text: autoDraw = True
65.0670 	EXP 	fade_in_text: autoDraw = True
65.0836 	EXP 	fade_in_text: autoDraw = True
65.1004 	EXP 	fade_in_text: autoDraw = True
65.1169 	EXP 	fade_in_text: autoDraw = True
65.1336 	EXP 	fade_in_text: autoDraw = True
65.1503 	EXP 	fade_in_text: autoDraw = True
65.1669 	EXP 	fade_in_text: autoDraw = True
65.1836 	EXP 	fade_in_text: autoDraw = True
65.2004 	EXP 	fade_in_text: autoDraw = True
65.2171 	EXP 	fade_in_text: autoDraw = True
65.2337 	EXP 	fade_in_text: autoDraw = True
65.2503 	EXP 	fade_in_text: autoDraw = True
65.2670 	EXP 	fade_in_text: autoDraw = True
65.2836 	EXP 	fade_in_text: autoDraw = True
65.3004 	EXP 	fade_in_text: autoDraw = True
65.3169 	EXP 	fade_in_text: autoDraw = True
65.3336 	EXP 	fade_in_text: autoDraw = True
65.3503 	EXP 	fade_in_text: autoDraw = True
65.3670 	EXP 	fade_in_text: autoDraw = True
65.3836 	EXP 	fade_in_text: autoDraw = True
65.4004 	EXP 	fade_in_text: autoDraw = True
65.4169 	EXP 	fade_in_text: autoDraw = True
65.4336 	EXP 	fade_in_text: autoDraw = True
65.4503 	EXP 	fade_in_text: autoDraw = True
65.4670 	EXP 	fade_in_text: autoDraw = True
65.4837 	EXP 	fade_in_text: autoDraw = True
65.5002 	EXP 	fade_in_text: autoDraw = True
65.5169 	EXP 	fade_in_text: autoDraw = True
65.5336 	EXP 	fade_in_text: autoDraw = True
65.5503 	EXP 	fade_in_text: autoDraw = True
65.5670 	EXP 	fade_in_text: autoDraw = True
65.5836 	EXP 	fade_in_text: autoDraw = True
65.6002 	EXP 	fade_in_text: autoDraw = True
65.6169 	EXP 	fade_in_text: autoDraw = True
65.6337 	EXP 	fade_in_text: autoDraw = True
65.6504 	EXP 	fade_in_text: autoDraw = True
65.6670 	EXP 	fade_in_text: autoDraw = True
65.6837 	EXP 	fade_in_text: autoDraw = True
65.7003 	EXP 	fade_in_text: autoDraw = True
65.7170 	EXP 	fade_in_text: autoDraw = True
65.7337 	EXP 	fade_in_text: autoDraw = True
65.7503 	EXP 	fade_in_text: autoDraw = True
65.7670 	EXP 	fade_in_text: autoDraw = True
65.7838 	EXP 	fade_in_text: autoDraw = True
65.8002 	EXP 	fade_in_text: autoDraw = True
65.8170 	EXP 	fade_in_text: autoDraw = True
65.8337 	EXP 	fade_in_text: autoDraw = True
65.8503 	EXP 	fade_in_text: autoDraw = True
65.8670 	EXP 	fade_in_text: autoDraw = True
65.8838 	EXP 	fade_in_text: autoDraw = True
65.9003 	EXP 	fade_in_text: autoDraw = True
65.9170 	EXP 	fade_in_text: autoDraw = True
65.9337 	EXP 	fade_in_text: autoDraw = True
65.9503 	EXP 	fade_in_text: autoDraw = True
65.9670 	EXP 	fade_in_text: autoDraw = True
65.9838 	EXP 	fade_in_text: autoDraw = True
66.0003 	EXP 	fade_in_text: autoDraw = True
66.0170 	EXP 	fade_in_text: autoDraw = True
66.0337 	EXP 	fade_in_text: autoDraw = True
66.0503 	EXP 	fade_in_text: autoDraw = True
66.0670 	EXP 	fade_in_text: autoDraw = True
66.0837 	EXP 	fade_in_text: autoDraw = True
66.1003 	EXP 	fade_in_text: autoDraw = True
66.1170 	EXP 	fade_in_text: autoDraw = True
66.1337 	EXP 	fade_in_text: autoDraw = True
66.1504 	EXP 	fade_in_text: autoDraw = True
66.1670 	EXP 	fade_in_text: autoDraw = True
66.1836 	EXP 	fade_in_text: autoDraw = True
66.2003 	EXP 	fade_in_text: autoDraw = True
66.2170 	EXP 	fade_in_text: autoDraw = True
66.2337 	EXP 	fade_in_text: autoDraw = True
66.2504 	EXP 	fade_in_text: autoDraw = True
66.2670 	EXP 	fade_in_text: autoDraw = True
68.3005 	EXP 	fade_in_text: autoDraw = False
68.3005 	EXP 	Artifact_intro_title: autoDraw = True
68.3005 	EXP 	Artifact_intro_text: autoDraw = True
93.0090 	DATA 	Keypress: space
94.6685 	EXP 	Artifact_intro_cont: autoDraw = True
95.6786 	EXP 	Created sequence: random, trialTypes=1, nReps=15, seed=None
95.6796 	EXP 	New trial (rep=0, index=0): None
96.7020 	EXP 	Artifact_intro_title: autoDraw = False
96.7020 	EXP 	Artifact_intro_text: autoDraw = False
96.7020 	EXP 	Artifact_intro_cont: autoDraw = False
96.7020 	EXP 	Artifact_rec_text: autoDraw = True
96.7020 	EXP 	Artifact_rec_text: text = ''
114.6863 	EXP 	Artifact_rec_break: autoDraw = True
115.6863 	EXP 	Artifact_rec_break: autoDraw = False
117.6890 	EXP 	New trial (rep=1, index=0): None
118.7198 	EXP 	Artifact_rec_text: autoDraw = False
118.7198 	EXP 	Artifact_rec_recording: autoDraw = False
118.7198 	EXP 	Artifact_rec_break: autoDraw = False
118.7198 	EXP 	Artifact_rec_text: autoDraw = True
136.6875 	EXP 	Artifact_rec_break: autoDraw = True
137.6877 	EXP 	Artifact_rec_break: autoDraw = False
139.7077 	EXP 	New trial (rep=2, index=0): None
140.7378 	EXP 	Artifact_rec_text: autoDraw = False
140.7378 	EXP 	Artifact_rec_recording: autoDraw = False
140.7378 	EXP 	Artifact_rec_break: autoDraw = False
140.7378 	EXP 	Artifact_rec_text: autoDraw = True
158.7055 	EXP 	Artifact_rec_break: autoDraw = True
159.7055 	EXP 	Artifact_rec_break: autoDraw = False
161.7249 	EXP 	New trial (rep=3, index=0): None
162.7561 	EXP 	Artifact_rec_text: autoDraw = False
162.7561 	EXP 	Artifact_rec_recording: autoDraw = False
162.7561 	EXP 	Artifact_rec_break: autoDraw = False
162.7561 	EXP 	Artifact_rec_text: autoDraw = True
180.7234 	EXP 	Artifact_rec_break: autoDraw = True
181.7233 	EXP 	Artifact_rec_break: autoDraw = False
183.7427 	EXP 	New trial (rep=4, index=0): None
184.7742 	EXP 	Artifact_rec_text: autoDraw = False
184.7742 	EXP 	Artifact_rec_recording: autoDraw = False
184.7742 	EXP 	Artifact_rec_break: autoDraw = False
184.7742 	EXP 	Artifact_rec_text: autoDraw = True
202.7411 	EXP 	Artifact_rec_break: autoDraw = True
203.7411 	EXP 	Artifact_rec_break: autoDraw = False
205.7612 	EXP 	New trial (rep=5, index=0): None
206.7913 	EXP 	Artifact_rec_text: autoDraw = False
206.7913 	EXP 	Artifact_rec_recording: autoDraw = False
206.7913 	EXP 	Artifact_rec_break: autoDraw = False
206.7913 	EXP 	Artifact_rec_text: autoDraw = True
224.7589 	EXP 	Artifact_rec_break: autoDraw = True
225.7589 	EXP 	Artifact_rec_break: autoDraw = False
227.7786 	EXP 	New trial (rep=6, index=0): None
228.8099 	EXP 	Artifact_rec_text: autoDraw = False
228.8099 	EXP 	Artifact_rec_recording: autoDraw = False
228.8099 	EXP 	Artifact_rec_break: autoDraw = False
228.8099 	EXP 	Artifact_rec_text: autoDraw = True
246.7769 	EXP 	Artifact_rec_break: autoDraw = True
247.7767 	EXP 	Artifact_rec_break: autoDraw = False
249.7962 	EXP 	New trial (rep=7, index=0): None
250.8268 	EXP 	Artifact_rec_text: autoDraw = False
250.8268 	EXP 	Artifact_rec_recording: autoDraw = False
250.8268 	EXP 	Artifact_rec_break: autoDraw = False
250.8268 	EXP 	Artifact_rec_text: autoDraw = True
268.7944 	EXP 	Artifact_rec_break: autoDraw = True
269.7946 	EXP 	Artifact_rec_break: autoDraw = False
271.8141 	EXP 	New trial (rep=8, index=0): None
272.8447 	EXP 	Artifact_rec_text: autoDraw = False
272.8447 	EXP 	Artifact_rec_recording: autoDraw = False
272.8447 	EXP 	Artifact_rec_break: autoDraw = False
272.8447 	EXP 	Artifact_rec_text: autoDraw = True
290.8124 	EXP 	Artifact_rec_break: autoDraw = True
291.8125 	EXP 	Artifact_rec_break: autoDraw = False
293.8322 	EXP 	New trial (rep=9, index=0): None
294.8626 	EXP 	Artifact_rec_text: autoDraw = False
294.8626 	EXP 	Artifact_rec_recording: autoDraw = False
294.8626 	EXP 	Artifact_rec_break: autoDraw = False
294.8626 	EXP 	Artifact_rec_text: autoDraw = True
312.8467 	EXP 	Artifact_rec_break: autoDraw = True
313.8470 	EXP 	Artifact_rec_break: autoDraw = False
315.8505 	EXP 	New trial (rep=10, index=0): None
316.8802 	EXP 	Artifact_rec_text: autoDraw = False
316.8802 	EXP 	Artifact_rec_recording: autoDraw = False
316.8802 	EXP 	Artifact_rec_break: autoDraw = False
316.8802 	EXP 	Artifact_rec_text: autoDraw = True
334.8647 	EXP 	Artifact_rec_break: autoDraw = True
335.8647 	EXP 	Artifact_rec_break: autoDraw = False
337.8685 	EXP 	New trial (rep=11, index=0): None
338.8981 	EXP 	Artifact_rec_text: autoDraw = False
338.8981 	EXP 	Artifact_rec_recording: autoDraw = False
338.8981 	EXP 	Artifact_rec_break: autoDraw = False
338.8981 	EXP 	Artifact_rec_text: autoDraw = True
356.8661 	EXP 	Artifact_rec_break: autoDraw = True
357.8657 	EXP 	Artifact_rec_break: autoDraw = False
359.8857 	EXP 	New trial (rep=12, index=0): None
360.9159 	EXP 	Artifact_rec_text: autoDraw = False
360.9159 	EXP 	Artifact_rec_recording: autoDraw = False
360.9159 	EXP 	Artifact_rec_break: autoDraw = False
360.9159 	EXP 	Artifact_rec_text: autoDraw = True
378.8835 	EXP 	Artifact_rec_break: autoDraw = True
379.8835 	EXP 	Artifact_rec_break: autoDraw = False
381.9031 	EXP 	New trial (rep=13, index=0): None
382.9336 	EXP 	Artifact_rec_text: autoDraw = False
382.9336 	EXP 	Artifact_rec_recording: autoDraw = False
382.9336 	EXP 	Artifact_rec_break: autoDraw = False
382.9336 	EXP 	Artifact_rec_text: autoDraw = True
400.9346 	EXP 	Artifact_rec_break: autoDraw = True
401.9680 	EXP 	Artifact_rec_break: autoDraw = False
403.9375 	EXP 	New trial (rep=14, index=0): None
404.9686 	EXP 	Artifact_rec_text: autoDraw = False
404.9686 	EXP 	Artifact_rec_recording: autoDraw = False
404.9686 	EXP 	Artifact_rec_break: autoDraw = False
404.9686 	EXP 	Artifact_rec_text: autoDraw = True
422.9693 	EXP 	Artifact_rec_break: autoDraw = True
424.0024 	EXP 	Artifact_rec_break: autoDraw = False
428.0196 	EXP 	Artifact_rec_text: autoDraw = False
428.0196 	EXP 	Artifact_rec_recording: autoDraw = False
428.0196 	EXP 	Artifact_rec_break: autoDraw = False
428.0196 	EXP 	RS_intro_title: autoDraw = True
428.0196 	EXP 	RS_intro_text: autoDraw = True
451.0874 	EXP 	RS_intro_title: autoDraw = False
451.0874 	EXP 	RS_intro_text: autoDraw = False
451.0874 	EXP 	RS_intro_title: autoDraw = False
451.0874 	EXP 	RS_intro_text: autoDraw = False
451.0874 	EXP 	RS_rec_text: text = 'Please keep relaxed and close your eyes.\n'
451.0874 	EXP 	RS_rec_text: autoDraw = True
631.1300 	EXP 	RS_rec_text: autoDraw = False
634.4641 	EXP 	RS_rec_text: autoDraw = False
634.4641 	EXP 	RS_intro_title: autoDraw = True
634.4641 	EXP 	RS_intro_text: autoDraw = True
657.5313 	EXP 	RS_intro_title: autoDraw = False
657.5313 	EXP 	RS_intro_text: autoDraw = False
657.5313 	EXP 	RS_intro_title: autoDraw = False
657.5313 	EXP 	RS_intro_text: autoDraw = False
657.5313 	EXP 	RS_rec_text: text = 'Please keep relaxed and open your eyes.\nNote: Blinking is allowed.'
657.5313 	EXP 	RS_rec_text: autoDraw = True
837.5740 	EXP 	RS_rec_text: autoDraw = False
840.9742 	EXP 	RS_rec_text: autoDraw = False
840.9742 	EXP 	Pause_cont: text = 'Press [space] key to continue.'
840.9742 	EXP 	Pause_cont: autoDraw = True
851.2629 	DATA 	Keypress: space
855.0589 	EXP 	Pause_cont: autoDraw = False
855.0589 	EXP 	QA_intro_title: autoDraw = True
855.0589 	EXP 	QA_intro_text: autoDraw = True
894.1822 	DATA 	Keypress: space
894.4437 	EXP 	QA_intro_cont: autoDraw = True
895.4686 	EXP 	Created sequence: random, trialTypes=1, nReps=2, seed=None
895.4692 	EXP 	New trial (rep=0, index=0): None
896.4725 	EXP 	Created sequence: random, trialTypes=1, nReps=25, seed=None
896.4735 	EXP 	New trial (rep=0, index=0): None
897.5275 	EXP 	QA_intro_title: autoDraw = False
897.5275 	EXP 	QA_intro_text: autoDraw = False
897.5275 	EXP 	QA_intro_cont: autoDraw = False
897.5275 	EXP 	QA_rec_text: autoDraw = True
915.5281 	EXP 	QA_rec_break: autoDraw = True
917.5006 	EXP 	New trial (rep=1, index=0): None
918.5455 	EXP 	QA_rec_text: autoDraw = False
918.5455 	EXP 	QA_rec_break: autoDraw = False
918.5455 	EXP 	QA_rec_text: autoDraw = True
936.5458 	EXP 	QA_rec_break: autoDraw = True
938.5502 	EXP 	New trial (rep=2, index=0): None
939.6128 	EXP 	QA_rec_text: autoDraw = False
939.6128 	EXP 	QA_rec_break: autoDraw = False
939.6128 	EXP 	QA_rec_text: autoDraw = True
957.6136 	EXP 	QA_rec_break: autoDraw = True
959.5846 	EXP 	New trial (rep=3, index=0): None
960.6486 	EXP 	QA_rec_text: autoDraw = False
960.6486 	EXP 	QA_rec_break: autoDraw = False
960.6486 	EXP 	QA_rec_text: autoDraw = True
978.6480 	EXP 	QA_rec_break: autoDraw = True
980.6526 	EXP 	New trial (rep=4, index=0): None
981.7155 	EXP 	QA_rec_text: autoDraw = False
981.7155 	EXP 	QA_rec_break: autoDraw = False
981.7155 	EXP 	QA_rec_text: autoDraw = True
999.7158 	EXP 	QA_rec_break: autoDraw = True
1001.6874 	EXP 	New trial (rep=5, index=0): None
1002.7499 	EXP 	QA_rec_text: autoDraw = False
1002.7499 	EXP 	QA_rec_break: autoDraw = False
1002.7499 	EXP 	QA_rec_text: autoDraw = True
1020.7503 	EXP 	QA_rec_break: autoDraw = True
1022.7213 	EXP 	New trial (rep=6, index=0): None
1023.7854 	EXP 	QA_rec_text: autoDraw = False
1023.7854 	EXP 	QA_rec_break: autoDraw = False
1023.7854 	EXP 	QA_rec_text: autoDraw = True
1041.7846 	EXP 	QA_rec_break: autoDraw = True
1043.7899 	EXP 	New trial (rep=7, index=0): None
1044.8352 	EXP 	QA_rec_text: autoDraw = False
1044.8352 	EXP 	QA_rec_break: autoDraw = False
1044.8352 	EXP 	QA_rec_text: autoDraw = True
1062.8357 	EXP 	QA_rec_break: autoDraw = True
1064.8403 	EXP 	New trial (rep=8, index=0): None
1065.9026 	EXP 	QA_rec_text: autoDraw = False
1065.9026 	EXP 	QA_rec_break: autoDraw = False
1065.9026 	EXP 	QA_rec_text: autoDraw = True
1083.9034 	EXP 	QA_rec_break: autoDraw = True
1085.8745 	EXP 	New trial (rep=9, index=0): None
1086.9537 	EXP 	QA_rec_text: autoDraw = False
1086.9537 	EXP 	QA_rec_break: autoDraw = False
1086.9537 	EXP 	QA_rec_text: autoDraw = True
1104.9544 	EXP 	QA_rec_break: autoDraw = True
1106.9265 	EXP 	New trial (rep=10, index=0): None
1107.9902 	EXP 	QA_rec_text: autoDraw = False
1107.9902 	EXP 	QA_rec_break: autoDraw = False
1107.9902 	EXP 	QA_rec_text: autoDraw = True
1125.9889 	EXP 	QA_rec_break: autoDraw = True
1127.9943 	EXP 	New trial (rep=11, index=0): None
1129.1392 	EXP 	QA_rec_text: autoDraw = False
1129.1392 	EXP 	QA_rec_break: autoDraw = False
1129.1392 	EXP 	QA_rec_text: autoDraw = True
1147.1234 	EXP 	QA_rec_break: autoDraw = True
1149.1280 	EXP 	New trial (rep=12, index=0): None
1150.2070 	EXP 	QA_rec_text: autoDraw = False
1150.2070 	EXP 	QA_rec_break: autoDraw = False
1150.2070 	EXP 	QA_rec_text: autoDraw = True
1168.1746 	EXP 	QA_rec_break: autoDraw = True
1170.1798 	EXP 	New trial (rep=13, index=0): None
1171.2420 	EXP 	QA_rec_text: autoDraw = False
1171.2420 	EXP 	QA_rec_break: autoDraw = False
1171.2420 	EXP 	QA_rec_text: autoDraw = True
1189.2423 	EXP 	QA_rec_break: autoDraw = True
1191.2134 	EXP 	New trial (rep=14, index=0): None
1192.2764 	EXP 	QA_rec_text: autoDraw = False
1192.2764 	EXP 	QA_rec_break: autoDraw = False
1192.2764 	EXP 	QA_rec_text: autoDraw = True
1210.2434 	EXP 	QA_rec_break: autoDraw = True
1212.2536 	EXP 	New trial (rep=15, index=0): None
1213.3102 	EXP 	QA_rec_text: autoDraw = False
1213.3102 	EXP 	QA_rec_break: autoDraw = False
1213.3102 	EXP 	QA_rec_text: autoDraw = True
1231.2778 	EXP 	QA_rec_break: autoDraw = True
1233.2824 	EXP 	New trial (rep=16, index=0): None
1234.3448 	EXP 	QA_rec_text: autoDraw = False
1234.3448 	EXP 	QA_rec_break: autoDraw = False
1234.3448 	EXP 	QA_rec_text: autoDraw = True
1252.3454 	EXP 	QA_rec_break: autoDraw = True
1254.3183 	EXP 	New trial (rep=17, index=0): None
1255.3807 	EXP 	QA_rec_text: autoDraw = False
1255.3807 	EXP 	QA_rec_break: autoDraw = False
1255.3807 	EXP 	QA_rec_text: autoDraw = True
1273.3799 	EXP 	QA_rec_break: autoDraw = True
1275.3512 	EXP 	New trial (rep=18, index=0): None
1276.4135 	EXP 	QA_rec_text: autoDraw = False
1276.4135 	EXP 	QA_rec_break: autoDraw = False
1276.4135 	EXP 	QA_rec_text: autoDraw = True
1294.3810 	EXP 	QA_rec_break: autoDraw = True
1296.3864 	EXP 	New trial (rep=19, index=0): None
1297.4480 	EXP 	QA_rec_text: autoDraw = False
1297.4480 	EXP 	QA_rec_break: autoDraw = False
1297.4480 	EXP 	QA_rec_text: autoDraw = True
1315.4488 	EXP 	QA_rec_break: autoDraw = True
1317.4200 	EXP 	New trial (rep=20, index=0): None
1318.4830 	EXP 	QA_rec_text: autoDraw = False
1318.4830 	EXP 	QA_rec_break: autoDraw = False
1318.4830 	EXP 	QA_rec_text: autoDraw = True
1336.4832 	EXP 	QA_rec_break: autoDraw = True
1338.4880 	EXP 	New trial (rep=21, index=0): None
1339.5518 	EXP 	QA_rec_text: autoDraw = False
1339.5518 	EXP 	QA_rec_break: autoDraw = False
1339.5518 	EXP 	QA_rec_text: autoDraw = True
1357.5178 	EXP 	QA_rec_break: autoDraw = True
1359.5222 	EXP 	New trial (rep=22, index=0): None
1360.5848 	EXP 	QA_rec_text: autoDraw = False
1360.5848 	EXP 	QA_rec_break: autoDraw = False
1360.5848 	EXP 	QA_rec_text: autoDraw = True
1378.5854 	EXP 	QA_rec_break: autoDraw = True
1380.5575 	EXP 	New trial (rep=23, index=0): None
1381.6211 	EXP 	QA_rec_text: autoDraw = False
1381.6211 	EXP 	QA_rec_break: autoDraw = False
1381.6211 	EXP 	QA_rec_text: autoDraw = True
1399.6199 	EXP 	QA_rec_break: autoDraw = True
1401.5918 	EXP 	New trial (rep=24, index=0): None
1402.6548 	EXP 	QA_rec_text: autoDraw = False
1402.6548 	EXP 	QA_rec_break: autoDraw = False
1402.6548 	EXP 	QA_rec_text: autoDraw = True
1420.6546 	EXP 	QA_rec_break: autoDraw = True
1424.6713 	EXP 	QA_rec_text: autoDraw = False
1424.6713 	EXP 	QA_rec_break: autoDraw = False
1424.6713 	EXP 	Pause_cont: text = 'Press [space] key to continue.'
1424.6713 	EXP 	Pause_cont: autoDraw = True
1447.1367 	DATA 	Keypress: space
1448.1918 	EXP 	New trial (rep=1, index=0): None
1449.1958 	EXP 	Created sequence: random, trialTypes=1, nReps=25, seed=None
1449.1969 	EXP 	New trial (rep=0, index=0): None
1450.2564 	EXP 	Pause_cont: autoDraw = False
1450.2564 	EXP 	QA_rec_text: autoDraw = True
1468.2568 	EXP 	QA_rec_break: autoDraw = True
1470.2284 	EXP 	New trial (rep=1, index=0): None
1471.2908 	EXP 	QA_rec_text: autoDraw = False
1471.2908 	EXP 	QA_rec_break: autoDraw = False
1471.2908 	EXP 	QA_rec_text: autoDraw = True
1489.2912 	EXP 	QA_rec_break: autoDraw = True
1491.2631 	EXP 	New trial (rep=2, index=0): None
1492.3257 	EXP 	QA_rec_text: autoDraw = False
1492.3257 	EXP 	QA_rec_break: autoDraw = False
1492.3257 	EXP 	QA_rec_text: autoDraw = True
1510.3256 	EXP 	QA_rec_break: autoDraw = True
1512.3302 	EXP 	New trial (rep=3, index=0): None
1513.3931 	EXP 	QA_rec_text: autoDraw = False
1513.3931 	EXP 	QA_rec_break: autoDraw = False
1513.3931 	EXP 	QA_rec_text: autoDraw = True
1531.3601 	EXP 	QA_rec_break: autoDraw = True
1533.3646 	EXP 	New trial (rep=4, index=0): None
1534.4270 	EXP 	QA_rec_text: autoDraw = False
1534.4270 	EXP 	QA_rec_break: autoDraw = False
1534.4270 	EXP 	QA_rec_text: autoDraw = True
1552.4111 	EXP 	QA_rec_break: autoDraw = True
1554.4161 	EXP 	New trial (rep=5, index=0): None
1555.4953 	EXP 	QA_rec_text: autoDraw = False
1555.4953 	EXP 	QA_rec_break: autoDraw = False
1555.4953 	EXP 	QA_rec_text: autoDraw = True
1573.4956 	EXP 	QA_rec_break: autoDraw = True
1575.4667 	EXP 	New trial (rep=6, index=0): None
1576.5291 	EXP 	QA_rec_text: autoDraw = False
1576.5291 	EXP 	QA_rec_break: autoDraw = False
1576.5291 	EXP 	QA_rec_text: autoDraw = True
1594.5300 	EXP 	QA_rec_break: autoDraw = True
1596.5011 	EXP 	New trial (rep=7, index=0): None
1597.5642 	EXP 	QA_rec_text: autoDraw = False
1597.5642 	EXP 	QA_rec_break: autoDraw = False
1597.5642 	EXP 	QA_rec_text: autoDraw = True
1615.5315 	EXP 	QA_rec_break: autoDraw = True
1617.5377 	EXP 	New trial (rep=8, index=0): None
1618.5996 	EXP 	QA_rec_text: autoDraw = False
1618.5996 	EXP 	QA_rec_break: autoDraw = False
1618.5996 	EXP 	QA_rec_text: autoDraw = True
1636.5989 	EXP 	QA_rec_break: autoDraw = True
1638.6062 	EXP 	New trial (rep=9, index=0): None
1639.6675 	EXP 	QA_rec_text: autoDraw = False
1639.6675 	EXP 	QA_rec_break: autoDraw = False
1639.6675 	EXP 	QA_rec_text: autoDraw = True
1657.6666 	EXP 	QA_rec_break: autoDraw = True
1659.6710 	EXP 	New trial (rep=10, index=0): None
1660.7340 	EXP 	QA_rec_text: autoDraw = False
1660.7340 	EXP 	QA_rec_break: autoDraw = False
1660.7340 	EXP 	QA_rec_text: autoDraw = True
1678.7344 	EXP 	QA_rec_break: autoDraw = True
1680.7046 	EXP 	New trial (rep=11, index=0): None
1681.7686 	EXP 	QA_rec_text: autoDraw = False
1681.7686 	EXP 	QA_rec_break: autoDraw = False
1681.7686 	EXP 	QA_rec_text: autoDraw = True
1699.7689 	EXP 	QA_rec_break: autoDraw = True
1701.7399 	EXP 	New trial (rep=12, index=0): None
1702.7874 	EXP 	QA_rec_text: autoDraw = False
1702.7874 	EXP 	QA_rec_break: autoDraw = False
1702.7874 	EXP 	QA_rec_text: autoDraw = True
1720.7866 	EXP 	QA_rec_break: autoDraw = True
1722.7913 	EXP 	New trial (rep=13, index=0): None
1723.8535 	EXP 	QA_rec_text: autoDraw = False
1723.8535 	EXP 	QA_rec_break: autoDraw = False
1723.8535 	EXP 	QA_rec_text: autoDraw = True
1741.8209 	EXP 	QA_rec_break: autoDraw = True
1743.8256 	EXP 	New trial (rep=14, index=0): None
1744.8879 	EXP 	QA_rec_text: autoDraw = False
1744.8879 	EXP 	QA_rec_break: autoDraw = False
1744.8879 	EXP 	QA_rec_text: autoDraw = True
1762.8888 	EXP 	QA_rec_break: autoDraw = True
1764.8599 	EXP 	New trial (rep=15, index=0): None
1765.9225 	EXP 	QA_rec_text: autoDraw = False
1765.9225 	EXP 	QA_rec_break: autoDraw = False
1765.9225 	EXP 	QA_rec_text: autoDraw = True
1783.9232 	EXP 	QA_rec_break: autoDraw = True
1785.8945 	EXP 	New trial (rep=16, index=0): None
1786.9583 	EXP 	QA_rec_text: autoDraw = False
1786.9583 	EXP 	QA_rec_break: autoDraw = False
1786.9583 	EXP 	QA_rec_text: autoDraw = True
1804.9579 	EXP 	QA_rec_break: autoDraw = True
1806.9675 	EXP 	New trial (rep=17, index=0): None
1808.0417 	EXP 	QA_rec_text: autoDraw = False
1808.0417 	EXP 	QA_rec_break: autoDraw = False
1808.0417 	EXP 	QA_rec_text: autoDraw = True
1826.0088 	EXP 	QA_rec_break: autoDraw = True
1828.0131 	EXP 	New trial (rep=18, index=0): None
1829.0762 	EXP 	QA_rec_text: autoDraw = False
1829.0762 	EXP 	QA_rec_break: autoDraw = False
1829.0762 	EXP 	QA_rec_text: autoDraw = True
1847.0765 	EXP 	QA_rec_break: autoDraw = True
1849.0480 	EXP 	New trial (rep=19, index=0): None
1850.1107 	EXP 	QA_rec_text: autoDraw = False
1850.1107 	EXP 	QA_rec_break: autoDraw = False
1850.1107 	EXP 	QA_rec_text: autoDraw = True
1868.0776 	EXP 	QA_rec_break: autoDraw = True
1870.0823 	EXP 	New trial (rep=20, index=0): None
1871.1451 	EXP 	QA_rec_text: autoDraw = False
1871.1451 	EXP 	QA_rec_break: autoDraw = False
1871.1451 	EXP 	QA_rec_text: autoDraw = True
1889.1121 	EXP 	QA_rec_break: autoDraw = True
1891.1165 	EXP 	New trial (rep=21, index=0): None
1892.1795 	EXP 	QA_rec_text: autoDraw = False
1892.1795 	EXP 	QA_rec_break: autoDraw = False
1892.1795 	EXP 	QA_rec_text: autoDraw = True
1910.1465 	EXP 	QA_rec_break: autoDraw = True
1912.1513 	EXP 	New trial (rep=22, index=0): None
1913.2140 	EXP 	QA_rec_text: autoDraw = False
1913.2140 	EXP 	QA_rec_break: autoDraw = False
1913.2140 	EXP 	QA_rec_text: autoDraw = True
1931.2143 	EXP 	QA_rec_break: autoDraw = True
1933.1854 	EXP 	New trial (rep=23, index=0): None
1934.2480 	EXP 	QA_rec_text: autoDraw = False
1934.2480 	EXP 	QA_rec_break: autoDraw = False
1934.2480 	EXP 	QA_rec_text: autoDraw = True
1952.2154 	EXP 	QA_rec_break: autoDraw = True
1954.2201 	EXP 	New trial (rep=24, index=0): None
1955.2837 	EXP 	QA_rec_text: autoDraw = False
1955.2837 	EXP 	QA_rec_break: autoDraw = False
1955.2837 	EXP 	QA_rec_text: autoDraw = True
1973.2834 	EXP 	QA_rec_break: autoDraw = True
1977.3001 	EXP 	QA_rec_text: autoDraw = False
1977.3001 	EXP 	QA_rec_break: autoDraw = False
1977.3001 	EXP 	Pause_cont: text = 'Press [space] key to continue.'
1977.3001 	EXP 	Pause_cont: autoDraw = True
1979.7572 	DATA 	Keypress: space
1984.7272 	DATA 	Keypress: space
1988.1574 	DATA 	Keypress: space
1994.3524 	EXP 	New trial (rep=3, index=0): None
1995.4520 	EXP 	window1: mouseVisible = True
