25.1713 	EXP 	Created instruction_text = TextStim(__class__=<class 'psychopy.visual.text.TextStim'>, alignHoriz='center', alignVert='center', antialias=True, autoLog=True, bold=False, color=array([1., 1., 1.]), colorSpace='rgb', contrast=1.0, depth=-0.0, flipHoriz=False, flipVert=False, font='Arial', fontFiles=[], height=0.06, italic=False, languageStyle='LTR', name='instruction_text', opacity=1.0, ori=0.0, pos=array([0.5, 0.1]), rgb=array([1., 1., 1.]), text=str(...), units='norm', win=Window(...), wrapWidth=1)
25.4601 	EXP 	Created instruction_cont = TextStim(__class__=<class 'psychopy.visual.text.TextStim'>, alignHoriz='center', alignVert='center', antialias=True, autoLog=True, bold=False, color=array([1., 1., 1.]), colorSpace='rgb', contrast=1.0, depth=-3.0, flipHoriz=False, flipVert=False, font='Arial', fontFiles=[], height=0.06, italic=False, languageStyle='LTR', name='instruction_cont', opacity=1.0, ori=0.0, pos=array([ 0.5, -0.4]), rgb=array([1., 1., 1.]), text='          Press [space] key to continue.', units='norm', win=Window(...), wrapWidth=1)
25.4727 	EXP 	Created Artifact_intro_title = TextStim(__class__=<class 'psychopy.visual.text.TextStim'>, alignHoriz='center', alignVert='center', antialias=True, autoLog=True, bold=False, color=array([1., 1., 1.]), colorSpace='rgb', contrast=1.0, depth=-0.0, flipHoriz=False, flipVert=False, font='Arial', fontFiles=[], height=0.06, italic=False, languageStyle='LTR', name='Artifact_intro_title', opacity=1.0, ori=0.0, pos=array([0.5, 0.4]), rgb=array([1., 1., 1.]), text='Muscular signal recording', units='norm', win=Window(...), wrapWidth=1)
25.4855 	EXP 	Created Artifact_intro_text = TextStim(__class__=<class 'psychopy.visual.text.TextStim'>, alignHoriz='center', alignVert='center', antialias=True, autoLog=True, bold=False, color=array([1., 1., 1.]), colorSpace='rgb', contrast=1.0, depth=-1.0, flipHoriz=False, flipVert=False, font='Arial', fontFiles=[], height=0.06, italic=False, languageStyle='LTR', name='Artifact_intro_text', opacity=1.0, ori=0.0, pos=array([0.5, 0. ]), rgb=array([1., 1., 1.]), text=str(...), units='norm', win=Window(...), wrapWidth=1)
25.4973 	EXP 	Created Artifact_intro_cont = TextStim(__class__=<class 'psychopy.visual.text.TextStim'>, alignHoriz='center', alignVert='center', antialias=True, autoLog=True, bold=False, color=array([1., 1., 1.]), colorSpace='rgb', contrast=1.0, depth=-4.0, flipHoriz=False, flipVert=False, font='Arial', fontFiles=[], height=0.06, italic=False, languageStyle='LTR', name='Artifact_intro_cont', opacity=1.0, ori=0.0, pos=array([0.5, 0. ]), rgb=array([1., 1., 1.]), text='          Press [space] key to continue.', units='norm', win=Window(...), wrapWidth=1)
25.4980 	EXP 	Created Artifact_rec_text = TextStim(__class__=<class 'psychopy.visual.text.TextStim'>, alignHoriz='center', alignVert='center', antialias=True, autoLog=True, bold=False, color=array([1., 1., 1.]), colorSpace='rgb', contrast=1.0, depth=-0.0, flipHoriz=False, flipVert=False, font='Arial', fontFiles=[], height=0.06, italic=False, languageStyle='LTR', name='Artifact_rec_text', opacity=1.0, ori=0.0, pos=array([0.5, 0.4]), rgb=array([1., 1., 1.]), text='', units='norm', win=Window(...), wrapWidth=1)
25.5002 	EXP 	Created Artifact_rec_recording = TextStim(__class__=<class 'psychopy.visual.text.TextStim'>, alignHoriz='center', alignVert='center', antialias=True, autoLog=True, bold=False, color=array([1., 1., 1.]), colorSpace='rgb', contrast=1.0, depth=-4.0, flipHoriz=False, flipVert=False, font='Arial', fontFiles=[], height=0.06, italic=False, languageStyle='LTR', name='Artifact_rec_recording', opacity=1.0, ori=0.0, pos=array([ 0.5, -0.4]), rgb=array([1., 1., 1.]), text='', units='norm', win=Window(...), wrapWidth=1)
25.5036 	EXP 	Created Artifact_rec_break = TextStim(__class__=<class 'psychopy.visual.text.TextStim'>, alignHoriz='center', alignVert='center', antialias=True, autoLog=True, bold=False, color=array([1., 1., 1.]), colorSpace='rgb', contrast=1.0, depth=-6.0, flipHoriz=False, flipVert=False, font='Arial', fontFiles=[], height=0.06, italic=False, languageStyle='LTR', name='Artifact_rec_break', opacity=1.0, ori=0.0, pos=array([ 0.5, -0.4]), rgb=array([1., 1., 1.]), text='Short break', units='norm', win=Window(...), wrapWidth=1)
25.5102 	EXP 	Created Cali_de_pre_intro_title = TextStim(__class__=<class 'psychopy.visual.text.TextStim'>, alignHoriz='center', alignVert='center', antialias=True, autoLog=True, bold=False, color=array([1., 1., 1.]), colorSpace='rgb', contrast=1.0, depth=-0.0, flipHoriz=False, flipVert=False, font='Arial', fontFiles=[], height=0.06, italic=False, languageStyle='LTR', name='Cali_de_pre_intro_title', opacity=1.0, ori=0.0, pos=array([0.5, 0.4]), rgb=array([1., 1., 1.]), text='READ OUT BLOCK (GERMAN)', units='norm', win=Window(...), wrapWidth=1)
25.5219 	EXP 	Created Cali_de_pre_intro_text = TextStim(__class__=<class 'psychopy.visual.text.TextStim'>, alignHoriz='center', alignVert='center', antialias=True, autoLog=True, bold=False, color=array([1., 1., 1.]), colorSpace='rgb', contrast=1.0, depth=-1.0, flipHoriz=False, flipVert=False, font='Arial', fontFiles=[], height=0.06, italic=False, languageStyle='LTR', name='Cali_de_pre_intro_text', opacity=1.0, ori=0.0, pos=array([0.5, 0. ]), rgb=array([1., 1., 1.]), text=str(...), units='norm', win=Window(...), wrapWidth=1)
25.5294 	EXP 	Created Cali_de_pre_intro_cont = TextStim(__class__=<class 'psychopy.visual.text.TextStim'>, alignHoriz='center', alignVert='center', antialias=True, autoLog=True, bold=False, color=array([1., 1., 1.]), colorSpace='rgb', contrast=1.0, depth=-4.0, flipHoriz=False, flipVert=False, font='Arial', fontFiles=[], height=0.06, italic=False, languageStyle='LTR', name='Cali_de_pre_intro_cont', opacity=1.0, ori=0.0, pos=array([0.5, 0. ]), rgb=array([1., 1., 1.]), text='          Press [space] key to continue.', units='norm', win=Window(...), wrapWidth=1)
25.5300 	EXP 	Created Cali_de_pre_rec_text = TextStim(__class__=<class 'psychopy.visual.text.TextStim'>, alignHoriz='center', alignVert='center', antialias=True, autoLog=True, bold=False, color=array([1., 1., 1.]), colorSpace='rgb', contrast=1.0, depth=-0.0, flipHoriz=False, flipVert=False, font='Arial', fontFiles=[], height=0.06, italic=False, languageStyle='LTR', name='Cali_de_pre_rec_text', opacity=1.0, ori=0.0, pos=array([0.5, 0.4]), rgb=array([1., 1., 1.]), text='', units='norm', win=Window(...), wrapWidth=1)
25.5312 	EXP 	Created Cali_de_pre_rec_question_text = TextStim(__class__=<class 'psychopy.visual.text.TextStim'>, alignHoriz='center', alignVert='center', antialias=True, autoLog=True, bold=False, color=array([1., 1., 1.]), colorSpace='rgb', contrast=1.0, depth=-2.0, flipHoriz=False, flipVert=False, font='Arial', fontFiles=[], height=0.06, italic=False, languageStyle='LTR', name='Cali_de_pre_rec_question_text', opacity=1.0, ori=0.0, pos=array([0.5, 0. ]), rgb=array([1., 1., 1.]), text='', units='norm', win=Window(...), wrapWidth=1)
25.5340 	EXP 	Created Cali_de_pre_rec_break = TextStim(__class__=<class 'psychopy.visual.text.TextStim'>, alignHoriz='center', alignVert='center', antialias=True, autoLog=True, bold=False, color=array([1., 1., 1.]), colorSpace='rgb', contrast=1.0, depth=-6.0, flipHoriz=False, flipVert=False, font='Arial', fontFiles=[], height=0.06, italic=False, languageStyle='LTR', name='Cali_de_pre_rec_break', opacity=1.0, ori=0.0, pos=array([ 0.5, -0.4]), rgb=array([1., 1., 1.]), text='Short break', units='norm', win=Window(...), wrapWidth=1)
25.5345 	EXP 	Created fade_in_text = TextStim(__class__=<class 'psychopy.visual.text.TextStim'>, alignHoriz='center', alignVert='center', antialias=True, autoLog=True, bold=False, color=array([1., 1., 1.]), colorSpace='rgb', contrast=1.0, depth=-0.0, flipHoriz=False, flipVert=False, font='Arial', fontFiles=[], height=0.06, italic=False, languageStyle='LTR', name='fade_in_text', opacity=1.0, ori=0.0, pos=array([0.5, 0.4]), rgb=array([1., 1., 1.]), text='', units='norm', win=Window(...), wrapWidth=1)
25.5370 	EXP 	Created RS_intro_title = TextStim(__class__=<class 'psychopy.visual.text.TextStim'>, alignHoriz='center', alignVert='center', antialias=True, autoLog=True, bold=False, color=array([1., 1., 1.]), colorSpace='rgb', contrast=1.0, depth=-0.0, flipHoriz=False, flipVert=False, font='Arial', fontFiles=[], height=0.06, italic=False, languageStyle='LTR', name='RS_intro_title', opacity=1.0, ori=0.0, pos=array([0.5, 0.4]), rgb=array([1., 1., 1.]), text='REST STATE BLOCK', units='norm', win=Window(...), wrapWidth=1)
25.5437 	EXP 	Created RS_intro_text = TextStim(__class__=<class 'psychopy.visual.text.TextStim'>, alignHoriz='center', alignVert='center', antialias=True, autoLog=True, bold=False, color=array([1., 1., 1.]), colorSpace='rgb', contrast=1.0, depth=-1.0, flipHoriz=False, flipVert=False, font='Arial', fontFiles=[], height=0.06, italic=False, languageStyle='LTR', name='RS_intro_text', opacity=1.0, ori=0.0, pos=array([0.5, 0. ]), rgb=array([1., 1., 1.]), text=str(...), units='norm', win=Window(...), wrapWidth=1)
25.5492 	EXP 	Created RS_rec_text = TextStim(__class__=<class 'psychopy.visual.text.TextStim'>, alignHoriz='center', alignVert='center', antialias=True, autoLog=True, bold=False, color=array([1., 1., 1.]), colorSpace='rgb', contrast=1.0, depth=-0.0, flipHoriz=False, flipVert=False, font='Arial', fontFiles=[], height=0.06, italic=False, languageStyle='LTR', name='RS_rec_text', opacity=1.0, ori=0.0, pos=array([0.5, 0. ]), rgb=array([1., 1., 1.]), text=str(...), units='norm', win=Window(...), wrapWidth=1)
25.5515 	EXP 	Created QA_intro_title = TextStim(__class__=<class 'psychopy.visual.text.TextStim'>, alignHoriz='center', alignVert='center', antialias=True, autoLog=True, bold=False, color=array([1., 1., 1.]), colorSpace='rgb', contrast=1.0, depth=-0.0, flipHoriz=False, flipVert=False, font='Arial', fontFiles=[], height=0.06, italic=False, languageStyle='LTR', name='QA_intro_title', opacity=1.0, ori=0.0, pos=array([0.5, 0.5]), rgb=array([1., 1., 1.]), text='Q&A BLOCK', units='norm', win=Window(...), wrapWidth=1)
25.5604 	EXP 	Created QA_intro_text = TextStim(__class__=<class 'psychopy.visual.text.TextStim'>, alignHoriz='center', alignVert='center', antialias=True, autoLog=True, bold=False, color=array([1., 1., 1.]), colorSpace='rgb', contrast=1.0, depth=-1.0, flipHoriz=False, flipVert=False, font='Arial', fontFiles=[], height=0.06, italic=False, languageStyle='LTR', name='QA_intro_text', opacity=1.0, ori=0.0, pos=array([0.5, 0. ]), rgb=array([1., 1., 1.]), text=str(...), units='norm', win=Window(...), wrapWidth=1)
25.5649 	EXP 	Created QA_intro_cont = TextStim(__class__=<class 'psychopy.visual.text.TextStim'>, alignHoriz='center', alignVert='center', antialias=True, autoLog=True, bold=False, color=array([1., 1., 1.]), colorSpace='rgb', contrast=1.0, depth=-4.0, flipHoriz=False, flipVert=False, font='Arial', fontFiles=[], height=0.06, italic=False, languageStyle='LTR', name='QA_intro_cont', opacity=1.0, ori=0.0, pos=array([0.5, 0. ]), rgb=array([1., 1., 1.]), text='          Press [space] key to continue.', units='norm', win=Window(...), wrapWidth=1)
25.5782 	EXP 	Created QA_rec_text = TextStim(__class__=<class 'psychopy.visual.text.TextStim'>, alignHoriz='center', alignVert='center', antialias=True, autoLog=True, bold=False, color=array([1., 1., 1.]), colorSpace='rgb', contrast=1.0, depth=-0.0, flipHoriz=False, flipVert=False, font='Arial', fontFiles=[], height=0.06, italic=False, languageStyle='LTR', name='QA_rec_text', opacity=1.0, ori=0.0, pos=array([0.5, 0. ]), rgb=array([1., 1., 1.]), text=str(...), units='norm', win=Window(...), wrapWidth=1)
25.5821 	EXP 	Created QA_rec_break = TextStim(__class__=<class 'psychopy.visual.text.TextStim'>, alignHoriz='center', alignVert='center', antialias=True, autoLog=True, bold=False, color=array([1., 1., 1.]), colorSpace='rgb', contrast=1.0, depth=-6.0, flipHoriz=False, flipVert=False, font='Arial', fontFiles=[], height=0.06, italic=False, languageStyle='LTR', name='QA_rec_break', opacity=1.0, ori=0.0, pos=array([ 0.5, -0.4]), rgb=array([1., 1., 1.]), text='Short break', units='norm', win=Window(...), wrapWidth=1)
25.5863 	EXP 	Created Pause_cont = TextStim(__class__=<class 'psychopy.visual.text.TextStim'>, alignHoriz='center', alignVert='center', antialias=True, autoLog=True, bold=False, color=array([1., 1., 1.]), colorSpace='rgb', contrast=1.0, depth=-2.0, flipHoriz=False, flipVert=False, font='Arial', fontFiles=[], height=0.06, italic=False, languageStyle='LTR', name='Pause_cont', opacity=1.0, ori=0.0, pos=array([0.5, 0. ]), rgb=array([1., 1., 1.]), text=str(...), units='norm', win=Window(...), wrapWidth=1)
25.5885 	EXP 	Created Cali_de_post_intro_title = TextStim(__class__=<class 'psychopy.visual.text.TextStim'>, alignHoriz='center', alignVert='center', antialias=True, autoLog=True, bold=False, color=array([1., 1., 1.]), colorSpace='rgb', contrast=1.0, depth=-0.0, flipHoriz=False, flipVert=False, font='Arial', fontFiles=[], height=0.06, italic=False, languageStyle='LTR', name='Cali_de_post_intro_title', opacity=1.0, ori=0.0, pos=array([0.5, 0.4]), rgb=array([1., 1., 1.]), text='READ OUT BLOCK (GERMAN)', units='norm', win=Window(...), wrapWidth=1)
25.6303 	EXP 	Created Cali_de_post_intro_text = TextStim(__class__=<class 'psychopy.visual.text.TextStim'>, alignHoriz='center', alignVert='center', antialias=True, autoLog=True, bold=False, color=array([1., 1., 1.]), colorSpace='rgb', contrast=1.0, depth=-1.0, flipHoriz=False, flipVert=False, font='Arial', fontFiles=[], height=0.06, italic=False, languageStyle='LTR', name='Cali_de_post_intro_text', opacity=1.0, ori=0.0, pos=array([0.5, 0. ]), rgb=array([1., 1., 1.]), text=str(...), units='norm', win=Window(...), wrapWidth=1)
25.6353 	EXP 	Created Cali_de_post_intro_cont = TextStim(__class__=<class 'psychopy.visual.text.TextStim'>, alignHoriz='center', alignVert='center', antialias=True, autoLog=True, bold=False, color=array([1., 1., 1.]), colorSpace='rgb', contrast=1.0, depth=-4.0, flipHoriz=False, flipVert=False, font='Arial', fontFiles=[], height=0.06, italic=False, languageStyle='LTR', name='Cali_de_post_intro_cont', opacity=1.0, ori=0.0, pos=array([0.5, 0. ]), rgb=array([1., 1., 1.]), text='          Press [space] key to continue.', units='norm', win=Window(...), wrapWidth=1)
25.6357 	EXP 	Created Cali_de_post_rec_text = TextStim(__class__=<class 'psychopy.visual.text.TextStim'>, alignHoriz='center', alignVert='center', antialias=True, autoLog=True, bold=False, color=array([1., 1., 1.]), colorSpace='rgb', contrast=1.0, depth=-0.0, flipHoriz=False, flipVert=False, font='Arial', fontFiles=[], height=0.06, italic=False, languageStyle='LTR', name='Cali_de_post_rec_text', opacity=1.0, ori=0.0, pos=array([0.5, 0.4]), rgb=array([1., 1., 1.]), text='', units='norm', win=Window(...), wrapWidth=1)
25.6366 	EXP 	Created Cali_de_post_rec_question_text = TextStim(__class__=<class 'psychopy.visual.text.TextStim'>, alignHoriz='center', alignVert='center', antialias=True, autoLog=True, bold=False, color=array([1., 1., 1.]), colorSpace='rgb', contrast=1.0, depth=-2.0, flipHoriz=False, flipVert=False, font='Arial', fontFiles=[], height=0.06, italic=False, languageStyle='LTR', name='Cali_de_post_rec_question_text', opacity=1.0, ori=0.0, pos=array([0.5, 0. ]), rgb=array([1., 1., 1.]), text='', units='norm', win=Window(...), wrapWidth=1)
25.6387 	EXP 	Created Cali_de_post_rec_break = TextStim(__class__=<class 'psychopy.visual.text.TextStim'>, alignHoriz='center', alignVert='center', antialias=True, autoLog=True, bold=False, color=array([1., 1., 1.]), colorSpace='rgb', contrast=1.0, depth=-6.0, flipHoriz=False, flipVert=False, font='Arial', fontFiles=[], height=0.06, italic=False, languageStyle='LTR', name='Cali_de_post_rec_break', opacity=1.0, ori=0.0, pos=array([ 0.5, -0.4]), rgb=array([1., 1., 1.]), text='Short break', units='norm', win=Window(...), wrapWidth=1)
25.6421 	EXP 	Created the_end_text = TextStim(__class__=<class 'psychopy.visual.text.TextStim'>, alignHoriz='center', alignVert='center', antialias=True, autoLog=True, bold=False, color=array([1., 1., 1.]), colorSpace='rgb', contrast=1.0, depth=-1.0, flipHoriz=False, flipVert=False, font='Arial', fontFiles=[], height=0.06, italic=False, languageStyle='LTR', name='the_end_text', opacity=1.0, ori=0.0, pos=array([0.7, 0. ]), rgb=array([1., 1., 1.]), text=str(...), units='norm', win=Window(...), wrapWidth=1)
25.6587 	EXP 	instruction_text: autoDraw = True
40.6426 	EXP 	instruction_cont: autoDraw = True
42.2428 	EXP 	instruction_text: autoDraw = False
42.2428 	EXP 	instruction_cont: autoDraw = False
42.2428 	EXP 	Artifact_intro_title: autoDraw = True
42.2428 	EXP 	Artifact_intro_text: autoDraw = True
68.6277 	EXP 	Artifact_intro_cont: autoDraw = True
69.6369 	EXP 	Created sequence: random, trialTypes=1, nReps=15, seed=None
69.6378 	EXP 	New trial (rep=0, index=0): None
70.6778 	EXP 	Artifact_intro_title: autoDraw = False
70.6778 	EXP 	Artifact_intro_text: autoDraw = False
70.6778 	EXP 	Artifact_intro_cont: autoDraw = False
70.6778 	EXP 	Artifact_rec_text: autoDraw = True
70.6778 	EXP 	Artifact_rec_text: text = ''
88.6621 	EXP 	Artifact_rec_break: autoDraw = True
89.6623 	EXP 	Artifact_rec_break: autoDraw = False
91.6656 	EXP 	New trial (rep=1, index=0): None
92.6956 	EXP 	Artifact_rec_text: autoDraw = False
92.6956 	EXP 	Artifact_rec_recording: autoDraw = False
92.6956 	EXP 	Artifact_rec_break: autoDraw = False
92.6956 	EXP 	Artifact_rec_text: autoDraw = True
110.6633 	EXP 	Artifact_rec_break: autoDraw = True
111.6633 	EXP 	Artifact_rec_break: autoDraw = False
113.6826 	EXP 	New trial (rep=2, index=0): None
114.7137 	EXP 	Artifact_rec_text: autoDraw = False
114.7137 	EXP 	Artifact_rec_recording: autoDraw = False
114.7137 	EXP 	Artifact_rec_break: autoDraw = False
114.7137 	EXP 	Artifact_rec_text: autoDraw = True
132.6978 	EXP 	Artifact_rec_break: autoDraw = True
133.6978 	EXP 	Artifact_rec_break: autoDraw = False
135.7069 	EXP 	New trial (rep=3, index=0): None
136.7316 	EXP 	Artifact_rec_text: autoDraw = False
136.7316 	EXP 	Artifact_rec_text: autoDraw = False
136.7316 	EXP 	Artifact_rec_recording: autoDraw = False
136.7316 	EXP 	Artifact_rec_break: autoDraw = False
136.7316 	EXP 	Artifact_rec_text: autoDraw = True
154.7155 	EXP 	Artifact_rec_break: autoDraw = True
155.7155 	EXP 	Artifact_rec_break: autoDraw = False
157.7248 	EXP 	New trial (rep=4, index=0): None
158.7489 	EXP 	Artifact_rec_text: autoDraw = False
158.7489 	EXP 	Artifact_rec_text: autoDraw = False
158.7489 	EXP 	Artifact_rec_recording: autoDraw = False
158.7489 	EXP 	Artifact_rec_break: autoDraw = False
158.7489 	EXP 	Artifact_rec_text: autoDraw = True
176.7333 	EXP 	Artifact_rec_break: autoDraw = True
177.7336 	EXP 	Artifact_rec_break: autoDraw = False
179.7368 	EXP 	New trial (rep=5, index=0): None
180.7669 	EXP 	Artifact_rec_text: autoDraw = False
180.7669 	EXP 	Artifact_rec_recording: autoDraw = False
180.7669 	EXP 	Artifact_rec_break: autoDraw = False
180.7669 	EXP 	Artifact_rec_text: autoDraw = True
198.7344 	EXP 	Artifact_rec_break: autoDraw = True
199.7346 	EXP 	Artifact_rec_break: autoDraw = False
201.7546 	EXP 	New trial (rep=6, index=0): None
202.7848 	EXP 	Artifact_rec_text: autoDraw = False
202.7848 	EXP 	Artifact_rec_recording: autoDraw = False
202.7848 	EXP 	Artifact_rec_break: autoDraw = False
202.7848 	EXP 	Artifact_rec_text: autoDraw = True
220.7523 	EXP 	Artifact_rec_break: autoDraw = True
221.7525 	EXP 	Artifact_rec_break: autoDraw = False
223.7718 	EXP 	New trial (rep=7, index=0): None
224.8192 	EXP 	Artifact_rec_text: autoDraw = False
224.8192 	EXP 	Artifact_rec_recording: autoDraw = False
224.8192 	EXP 	Artifact_rec_break: autoDraw = False
224.8192 	EXP 	Artifact_rec_text: autoDraw = True
242.7868 	EXP 	Artifact_rec_break: autoDraw = True
243.7870 	EXP 	Artifact_rec_break: autoDraw = False
245.8070 	EXP 	New trial (rep=8, index=0): None
246.8370 	EXP 	Artifact_rec_text: autoDraw = False
246.8370 	EXP 	Artifact_rec_recording: autoDraw = False
246.8370 	EXP 	Artifact_rec_break: autoDraw = False
246.8370 	EXP 	Artifact_rec_text: autoDraw = True
264.8044 	EXP 	Artifact_rec_break: autoDraw = True
265.8044 	EXP 	Artifact_rec_break: autoDraw = False
267.8239 	EXP 	New trial (rep=9, index=0): None
268.8547 	EXP 	Artifact_rec_text: autoDraw = False
268.8547 	EXP 	Artifact_rec_recording: autoDraw = False
268.8547 	EXP 	Artifact_rec_break: autoDraw = False
268.8547 	EXP 	Artifact_rec_text: autoDraw = True
286.8222 	EXP 	Artifact_rec_break: autoDraw = True
287.8222 	EXP 	Artifact_rec_break: autoDraw = False
289.8418 	EXP 	New trial (rep=10, index=0): None
290.8724 	EXP 	Artifact_rec_text: autoDraw = False
290.8724 	EXP 	Artifact_rec_recording: autoDraw = False
290.8724 	EXP 	Artifact_rec_break: autoDraw = False
290.8724 	EXP 	Artifact_rec_text: autoDraw = True
308.8399 	EXP 	Artifact_rec_break: autoDraw = True
309.8401 	EXP 	Artifact_rec_break: autoDraw = False
311.8595 	EXP 	New trial (rep=11, index=0): None
312.8903 	EXP 	Artifact_rec_text: autoDraw = False
312.8903 	EXP 	Artifact_rec_recording: autoDraw = False
312.8903 	EXP 	Artifact_rec_break: autoDraw = False
312.8903 	EXP 	Artifact_rec_text: autoDraw = True
330.8579 	EXP 	Artifact_rec_break: autoDraw = True
331.8579 	EXP 	Artifact_rec_break: autoDraw = False
333.8775 	EXP 	New trial (rep=12, index=0): None
334.9082 	EXP 	Artifact_rec_text: autoDraw = False
334.9082 	EXP 	Artifact_rec_recording: autoDraw = False
334.9082 	EXP 	Artifact_rec_break: autoDraw = False
334.9082 	EXP 	Artifact_rec_text: autoDraw = True
352.8759 	EXP 	Artifact_rec_break: autoDraw = True
353.8760 	EXP 	Artifact_rec_break: autoDraw = False
355.8962 	EXP 	New trial (rep=13, index=0): None
356.9261 	EXP 	Artifact_rec_text: autoDraw = False
356.9261 	EXP 	Artifact_rec_recording: autoDraw = False
356.9261 	EXP 	Artifact_rec_break: autoDraw = False
356.9261 	EXP 	Artifact_rec_text: autoDraw = True
374.8937 	EXP 	Artifact_rec_break: autoDraw = True
375.8938 	EXP 	Artifact_rec_break: autoDraw = False
377.9138 	EXP 	New trial (rep=14, index=0): None
378.9439 	EXP 	Artifact_rec_text: autoDraw = False
378.9439 	EXP 	Artifact_rec_recording: autoDraw = False
378.9439 	EXP 	Artifact_rec_break: autoDraw = False
378.9439 	EXP 	Artifact_rec_text: autoDraw = True
396.9115 	EXP 	Artifact_rec_break: autoDraw = True
397.9120 	EXP 	Artifact_rec_break: autoDraw = False
401.9618 	EXP 	Artifact_rec_text: autoDraw = False
401.9618 	EXP 	Artifact_rec_recording: autoDraw = False
401.9618 	EXP 	Artifact_rec_break: autoDraw = False
401.9618 	EXP 	Cali_de_pre_intro_title: autoDraw = True
401.9618 	EXP 	Cali_de_pre_intro_text: autoDraw = True
431.3466 	EXP 	Cali_de_pre_intro_cont: autoDraw = True
432.3632 	EXP 	Created sequence: random, trialTypes=1, nReps=10, seed=None
432.3635 	EXP 	New trial (rep=0, index=0): None
433.3968 	EXP 	Cali_de_pre_intro_title: autoDraw = False
433.3968 	EXP 	Cali_de_pre_intro_text: autoDraw = False
433.3968 	EXP 	Cali_de_pre_intro_cont: autoDraw = False
433.3968 	EXP 	Cali_de_pre_rec_question_text: text = 'Schwarzfahren ist ein strafbares Vergehen.'
433.3968 	EXP 	Cali_de_pre_rec_text: autoDraw = True
433.3968 	EXP 	Cali_de_pre_rec_text: text = ''
434.7635 	EXP 	Cali_de_pre_rec_question_text: autoDraw = True
450.3644 	EXP 	Cali_de_pre_rec_break: autoDraw = True
452.3645 	EXP 	Cali_de_pre_rec_question_text: autoDraw = False
452.3645 	EXP 	Cali_de_pre_rec_break: autoDraw = False
454.3857 	EXP 	New trial (rep=1, index=0): None
455.4146 	EXP 	Cali_de_pre_rec_text: autoDraw = False
455.4146 	EXP 	Cali_de_pre_rec_question_text: autoDraw = False
455.4146 	EXP 	Cali_de_pre_rec_break: autoDraw = False
455.4146 	EXP 	Cali_de_pre_rec_question_text: text = 'Er verkauft Herren- und Damenschuhe.'
455.4146 	EXP 	Cali_de_pre_rec_text: autoDraw = True
456.7977 	EXP 	Cali_de_pre_rec_question_text: autoDraw = True
472.4320 	EXP 	Cali_de_pre_rec_break: autoDraw = True
474.4321 	EXP 	Cali_de_pre_rec_question_text: autoDraw = False
474.4657 	EXP 	Cali_de_pre_rec_break: autoDraw = False
476.4026 	EXP 	New trial (rep=2, index=0): None
477.4489 	EXP 	Cali_de_pre_rec_text: autoDraw = False
477.4489 	EXP 	Cali_de_pre_rec_question_text: autoDraw = False
477.4489 	EXP 	Cali_de_pre_rec_break: autoDraw = False
477.4489 	EXP 	Cali_de_pre_rec_question_text: text = 'Lisa kann schon mit großen Zahlen rechnen.'
477.4489 	EXP 	Cali_de_pre_rec_text: autoDraw = True
478.8490 	EXP 	Cali_de_pre_rec_question_text: autoDraw = True
494.4331 	EXP 	Cali_de_pre_rec_break: autoDraw = True
496.4665 	EXP 	Cali_de_pre_rec_question_text: autoDraw = False
496.4665 	EXP 	Cali_de_pre_rec_break: autoDraw = False
498.4371 	EXP 	New trial (rep=3, index=0): None
499.4841 	EXP 	Cali_de_pre_rec_text: autoDraw = False
499.4841 	EXP 	Cali_de_pre_rec_question_text: autoDraw = False
499.4841 	EXP 	Cali_de_pre_rec_break: autoDraw = False
499.4841 	EXP 	Cali_de_pre_rec_question_text: text = 'Die Ärztin hat Andrea ein Rezept ausgestellt.'
499.4841 	EXP 	Cali_de_pre_rec_text: autoDraw = True
500.8834 	EXP 	Cali_de_pre_rec_question_text: autoDraw = True
516.4843 	EXP 	Cali_de_pre_rec_break: autoDraw = True
518.5177 	EXP 	Cali_de_pre_rec_question_text: autoDraw = False
518.5177 	EXP 	Cali_de_pre_rec_break: autoDraw = False
520.4554 	EXP 	New trial (rep=4, index=0): None
521.5013 	EXP 	Cali_de_pre_rec_text: autoDraw = False
521.5013 	EXP 	Cali_de_pre_rec_question_text: autoDraw = False
521.5013 	EXP 	Cali_de_pre_rec_break: autoDraw = False
521.5013 	EXP 	Cali_de_pre_rec_question_text: text = 'Entweder hat mir jemand die Geldtasche gestohlen oder ich habe sie verloren.'
521.5013 	EXP 	Cali_de_pre_rec_text: autoDraw = True
522.9013 	EXP 	Cali_de_pre_rec_question_text: autoDraw = True
538.5021 	EXP 	Cali_de_pre_rec_break: autoDraw = True
540.5355 	EXP 	Cali_de_pre_rec_question_text: autoDraw = False
540.5355 	EXP 	Cali_de_pre_rec_break: autoDraw = False
542.4724 	EXP 	New trial (rep=5, index=0): None
543.5191 	EXP 	Cali_de_pre_rec_text: autoDraw = False
543.5191 	EXP 	Cali_de_pre_rec_question_text: autoDraw = False
543.5191 	EXP 	Cali_de_pre_rec_break: autoDraw = False
543.5191 	EXP 	Cali_de_pre_rec_question_text: text = 'Im Kaffeehaus sitzen und Zeitung lesen, das gefällt den Österreichern.'
543.5191 	EXP 	Cali_de_pre_rec_text: autoDraw = True
544.9192 	EXP 	Cali_de_pre_rec_question_text: autoDraw = True
560.5200 	EXP 	Cali_de_pre_rec_break: autoDraw = True
562.5534 	EXP 	Cali_de_pre_rec_question_text: autoDraw = False
562.5534 	EXP 	Cali_de_pre_rec_break: autoDraw = False
564.4910 	EXP 	New trial (rep=6, index=0): None
565.5370 	EXP 	Cali_de_pre_rec_text: autoDraw = False
565.5370 	EXP 	Cali_de_pre_rec_question_text: autoDraw = False
565.5370 	EXP 	Cali_de_pre_rec_break: autoDraw = False
565.5370 	EXP 	Cali_de_pre_rec_question_text: text = 'Herr Becker fährt mit dem Zug nach Baden.'
565.5370 	EXP 	Cali_de_pre_rec_text: autoDraw = True
566.9370 	EXP 	Cali_de_pre_rec_question_text: autoDraw = True
582.5044 	EXP 	Cali_de_pre_rec_break: autoDraw = True
584.5378 	EXP 	Cali_de_pre_rec_break: autoDraw = False
584.5713 	EXP 	Cali_de_pre_rec_question_text: autoDraw = False
586.5085 	EXP 	New trial (rep=7, index=0): None
587.5553 	EXP 	Cali_de_pre_rec_text: autoDraw = False
587.5553 	EXP 	Cali_de_pre_rec_question_text: autoDraw = False
587.5553 	EXP 	Cali_de_pre_rec_break: autoDraw = False
587.5553 	EXP 	Cali_de_pre_rec_question_text: text = 'Mama hat einen Kuchen gebacken.'
587.5553 	EXP 	Cali_de_pre_rec_text: autoDraw = True
588.9214 	EXP 	Cali_de_pre_rec_question_text: autoDraw = True
604.5224 	EXP 	Cali_de_pre_rec_break: autoDraw = True
606.5557 	EXP 	Cali_de_pre_rec_question_text: autoDraw = False
606.5557 	EXP 	Cali_de_pre_rec_break: autoDraw = False
608.5265 	EXP 	New trial (rep=8, index=0): None
609.5726 	EXP 	Cali_de_pre_rec_text: autoDraw = False
609.5726 	EXP 	Cali_de_pre_rec_question_text: autoDraw = False
609.5726 	EXP 	Cali_de_pre_rec_break: autoDraw = False
609.5726 	EXP 	Cali_de_pre_rec_question_text: text = 'Können Sie mir auf Hundert Euro herausgeben?'
609.5726 	EXP 	Cali_de_pre_rec_text: autoDraw = True
610.9726 	EXP 	Cali_de_pre_rec_question_text: autoDraw = True
626.5735 	EXP 	Cali_de_pre_rec_break: autoDraw = True
628.6069 	EXP 	Cali_de_pre_rec_question_text: autoDraw = False
628.6069 	EXP 	Cali_de_pre_rec_break: autoDraw = False
630.5444 	EXP 	New trial (rep=9, index=0): None
631.5911 	EXP 	Cali_de_pre_rec_text: autoDraw = False
631.5911 	EXP 	Cali_de_pre_rec_question_text: autoDraw = False
631.5911 	EXP 	Cali_de_pre_rec_break: autoDraw = False
631.5911 	EXP 	Cali_de_pre_rec_question_text: text = 'Ja, das Wasser aus der Leitung kann man trinken.'
631.5911 	EXP 	Cali_de_pre_rec_text: autoDraw = True
632.9905 	EXP 	Cali_de_pre_rec_question_text: autoDraw = True
648.5912 	EXP 	Cali_de_pre_rec_break: autoDraw = True
650.6247 	EXP 	Cali_de_pre_rec_question_text: autoDraw = False
650.6247 	EXP 	Cali_de_pre_rec_break: autoDraw = False
653.6085 	EXP 	Cali_de_pre_rec_text: autoDraw = False
653.6085 	EXP 	Cali_de_pre_rec_question_text: autoDraw = False
653.6085 	EXP 	Cali_de_pre_rec_break: autoDraw = False
653.6085 	EXP 	Pause_cont: text = 'Pause: Please have some rest and           Press [space] key to continue.'
653.6085 	EXP 	Pause_cont: autoDraw = True
667.6529 	EXP 	Created sequence: random, trialTypes=1, nReps=4, seed=None
667.6536 	EXP 	New trial (rep=0, index=0): None
668.6923 	EXP 	Pause_cont: autoDraw = False
668.6923 	EXP 	fade_in_text: text = 'Please remain seated until further instruction via the earphone.'
668.6923 	EXP 	fade_in_text: autoDraw = True
674.7260 	EXP 	fade_in_text: autoDraw = True
674.7592 	EXP 	fade_in_text: autoDraw = True
674.7927 	EXP 	fade_in_text: autoDraw = True
674.8264 	EXP 	fade_in_text: autoDraw = True
674.8594 	EXP 	fade_in_text: autoDraw = True
674.8927 	EXP 	fade_in_text: autoDraw = True
674.9260 	EXP 	fade_in_text: autoDraw = True
674.9593 	EXP 	fade_in_text: autoDraw = True
674.9927 	EXP 	fade_in_text: autoDraw = True
675.0260 	EXP 	fade_in_text: autoDraw = True
675.0593 	EXP 	fade_in_text: autoDraw = True
675.0927 	EXP 	fade_in_text: autoDraw = True
675.1260 	EXP 	fade_in_text: autoDraw = True
675.1593 	EXP 	fade_in_text: autoDraw = True
675.1927 	EXP 	fade_in_text: autoDraw = True
675.2260 	EXP 	fade_in_text: autoDraw = True
675.2593 	EXP 	fade_in_text: autoDraw = True
675.2927 	EXP 	fade_in_text: autoDraw = True
675.3260 	EXP 	fade_in_text: autoDraw = True
675.3593 	EXP 	fade_in_text: autoDraw = True
675.3928 	EXP 	fade_in_text: autoDraw = True
675.4260 	EXP 	fade_in_text: autoDraw = True
675.4593 	EXP 	fade_in_text: autoDraw = True
675.4927 	EXP 	fade_in_text: autoDraw = True
675.5260 	EXP 	fade_in_text: autoDraw = True
675.5594 	EXP 	fade_in_text: autoDraw = True
675.5927 	EXP 	fade_in_text: autoDraw = True
675.6260 	EXP 	fade_in_text: autoDraw = True
675.6594 	EXP 	fade_in_text: autoDraw = True
675.6927 	EXP 	fade_in_text: autoDraw = True
675.7261 	EXP 	fade_in_text: autoDraw = True
675.7594 	EXP 	fade_in_text: autoDraw = True
675.7927 	EXP 	fade_in_text: autoDraw = True
675.8261 	EXP 	fade_in_text: autoDraw = True
675.8594 	EXP 	fade_in_text: autoDraw = True
675.8927 	EXP 	fade_in_text: autoDraw = True
675.9262 	EXP 	fade_in_text: autoDraw = True
675.9594 	EXP 	fade_in_text: autoDraw = True
675.9929 	EXP 	fade_in_text: autoDraw = True
676.0262 	EXP 	fade_in_text: autoDraw = True
676.0594 	EXP 	fade_in_text: autoDraw = True
676.0927 	EXP 	fade_in_text: autoDraw = True
676.1260 	EXP 	fade_in_text: autoDraw = True
676.1594 	EXP 	fade_in_text: autoDraw = True
676.1927 	EXP 	fade_in_text: autoDraw = True
676.2260 	EXP 	fade_in_text: autoDraw = True
676.2594 	EXP 	fade_in_text: autoDraw = True
676.2927 	EXP 	fade_in_text: autoDraw = True
676.3260 	EXP 	fade_in_text: autoDraw = True
676.3594 	EXP 	fade_in_text: autoDraw = True
676.3927 	EXP 	fade_in_text: autoDraw = True
676.4261 	EXP 	fade_in_text: autoDraw = True
676.4594 	EXP 	fade_in_text: autoDraw = True
676.4927 	EXP 	fade_in_text: autoDraw = True
676.5261 	EXP 	fade_in_text: autoDraw = True
676.5594 	EXP 	fade_in_text: autoDraw = True
676.5927 	EXP 	fade_in_text: autoDraw = True
676.6261 	EXP 	fade_in_text: autoDraw = True
676.6594 	EXP 	fade_in_text: autoDraw = True
676.6928 	EXP 	fade_in_text: autoDraw = True
676.7261 	EXP 	fade_in_text: autoDraw = True
676.7595 	EXP 	fade_in_text: autoDraw = True
676.7928 	EXP 	fade_in_text: autoDraw = True
676.8261 	EXP 	fade_in_text: autoDraw = True
676.8594 	EXP 	fade_in_text: autoDraw = True
676.8928 	EXP 	fade_in_text: autoDraw = True
676.9261 	EXP 	fade_in_text: autoDraw = True
676.9594 	EXP 	fade_in_text: autoDraw = True
676.9928 	EXP 	fade_in_text: autoDraw = True
677.0261 	EXP 	fade_in_text: autoDraw = True
677.0594 	EXP 	fade_in_text: autoDraw = True
677.0928 	EXP 	fade_in_text: autoDraw = True
677.1261 	EXP 	fade_in_text: autoDraw = True
677.1594 	EXP 	fade_in_text: autoDraw = True
677.1929 	EXP 	fade_in_text: autoDraw = True
677.2261 	EXP 	fade_in_text: autoDraw = True
677.2594 	EXP 	fade_in_text: autoDraw = True
677.2929 	EXP 	fade_in_text: autoDraw = True
677.3261 	EXP 	fade_in_text: autoDraw = True
677.3595 	EXP 	fade_in_text: autoDraw = True
677.3929 	EXP 	fade_in_text: autoDraw = True
677.4261 	EXP 	fade_in_text: autoDraw = True
677.4595 	EXP 	fade_in_text: autoDraw = True
677.4929 	EXP 	fade_in_text: autoDraw = True
677.5261 	EXP 	fade_in_text: autoDraw = True
677.5595 	EXP 	fade_in_text: autoDraw = True
677.5928 	EXP 	fade_in_text: autoDraw = True
677.6261 	EXP 	fade_in_text: autoDraw = True
677.6595 	EXP 	fade_in_text: autoDraw = True
677.6928 	EXP 	fade_in_text: autoDraw = True
677.7261 	EXP 	fade_in_text: autoDraw = True
677.7595 	EXP 	fade_in_text: autoDraw = True
677.7928 	EXP 	fade_in_text: autoDraw = True
677.8261 	EXP 	fade_in_text: autoDraw = True
677.8595 	EXP 	fade_in_text: autoDraw = True
677.8928 	EXP 	fade_in_text: autoDraw = True
677.9261 	EXP 	fade_in_text: autoDraw = True
677.9595 	EXP 	fade_in_text: autoDraw = True
677.9928 	EXP 	fade_in_text: autoDraw = True
678.0262 	EXP 	fade_in_text: autoDraw = True
678.0595 	EXP 	fade_in_text: autoDraw = True
678.0928 	EXP 	fade_in_text: autoDraw = True
678.1262 	EXP 	fade_in_text: autoDraw = True
678.1595 	EXP 	fade_in_text: autoDraw = True
678.1929 	EXP 	fade_in_text: autoDraw = True
678.2262 	EXP 	fade_in_text: autoDraw = True
678.2595 	EXP 	fade_in_text: autoDraw = True
678.2929 	EXP 	fade_in_text: autoDraw = True
678.3262 	EXP 	fade_in_text: autoDraw = True
678.3596 	EXP 	fade_in_text: autoDraw = True
678.3929 	EXP 	fade_in_text: autoDraw = True
678.4264 	EXP 	fade_in_text: autoDraw = True
678.4595 	EXP 	fade_in_text: autoDraw = True
678.4929 	EXP 	fade_in_text: autoDraw = True
678.5263 	EXP 	fade_in_text: autoDraw = True
678.5595 	EXP 	fade_in_text: autoDraw = True
678.5929 	EXP 	fade_in_text: autoDraw = True
678.6262 	EXP 	fade_in_text: autoDraw = True
678.6595 	EXP 	fade_in_text: autoDraw = True
678.6930 	EXP 	fade_in_text: autoDraw = True
678.7262 	EXP 	fade_in_text: autoDraw = True
678.7596 	EXP 	fade_in_text: autoDraw = True
678.7929 	EXP 	fade_in_text: autoDraw = True
678.8262 	EXP 	fade_in_text: autoDraw = True
678.8596 	EXP 	fade_in_text: autoDraw = True
678.8929 	EXP 	fade_in_text: autoDraw = True
678.9262 	EXP 	fade_in_text: autoDraw = True
678.9596 	EXP 	fade_in_text: autoDraw = True
678.9929 	EXP 	fade_in_text: autoDraw = True
679.0265 	EXP 	fade_in_text: autoDraw = True
679.0597 	EXP 	fade_in_text: autoDraw = True
679.0929 	EXP 	fade_in_text: autoDraw = True
679.1263 	EXP 	fade_in_text: autoDraw = True
679.1596 	EXP 	fade_in_text: autoDraw = True
679.1929 	EXP 	fade_in_text: autoDraw = True
679.2262 	EXP 	fade_in_text: autoDraw = True
679.2595 	EXP 	fade_in_text: autoDraw = True
679.2929 	EXP 	fade_in_text: autoDraw = True
679.3262 	EXP 	fade_in_text: autoDraw = True
679.3596 	EXP 	fade_in_text: autoDraw = True
679.3929 	EXP 	fade_in_text: autoDraw = True
679.4262 	EXP 	fade_in_text: autoDraw = True
679.4596 	EXP 	fade_in_text: autoDraw = True
679.4929 	EXP 	fade_in_text: autoDraw = True
679.5262 	EXP 	fade_in_text: autoDraw = True
679.5596 	EXP 	fade_in_text: autoDraw = True
679.5929 	EXP 	fade_in_text: autoDraw = True
679.6265 	EXP 	fade_in_text: autoDraw = True
679.6596 	EXP 	fade_in_text: autoDraw = True
679.6929 	EXP 	fade_in_text: autoDraw = True
679.7262 	EXP 	fade_in_text: autoDraw = True
679.7596 	EXP 	fade_in_text: autoDraw = True
679.7929 	EXP 	fade_in_text: autoDraw = True
679.8262 	EXP 	fade_in_text: autoDraw = True
679.8596 	EXP 	fade_in_text: autoDraw = True
679.8929 	EXP 	fade_in_text: autoDraw = True
679.9263 	EXP 	fade_in_text: autoDraw = True
679.9596 	EXP 	fade_in_text: autoDraw = True
679.9929 	EXP 	fade_in_text: autoDraw = True
680.0262 	EXP 	fade_in_text: autoDraw = True
680.0596 	EXP 	fade_in_text: autoDraw = True
680.0929 	EXP 	fade_in_text: autoDraw = True
680.1263 	EXP 	fade_in_text: autoDraw = True
680.1596 	EXP 	fade_in_text: autoDraw = True
680.1930 	EXP 	fade_in_text: autoDraw = True
680.2263 	EXP 	fade_in_text: autoDraw = True
680.2596 	EXP 	fade_in_text: autoDraw = True
680.2930 	EXP 	fade_in_text: autoDraw = True
680.3264 	EXP 	fade_in_text: autoDraw = True
680.3596 	EXP 	fade_in_text: autoDraw = True
680.3929 	EXP 	fade_in_text: autoDraw = True
680.4264 	EXP 	fade_in_text: autoDraw = True
680.4596 	EXP 	fade_in_text: autoDraw = True
680.4930 	EXP 	fade_in_text: autoDraw = True
680.5264 	EXP 	fade_in_text: autoDraw = True
680.5597 	EXP 	fade_in_text: autoDraw = True
680.5930 	EXP 	fade_in_text: autoDraw = True
680.6263 	EXP 	fade_in_text: autoDraw = True
680.6597 	EXP 	fade_in_text: autoDraw = True
680.6930 	EXP 	fade_in_text: autoDraw = True
680.7262 	EXP 	fade_in_text: autoDraw = True
680.7596 	EXP 	fade_in_text: autoDraw = True
680.7930 	EXP 	fade_in_text: autoDraw = True
680.8262 	EXP 	fade_in_text: autoDraw = True
680.8596 	EXP 	fade_in_text: autoDraw = True
680.8930 	EXP 	fade_in_text: autoDraw = True
680.9263 	EXP 	fade_in_text: autoDraw = True
680.9597 	EXP 	fade_in_text: autoDraw = True
680.9930 	EXP 	fade_in_text: autoDraw = True
681.0263 	EXP 	fade_in_text: autoDraw = True
681.0596 	EXP 	fade_in_text: autoDraw = True
681.0930 	EXP 	fade_in_text: autoDraw = True
681.1263 	EXP 	fade_in_text: autoDraw = True
681.1597 	EXP 	fade_in_text: autoDraw = True
681.1931 	EXP 	fade_in_text: autoDraw = True
681.2263 	EXP 	fade_in_text: autoDraw = True
681.2597 	EXP 	fade_in_text: autoDraw = True
681.2931 	EXP 	fade_in_text: autoDraw = True
681.3263 	EXP 	fade_in_text: autoDraw = True
681.3599 	EXP 	fade_in_text: autoDraw = True
681.3931 	EXP 	fade_in_text: autoDraw = True
681.4264 	EXP 	fade_in_text: autoDraw = True
681.4600 	EXP 	fade_in_text: autoDraw = True
681.4931 	EXP 	fade_in_text: autoDraw = True
681.5264 	EXP 	fade_in_text: autoDraw = True
681.5597 	EXP 	fade_in_text: autoDraw = True
681.5930 	EXP 	fade_in_text: autoDraw = True
681.6263 	EXP 	fade_in_text: autoDraw = True
681.6600 	EXP 	fade_in_text: autoDraw = True
681.6931 	EXP 	fade_in_text: autoDraw = True
681.7264 	EXP 	fade_in_text: autoDraw = True
681.7597 	EXP 	fade_in_text: autoDraw = True
681.7931 	EXP 	fade_in_text: autoDraw = True
681.8263 	EXP 	fade_in_text: autoDraw = True
681.8600 	EXP 	fade_in_text: autoDraw = True
681.8932 	EXP 	fade_in_text: autoDraw = True
681.9264 	EXP 	fade_in_text: autoDraw = True
681.9597 	EXP 	fade_in_text: autoDraw = True
681.9931 	EXP 	fade_in_text: autoDraw = True
682.0264 	EXP 	fade_in_text: autoDraw = True
682.0600 	EXP 	fade_in_text: autoDraw = True
682.0932 	EXP 	fade_in_text: autoDraw = True
682.1264 	EXP 	fade_in_text: autoDraw = True
682.1597 	EXP 	fade_in_text: autoDraw = True
682.1930 	EXP 	fade_in_text: autoDraw = True
682.2264 	EXP 	fade_in_text: autoDraw = True
682.2597 	EXP 	fade_in_text: autoDraw = True
682.2930 	EXP 	fade_in_text: autoDraw = True
682.3264 	EXP 	fade_in_text: autoDraw = True
682.3597 	EXP 	fade_in_text: autoDraw = True
682.3930 	EXP 	fade_in_text: autoDraw = True
682.4264 	EXP 	fade_in_text: autoDraw = True
682.4603 	EXP 	fade_in_text: autoDraw = True
682.4931 	EXP 	fade_in_text: autoDraw = True
682.5264 	EXP 	fade_in_text: autoDraw = True
682.5597 	EXP 	fade_in_text: autoDraw = True
682.5930 	EXP 	fade_in_text: autoDraw = True
682.6264 	EXP 	fade_in_text: autoDraw = True
682.6597 	EXP 	fade_in_text: autoDraw = True
682.6931 	EXP 	fade_in_text: autoDraw = True
682.7264 	EXP 	fade_in_text: autoDraw = True
682.7597 	EXP 	fade_in_text: autoDraw = True
682.7930 	EXP 	fade_in_text: autoDraw = True
682.8264 	EXP 	fade_in_text: autoDraw = True
682.8597 	EXP 	fade_in_text: autoDraw = True
682.8931 	EXP 	fade_in_text: autoDraw = True
682.9264 	EXP 	fade_in_text: autoDraw = True
682.9597 	EXP 	fade_in_text: autoDraw = True
682.9931 	EXP 	fade_in_text: autoDraw = True
683.0264 	EXP 	fade_in_text: autoDraw = True
683.0598 	EXP 	fade_in_text: autoDraw = True
683.0931 	EXP 	fade_in_text: autoDraw = True
683.1264 	EXP 	fade_in_text: autoDraw = True
683.1598 	EXP 	fade_in_text: autoDraw = True
683.1931 	EXP 	fade_in_text: autoDraw = True
683.2264 	EXP 	fade_in_text: autoDraw = True
683.2598 	EXP 	fade_in_text: autoDraw = True
683.2931 	EXP 	fade_in_text: autoDraw = True
683.3264 	EXP 	fade_in_text: autoDraw = True
683.3598 	EXP 	fade_in_text: autoDraw = True
683.3931 	EXP 	fade_in_text: autoDraw = True
683.4264 	EXP 	fade_in_text: autoDraw = True
683.4599 	EXP 	fade_in_text: autoDraw = True
683.4931 	EXP 	fade_in_text: autoDraw = True
683.5264 	EXP 	fade_in_text: autoDraw = True
683.5599 	EXP 	fade_in_text: autoDraw = True
683.5931 	EXP 	fade_in_text: autoDraw = True
683.6264 	EXP 	fade_in_text: autoDraw = True
683.6599 	EXP 	fade_in_text: autoDraw = True
683.6931 	EXP 	fade_in_text: autoDraw = True
683.7265 	EXP 	fade_in_text: autoDraw = True
683.7599 	EXP 	fade_in_text: autoDraw = True
683.7931 	EXP 	fade_in_text: autoDraw = True
683.8265 	EXP 	fade_in_text: autoDraw = True
683.8598 	EXP 	fade_in_text: autoDraw = True
683.8931 	EXP 	fade_in_text: autoDraw = True
683.9265 	EXP 	fade_in_text: autoDraw = True
683.9597 	EXP 	fade_in_text: autoDraw = True
683.9931 	EXP 	fade_in_text: autoDraw = True
684.0265 	EXP 	fade_in_text: autoDraw = True
684.0597 	EXP 	fade_in_text: autoDraw = True
684.0931 	EXP 	fade_in_text: autoDraw = True
684.1265 	EXP 	fade_in_text: autoDraw = True
684.1597 	EXP 	fade_in_text: autoDraw = True
684.1932 	EXP 	fade_in_text: autoDraw = True
684.2268 	EXP 	fade_in_text: autoDraw = True
684.2600 	EXP 	fade_in_text: autoDraw = True
684.2932 	EXP 	fade_in_text: autoDraw = True
684.3265 	EXP 	fade_in_text: autoDraw = True
684.3598 	EXP 	fade_in_text: autoDraw = True
684.3932 	EXP 	fade_in_text: autoDraw = True
684.4265 	EXP 	fade_in_text: autoDraw = True
684.4598 	EXP 	fade_in_text: autoDraw = True
684.4932 	EXP 	fade_in_text: autoDraw = True
684.5265 	EXP 	fade_in_text: autoDraw = True
684.5598 	EXP 	fade_in_text: autoDraw = True
684.5932 	EXP 	fade_in_text: autoDraw = True
684.6265 	EXP 	fade_in_text: autoDraw = True
684.6598 	EXP 	fade_in_text: autoDraw = True
684.6932 	EXP 	fade_in_text: autoDraw = True
684.7265 	EXP 	fade_in_text: autoDraw = True
684.7598 	EXP 	fade_in_text: autoDraw = True
684.7932 	EXP 	fade_in_text: autoDraw = True
684.8265 	EXP 	fade_in_text: autoDraw = True
684.8598 	EXP 	fade_in_text: autoDraw = True
684.8932 	EXP 	fade_in_text: autoDraw = True
684.9268 	EXP 	fade_in_text: autoDraw = True
684.9600 	EXP 	fade_in_text: autoDraw = True
684.9932 	EXP 	fade_in_text: autoDraw = True
685.0266 	EXP 	fade_in_text: autoDraw = True
685.0598 	EXP 	fade_in_text: autoDraw = True
685.0932 	EXP 	fade_in_text: autoDraw = True
685.1266 	EXP 	fade_in_text: autoDraw = True
685.1599 	EXP 	fade_in_text: autoDraw = True
685.1932 	EXP 	fade_in_text: autoDraw = True
685.2266 	EXP 	fade_in_text: autoDraw = True
685.2604 	EXP 	fade_in_text: autoDraw = True
685.2933 	EXP 	fade_in_text: autoDraw = True
685.3267 	EXP 	fade_in_text: autoDraw = True
685.3599 	EXP 	fade_in_text: autoDraw = True
685.3932 	EXP 	fade_in_text: autoDraw = True
685.4267 	EXP 	fade_in_text: autoDraw = True
685.4599 	EXP 	fade_in_text: autoDraw = True
685.4932 	EXP 	fade_in_text: autoDraw = True
685.5265 	EXP 	fade_in_text: autoDraw = True
685.5599 	EXP 	fade_in_text: autoDraw = True
685.5932 	EXP 	fade_in_text: autoDraw = True
685.6265 	EXP 	fade_in_text: autoDraw = True
685.6599 	EXP 	fade_in_text: autoDraw = True
685.6932 	EXP 	fade_in_text: autoDraw = True
685.7266 	EXP 	fade_in_text: autoDraw = True
685.7599 	EXP 	fade_in_text: autoDraw = True
685.7932 	EXP 	fade_in_text: autoDraw = True
685.8266 	EXP 	fade_in_text: autoDraw = True
685.8599 	EXP 	fade_in_text: autoDraw = True
685.8932 	EXP 	fade_in_text: autoDraw = True
685.9266 	EXP 	fade_in_text: autoDraw = True
685.9599 	EXP 	fade_in_text: autoDraw = True
685.9932 	EXP 	fade_in_text: autoDraw = True
686.0266 	EXP 	fade_in_text: autoDraw = True
686.0599 	EXP 	fade_in_text: autoDraw = True
686.0932 	EXP 	fade_in_text: autoDraw = True
686.1266 	EXP 	fade_in_text: autoDraw = True
686.1599 	EXP 	fade_in_text: autoDraw = True
686.1933 	EXP 	fade_in_text: autoDraw = True
686.2266 	EXP 	fade_in_text: autoDraw = True
686.2599 	EXP 	fade_in_text: autoDraw = True
686.2933 	EXP 	fade_in_text: autoDraw = True
686.3266 	EXP 	fade_in_text: autoDraw = True
686.3599 	EXP 	fade_in_text: autoDraw = True
686.3933 	EXP 	fade_in_text: autoDraw = True
686.4266 	EXP 	fade_in_text: autoDraw = True
686.4599 	EXP 	fade_in_text: autoDraw = True
686.4933 	EXP 	fade_in_text: autoDraw = True
686.5266 	EXP 	fade_in_text: autoDraw = True
686.5599 	EXP 	fade_in_text: autoDraw = True
686.5933 	EXP 	fade_in_text: autoDraw = True
686.6266 	EXP 	fade_in_text: autoDraw = True
686.6599 	EXP 	fade_in_text: autoDraw = True
686.6934 	EXP 	fade_in_text: autoDraw = True
686.7266 	EXP 	fade_in_text: autoDraw = True
686.7599 	EXP 	fade_in_text: autoDraw = True
686.7934 	EXP 	fade_in_text: autoDraw = True
686.8266 	EXP 	fade_in_text: autoDraw = True
686.8599 	EXP 	fade_in_text: autoDraw = True
686.8934 	EXP 	fade_in_text: autoDraw = True
686.9266 	EXP 	fade_in_text: autoDraw = True
686.9600 	EXP 	fade_in_text: autoDraw = True
686.9933 	EXP 	fade_in_text: autoDraw = True
687.0267 	EXP 	fade_in_text: autoDraw = True
687.0599 	EXP 	fade_in_text: autoDraw = True
687.0932 	EXP 	fade_in_text: autoDraw = True
687.1266 	EXP 	fade_in_text: autoDraw = True
687.1600 	EXP 	fade_in_text: autoDraw = True
687.1933 	EXP 	fade_in_text: autoDraw = True
687.2266 	EXP 	fade_in_text: autoDraw = True
687.2600 	EXP 	fade_in_text: autoDraw = True
687.2933 	EXP 	fade_in_text: autoDraw = True
687.3266 	EXP 	fade_in_text: autoDraw = True
687.3600 	EXP 	fade_in_text: autoDraw = True
687.3933 	EXP 	fade_in_text: autoDraw = True
687.4267 	EXP 	fade_in_text: autoDraw = True
687.4600 	EXP 	fade_in_text: autoDraw = True
687.4933 	EXP 	fade_in_text: autoDraw = True
687.5267 	EXP 	fade_in_text: autoDraw = True
687.5600 	EXP 	fade_in_text: autoDraw = True
687.5933 	EXP 	fade_in_text: autoDraw = True
687.6267 	EXP 	fade_in_text: autoDraw = True
687.6600 	EXP 	fade_in_text: autoDraw = True
687.6933 	EXP 	fade_in_text: autoDraw = True
687.7267 	EXP 	fade_in_text: autoDraw = True
687.7600 	EXP 	fade_in_text: autoDraw = True
687.7934 	EXP 	fade_in_text: autoDraw = True
687.8268 	EXP 	fade_in_text: autoDraw = True
687.8600 	EXP 	fade_in_text: autoDraw = True
687.8934 	EXP 	fade_in_text: autoDraw = True
687.9267 	EXP 	fade_in_text: autoDraw = True
687.9600 	EXP 	fade_in_text: autoDraw = True
687.9934 	EXP 	fade_in_text: autoDraw = True
688.0267 	EXP 	fade_in_text: autoDraw = True
688.0600 	EXP 	fade_in_text: autoDraw = True
688.0934 	EXP 	fade_in_text: autoDraw = True
688.1267 	EXP 	fade_in_text: autoDraw = True
688.1600 	EXP 	fade_in_text: autoDraw = True
688.1934 	EXP 	fade_in_text: autoDraw = True
688.2267 	EXP 	fade_in_text: autoDraw = True
688.2601 	EXP 	fade_in_text: autoDraw = True
688.2934 	EXP 	fade_in_text: autoDraw = True
688.3267 	EXP 	fade_in_text: autoDraw = True
688.3601 	EXP 	fade_in_text: autoDraw = True
688.3934 	EXP 	fade_in_text: autoDraw = True
688.4267 	EXP 	fade_in_text: autoDraw = True
688.4600 	EXP 	fade_in_text: autoDraw = True
688.4934 	EXP 	fade_in_text: autoDraw = True
688.5267 	EXP 	fade_in_text: autoDraw = True
688.5600 	EXP 	fade_in_text: autoDraw = True
688.5934 	EXP 	fade_in_text: autoDraw = True
688.6267 	EXP 	fade_in_text: autoDraw = True
688.6600 	EXP 	fade_in_text: autoDraw = True
688.6934 	EXP 	fade_in_text: autoDraw = True
688.7267 	EXP 	fade_in_text: autoDraw = True
688.7600 	EXP 	fade_in_text: autoDraw = True
688.7934 	EXP 	fade_in_text: autoDraw = True
688.8267 	EXP 	fade_in_text: autoDraw = True
688.8600 	EXP 	fade_in_text: autoDraw = True
688.8934 	EXP 	fade_in_text: autoDraw = True
688.9268 	EXP 	fade_in_text: autoDraw = True
688.9601 	EXP 	fade_in_text: autoDraw = True
688.9934 	EXP 	fade_in_text: autoDraw = True
689.0269 	EXP 	fade_in_text: autoDraw = True
689.0601 	EXP 	fade_in_text: autoDraw = True
689.0934 	EXP 	fade_in_text: autoDraw = True
689.1268 	EXP 	fade_in_text: autoDraw = True
689.1601 	EXP 	fade_in_text: autoDraw = True
689.1934 	EXP 	fade_in_text: autoDraw = True
689.2269 	EXP 	fade_in_text: autoDraw = True
689.2601 	EXP 	fade_in_text: autoDraw = True
689.2934 	EXP 	fade_in_text: autoDraw = True
689.3269 	EXP 	fade_in_text: autoDraw = True
689.3601 	EXP 	fade_in_text: autoDraw = True
689.3934 	EXP 	fade_in_text: autoDraw = True
689.4268 	EXP 	fade_in_text: autoDraw = True
689.4601 	EXP 	fade_in_text: autoDraw = True
689.4934 	EXP 	fade_in_text: autoDraw = True
689.5269 	EXP 	fade_in_text: autoDraw = True
689.5601 	EXP 	fade_in_text: autoDraw = True
689.5937 	EXP 	fade_in_text: autoDraw = True
689.6267 	EXP 	fade_in_text: autoDraw = True
689.6601 	EXP 	fade_in_text: autoDraw = True
689.6934 	EXP 	fade_in_text: autoDraw = True
689.7270 	EXP 	fade_in_text: autoDraw = True
689.7603 	EXP 	fade_in_text: autoDraw = True
689.7935 	EXP 	fade_in_text: autoDraw = True
689.8268 	EXP 	fade_in_text: autoDraw = True
689.8601 	EXP 	fade_in_text: autoDraw = True
689.8934 	EXP 	fade_in_text: autoDraw = True
689.9268 	EXP 	fade_in_text: autoDraw = True
689.9601 	EXP 	fade_in_text: autoDraw = True
689.9934 	EXP 	fade_in_text: autoDraw = True
690.0268 	EXP 	fade_in_text: autoDraw = True
690.0602 	EXP 	fade_in_text: autoDraw = True
690.0934 	EXP 	fade_in_text: autoDraw = True
690.1268 	EXP 	fade_in_text: autoDraw = True
690.1601 	EXP 	fade_in_text: autoDraw = True
690.1935 	EXP 	fade_in_text: autoDraw = True
690.2268 	EXP 	fade_in_text: autoDraw = True
690.2601 	EXP 	fade_in_text: autoDraw = True
690.2935 	EXP 	fade_in_text: autoDraw = True
690.3268 	EXP 	fade_in_text: autoDraw = True
690.3601 	EXP 	fade_in_text: autoDraw = True
690.3936 	EXP 	fade_in_text: autoDraw = True
690.4268 	EXP 	fade_in_text: autoDraw = True
690.4601 	EXP 	fade_in_text: autoDraw = True
690.4936 	EXP 	fade_in_text: autoDraw = True
690.5268 	EXP 	fade_in_text: autoDraw = True
690.5602 	EXP 	fade_in_text: autoDraw = True
690.5936 	EXP 	fade_in_text: autoDraw = True
690.6268 	EXP 	fade_in_text: autoDraw = True
690.6601 	EXP 	fade_in_text: autoDraw = True
690.6934 	EXP 	fade_in_text: autoDraw = True
690.7268 	EXP 	fade_in_text: autoDraw = True
690.7602 	EXP 	fade_in_text: autoDraw = True
690.7934 	EXP 	fade_in_text: autoDraw = True
690.8268 	EXP 	fade_in_text: autoDraw = True
690.8602 	EXP 	fade_in_text: autoDraw = True
690.8935 	EXP 	fade_in_text: autoDraw = True
690.9268 	EXP 	fade_in_text: autoDraw = True
690.9602 	EXP 	fade_in_text: autoDraw = True
690.9935 	EXP 	fade_in_text: autoDraw = True
691.0268 	EXP 	fade_in_text: autoDraw = True
691.0602 	EXP 	fade_in_text: autoDraw = True
691.0935 	EXP 	fade_in_text: autoDraw = True
691.1268 	EXP 	fade_in_text: autoDraw = True
691.1602 	EXP 	fade_in_text: autoDraw = True
691.1935 	EXP 	fade_in_text: autoDraw = True
691.2268 	EXP 	fade_in_text: autoDraw = True
691.2602 	EXP 	fade_in_text: autoDraw = True
691.2935 	EXP 	fade_in_text: autoDraw = True
691.3269 	EXP 	fade_in_text: autoDraw = True
691.3602 	EXP 	fade_in_text: autoDraw = True
691.3935 	EXP 	fade_in_text: autoDraw = True
691.4269 	EXP 	fade_in_text: autoDraw = True
691.4602 	EXP 	fade_in_text: autoDraw = True
691.4935 	EXP 	fade_in_text: autoDraw = True
691.5269 	EXP 	fade_in_text: autoDraw = True
691.5603 	EXP 	fade_in_text: autoDraw = True
691.5935 	EXP 	fade_in_text: autoDraw = True
691.6269 	EXP 	fade_in_text: autoDraw = True
691.6603 	EXP 	fade_in_text: autoDraw = True
691.6935 	EXP 	fade_in_text: autoDraw = True
691.7269 	EXP 	fade_in_text: autoDraw = True
691.7604 	EXP 	fade_in_text: autoDraw = True
691.7935 	EXP 	fade_in_text: autoDraw = True
691.8269 	EXP 	fade_in_text: autoDraw = True
691.8601 	EXP 	fade_in_text: autoDraw = True
691.8938 	EXP 	fade_in_text: autoDraw = True
691.9270 	EXP 	fade_in_text: autoDraw = True
691.9603 	EXP 	fade_in_text: autoDraw = True
691.9936 	EXP 	fade_in_text: autoDraw = True
692.0269 	EXP 	fade_in_text: autoDraw = True
692.0602 	EXP 	fade_in_text: autoDraw = True
692.0936 	EXP 	fade_in_text: autoDraw = True
692.1269 	EXP 	fade_in_text: autoDraw = True
692.1602 	EXP 	fade_in_text: autoDraw = True
692.1936 	EXP 	fade_in_text: autoDraw = True
692.2269 	EXP 	fade_in_text: autoDraw = True
692.2602 	EXP 	fade_in_text: autoDraw = True
692.2936 	EXP 	fade_in_text: autoDraw = True
692.3269 	EXP 	fade_in_text: autoDraw = True
692.3602 	EXP 	fade_in_text: autoDraw = True
692.3936 	EXP 	fade_in_text: autoDraw = True
692.4269 	EXP 	fade_in_text: autoDraw = True
692.4603 	EXP 	fade_in_text: autoDraw = True
692.4936 	EXP 	fade_in_text: autoDraw = True
692.5269 	EXP 	fade_in_text: autoDraw = True
692.5603 	EXP 	fade_in_text: autoDraw = True
692.5941 	EXP 	fade_in_text: autoDraw = True
692.6272 	EXP 	fade_in_text: autoDraw = True
692.6604 	EXP 	fade_in_text: autoDraw = True
692.6937 	EXP 	fade_in_text: autoDraw = True
692.7271 	EXP 	fade_in_text: autoDraw = True
692.7603 	EXP 	fade_in_text: autoDraw = True
692.7936 	EXP 	fade_in_text: autoDraw = True
692.8271 	EXP 	fade_in_text: autoDraw = True
692.8603 	EXP 	fade_in_text: autoDraw = True
692.8936 	EXP 	fade_in_text: autoDraw = True
692.9269 	EXP 	fade_in_text: autoDraw = True
692.9603 	EXP 	fade_in_text: autoDraw = True
692.9936 	EXP 	fade_in_text: autoDraw = True
693.0269 	EXP 	fade_in_text: autoDraw = True
693.0603 	EXP 	fade_in_text: autoDraw = True
693.0936 	EXP 	fade_in_text: autoDraw = True
693.1269 	EXP 	fade_in_text: autoDraw = True
693.1603 	EXP 	fade_in_text: autoDraw = True
693.1936 	EXP 	fade_in_text: autoDraw = True
693.2270 	EXP 	fade_in_text: autoDraw = True
693.2603 	EXP 	fade_in_text: autoDraw = True
693.2936 	EXP 	fade_in_text: autoDraw = True
693.3270 	EXP 	fade_in_text: autoDraw = True
693.3603 	EXP 	fade_in_text: autoDraw = True
693.3936 	EXP 	fade_in_text: autoDraw = True
693.4270 	EXP 	fade_in_text: autoDraw = True
693.4603 	EXP 	fade_in_text: autoDraw = True
693.4936 	EXP 	fade_in_text: autoDraw = True
693.5270 	EXP 	fade_in_text: autoDraw = True
693.5603 	EXP 	fade_in_text: autoDraw = True
693.5936 	EXP 	fade_in_text: autoDraw = True
693.6270 	EXP 	fade_in_text: autoDraw = True
693.6603 	EXP 	fade_in_text: autoDraw = True
693.6936 	EXP 	fade_in_text: autoDraw = True
693.7270 	EXP 	fade_in_text: autoDraw = True
693.7603 	EXP 	fade_in_text: autoDraw = True
693.7937 	EXP 	fade_in_text: autoDraw = True
693.8270 	EXP 	fade_in_text: autoDraw = True
693.8603 	EXP 	fade_in_text: autoDraw = True
693.8938 	EXP 	fade_in_text: autoDraw = True
693.9270 	EXP 	fade_in_text: autoDraw = True
693.9603 	EXP 	fade_in_text: autoDraw = True
693.9937 	EXP 	fade_in_text: autoDraw = True
694.0270 	EXP 	fade_in_text: autoDraw = True
694.0603 	EXP 	fade_in_text: autoDraw = True
694.0937 	EXP 	fade_in_text: autoDraw = True
694.1270 	EXP 	fade_in_text: autoDraw = True
694.1604 	EXP 	fade_in_text: autoDraw = True
694.1936 	EXP 	fade_in_text: autoDraw = True
694.2270 	EXP 	fade_in_text: autoDraw = True
694.2603 	EXP 	fade_in_text: autoDraw = True
694.2936 	EXP 	fade_in_text: autoDraw = True
694.3270 	EXP 	fade_in_text: autoDraw = True
694.3604 	EXP 	fade_in_text: autoDraw = True
694.3936 	EXP 	fade_in_text: autoDraw = True
694.4270 	EXP 	fade_in_text: autoDraw = True
694.4604 	EXP 	fade_in_text: autoDraw = True
694.4937 	EXP 	fade_in_text: autoDraw = True
694.5270 	EXP 	fade_in_text: autoDraw = True
694.5604 	EXP 	fade_in_text: autoDraw = True
694.5937 	EXP 	fade_in_text: autoDraw = True
694.6270 	EXP 	fade_in_text: autoDraw = True
694.6604 	EXP 	fade_in_text: autoDraw = True
694.6937 	EXP 	fade_in_text: autoDraw = True
694.7270 	EXP 	fade_in_text: autoDraw = True
694.7604 	EXP 	fade_in_text: autoDraw = True
694.7937 	EXP 	fade_in_text: autoDraw = True
694.8270 	EXP 	fade_in_text: autoDraw = True
694.8604 	EXP 	fade_in_text: autoDraw = True
694.8937 	EXP 	fade_in_text: autoDraw = True
694.9270 	EXP 	fade_in_text: autoDraw = True
694.9604 	EXP 	fade_in_text: autoDraw = True
694.9938 	EXP 	fade_in_text: autoDraw = True
695.0271 	EXP 	fade_in_text: autoDraw = True
695.0604 	EXP 	fade_in_text: autoDraw = True
695.0937 	EXP 	fade_in_text: autoDraw = True
695.1270 	EXP 	fade_in_text: autoDraw = True
695.1604 	EXP 	fade_in_text: autoDraw = True
695.1937 	EXP 	fade_in_text: autoDraw = True
695.2271 	EXP 	fade_in_text: autoDraw = True
695.2604 	EXP 	fade_in_text: autoDraw = True
695.2937 	EXP 	fade_in_text: autoDraw = True
695.3271 	EXP 	fade_in_text: autoDraw = True
695.3604 	EXP 	fade_in_text: autoDraw = True
695.3937 	EXP 	fade_in_text: autoDraw = True
695.4271 	EXP 	fade_in_text: autoDraw = True
695.4605 	EXP 	fade_in_text: autoDraw = True
695.4937 	EXP 	fade_in_text: autoDraw = True
695.5271 	EXP 	fade_in_text: autoDraw = True
695.5605 	EXP 	fade_in_text: autoDraw = True
695.5937 	EXP 	fade_in_text: autoDraw = True
695.6271 	EXP 	fade_in_text: autoDraw = True
695.6605 	EXP 	fade_in_text: autoDraw = True
695.6937 	EXP 	fade_in_text: autoDraw = True
695.7274 	EXP 	fade_in_text: autoDraw = True
695.7607 	EXP 	fade_in_text: autoDraw = True
695.7938 	EXP 	fade_in_text: autoDraw = True
695.8271 	EXP 	fade_in_text: autoDraw = True
695.8604 	EXP 	fade_in_text: autoDraw = True
695.8937 	EXP 	fade_in_text: autoDraw = True
695.9271 	EXP 	fade_in_text: autoDraw = True
695.9605 	EXP 	fade_in_text: autoDraw = True
695.9938 	EXP 	fade_in_text: autoDraw = True
696.0271 	EXP 	fade_in_text: autoDraw = True
696.0604 	EXP 	fade_in_text: autoDraw = True
696.0938 	EXP 	fade_in_text: autoDraw = True
696.1271 	EXP 	fade_in_text: autoDraw = True
696.1604 	EXP 	fade_in_text: autoDraw = True
696.1938 	EXP 	fade_in_text: autoDraw = True
696.2271 	EXP 	fade_in_text: autoDraw = True
696.2604 	EXP 	fade_in_text: autoDraw = True
696.2938 	EXP 	fade_in_text: autoDraw = True
696.3277 	EXP 	fade_in_text: autoDraw = True
696.3608 	EXP 	fade_in_text: autoDraw = True
696.3939 	EXP 	fade_in_text: autoDraw = True
696.4271 	EXP 	fade_in_text: autoDraw = True
696.4604 	EXP 	fade_in_text: autoDraw = True
696.4941 	EXP 	fade_in_text: autoDraw = True
696.5272 	EXP 	fade_in_text: autoDraw = True
696.5605 	EXP 	fade_in_text: autoDraw = True
696.5938 	EXP 	fade_in_text: autoDraw = True
696.6271 	EXP 	fade_in_text: autoDraw = True
696.6609 	EXP 	fade_in_text: autoDraw = True
696.6939 	EXP 	fade_in_text: autoDraw = True
696.7273 	EXP 	fade_in_text: autoDraw = True
696.7605 	EXP 	fade_in_text: autoDraw = True
696.7938 	EXP 	fade_in_text: autoDraw = True
696.8271 	EXP 	fade_in_text: autoDraw = True
696.8605 	EXP 	fade_in_text: autoDraw = True
696.8938 	EXP 	fade_in_text: autoDraw = True
696.9276 	EXP 	fade_in_text: autoDraw = True
696.9605 	EXP 	fade_in_text: autoDraw = True
696.9938 	EXP 	fade_in_text: autoDraw = True
697.0273 	EXP 	fade_in_text: autoDraw = True
697.0605 	EXP 	fade_in_text: autoDraw = True
697.0938 	EXP 	fade_in_text: autoDraw = True
697.1273 	EXP 	fade_in_text: autoDraw = True
697.1605 	EXP 	fade_in_text: autoDraw = True
697.1938 	EXP 	fade_in_text: autoDraw = True
697.2273 	EXP 	fade_in_text: autoDraw = True
697.2605 	EXP 	fade_in_text: autoDraw = True
697.2938 	EXP 	fade_in_text: autoDraw = True
697.3272 	EXP 	fade_in_text: autoDraw = True
697.3605 	EXP 	fade_in_text: autoDraw = True
697.3938 	EXP 	fade_in_text: autoDraw = True
697.4272 	EXP 	fade_in_text: autoDraw = True
697.4605 	EXP 	fade_in_text: autoDraw = True
697.4938 	EXP 	fade_in_text: autoDraw = True
697.5271 	EXP 	fade_in_text: autoDraw = True
697.5605 	EXP 	fade_in_text: autoDraw = True
697.5939 	EXP 	fade_in_text: autoDraw = True
697.6271 	EXP 	fade_in_text: autoDraw = True
697.6605 	EXP 	fade_in_text: autoDraw = True
697.6939 	EXP 	fade_in_text: autoDraw = True
697.7272 	EXP 	fade_in_text: autoDraw = True
697.7605 	EXP 	fade_in_text: autoDraw = True
697.7939 	EXP 	fade_in_text: autoDraw = True
697.8272 	EXP 	fade_in_text: autoDraw = True
697.8605 	EXP 	fade_in_text: autoDraw = True
697.8939 	EXP 	fade_in_text: autoDraw = True
697.9272 	EXP 	fade_in_text: autoDraw = True
697.9605 	EXP 	fade_in_text: autoDraw = True
697.9939 	EXP 	fade_in_text: autoDraw = True
698.0272 	EXP 	fade_in_text: autoDraw = True
698.0605 	EXP 	fade_in_text: autoDraw = True
698.0939 	EXP 	fade_in_text: autoDraw = True
698.1272 	EXP 	fade_in_text: autoDraw = True
698.1606 	EXP 	fade_in_text: autoDraw = True
698.1939 	EXP 	fade_in_text: autoDraw = True
698.2272 	EXP 	fade_in_text: autoDraw = True
698.2606 	EXP 	fade_in_text: autoDraw = True
698.2939 	EXP 	fade_in_text: autoDraw = True
698.3272 	EXP 	fade_in_text: autoDraw = True
698.3606 	EXP 	fade_in_text: autoDraw = True
698.3939 	EXP 	fade_in_text: autoDraw = True
698.4272 	EXP 	fade_in_text: autoDraw = True
698.4606 	EXP 	fade_in_text: autoDraw = True
698.4939 	EXP 	fade_in_text: autoDraw = True
698.5272 	EXP 	fade_in_text: autoDraw = True
698.5606 	EXP 	fade_in_text: autoDraw = True
698.5939 	EXP 	fade_in_text: autoDraw = True
698.6272 	EXP 	fade_in_text: autoDraw = True
698.6606 	EXP 	fade_in_text: autoDraw = True
698.6940 	EXP 	fade_in_text: autoDraw = True
701.7781 	EXP 	fade_in_text: autoDraw = False
701.7781 	EXP 	RS_intro_title: autoDraw = True
701.7781 	EXP 	RS_intro_text: autoDraw = True
718.9728 	EXP 	window1: mouseVisible = True
