32.5846 	EXP 	Created instruction_text = TextStim(__class__=<class 'psychopy.visual.text.TextStim'>, alignHoriz='center', alignVert='center', antialias=True, autoLog=True, bold=False, color=array([1., 1., 1.]), colorSpace='rgb', contrast=1.0, depth=-0.0, flipHoriz=False, flipVert=False, font='Arial', fontFiles=[], height=0.06, italic=False, languageStyle='LTR', name='instruction_text', opacity=1.0, ori=0.0, pos=array([0.5, 0.1]), rgb=array([1., 1., 1.]), text=str(...), units='norm', win=Window(...), wrapWidth=1)
32.8617 	EXP 	Created instruction_cont = TextStim(__class__=<class 'psychopy.visual.text.TextStim'>, alignHoriz='center', alignVert='center', antialias=True, autoLog=True, bold=False, color=array([1., 1., 1.]), colorSpace='rgb', contrast=1.0, depth=-3.0, flipHoriz=False, flipVert=False, font='Arial', fontFiles=[], height=0.06, italic=False, languageStyle='LTR', name='instruction_cont', opacity=1.0, ori=0.0, pos=array([ 0.5, -0.4]), rgb=array([1., 1., 1.]), text='          Press [space] key to continue.', units='norm', win=Window(...), wrapWidth=1)
32.8739 	EXP 	Created Artifact_intro_title = TextStim(__class__=<class 'psychopy.visual.text.TextStim'>, alignHoriz='center', alignVert='center', antialias=True, autoLog=True, bold=False, color=array([1., 1., 1.]), colorSpace='rgb', contrast=1.0, depth=-0.0, flipHoriz=False, flipVert=False, font='Arial', fontFiles=[], height=0.06, italic=False, languageStyle='LTR', name='Artifact_intro_title', opacity=1.0, ori=0.0, pos=array([0.5, 0.4]), rgb=array([1., 1., 1.]), text='Muscular signal recording', units='norm', win=Window(...), wrapWidth=1)
32.8863 	EXP 	Created Artifact_intro_text = TextStim(__class__=<class 'psychopy.visual.text.TextStim'>, alignHoriz='center', alignVert='center', antialias=True, autoLog=True, bold=False, color=array([1., 1., 1.]), colorSpace='rgb', contrast=1.0, depth=-1.0, flipHoriz=False, flipVert=False, font='Arial', fontFiles=[], height=0.06, italic=False, languageStyle='LTR', name='Artifact_intro_text', opacity=1.0, ori=0.0, pos=array([0.5, 0. ]), rgb=array([1., 1., 1.]), text=str(...), units='norm', win=Window(...), wrapWidth=1)
32.8983 	EXP 	Created Artifact_intro_cont = TextStim(__class__=<class 'psychopy.visual.text.TextStim'>, alignHoriz='center', alignVert='center', antialias=True, autoLog=True, bold=False, color=array([1., 1., 1.]), colorSpace='rgb', contrast=1.0, depth=-4.0, flipHoriz=False, flipVert=False, font='Arial', fontFiles=[], height=0.06, italic=False, languageStyle='LTR', name='Artifact_intro_cont', opacity=1.0, ori=0.0, pos=array([0.5, 0. ]), rgb=array([1., 1., 1.]), text='          Press [space] key to continue.', units='norm', win=Window(...), wrapWidth=1)
32.8990 	EXP 	Created Artifact_rec_text = TextStim(__class__=<class 'psychopy.visual.text.TextStim'>, alignHoriz='center', alignVert='center', antialias=True, autoLog=True, bold=False, color=array([1., 1., 1.]), colorSpace='rgb', contrast=1.0, depth=-0.0, flipHoriz=False, flipVert=False, font='Arial', fontFiles=[], height=0.06, italic=False, languageStyle='LTR', name='Artifact_rec_text', opacity=1.0, ori=0.0, pos=array([0.5, 0.4]), rgb=array([1., 1., 1.]), text='', units='norm', win=Window(...), wrapWidth=1)
32.9010 	EXP 	Created Artifact_rec_recording = TextStim(__class__=<class 'psychopy.visual.text.TextStim'>, alignHoriz='center', alignVert='center', antialias=True, autoLog=True, bold=False, color=array([1., 1., 1.]), colorSpace='rgb', contrast=1.0, depth=-4.0, flipHoriz=False, flipVert=False, font='Arial', fontFiles=[], height=0.06, italic=False, languageStyle='LTR', name='Artifact_rec_recording', opacity=1.0, ori=0.0, pos=array([ 0.5, -0.4]), rgb=array([1., 1., 1.]), text='', units='norm', win=Window(...), wrapWidth=1)
32.9039 	EXP 	Created Artifact_rec_break = TextStim(__class__=<class 'psychopy.visual.text.TextStim'>, alignHoriz='center', alignVert='center', antialias=True, autoLog=True, bold=False, color=array([1., 1., 1.]), colorSpace='rgb', contrast=1.0, depth=-6.0, flipHoriz=False, flipVert=False, font='Arial', fontFiles=[], height=0.06, italic=False, languageStyle='LTR', name='Artifact_rec_break', opacity=1.0, ori=0.0, pos=array([ 0.5, -0.4]), rgb=array([1., 1., 1.]), text='Short break', units='norm', win=Window(...), wrapWidth=1)
32.9090 	EXP 	Created Cali_de_pre_intro_title = TextStim(__class__=<class 'psychopy.visual.text.TextStim'>, alignHoriz='center', alignVert='center', antialias=True, autoLog=True, bold=False, color=array([1., 1., 1.]), colorSpace='rgb', contrast=1.0, depth=-0.0, flipHoriz=False, flipVert=False, font='Arial', fontFiles=[], height=0.06, italic=False, languageStyle='LTR', name='Cali_de_pre_intro_title', opacity=1.0, ori=0.0, pos=array([0.5, 0.4]), rgb=array([1., 1., 1.]), text='READ OUT BLOCK (GERMAN)', units='norm', win=Window(...), wrapWidth=1)
32.9169 	EXP 	Created Cali_de_pre_intro_text = TextStim(__class__=<class 'psychopy.visual.text.TextStim'>, alignHoriz='center', alignVert='center', antialias=True, autoLog=True, bold=False, color=array([1., 1., 1.]), colorSpace='rgb', contrast=1.0, depth=-1.0, flipHoriz=False, flipVert=False, font='Arial', fontFiles=[], height=0.06, italic=False, languageStyle='LTR', name='Cali_de_pre_intro_text', opacity=1.0, ori=0.0, pos=array([0.5, 0. ]), rgb=array([1., 1., 1.]), text=str(...), units='norm', win=Window(...), wrapWidth=1)
32.9218 	EXP 	Created Cali_de_pre_intro_cont = TextStim(__class__=<class 'psychopy.visual.text.TextStim'>, alignHoriz='center', alignVert='center', antialias=True, autoLog=True, bold=False, color=array([1., 1., 1.]), colorSpace='rgb', contrast=1.0, depth=-4.0, flipHoriz=False, flipVert=False, font='Arial', fontFiles=[], height=0.06, italic=False, languageStyle='LTR', name='Cali_de_pre_intro_cont', opacity=1.0, ori=0.0, pos=array([0.5, 0. ]), rgb=array([1., 1., 1.]), text='          Press [space] key to continue.', units='norm', win=Window(...), wrapWidth=1)
32.9223 	EXP 	Created Cali_de_pre_rec_text = TextStim(__class__=<class 'psychopy.visual.text.TextStim'>, alignHoriz='center', alignVert='center', antialias=True, autoLog=True, bold=False, color=array([1., 1., 1.]), colorSpace='rgb', contrast=1.0, depth=-0.0, flipHoriz=False, flipVert=False, font='Arial', fontFiles=[], height=0.06, italic=False, languageStyle='LTR', name='Cali_de_pre_rec_text', opacity=1.0, ori=0.0, pos=array([0.5, 0.4]), rgb=array([1., 1., 1.]), text='', units='norm', win=Window(...), wrapWidth=1)
32.9231 	EXP 	Created Cali_de_pre_rec_question_text = TextStim(__class__=<class 'psychopy.visual.text.TextStim'>, alignHoriz='center', alignVert='center', antialias=True, autoLog=True, bold=False, color=array([1., 1., 1.]), colorSpace='rgb', contrast=1.0, depth=-2.0, flipHoriz=False, flipVert=False, font='Arial', fontFiles=[], height=0.06, italic=False, languageStyle='LTR', name='Cali_de_pre_rec_question_text', opacity=1.0, ori=0.0, pos=array([0.5, 0. ]), rgb=array([1., 1., 1.]), text='', units='norm', win=Window(...), wrapWidth=1)
32.9252 	EXP 	Created Cali_de_pre_rec_break = TextStim(__class__=<class 'psychopy.visual.text.TextStim'>, alignHoriz='center', alignVert='center', antialias=True, autoLog=True, bold=False, color=array([1., 1., 1.]), colorSpace='rgb', contrast=1.0, depth=-6.0, flipHoriz=False, flipVert=False, font='Arial', fontFiles=[], height=0.06, italic=False, languageStyle='LTR', name='Cali_de_pre_rec_break', opacity=1.0, ori=0.0, pos=array([ 0.5, -0.4]), rgb=array([1., 1., 1.]), text='Short break', units='norm', win=Window(...), wrapWidth=1)
32.9256 	EXP 	Created fade_in_text = TextStim(__class__=<class 'psychopy.visual.text.TextStim'>, alignHoriz='center', alignVert='center', antialias=True, autoLog=True, bold=False, color=array([1., 1., 1.]), colorSpace='rgb', contrast=1.0, depth=-0.0, flipHoriz=False, flipVert=False, font='Arial', fontFiles=[], height=0.06, italic=False, languageStyle='LTR', name='fade_in_text', opacity=1.0, ori=0.0, pos=array([0.5, 0.4]), rgb=array([1., 1., 1.]), text='', units='norm', win=Window(...), wrapWidth=1)
32.9275 	EXP 	Created RS_intro_title = TextStim(__class__=<class 'psychopy.visual.text.TextStim'>, alignHoriz='center', alignVert='center', antialias=True, autoLog=True, bold=False, color=array([1., 1., 1.]), colorSpace='rgb', contrast=1.0, depth=-0.0, flipHoriz=False, flipVert=False, font='Arial', fontFiles=[], height=0.06, italic=False, languageStyle='LTR', name='RS_intro_title', opacity=1.0, ori=0.0, pos=array([0.5, 0.4]), rgb=array([1., 1., 1.]), text='REST STATE BLOCK', units='norm', win=Window(...), wrapWidth=1)
32.9332 	EXP 	Created RS_intro_text = TextStim(__class__=<class 'psychopy.visual.text.TextStim'>, alignHoriz='center', alignVert='center', antialias=True, autoLog=True, bold=False, color=array([1., 1., 1.]), colorSpace='rgb', contrast=1.0, depth=-1.0, flipHoriz=False, flipVert=False, font='Arial', fontFiles=[], height=0.06, italic=False, languageStyle='LTR', name='RS_intro_text', opacity=1.0, ori=0.0, pos=array([0.5, 0. ]), rgb=array([1., 1., 1.]), text=str(...), units='norm', win=Window(...), wrapWidth=1)
32.9380 	EXP 	Created RS_rec_text = TextStim(__class__=<class 'psychopy.visual.text.TextStim'>, alignHoriz='center', alignVert='center', antialias=True, autoLog=True, bold=False, color=array([1., 1., 1.]), colorSpace='rgb', contrast=1.0, depth=-0.0, flipHoriz=False, flipVert=False, font='Arial', fontFiles=[], height=0.06, italic=False, languageStyle='LTR', name='RS_rec_text', opacity=1.0, ori=0.0, pos=array([0.5, 0. ]), rgb=array([1., 1., 1.]), text=str(...), units='norm', win=Window(...), wrapWidth=1)
32.9402 	EXP 	Created QA_intro_title = TextStim(__class__=<class 'psychopy.visual.text.TextStim'>, alignHoriz='center', alignVert='center', antialias=True, autoLog=True, bold=False, color=array([1., 1., 1.]), colorSpace='rgb', contrast=1.0, depth=-0.0, flipHoriz=False, flipVert=False, font='Arial', fontFiles=[], height=0.06, italic=False, languageStyle='LTR', name='QA_intro_title', opacity=1.0, ori=0.0, pos=array([0.5, 0.5]), rgb=array([1., 1., 1.]), text='Q&A BLOCK', units='norm', win=Window(...), wrapWidth=1)
32.9492 	EXP 	Created QA_intro_text = TextStim(__class__=<class 'psychopy.visual.text.TextStim'>, alignHoriz='center', alignVert='center', antialias=True, autoLog=True, bold=False, color=array([1., 1., 1.]), colorSpace='rgb', contrast=1.0, depth=-1.0, flipHoriz=False, flipVert=False, font='Arial', fontFiles=[], height=0.06, italic=False, languageStyle='LTR', name='QA_intro_text', opacity=1.0, ori=0.0, pos=array([0.5, 0. ]), rgb=array([1., 1., 1.]), text=str(...), units='norm', win=Window(...), wrapWidth=1)
32.9533 	EXP 	Created QA_intro_cont = TextStim(__class__=<class 'psychopy.visual.text.TextStim'>, alignHoriz='center', alignVert='center', antialias=True, autoLog=True, bold=False, color=array([1., 1., 1.]), colorSpace='rgb', contrast=1.0, depth=-4.0, flipHoriz=False, flipVert=False, font='Arial', fontFiles=[], height=0.06, italic=False, languageStyle='LTR', name='QA_intro_cont', opacity=1.0, ori=0.0, pos=array([0.5, 0. ]), rgb=array([1., 1., 1.]), text='          Press [space] key to continue.', units='norm', win=Window(...), wrapWidth=1)
32.9560 	EXP 	Created QA_rec_text = TextStim(__class__=<class 'psychopy.visual.text.TextStim'>, alignHoriz='center', alignVert='center', antialias=True, autoLog=True, bold=False, color=array([1., 1., 1.]), colorSpace='rgb', contrast=1.0, depth=-0.0, flipHoriz=False, flipVert=False, font='Arial', fontFiles=[], height=0.06, italic=False, languageStyle='LTR', name='QA_rec_text', opacity=1.0, ori=0.0, pos=array([0.5, 0. ]), rgb=array([1., 1., 1.]), text=str(...), units='norm', win=Window(...), wrapWidth=1)
32.9597 	EXP 	Created QA_rec_break = TextStim(__class__=<class 'psychopy.visual.text.TextStim'>, alignHoriz='center', alignVert='center', antialias=True, autoLog=True, bold=False, color=array([1., 1., 1.]), colorSpace='rgb', contrast=1.0, depth=-6.0, flipHoriz=False, flipVert=False, font='Arial', fontFiles=[], height=0.06, italic=False, languageStyle='LTR', name='QA_rec_break', opacity=1.0, ori=0.0, pos=array([ 0.5, -0.4]), rgb=array([1., 1., 1.]), text='Short break', units='norm', win=Window(...), wrapWidth=1)
32.9638 	EXP 	Created Pause_cont = TextStim(__class__=<class 'psychopy.visual.text.TextStim'>, alignHoriz='center', alignVert='center', antialias=True, autoLog=True, bold=False, color=array([1., 1., 1.]), colorSpace='rgb', contrast=1.0, depth=-2.0, flipHoriz=False, flipVert=False, font='Arial', fontFiles=[], height=0.06, italic=False, languageStyle='LTR', name='Pause_cont', opacity=1.0, ori=0.0, pos=array([0.5, 0. ]), rgb=array([1., 1., 1.]), text=str(...), units='norm', win=Window(...), wrapWidth=1)
32.9659 	EXP 	Created Cali_de_post_intro_title = TextStim(__class__=<class 'psychopy.visual.text.TextStim'>, alignHoriz='center', alignVert='center', antialias=True, autoLog=True, bold=False, color=array([1., 1., 1.]), colorSpace='rgb', contrast=1.0, depth=-0.0, flipHoriz=False, flipVert=False, font='Arial', fontFiles=[], height=0.06, italic=False, languageStyle='LTR', name='Cali_de_post_intro_title', opacity=1.0, ori=0.0, pos=array([0.5, 0.4]), rgb=array([1., 1., 1.]), text='READ OUT BLOCK (GERMAN)', units='norm', win=Window(...), wrapWidth=1)
33.0075 	EXP 	Created Cali_de_post_intro_text = TextStim(__class__=<class 'psychopy.visual.text.TextStim'>, alignHoriz='center', alignVert='center', antialias=True, autoLog=True, bold=False, color=array([1., 1., 1.]), colorSpace='rgb', contrast=1.0, depth=-1.0, flipHoriz=False, flipVert=False, font='Arial', fontFiles=[], height=0.06, italic=False, languageStyle='LTR', name='Cali_de_post_intro_text', opacity=1.0, ori=0.0, pos=array([0.5, 0. ]), rgb=array([1., 1., 1.]), text=str(...), units='norm', win=Window(...), wrapWidth=1)
33.0124 	EXP 	Created Cali_de_post_intro_cont = TextStim(__class__=<class 'psychopy.visual.text.TextStim'>, alignHoriz='center', alignVert='center', antialias=True, autoLog=True, bold=False, color=array([1., 1., 1.]), colorSpace='rgb', contrast=1.0, depth=-4.0, flipHoriz=False, flipVert=False, font='Arial', fontFiles=[], height=0.06, italic=False, languageStyle='LTR', name='Cali_de_post_intro_cont', opacity=1.0, ori=0.0, pos=array([0.5, 0. ]), rgb=array([1., 1., 1.]), text='          Press [space] key to continue.', units='norm', win=Window(...), wrapWidth=1)
33.0129 	EXP 	Created Cali_de_post_rec_text = TextStim(__class__=<class 'psychopy.visual.text.TextStim'>, alignHoriz='center', alignVert='center', antialias=True, autoLog=True, bold=False, color=array([1., 1., 1.]), colorSpace='rgb', contrast=1.0, depth=-0.0, flipHoriz=False, flipVert=False, font='Arial', fontFiles=[], height=0.06, italic=False, languageStyle='LTR', name='Cali_de_post_rec_text', opacity=1.0, ori=0.0, pos=array([0.5, 0.4]), rgb=array([1., 1., 1.]), text='', units='norm', win=Window(...), wrapWidth=1)
33.0137 	EXP 	Created Cali_de_post_rec_question_text = TextStim(__class__=<class 'psychopy.visual.text.TextStim'>, alignHoriz='center', alignVert='center', antialias=True, autoLog=True, bold=False, color=array([1., 1., 1.]), colorSpace='rgb', contrast=1.0, depth=-2.0, flipHoriz=False, flipVert=False, font='Arial', fontFiles=[], height=0.06, italic=False, languageStyle='LTR', name='Cali_de_post_rec_question_text', opacity=1.0, ori=0.0, pos=array([0.5, 0. ]), rgb=array([1., 1., 1.]), text='', units='norm', win=Window(...), wrapWidth=1)
33.0157 	EXP 	Created Cali_de_post_rec_break = TextStim(__class__=<class 'psychopy.visual.text.TextStim'>, alignHoriz='center', alignVert='center', antialias=True, autoLog=True, bold=False, color=array([1., 1., 1.]), colorSpace='rgb', contrast=1.0, depth=-6.0, flipHoriz=False, flipVert=False, font='Arial', fontFiles=[], height=0.06, italic=False, languageStyle='LTR', name='Cali_de_post_rec_break', opacity=1.0, ori=0.0, pos=array([ 0.5, -0.4]), rgb=array([1., 1., 1.]), text='Short break', units='norm', win=Window(...), wrapWidth=1)
33.0191 	EXP 	Created the_end_text = TextStim(__class__=<class 'psychopy.visual.text.TextStim'>, alignHoriz='center', alignVert='center', antialias=True, autoLog=True, bold=False, color=array([1., 1., 1.]), colorSpace='rgb', contrast=1.0, depth=-1.0, flipHoriz=False, flipVert=False, font='Arial', fontFiles=[], height=0.06, italic=False, languageStyle='LTR', name='the_end_text', opacity=1.0, ori=0.0, pos=array([0.7, 0. ]), rgb=array([1., 1., 1.]), text=str(...), units='norm', win=Window(...), wrapWidth=1)
35.0223 	EXP 	Created sequence: random, trialTypes=1, nReps=4, seed=None
35.0224 	EXP 	New trial (rep=0, index=0): None
36.0580 	EXP 	fade_in_text: text = 'Please remain seated until further instruction via the earphone.'
36.0580 	EXP 	fade_in_text: autoDraw = True
42.0584 	EXP 	fade_in_text: autoDraw = True
42.0751 	EXP 	fade_in_text: autoDraw = True
42.0918 	EXP 	fade_in_text: autoDraw = True
42.1085 	EXP 	fade_in_text: autoDraw = True
42.1252 	EXP 	fade_in_text: autoDraw = True
42.1420 	EXP 	fade_in_text: autoDraw = True
42.1585 	EXP 	fade_in_text: autoDraw = True
42.1752 	EXP 	fade_in_text: autoDraw = True
42.1918 	EXP 	fade_in_text: autoDraw = True
42.2085 	EXP 	fade_in_text: autoDraw = True
42.2251 	EXP 	fade_in_text: autoDraw = True
42.2420 	EXP 	fade_in_text: autoDraw = True
42.2584 	EXP 	fade_in_text: autoDraw = True
42.2752 	EXP 	fade_in_text: autoDraw = True
42.2918 	EXP 	fade_in_text: autoDraw = True
42.3085 	EXP 	fade_in_text: autoDraw = True
42.3252 	EXP 	fade_in_text: autoDraw = True
42.3420 	EXP 	fade_in_text: autoDraw = True
42.3585 	EXP 	fade_in_text: autoDraw = True
42.3752 	EXP 	fade_in_text: autoDraw = True
42.3918 	EXP 	fade_in_text: autoDraw = True
42.4085 	EXP 	fade_in_text: autoDraw = True
42.4252 	EXP 	fade_in_text: autoDraw = True
42.4418 	EXP 	fade_in_text: autoDraw = True
42.4584 	EXP 	fade_in_text: autoDraw = True
42.4752 	EXP 	fade_in_text: autoDraw = True
42.4919 	EXP 	fade_in_text: autoDraw = True
42.5085 	EXP 	fade_in_text: autoDraw = True
42.5252 	EXP 	fade_in_text: autoDraw = True
42.5418 	EXP 	fade_in_text: autoDraw = True
42.5584 	EXP 	fade_in_text: autoDraw = True
42.5752 	EXP 	fade_in_text: autoDraw = True
42.5919 	EXP 	fade_in_text: autoDraw = True
42.6085 	EXP 	fade_in_text: autoDraw = True
42.6252 	EXP 	fade_in_text: autoDraw = True
42.6418 	EXP 	fade_in_text: autoDraw = True
42.6585 	EXP 	fade_in_text: autoDraw = True
42.6752 	EXP 	fade_in_text: autoDraw = True
42.6919 	EXP 	fade_in_text: autoDraw = True
42.7085 	EXP 	fade_in_text: autoDraw = True
42.7254 	EXP 	fade_in_text: autoDraw = True
42.7418 	EXP 	fade_in_text: autoDraw = True
42.7585 	EXP 	fade_in_text: autoDraw = True
42.7752 	EXP 	fade_in_text: autoDraw = True
42.7919 	EXP 	fade_in_text: autoDraw = True
42.8085 	EXP 	fade_in_text: autoDraw = True
42.8254 	EXP 	fade_in_text: autoDraw = True
42.8418 	EXP 	fade_in_text: autoDraw = True
42.8585 	EXP 	fade_in_text: autoDraw = True
42.8752 	EXP 	fade_in_text: autoDraw = True
42.8919 	EXP 	fade_in_text: autoDraw = True
42.9085 	EXP 	fade_in_text: autoDraw = True
42.9253 	EXP 	fade_in_text: autoDraw = True
42.9418 	EXP 	fade_in_text: autoDraw = True
42.9585 	EXP 	fade_in_text: autoDraw = True
42.9752 	EXP 	fade_in_text: autoDraw = True
42.9919 	EXP 	fade_in_text: autoDraw = True
43.0085 	EXP 	fade_in_text: autoDraw = True
43.0254 	EXP 	fade_in_text: autoDraw = True
43.0418 	EXP 	fade_in_text: autoDraw = True
43.0585 	EXP 	fade_in_text: autoDraw = True
43.0752 	EXP 	fade_in_text: autoDraw = True
43.0919 	EXP 	fade_in_text: autoDraw = True
43.1085 	EXP 	fade_in_text: autoDraw = True
43.1252 	EXP 	fade_in_text: autoDraw = True
43.1418 	EXP 	fade_in_text: autoDraw = True
43.1585 	EXP 	fade_in_text: autoDraw = True
43.1752 	EXP 	fade_in_text: autoDraw = True
43.1919 	EXP 	fade_in_text: autoDraw = True
43.2085 	EXP 	fade_in_text: autoDraw = True
43.2251 	EXP 	fade_in_text: autoDraw = True
43.2418 	EXP 	fade_in_text: autoDraw = True
43.2585 	EXP 	fade_in_text: autoDraw = True
43.2752 	EXP 	fade_in_text: autoDraw = True
43.2919 	EXP 	fade_in_text: autoDraw = True
43.3085 	EXP 	fade_in_text: autoDraw = True
43.3251 	EXP 	fade_in_text: autoDraw = True
43.3418 	EXP 	fade_in_text: autoDraw = True
43.3586 	EXP 	fade_in_text: autoDraw = True
43.3752 	EXP 	fade_in_text: autoDraw = True
43.3919 	EXP 	fade_in_text: autoDraw = True
43.4087 	EXP 	fade_in_text: autoDraw = True
43.4252 	EXP 	fade_in_text: autoDraw = True
43.4419 	EXP 	fade_in_text: autoDraw = True
43.4586 	EXP 	fade_in_text: autoDraw = True
43.4754 	EXP 	fade_in_text: autoDraw = True
43.4919 	EXP 	fade_in_text: autoDraw = True
43.5087 	EXP 	fade_in_text: autoDraw = True
43.5251 	EXP 	fade_in_text: autoDraw = True
43.5419 	EXP 	fade_in_text: autoDraw = True
43.5586 	EXP 	fade_in_text: autoDraw = True
43.5753 	EXP 	fade_in_text: autoDraw = True
43.5919 	EXP 	fade_in_text: autoDraw = True
43.6087 	EXP 	fade_in_text: autoDraw = True
43.6251 	EXP 	fade_in_text: autoDraw = True
43.6419 	EXP 	fade_in_text: autoDraw = True
43.6586 	EXP 	fade_in_text: autoDraw = True
43.6752 	EXP 	fade_in_text: autoDraw = True
43.6919 	EXP 	fade_in_text: autoDraw = True
43.7089 	EXP 	fade_in_text: autoDraw = True
43.7252 	EXP 	fade_in_text: autoDraw = True
43.7419 	EXP 	fade_in_text: autoDraw = True
43.7586 	EXP 	fade_in_text: autoDraw = True
43.7753 	EXP 	fade_in_text: autoDraw = True
43.7919 	EXP 	fade_in_text: autoDraw = True
43.8086 	EXP 	fade_in_text: autoDraw = True
43.8251 	EXP 	fade_in_text: autoDraw = True
43.8419 	EXP 	fade_in_text: autoDraw = True
43.8586 	EXP 	fade_in_text: autoDraw = True
43.8752 	EXP 	fade_in_text: autoDraw = True
43.8919 	EXP 	fade_in_text: autoDraw = True
43.9085 	EXP 	fade_in_text: autoDraw = True
43.9252 	EXP 	fade_in_text: autoDraw = True
43.9419 	EXP 	fade_in_text: autoDraw = True
43.9586 	EXP 	fade_in_text: autoDraw = True
43.9753 	EXP 	fade_in_text: autoDraw = True
43.9919 	EXP 	fade_in_text: autoDraw = True
44.0085 	EXP 	fade_in_text: autoDraw = True
44.0252 	EXP 	fade_in_text: autoDraw = True
44.0419 	EXP 	fade_in_text: autoDraw = True
44.0586 	EXP 	fade_in_text: autoDraw = True
44.0752 	EXP 	fade_in_text: autoDraw = True
44.0920 	EXP 	fade_in_text: autoDraw = True
44.1085 	EXP 	fade_in_text: autoDraw = True
44.1253 	EXP 	fade_in_text: autoDraw = True
44.1420 	EXP 	fade_in_text: autoDraw = True
44.1586 	EXP 	fade_in_text: autoDraw = True
44.1753 	EXP 	fade_in_text: autoDraw = True
44.1921 	EXP 	fade_in_text: autoDraw = True
44.2085 	EXP 	fade_in_text: autoDraw = True
44.2253 	EXP 	fade_in_text: autoDraw = True
44.2419 	EXP 	fade_in_text: autoDraw = True
44.2586 	EXP 	fade_in_text: autoDraw = True
44.2753 	EXP 	fade_in_text: autoDraw = True
44.2921 	EXP 	fade_in_text: autoDraw = True
44.3085 	EXP 	fade_in_text: autoDraw = True
44.3253 	EXP 	fade_in_text: autoDraw = True
44.3419 	EXP 	fade_in_text: autoDraw = True
44.3586 	EXP 	fade_in_text: autoDraw = True
44.3753 	EXP 	fade_in_text: autoDraw = True
44.3922 	EXP 	fade_in_text: autoDraw = True
44.4086 	EXP 	fade_in_text: autoDraw = True
44.4253 	EXP 	fade_in_text: autoDraw = True
44.4420 	EXP 	fade_in_text: autoDraw = True
44.4586 	EXP 	fade_in_text: autoDraw = True
44.4753 	EXP 	fade_in_text: autoDraw = True
44.4922 	EXP 	fade_in_text: autoDraw = True
44.5085 	EXP 	fade_in_text: autoDraw = True
44.5253 	EXP 	fade_in_text: autoDraw = True
44.5420 	EXP 	fade_in_text: autoDraw = True
44.5586 	EXP 	fade_in_text: autoDraw = True
44.5753 	EXP 	fade_in_text: autoDraw = True
44.5920 	EXP 	fade_in_text: autoDraw = True
44.6085 	EXP 	fade_in_text: autoDraw = True
44.6253 	EXP 	fade_in_text: autoDraw = True
44.6419 	EXP 	fade_in_text: autoDraw = True
44.6586 	EXP 	fade_in_text: autoDraw = True
44.6753 	EXP 	fade_in_text: autoDraw = True
44.6920 	EXP 	fade_in_text: autoDraw = True
44.7085 	EXP 	fade_in_text: autoDraw = True
44.7253 	EXP 	fade_in_text: autoDraw = True
44.7420 	EXP 	fade_in_text: autoDraw = True
44.7586 	EXP 	fade_in_text: autoDraw = True
44.7753 	EXP 	fade_in_text: autoDraw = True
44.7920 	EXP 	fade_in_text: autoDraw = True
44.8086 	EXP 	fade_in_text: autoDraw = True
44.8253 	EXP 	fade_in_text: autoDraw = True
44.8420 	EXP 	fade_in_text: autoDraw = True
44.8586 	EXP 	fade_in_text: autoDraw = True
44.8754 	EXP 	fade_in_text: autoDraw = True
44.8920 	EXP 	fade_in_text: autoDraw = True
44.9086 	EXP 	fade_in_text: autoDraw = True
44.9253 	EXP 	fade_in_text: autoDraw = True
44.9420 	EXP 	fade_in_text: autoDraw = True
44.9586 	EXP 	fade_in_text: autoDraw = True
44.9755 	EXP 	fade_in_text: autoDraw = True
44.9920 	EXP 	fade_in_text: autoDraw = True
45.0086 	EXP 	fade_in_text: autoDraw = True
45.0253 	EXP 	fade_in_text: autoDraw = True
45.0420 	EXP 	fade_in_text: autoDraw = True
45.0586 	EXP 	fade_in_text: autoDraw = True
45.0755 	EXP 	fade_in_text: autoDraw = True
45.0920 	EXP 	fade_in_text: autoDraw = True
45.1086 	EXP 	fade_in_text: autoDraw = True
45.1253 	EXP 	fade_in_text: autoDraw = True
45.1420 	EXP 	fade_in_text: autoDraw = True
45.1586 	EXP 	fade_in_text: autoDraw = True
45.1755 	EXP 	fade_in_text: autoDraw = True
45.1920 	EXP 	fade_in_text: autoDraw = True
45.2086 	EXP 	fade_in_text: autoDraw = True
45.2253 	EXP 	fade_in_text: autoDraw = True
45.2420 	EXP 	fade_in_text: autoDraw = True
45.2587 	EXP 	fade_in_text: autoDraw = True
45.2753 	EXP 	fade_in_text: autoDraw = True
45.2920 	EXP 	fade_in_text: autoDraw = True
45.3086 	EXP 	fade_in_text: autoDraw = True
45.3253 	EXP 	fade_in_text: autoDraw = True
45.3420 	EXP 	fade_in_text: autoDraw = True
45.3586 	EXP 	fade_in_text: autoDraw = True
45.3753 	EXP 	fade_in_text: autoDraw = True
45.3920 	EXP 	fade_in_text: autoDraw = True
45.4087 	EXP 	fade_in_text: autoDraw = True
45.4253 	EXP 	fade_in_text: autoDraw = True
45.4420 	EXP 	fade_in_text: autoDraw = True
45.4586 	EXP 	fade_in_text: autoDraw = True
45.4752 	EXP 	fade_in_text: autoDraw = True
45.4920 	EXP 	fade_in_text: autoDraw = True
45.5087 	EXP 	fade_in_text: autoDraw = True
45.5253 	EXP 	fade_in_text: autoDraw = True
45.5420 	EXP 	fade_in_text: autoDraw = True
45.5588 	EXP 	fade_in_text: autoDraw = True
45.5753 	EXP 	fade_in_text: autoDraw = True
45.5920 	EXP 	fade_in_text: autoDraw = True
45.6087 	EXP 	fade_in_text: autoDraw = True
45.6253 	EXP 	fade_in_text: autoDraw = True
45.6420 	EXP 	fade_in_text: autoDraw = True
45.6589 	EXP 	fade_in_text: autoDraw = True
45.6753 	EXP 	fade_in_text: autoDraw = True
45.6920 	EXP 	fade_in_text: autoDraw = True
45.7087 	EXP 	fade_in_text: autoDraw = True
45.7253 	EXP 	fade_in_text: autoDraw = True
45.7420 	EXP 	fade_in_text: autoDraw = True
45.7589 	EXP 	fade_in_text: autoDraw = True
45.7754 	EXP 	fade_in_text: autoDraw = True
45.7920 	EXP 	fade_in_text: autoDraw = True
45.8087 	EXP 	fade_in_text: autoDraw = True
45.8253 	EXP 	fade_in_text: autoDraw = True
45.8420 	EXP 	fade_in_text: autoDraw = True
45.8588 	EXP 	fade_in_text: autoDraw = True
45.8753 	EXP 	fade_in_text: autoDraw = True
45.8920 	EXP 	fade_in_text: autoDraw = True
45.9087 	EXP 	fade_in_text: autoDraw = True
45.9254 	EXP 	fade_in_text: autoDraw = True
45.9420 	EXP 	fade_in_text: autoDraw = True
45.9587 	EXP 	fade_in_text: autoDraw = True
45.9753 	EXP 	fade_in_text: autoDraw = True
45.9920 	EXP 	fade_in_text: autoDraw = True
46.0087 	EXP 	fade_in_text: autoDraw = True
46.0253 	EXP 	fade_in_text: autoDraw = True
46.0420 	EXP 	fade_in_text: autoDraw = True
46.0587 	EXP 	fade_in_text: autoDraw = True
46.0753 	EXP 	fade_in_text: autoDraw = True
46.0921 	EXP 	fade_in_text: autoDraw = True
46.1087 	EXP 	fade_in_text: autoDraw = True
46.1254 	EXP 	fade_in_text: autoDraw = True
46.1420 	EXP 	fade_in_text: autoDraw = True
46.1586 	EXP 	fade_in_text: autoDraw = True
46.1753 	EXP 	fade_in_text: autoDraw = True
46.1920 	EXP 	fade_in_text: autoDraw = True
46.2087 	EXP 	fade_in_text: autoDraw = True
46.2254 	EXP 	fade_in_text: autoDraw = True
46.2422 	EXP 	fade_in_text: autoDraw = True
46.2586 	EXP 	fade_in_text: autoDraw = True
46.2754 	EXP 	fade_in_text: autoDraw = True
46.2920 	EXP 	fade_in_text: autoDraw = True
46.3087 	EXP 	fade_in_text: autoDraw = True
46.3254 	EXP 	fade_in_text: autoDraw = True
46.3422 	EXP 	fade_in_text: autoDraw = True
46.3586 	EXP 	fade_in_text: autoDraw = True
46.3754 	EXP 	fade_in_text: autoDraw = True
46.3921 	EXP 	fade_in_text: autoDraw = True
46.4087 	EXP 	fade_in_text: autoDraw = True
46.4254 	EXP 	fade_in_text: autoDraw = True
46.4422 	EXP 	fade_in_text: autoDraw = True
46.4587 	EXP 	fade_in_text: autoDraw = True
46.4754 	EXP 	fade_in_text: autoDraw = True
46.4920 	EXP 	fade_in_text: autoDraw = True
46.5087 	EXP 	fade_in_text: autoDraw = True
46.5254 	EXP 	fade_in_text: autoDraw = True
46.5422 	EXP 	fade_in_text: autoDraw = True
46.5586 	EXP 	fade_in_text: autoDraw = True
46.5754 	EXP 	fade_in_text: autoDraw = True
46.5921 	EXP 	fade_in_text: autoDraw = True
46.6087 	EXP 	fade_in_text: autoDraw = True
46.6254 	EXP 	fade_in_text: autoDraw = True
46.6420 	EXP 	fade_in_text: autoDraw = True
46.6586 	EXP 	fade_in_text: autoDraw = True
46.6754 	EXP 	fade_in_text: autoDraw = True
46.6921 	EXP 	fade_in_text: autoDraw = True
46.7087 	EXP 	fade_in_text: autoDraw = True
46.7254 	EXP 	fade_in_text: autoDraw = True
46.7420 	EXP 	fade_in_text: autoDraw = True
46.7586 	EXP 	fade_in_text: autoDraw = True
46.7754 	EXP 	fade_in_text: autoDraw = True
46.7921 	EXP 	fade_in_text: autoDraw = True
46.8087 	EXP 	fade_in_text: autoDraw = True
46.8254 	EXP 	fade_in_text: autoDraw = True
46.8420 	EXP 	fade_in_text: autoDraw = True
46.8586 	EXP 	fade_in_text: autoDraw = True
46.8754 	EXP 	fade_in_text: autoDraw = True
46.8921 	EXP 	fade_in_text: autoDraw = True
46.9087 	EXP 	fade_in_text: autoDraw = True
46.9255 	EXP 	fade_in_text: autoDraw = True
46.9420 	EXP 	fade_in_text: autoDraw = True
46.9587 	EXP 	fade_in_text: autoDraw = True
46.9754 	EXP 	fade_in_text: autoDraw = True
46.9921 	EXP 	fade_in_text: autoDraw = True
47.0087 	EXP 	fade_in_text: autoDraw = True
47.0256 	EXP 	fade_in_text: autoDraw = True
47.0420 	EXP 	fade_in_text: autoDraw = True
47.0587 	EXP 	fade_in_text: autoDraw = True
47.0754 	EXP 	fade_in_text: autoDraw = True
47.0921 	EXP 	fade_in_text: autoDraw = True
47.1088 	EXP 	fade_in_text: autoDraw = True
47.1256 	EXP 	fade_in_text: autoDraw = True
47.1420 	EXP 	fade_in_text: autoDraw = True
47.1587 	EXP 	fade_in_text: autoDraw = True
47.1754 	EXP 	fade_in_text: autoDraw = True
47.1922 	EXP 	fade_in_text: autoDraw = True
47.2088 	EXP 	fade_in_text: autoDraw = True
47.2256 	EXP 	fade_in_text: autoDraw = True
47.2420 	EXP 	fade_in_text: autoDraw = True
47.2587 	EXP 	fade_in_text: autoDraw = True
47.2754 	EXP 	fade_in_text: autoDraw = True
47.2922 	EXP 	fade_in_text: autoDraw = True
47.3088 	EXP 	fade_in_text: autoDraw = True
47.3256 	EXP 	fade_in_text: autoDraw = True
47.3420 	EXP 	fade_in_text: autoDraw = True
47.3588 	EXP 	fade_in_text: autoDraw = True
47.3755 	EXP 	fade_in_text: autoDraw = True
47.3922 	EXP 	fade_in_text: autoDraw = True
47.4088 	EXP 	fade_in_text: autoDraw = True
47.4253 	EXP 	fade_in_text: autoDraw = True
47.4420 	EXP 	fade_in_text: autoDraw = True
47.4588 	EXP 	fade_in_text: autoDraw = True
47.4754 	EXP 	fade_in_text: autoDraw = True
47.4921 	EXP 	fade_in_text: autoDraw = True
47.5088 	EXP 	fade_in_text: autoDraw = True
47.5254 	EXP 	fade_in_text: autoDraw = True
47.5420 	EXP 	fade_in_text: autoDraw = True
47.5588 	EXP 	fade_in_text: autoDraw = True
47.5754 	EXP 	fade_in_text: autoDraw = True
47.5921 	EXP 	fade_in_text: autoDraw = True
47.6088 	EXP 	fade_in_text: autoDraw = True
47.6253 	EXP 	fade_in_text: autoDraw = True
47.6421 	EXP 	fade_in_text: autoDraw = True
47.6588 	EXP 	fade_in_text: autoDraw = True
47.6754 	EXP 	fade_in_text: autoDraw = True
47.6921 	EXP 	fade_in_text: autoDraw = True
47.7089 	EXP 	fade_in_text: autoDraw = True
47.7254 	EXP 	fade_in_text: autoDraw = True
47.7421 	EXP 	fade_in_text: autoDraw = True
47.7588 	EXP 	fade_in_text: autoDraw = True
47.7755 	EXP 	fade_in_text: autoDraw = True
47.7921 	EXP 	fade_in_text: autoDraw = True
47.8089 	EXP 	fade_in_text: autoDraw = True
47.8254 	EXP 	fade_in_text: autoDraw = True
47.8421 	EXP 	fade_in_text: autoDraw = True
47.8588 	EXP 	fade_in_text: autoDraw = True
47.8754 	EXP 	fade_in_text: autoDraw = True
47.8921 	EXP 	fade_in_text: autoDraw = True
47.9090 	EXP 	fade_in_text: autoDraw = True
47.9254 	EXP 	fade_in_text: autoDraw = True
47.9421 	EXP 	fade_in_text: autoDraw = True
47.9588 	EXP 	fade_in_text: autoDraw = True
47.9756 	EXP 	fade_in_text: autoDraw = True
47.9921 	EXP 	fade_in_text: autoDraw = True
48.0089 	EXP 	fade_in_text: autoDraw = True
48.0254 	EXP 	fade_in_text: autoDraw = True
48.0421 	EXP 	fade_in_text: autoDraw = True
48.0588 	EXP 	fade_in_text: autoDraw = True
48.0755 	EXP 	fade_in_text: autoDraw = True
48.0921 	EXP 	fade_in_text: autoDraw = True
48.1088 	EXP 	fade_in_text: autoDraw = True
48.1254 	EXP 	fade_in_text: autoDraw = True
48.1421 	EXP 	fade_in_text: autoDraw = True
48.1588 	EXP 	fade_in_text: autoDraw = True
48.1756 	EXP 	fade_in_text: autoDraw = True
48.1922 	EXP 	fade_in_text: autoDraw = True
48.2088 	EXP 	fade_in_text: autoDraw = True
48.2254 	EXP 	fade_in_text: autoDraw = True
48.2421 	EXP 	fade_in_text: autoDraw = True
48.2588 	EXP 	fade_in_text: autoDraw = True
48.2755 	EXP 	fade_in_text: autoDraw = True
48.2921 	EXP 	fade_in_text: autoDraw = True
48.3088 	EXP 	fade_in_text: autoDraw = True
48.3254 	EXP 	fade_in_text: autoDraw = True
48.3421 	EXP 	fade_in_text: autoDraw = True
48.3588 	EXP 	fade_in_text: autoDraw = True
48.3756 	EXP 	fade_in_text: autoDraw = True
48.3924 	EXP 	fade_in_text: autoDraw = True
48.4088 	EXP 	fade_in_text: autoDraw = True
48.4255 	EXP 	fade_in_text: autoDraw = True
48.4422 	EXP 	fade_in_text: autoDraw = True
48.4588 	EXP 	fade_in_text: autoDraw = True
48.4755 	EXP 	fade_in_text: autoDraw = True
48.4923 	EXP 	fade_in_text: autoDraw = True
48.5088 	EXP 	fade_in_text: autoDraw = True
48.5255 	EXP 	fade_in_text: autoDraw = True
48.5421 	EXP 	fade_in_text: autoDraw = True
48.5588 	EXP 	fade_in_text: autoDraw = True
48.5755 	EXP 	fade_in_text: autoDraw = True
48.5924 	EXP 	fade_in_text: autoDraw = True
48.6088 	EXP 	fade_in_text: autoDraw = True
48.6255 	EXP 	fade_in_text: autoDraw = True
48.6421 	EXP 	fade_in_text: autoDraw = True
48.6588 	EXP 	fade_in_text: autoDraw = True
48.6755 	EXP 	fade_in_text: autoDraw = True
48.6923 	EXP 	fade_in_text: autoDraw = True
48.7088 	EXP 	fade_in_text: autoDraw = True
48.7255 	EXP 	fade_in_text: autoDraw = True
48.7422 	EXP 	fade_in_text: autoDraw = True
48.7588 	EXP 	fade_in_text: autoDraw = True
48.7755 	EXP 	fade_in_text: autoDraw = True
48.7922 	EXP 	fade_in_text: autoDraw = True
48.8088 	EXP 	fade_in_text: autoDraw = True
48.8255 	EXP 	fade_in_text: autoDraw = True
48.8422 	EXP 	fade_in_text: autoDraw = True
48.8588 	EXP 	fade_in_text: autoDraw = True
48.8755 	EXP 	fade_in_text: autoDraw = True
48.8921 	EXP 	fade_in_text: autoDraw = True
48.9088 	EXP 	fade_in_text: autoDraw = True
48.9255 	EXP 	fade_in_text: autoDraw = True
48.9422 	EXP 	fade_in_text: autoDraw = True
48.9588 	EXP 	fade_in_text: autoDraw = True
48.9756 	EXP 	fade_in_text: autoDraw = True
48.9922 	EXP 	fade_in_text: autoDraw = True
49.0088 	EXP 	fade_in_text: autoDraw = True
49.0255 	EXP 	fade_in_text: autoDraw = True
49.0422 	EXP 	fade_in_text: autoDraw = True
49.0588 	EXP 	fade_in_text: autoDraw = True
49.0757 	EXP 	fade_in_text: autoDraw = True
49.0921 	EXP 	fade_in_text: autoDraw = True
49.1088 	EXP 	fade_in_text: autoDraw = True
49.1255 	EXP 	fade_in_text: autoDraw = True
49.1422 	EXP 	fade_in_text: autoDraw = True
49.1588 	EXP 	fade_in_text: autoDraw = True
49.1757 	EXP 	fade_in_text: autoDraw = True
49.1922 	EXP 	fade_in_text: autoDraw = True
49.2089 	EXP 	fade_in_text: autoDraw = True
49.2255 	EXP 	fade_in_text: autoDraw = True
49.2422 	EXP 	fade_in_text: autoDraw = True
49.2588 	EXP 	fade_in_text: autoDraw = True
49.2757 	EXP 	fade_in_text: autoDraw = True
49.2922 	EXP 	fade_in_text: autoDraw = True
49.3089 	EXP 	fade_in_text: autoDraw = True
49.3255 	EXP 	fade_in_text: autoDraw = True
49.3422 	EXP 	fade_in_text: autoDraw = True
49.3589 	EXP 	fade_in_text: autoDraw = True
49.3757 	EXP 	fade_in_text: autoDraw = True
49.3922 	EXP 	fade_in_text: autoDraw = True
49.4089 	EXP 	fade_in_text: autoDraw = True
49.4255 	EXP 	fade_in_text: autoDraw = True
49.4422 	EXP 	fade_in_text: autoDraw = True
49.4589 	EXP 	fade_in_text: autoDraw = True
49.4754 	EXP 	fade_in_text: autoDraw = True
49.4921 	EXP 	fade_in_text: autoDraw = True
49.5089 	EXP 	fade_in_text: autoDraw = True
49.5255 	EXP 	fade_in_text: autoDraw = True
49.5422 	EXP 	fade_in_text: autoDraw = True
49.5589 	EXP 	fade_in_text: autoDraw = True
49.5755 	EXP 	fade_in_text: autoDraw = True
49.5922 	EXP 	fade_in_text: autoDraw = True
49.6089 	EXP 	fade_in_text: autoDraw = True
49.6255 	EXP 	fade_in_text: autoDraw = True
49.6422 	EXP 	fade_in_text: autoDraw = True
49.6589 	EXP 	fade_in_text: autoDraw = True
49.6755 	EXP 	fade_in_text: autoDraw = True
49.6922 	EXP 	fade_in_text: autoDraw = True
49.7089 	EXP 	fade_in_text: autoDraw = True
49.7255 	EXP 	fade_in_text: autoDraw = True
49.7422 	EXP 	fade_in_text: autoDraw = True
49.7590 	EXP 	fade_in_text: autoDraw = True
49.7755 	EXP 	fade_in_text: autoDraw = True
49.7923 	EXP 	fade_in_text: autoDraw = True
49.8089 	EXP 	fade_in_text: autoDraw = True
49.8255 	EXP 	fade_in_text: autoDraw = True
49.8422 	EXP 	fade_in_text: autoDraw = True
49.8591 	EXP 	fade_in_text: autoDraw = True
49.8755 	EXP 	fade_in_text: autoDraw = True
49.8922 	EXP 	fade_in_text: autoDraw = True
49.9089 	EXP 	fade_in_text: autoDraw = True
49.9256 	EXP 	fade_in_text: autoDraw = True
49.9422 	EXP 	fade_in_text: autoDraw = True
49.9590 	EXP 	fade_in_text: autoDraw = True
49.9755 	EXP 	fade_in_text: autoDraw = True
49.9922 	EXP 	fade_in_text: autoDraw = True
50.0089 	EXP 	fade_in_text: autoDraw = True
50.0256 	EXP 	fade_in_text: autoDraw = True
50.0422 	EXP 	fade_in_text: autoDraw = True
50.0592 	EXP 	fade_in_text: autoDraw = True
50.0756 	EXP 	fade_in_text: autoDraw = True
50.0922 	EXP 	fade_in_text: autoDraw = True
50.1089 	EXP 	fade_in_text: autoDraw = True
50.1256 	EXP 	fade_in_text: autoDraw = True
50.1422 	EXP 	fade_in_text: autoDraw = True
50.1590 	EXP 	fade_in_text: autoDraw = True
50.1755 	EXP 	fade_in_text: autoDraw = True
50.1923 	EXP 	fade_in_text: autoDraw = True
50.2089 	EXP 	fade_in_text: autoDraw = True
50.2256 	EXP 	fade_in_text: autoDraw = True
50.2422 	EXP 	fade_in_text: autoDraw = True
50.2588 	EXP 	fade_in_text: autoDraw = True
50.2755 	EXP 	fade_in_text: autoDraw = True
50.2923 	EXP 	fade_in_text: autoDraw = True
50.3089 	EXP 	fade_in_text: autoDraw = True
50.3256 	EXP 	fade_in_text: autoDraw = True
50.3422 	EXP 	fade_in_text: autoDraw = True
50.3588 	EXP 	fade_in_text: autoDraw = True
50.3755 	EXP 	fade_in_text: autoDraw = True
50.3923 	EXP 	fade_in_text: autoDraw = True
50.4089 	EXP 	fade_in_text: autoDraw = True
50.4256 	EXP 	fade_in_text: autoDraw = True
50.4423 	EXP 	fade_in_text: autoDraw = True
50.4588 	EXP 	fade_in_text: autoDraw = True
50.4756 	EXP 	fade_in_text: autoDraw = True
50.4922 	EXP 	fade_in_text: autoDraw = True
50.5089 	EXP 	fade_in_text: autoDraw = True
50.5256 	EXP 	fade_in_text: autoDraw = True
50.5424 	EXP 	fade_in_text: autoDraw = True
50.5588 	EXP 	fade_in_text: autoDraw = True
50.5756 	EXP 	fade_in_text: autoDraw = True
50.5922 	EXP 	fade_in_text: autoDraw = True
50.6089 	EXP 	fade_in_text: autoDraw = True
50.6256 	EXP 	fade_in_text: autoDraw = True
50.6424 	EXP 	fade_in_text: autoDraw = True
50.6589 	EXP 	fade_in_text: autoDraw = True
50.6756 	EXP 	fade_in_text: autoDraw = True
50.6922 	EXP 	fade_in_text: autoDraw = True
50.7089 	EXP 	fade_in_text: autoDraw = True
50.7256 	EXP 	fade_in_text: autoDraw = True
50.7424 	EXP 	fade_in_text: autoDraw = True
50.7588 	EXP 	fade_in_text: autoDraw = True
50.7756 	EXP 	fade_in_text: autoDraw = True
50.7923 	EXP 	fade_in_text: autoDraw = True
50.8090 	EXP 	fade_in_text: autoDraw = True
50.8256 	EXP 	fade_in_text: autoDraw = True
50.8424 	EXP 	fade_in_text: autoDraw = True
50.8589 	EXP 	fade_in_text: autoDraw = True
50.8757 	EXP 	fade_in_text: autoDraw = True
50.8923 	EXP 	fade_in_text: autoDraw = True
50.9090 	EXP 	fade_in_text: autoDraw = True
50.9256 	EXP 	fade_in_text: autoDraw = True
50.9422 	EXP 	fade_in_text: autoDraw = True
50.9589 	EXP 	fade_in_text: autoDraw = True
50.9756 	EXP 	fade_in_text: autoDraw = True
50.9923 	EXP 	fade_in_text: autoDraw = True
51.0091 	EXP 	fade_in_text: autoDraw = True
51.0256 	EXP 	fade_in_text: autoDraw = True
51.0422 	EXP 	fade_in_text: autoDraw = True
51.0589 	EXP 	fade_in_text: autoDraw = True
51.0757 	EXP 	fade_in_text: autoDraw = True
51.0923 	EXP 	fade_in_text: autoDraw = True
51.1091 	EXP 	fade_in_text: autoDraw = True
51.1256 	EXP 	fade_in_text: autoDraw = True
51.1422 	EXP 	fade_in_text: autoDraw = True
51.1589 	EXP 	fade_in_text: autoDraw = True
51.1757 	EXP 	fade_in_text: autoDraw = True
51.1923 	EXP 	fade_in_text: autoDraw = True
51.2091 	EXP 	fade_in_text: autoDraw = True
51.2257 	EXP 	fade_in_text: autoDraw = True
51.2422 	EXP 	fade_in_text: autoDraw = True
51.2590 	EXP 	fade_in_text: autoDraw = True
51.2757 	EXP 	fade_in_text: autoDraw = True
51.2923 	EXP 	fade_in_text: autoDraw = True
51.3091 	EXP 	fade_in_text: autoDraw = True
51.3258 	EXP 	fade_in_text: autoDraw = True
51.3423 	EXP 	fade_in_text: autoDraw = True
51.3590 	EXP 	fade_in_text: autoDraw = True
51.3757 	EXP 	fade_in_text: autoDraw = True
51.3923 	EXP 	fade_in_text: autoDraw = True
51.4090 	EXP 	fade_in_text: autoDraw = True
51.4258 	EXP 	fade_in_text: autoDraw = True
51.4423 	EXP 	fade_in_text: autoDraw = True
51.4590 	EXP 	fade_in_text: autoDraw = True
51.4757 	EXP 	fade_in_text: autoDraw = True
51.4923 	EXP 	fade_in_text: autoDraw = True
51.5090 	EXP 	fade_in_text: autoDraw = True
51.5258 	EXP 	fade_in_text: autoDraw = True
51.5423 	EXP 	fade_in_text: autoDraw = True
51.5590 	EXP 	fade_in_text: autoDraw = True
51.5757 	EXP 	fade_in_text: autoDraw = True
51.5923 	EXP 	fade_in_text: autoDraw = True
51.6090 	EXP 	fade_in_text: autoDraw = True
51.6258 	EXP 	fade_in_text: autoDraw = True
51.6423 	EXP 	fade_in_text: autoDraw = True
51.6590 	EXP 	fade_in_text: autoDraw = True
51.6757 	EXP 	fade_in_text: autoDraw = True
51.6923 	EXP 	fade_in_text: autoDraw = True
51.7090 	EXP 	fade_in_text: autoDraw = True
51.7256 	EXP 	fade_in_text: autoDraw = True
51.7423 	EXP 	fade_in_text: autoDraw = True
51.7590 	EXP 	fade_in_text: autoDraw = True
51.7757 	EXP 	fade_in_text: autoDraw = True
51.7924 	EXP 	fade_in_text: autoDraw = True
51.8090 	EXP 	fade_in_text: autoDraw = True
51.8257 	EXP 	fade_in_text: autoDraw = True
51.8423 	EXP 	fade_in_text: autoDraw = True
51.8590 	EXP 	fade_in_text: autoDraw = True
51.8757 	EXP 	fade_in_text: autoDraw = True
51.8924 	EXP 	fade_in_text: autoDraw = True
51.9090 	EXP 	fade_in_text: autoDraw = True
51.9257 	EXP 	fade_in_text: autoDraw = True
51.9423 	EXP 	fade_in_text: autoDraw = True
51.9590 	EXP 	fade_in_text: autoDraw = True
51.9757 	EXP 	fade_in_text: autoDraw = True
51.9924 	EXP 	fade_in_text: autoDraw = True
52.0092 	EXP 	fade_in_text: autoDraw = True
52.0257 	EXP 	fade_in_text: autoDraw = True
52.0423 	EXP 	fade_in_text: autoDraw = True
52.0590 	EXP 	fade_in_text: autoDraw = True
52.0757 	EXP 	fade_in_text: autoDraw = True
52.0924 	EXP 	fade_in_text: autoDraw = True
52.1092 	EXP 	fade_in_text: autoDraw = True
52.1257 	EXP 	fade_in_text: autoDraw = True
52.1424 	EXP 	fade_in_text: autoDraw = True
52.1590 	EXP 	fade_in_text: autoDraw = True
52.1757 	EXP 	fade_in_text: autoDraw = True
52.1924 	EXP 	fade_in_text: autoDraw = True
52.2092 	EXP 	fade_in_text: autoDraw = True
52.2254 	EXP 	fade_in_text: autoDraw = True
52.2421 	EXP 	fade_in_text: autoDraw = True
52.2588 	EXP 	fade_in_text: autoDraw = True
52.2754 	EXP 	fade_in_text: autoDraw = True
52.2922 	EXP 	fade_in_text: autoDraw = True
52.3090 	EXP 	fade_in_text: autoDraw = True
52.3254 	EXP 	fade_in_text: autoDraw = True
52.3421 	EXP 	fade_in_text: autoDraw = True
52.3589 	EXP 	fade_in_text: autoDraw = True
52.3755 	EXP 	fade_in_text: autoDraw = True
52.3922 	EXP 	fade_in_text: autoDraw = True
52.4089 	EXP 	fade_in_text: autoDraw = True
52.4255 	EXP 	fade_in_text: autoDraw = True
52.4421 	EXP 	fade_in_text: autoDraw = True
52.4589 	EXP 	fade_in_text: autoDraw = True
52.4755 	EXP 	fade_in_text: autoDraw = True
52.4922 	EXP 	fade_in_text: autoDraw = True
52.5088 	EXP 	fade_in_text: autoDraw = True
52.5256 	EXP 	fade_in_text: autoDraw = True
52.5421 	EXP 	fade_in_text: autoDraw = True
52.5589 	EXP 	fade_in_text: autoDraw = True
52.5756 	EXP 	fade_in_text: autoDraw = True
52.5922 	EXP 	fade_in_text: autoDraw = True
52.6088 	EXP 	fade_in_text: autoDraw = True
52.6256 	EXP 	fade_in_text: autoDraw = True
52.6422 	EXP 	fade_in_text: autoDraw = True
52.6589 	EXP 	fade_in_text: autoDraw = True
52.6756 	EXP 	fade_in_text: autoDraw = True
52.6922 	EXP 	fade_in_text: autoDraw = True
52.7088 	EXP 	fade_in_text: autoDraw = True
52.7256 	EXP 	fade_in_text: autoDraw = True
52.7422 	EXP 	fade_in_text: autoDraw = True
52.7589 	EXP 	fade_in_text: autoDraw = True
52.7756 	EXP 	fade_in_text: autoDraw = True
52.7923 	EXP 	fade_in_text: autoDraw = True
52.8088 	EXP 	fade_in_text: autoDraw = True
52.8256 	EXP 	fade_in_text: autoDraw = True
52.8422 	EXP 	fade_in_text: autoDraw = True
52.8588 	EXP 	fade_in_text: autoDraw = True
52.8756 	EXP 	fade_in_text: autoDraw = True
52.8923 	EXP 	fade_in_text: autoDraw = True
52.9088 	EXP 	fade_in_text: autoDraw = True
52.9256 	EXP 	fade_in_text: autoDraw = True
52.9421 	EXP 	fade_in_text: autoDraw = True
52.9589 	EXP 	fade_in_text: autoDraw = True
52.9756 	EXP 	fade_in_text: autoDraw = True
52.9924 	EXP 	fade_in_text: autoDraw = True
53.0088 	EXP 	fade_in_text: autoDraw = True
53.0256 	EXP 	fade_in_text: autoDraw = True
53.0422 	EXP 	fade_in_text: autoDraw = True
53.0589 	EXP 	fade_in_text: autoDraw = True
53.0756 	EXP 	fade_in_text: autoDraw = True
53.0922 	EXP 	fade_in_text: autoDraw = True
53.1088 	EXP 	fade_in_text: autoDraw = True
53.1256 	EXP 	fade_in_text: autoDraw = True
53.1422 	EXP 	fade_in_text: autoDraw = True
53.1589 	EXP 	fade_in_text: autoDraw = True
53.1756 	EXP 	fade_in_text: autoDraw = True
53.1922 	EXP 	fade_in_text: autoDraw = True
53.2089 	EXP 	fade_in_text: autoDraw = True
53.2256 	EXP 	fade_in_text: autoDraw = True
53.2422 	EXP 	fade_in_text: autoDraw = True
53.2589 	EXP 	fade_in_text: autoDraw = True
53.2755 	EXP 	fade_in_text: autoDraw = True
53.2922 	EXP 	fade_in_text: autoDraw = True
53.3088 	EXP 	fade_in_text: autoDraw = True
53.3256 	EXP 	fade_in_text: autoDraw = True
53.3423 	EXP 	fade_in_text: autoDraw = True
53.3588 	EXP 	fade_in_text: autoDraw = True
53.3756 	EXP 	fade_in_text: autoDraw = True
53.3921 	EXP 	fade_in_text: autoDraw = True
53.4089 	EXP 	fade_in_text: autoDraw = True
53.4256 	EXP 	fade_in_text: autoDraw = True
53.4422 	EXP 	fade_in_text: autoDraw = True
53.4589 	EXP 	fade_in_text: autoDraw = True
53.4756 	EXP 	fade_in_text: autoDraw = True
53.4921 	EXP 	fade_in_text: autoDraw = True
53.5089 	EXP 	fade_in_text: autoDraw = True
53.5256 	EXP 	fade_in_text: autoDraw = True
53.5423 	EXP 	fade_in_text: autoDraw = True
53.5588 	EXP 	fade_in_text: autoDraw = True
53.5757 	EXP 	fade_in_text: autoDraw = True
53.5921 	EXP 	fade_in_text: autoDraw = True
53.6089 	EXP 	fade_in_text: autoDraw = True
53.6256 	EXP 	fade_in_text: autoDraw = True
53.6423 	EXP 	fade_in_text: autoDraw = True
53.6589 	EXP 	fade_in_text: autoDraw = True
53.6757 	EXP 	fade_in_text: autoDraw = True
53.6921 	EXP 	fade_in_text: autoDraw = True
53.7089 	EXP 	fade_in_text: autoDraw = True
53.7256 	EXP 	fade_in_text: autoDraw = True
53.7423 	EXP 	fade_in_text: autoDraw = True
53.7588 	EXP 	fade_in_text: autoDraw = True
53.7755 	EXP 	fade_in_text: autoDraw = True
53.7922 	EXP 	fade_in_text: autoDraw = True
53.8090 	EXP 	fade_in_text: autoDraw = True
53.8255 	EXP 	fade_in_text: autoDraw = True
53.8423 	EXP 	fade_in_text: autoDraw = True
53.8588 	EXP 	fade_in_text: autoDraw = True
53.8755 	EXP 	fade_in_text: autoDraw = True
53.8922 	EXP 	fade_in_text: autoDraw = True
53.9089 	EXP 	fade_in_text: autoDraw = True
53.9256 	EXP 	fade_in_text: autoDraw = True
53.9422 	EXP 	fade_in_text: autoDraw = True
53.9590 	EXP 	fade_in_text: autoDraw = True
53.9755 	EXP 	fade_in_text: autoDraw = True
53.9922 	EXP 	fade_in_text: autoDraw = True
54.0090 	EXP 	fade_in_text: autoDraw = True
54.0255 	EXP 	fade_in_text: autoDraw = True
54.0424 	EXP 	fade_in_text: autoDraw = True
54.0589 	EXP 	fade_in_text: autoDraw = True
54.0756 	EXP 	fade_in_text: autoDraw = True
54.0922 	EXP 	fade_in_text: autoDraw = True
54.1089 	EXP 	fade_in_text: autoDraw = True
54.1257 	EXP 	fade_in_text: autoDraw = True
54.1422 	EXP 	fade_in_text: autoDraw = True
54.1591 	EXP 	fade_in_text: autoDraw = True
54.1755 	EXP 	fade_in_text: autoDraw = True
54.1922 	EXP 	fade_in_text: autoDraw = True
54.2090 	EXP 	fade_in_text: autoDraw = True
54.2256 	EXP 	fade_in_text: autoDraw = True
54.2423 	EXP 	fade_in_text: autoDraw = True
54.2590 	EXP 	fade_in_text: autoDraw = True
54.2755 	EXP 	fade_in_text: autoDraw = True
54.2923 	EXP 	fade_in_text: autoDraw = True
54.3090 	EXP 	fade_in_text: autoDraw = True
54.3256 	EXP 	fade_in_text: autoDraw = True
54.3423 	EXP 	fade_in_text: autoDraw = True
54.3590 	EXP 	fade_in_text: autoDraw = True
54.3756 	EXP 	fade_in_text: autoDraw = True
54.3922 	EXP 	fade_in_text: autoDraw = True
54.4090 	EXP 	fade_in_text: autoDraw = True
54.4256 	EXP 	fade_in_text: autoDraw = True
54.4423 	EXP 	fade_in_text: autoDraw = True
54.4588 	EXP 	fade_in_text: autoDraw = True
54.4756 	EXP 	fade_in_text: autoDraw = True
54.4922 	EXP 	fade_in_text: autoDraw = True
54.5090 	EXP 	fade_in_text: autoDraw = True
54.5256 	EXP 	fade_in_text: autoDraw = True
54.5424 	EXP 	fade_in_text: autoDraw = True
54.5588 	EXP 	fade_in_text: autoDraw = True
54.5756 	EXP 	fade_in_text: autoDraw = True
54.5922 	EXP 	fade_in_text: autoDraw = True
54.6089 	EXP 	fade_in_text: autoDraw = True
54.6257 	EXP 	fade_in_text: autoDraw = True
54.6422 	EXP 	fade_in_text: autoDraw = True
54.6589 	EXP 	fade_in_text: autoDraw = True
54.6756 	EXP 	fade_in_text: autoDraw = True
54.6922 	EXP 	fade_in_text: autoDraw = True
54.7090 	EXP 	fade_in_text: autoDraw = True
54.7256 	EXP 	fade_in_text: autoDraw = True
54.7423 	EXP 	fade_in_text: autoDraw = True
54.7588 	EXP 	fade_in_text: autoDraw = True
54.7756 	EXP 	fade_in_text: autoDraw = True
54.7924 	EXP 	fade_in_text: autoDraw = True
54.8089 	EXP 	fade_in_text: autoDraw = True
54.8257 	EXP 	fade_in_text: autoDraw = True
54.8423 	EXP 	fade_in_text: autoDraw = True
54.8588 	EXP 	fade_in_text: autoDraw = True
54.8756 	EXP 	fade_in_text: autoDraw = True
54.8923 	EXP 	fade_in_text: autoDraw = True
54.9089 	EXP 	fade_in_text: autoDraw = True
54.9257 	EXP 	fade_in_text: autoDraw = True
54.9424 	EXP 	fade_in_text: autoDraw = True
54.9588 	EXP 	fade_in_text: autoDraw = True
54.9756 	EXP 	fade_in_text: autoDraw = True
54.9923 	EXP 	fade_in_text: autoDraw = True
55.0089 	EXP 	fade_in_text: autoDraw = True
55.0257 	EXP 	fade_in_text: autoDraw = True
55.0423 	EXP 	fade_in_text: autoDraw = True
55.0588 	EXP 	fade_in_text: autoDraw = True
55.0756 	EXP 	fade_in_text: autoDraw = True
55.0923 	EXP 	fade_in_text: autoDraw = True
55.1089 	EXP 	fade_in_text: autoDraw = True
55.1257 	EXP 	fade_in_text: autoDraw = True
55.1424 	EXP 	fade_in_text: autoDraw = True
55.1588 	EXP 	fade_in_text: autoDraw = True
55.1756 	EXP 	fade_in_text: autoDraw = True
55.1923 	EXP 	fade_in_text: autoDraw = True
55.2089 	EXP 	fade_in_text: autoDraw = True
55.2257 	EXP 	fade_in_text: autoDraw = True
55.2422 	EXP 	fade_in_text: autoDraw = True
55.2590 	EXP 	fade_in_text: autoDraw = True
55.2755 	EXP 	fade_in_text: autoDraw = True
55.2923 	EXP 	fade_in_text: autoDraw = True
55.3089 	EXP 	fade_in_text: autoDraw = True
55.3256 	EXP 	fade_in_text: autoDraw = True
55.3422 	EXP 	fade_in_text: autoDraw = True
55.3589 	EXP 	fade_in_text: autoDraw = True
55.3756 	EXP 	fade_in_text: autoDraw = True
55.3923 	EXP 	fade_in_text: autoDraw = True
55.4089 	EXP 	fade_in_text: autoDraw = True
55.4256 	EXP 	fade_in_text: autoDraw = True
55.4422 	EXP 	fade_in_text: autoDraw = True
55.4590 	EXP 	fade_in_text: autoDraw = True
55.4757 	EXP 	fade_in_text: autoDraw = True
55.4923 	EXP 	fade_in_text: autoDraw = True
55.5089 	EXP 	fade_in_text: autoDraw = True
55.5256 	EXP 	fade_in_text: autoDraw = True
55.5422 	EXP 	fade_in_text: autoDraw = True
55.5590 	EXP 	fade_in_text: autoDraw = True
55.5756 	EXP 	fade_in_text: autoDraw = True
55.5923 	EXP 	fade_in_text: autoDraw = True
55.6090 	EXP 	fade_in_text: autoDraw = True
55.6258 	EXP 	fade_in_text: autoDraw = True
55.6423 	EXP 	fade_in_text: autoDraw = True
55.6590 	EXP 	fade_in_text: autoDraw = True
55.6756 	EXP 	fade_in_text: autoDraw = True
55.6923 	EXP 	fade_in_text: autoDraw = True
55.7090 	EXP 	fade_in_text: autoDraw = True
55.7257 	EXP 	fade_in_text: autoDraw = True
55.7422 	EXP 	fade_in_text: autoDraw = True
55.7590 	EXP 	fade_in_text: autoDraw = True
55.7756 	EXP 	fade_in_text: autoDraw = True
55.7923 	EXP 	fade_in_text: autoDraw = True
55.8090 	EXP 	fade_in_text: autoDraw = True
55.8257 	EXP 	fade_in_text: autoDraw = True
55.8423 	EXP 	fade_in_text: autoDraw = True
55.8589 	EXP 	fade_in_text: autoDraw = True
55.8757 	EXP 	fade_in_text: autoDraw = True
55.8923 	EXP 	fade_in_text: autoDraw = True
55.9090 	EXP 	fade_in_text: autoDraw = True
55.9258 	EXP 	fade_in_text: autoDraw = True
55.9422 	EXP 	fade_in_text: autoDraw = True
55.9590 	EXP 	fade_in_text: autoDraw = True
55.9757 	EXP 	fade_in_text: autoDraw = True
55.9923 	EXP 	fade_in_text: autoDraw = True
56.0090 	EXP 	fade_in_text: autoDraw = True
56.0257 	EXP 	fade_in_text: autoDraw = True
56.0422 	EXP 	fade_in_text: autoDraw = True
56.0590 	EXP 	fade_in_text: autoDraw = True
56.0757 	EXP 	fade_in_text: autoDraw = True
56.0923 	EXP 	fade_in_text: autoDraw = True
56.1090 	EXP 	fade_in_text: autoDraw = True
56.1256 	EXP 	fade_in_text: autoDraw = True
56.1423 	EXP 	fade_in_text: autoDraw = True
56.1590 	EXP 	fade_in_text: autoDraw = True
56.1757 	EXP 	fade_in_text: autoDraw = True
56.1923 	EXP 	fade_in_text: autoDraw = True
56.2090 	EXP 	fade_in_text: autoDraw = True
56.2257 	EXP 	fade_in_text: autoDraw = True
56.2426 	EXP 	fade_in_text: autoDraw = True
56.2592 	EXP 	fade_in_text: autoDraw = True
56.2759 	EXP 	fade_in_text: autoDraw = True
56.2926 	EXP 	fade_in_text: autoDraw = True
56.3093 	EXP 	fade_in_text: autoDraw = True
56.3258 	EXP 	fade_in_text: autoDraw = True
56.3426 	EXP 	fade_in_text: autoDraw = True
56.3592 	EXP 	fade_in_text: autoDraw = True
56.3759 	EXP 	fade_in_text: autoDraw = True
56.3926 	EXP 	fade_in_text: autoDraw = True
56.4094 	EXP 	fade_in_text: autoDraw = True
56.4259 	EXP 	fade_in_text: autoDraw = True
56.4426 	EXP 	fade_in_text: autoDraw = True
56.4593 	EXP 	fade_in_text: autoDraw = True
56.4759 	EXP 	fade_in_text: autoDraw = True
56.4926 	EXP 	fade_in_text: autoDraw = True
56.5094 	EXP 	fade_in_text: autoDraw = True
56.5258 	EXP 	fade_in_text: autoDraw = True
56.5426 	EXP 	fade_in_text: autoDraw = True
56.5592 	EXP 	fade_in_text: autoDraw = True
56.5759 	EXP 	fade_in_text: autoDraw = True
56.5926 	EXP 	fade_in_text: autoDraw = True
56.6094 	EXP 	fade_in_text: autoDraw = True
56.6259 	EXP 	fade_in_text: autoDraw = True
56.6426 	EXP 	fade_in_text: autoDraw = True
56.6592 	EXP 	fade_in_text: autoDraw = True
56.6759 	EXP 	fade_in_text: autoDraw = True
56.6926 	EXP 	fade_in_text: autoDraw = True
56.7094 	EXP 	fade_in_text: autoDraw = True
56.7258 	EXP 	fade_in_text: autoDraw = True
56.7426 	EXP 	fade_in_text: autoDraw = True
56.7592 	EXP 	fade_in_text: autoDraw = True
56.7759 	EXP 	fade_in_text: autoDraw = True
56.7926 	EXP 	fade_in_text: autoDraw = True
56.8092 	EXP 	fade_in_text: autoDraw = True
56.8259 	EXP 	fade_in_text: autoDraw = True
56.8426 	EXP 	fade_in_text: autoDraw = True
56.8593 	EXP 	fade_in_text: autoDraw = True
56.8759 	EXP 	fade_in_text: autoDraw = True
56.8926 	EXP 	fade_in_text: autoDraw = True
56.9092 	EXP 	fade_in_text: autoDraw = True
56.9258 	EXP 	fade_in_text: autoDraw = True
56.9426 	EXP 	fade_in_text: autoDraw = True
56.9592 	EXP 	fade_in_text: autoDraw = True
56.9759 	EXP 	fade_in_text: autoDraw = True
56.9926 	EXP 	fade_in_text: autoDraw = True
57.0092 	EXP 	fade_in_text: autoDraw = True
57.0259 	EXP 	fade_in_text: autoDraw = True
57.0426 	EXP 	fade_in_text: autoDraw = True
57.0592 	EXP 	fade_in_text: autoDraw = True
57.0759 	EXP 	fade_in_text: autoDraw = True
57.0928 	EXP 	fade_in_text: autoDraw = True
57.1092 	EXP 	fade_in_text: autoDraw = True
57.1259 	EXP 	fade_in_text: autoDraw = True
57.1426 	EXP 	fade_in_text: autoDraw = True
57.1593 	EXP 	fade_in_text: autoDraw = True
57.1760 	EXP 	fade_in_text: autoDraw = True
57.1928 	EXP 	fade_in_text: autoDraw = True
57.2092 	EXP 	fade_in_text: autoDraw = True
57.2260 	EXP 	fade_in_text: autoDraw = True
57.2426 	EXP 	fade_in_text: autoDraw = True
57.2593 	EXP 	fade_in_text: autoDraw = True
57.2760 	EXP 	fade_in_text: autoDraw = True
57.2928 	EXP 	fade_in_text: autoDraw = True
57.3092 	EXP 	fade_in_text: autoDraw = True
57.3260 	EXP 	fade_in_text: autoDraw = True
57.3426 	EXP 	fade_in_text: autoDraw = True
57.3593 	EXP 	fade_in_text: autoDraw = True
57.3760 	EXP 	fade_in_text: autoDraw = True
57.3927 	EXP 	fade_in_text: autoDraw = True
57.4092 	EXP 	fade_in_text: autoDraw = True
57.4259 	EXP 	fade_in_text: autoDraw = True
57.4426 	EXP 	fade_in_text: autoDraw = True
57.4593 	EXP 	fade_in_text: autoDraw = True
57.4759 	EXP 	fade_in_text: autoDraw = True
57.4926 	EXP 	fade_in_text: autoDraw = True
57.5092 	EXP 	fade_in_text: autoDraw = True
57.5260 	EXP 	fade_in_text: autoDraw = True
57.5427 	EXP 	fade_in_text: autoDraw = True
57.5593 	EXP 	fade_in_text: autoDraw = True
57.5760 	EXP 	fade_in_text: autoDraw = True
57.5926 	EXP 	fade_in_text: autoDraw = True
57.6092 	EXP 	fade_in_text: autoDraw = True
57.6260 	EXP 	fade_in_text: autoDraw = True
57.6427 	EXP 	fade_in_text: autoDraw = True
57.6593 	EXP 	fade_in_text: autoDraw = True
57.6760 	EXP 	fade_in_text: autoDraw = True
57.6926 	EXP 	fade_in_text: autoDraw = True
57.7093 	EXP 	fade_in_text: autoDraw = True
57.7260 	EXP 	fade_in_text: autoDraw = True
57.7427 	EXP 	fade_in_text: autoDraw = True
57.7593 	EXP 	fade_in_text: autoDraw = True
57.7761 	EXP 	fade_in_text: autoDraw = True
57.7926 	EXP 	fade_in_text: autoDraw = True
57.8093 	EXP 	fade_in_text: autoDraw = True
57.8260 	EXP 	fade_in_text: autoDraw = True
57.8427 	EXP 	fade_in_text: autoDraw = True
57.8593 	EXP 	fade_in_text: autoDraw = True
57.8762 	EXP 	fade_in_text: autoDraw = True
57.8926 	EXP 	fade_in_text: autoDraw = True
57.9093 	EXP 	fade_in_text: autoDraw = True
57.9260 	EXP 	fade_in_text: autoDraw = True
57.9427 	EXP 	fade_in_text: autoDraw = True
57.9594 	EXP 	fade_in_text: autoDraw = True
57.9762 	EXP 	fade_in_text: autoDraw = True
57.9926 	EXP 	fade_in_text: autoDraw = True
58.0093 	EXP 	fade_in_text: autoDraw = True
58.0260 	EXP 	fade_in_text: autoDraw = True
58.0427 	EXP 	fade_in_text: autoDraw = True
58.0593 	EXP 	fade_in_text: autoDraw = True
58.0762 	EXP 	fade_in_text: autoDraw = True
58.0927 	EXP 	fade_in_text: autoDraw = True
58.1093 	EXP 	fade_in_text: autoDraw = True
58.1260 	EXP 	fade_in_text: autoDraw = True
58.1427 	EXP 	fade_in_text: autoDraw = True
58.1593 	EXP 	fade_in_text: autoDraw = True
58.1762 	EXP 	fade_in_text: autoDraw = True
58.1926 	EXP 	fade_in_text: autoDraw = True
58.2094 	EXP 	fade_in_text: autoDraw = True
58.2260 	EXP 	fade_in_text: autoDraw = True
58.2427 	EXP 	fade_in_text: autoDraw = True
58.2593 	EXP 	fade_in_text: autoDraw = True
58.2759 	EXP 	fade_in_text: autoDraw = True
58.2926 	EXP 	fade_in_text: autoDraw = True
58.3094 	EXP 	fade_in_text: autoDraw = True
58.3260 	EXP 	fade_in_text: autoDraw = True
58.3427 	EXP 	fade_in_text: autoDraw = True
58.3594 	EXP 	fade_in_text: autoDraw = True
58.3760 	EXP 	fade_in_text: autoDraw = True
58.3926 	EXP 	fade_in_text: autoDraw = True
58.4094 	EXP 	fade_in_text: autoDraw = True
58.4261 	EXP 	fade_in_text: autoDraw = True
58.4427 	EXP 	fade_in_text: autoDraw = True
58.4594 	EXP 	fade_in_text: autoDraw = True
58.4759 	EXP 	fade_in_text: autoDraw = True
58.4927 	EXP 	fade_in_text: autoDraw = True
58.5094 	EXP 	fade_in_text: autoDraw = True
58.5260 	EXP 	fade_in_text: autoDraw = True
58.5427 	EXP 	fade_in_text: autoDraw = True
58.5595 	EXP 	fade_in_text: autoDraw = True
58.5759 	EXP 	fade_in_text: autoDraw = True
58.5927 	EXP 	fade_in_text: autoDraw = True
58.6094 	EXP 	fade_in_text: autoDraw = True
58.6261 	EXP 	fade_in_text: autoDraw = True
58.6427 	EXP 	fade_in_text: autoDraw = True
58.6595 	EXP 	fade_in_text: autoDraw = True
58.6760 	EXP 	fade_in_text: autoDraw = True
58.6927 	EXP 	fade_in_text: autoDraw = True
58.7094 	EXP 	fade_in_text: autoDraw = True
58.7260 	EXP 	fade_in_text: autoDraw = True
58.7427 	EXP 	fade_in_text: autoDraw = True
58.7596 	EXP 	fade_in_text: autoDraw = True
58.7760 	EXP 	fade_in_text: autoDraw = True
58.7927 	EXP 	fade_in_text: autoDraw = True
58.8093 	EXP 	fade_in_text: autoDraw = True
58.8260 	EXP 	fade_in_text: autoDraw = True
58.8428 	EXP 	fade_in_text: autoDraw = True
58.8593 	EXP 	fade_in_text: autoDraw = True
58.8760 	EXP 	fade_in_text: autoDraw = True
58.8927 	EXP 	fade_in_text: autoDraw = True
58.9094 	EXP 	fade_in_text: autoDraw = True
58.9260 	EXP 	fade_in_text: autoDraw = True
58.9428 	EXP 	fade_in_text: autoDraw = True
58.9594 	EXP 	fade_in_text: autoDraw = True
58.9760 	EXP 	fade_in_text: autoDraw = True
58.9927 	EXP 	fade_in_text: autoDraw = True
59.0094 	EXP 	fade_in_text: autoDraw = True
59.0260 	EXP 	fade_in_text: autoDraw = True
59.0428 	EXP 	fade_in_text: autoDraw = True
59.0593 	EXP 	fade_in_text: autoDraw = True
59.0760 	EXP 	fade_in_text: autoDraw = True
59.0927 	EXP 	fade_in_text: autoDraw = True
59.1093 	EXP 	fade_in_text: autoDraw = True
59.1260 	EXP 	fade_in_text: autoDraw = True
59.1427 	EXP 	fade_in_text: autoDraw = True
59.1593 	EXP 	fade_in_text: autoDraw = True
59.1760 	EXP 	fade_in_text: autoDraw = True
59.1927 	EXP 	fade_in_text: autoDraw = True
59.2094 	EXP 	fade_in_text: autoDraw = True
59.2261 	EXP 	fade_in_text: autoDraw = True
59.2429 	EXP 	fade_in_text: autoDraw = True
59.2593 	EXP 	fade_in_text: autoDraw = True
59.2761 	EXP 	fade_in_text: autoDraw = True
59.2927 	EXP 	fade_in_text: autoDraw = True
59.3094 	EXP 	fade_in_text: autoDraw = True
59.3261 	EXP 	fade_in_text: autoDraw = True
59.3429 	EXP 	fade_in_text: autoDraw = True
59.3593 	EXP 	fade_in_text: autoDraw = True
59.3761 	EXP 	fade_in_text: autoDraw = True
59.3927 	EXP 	fade_in_text: autoDraw = True
59.4094 	EXP 	fade_in_text: autoDraw = True
59.4261 	EXP 	fade_in_text: autoDraw = True
59.4430 	EXP 	fade_in_text: autoDraw = True
59.4594 	EXP 	fade_in_text: autoDraw = True
59.4761 	EXP 	fade_in_text: autoDraw = True
59.4928 	EXP 	fade_in_text: autoDraw = True
59.5094 	EXP 	fade_in_text: autoDraw = True
59.5261 	EXP 	fade_in_text: autoDraw = True
59.5430 	EXP 	fade_in_text: autoDraw = True
59.5594 	EXP 	fade_in_text: autoDraw = True
59.5761 	EXP 	fade_in_text: autoDraw = True
59.5928 	EXP 	fade_in_text: autoDraw = True
59.6094 	EXP 	fade_in_text: autoDraw = True
59.6261 	EXP 	fade_in_text: autoDraw = True
59.6428 	EXP 	fade_in_text: autoDraw = True
59.6594 	EXP 	fade_in_text: autoDraw = True
59.6761 	EXP 	fade_in_text: autoDraw = True
59.6928 	EXP 	fade_in_text: autoDraw = True
59.7094 	EXP 	fade_in_text: autoDraw = True
59.7261 	EXP 	fade_in_text: autoDraw = True
59.7427 	EXP 	fade_in_text: autoDraw = True
59.7594 	EXP 	fade_in_text: autoDraw = True
59.7761 	EXP 	fade_in_text: autoDraw = True
59.7928 	EXP 	fade_in_text: autoDraw = True
59.8094 	EXP 	fade_in_text: autoDraw = True
59.8262 	EXP 	fade_in_text: autoDraw = True
59.8428 	EXP 	fade_in_text: autoDraw = True
59.8594 	EXP 	fade_in_text: autoDraw = True
59.8761 	EXP 	fade_in_text: autoDraw = True
59.8928 	EXP 	fade_in_text: autoDraw = True
59.9094 	EXP 	fade_in_text: autoDraw = True
59.9263 	EXP 	fade_in_text: autoDraw = True
59.9427 	EXP 	fade_in_text: autoDraw = True
59.9595 	EXP 	fade_in_text: autoDraw = True
59.9761 	EXP 	fade_in_text: autoDraw = True
59.9928 	EXP 	fade_in_text: autoDraw = True
60.0094 	EXP 	fade_in_text: autoDraw = True
60.0263 	EXP 	fade_in_text: autoDraw = True
60.0428 	EXP 	fade_in_text: autoDraw = True
60.0594 	EXP 	fade_in_text: autoDraw = True
60.0761 	EXP 	fade_in_text: autoDraw = True
60.0928 	EXP 	fade_in_text: autoDraw = True
60.1094 	EXP 	fade_in_text: autoDraw = True
60.1262 	EXP 	fade_in_text: autoDraw = True
60.1427 	EXP 	fade_in_text: autoDraw = True
60.1595 	EXP 	fade_in_text: autoDraw = True
60.1761 	EXP 	fade_in_text: autoDraw = True
60.1928 	EXP 	fade_in_text: autoDraw = True
60.2094 	EXP 	fade_in_text: autoDraw = True
60.2261 	EXP 	fade_in_text: autoDraw = True
60.2428 	EXP 	fade_in_text: autoDraw = True
60.2595 	EXP 	fade_in_text: autoDraw = True
60.2761 	EXP 	fade_in_text: autoDraw = True
60.2928 	EXP 	fade_in_text: autoDraw = True
60.3095 	EXP 	fade_in_text: autoDraw = True
60.3260 	EXP 	fade_in_text: autoDraw = True
60.3427 	EXP 	fade_in_text: autoDraw = True
60.3595 	EXP 	fade_in_text: autoDraw = True
60.3761 	EXP 	fade_in_text: autoDraw = True
60.3928 	EXP 	fade_in_text: autoDraw = True
60.4094 	EXP 	fade_in_text: autoDraw = True
60.4260 	EXP 	fade_in_text: autoDraw = True
60.4428 	EXP 	fade_in_text: autoDraw = True
60.4595 	EXP 	fade_in_text: autoDraw = True
60.4761 	EXP 	fade_in_text: autoDraw = True
60.4928 	EXP 	fade_in_text: autoDraw = True
60.5096 	EXP 	fade_in_text: autoDraw = True
60.5261 	EXP 	fade_in_text: autoDraw = True
60.5428 	EXP 	fade_in_text: autoDraw = True
60.5595 	EXP 	fade_in_text: autoDraw = True
60.5761 	EXP 	fade_in_text: autoDraw = True
60.5928 	EXP 	fade_in_text: autoDraw = True
60.6096 	EXP 	fade_in_text: autoDraw = True
60.6261 	EXP 	fade_in_text: autoDraw = True
60.6428 	EXP 	fade_in_text: autoDraw = True
60.6595 	EXP 	fade_in_text: autoDraw = True
60.6761 	EXP 	fade_in_text: autoDraw = True
60.6928 	EXP 	fade_in_text: autoDraw = True
60.7097 	EXP 	fade_in_text: autoDraw = True
60.7261 	EXP 	fade_in_text: autoDraw = True
60.7428 	EXP 	fade_in_text: autoDraw = True
60.7595 	EXP 	fade_in_text: autoDraw = True
60.7761 	EXP 	fade_in_text: autoDraw = True
60.7928 	EXP 	fade_in_text: autoDraw = True
60.8097 	EXP 	fade_in_text: autoDraw = True
60.8261 	EXP 	fade_in_text: autoDraw = True
60.8428 	EXP 	fade_in_text: autoDraw = True
60.8595 	EXP 	fade_in_text: autoDraw = True
60.8762 	EXP 	fade_in_text: autoDraw = True
60.8928 	EXP 	fade_in_text: autoDraw = True
60.9096 	EXP 	fade_in_text: autoDraw = True
60.9261 	EXP 	fade_in_text: autoDraw = True
60.9428 	EXP 	fade_in_text: autoDraw = True
60.9595 	EXP 	fade_in_text: autoDraw = True
60.9761 	EXP 	fade_in_text: autoDraw = True
60.9928 	EXP 	fade_in_text: autoDraw = True
61.0094 	EXP 	fade_in_text: autoDraw = True
61.0261 	EXP 	fade_in_text: autoDraw = True
61.0428 	EXP 	fade_in_text: autoDraw = True
61.0595 	EXP 	fade_in_text: autoDraw = True
61.0761 	EXP 	fade_in_text: autoDraw = True
61.0928 	EXP 	fade_in_text: autoDraw = True
61.1094 	EXP 	fade_in_text: autoDraw = True
61.1262 	EXP 	fade_in_text: autoDraw = True
61.1428 	EXP 	fade_in_text: autoDraw = True
61.1595 	EXP 	fade_in_text: autoDraw = True
61.1762 	EXP 	fade_in_text: autoDraw = True
61.1930 	EXP 	fade_in_text: autoDraw = True
61.2094 	EXP 	fade_in_text: autoDraw = True
61.2262 	EXP 	fade_in_text: autoDraw = True
61.2429 	EXP 	fade_in_text: autoDraw = True
61.2595 	EXP 	fade_in_text: autoDraw = True
61.2762 	EXP 	fade_in_text: autoDraw = True
61.2931 	EXP 	fade_in_text: autoDraw = True
61.3094 	EXP 	fade_in_text: autoDraw = True
61.3262 	EXP 	fade_in_text: autoDraw = True
61.3428 	EXP 	fade_in_text: autoDraw = True
61.3595 	EXP 	fade_in_text: autoDraw = True
61.3762 	EXP 	fade_in_text: autoDraw = True
61.3930 	EXP 	fade_in_text: autoDraw = True
61.4094 	EXP 	fade_in_text: autoDraw = True
61.4261 	EXP 	fade_in_text: autoDraw = True
61.4428 	EXP 	fade_in_text: autoDraw = True
61.4595 	EXP 	fade_in_text: autoDraw = True
61.4762 	EXP 	fade_in_text: autoDraw = True
61.4929 	EXP 	fade_in_text: autoDraw = True
61.5094 	EXP 	fade_in_text: autoDraw = True
61.5261 	EXP 	fade_in_text: autoDraw = True
61.5428 	EXP 	fade_in_text: autoDraw = True
61.5595 	EXP 	fade_in_text: autoDraw = True
61.5762 	EXP 	fade_in_text: autoDraw = True
61.5927 	EXP 	fade_in_text: autoDraw = True
61.6094 	EXP 	fade_in_text: autoDraw = True
61.6262 	EXP 	fade_in_text: autoDraw = True
61.6429 	EXP 	fade_in_text: autoDraw = True
61.6595 	EXP 	fade_in_text: autoDraw = True
61.6762 	EXP 	fade_in_text: autoDraw = True
61.6927 	EXP 	fade_in_text: autoDraw = True
61.7094 	EXP 	fade_in_text: autoDraw = True
61.7262 	EXP 	fade_in_text: autoDraw = True
61.7428 	EXP 	fade_in_text: autoDraw = True
61.7595 	EXP 	fade_in_text: autoDraw = True
61.7762 	EXP 	fade_in_text: autoDraw = True
61.7927 	EXP 	fade_in_text: autoDraw = True
61.8095 	EXP 	fade_in_text: autoDraw = True
61.8262 	EXP 	fade_in_text: autoDraw = True
61.8428 	EXP 	fade_in_text: autoDraw = True
61.8595 	EXP 	fade_in_text: autoDraw = True
61.8763 	EXP 	fade_in_text: autoDraw = True
61.8927 	EXP 	fade_in_text: autoDraw = True
61.9095 	EXP 	fade_in_text: autoDraw = True
61.9262 	EXP 	fade_in_text: autoDraw = True
61.9428 	EXP 	fade_in_text: autoDraw = True
61.9595 	EXP 	fade_in_text: autoDraw = True
61.9763 	EXP 	fade_in_text: autoDraw = True
61.9928 	EXP 	fade_in_text: autoDraw = True
62.0095 	EXP 	fade_in_text: autoDraw = True
62.0262 	EXP 	fade_in_text: autoDraw = True
62.0429 	EXP 	fade_in_text: autoDraw = True
62.0595 	EXP 	fade_in_text: autoDraw = True
62.0764 	EXP 	fade_in_text: autoDraw = True
62.0928 	EXP 	fade_in_text: autoDraw = True
62.1095 	EXP 	fade_in_text: autoDraw = True
62.1262 	EXP 	fade_in_text: autoDraw = True
62.1429 	EXP 	fade_in_text: autoDraw = True
62.1595 	EXP 	fade_in_text: autoDraw = True
62.1763 	EXP 	fade_in_text: autoDraw = True
62.1928 	EXP 	fade_in_text: autoDraw = True
62.2095 	EXP 	fade_in_text: autoDraw = True
62.2262 	EXP 	fade_in_text: autoDraw = True
62.2429 	EXP 	fade_in_text: autoDraw = True
62.2595 	EXP 	fade_in_text: autoDraw = True
62.2764 	EXP 	fade_in_text: autoDraw = True
62.2929 	EXP 	fade_in_text: autoDraw = True
62.3095 	EXP 	fade_in_text: autoDraw = True
62.3262 	EXP 	fade_in_text: autoDraw = True
62.3429 	EXP 	fade_in_text: autoDraw = True
62.3596 	EXP 	fade_in_text: autoDraw = True
62.3761 	EXP 	fade_in_text: autoDraw = True
62.3928 	EXP 	fade_in_text: autoDraw = True
62.4095 	EXP 	fade_in_text: autoDraw = True
62.4262 	EXP 	fade_in_text: autoDraw = True
62.4429 	EXP 	fade_in_text: autoDraw = True
62.4597 	EXP 	fade_in_text: autoDraw = True
62.4761 	EXP 	fade_in_text: autoDraw = True
62.4929 	EXP 	fade_in_text: autoDraw = True
62.5095 	EXP 	fade_in_text: autoDraw = True
62.5262 	EXP 	fade_in_text: autoDraw = True
62.5429 	EXP 	fade_in_text: autoDraw = True
62.5596 	EXP 	fade_in_text: autoDraw = True
62.5762 	EXP 	fade_in_text: autoDraw = True
62.5929 	EXP 	fade_in_text: autoDraw = True
62.6095 	EXP 	fade_in_text: autoDraw = True
62.6262 	EXP 	fade_in_text: autoDraw = True
62.6429 	EXP 	fade_in_text: autoDraw = True
62.6597 	EXP 	fade_in_text: autoDraw = True
62.6762 	EXP 	fade_in_text: autoDraw = True
62.6929 	EXP 	fade_in_text: autoDraw = True
62.7095 	EXP 	fade_in_text: autoDraw = True
62.7262 	EXP 	fade_in_text: autoDraw = True
62.7429 	EXP 	fade_in_text: autoDraw = True
62.7597 	EXP 	fade_in_text: autoDraw = True
62.7762 	EXP 	fade_in_text: autoDraw = True
62.7929 	EXP 	fade_in_text: autoDraw = True
62.8096 	EXP 	fade_in_text: autoDraw = True
62.8262 	EXP 	fade_in_text: autoDraw = True
62.8429 	EXP 	fade_in_text: autoDraw = True
62.8596 	EXP 	fade_in_text: autoDraw = True
62.8762 	EXP 	fade_in_text: autoDraw = True
62.8929 	EXP 	fade_in_text: autoDraw = True
62.9096 	EXP 	fade_in_text: autoDraw = True
62.9262 	EXP 	fade_in_text: autoDraw = True
62.9429 	EXP 	fade_in_text: autoDraw = True
62.9595 	EXP 	fade_in_text: autoDraw = True
62.9762 	EXP 	fade_in_text: autoDraw = True
62.9929 	EXP 	fade_in_text: autoDraw = True
63.0096 	EXP 	fade_in_text: autoDraw = True
63.0262 	EXP 	fade_in_text: autoDraw = True
63.0430 	EXP 	fade_in_text: autoDraw = True
63.0596 	EXP 	fade_in_text: autoDraw = True
63.0762 	EXP 	fade_in_text: autoDraw = True
63.0929 	EXP 	fade_in_text: autoDraw = True
63.1096 	EXP 	fade_in_text: autoDraw = True
63.1262 	EXP 	fade_in_text: autoDraw = True
63.1431 	EXP 	fade_in_text: autoDraw = True
63.1595 	EXP 	fade_in_text: autoDraw = True
63.1762 	EXP 	fade_in_text: autoDraw = True
63.1929 	EXP 	fade_in_text: autoDraw = True
63.2096 	EXP 	fade_in_text: autoDraw = True
63.2264 	EXP 	fade_in_text: autoDraw = True
63.2431 	EXP 	fade_in_text: autoDraw = True
63.2596 	EXP 	fade_in_text: autoDraw = True
63.2762 	EXP 	fade_in_text: autoDraw = True
63.2929 	EXP 	fade_in_text: autoDraw = True
63.3096 	EXP 	fade_in_text: autoDraw = True
63.3262 	EXP 	fade_in_text: autoDraw = True
63.3431 	EXP 	fade_in_text: autoDraw = True
63.3595 	EXP 	fade_in_text: autoDraw = True
63.3763 	EXP 	fade_in_text: autoDraw = True
63.3929 	EXP 	fade_in_text: autoDraw = True
63.4096 	EXP 	fade_in_text: autoDraw = True
63.4262 	EXP 	fade_in_text: autoDraw = True
63.4428 	EXP 	fade_in_text: autoDraw = True
63.4596 	EXP 	fade_in_text: autoDraw = True
63.4763 	EXP 	fade_in_text: autoDraw = True
63.4929 	EXP 	fade_in_text: autoDraw = True
63.5096 	EXP 	fade_in_text: autoDraw = True
63.5263 	EXP 	fade_in_text: autoDraw = True
63.5428 	EXP 	fade_in_text: autoDraw = True
63.5595 	EXP 	fade_in_text: autoDraw = True
63.5763 	EXP 	fade_in_text: autoDraw = True
63.5929 	EXP 	fade_in_text: autoDraw = True
63.6096 	EXP 	fade_in_text: autoDraw = True
63.6265 	EXP 	fade_in_text: autoDraw = True
63.6428 	EXP 	fade_in_text: autoDraw = True
63.6596 	EXP 	fade_in_text: autoDraw = True
63.6763 	EXP 	fade_in_text: autoDraw = True
63.6929 	EXP 	fade_in_text: autoDraw = True
63.7096 	EXP 	fade_in_text: autoDraw = True
63.7265 	EXP 	fade_in_text: autoDraw = True
63.7428 	EXP 	fade_in_text: autoDraw = True
63.7596 	EXP 	fade_in_text: autoDraw = True
63.7763 	EXP 	fade_in_text: autoDraw = True
63.7929 	EXP 	fade_in_text: autoDraw = True
63.8096 	EXP 	fade_in_text: autoDraw = True
63.8264 	EXP 	fade_in_text: autoDraw = True
63.8429 	EXP 	fade_in_text: autoDraw = True
63.8596 	EXP 	fade_in_text: autoDraw = True
63.8763 	EXP 	fade_in_text: autoDraw = True
63.8930 	EXP 	fade_in_text: autoDraw = True
63.9097 	EXP 	fade_in_text: autoDraw = True
63.9264 	EXP 	fade_in_text: autoDraw = True
63.9429 	EXP 	fade_in_text: autoDraw = True
63.9596 	EXP 	fade_in_text: autoDraw = True
63.9763 	EXP 	fade_in_text: autoDraw = True
63.9929 	EXP 	fade_in_text: autoDraw = True
64.0096 	EXP 	fade_in_text: autoDraw = True
64.0262 	EXP 	fade_in_text: autoDraw = True
64.0429 	EXP 	fade_in_text: autoDraw = True
64.0596 	EXP 	fade_in_text: autoDraw = True
64.0763 	EXP 	fade_in_text: autoDraw = True
64.0930 	EXP 	fade_in_text: autoDraw = True
64.1096 	EXP 	fade_in_text: autoDraw = True
64.1262 	EXP 	fade_in_text: autoDraw = True
64.1429 	EXP 	fade_in_text: autoDraw = True
64.1596 	EXP 	fade_in_text: autoDraw = True
64.1763 	EXP 	fade_in_text: autoDraw = True
64.1930 	EXP 	fade_in_text: autoDraw = True
64.2097 	EXP 	fade_in_text: autoDraw = True
64.2262 	EXP 	fade_in_text: autoDraw = True
64.2430 	EXP 	fade_in_text: autoDraw = True
64.2596 	EXP 	fade_in_text: autoDraw = True
64.2763 	EXP 	fade_in_text: autoDraw = True
64.2930 	EXP 	fade_in_text: autoDraw = True
64.3098 	EXP 	fade_in_text: autoDraw = True
64.3262 	EXP 	fade_in_text: autoDraw = True
64.3430 	EXP 	fade_in_text: autoDraw = True
64.3596 	EXP 	fade_in_text: autoDraw = True
64.3763 	EXP 	fade_in_text: autoDraw = True
64.3930 	EXP 	fade_in_text: autoDraw = True
64.4098 	EXP 	fade_in_text: autoDraw = True
64.4263 	EXP 	fade_in_text: autoDraw = True
64.4430 	EXP 	fade_in_text: autoDraw = True
64.4596 	EXP 	fade_in_text: autoDraw = True
64.4763 	EXP 	fade_in_text: autoDraw = True
64.4930 	EXP 	fade_in_text: autoDraw = True
64.5098 	EXP 	fade_in_text: autoDraw = True
64.5262 	EXP 	fade_in_text: autoDraw = True
64.5430 	EXP 	fade_in_text: autoDraw = True
64.5596 	EXP 	fade_in_text: autoDraw = True
64.5764 	EXP 	fade_in_text: autoDraw = True
64.5928 	EXP 	fade_in_text: autoDraw = True
64.6093 	EXP 	fade_in_text: autoDraw = True
64.6260 	EXP 	fade_in_text: autoDraw = True
64.6427 	EXP 	fade_in_text: autoDraw = True
64.6595 	EXP 	fade_in_text: autoDraw = True
64.6761 	EXP 	fade_in_text: autoDraw = True
64.6928 	EXP 	fade_in_text: autoDraw = True
64.7093 	EXP 	fade_in_text: autoDraw = True
64.7260 	EXP 	fade_in_text: autoDraw = True
64.7428 	EXP 	fade_in_text: autoDraw = True
64.7594 	EXP 	fade_in_text: autoDraw = True
64.7761 	EXP 	fade_in_text: autoDraw = True
64.7928 	EXP 	fade_in_text: autoDraw = True
64.8093 	EXP 	fade_in_text: autoDraw = True
64.8260 	EXP 	fade_in_text: autoDraw = True
64.8428 	EXP 	fade_in_text: autoDraw = True
64.8594 	EXP 	fade_in_text: autoDraw = True
64.8761 	EXP 	fade_in_text: autoDraw = True
64.8929 	EXP 	fade_in_text: autoDraw = True
64.9094 	EXP 	fade_in_text: autoDraw = True
64.9260 	EXP 	fade_in_text: autoDraw = True
64.9428 	EXP 	fade_in_text: autoDraw = True
64.9594 	EXP 	fade_in_text: autoDraw = True
64.9761 	EXP 	fade_in_text: autoDraw = True
64.9928 	EXP 	fade_in_text: autoDraw = True
65.0094 	EXP 	fade_in_text: autoDraw = True
65.0260 	EXP 	fade_in_text: autoDraw = True
65.0428 	EXP 	fade_in_text: autoDraw = True
65.0595 	EXP 	fade_in_text: autoDraw = True
65.0763 	EXP 	fade_in_text: autoDraw = True
65.0927 	EXP 	fade_in_text: autoDraw = True
65.1094 	EXP 	fade_in_text: autoDraw = True
65.1261 	EXP 	fade_in_text: autoDraw = True
65.1428 	EXP 	fade_in_text: autoDraw = True
65.1594 	EXP 	fade_in_text: autoDraw = True
65.1763 	EXP 	fade_in_text: autoDraw = True
65.1927 	EXP 	fade_in_text: autoDraw = True
65.2094 	EXP 	fade_in_text: autoDraw = True
65.2261 	EXP 	fade_in_text: autoDraw = True
65.2428 	EXP 	fade_in_text: autoDraw = True
65.2594 	EXP 	fade_in_text: autoDraw = True
65.2763 	EXP 	fade_in_text: autoDraw = True
65.2927 	EXP 	fade_in_text: autoDraw = True
65.3094 	EXP 	fade_in_text: autoDraw = True
65.3261 	EXP 	fade_in_text: autoDraw = True
65.3428 	EXP 	fade_in_text: autoDraw = True
65.3595 	EXP 	fade_in_text: autoDraw = True
65.3762 	EXP 	fade_in_text: autoDraw = True
65.3927 	EXP 	fade_in_text: autoDraw = True
65.4094 	EXP 	fade_in_text: autoDraw = True
65.4261 	EXP 	fade_in_text: autoDraw = True
65.4428 	EXP 	fade_in_text: autoDraw = True
65.4595 	EXP 	fade_in_text: autoDraw = True
65.4761 	EXP 	fade_in_text: autoDraw = True
65.4927 	EXP 	fade_in_text: autoDraw = True
65.5094 	EXP 	fade_in_text: autoDraw = True
65.5261 	EXP 	fade_in_text: autoDraw = True
65.5428 	EXP 	fade_in_text: autoDraw = True
65.5595 	EXP 	fade_in_text: autoDraw = True
65.5762 	EXP 	fade_in_text: autoDraw = True
65.5927 	EXP 	fade_in_text: autoDraw = True
65.6094 	EXP 	fade_in_text: autoDraw = True
65.6261 	EXP 	fade_in_text: autoDraw = True
65.6428 	EXP 	fade_in_text: autoDraw = True
65.6595 	EXP 	fade_in_text: autoDraw = True
65.6761 	EXP 	fade_in_text: autoDraw = True
65.6927 	EXP 	fade_in_text: autoDraw = True
65.7095 	EXP 	fade_in_text: autoDraw = True
65.7261 	EXP 	fade_in_text: autoDraw = True
65.7428 	EXP 	fade_in_text: autoDraw = True
65.7595 	EXP 	fade_in_text: autoDraw = True
65.7761 	EXP 	fade_in_text: autoDraw = True
65.7928 	EXP 	fade_in_text: autoDraw = True
65.8095 	EXP 	fade_in_text: autoDraw = True
65.8262 	EXP 	fade_in_text: autoDraw = True
65.8428 	EXP 	fade_in_text: autoDraw = True
65.8596 	EXP 	fade_in_text: autoDraw = True
65.8761 	EXP 	fade_in_text: autoDraw = True
65.8928 	EXP 	fade_in_text: autoDraw = True
65.9095 	EXP 	fade_in_text: autoDraw = True
65.9262 	EXP 	fade_in_text: autoDraw = True
65.9428 	EXP 	fade_in_text: autoDraw = True
65.9596 	EXP 	fade_in_text: autoDraw = True
65.9761 	EXP 	fade_in_text: autoDraw = True
65.9928 	EXP 	fade_in_text: autoDraw = True
66.0095 	EXP 	fade_in_text: autoDraw = True
66.0261 	EXP 	fade_in_text: autoDraw = True
66.0428 	EXP 	fade_in_text: autoDraw = True
66.0596 	EXP 	fade_in_text: autoDraw = True
69.0930 	EXP 	fade_in_text: autoDraw = False
69.0930 	EXP 	RS_intro_title: autoDraw = True
69.0930 	EXP 	RS_intro_text: autoDraw = True
75.8830 	DATA 	Keypress: escape
76.0161 	EXP 	window1: mouseVisible = True
