59.3701 	EXP 	Created instruction_text = TextStim(__class__=<class 'psychopy.visual.text.TextStim'>, alignHoriz='center', alignVert='center', antialias=True, autoLog=True, bold=False, color=array([1., 1., 1.]), colorSpace='rgb', contrast=1.0, depth=-0.0, flipHoriz=False, flipVert=False, font='Arial', fontFiles=[], height=0.06, italic=False, languageStyle='LTR', name='instruction_text', opacity=1.0, ori=0.0, pos=array([0.5, 0.1]), rgb=array([1., 1., 1.]), text=str(...), units='norm', win=Window(...), wrapWidth=1)
59.6204 	EXP 	Created instruction_cont = TextStim(__class__=<class 'psychopy.visual.text.TextStim'>, alignHoriz='center', alignVert='center', antialias=True, autoLog=True, bold=False, color=array([1., 1., 1.]), colorSpace='rgb', contrast=1.0, depth=-3.0, flipHoriz=False, flipVert=False, font='Arial', fontFiles=[], height=0.06, italic=False, languageStyle='LTR', name='instruction_cont', opacity=1.0, ori=0.0, pos=array([ 0.5, -0.4]), rgb=array([1., 1., 1.]), text='          Press [space] key to continue.', units='norm', win=Window(...), wrapWidth=1)
59.6326 	EXP 	Created Artifact_intro_title = TextStim(__class__=<class 'psychopy.visual.text.TextStim'>, alignHoriz='center', alignVert='center', antialias=True, autoLog=True, bold=False, color=array([1., 1., 1.]), colorSpace='rgb', contrast=1.0, depth=-0.0, flipHoriz=False, flipVert=False, font='Arial', fontFiles=[], height=0.06, italic=False, languageStyle='LTR', name='Artifact_intro_title', opacity=1.0, ori=0.0, pos=array([0.5, 0.4]), rgb=array([1., 1., 1.]), text='Muscular signal recording', units='norm', win=Window(...), wrapWidth=1)
59.6464 	EXP 	Created Artifact_intro_text = TextStim(__class__=<class 'psychopy.visual.text.TextStim'>, alignHoriz='center', alignVert='center', antialias=True, autoLog=True, bold=False, color=array([1., 1., 1.]), colorSpace='rgb', contrast=1.0, depth=-1.0, flipHoriz=False, flipVert=False, font='Arial', fontFiles=[], height=0.06, italic=False, languageStyle='LTR', name='Artifact_intro_text', opacity=1.0, ori=0.0, pos=array([0.5, 0. ]), rgb=array([1., 1., 1.]), text=str(...), units='norm', win=Window(...), wrapWidth=1)
59.6588 	EXP 	Created Artifact_intro_cont = TextStim(__class__=<class 'psychopy.visual.text.TextStim'>, alignHoriz='center', alignVert='center', antialias=True, autoLog=True, bold=False, color=array([1., 1., 1.]), colorSpace='rgb', contrast=1.0, depth=-4.0, flipHoriz=False, flipVert=False, font='Arial', fontFiles=[], height=0.06, italic=False, languageStyle='LTR', name='Artifact_intro_cont', opacity=1.0, ori=0.0, pos=array([0.5, 0. ]), rgb=array([1., 1., 1.]), text='          Press [space] key to continue.', units='norm', win=Window(...), wrapWidth=1)
59.6595 	EXP 	Created Artifact_rec_text = TextStim(__class__=<class 'psychopy.visual.text.TextStim'>, alignHoriz='center', alignVert='center', antialias=True, autoLog=True, bold=False, color=array([1., 1., 1.]), colorSpace='rgb', contrast=1.0, depth=-0.0, flipHoriz=False, flipVert=False, font='Arial', fontFiles=[], height=0.06, italic=False, languageStyle='LTR', name='Artifact_rec_text', opacity=1.0, ori=0.0, pos=array([0.5, 0.4]), rgb=array([1., 1., 1.]), text='', units='norm', win=Window(...), wrapWidth=1)
59.6616 	EXP 	Created Artifact_rec_recording = TextStim(__class__=<class 'psychopy.visual.text.TextStim'>, alignHoriz='center', alignVert='center', antialias=True, autoLog=True, bold=False, color=array([1., 1., 1.]), colorSpace='rgb', contrast=1.0, depth=-4.0, flipHoriz=False, flipVert=False, font='Arial', fontFiles=[], height=0.06, italic=False, languageStyle='LTR', name='Artifact_rec_recording', opacity=1.0, ori=0.0, pos=array([ 0.5, -0.4]), rgb=array([1., 1., 1.]), text='', units='norm', win=Window(...), wrapWidth=1)
59.6645 	EXP 	Created Artifact_rec_break = TextStim(__class__=<class 'psychopy.visual.text.TextStim'>, alignHoriz='center', alignVert='center', antialias=True, autoLog=True, bold=False, color=array([1., 1., 1.]), colorSpace='rgb', contrast=1.0, depth=-6.0, flipHoriz=False, flipVert=False, font='Arial', fontFiles=[], height=0.06, italic=False, languageStyle='LTR', name='Artifact_rec_break', opacity=1.0, ori=0.0, pos=array([ 0.5, -0.4]), rgb=array([1., 1., 1.]), text='Short break', units='norm', win=Window(...), wrapWidth=1)
59.6696 	EXP 	Created Cali_de_pre_intro_title = TextStim(__class__=<class 'psychopy.visual.text.TextStim'>, alignHoriz='center', alignVert='center', antialias=True, autoLog=True, bold=False, color=array([1., 1., 1.]), colorSpace='rgb', contrast=1.0, depth=-0.0, flipHoriz=False, flipVert=False, font='Arial', fontFiles=[], height=0.06, italic=False, languageStyle='LTR', name='Cali_de_pre_intro_title', opacity=1.0, ori=0.0, pos=array([0.5, 0.4]), rgb=array([1., 1., 1.]), text='READ OUT BLOCK (GERMAN)', units='norm', win=Window(...), wrapWidth=1)
59.6777 	EXP 	Created Cali_de_pre_intro_text = TextStim(__class__=<class 'psychopy.visual.text.TextStim'>, alignHoriz='center', alignVert='center', antialias=True, autoLog=True, bold=False, color=array([1., 1., 1.]), colorSpace='rgb', contrast=1.0, depth=-1.0, flipHoriz=False, flipVert=False, font='Arial', fontFiles=[], height=0.06, italic=False, languageStyle='LTR', name='Cali_de_pre_intro_text', opacity=1.0, ori=0.0, pos=array([0.5, 0. ]), rgb=array([1., 1., 1.]), text=str(...), units='norm', win=Window(...), wrapWidth=1)
59.6826 	EXP 	Created Cali_de_pre_intro_cont = TextStim(__class__=<class 'psychopy.visual.text.TextStim'>, alignHoriz='center', alignVert='center', antialias=True, autoLog=True, bold=False, color=array([1., 1., 1.]), colorSpace='rgb', contrast=1.0, depth=-4.0, flipHoriz=False, flipVert=False, font='Arial', fontFiles=[], height=0.06, italic=False, languageStyle='LTR', name='Cali_de_pre_intro_cont', opacity=1.0, ori=0.0, pos=array([0.5, 0. ]), rgb=array([1., 1., 1.]), text='          Press [space] key to continue.', units='norm', win=Window(...), wrapWidth=1)
59.6831 	EXP 	Created Cali_de_pre_rec_text = TextStim(__class__=<class 'psychopy.visual.text.TextStim'>, alignHoriz='center', alignVert='center', antialias=True, autoLog=True, bold=False, color=array([1., 1., 1.]), colorSpace='rgb', contrast=1.0, depth=-0.0, flipHoriz=False, flipVert=False, font='Arial', fontFiles=[], height=0.06, italic=False, languageStyle='LTR', name='Cali_de_pre_rec_text', opacity=1.0, ori=0.0, pos=array([0.5, 0.4]), rgb=array([1., 1., 1.]), text='', units='norm', win=Window(...), wrapWidth=1)
59.6839 	EXP 	Created Cali_de_pre_rec_question_text = TextStim(__class__=<class 'psychopy.visual.text.TextStim'>, alignHoriz='center', alignVert='center', antialias=True, autoLog=True, bold=False, color=array([1., 1., 1.]), colorSpace='rgb', contrast=1.0, depth=-2.0, flipHoriz=False, flipVert=False, font='Arial', fontFiles=[], height=0.06, italic=False, languageStyle='LTR', name='Cali_de_pre_rec_question_text', opacity=1.0, ori=0.0, pos=array([0.5, 0. ]), rgb=array([1., 1., 1.]), text='', units='norm', win=Window(...), wrapWidth=1)
59.6860 	EXP 	Created Cali_de_pre_rec_break = TextStim(__class__=<class 'psychopy.visual.text.TextStim'>, alignHoriz='center', alignVert='center', antialias=True, autoLog=True, bold=False, color=array([1., 1., 1.]), colorSpace='rgb', contrast=1.0, depth=-6.0, flipHoriz=False, flipVert=False, font='Arial', fontFiles=[], height=0.06, italic=False, languageStyle='LTR', name='Cali_de_pre_rec_break', opacity=1.0, ori=0.0, pos=array([ 0.5, -0.4]), rgb=array([1., 1., 1.]), text='Short break', units='norm', win=Window(...), wrapWidth=1)
59.6864 	EXP 	Created fade_in_text = TextStim(__class__=<class 'psychopy.visual.text.TextStim'>, alignHoriz='center', alignVert='center', antialias=True, autoLog=True, bold=False, color=array([1., 1., 1.]), colorSpace='rgb', contrast=1.0, depth=-0.0, flipHoriz=False, flipVert=False, font='Arial', fontFiles=[], height=0.06, italic=False, languageStyle='LTR', name='fade_in_text', opacity=1.0, ori=0.0, pos=array([0.5, 0.4]), rgb=array([1., 1., 1.]), text='', units='norm', win=Window(...), wrapWidth=1)
59.6884 	EXP 	Created RS_intro_title = TextStim(__class__=<class 'psychopy.visual.text.TextStim'>, alignHoriz='center', alignVert='center', antialias=True, autoLog=True, bold=False, color=array([1., 1., 1.]), colorSpace='rgb', contrast=1.0, depth=-0.0, flipHoriz=False, flipVert=False, font='Arial', fontFiles=[], height=0.06, italic=False, languageStyle='LTR', name='RS_intro_title', opacity=1.0, ori=0.0, pos=array([0.5, 0.4]), rgb=array([1., 1., 1.]), text='REST STATE BLOCK', units='norm', win=Window(...), wrapWidth=1)
59.6942 	EXP 	Created RS_intro_text = TextStim(__class__=<class 'psychopy.visual.text.TextStim'>, alignHoriz='center', alignVert='center', antialias=True, autoLog=True, bold=False, color=array([1., 1., 1.]), colorSpace='rgb', contrast=1.0, depth=-1.0, flipHoriz=False, flipVert=False, font='Arial', fontFiles=[], height=0.06, italic=False, languageStyle='LTR', name='RS_intro_text', opacity=1.0, ori=0.0, pos=array([0.5, 0. ]), rgb=array([1., 1., 1.]), text=str(...), units='norm', win=Window(...), wrapWidth=1)
59.6994 	EXP 	Created RS_rec_text = TextStim(__class__=<class 'psychopy.visual.text.TextStim'>, alignHoriz='center', alignVert='center', antialias=True, autoLog=True, bold=False, color=array([1., 1., 1.]), colorSpace='rgb', contrast=1.0, depth=-0.0, flipHoriz=False, flipVert=False, font='Arial', fontFiles=[], height=0.06, italic=False, languageStyle='LTR', name='RS_rec_text', opacity=1.0, ori=0.0, pos=array([0.5, 0. ]), rgb=array([1., 1., 1.]), text=str(...), units='norm', win=Window(...), wrapWidth=1)
59.7016 	EXP 	Created QA_intro_title = TextStim(__class__=<class 'psychopy.visual.text.TextStim'>, alignHoriz='center', alignVert='center', antialias=True, autoLog=True, bold=False, color=array([1., 1., 1.]), colorSpace='rgb', contrast=1.0, depth=-0.0, flipHoriz=False, flipVert=False, font='Arial', fontFiles=[], height=0.06, italic=False, languageStyle='LTR', name='QA_intro_title', opacity=1.0, ori=0.0, pos=array([0.5, 0.5]), rgb=array([1., 1., 1.]), text='Q&A BLOCK', units='norm', win=Window(...), wrapWidth=1)
59.7108 	EXP 	Created QA_intro_text = TextStim(__class__=<class 'psychopy.visual.text.TextStim'>, alignHoriz='center', alignVert='center', antialias=True, autoLog=True, bold=False, color=array([1., 1., 1.]), colorSpace='rgb', contrast=1.0, depth=-1.0, flipHoriz=False, flipVert=False, font='Arial', fontFiles=[], height=0.06, italic=False, languageStyle='LTR', name='QA_intro_text', opacity=1.0, ori=0.0, pos=array([0.5, 0. ]), rgb=array([1., 1., 1.]), text=str(...), units='norm', win=Window(...), wrapWidth=1)
59.7149 	EXP 	Created QA_intro_cont = TextStim(__class__=<class 'psychopy.visual.text.TextStim'>, alignHoriz='center', alignVert='center', antialias=True, autoLog=True, bold=False, color=array([1., 1., 1.]), colorSpace='rgb', contrast=1.0, depth=-4.0, flipHoriz=False, flipVert=False, font='Arial', fontFiles=[], height=0.06, italic=False, languageStyle='LTR', name='QA_intro_cont', opacity=1.0, ori=0.0, pos=array([0.5, 0. ]), rgb=array([1., 1., 1.]), text='          Press [space] key to continue.', units='norm', win=Window(...), wrapWidth=1)
59.7177 	EXP 	Created QA_rec_text = TextStim(__class__=<class 'psychopy.visual.text.TextStim'>, alignHoriz='center', alignVert='center', antialias=True, autoLog=True, bold=False, color=array([1., 1., 1.]), colorSpace='rgb', contrast=1.0, depth=-0.0, flipHoriz=False, flipVert=False, font='Arial', fontFiles=[], height=0.06, italic=False, languageStyle='LTR', name='QA_rec_text', opacity=1.0, ori=0.0, pos=array([0.5, 0. ]), rgb=array([1., 1., 1.]), text=str(...), units='norm', win=Window(...), wrapWidth=1)
59.7215 	EXP 	Created QA_rec_break = TextStim(__class__=<class 'psychopy.visual.text.TextStim'>, alignHoriz='center', alignVert='center', antialias=True, autoLog=True, bold=False, color=array([1., 1., 1.]), colorSpace='rgb', contrast=1.0, depth=-6.0, flipHoriz=False, flipVert=False, font='Arial', fontFiles=[], height=0.06, italic=False, languageStyle='LTR', name='QA_rec_break', opacity=1.0, ori=0.0, pos=array([ 0.5, -0.4]), rgb=array([1., 1., 1.]), text='Short break', units='norm', win=Window(...), wrapWidth=1)
59.7257 	EXP 	Created Pause_cont = TextStim(__class__=<class 'psychopy.visual.text.TextStim'>, alignHoriz='center', alignVert='center', antialias=True, autoLog=True, bold=False, color=array([1., 1., 1.]), colorSpace='rgb', contrast=1.0, depth=-2.0, flipHoriz=False, flipVert=False, font='Arial', fontFiles=[], height=0.06, italic=False, languageStyle='LTR', name='Pause_cont', opacity=1.0, ori=0.0, pos=array([0.5, 0. ]), rgb=array([1., 1., 1.]), text=str(...), units='norm', win=Window(...), wrapWidth=1)
59.7279 	EXP 	Created Cali_de_post_intro_title = TextStim(__class__=<class 'psychopy.visual.text.TextStim'>, alignHoriz='center', alignVert='center', antialias=True, autoLog=True, bold=False, color=array([1., 1., 1.]), colorSpace='rgb', contrast=1.0, depth=-0.0, flipHoriz=False, flipVert=False, font='Arial', fontFiles=[], height=0.06, italic=False, languageStyle='LTR', name='Cali_de_post_intro_title', opacity=1.0, ori=0.0, pos=array([0.5, 0.4]), rgb=array([1., 1., 1.]), text='READ OUT BLOCK (GERMAN)', units='norm', win=Window(...), wrapWidth=1)
59.7699 	EXP 	Created Cali_de_post_intro_text = TextStim(__class__=<class 'psychopy.visual.text.TextStim'>, alignHoriz='center', alignVert='center', antialias=True, autoLog=True, bold=False, color=array([1., 1., 1.]), colorSpace='rgb', contrast=1.0, depth=-1.0, flipHoriz=False, flipVert=False, font='Arial', fontFiles=[], height=0.06, italic=False, languageStyle='LTR', name='Cali_de_post_intro_text', opacity=1.0, ori=0.0, pos=array([0.5, 0. ]), rgb=array([1., 1., 1.]), text=str(...), units='norm', win=Window(...), wrapWidth=1)
59.7748 	EXP 	Created Cali_de_post_intro_cont = TextStim(__class__=<class 'psychopy.visual.text.TextStim'>, alignHoriz='center', alignVert='center', antialias=True, autoLog=True, bold=False, color=array([1., 1., 1.]), colorSpace='rgb', contrast=1.0, depth=-4.0, flipHoriz=False, flipVert=False, font='Arial', fontFiles=[], height=0.06, italic=False, languageStyle='LTR', name='Cali_de_post_intro_cont', opacity=1.0, ori=0.0, pos=array([0.5, 0. ]), rgb=array([1., 1., 1.]), text='          Press [space] key to continue.', units='norm', win=Window(...), wrapWidth=1)
59.7752 	EXP 	Created Cali_de_post_rec_text = TextStim(__class__=<class 'psychopy.visual.text.TextStim'>, alignHoriz='center', alignVert='center', antialias=True, autoLog=True, bold=False, color=array([1., 1., 1.]), colorSpace='rgb', contrast=1.0, depth=-0.0, flipHoriz=False, flipVert=False, font='Arial', fontFiles=[], height=0.06, italic=False, languageStyle='LTR', name='Cali_de_post_rec_text', opacity=1.0, ori=0.0, pos=array([0.5, 0.4]), rgb=array([1., 1., 1.]), text='', units='norm', win=Window(...), wrapWidth=1)
59.7760 	EXP 	Created Cali_de_post_rec_question_text = TextStim(__class__=<class 'psychopy.visual.text.TextStim'>, alignHoriz='center', alignVert='center', antialias=True, autoLog=True, bold=False, color=array([1., 1., 1.]), colorSpace='rgb', contrast=1.0, depth=-2.0, flipHoriz=False, flipVert=False, font='Arial', fontFiles=[], height=0.06, italic=False, languageStyle='LTR', name='Cali_de_post_rec_question_text', opacity=1.0, ori=0.0, pos=array([0.5, 0. ]), rgb=array([1., 1., 1.]), text='', units='norm', win=Window(...), wrapWidth=1)
59.7780 	EXP 	Created Cali_de_post_rec_break = TextStim(__class__=<class 'psychopy.visual.text.TextStim'>, alignHoriz='center', alignVert='center', antialias=True, autoLog=True, bold=False, color=array([1., 1., 1.]), colorSpace='rgb', contrast=1.0, depth=-6.0, flipHoriz=False, flipVert=False, font='Arial', fontFiles=[], height=0.06, italic=False, languageStyle='LTR', name='Cali_de_post_rec_break', opacity=1.0, ori=0.0, pos=array([ 0.5, -0.4]), rgb=array([1., 1., 1.]), text='Short break', units='norm', win=Window(...), wrapWidth=1)
59.7813 	EXP 	Created the_end_text = TextStim(__class__=<class 'psychopy.visual.text.TextStim'>, alignHoriz='center', alignVert='center', antialias=True, autoLog=True, bold=False, color=array([1., 1., 1.]), colorSpace='rgb', contrast=1.0, depth=-1.0, flipHoriz=False, flipVert=False, font='Arial', fontFiles=[], height=0.06, italic=False, languageStyle='LTR', name='the_end_text', opacity=1.0, ori=0.0, pos=array([0.7, 0. ]), rgb=array([1., 1., 1.]), text=str(...), units='norm', win=Window(...), wrapWidth=1)
61.7844 	EXP 	Created sequence: random, trialTypes=1, nReps=4, seed=None
61.7847 	EXP 	New trial (rep=0, index=0): None
61.7849 	EXP 	New trial (rep=1, index=0): None
66.8213 	EXP 	fade_in_text: text = 'Please remain seated until further instruction via the earphone.'
66.8213 	EXP 	fade_in_text: autoDraw = True
72.8216 	EXP 	fade_in_text: autoDraw = True
72.8381 	EXP 	fade_in_text: autoDraw = True
72.8550 	EXP 	fade_in_text: autoDraw = True
72.8714 	EXP 	fade_in_text: autoDraw = True
72.8882 	EXP 	fade_in_text: autoDraw = True
72.9048 	EXP 	fade_in_text: autoDraw = True
72.9215 	EXP 	fade_in_text: autoDraw = True
72.9382 	EXP 	fade_in_text: autoDraw = True
72.9551 	EXP 	fade_in_text: autoDraw = True
72.9714 	EXP 	fade_in_text: autoDraw = True
72.9881 	EXP 	fade_in_text: autoDraw = True
73.0048 	EXP 	fade_in_text: autoDraw = True
73.0215 	EXP 	fade_in_text: autoDraw = True
73.0381 	EXP 	fade_in_text: autoDraw = True
73.0549 	EXP 	fade_in_text: autoDraw = True
73.0715 	EXP 	fade_in_text: autoDraw = True
73.0882 	EXP 	fade_in_text: autoDraw = True
73.1048 	EXP 	fade_in_text: autoDraw = True
73.1215 	EXP 	fade_in_text: autoDraw = True
73.1381 	EXP 	fade_in_text: autoDraw = True
73.1548 	EXP 	fade_in_text: autoDraw = True
73.1714 	EXP 	fade_in_text: autoDraw = True
73.1882 	EXP 	fade_in_text: autoDraw = True
73.2048 	EXP 	fade_in_text: autoDraw = True
73.2215 	EXP 	fade_in_text: autoDraw = True
73.2382 	EXP 	fade_in_text: autoDraw = True
73.2548 	EXP 	fade_in_text: autoDraw = True
73.2714 	EXP 	fade_in_text: autoDraw = True
73.2882 	EXP 	fade_in_text: autoDraw = True
73.3048 	EXP 	fade_in_text: autoDraw = True
73.3215 	EXP 	fade_in_text: autoDraw = True
73.3383 	EXP 	fade_in_text: autoDraw = True
73.3548 	EXP 	fade_in_text: autoDraw = True
73.3715 	EXP 	fade_in_text: autoDraw = True
73.3882 	EXP 	fade_in_text: autoDraw = True
73.4048 	EXP 	fade_in_text: autoDraw = True
73.4215 	EXP 	fade_in_text: autoDraw = True
73.4383 	EXP 	fade_in_text: autoDraw = True
73.4548 	EXP 	fade_in_text: autoDraw = True
73.4715 	EXP 	fade_in_text: autoDraw = True
73.4882 	EXP 	fade_in_text: autoDraw = True
73.5048 	EXP 	fade_in_text: autoDraw = True
73.5215 	EXP 	fade_in_text: autoDraw = True
73.5383 	EXP 	fade_in_text: autoDraw = True
73.5549 	EXP 	fade_in_text: autoDraw = True
73.5715 	EXP 	fade_in_text: autoDraw = True
73.5882 	EXP 	fade_in_text: autoDraw = True
73.6048 	EXP 	fade_in_text: autoDraw = True
73.6215 	EXP 	fade_in_text: autoDraw = True
73.6381 	EXP 	fade_in_text: autoDraw = True
73.6548 	EXP 	fade_in_text: autoDraw = True
73.6715 	EXP 	fade_in_text: autoDraw = True
73.6882 	EXP 	fade_in_text: autoDraw = True
73.7049 	EXP 	fade_in_text: autoDraw = True
73.7215 	EXP 	fade_in_text: autoDraw = True
73.7381 	EXP 	fade_in_text: autoDraw = True
73.7549 	EXP 	fade_in_text: autoDraw = True
73.7715 	EXP 	fade_in_text: autoDraw = True
73.7882 	EXP 	fade_in_text: autoDraw = True
73.8049 	EXP 	fade_in_text: autoDraw = True
73.8216 	EXP 	fade_in_text: autoDraw = True
73.8381 	EXP 	fade_in_text: autoDraw = True
73.8548 	EXP 	fade_in_text: autoDraw = True
73.8715 	EXP 	fade_in_text: autoDraw = True
73.8882 	EXP 	fade_in_text: autoDraw = True
73.9049 	EXP 	fade_in_text: autoDraw = True
73.9216 	EXP 	fade_in_text: autoDraw = True
73.9381 	EXP 	fade_in_text: autoDraw = True
73.9549 	EXP 	fade_in_text: autoDraw = True
73.9715 	EXP 	fade_in_text: autoDraw = True
73.9882 	EXP 	fade_in_text: autoDraw = True
74.0049 	EXP 	fade_in_text: autoDraw = True
74.0216 	EXP 	fade_in_text: autoDraw = True
74.0381 	EXP 	fade_in_text: autoDraw = True
74.0548 	EXP 	fade_in_text: autoDraw = True
74.0716 	EXP 	fade_in_text: autoDraw = True
74.0882 	EXP 	fade_in_text: autoDraw = True
74.1049 	EXP 	fade_in_text: autoDraw = True
74.1217 	EXP 	fade_in_text: autoDraw = True
74.1381 	EXP 	fade_in_text: autoDraw = True
74.1549 	EXP 	fade_in_text: autoDraw = True
74.1717 	EXP 	fade_in_text: autoDraw = True
74.1883 	EXP 	fade_in_text: autoDraw = True
74.2049 	EXP 	fade_in_text: autoDraw = True
74.2215 	EXP 	fade_in_text: autoDraw = True
74.2381 	EXP 	fade_in_text: autoDraw = True
74.2549 	EXP 	fade_in_text: autoDraw = True
74.2716 	EXP 	fade_in_text: autoDraw = True
74.2882 	EXP 	fade_in_text: autoDraw = True
74.3049 	EXP 	fade_in_text: autoDraw = True
74.3215 	EXP 	fade_in_text: autoDraw = True
74.3381 	EXP 	fade_in_text: autoDraw = True
74.3549 	EXP 	fade_in_text: autoDraw = True
74.3716 	EXP 	fade_in_text: autoDraw = True
74.3882 	EXP 	fade_in_text: autoDraw = True
74.4049 	EXP 	fade_in_text: autoDraw = True
74.4215 	EXP 	fade_in_text: autoDraw = True
74.4381 	EXP 	fade_in_text: autoDraw = True
74.4549 	EXP 	fade_in_text: autoDraw = True
74.4716 	EXP 	fade_in_text: autoDraw = True
74.4882 	EXP 	fade_in_text: autoDraw = True
74.5049 	EXP 	fade_in_text: autoDraw = True
74.5215 	EXP 	fade_in_text: autoDraw = True
74.5381 	EXP 	fade_in_text: autoDraw = True
74.5549 	EXP 	fade_in_text: autoDraw = True
74.5716 	EXP 	fade_in_text: autoDraw = True
74.5883 	EXP 	fade_in_text: autoDraw = True
74.6050 	EXP 	fade_in_text: autoDraw = True
74.6215 	EXP 	fade_in_text: autoDraw = True
74.6381 	EXP 	fade_in_text: autoDraw = True
74.6549 	EXP 	fade_in_text: autoDraw = True
74.6716 	EXP 	fade_in_text: autoDraw = True
74.6883 	EXP 	fade_in_text: autoDraw = True
74.7050 	EXP 	fade_in_text: autoDraw = True
74.7215 	EXP 	fade_in_text: autoDraw = True
74.7382 	EXP 	fade_in_text: autoDraw = True
74.7550 	EXP 	fade_in_text: autoDraw = True
74.7716 	EXP 	fade_in_text: autoDraw = True
74.7883 	EXP 	fade_in_text: autoDraw = True
74.8050 	EXP 	fade_in_text: autoDraw = True
74.8215 	EXP 	fade_in_text: autoDraw = True
74.8382 	EXP 	fade_in_text: autoDraw = True
74.8549 	EXP 	fade_in_text: autoDraw = True
74.8716 	EXP 	fade_in_text: autoDraw = True
74.8883 	EXP 	fade_in_text: autoDraw = True
74.9050 	EXP 	fade_in_text: autoDraw = True
74.9215 	EXP 	fade_in_text: autoDraw = True
74.9382 	EXP 	fade_in_text: autoDraw = True
74.9550 	EXP 	fade_in_text: autoDraw = True
74.9716 	EXP 	fade_in_text: autoDraw = True
74.9883 	EXP 	fade_in_text: autoDraw = True
75.0048 	EXP 	fade_in_text: autoDraw = True
75.0215 	EXP 	fade_in_text: autoDraw = True
75.0383 	EXP 	fade_in_text: autoDraw = True
75.0549 	EXP 	fade_in_text: autoDraw = True
75.0716 	EXP 	fade_in_text: autoDraw = True
75.0883 	EXP 	fade_in_text: autoDraw = True
75.1048 	EXP 	fade_in_text: autoDraw = True
75.1215 	EXP 	fade_in_text: autoDraw = True
75.1383 	EXP 	fade_in_text: autoDraw = True
75.1550 	EXP 	fade_in_text: autoDraw = True
75.1716 	EXP 	fade_in_text: autoDraw = True
75.1883 	EXP 	fade_in_text: autoDraw = True
75.2049 	EXP 	fade_in_text: autoDraw = True
75.2215 	EXP 	fade_in_text: autoDraw = True
75.2383 	EXP 	fade_in_text: autoDraw = True
75.2550 	EXP 	fade_in_text: autoDraw = True
75.2716 	EXP 	fade_in_text: autoDraw = True
75.2884 	EXP 	fade_in_text: autoDraw = True
75.3049 	EXP 	fade_in_text: autoDraw = True
75.3215 	EXP 	fade_in_text: autoDraw = True
75.3383 	EXP 	fade_in_text: autoDraw = True
75.3550 	EXP 	fade_in_text: autoDraw = True
75.3716 	EXP 	fade_in_text: autoDraw = True
75.3884 	EXP 	fade_in_text: autoDraw = True
75.4049 	EXP 	fade_in_text: autoDraw = True
75.4216 	EXP 	fade_in_text: autoDraw = True
75.4383 	EXP 	fade_in_text: autoDraw = True
75.4550 	EXP 	fade_in_text: autoDraw = True
75.4716 	EXP 	fade_in_text: autoDraw = True
75.4884 	EXP 	fade_in_text: autoDraw = True
75.5049 	EXP 	fade_in_text: autoDraw = True
75.5215 	EXP 	fade_in_text: autoDraw = True
75.5383 	EXP 	fade_in_text: autoDraw = True
75.5550 	EXP 	fade_in_text: autoDraw = True
75.5716 	EXP 	fade_in_text: autoDraw = True
75.5884 	EXP 	fade_in_text: autoDraw = True
75.6049 	EXP 	fade_in_text: autoDraw = True
75.6216 	EXP 	fade_in_text: autoDraw = True
75.6383 	EXP 	fade_in_text: autoDraw = True
75.6550 	EXP 	fade_in_text: autoDraw = True
75.6716 	EXP 	fade_in_text: autoDraw = True
75.6883 	EXP 	fade_in_text: autoDraw = True
75.7049 	EXP 	fade_in_text: autoDraw = True
75.7217 	EXP 	fade_in_text: autoDraw = True
75.7383 	EXP 	fade_in_text: autoDraw = True
75.7550 	EXP 	fade_in_text: autoDraw = True
75.7716 	EXP 	fade_in_text: autoDraw = True
75.7882 	EXP 	fade_in_text: autoDraw = True
75.8049 	EXP 	fade_in_text: autoDraw = True
75.8217 	EXP 	fade_in_text: autoDraw = True
75.8383 	EXP 	fade_in_text: autoDraw = True
75.8550 	EXP 	fade_in_text: autoDraw = True
75.8716 	EXP 	fade_in_text: autoDraw = True
75.8882 	EXP 	fade_in_text: autoDraw = True
75.9049 	EXP 	fade_in_text: autoDraw = True
75.9217 	EXP 	fade_in_text: autoDraw = True
75.9383 	EXP 	fade_in_text: autoDraw = True
75.9550 	EXP 	fade_in_text: autoDraw = True
75.9716 	EXP 	fade_in_text: autoDraw = True
75.9882 	EXP 	fade_in_text: autoDraw = True
76.0049 	EXP 	fade_in_text: autoDraw = True
76.0217 	EXP 	fade_in_text: autoDraw = True
76.0383 	EXP 	fade_in_text: autoDraw = True
76.0550 	EXP 	fade_in_text: autoDraw = True
76.0718 	EXP 	fade_in_text: autoDraw = True
76.0883 	EXP 	fade_in_text: autoDraw = True
76.1049 	EXP 	fade_in_text: autoDraw = True
76.1217 	EXP 	fade_in_text: autoDraw = True
76.1383 	EXP 	fade_in_text: autoDraw = True
76.1551 	EXP 	fade_in_text: autoDraw = True
76.1718 	EXP 	fade_in_text: autoDraw = True
76.1883 	EXP 	fade_in_text: autoDraw = True
76.2049 	EXP 	fade_in_text: autoDraw = True
76.2217 	EXP 	fade_in_text: autoDraw = True
76.2383 	EXP 	fade_in_text: autoDraw = True
76.2550 	EXP 	fade_in_text: autoDraw = True
76.2718 	EXP 	fade_in_text: autoDraw = True
76.2883 	EXP 	fade_in_text: autoDraw = True
76.3050 	EXP 	fade_in_text: autoDraw = True
76.3217 	EXP 	fade_in_text: autoDraw = True
76.3383 	EXP 	fade_in_text: autoDraw = True
76.3550 	EXP 	fade_in_text: autoDraw = True
76.3717 	EXP 	fade_in_text: autoDraw = True
76.3883 	EXP 	fade_in_text: autoDraw = True
76.4050 	EXP 	fade_in_text: autoDraw = True
76.4217 	EXP 	fade_in_text: autoDraw = True
76.4383 	EXP 	fade_in_text: autoDraw = True
76.4550 	EXP 	fade_in_text: autoDraw = True
76.4717 	EXP 	fade_in_text: autoDraw = True
76.4883 	EXP 	fade_in_text: autoDraw = True
76.5050 	EXP 	fade_in_text: autoDraw = True
76.5217 	EXP 	fade_in_text: autoDraw = True
76.5383 	EXP 	fade_in_text: autoDraw = True
76.5550 	EXP 	fade_in_text: autoDraw = True
76.5717 	EXP 	fade_in_text: autoDraw = True
76.5883 	EXP 	fade_in_text: autoDraw = True
76.6050 	EXP 	fade_in_text: autoDraw = True
76.6217 	EXP 	fade_in_text: autoDraw = True
76.6383 	EXP 	fade_in_text: autoDraw = True
76.6551 	EXP 	fade_in_text: autoDraw = True
76.6716 	EXP 	fade_in_text: autoDraw = True
76.6883 	EXP 	fade_in_text: autoDraw = True
76.7050 	EXP 	fade_in_text: autoDraw = True
76.7217 	EXP 	fade_in_text: autoDraw = True
76.7383 	EXP 	fade_in_text: autoDraw = True
76.7551 	EXP 	fade_in_text: autoDraw = True
76.7716 	EXP 	fade_in_text: autoDraw = True
76.7883 	EXP 	fade_in_text: autoDraw = True
76.8050 	EXP 	fade_in_text: autoDraw = True
76.8217 	EXP 	fade_in_text: autoDraw = True
76.8383 	EXP 	fade_in_text: autoDraw = True
76.8551 	EXP 	fade_in_text: autoDraw = True
76.8716 	EXP 	fade_in_text: autoDraw = True
76.8883 	EXP 	fade_in_text: autoDraw = True
76.9050 	EXP 	fade_in_text: autoDraw = True
76.9217 	EXP 	fade_in_text: autoDraw = True
76.9384 	EXP 	fade_in_text: autoDraw = True
76.9551 	EXP 	fade_in_text: autoDraw = True
76.9716 	EXP 	fade_in_text: autoDraw = True
76.9884 	EXP 	fade_in_text: autoDraw = True
77.0050 	EXP 	fade_in_text: autoDraw = True
77.0217 	EXP 	fade_in_text: autoDraw = True
77.0384 	EXP 	fade_in_text: autoDraw = True
77.0550 	EXP 	fade_in_text: autoDraw = True
77.0716 	EXP 	fade_in_text: autoDraw = True
77.0884 	EXP 	fade_in_text: autoDraw = True
77.1050 	EXP 	fade_in_text: autoDraw = True
77.1217 	EXP 	fade_in_text: autoDraw = True
77.1384 	EXP 	fade_in_text: autoDraw = True
77.1550 	EXP 	fade_in_text: autoDraw = True
77.1717 	EXP 	fade_in_text: autoDraw = True
77.1884 	EXP 	fade_in_text: autoDraw = True
77.2050 	EXP 	fade_in_text: autoDraw = True
77.2217 	EXP 	fade_in_text: autoDraw = True
77.2384 	EXP 	fade_in_text: autoDraw = True
77.2550 	EXP 	fade_in_text: autoDraw = True
77.2716 	EXP 	fade_in_text: autoDraw = True
77.2884 	EXP 	fade_in_text: autoDraw = True
77.3051 	EXP 	fade_in_text: autoDraw = True
77.3218 	EXP 	fade_in_text: autoDraw = True
77.3384 	EXP 	fade_in_text: autoDraw = True
77.3550 	EXP 	fade_in_text: autoDraw = True
77.3717 	EXP 	fade_in_text: autoDraw = True
77.3884 	EXP 	fade_in_text: autoDraw = True
77.4051 	EXP 	fade_in_text: autoDraw = True
77.4217 	EXP 	fade_in_text: autoDraw = True
77.4385 	EXP 	fade_in_text: autoDraw = True
77.4550 	EXP 	fade_in_text: autoDraw = True
77.4716 	EXP 	fade_in_text: autoDraw = True
77.4885 	EXP 	fade_in_text: autoDraw = True
77.5051 	EXP 	fade_in_text: autoDraw = True
77.5217 	EXP 	fade_in_text: autoDraw = True
77.5385 	EXP 	fade_in_text: autoDraw = True
77.5550 	EXP 	fade_in_text: autoDraw = True
77.5717 	EXP 	fade_in_text: autoDraw = True
77.5884 	EXP 	fade_in_text: autoDraw = True
77.6051 	EXP 	fade_in_text: autoDraw = True
77.6217 	EXP 	fade_in_text: autoDraw = True
77.6386 	EXP 	fade_in_text: autoDraw = True
77.6550 	EXP 	fade_in_text: autoDraw = True
77.6717 	EXP 	fade_in_text: autoDraw = True
77.6884 	EXP 	fade_in_text: autoDraw = True
77.7051 	EXP 	fade_in_text: autoDraw = True
77.7218 	EXP 	fade_in_text: autoDraw = True
77.7383 	EXP 	fade_in_text: autoDraw = True
77.7550 	EXP 	fade_in_text: autoDraw = True
77.7718 	EXP 	fade_in_text: autoDraw = True
77.7884 	EXP 	fade_in_text: autoDraw = True
77.8051 	EXP 	fade_in_text: autoDraw = True
77.8218 	EXP 	fade_in_text: autoDraw = True
77.8383 	EXP 	fade_in_text: autoDraw = True
77.8550 	EXP 	fade_in_text: autoDraw = True
77.8717 	EXP 	fade_in_text: autoDraw = True
77.8884 	EXP 	fade_in_text: autoDraw = True
77.9051 	EXP 	fade_in_text: autoDraw = True
77.9218 	EXP 	fade_in_text: autoDraw = True
77.9383 	EXP 	fade_in_text: autoDraw = True
77.9550 	EXP 	fade_in_text: autoDraw = True
77.9718 	EXP 	fade_in_text: autoDraw = True
77.9884 	EXP 	fade_in_text: autoDraw = True
78.0051 	EXP 	fade_in_text: autoDraw = True
78.0218 	EXP 	fade_in_text: autoDraw = True
78.0383 	EXP 	fade_in_text: autoDraw = True
78.0550 	EXP 	fade_in_text: autoDraw = True
78.0718 	EXP 	fade_in_text: autoDraw = True
78.0884 	EXP 	fade_in_text: autoDraw = True
78.1051 	EXP 	fade_in_text: autoDraw = True
78.1220 	EXP 	fade_in_text: autoDraw = True
78.1383 	EXP 	fade_in_text: autoDraw = True
78.1550 	EXP 	fade_in_text: autoDraw = True
78.1718 	EXP 	fade_in_text: autoDraw = True
78.1885 	EXP 	fade_in_text: autoDraw = True
78.2051 	EXP 	fade_in_text: autoDraw = True
78.2219 	EXP 	fade_in_text: autoDraw = True
78.2383 	EXP 	fade_in_text: autoDraw = True
78.2550 	EXP 	fade_in_text: autoDraw = True
78.2718 	EXP 	fade_in_text: autoDraw = True
78.2885 	EXP 	fade_in_text: autoDraw = True
78.3051 	EXP 	fade_in_text: autoDraw = True
78.3218 	EXP 	fade_in_text: autoDraw = True
78.3383 	EXP 	fade_in_text: autoDraw = True
78.3551 	EXP 	fade_in_text: autoDraw = True
78.3718 	EXP 	fade_in_text: autoDraw = True
78.3885 	EXP 	fade_in_text: autoDraw = True
78.4051 	EXP 	fade_in_text: autoDraw = True
78.4217 	EXP 	fade_in_text: autoDraw = True
78.4384 	EXP 	fade_in_text: autoDraw = True
78.4551 	EXP 	fade_in_text: autoDraw = True
78.4718 	EXP 	fade_in_text: autoDraw = True
78.4885 	EXP 	fade_in_text: autoDraw = True
78.5051 	EXP 	fade_in_text: autoDraw = True
78.5217 	EXP 	fade_in_text: autoDraw = True
78.5384 	EXP 	fade_in_text: autoDraw = True
78.5551 	EXP 	fade_in_text: autoDraw = True
78.5718 	EXP 	fade_in_text: autoDraw = True
78.5885 	EXP 	fade_in_text: autoDraw = True
78.6051 	EXP 	fade_in_text: autoDraw = True
78.6217 	EXP 	fade_in_text: autoDraw = True
78.6384 	EXP 	fade_in_text: autoDraw = True
78.6551 	EXP 	fade_in_text: autoDraw = True
78.6718 	EXP 	fade_in_text: autoDraw = True
78.6886 	EXP 	fade_in_text: autoDraw = True
78.7051 	EXP 	fade_in_text: autoDraw = True
78.7217 	EXP 	fade_in_text: autoDraw = True
78.7384 	EXP 	fade_in_text: autoDraw = True
78.7551 	EXP 	fade_in_text: autoDraw = True
78.7718 	EXP 	fade_in_text: autoDraw = True
78.7885 	EXP 	fade_in_text: autoDraw = True
78.8052 	EXP 	fade_in_text: autoDraw = True
78.8218 	EXP 	fade_in_text: autoDraw = True
78.8384 	EXP 	fade_in_text: autoDraw = True
78.8551 	EXP 	fade_in_text: autoDraw = True
78.8718 	EXP 	fade_in_text: autoDraw = True
78.8885 	EXP 	fade_in_text: autoDraw = True
78.9052 	EXP 	fade_in_text: autoDraw = True
78.9217 	EXP 	fade_in_text: autoDraw = True
78.9384 	EXP 	fade_in_text: autoDraw = True
78.9552 	EXP 	fade_in_text: autoDraw = True
78.9718 	EXP 	fade_in_text: autoDraw = True
78.9885 	EXP 	fade_in_text: autoDraw = True
79.0052 	EXP 	fade_in_text: autoDraw = True
79.0217 	EXP 	fade_in_text: autoDraw = True
79.0385 	EXP 	fade_in_text: autoDraw = True
79.0552 	EXP 	fade_in_text: autoDraw = True
79.0718 	EXP 	fade_in_text: autoDraw = True
79.0885 	EXP 	fade_in_text: autoDraw = True
79.1053 	EXP 	fade_in_text: autoDraw = True
79.1217 	EXP 	fade_in_text: autoDraw = True
79.1385 	EXP 	fade_in_text: autoDraw = True
79.1552 	EXP 	fade_in_text: autoDraw = True
79.1718 	EXP 	fade_in_text: autoDraw = True
79.1885 	EXP 	fade_in_text: autoDraw = True
79.2051 	EXP 	fade_in_text: autoDraw = True
79.2217 	EXP 	fade_in_text: autoDraw = True
79.2385 	EXP 	fade_in_text: autoDraw = True
79.2552 	EXP 	fade_in_text: autoDraw = True
79.2718 	EXP 	fade_in_text: autoDraw = True
79.2885 	EXP 	fade_in_text: autoDraw = True
79.3051 	EXP 	fade_in_text: autoDraw = True
79.3218 	EXP 	fade_in_text: autoDraw = True
79.3385 	EXP 	fade_in_text: autoDraw = True
79.3552 	EXP 	fade_in_text: autoDraw = True
79.3718 	EXP 	fade_in_text: autoDraw = True
79.3885 	EXP 	fade_in_text: autoDraw = True
79.4051 	EXP 	fade_in_text: autoDraw = True
79.4218 	EXP 	fade_in_text: autoDraw = True
79.4385 	EXP 	fade_in_text: autoDraw = True
79.4552 	EXP 	fade_in_text: autoDraw = True
79.4718 	EXP 	fade_in_text: autoDraw = True
79.4886 	EXP 	fade_in_text: autoDraw = True
79.5052 	EXP 	fade_in_text: autoDraw = True
79.5218 	EXP 	fade_in_text: autoDraw = True
79.5385 	EXP 	fade_in_text: autoDraw = True
79.5552 	EXP 	fade_in_text: autoDraw = True
79.5718 	EXP 	fade_in_text: autoDraw = True
79.5886 	EXP 	fade_in_text: autoDraw = True
79.6051 	EXP 	fade_in_text: autoDraw = True
79.6219 	EXP 	fade_in_text: autoDraw = True
79.6385 	EXP 	fade_in_text: autoDraw = True
79.6552 	EXP 	fade_in_text: autoDraw = True
79.6718 	EXP 	fade_in_text: autoDraw = True
79.6886 	EXP 	fade_in_text: autoDraw = True
79.7051 	EXP 	fade_in_text: autoDraw = True
79.7218 	EXP 	fade_in_text: autoDraw = True
79.7385 	EXP 	fade_in_text: autoDraw = True
79.7552 	EXP 	fade_in_text: autoDraw = True
79.7718 	EXP 	fade_in_text: autoDraw = True
79.7885 	EXP 	fade_in_text: autoDraw = True
79.8051 	EXP 	fade_in_text: autoDraw = True
79.8219 	EXP 	fade_in_text: autoDraw = True
79.8385 	EXP 	fade_in_text: autoDraw = True
79.8552 	EXP 	fade_in_text: autoDraw = True
79.8718 	EXP 	fade_in_text: autoDraw = True
79.8885 	EXP 	fade_in_text: autoDraw = True
79.9051 	EXP 	fade_in_text: autoDraw = True
79.9219 	EXP 	fade_in_text: autoDraw = True
79.9385 	EXP 	fade_in_text: autoDraw = True
79.9552 	EXP 	fade_in_text: autoDraw = True
79.9719 	EXP 	fade_in_text: autoDraw = True
79.9885 	EXP 	fade_in_text: autoDraw = True
80.0051 	EXP 	fade_in_text: autoDraw = True
80.0219 	EXP 	fade_in_text: autoDraw = True
80.0385 	EXP 	fade_in_text: autoDraw = True
80.0552 	EXP 	fade_in_text: autoDraw = True
80.0719 	EXP 	fade_in_text: autoDraw = True
80.0886 	EXP 	fade_in_text: autoDraw = True
80.1051 	EXP 	fade_in_text: autoDraw = True
80.1219 	EXP 	fade_in_text: autoDraw = True
80.1385 	EXP 	fade_in_text: autoDraw = True
80.1552 	EXP 	fade_in_text: autoDraw = True
80.1720 	EXP 	fade_in_text: autoDraw = True
80.1885 	EXP 	fade_in_text: autoDraw = True
80.2051 	EXP 	fade_in_text: autoDraw = True
80.2219 	EXP 	fade_in_text: autoDraw = True
80.2385 	EXP 	fade_in_text: autoDraw = True
80.2552 	EXP 	fade_in_text: autoDraw = True
80.2720 	EXP 	fade_in_text: autoDraw = True
80.2885 	EXP 	fade_in_text: autoDraw = True
80.3052 	EXP 	fade_in_text: autoDraw = True
80.3219 	EXP 	fade_in_text: autoDraw = True
80.3385 	EXP 	fade_in_text: autoDraw = True
80.3552 	EXP 	fade_in_text: autoDraw = True
80.3719 	EXP 	fade_in_text: autoDraw = True
80.3885 	EXP 	fade_in_text: autoDraw = True
80.4052 	EXP 	fade_in_text: autoDraw = True
80.4219 	EXP 	fade_in_text: autoDraw = True
80.4385 	EXP 	fade_in_text: autoDraw = True
80.4552 	EXP 	fade_in_text: autoDraw = True
80.4718 	EXP 	fade_in_text: autoDraw = True
80.4885 	EXP 	fade_in_text: autoDraw = True
80.5052 	EXP 	fade_in_text: autoDraw = True
80.5219 	EXP 	fade_in_text: autoDraw = True
80.5385 	EXP 	fade_in_text: autoDraw = True
80.5552 	EXP 	fade_in_text: autoDraw = True
80.5718 	EXP 	fade_in_text: autoDraw = True
80.5885 	EXP 	fade_in_text: autoDraw = True
80.6052 	EXP 	fade_in_text: autoDraw = True
80.6219 	EXP 	fade_in_text: autoDraw = True
80.6386 	EXP 	fade_in_text: autoDraw = True
80.6552 	EXP 	fade_in_text: autoDraw = True
80.6718 	EXP 	fade_in_text: autoDraw = True
80.6885 	EXP 	fade_in_text: autoDraw = True
80.7052 	EXP 	fade_in_text: autoDraw = True
80.7219 	EXP 	fade_in_text: autoDraw = True
80.7386 	EXP 	fade_in_text: autoDraw = True
80.7552 	EXP 	fade_in_text: autoDraw = True
80.7718 	EXP 	fade_in_text: autoDraw = True
80.7885 	EXP 	fade_in_text: autoDraw = True
80.8052 	EXP 	fade_in_text: autoDraw = True
80.8219 	EXP 	fade_in_text: autoDraw = True
80.8386 	EXP 	fade_in_text: autoDraw = True
80.8553 	EXP 	fade_in_text: autoDraw = True
80.8718 	EXP 	fade_in_text: autoDraw = True
80.8885 	EXP 	fade_in_text: autoDraw = True
80.9052 	EXP 	fade_in_text: autoDraw = True
80.9219 	EXP 	fade_in_text: autoDraw = True
80.9386 	EXP 	fade_in_text: autoDraw = True
80.9553 	EXP 	fade_in_text: autoDraw = True
80.9718 	EXP 	fade_in_text: autoDraw = True
80.9886 	EXP 	fade_in_text: autoDraw = True
81.0052 	EXP 	fade_in_text: autoDraw = True
81.0219 	EXP 	fade_in_text: autoDraw = True
81.0386 	EXP 	fade_in_text: autoDraw = True
81.0553 	EXP 	fade_in_text: autoDraw = True
81.0718 	EXP 	fade_in_text: autoDraw = True
81.0886 	EXP 	fade_in_text: autoDraw = True
81.1053 	EXP 	fade_in_text: autoDraw = True
81.1219 	EXP 	fade_in_text: autoDraw = True
81.1386 	EXP 	fade_in_text: autoDraw = True
81.1552 	EXP 	fade_in_text: autoDraw = True
81.1718 	EXP 	fade_in_text: autoDraw = True
81.1886 	EXP 	fade_in_text: autoDraw = True
81.2053 	EXP 	fade_in_text: autoDraw = True
81.2219 	EXP 	fade_in_text: autoDraw = True
81.2386 	EXP 	fade_in_text: autoDraw = True
81.2552 	EXP 	fade_in_text: autoDraw = True
81.2718 	EXP 	fade_in_text: autoDraw = True
81.2886 	EXP 	fade_in_text: autoDraw = True
81.3053 	EXP 	fade_in_text: autoDraw = True
81.3219 	EXP 	fade_in_text: autoDraw = True
81.3386 	EXP 	fade_in_text: autoDraw = True
81.3552 	EXP 	fade_in_text: autoDraw = True
81.3718 	EXP 	fade_in_text: autoDraw = True
81.3886 	EXP 	fade_in_text: autoDraw = True
81.4053 	EXP 	fade_in_text: autoDraw = True
81.4219 	EXP 	fade_in_text: autoDraw = True
81.4386 	EXP 	fade_in_text: autoDraw = True
81.4552 	EXP 	fade_in_text: autoDraw = True
81.4718 	EXP 	fade_in_text: autoDraw = True
81.4886 	EXP 	fade_in_text: autoDraw = True
81.5053 	EXP 	fade_in_text: autoDraw = True
81.5220 	EXP 	fade_in_text: autoDraw = True
81.5387 	EXP 	fade_in_text: autoDraw = True
81.5552 	EXP 	fade_in_text: autoDraw = True
81.5719 	EXP 	fade_in_text: autoDraw = True
81.5886 	EXP 	fade_in_text: autoDraw = True
81.6053 	EXP 	fade_in_text: autoDraw = True
81.6220 	EXP 	fade_in_text: autoDraw = True
81.6387 	EXP 	fade_in_text: autoDraw = True
81.6552 	EXP 	fade_in_text: autoDraw = True
81.6719 	EXP 	fade_in_text: autoDraw = True
81.6888 	EXP 	fade_in_text: autoDraw = True
81.7053 	EXP 	fade_in_text: autoDraw = True
81.7220 	EXP 	fade_in_text: autoDraw = True
81.7388 	EXP 	fade_in_text: autoDraw = True
81.7552 	EXP 	fade_in_text: autoDraw = True
81.7719 	EXP 	fade_in_text: autoDraw = True
81.7887 	EXP 	fade_in_text: autoDraw = True
81.8053 	EXP 	fade_in_text: autoDraw = True
81.8220 	EXP 	fade_in_text: autoDraw = True
81.8385 	EXP 	fade_in_text: autoDraw = True
81.8552 	EXP 	fade_in_text: autoDraw = True
81.8720 	EXP 	fade_in_text: autoDraw = True
81.8886 	EXP 	fade_in_text: autoDraw = True
81.9053 	EXP 	fade_in_text: autoDraw = True
81.9220 	EXP 	fade_in_text: autoDraw = True
81.9385 	EXP 	fade_in_text: autoDraw = True
81.9552 	EXP 	fade_in_text: autoDraw = True
81.9720 	EXP 	fade_in_text: autoDraw = True
81.9887 	EXP 	fade_in_text: autoDraw = True
82.0053 	EXP 	fade_in_text: autoDraw = True
82.0220 	EXP 	fade_in_text: autoDraw = True
82.0385 	EXP 	fade_in_text: autoDraw = True
82.0552 	EXP 	fade_in_text: autoDraw = True
82.0720 	EXP 	fade_in_text: autoDraw = True
82.0887 	EXP 	fade_in_text: autoDraw = True
82.1053 	EXP 	fade_in_text: autoDraw = True
82.1220 	EXP 	fade_in_text: autoDraw = True
82.1386 	EXP 	fade_in_text: autoDraw = True
82.1552 	EXP 	fade_in_text: autoDraw = True
82.1720 	EXP 	fade_in_text: autoDraw = True
82.1887 	EXP 	fade_in_text: autoDraw = True
82.2053 	EXP 	fade_in_text: autoDraw = True
82.2221 	EXP 	fade_in_text: autoDraw = True
82.2386 	EXP 	fade_in_text: autoDraw = True
82.2553 	EXP 	fade_in_text: autoDraw = True
82.2720 	EXP 	fade_in_text: autoDraw = True
82.2887 	EXP 	fade_in_text: autoDraw = True
82.3053 	EXP 	fade_in_text: autoDraw = True
82.3221 	EXP 	fade_in_text: autoDraw = True
82.3386 	EXP 	fade_in_text: autoDraw = True
82.3552 	EXP 	fade_in_text: autoDraw = True
82.3720 	EXP 	fade_in_text: autoDraw = True
82.3887 	EXP 	fade_in_text: autoDraw = True
82.4053 	EXP 	fade_in_text: autoDraw = True
82.4221 	EXP 	fade_in_text: autoDraw = True
82.4386 	EXP 	fade_in_text: autoDraw = True
82.4553 	EXP 	fade_in_text: autoDraw = True
82.4720 	EXP 	fade_in_text: autoDraw = True
82.4887 	EXP 	fade_in_text: autoDraw = True
82.5053 	EXP 	fade_in_text: autoDraw = True
82.5219 	EXP 	fade_in_text: autoDraw = True
82.5386 	EXP 	fade_in_text: autoDraw = True
82.5553 	EXP 	fade_in_text: autoDraw = True
82.5720 	EXP 	fade_in_text: autoDraw = True
82.5887 	EXP 	fade_in_text: autoDraw = True
82.6053 	EXP 	fade_in_text: autoDraw = True
82.6219 	EXP 	fade_in_text: autoDraw = True
82.6386 	EXP 	fade_in_text: autoDraw = True
82.6553 	EXP 	fade_in_text: autoDraw = True
82.6720 	EXP 	fade_in_text: autoDraw = True
82.6887 	EXP 	fade_in_text: autoDraw = True
82.7053 	EXP 	fade_in_text: autoDraw = True
82.7219 	EXP 	fade_in_text: autoDraw = True
82.7386 	EXP 	fade_in_text: autoDraw = True
82.7553 	EXP 	fade_in_text: autoDraw = True
82.7720 	EXP 	fade_in_text: autoDraw = True
82.7887 	EXP 	fade_in_text: autoDraw = True
82.8053 	EXP 	fade_in_text: autoDraw = True
82.8220 	EXP 	fade_in_text: autoDraw = True
82.8386 	EXP 	fade_in_text: autoDraw = True
82.8554 	EXP 	fade_in_text: autoDraw = True
82.8720 	EXP 	fade_in_text: autoDraw = True
82.8887 	EXP 	fade_in_text: autoDraw = True
82.9055 	EXP 	fade_in_text: autoDraw = True
82.9219 	EXP 	fade_in_text: autoDraw = True
82.9386 	EXP 	fade_in_text: autoDraw = True
82.9554 	EXP 	fade_in_text: autoDraw = True
82.9720 	EXP 	fade_in_text: autoDraw = True
82.9887 	EXP 	fade_in_text: autoDraw = True
83.0055 	EXP 	fade_in_text: autoDraw = True
83.0220 	EXP 	fade_in_text: autoDraw = True
83.0387 	EXP 	fade_in_text: autoDraw = True
83.0554 	EXP 	fade_in_text: autoDraw = True
83.0720 	EXP 	fade_in_text: autoDraw = True
83.0887 	EXP 	fade_in_text: autoDraw = True
83.1055 	EXP 	fade_in_text: autoDraw = True
83.1220 	EXP 	fade_in_text: autoDraw = True
83.1387 	EXP 	fade_in_text: autoDraw = True
83.1554 	EXP 	fade_in_text: autoDraw = True
83.1720 	EXP 	fade_in_text: autoDraw = True
83.1887 	EXP 	fade_in_text: autoDraw = True
83.2054 	EXP 	fade_in_text: autoDraw = True
83.2220 	EXP 	fade_in_text: autoDraw = True
83.2387 	EXP 	fade_in_text: autoDraw = True
83.2554 	EXP 	fade_in_text: autoDraw = True
83.2720 	EXP 	fade_in_text: autoDraw = True
83.2887 	EXP 	fade_in_text: autoDraw = True
83.3054 	EXP 	fade_in_text: autoDraw = True
83.3220 	EXP 	fade_in_text: autoDraw = True
83.3387 	EXP 	fade_in_text: autoDraw = True
83.3554 	EXP 	fade_in_text: autoDraw = True
83.3720 	EXP 	fade_in_text: autoDraw = True
83.3888 	EXP 	fade_in_text: autoDraw = True
83.4054 	EXP 	fade_in_text: autoDraw = True
83.4220 	EXP 	fade_in_text: autoDraw = True
83.4387 	EXP 	fade_in_text: autoDraw = True
83.4554 	EXP 	fade_in_text: autoDraw = True
83.4720 	EXP 	fade_in_text: autoDraw = True
83.4888 	EXP 	fade_in_text: autoDraw = True
83.5054 	EXP 	fade_in_text: autoDraw = True
83.5220 	EXP 	fade_in_text: autoDraw = True
83.5387 	EXP 	fade_in_text: autoDraw = True
83.5554 	EXP 	fade_in_text: autoDraw = True
83.5720 	EXP 	fade_in_text: autoDraw = True
83.5888 	EXP 	fade_in_text: autoDraw = True
83.6054 	EXP 	fade_in_text: autoDraw = True
83.6221 	EXP 	fade_in_text: autoDraw = True
83.6387 	EXP 	fade_in_text: autoDraw = True
83.6554 	EXP 	fade_in_text: autoDraw = True
83.6720 	EXP 	fade_in_text: autoDraw = True
83.6889 	EXP 	fade_in_text: autoDraw = True
83.7054 	EXP 	fade_in_text: autoDraw = True
83.7221 	EXP 	fade_in_text: autoDraw = True
83.7387 	EXP 	fade_in_text: autoDraw = True
83.7554 	EXP 	fade_in_text: autoDraw = True
83.7721 	EXP 	fade_in_text: autoDraw = True
83.7887 	EXP 	fade_in_text: autoDraw = True
83.8054 	EXP 	fade_in_text: autoDraw = True
83.8221 	EXP 	fade_in_text: autoDraw = True
83.8387 	EXP 	fade_in_text: autoDraw = True
83.8554 	EXP 	fade_in_text: autoDraw = True
83.8721 	EXP 	fade_in_text: autoDraw = True
83.8887 	EXP 	fade_in_text: autoDraw = True
83.9053 	EXP 	fade_in_text: autoDraw = True
83.9221 	EXP 	fade_in_text: autoDraw = True
83.9387 	EXP 	fade_in_text: autoDraw = True
83.9554 	EXP 	fade_in_text: autoDraw = True
83.9721 	EXP 	fade_in_text: autoDraw = True
83.9887 	EXP 	fade_in_text: autoDraw = True
84.0053 	EXP 	fade_in_text: autoDraw = True
84.0221 	EXP 	fade_in_text: autoDraw = True
84.0387 	EXP 	fade_in_text: autoDraw = True
84.0554 	EXP 	fade_in_text: autoDraw = True
84.0721 	EXP 	fade_in_text: autoDraw = True
84.0887 	EXP 	fade_in_text: autoDraw = True
84.1054 	EXP 	fade_in_text: autoDraw = True
84.1221 	EXP 	fade_in_text: autoDraw = True
84.1387 	EXP 	fade_in_text: autoDraw = True
84.1554 	EXP 	fade_in_text: autoDraw = True
84.1722 	EXP 	fade_in_text: autoDraw = True
84.1887 	EXP 	fade_in_text: autoDraw = True
84.2054 	EXP 	fade_in_text: autoDraw = True
84.2221 	EXP 	fade_in_text: autoDraw = True
84.2387 	EXP 	fade_in_text: autoDraw = True
84.2554 	EXP 	fade_in_text: autoDraw = True
84.2722 	EXP 	fade_in_text: autoDraw = True
84.2887 	EXP 	fade_in_text: autoDraw = True
84.3054 	EXP 	fade_in_text: autoDraw = True
84.3221 	EXP 	fade_in_text: autoDraw = True
84.3387 	EXP 	fade_in_text: autoDraw = True
84.3554 	EXP 	fade_in_text: autoDraw = True
84.3720 	EXP 	fade_in_text: autoDraw = True
84.3887 	EXP 	fade_in_text: autoDraw = True
84.4054 	EXP 	fade_in_text: autoDraw = True
84.4221 	EXP 	fade_in_text: autoDraw = True
84.4387 	EXP 	fade_in_text: autoDraw = True
84.4554 	EXP 	fade_in_text: autoDraw = True
84.4720 	EXP 	fade_in_text: autoDraw = True
84.4887 	EXP 	fade_in_text: autoDraw = True
84.5054 	EXP 	fade_in_text: autoDraw = True
84.5221 	EXP 	fade_in_text: autoDraw = True
84.5388 	EXP 	fade_in_text: autoDraw = True
84.5554 	EXP 	fade_in_text: autoDraw = True
84.5720 	EXP 	fade_in_text: autoDraw = True
84.5887 	EXP 	fade_in_text: autoDraw = True
84.6054 	EXP 	fade_in_text: autoDraw = True
84.6221 	EXP 	fade_in_text: autoDraw = True
84.6388 	EXP 	fade_in_text: autoDraw = True
84.6555 	EXP 	fade_in_text: autoDraw = True
84.6720 	EXP 	fade_in_text: autoDraw = True
84.6887 	EXP 	fade_in_text: autoDraw = True
84.7054 	EXP 	fade_in_text: autoDraw = True
84.7221 	EXP 	fade_in_text: autoDraw = True
84.7388 	EXP 	fade_in_text: autoDraw = True
84.7555 	EXP 	fade_in_text: autoDraw = True
84.7720 	EXP 	fade_in_text: autoDraw = True
84.7887 	EXP 	fade_in_text: autoDraw = True
84.8055 	EXP 	fade_in_text: autoDraw = True
84.8222 	EXP 	fade_in_text: autoDraw = True
84.8388 	EXP 	fade_in_text: autoDraw = True
84.8555 	EXP 	fade_in_text: autoDraw = True
84.8720 	EXP 	fade_in_text: autoDraw = True
84.8887 	EXP 	fade_in_text: autoDraw = True
84.9055 	EXP 	fade_in_text: autoDraw = True
84.9222 	EXP 	fade_in_text: autoDraw = True
84.9388 	EXP 	fade_in_text: autoDraw = True
84.9555 	EXP 	fade_in_text: autoDraw = True
84.9720 	EXP 	fade_in_text: autoDraw = True
84.9888 	EXP 	fade_in_text: autoDraw = True
85.0055 	EXP 	fade_in_text: autoDraw = True
85.0221 	EXP 	fade_in_text: autoDraw = True
85.0388 	EXP 	fade_in_text: autoDraw = True
85.0555 	EXP 	fade_in_text: autoDraw = True
85.0720 	EXP 	fade_in_text: autoDraw = True
85.0888 	EXP 	fade_in_text: autoDraw = True
85.1055 	EXP 	fade_in_text: autoDraw = True
85.1222 	EXP 	fade_in_text: autoDraw = True
85.1388 	EXP 	fade_in_text: autoDraw = True
85.1554 	EXP 	fade_in_text: autoDraw = True
85.1720 	EXP 	fade_in_text: autoDraw = True
85.1888 	EXP 	fade_in_text: autoDraw = True
85.2055 	EXP 	fade_in_text: autoDraw = True
85.2222 	EXP 	fade_in_text: autoDraw = True
85.2388 	EXP 	fade_in_text: autoDraw = True
85.2554 	EXP 	fade_in_text: autoDraw = True
85.2722 	EXP 	fade_in_text: autoDraw = True
85.2889 	EXP 	fade_in_text: autoDraw = True
85.3055 	EXP 	fade_in_text: autoDraw = True
85.3222 	EXP 	fade_in_text: autoDraw = True
85.3388 	EXP 	fade_in_text: autoDraw = True
85.3554 	EXP 	fade_in_text: autoDraw = True
85.3721 	EXP 	fade_in_text: autoDraw = True
85.3888 	EXP 	fade_in_text: autoDraw = True
85.4055 	EXP 	fade_in_text: autoDraw = True
85.4222 	EXP 	fade_in_text: autoDraw = True
85.4389 	EXP 	fade_in_text: autoDraw = True
85.4554 	EXP 	fade_in_text: autoDraw = True
85.4721 	EXP 	fade_in_text: autoDraw = True
85.4888 	EXP 	fade_in_text: autoDraw = True
85.5055 	EXP 	fade_in_text: autoDraw = True
85.5222 	EXP 	fade_in_text: autoDraw = True
85.5389 	EXP 	fade_in_text: autoDraw = True
85.5554 	EXP 	fade_in_text: autoDraw = True
85.5721 	EXP 	fade_in_text: autoDraw = True
85.5889 	EXP 	fade_in_text: autoDraw = True
85.6055 	EXP 	fade_in_text: autoDraw = True
85.6222 	EXP 	fade_in_text: autoDraw = True
85.6389 	EXP 	fade_in_text: autoDraw = True
85.6554 	EXP 	fade_in_text: autoDraw = True
85.6721 	EXP 	fade_in_text: autoDraw = True
85.6889 	EXP 	fade_in_text: autoDraw = True
85.7055 	EXP 	fade_in_text: autoDraw = True
85.7222 	EXP 	fade_in_text: autoDraw = True
85.7390 	EXP 	fade_in_text: autoDraw = True
85.7554 	EXP 	fade_in_text: autoDraw = True
85.7722 	EXP 	fade_in_text: autoDraw = True
85.7889 	EXP 	fade_in_text: autoDraw = True
85.8055 	EXP 	fade_in_text: autoDraw = True
85.8222 	EXP 	fade_in_text: autoDraw = True
85.8388 	EXP 	fade_in_text: autoDraw = True
85.8554 	EXP 	fade_in_text: autoDraw = True
85.8722 	EXP 	fade_in_text: autoDraw = True
85.8889 	EXP 	fade_in_text: autoDraw = True
85.9055 	EXP 	fade_in_text: autoDraw = True
85.9222 	EXP 	fade_in_text: autoDraw = True
85.9388 	EXP 	fade_in_text: autoDraw = True
85.9554 	EXP 	fade_in_text: autoDraw = True
85.9722 	EXP 	fade_in_text: autoDraw = True
85.9889 	EXP 	fade_in_text: autoDraw = True
86.0055 	EXP 	fade_in_text: autoDraw = True
86.0222 	EXP 	fade_in_text: autoDraw = True
86.0388 	EXP 	fade_in_text: autoDraw = True
86.0554 	EXP 	fade_in_text: autoDraw = True
86.0722 	EXP 	fade_in_text: autoDraw = True
86.0889 	EXP 	fade_in_text: autoDraw = True
86.1055 	EXP 	fade_in_text: autoDraw = True
86.1222 	EXP 	fade_in_text: autoDraw = True
86.1387 	EXP 	fade_in_text: autoDraw = True
86.1555 	EXP 	fade_in_text: autoDraw = True
86.1722 	EXP 	fade_in_text: autoDraw = True
86.1889 	EXP 	fade_in_text: autoDraw = True
86.2055 	EXP 	fade_in_text: autoDraw = True
86.2224 	EXP 	fade_in_text: autoDraw = True
86.2388 	EXP 	fade_in_text: autoDraw = True
86.2555 	EXP 	fade_in_text: autoDraw = True
86.2723 	EXP 	fade_in_text: autoDraw = True
86.2889 	EXP 	fade_in_text: autoDraw = True
86.3055 	EXP 	fade_in_text: autoDraw = True
86.3223 	EXP 	fade_in_text: autoDraw = True
86.3388 	EXP 	fade_in_text: autoDraw = True
86.3555 	EXP 	fade_in_text: autoDraw = True
86.3722 	EXP 	fade_in_text: autoDraw = True
86.3889 	EXP 	fade_in_text: autoDraw = True
86.4055 	EXP 	fade_in_text: autoDraw = True
86.4223 	EXP 	fade_in_text: autoDraw = True
86.4388 	EXP 	fade_in_text: autoDraw = True
86.4555 	EXP 	fade_in_text: autoDraw = True
86.4722 	EXP 	fade_in_text: autoDraw = True
86.4889 	EXP 	fade_in_text: autoDraw = True
86.5055 	EXP 	fade_in_text: autoDraw = True
86.5222 	EXP 	fade_in_text: autoDraw = True
86.5388 	EXP 	fade_in_text: autoDraw = True
86.5556 	EXP 	fade_in_text: autoDraw = True
86.5722 	EXP 	fade_in_text: autoDraw = True
86.5889 	EXP 	fade_in_text: autoDraw = True
86.6055 	EXP 	fade_in_text: autoDraw = True
86.6222 	EXP 	fade_in_text: autoDraw = True
86.6388 	EXP 	fade_in_text: autoDraw = True
86.6556 	EXP 	fade_in_text: autoDraw = True
86.6722 	EXP 	fade_in_text: autoDraw = True
86.6889 	EXP 	fade_in_text: autoDraw = True
86.7055 	EXP 	fade_in_text: autoDraw = True
86.7222 	EXP 	fade_in_text: autoDraw = True
86.7388 	EXP 	fade_in_text: autoDraw = True
86.7556 	EXP 	fade_in_text: autoDraw = True
86.7722 	EXP 	fade_in_text: autoDraw = True
86.7889 	EXP 	fade_in_text: autoDraw = True
86.8056 	EXP 	fade_in_text: autoDraw = True
86.8222 	EXP 	fade_in_text: autoDraw = True
86.8388 	EXP 	fade_in_text: autoDraw = True
86.8556 	EXP 	fade_in_text: autoDraw = True
86.8722 	EXP 	fade_in_text: autoDraw = True
86.8889 	EXP 	fade_in_text: autoDraw = True
86.9057 	EXP 	fade_in_text: autoDraw = True
86.9222 	EXP 	fade_in_text: autoDraw = True
86.9389 	EXP 	fade_in_text: autoDraw = True
86.9556 	EXP 	fade_in_text: autoDraw = True
86.9722 	EXP 	fade_in_text: autoDraw = True
86.9889 	EXP 	fade_in_text: autoDraw = True
87.0056 	EXP 	fade_in_text: autoDraw = True
87.0222 	EXP 	fade_in_text: autoDraw = True
87.0389 	EXP 	fade_in_text: autoDraw = True
87.0556 	EXP 	fade_in_text: autoDraw = True
87.0722 	EXP 	fade_in_text: autoDraw = True
87.0889 	EXP 	fade_in_text: autoDraw = True
87.1057 	EXP 	fade_in_text: autoDraw = True
87.1223 	EXP 	fade_in_text: autoDraw = True
87.1389 	EXP 	fade_in_text: autoDraw = True
87.1556 	EXP 	fade_in_text: autoDraw = True
87.1722 	EXP 	fade_in_text: autoDraw = True
87.1889 	EXP 	fade_in_text: autoDraw = True
87.2056 	EXP 	fade_in_text: autoDraw = True
87.2224 	EXP 	fade_in_text: autoDraw = True
87.2389 	EXP 	fade_in_text: autoDraw = True
87.2556 	EXP 	fade_in_text: autoDraw = True
87.2722 	EXP 	fade_in_text: autoDraw = True
87.2889 	EXP 	fade_in_text: autoDraw = True
87.3055 	EXP 	fade_in_text: autoDraw = True
87.3223 	EXP 	fade_in_text: autoDraw = True
87.3389 	EXP 	fade_in_text: autoDraw = True
87.3556 	EXP 	fade_in_text: autoDraw = True
87.3722 	EXP 	fade_in_text: autoDraw = True
87.3889 	EXP 	fade_in_text: autoDraw = True
87.4056 	EXP 	fade_in_text: autoDraw = True
87.4222 	EXP 	fade_in_text: autoDraw = True
87.4389 	EXP 	fade_in_text: autoDraw = True
87.4556 	EXP 	fade_in_text: autoDraw = True
87.4722 	EXP 	fade_in_text: autoDraw = True
87.4890 	EXP 	fade_in_text: autoDraw = True
87.5055 	EXP 	fade_in_text: autoDraw = True
87.5222 	EXP 	fade_in_text: autoDraw = True
87.5389 	EXP 	fade_in_text: autoDraw = True
87.5556 	EXP 	fade_in_text: autoDraw = True
87.5723 	EXP 	fade_in_text: autoDraw = True
87.5890 	EXP 	fade_in_text: autoDraw = True
87.6056 	EXP 	fade_in_text: autoDraw = True
87.6223 	EXP 	fade_in_text: autoDraw = True
87.6389 	EXP 	fade_in_text: autoDraw = True
87.6556 	EXP 	fade_in_text: autoDraw = True
87.6723 	EXP 	fade_in_text: autoDraw = True
87.6890 	EXP 	fade_in_text: autoDraw = True
87.7055 	EXP 	fade_in_text: autoDraw = True
87.7223 	EXP 	fade_in_text: autoDraw = True
87.7389 	EXP 	fade_in_text: autoDraw = True
87.7556 	EXP 	fade_in_text: autoDraw = True
87.7723 	EXP 	fade_in_text: autoDraw = True
87.7890 	EXP 	fade_in_text: autoDraw = True
87.8055 	EXP 	fade_in_text: autoDraw = True
87.8223 	EXP 	fade_in_text: autoDraw = True
87.8389 	EXP 	fade_in_text: autoDraw = True
87.8556 	EXP 	fade_in_text: autoDraw = True
87.8723 	EXP 	fade_in_text: autoDraw = True
87.8889 	EXP 	fade_in_text: autoDraw = True
87.9055 	EXP 	fade_in_text: autoDraw = True
87.9223 	EXP 	fade_in_text: autoDraw = True
87.9389 	EXP 	fade_in_text: autoDraw = True
87.9556 	EXP 	fade_in_text: autoDraw = True
87.9723 	EXP 	fade_in_text: autoDraw = True
87.9889 	EXP 	fade_in_text: autoDraw = True
88.0055 	EXP 	fade_in_text: autoDraw = True
88.0223 	EXP 	fade_in_text: autoDraw = True
88.0389 	EXP 	fade_in_text: autoDraw = True
88.0556 	EXP 	fade_in_text: autoDraw = True
88.0723 	EXP 	fade_in_text: autoDraw = True
88.0889 	EXP 	fade_in_text: autoDraw = True
88.1055 	EXP 	fade_in_text: autoDraw = True
88.1223 	EXP 	fade_in_text: autoDraw = True
88.1390 	EXP 	fade_in_text: autoDraw = True
88.1556 	EXP 	fade_in_text: autoDraw = True
88.1724 	EXP 	fade_in_text: autoDraw = True
88.1889 	EXP 	fade_in_text: autoDraw = True
88.2056 	EXP 	fade_in_text: autoDraw = True
88.2223 	EXP 	fade_in_text: autoDraw = True
88.2390 	EXP 	fade_in_text: autoDraw = True
88.2556 	EXP 	fade_in_text: autoDraw = True
88.2724 	EXP 	fade_in_text: autoDraw = True
88.2889 	EXP 	fade_in_text: autoDraw = True
88.3056 	EXP 	fade_in_text: autoDraw = True
88.3223 	EXP 	fade_in_text: autoDraw = True
88.3390 	EXP 	fade_in_text: autoDraw = True
88.3556 	EXP 	fade_in_text: autoDraw = True
88.3724 	EXP 	fade_in_text: autoDraw = True
88.3889 	EXP 	fade_in_text: autoDraw = True
88.4056 	EXP 	fade_in_text: autoDraw = True
88.4223 	EXP 	fade_in_text: autoDraw = True
88.4390 	EXP 	fade_in_text: autoDraw = True
88.4557 	EXP 	fade_in_text: autoDraw = True
88.4723 	EXP 	fade_in_text: autoDraw = True
88.4889 	EXP 	fade_in_text: autoDraw = True
88.5056 	EXP 	fade_in_text: autoDraw = True
88.5223 	EXP 	fade_in_text: autoDraw = True
88.5390 	EXP 	fade_in_text: autoDraw = True
88.5556 	EXP 	fade_in_text: autoDraw = True
88.5722 	EXP 	fade_in_text: autoDraw = True
88.5889 	EXP 	fade_in_text: autoDraw = True
88.6056 	EXP 	fade_in_text: autoDraw = True
88.6223 	EXP 	fade_in_text: autoDraw = True
88.6390 	EXP 	fade_in_text: autoDraw = True
88.6557 	EXP 	fade_in_text: autoDraw = True
88.6722 	EXP 	fade_in_text: autoDraw = True
88.6889 	EXP 	fade_in_text: autoDraw = True
88.7056 	EXP 	fade_in_text: autoDraw = True
88.7223 	EXP 	fade_in_text: autoDraw = True
88.7390 	EXP 	fade_in_text: autoDraw = True
88.7557 	EXP 	fade_in_text: autoDraw = True
88.7722 	EXP 	fade_in_text: autoDraw = True
88.7889 	EXP 	fade_in_text: autoDraw = True
88.8056 	EXP 	fade_in_text: autoDraw = True
88.8223 	EXP 	fade_in_text: autoDraw = True
88.8390 	EXP 	fade_in_text: autoDraw = True
88.8558 	EXP 	fade_in_text: autoDraw = True
88.8722 	EXP 	fade_in_text: autoDraw = True
88.8889 	EXP 	fade_in_text: autoDraw = True
88.9057 	EXP 	fade_in_text: autoDraw = True
88.9223 	EXP 	fade_in_text: autoDraw = True
88.9390 	EXP 	fade_in_text: autoDraw = True
88.9557 	EXP 	fade_in_text: autoDraw = True
88.9722 	EXP 	fade_in_text: autoDraw = True
88.9890 	EXP 	fade_in_text: autoDraw = True
89.0057 	EXP 	fade_in_text: autoDraw = True
89.0224 	EXP 	fade_in_text: autoDraw = True
89.0390 	EXP 	fade_in_text: autoDraw = True
89.0558 	EXP 	fade_in_text: autoDraw = True
89.0723 	EXP 	fade_in_text: autoDraw = True
89.0890 	EXP 	fade_in_text: autoDraw = True
89.1057 	EXP 	fade_in_text: autoDraw = True
89.1224 	EXP 	fade_in_text: autoDraw = True
89.1390 	EXP 	fade_in_text: autoDraw = True
89.1556 	EXP 	fade_in_text: autoDraw = True
89.1723 	EXP 	fade_in_text: autoDraw = True
89.1890 	EXP 	fade_in_text: autoDraw = True
89.2057 	EXP 	fade_in_text: autoDraw = True
89.2224 	EXP 	fade_in_text: autoDraw = True
89.2390 	EXP 	fade_in_text: autoDraw = True
89.2556 	EXP 	fade_in_text: autoDraw = True
89.2723 	EXP 	fade_in_text: autoDraw = True
89.2890 	EXP 	fade_in_text: autoDraw = True
89.3057 	EXP 	fade_in_text: autoDraw = True
89.3224 	EXP 	fade_in_text: autoDraw = True
89.3390 	EXP 	fade_in_text: autoDraw = True
89.3557 	EXP 	fade_in_text: autoDraw = True
89.3723 	EXP 	fade_in_text: autoDraw = True
89.3890 	EXP 	fade_in_text: autoDraw = True
89.4057 	EXP 	fade_in_text: autoDraw = True
89.4224 	EXP 	fade_in_text: autoDraw = True
89.4390 	EXP 	fade_in_text: autoDraw = True
89.4556 	EXP 	fade_in_text: autoDraw = True
89.4723 	EXP 	fade_in_text: autoDraw = True
89.4890 	EXP 	fade_in_text: autoDraw = True
89.5057 	EXP 	fade_in_text: autoDraw = True
89.5224 	EXP 	fade_in_text: autoDraw = True
89.5391 	EXP 	fade_in_text: autoDraw = True
89.5556 	EXP 	fade_in_text: autoDraw = True
89.5723 	EXP 	fade_in_text: autoDraw = True
89.5891 	EXP 	fade_in_text: autoDraw = True
89.6058 	EXP 	fade_in_text: autoDraw = True
89.6224 	EXP 	fade_in_text: autoDraw = True
89.6392 	EXP 	fade_in_text: autoDraw = True
89.6556 	EXP 	fade_in_text: autoDraw = True
89.6724 	EXP 	fade_in_text: autoDraw = True
89.6891 	EXP 	fade_in_text: autoDraw = True
89.7057 	EXP 	fade_in_text: autoDraw = True
89.7224 	EXP 	fade_in_text: autoDraw = True
89.7392 	EXP 	fade_in_text: autoDraw = True
89.7556 	EXP 	fade_in_text: autoDraw = True
89.7724 	EXP 	fade_in_text: autoDraw = True
89.7891 	EXP 	fade_in_text: autoDraw = True
89.8057 	EXP 	fade_in_text: autoDraw = True
89.8224 	EXP 	fade_in_text: autoDraw = True
89.8391 	EXP 	fade_in_text: autoDraw = True
89.8557 	EXP 	fade_in_text: autoDraw = True
89.8724 	EXP 	fade_in_text: autoDraw = True
89.8891 	EXP 	fade_in_text: autoDraw = True
89.9057 	EXP 	fade_in_text: autoDraw = True
89.9224 	EXP 	fade_in_text: autoDraw = True
89.9391 	EXP 	fade_in_text: autoDraw = True
89.9557 	EXP 	fade_in_text: autoDraw = True
89.9724 	EXP 	fade_in_text: autoDraw = True
89.9891 	EXP 	fade_in_text: autoDraw = True
90.0057 	EXP 	fade_in_text: autoDraw = True
90.0224 	EXP 	fade_in_text: autoDraw = True
90.0391 	EXP 	fade_in_text: autoDraw = True
90.0557 	EXP 	fade_in_text: autoDraw = True
90.0724 	EXP 	fade_in_text: autoDraw = True
90.0891 	EXP 	fade_in_text: autoDraw = True
90.1057 	EXP 	fade_in_text: autoDraw = True
90.1225 	EXP 	fade_in_text: autoDraw = True
90.1391 	EXP 	fade_in_text: autoDraw = True
90.1557 	EXP 	fade_in_text: autoDraw = True
90.1724 	EXP 	fade_in_text: autoDraw = True
90.1892 	EXP 	fade_in_text: autoDraw = True
90.2057 	EXP 	fade_in_text: autoDraw = True
90.2225 	EXP 	fade_in_text: autoDraw = True
90.2391 	EXP 	fade_in_text: autoDraw = True
90.2557 	EXP 	fade_in_text: autoDraw = True
90.2724 	EXP 	fade_in_text: autoDraw = True
90.2891 	EXP 	fade_in_text: autoDraw = True
90.3057 	EXP 	fade_in_text: autoDraw = True
90.3225 	EXP 	fade_in_text: autoDraw = True
90.3391 	EXP 	fade_in_text: autoDraw = True
90.3558 	EXP 	fade_in_text: autoDraw = True
90.3724 	EXP 	fade_in_text: autoDraw = True
90.3891 	EXP 	fade_in_text: autoDraw = True
90.4057 	EXP 	fade_in_text: autoDraw = True
90.4225 	EXP 	fade_in_text: autoDraw = True
90.4391 	EXP 	fade_in_text: autoDraw = True
90.4558 	EXP 	fade_in_text: autoDraw = True
90.4724 	EXP 	fade_in_text: autoDraw = True
90.4891 	EXP 	fade_in_text: autoDraw = True
90.5058 	EXP 	fade_in_text: autoDraw = True
90.5224 	EXP 	fade_in_text: autoDraw = True
90.5391 	EXP 	fade_in_text: autoDraw = True
90.5558 	EXP 	fade_in_text: autoDraw = True
90.5724 	EXP 	fade_in_text: autoDraw = True
90.5891 	EXP 	fade_in_text: autoDraw = True
90.6058 	EXP 	fade_in_text: autoDraw = True
90.6224 	EXP 	fade_in_text: autoDraw = True
90.6391 	EXP 	fade_in_text: autoDraw = True
90.6558 	EXP 	fade_in_text: autoDraw = True
90.6724 	EXP 	fade_in_text: autoDraw = True
90.6892 	EXP 	fade_in_text: autoDraw = True
90.7058 	EXP 	fade_in_text: autoDraw = True
90.7224 	EXP 	fade_in_text: autoDraw = True
90.7392 	EXP 	fade_in_text: autoDraw = True
90.7558 	EXP 	fade_in_text: autoDraw = True
90.7724 	EXP 	fade_in_text: autoDraw = True
90.7891 	EXP 	fade_in_text: autoDraw = True
90.8059 	EXP 	fade_in_text: autoDraw = True
90.8226 	EXP 	fade_in_text: autoDraw = True
90.8391 	EXP 	fade_in_text: autoDraw = True
90.8558 	EXP 	fade_in_text: autoDraw = True
90.8724 	EXP 	fade_in_text: autoDraw = True
90.8891 	EXP 	fade_in_text: autoDraw = True
90.9059 	EXP 	fade_in_text: autoDraw = True
90.9224 	EXP 	fade_in_text: autoDraw = True
90.9391 	EXP 	fade_in_text: autoDraw = True
90.9558 	EXP 	fade_in_text: autoDraw = True
90.9724 	EXP 	fade_in_text: autoDraw = True
90.9891 	EXP 	fade_in_text: autoDraw = True
91.0059 	EXP 	fade_in_text: autoDraw = True
91.0225 	EXP 	fade_in_text: autoDraw = True
91.0391 	EXP 	fade_in_text: autoDraw = True
91.0558 	EXP 	fade_in_text: autoDraw = True
91.0725 	EXP 	fade_in_text: autoDraw = True
91.0891 	EXP 	fade_in_text: autoDraw = True
91.1057 	EXP 	fade_in_text: autoDraw = True
91.1224 	EXP 	fade_in_text: autoDraw = True
91.1391 	EXP 	fade_in_text: autoDraw = True
91.1558 	EXP 	fade_in_text: autoDraw = True
91.1725 	EXP 	fade_in_text: autoDraw = True
91.1892 	EXP 	fade_in_text: autoDraw = True
91.2057 	EXP 	fade_in_text: autoDraw = True
91.2224 	EXP 	fade_in_text: autoDraw = True
91.2391 	EXP 	fade_in_text: autoDraw = True
91.2558 	EXP 	fade_in_text: autoDraw = True
91.2725 	EXP 	fade_in_text: autoDraw = True
91.2892 	EXP 	fade_in_text: autoDraw = True
91.3057 	EXP 	fade_in_text: autoDraw = True
91.3224 	EXP 	fade_in_text: autoDraw = True
91.3391 	EXP 	fade_in_text: autoDraw = True
91.3558 	EXP 	fade_in_text: autoDraw = True
91.3725 	EXP 	fade_in_text: autoDraw = True
91.3892 	EXP 	fade_in_text: autoDraw = True
91.4057 	EXP 	fade_in_text: autoDraw = True
91.4224 	EXP 	fade_in_text: autoDraw = True
91.4391 	EXP 	fade_in_text: autoDraw = True
91.4558 	EXP 	fade_in_text: autoDraw = True
91.4725 	EXP 	fade_in_text: autoDraw = True
91.4893 	EXP 	fade_in_text: autoDraw = True
91.5057 	EXP 	fade_in_text: autoDraw = True
91.5225 	EXP 	fade_in_text: autoDraw = True
91.5391 	EXP 	fade_in_text: autoDraw = True
91.5558 	EXP 	fade_in_text: autoDraw = True
91.5725 	EXP 	fade_in_text: autoDraw = True
91.5892 	EXP 	fade_in_text: autoDraw = True
91.6057 	EXP 	fade_in_text: autoDraw = True
91.6225 	EXP 	fade_in_text: autoDraw = True
91.6392 	EXP 	fade_in_text: autoDraw = True
91.6558 	EXP 	fade_in_text: autoDraw = True
91.6725 	EXP 	fade_in_text: autoDraw = True
91.6893 	EXP 	fade_in_text: autoDraw = True
91.7057 	EXP 	fade_in_text: autoDraw = True
91.7225 	EXP 	fade_in_text: autoDraw = True
91.7392 	EXP 	fade_in_text: autoDraw = True
91.7559 	EXP 	fade_in_text: autoDraw = True
91.7725 	EXP 	fade_in_text: autoDraw = True
91.7891 	EXP 	fade_in_text: autoDraw = True
91.8057 	EXP 	fade_in_text: autoDraw = True
91.8225 	EXP 	fade_in_text: autoDraw = True
91.8392 	EXP 	fade_in_text: autoDraw = True
91.8559 	EXP 	fade_in_text: autoDraw = True
91.8725 	EXP 	fade_in_text: autoDraw = True
91.8891 	EXP 	fade_in_text: autoDraw = True
91.9057 	EXP 	fade_in_text: autoDraw = True
91.9225 	EXP 	fade_in_text: autoDraw = True
91.9392 	EXP 	fade_in_text: autoDraw = True
91.9559 	EXP 	fade_in_text: autoDraw = True
91.9725 	EXP 	fade_in_text: autoDraw = True
91.9891 	EXP 	fade_in_text: autoDraw = True
92.0058 	EXP 	fade_in_text: autoDraw = True
92.0225 	EXP 	fade_in_text: autoDraw = True
92.0392 	EXP 	fade_in_text: autoDraw = True
92.0559 	EXP 	fade_in_text: autoDraw = True
92.0725 	EXP 	fade_in_text: autoDraw = True
92.0891 	EXP 	fade_in_text: autoDraw = True
92.1058 	EXP 	fade_in_text: autoDraw = True
92.1225 	EXP 	fade_in_text: autoDraw = True
92.1392 	EXP 	fade_in_text: autoDraw = True
92.1559 	EXP 	fade_in_text: autoDraw = True
92.1726 	EXP 	fade_in_text: autoDraw = True
92.1891 	EXP 	fade_in_text: autoDraw = True
92.2058 	EXP 	fade_in_text: autoDraw = True
92.2225 	EXP 	fade_in_text: autoDraw = True
92.2392 	EXP 	fade_in_text: autoDraw = True
92.2559 	EXP 	fade_in_text: autoDraw = True
92.2726 	EXP 	fade_in_text: autoDraw = True
92.2891 	EXP 	fade_in_text: autoDraw = True
92.3058 	EXP 	fade_in_text: autoDraw = True
92.3225 	EXP 	fade_in_text: autoDraw = True
92.3392 	EXP 	fade_in_text: autoDraw = True
92.3559 	EXP 	fade_in_text: autoDraw = True
92.3726 	EXP 	fade_in_text: autoDraw = True
92.3891 	EXP 	fade_in_text: autoDraw = True
92.4059 	EXP 	fade_in_text: autoDraw = True
92.4225 	EXP 	fade_in_text: autoDraw = True
92.4392 	EXP 	fade_in_text: autoDraw = True
92.4559 	EXP 	fade_in_text: autoDraw = True
92.4725 	EXP 	fade_in_text: autoDraw = True
92.4891 	EXP 	fade_in_text: autoDraw = True
92.5059 	EXP 	fade_in_text: autoDraw = True
92.5226 	EXP 	fade_in_text: autoDraw = True
92.5392 	EXP 	fade_in_text: autoDraw = True
92.5559 	EXP 	fade_in_text: autoDraw = True
92.5724 	EXP 	fade_in_text: autoDraw = True
92.5892 	EXP 	fade_in_text: autoDraw = True
92.6059 	EXP 	fade_in_text: autoDraw = True
92.6226 	EXP 	fade_in_text: autoDraw = True
92.6392 	EXP 	fade_in_text: autoDraw = True
92.6559 	EXP 	fade_in_text: autoDraw = True
92.6725 	EXP 	fade_in_text: autoDraw = True
92.6892 	EXP 	fade_in_text: autoDraw = True
92.7059 	EXP 	fade_in_text: autoDraw = True
92.7226 	EXP 	fade_in_text: autoDraw = True
92.7392 	EXP 	fade_in_text: autoDraw = True
92.7559 	EXP 	fade_in_text: autoDraw = True
92.7725 	EXP 	fade_in_text: autoDraw = True
92.7891 	EXP 	fade_in_text: autoDraw = True
92.8059 	EXP 	fade_in_text: autoDraw = True
92.8226 	EXP 	fade_in_text: autoDraw = True
92.8392 	EXP 	fade_in_text: autoDraw = True
92.8560 	EXP 	fade_in_text: autoDraw = True
92.8725 	EXP 	fade_in_text: autoDraw = True
92.8891 	EXP 	fade_in_text: autoDraw = True
92.9059 	EXP 	fade_in_text: autoDraw = True
92.9226 	EXP 	fade_in_text: autoDraw = True
92.9393 	EXP 	fade_in_text: autoDraw = True
92.9560 	EXP 	fade_in_text: autoDraw = True
92.9725 	EXP 	fade_in_text: autoDraw = True
92.9892 	EXP 	fade_in_text: autoDraw = True
93.0059 	EXP 	fade_in_text: autoDraw = True
93.0226 	EXP 	fade_in_text: autoDraw = True
93.0392 	EXP 	fade_in_text: autoDraw = True
93.0560 	EXP 	fade_in_text: autoDraw = True
93.0726 	EXP 	fade_in_text: autoDraw = True
93.0893 	EXP 	fade_in_text: autoDraw = True
93.1059 	EXP 	fade_in_text: autoDraw = True
93.1226 	EXP 	fade_in_text: autoDraw = True
93.1392 	EXP 	fade_in_text: autoDraw = True
93.1559 	EXP 	fade_in_text: autoDraw = True
93.1725 	EXP 	fade_in_text: autoDraw = True
93.1893 	EXP 	fade_in_text: autoDraw = True
93.2059 	EXP 	fade_in_text: autoDraw = True
93.2226 	EXP 	fade_in_text: autoDraw = True
93.2392 	EXP 	fade_in_text: autoDraw = True
93.2559 	EXP 	fade_in_text: autoDraw = True
93.2725 	EXP 	fade_in_text: autoDraw = True
93.2893 	EXP 	fade_in_text: autoDraw = True
93.3059 	EXP 	fade_in_text: autoDraw = True
93.3226 	EXP 	fade_in_text: autoDraw = True
93.3392 	EXP 	fade_in_text: autoDraw = True
93.3559 	EXP 	fade_in_text: autoDraw = True
93.3725 	EXP 	fade_in_text: autoDraw = True
93.3893 	EXP 	fade_in_text: autoDraw = True
93.4059 	EXP 	fade_in_text: autoDraw = True
93.4226 	EXP 	fade_in_text: autoDraw = True
93.4394 	EXP 	fade_in_text: autoDraw = True
93.4559 	EXP 	fade_in_text: autoDraw = True
93.4726 	EXP 	fade_in_text: autoDraw = True
93.4893 	EXP 	fade_in_text: autoDraw = True
93.5059 	EXP 	fade_in_text: autoDraw = True
93.5226 	EXP 	fade_in_text: autoDraw = True
93.5394 	EXP 	fade_in_text: autoDraw = True
93.5559 	EXP 	fade_in_text: autoDraw = True
93.5726 	EXP 	fade_in_text: autoDraw = True
93.5893 	EXP 	fade_in_text: autoDraw = True
93.6059 	EXP 	fade_in_text: autoDraw = True
93.6226 	EXP 	fade_in_text: autoDraw = True
93.6394 	EXP 	fade_in_text: autoDraw = True
93.6559 	EXP 	fade_in_text: autoDraw = True
93.6726 	EXP 	fade_in_text: autoDraw = True
93.6893 	EXP 	fade_in_text: autoDraw = True
93.7059 	EXP 	fade_in_text: autoDraw = True
93.7226 	EXP 	fade_in_text: autoDraw = True
93.7394 	EXP 	fade_in_text: autoDraw = True
93.7560 	EXP 	fade_in_text: autoDraw = True
93.7726 	EXP 	fade_in_text: autoDraw = True
93.7893 	EXP 	fade_in_text: autoDraw = True
93.8059 	EXP 	fade_in_text: autoDraw = True
93.8226 	EXP 	fade_in_text: autoDraw = True
93.8393 	EXP 	fade_in_text: autoDraw = True
93.8560 	EXP 	fade_in_text: autoDraw = True
93.8726 	EXP 	fade_in_text: autoDraw = True
93.8893 	EXP 	fade_in_text: autoDraw = True
93.9059 	EXP 	fade_in_text: autoDraw = True
93.9226 	EXP 	fade_in_text: autoDraw = True
93.9393 	EXP 	fade_in_text: autoDraw = True
93.9560 	EXP 	fade_in_text: autoDraw = True
93.9726 	EXP 	fade_in_text: autoDraw = True
93.9893 	EXP 	fade_in_text: autoDraw = True
94.0059 	EXP 	fade_in_text: autoDraw = True
94.0226 	EXP 	fade_in_text: autoDraw = True
94.0393 	EXP 	fade_in_text: autoDraw = True
94.0560 	EXP 	fade_in_text: autoDraw = True
94.0726 	EXP 	fade_in_text: autoDraw = True
94.0893 	EXP 	fade_in_text: autoDraw = True
94.1059 	EXP 	fade_in_text: autoDraw = True
94.1227 	EXP 	fade_in_text: autoDraw = True
94.1392 	EXP 	fade_in_text: autoDraw = True
94.1560 	EXP 	fade_in_text: autoDraw = True
94.1726 	EXP 	fade_in_text: autoDraw = True
94.1893 	EXP 	fade_in_text: autoDraw = True
94.2060 	EXP 	fade_in_text: autoDraw = True
94.2227 	EXP 	fade_in_text: autoDraw = True
94.2393 	EXP 	fade_in_text: autoDraw = True
94.2560 	EXP 	fade_in_text: autoDraw = True
94.2726 	EXP 	fade_in_text: autoDraw = True
94.2893 	EXP 	fade_in_text: autoDraw = True
94.3060 	EXP 	fade_in_text: autoDraw = True
94.3227 	EXP 	fade_in_text: autoDraw = True
94.3392 	EXP 	fade_in_text: autoDraw = True
94.3560 	EXP 	fade_in_text: autoDraw = True
94.3726 	EXP 	fade_in_text: autoDraw = True
94.3893 	EXP 	fade_in_text: autoDraw = True
94.4060 	EXP 	fade_in_text: autoDraw = True
94.4227 	EXP 	fade_in_text: autoDraw = True
94.4393 	EXP 	fade_in_text: autoDraw = True
94.4560 	EXP 	fade_in_text: autoDraw = True
94.4726 	EXP 	fade_in_text: autoDraw = True
94.4893 	EXP 	fade_in_text: autoDraw = True
94.5060 	EXP 	fade_in_text: autoDraw = True
94.5226 	EXP 	fade_in_text: autoDraw = True
94.5392 	EXP 	fade_in_text: autoDraw = True
94.5560 	EXP 	fade_in_text: autoDraw = True
94.5726 	EXP 	fade_in_text: autoDraw = True
94.5893 	EXP 	fade_in_text: autoDraw = True
94.6060 	EXP 	fade_in_text: autoDraw = True
94.6226 	EXP 	fade_in_text: autoDraw = True
94.6392 	EXP 	fade_in_text: autoDraw = True
94.6560 	EXP 	fade_in_text: autoDraw = True
94.6726 	EXP 	fade_in_text: autoDraw = True
94.6893 	EXP 	fade_in_text: autoDraw = True
94.7060 	EXP 	fade_in_text: autoDraw = True
94.7226 	EXP 	fade_in_text: autoDraw = True
94.7392 	EXP 	fade_in_text: autoDraw = True
94.7560 	EXP 	fade_in_text: autoDraw = True
94.7726 	EXP 	fade_in_text: autoDraw = True
94.7893 	EXP 	fade_in_text: autoDraw = True
94.8061 	EXP 	fade_in_text: autoDraw = True
94.8226 	EXP 	fade_in_text: autoDraw = True
94.8393 	EXP 	fade_in_text: autoDraw = True
94.8560 	EXP 	fade_in_text: autoDraw = True
94.8726 	EXP 	fade_in_text: autoDraw = True
94.8893 	EXP 	fade_in_text: autoDraw = True
94.9061 	EXP 	fade_in_text: autoDraw = True
94.9226 	EXP 	fade_in_text: autoDraw = True
94.9393 	EXP 	fade_in_text: autoDraw = True
94.9560 	EXP 	fade_in_text: autoDraw = True
94.9727 	EXP 	fade_in_text: autoDraw = True
94.9893 	EXP 	fade_in_text: autoDraw = True
95.0061 	EXP 	fade_in_text: autoDraw = True
95.0226 	EXP 	fade_in_text: autoDraw = True
95.0393 	EXP 	fade_in_text: autoDraw = True
95.0560 	EXP 	fade_in_text: autoDraw = True
95.0727 	EXP 	fade_in_text: autoDraw = True
95.0893 	EXP 	fade_in_text: autoDraw = True
95.1060 	EXP 	fade_in_text: autoDraw = True
95.1226 	EXP 	fade_in_text: autoDraw = True
95.1393 	EXP 	fade_in_text: autoDraw = True
95.1560 	EXP 	fade_in_text: autoDraw = True
95.1727 	EXP 	fade_in_text: autoDraw = True
95.1893 	EXP 	fade_in_text: autoDraw = True
95.2059 	EXP 	fade_in_text: autoDraw = True
95.2226 	EXP 	fade_in_text: autoDraw = True
95.2393 	EXP 	fade_in_text: autoDraw = True
95.2560 	EXP 	fade_in_text: autoDraw = True
95.2727 	EXP 	fade_in_text: autoDraw = True
95.2894 	EXP 	fade_in_text: autoDraw = True
95.3059 	EXP 	fade_in_text: autoDraw = True
95.3226 	EXP 	fade_in_text: autoDraw = True
95.3393 	EXP 	fade_in_text: autoDraw = True
95.3561 	EXP 	fade_in_text: autoDraw = True
95.3727 	EXP 	fade_in_text: autoDraw = True
95.3894 	EXP 	fade_in_text: autoDraw = True
95.4059 	EXP 	fade_in_text: autoDraw = True
95.4226 	EXP 	fade_in_text: autoDraw = True
95.4394 	EXP 	fade_in_text: autoDraw = True
95.4561 	EXP 	fade_in_text: autoDraw = True
95.4727 	EXP 	fade_in_text: autoDraw = True
95.4894 	EXP 	fade_in_text: autoDraw = True
95.5059 	EXP 	fade_in_text: autoDraw = True
95.5227 	EXP 	fade_in_text: autoDraw = True
95.5393 	EXP 	fade_in_text: autoDraw = True
95.5560 	EXP 	fade_in_text: autoDraw = True
95.5727 	EXP 	fade_in_text: autoDraw = True
95.5895 	EXP 	fade_in_text: autoDraw = True
95.6061 	EXP 	fade_in_text: autoDraw = True
95.6227 	EXP 	fade_in_text: autoDraw = True
95.6394 	EXP 	fade_in_text: autoDraw = True
95.6561 	EXP 	fade_in_text: autoDraw = True
95.6727 	EXP 	fade_in_text: autoDraw = True
95.6895 	EXP 	fade_in_text: autoDraw = True
95.7059 	EXP 	fade_in_text: autoDraw = True
95.7227 	EXP 	fade_in_text: autoDraw = True
95.7394 	EXP 	fade_in_text: autoDraw = True
95.7561 	EXP 	fade_in_text: autoDraw = True
95.7727 	EXP 	fade_in_text: autoDraw = True
95.7895 	EXP 	fade_in_text: autoDraw = True
95.8060 	EXP 	fade_in_text: autoDraw = True
95.8227 	EXP 	fade_in_text: autoDraw = True
95.8394 	EXP 	fade_in_text: autoDraw = True
95.8562 	EXP 	fade_in_text: autoDraw = True
95.8727 	EXP 	fade_in_text: autoDraw = True
95.8894 	EXP 	fade_in_text: autoDraw = True
95.9060 	EXP 	fade_in_text: autoDraw = True
95.9227 	EXP 	fade_in_text: autoDraw = True
95.9394 	EXP 	fade_in_text: autoDraw = True
95.9561 	EXP 	fade_in_text: autoDraw = True
95.9727 	EXP 	fade_in_text: autoDraw = True
95.9893 	EXP 	fade_in_text: autoDraw = True
96.0060 	EXP 	fade_in_text: autoDraw = True
96.0228 	EXP 	fade_in_text: autoDraw = True
96.0394 	EXP 	fade_in_text: autoDraw = True
96.0561 	EXP 	fade_in_text: autoDraw = True
96.0727 	EXP 	fade_in_text: autoDraw = True
96.0893 	EXP 	fade_in_text: autoDraw = True
96.1060 	EXP 	fade_in_text: autoDraw = True
96.1227 	EXP 	fade_in_text: autoDraw = True
96.1394 	EXP 	fade_in_text: autoDraw = True
96.1561 	EXP 	fade_in_text: autoDraw = True
96.1727 	EXP 	fade_in_text: autoDraw = True
96.1893 	EXP 	fade_in_text: autoDraw = True
96.2060 	EXP 	fade_in_text: autoDraw = True
96.2227 	EXP 	fade_in_text: autoDraw = True
96.2394 	EXP 	fade_in_text: autoDraw = True
96.2561 	EXP 	fade_in_text: autoDraw = True
96.2727 	EXP 	fade_in_text: autoDraw = True
96.2893 	EXP 	fade_in_text: autoDraw = True
96.3060 	EXP 	fade_in_text: autoDraw = True
96.3227 	EXP 	fade_in_text: autoDraw = True
96.3394 	EXP 	fade_in_text: autoDraw = True
96.3561 	EXP 	fade_in_text: autoDraw = True
96.3729 	EXP 	fade_in_text: autoDraw = True
96.3893 	EXP 	fade_in_text: autoDraw = True
96.4061 	EXP 	fade_in_text: autoDraw = True
96.4227 	EXP 	fade_in_text: autoDraw = True
96.4394 	EXP 	fade_in_text: autoDraw = True
96.4561 	EXP 	fade_in_text: autoDraw = True
96.4729 	EXP 	fade_in_text: autoDraw = True
96.4893 	EXP 	fade_in_text: autoDraw = True
96.5061 	EXP 	fade_in_text: autoDraw = True
96.5228 	EXP 	fade_in_text: autoDraw = True
96.5394 	EXP 	fade_in_text: autoDraw = True
96.5561 	EXP 	fade_in_text: autoDraw = True
96.5729 	EXP 	fade_in_text: autoDraw = True
96.5893 	EXP 	fade_in_text: autoDraw = True
96.6061 	EXP 	fade_in_text: autoDraw = True
96.6228 	EXP 	fade_in_text: autoDraw = True
96.6394 	EXP 	fade_in_text: autoDraw = True
96.6561 	EXP 	fade_in_text: autoDraw = True
96.6728 	EXP 	fade_in_text: autoDraw = True
96.6894 	EXP 	fade_in_text: autoDraw = True
96.7061 	EXP 	fade_in_text: autoDraw = True
96.7228 	EXP 	fade_in_text: autoDraw = True
96.7394 	EXP 	fade_in_text: autoDraw = True
96.7561 	EXP 	fade_in_text: autoDraw = True
96.7728 	EXP 	fade_in_text: autoDraw = True
96.7894 	EXP 	fade_in_text: autoDraw = True
96.8061 	EXP 	fade_in_text: autoDraw = True
100.8235 	EXP 	fade_in_text: autoDraw = False
100.8235 	EXP 	RS_rec_text: text = 'Please keep relaxed and open your eyes.\nNote: Blinking is allowed.'
100.8235 	EXP 	RS_rec_text: autoDraw = True
280.8326 	EXP 	RS_rec_text: autoDraw = False
284.2329 	EXP 	RS_rec_text: autoDraw = False
284.2329 	EXP 	RS_rec_text: text = 'Please keep relaxed and close your eyes.\n'
284.2329 	EXP 	RS_rec_text: autoDraw = True
464.2422 	EXP 	RS_rec_text: autoDraw = False
467.6259 	EXP 	RS_rec_text: autoDraw = False
467.6259 	EXP 	Pause_cont: text = 'Press [space] key to continue.'
467.6259 	EXP 	Pause_cont: autoDraw = True
484.0477 	EXP 	Created sequence: random, trialTypes=1, nReps=2, seed=None
484.0484 	EXP 	New trial (rep=0, index=0): None
485.0516 	EXP 	Created sequence: random, trialTypes=1, nReps=25, seed=None
485.0526 	EXP 	New trial (rep=0, index=0): None
486.0770 	EXP 	Pause_cont: autoDraw = False
486.0770 	EXP 	QA_rec_text: autoDraw = True
504.0659 	EXP 	New trial (rep=1, index=0): None
505.1278 	EXP 	QA_rec_text: autoDraw = False
505.1278 	EXP 	QA_rec_break: autoDraw = False
505.1278 	EXP 	QA_rec_text: autoDraw = True
524.0499 	EXP 	New trial (rep=2, index=0): None
525.0956 	EXP 	QA_rec_text: autoDraw = False
525.0956 	EXP 	QA_rec_break: autoDraw = False
525.0956 	EXP 	QA_rec_text: autoDraw = True
544.0506 	EXP 	New trial (rep=3, index=0): None
545.0966 	EXP 	QA_rec_text: autoDraw = False
545.0966 	EXP 	QA_rec_break: autoDraw = False
545.0966 	EXP 	QA_rec_text: autoDraw = True
564.0517 	EXP 	New trial (rep=4, index=0): None
565.0976 	EXP 	QA_rec_text: autoDraw = False
565.0976 	EXP 	QA_rec_break: autoDraw = False
565.0976 	EXP 	QA_rec_text: autoDraw = True
584.0529 	EXP 	New trial (rep=5, index=0): None
585.0991 	EXP 	QA_rec_text: autoDraw = False
585.0991 	EXP 	QA_rec_break: autoDraw = False
585.0991 	EXP 	QA_rec_text: autoDraw = True
604.0552 	EXP 	New trial (rep=6, index=0): None
605.0997 	EXP 	QA_rec_text: autoDraw = False
605.0997 	EXP 	QA_rec_break: autoDraw = False
605.0997 	EXP 	QA_rec_text: autoDraw = True
624.0553 	EXP 	New trial (rep=7, index=0): None
625.0840 	EXP 	QA_rec_text: autoDraw = False
625.0840 	EXP 	QA_rec_break: autoDraw = False
625.0840 	EXP 	QA_rec_text: autoDraw = True
644.0559 	EXP 	New trial (rep=8, index=0): None
645.1022 	EXP 	QA_rec_text: autoDraw = False
645.1022 	EXP 	QA_rec_break: autoDraw = False
645.1022 	EXP 	QA_rec_text: autoDraw = True
664.0573 	EXP 	New trial (rep=9, index=0): None
665.1029 	EXP 	QA_rec_text: autoDraw = False
665.1029 	EXP 	QA_rec_break: autoDraw = False
665.1029 	EXP 	QA_rec_text: autoDraw = True
684.0580 	EXP 	New trial (rep=10, index=0): None
685.1038 	EXP 	QA_rec_text: autoDraw = False
685.1038 	EXP 	QA_rec_break: autoDraw = False
685.1038 	EXP 	QA_rec_text: autoDraw = True
704.0593 	EXP 	New trial (rep=11, index=0): None
705.1048 	EXP 	QA_rec_text: autoDraw = False
705.1048 	EXP 	QA_rec_break: autoDraw = False
705.1048 	EXP 	QA_rec_text: autoDraw = True
724.0613 	EXP 	New trial (rep=12, index=0): None
725.1059 	EXP 	QA_rec_text: autoDraw = False
725.1059 	EXP 	QA_rec_break: autoDraw = False
725.1059 	EXP 	QA_rec_text: autoDraw = True
744.0614 	EXP 	New trial (rep=13, index=0): None
745.0905 	EXP 	QA_rec_text: autoDraw = False
745.0905 	EXP 	QA_rec_break: autoDraw = False
745.0905 	EXP 	QA_rec_text: autoDraw = True
763.0581 	EXP 	QA_rec_break: autoDraw = True
764.0621 	EXP 	New trial (rep=14, index=0): None
765.1089 	EXP 	QA_rec_text: autoDraw = False
765.1089 	EXP 	QA_rec_break: autoDraw = False
765.1089 	EXP 	QA_rec_text: autoDraw = True
784.0633 	EXP 	New trial (rep=15, index=0): None
785.1094 	EXP 	QA_rec_text: autoDraw = False
785.1094 	EXP 	QA_rec_break: autoDraw = False
785.1094 	EXP 	QA_rec_text: autoDraw = True
804.0656 	EXP 	New trial (rep=16, index=0): None
805.1102 	EXP 	QA_rec_text: autoDraw = False
805.1102 	EXP 	QA_rec_break: autoDraw = False
805.1102 	EXP 	QA_rec_text: autoDraw = True
824.0656 	EXP 	New trial (rep=17, index=0): None
825.1112 	EXP 	QA_rec_text: autoDraw = False
825.1112 	EXP 	QA_rec_break: autoDraw = False
825.1112 	EXP 	QA_rec_text: autoDraw = True
844.0506 	EXP 	New trial (rep=18, index=0): None
845.0956 	EXP 	QA_rec_text: autoDraw = False
845.0956 	EXP 	QA_rec_break: autoDraw = False
845.0956 	EXP 	QA_rec_text: autoDraw = True
864.0516 	EXP 	New trial (rep=19, index=0): None
865.0972 	EXP 	QA_rec_text: autoDraw = False
865.0972 	EXP 	QA_rec_break: autoDraw = False
865.0972 	EXP 	QA_rec_text: autoDraw = True
884.0526 	EXP 	New trial (rep=20, index=0): None
885.1152 	EXP 	QA_rec_text: autoDraw = False
885.1152 	EXP 	QA_rec_break: autoDraw = False
885.1152 	EXP 	QA_rec_text: autoDraw = True
904.0698 	EXP 	New trial (rep=21, index=0): None
905.1324 	EXP 	QA_rec_text: autoDraw = False
905.1324 	EXP 	QA_rec_break: autoDraw = False
905.1324 	EXP 	QA_rec_text: autoDraw = True
924.0711 	EXP 	New trial (rep=22, index=0): None
925.1164 	EXP 	QA_rec_text: autoDraw = False
925.1164 	EXP 	QA_rec_break: autoDraw = False
925.1164 	EXP 	QA_rec_text: autoDraw = True
944.0571 	EXP 	New trial (rep=23, index=0): None
945.1181 	EXP 	QA_rec_text: autoDraw = False
945.1181 	EXP 	QA_rec_break: autoDraw = False
945.1181 	EXP 	QA_rec_text: autoDraw = True
964.0573 	EXP 	New trial (rep=24, index=0): None
965.1023 	EXP 	QA_rec_text: autoDraw = False
965.1023 	EXP 	QA_rec_break: autoDraw = False
965.1023 	EXP 	QA_rec_text: autoDraw = True
986.1197 	EXP 	QA_rec_text: autoDraw = False
986.1197 	EXP 	QA_rec_break: autoDraw = False
986.1197 	EXP 	Pause_cont: text = 'Press [space] key to continue.'
986.1197 	EXP 	Pause_cont: autoDraw = True
1008.6572 	EXP 	New trial (rep=1, index=0): None
1009.6611 	EXP 	Created sequence: random, trialTypes=1, nReps=25, seed=None
1009.6622 	EXP 	New trial (rep=0, index=0): None
1010.6882 	EXP 	Pause_cont: autoDraw = False
1010.6882 	EXP 	QA_rec_text: autoDraw = True
1028.6885 	EXP 	QA_rec_break: autoDraw = True
1029.6941 	EXP 	New trial (rep=1, index=0): None
1030.7399 	EXP 	QA_rec_text: autoDraw = False
1030.7399 	EXP 	QA_rec_break: autoDraw = False
1030.7399 	EXP 	QA_rec_text: autoDraw = True
1049.6779 	EXP 	New trial (rep=2, index=0): None
1050.7400 	EXP 	QA_rec_text: autoDraw = False
1050.7400 	EXP 	QA_rec_break: autoDraw = False
1050.7400 	EXP 	QA_rec_text: autoDraw = True
1069.6781 	EXP 	New trial (rep=3, index=0): None
1070.7584 	EXP 	QA_rec_text: autoDraw = False
1070.7584 	EXP 	QA_rec_break: autoDraw = False
1070.7584 	EXP 	QA_rec_text: autoDraw = True
1089.6633 	EXP 	New trial (rep=4, index=0): None
1090.7419 	EXP 	QA_rec_text: autoDraw = False
1090.7419 	EXP 	QA_rec_break: autoDraw = False
1090.7419 	EXP 	QA_rec_text: autoDraw = True
1109.6642 	EXP 	New trial (rep=5, index=0): None
1110.7101 	EXP 	QA_rec_text: autoDraw = False
1110.7101 	EXP 	QA_rec_break: autoDraw = False
1110.7101 	EXP 	QA_rec_text: autoDraw = True
1128.6772 	EXP 	QA_rec_break: autoDraw = True
1129.6832 	EXP 	New trial (rep=6, index=0): None
1130.7282 	EXP 	QA_rec_text: autoDraw = False
1130.7282 	EXP 	QA_rec_break: autoDraw = False
1130.7282 	EXP 	QA_rec_text: autoDraw = True
1149.6680 	EXP 	New trial (rep=7, index=0): None
1150.7293 	EXP 	QA_rec_text: autoDraw = False
1150.7293 	EXP 	QA_rec_break: autoDraw = False
1150.7293 	EXP 	QA_rec_text: autoDraw = True
1169.6679 	EXP 	New trial (rep=8, index=0): None
1170.7295 	EXP 	QA_rec_text: autoDraw = False
1170.7295 	EXP 	QA_rec_break: autoDraw = False
1170.7295 	EXP 	QA_rec_text: autoDraw = True
1189.6683 	EXP 	New trial (rep=9, index=0): None
1190.7314 	EXP 	QA_rec_text: autoDraw = False
1190.7314 	EXP 	QA_rec_break: autoDraw = False
1190.7314 	EXP 	QA_rec_text: autoDraw = True
1209.6733 	EXP 	New trial (rep=10, index=0): None
1210.7150 	EXP 	QA_rec_text: autoDraw = False
1210.7150 	EXP 	QA_rec_break: autoDraw = False
1210.7150 	EXP 	QA_rec_text: autoDraw = True
1229.6860 	EXP 	New trial (rep=11, index=0): None
1230.7328 	EXP 	QA_rec_text: autoDraw = False
1230.7328 	EXP 	QA_rec_break: autoDraw = False
1230.7328 	EXP 	QA_rec_text: autoDraw = True
1249.6713 	EXP 	New trial (rep=12, index=0): None
1250.7349 	EXP 	QA_rec_text: autoDraw = False
1250.7349 	EXP 	QA_rec_break: autoDraw = False
1250.7349 	EXP 	QA_rec_text: autoDraw = True
1269.6725 	EXP 	New trial (rep=13, index=0): None
1270.7354 	EXP 	QA_rec_text: autoDraw = False
1270.7354 	EXP 	QA_rec_break: autoDraw = False
1270.7354 	EXP 	QA_rec_text: autoDraw = True
1289.6736 	EXP 	New trial (rep=14, index=0): None
1290.7361 	EXP 	QA_rec_text: autoDraw = False
1290.7361 	EXP 	QA_rec_break: autoDraw = False
1290.7361 	EXP 	QA_rec_text: autoDraw = True
1309.6747 	EXP 	New trial (rep=15, index=0): None
1310.7542 	EXP 	QA_rec_text: autoDraw = False
1310.7542 	EXP 	QA_rec_break: autoDraw = False
1310.7542 	EXP 	QA_rec_text: autoDraw = True
1329.6922 	EXP 	New trial (rep=16, index=0): None
1330.7396 	EXP 	QA_rec_text: autoDraw = False
1330.7396 	EXP 	QA_rec_break: autoDraw = False
1330.7396 	EXP 	QA_rec_text: autoDraw = True
1349.6773 	EXP 	New trial (rep=17, index=0): None
1350.7401 	EXP 	QA_rec_text: autoDraw = False
1350.7401 	EXP 	QA_rec_break: autoDraw = False
1350.7401 	EXP 	QA_rec_text: autoDraw = True
1369.6787 	EXP 	New trial (rep=18, index=0): None
1370.7408 	EXP 	QA_rec_text: autoDraw = False
1370.7408 	EXP 	QA_rec_break: autoDraw = False
1370.7408 	EXP 	QA_rec_text: autoDraw = True
1389.6793 	EXP 	New trial (rep=19, index=0): None
1390.7254 	EXP 	QA_rec_text: autoDraw = False
1390.7254 	EXP 	QA_rec_break: autoDraw = False
1390.7254 	EXP 	QA_rec_text: autoDraw = True
1409.6632 	EXP 	New trial (rep=20, index=0): None
1410.7268 	EXP 	QA_rec_text: autoDraw = False
1410.7268 	EXP 	QA_rec_break: autoDraw = False
1410.7268 	EXP 	QA_rec_text: autoDraw = True
1429.6652 	EXP 	New trial (rep=21, index=0): None
1430.7268 	EXP 	QA_rec_text: autoDraw = False
1430.7268 	EXP 	QA_rec_break: autoDraw = False
1430.7268 	EXP 	QA_rec_text: autoDraw = True
1449.6821 	EXP 	New trial (rep=22, index=0): None
1450.7449 	EXP 	QA_rec_text: autoDraw = False
1450.7449 	EXP 	QA_rec_break: autoDraw = False
1450.7449 	EXP 	QA_rec_text: autoDraw = True
1469.6833 	EXP 	New trial (rep=23, index=0): None
1470.7460 	EXP 	QA_rec_text: autoDraw = False
1470.7460 	EXP 	QA_rec_break: autoDraw = False
1470.7460 	EXP 	QA_rec_text: autoDraw = True
1489.6841 	EXP 	New trial (rep=24, index=0): None
1490.8631 	EXP 	QA_rec_text: autoDraw = False
1490.8631 	EXP 	QA_rec_break: autoDraw = False
1490.8631 	EXP 	QA_rec_text: autoDraw = True
1511.7141 	EXP 	QA_rec_text: autoDraw = False
1511.7141 	EXP 	QA_rec_break: autoDraw = False
1511.7141 	EXP 	Pause_cont: text = 'Press [space] key to continue.'
1511.7141 	EXP 	Pause_cont: autoDraw = True
1524.7983 	EXP 	Pause_cont: autoDraw = False
1524.7983 	EXP 	fade_in_text: text = 'Please remain seated until further instruction via the earphone.'
1524.7983 	EXP 	fade_in_text: autoDraw = True
1526.2514 	EXP 	window1: mouseVisible = True
