19.7967 	EXP 	Created instruction_text = TextStim(__class__=<class 'psychopy.visual.text.TextStim'>, alignHoriz='center', alignVert='center', antialias=True, autoLog=True, bold=False, color=array([1., 1., 1.]), colorSpace='rgb', contrast=1.0, depth=-0.0, flipHoriz=False, flipVert=False, font='Arial', fontFiles=[], height=0.06, italic=False, languageStyle='LTR', name='instruction_text', opacity=1.0, ori=0.0, pos=array([0.5, 0.1]), rgb=array([1., 1., 1.]), text=str(...), units='norm', win=Window(...), wrapWidth=1)
20.0474 	EXP 	Created instruction_cont = TextStim(__class__=<class 'psychopy.visual.text.TextStim'>, alignHoriz='center', alignVert='center', antialias=True, autoLog=True, bold=False, color=array([1., 1., 1.]), colorSpace='rgb', contrast=1.0, depth=-3.0, flipHoriz=False, flipVert=False, font='Arial', fontFiles=[], height=0.06, italic=False, languageStyle='LTR', name='instruction_cont', opacity=1.0, ori=0.0, pos=array([ 0.5, -0.4]), rgb=array([1., 1., 1.]), text='          Press [space] key to continue.', units='norm', win=Window(...), wrapWidth=1)
20.0597 	EXP 	Created Artifact_intro_title = TextStim(__class__=<class 'psychopy.visual.text.TextStim'>, alignHoriz='center', alignVert='center', antialias=True, autoLog=True, bold=False, color=array([1., 1., 1.]), colorSpace='rgb', contrast=1.0, depth=-0.0, flipHoriz=False, flipVert=False, font='Arial', fontFiles=[], height=0.06, italic=False, languageStyle='LTR', name='Artifact_intro_title', opacity=1.0, ori=0.0, pos=array([0.5, 0.4]), rgb=array([1., 1., 1.]), text='Muscular signal recording', units='norm', win=Window(...), wrapWidth=1)
20.0739 	EXP 	Created Artifact_intro_text = TextStim(__class__=<class 'psychopy.visual.text.TextStim'>, alignHoriz='center', alignVert='center', antialias=True, autoLog=True, bold=False, color=array([1., 1., 1.]), colorSpace='rgb', contrast=1.0, depth=-1.0, flipHoriz=False, flipVert=False, font='Arial', fontFiles=[], height=0.06, italic=False, languageStyle='LTR', name='Artifact_intro_text', opacity=1.0, ori=0.0, pos=array([0.5, 0. ]), rgb=array([1., 1., 1.]), text=str(...), units='norm', win=Window(...), wrapWidth=1)
20.0865 	EXP 	Created Artifact_intro_cont = TextStim(__class__=<class 'psychopy.visual.text.TextStim'>, alignHoriz='center', alignVert='center', antialias=True, autoLog=True, bold=False, color=array([1., 1., 1.]), colorSpace='rgb', contrast=1.0, depth=-4.0, flipHoriz=False, flipVert=False, font='Arial', fontFiles=[], height=0.06, italic=False, languageStyle='LTR', name='Artifact_intro_cont', opacity=1.0, ori=0.0, pos=array([0.5, 0. ]), rgb=array([1., 1., 1.]), text='          Press [space] key to continue.', units='norm', win=Window(...), wrapWidth=1)
20.0872 	EXP 	Created Artifact_rec_text = TextStim(__class__=<class 'psychopy.visual.text.TextStim'>, alignHoriz='center', alignVert='center', antialias=True, autoLog=True, bold=False, color=array([1., 1., 1.]), colorSpace='rgb', contrast=1.0, depth=-0.0, flipHoriz=False, flipVert=False, font='Arial', fontFiles=[], height=0.06, italic=False, languageStyle='LTR', name='Artifact_rec_text', opacity=1.0, ori=0.0, pos=array([0.5, 0.4]), rgb=array([1., 1., 1.]), text='', units='norm', win=Window(...), wrapWidth=1)
20.0894 	EXP 	Created Artifact_rec_recording = TextStim(__class__=<class 'psychopy.visual.text.TextStim'>, alignHoriz='center', alignVert='center', antialias=True, autoLog=True, bold=False, color=array([1., 1., 1.]), colorSpace='rgb', contrast=1.0, depth=-4.0, flipHoriz=False, flipVert=False, font='Arial', fontFiles=[], height=0.06, italic=False, languageStyle='LTR', name='Artifact_rec_recording', opacity=1.0, ori=0.0, pos=array([ 0.5, -0.4]), rgb=array([1., 1., 1.]), text='', units='norm', win=Window(...), wrapWidth=1)
20.0923 	EXP 	Created Artifact_rec_break = TextStim(__class__=<class 'psychopy.visual.text.TextStim'>, alignHoriz='center', alignVert='center', antialias=True, autoLog=True, bold=False, color=array([1., 1., 1.]), colorSpace='rgb', contrast=1.0, depth=-6.0, flipHoriz=False, flipVert=False, font='Arial', fontFiles=[], height=0.06, italic=False, languageStyle='LTR', name='Artifact_rec_break', opacity=1.0, ori=0.0, pos=array([ 0.5, -0.4]), rgb=array([1., 1., 1.]), text='Short break', units='norm', win=Window(...), wrapWidth=1)
20.0975 	EXP 	Created Cali_de_pre_intro_title = TextStim(__class__=<class 'psychopy.visual.text.TextStim'>, alignHoriz='center', alignVert='center', antialias=True, autoLog=True, bold=False, color=array([1., 1., 1.]), colorSpace='rgb', contrast=1.0, depth=-0.0, flipHoriz=False, flipVert=False, font='Arial', fontFiles=[], height=0.06, italic=False, languageStyle='LTR', name='Cali_de_pre_intro_title', opacity=1.0, ori=0.0, pos=array([0.5, 0.4]), rgb=array([1., 1., 1.]), text='READ OUT BLOCK (GERMAN)', units='norm', win=Window(...), wrapWidth=1)
20.1055 	EXP 	Created Cali_de_pre_intro_text = TextStim(__class__=<class 'psychopy.visual.text.TextStim'>, alignHoriz='center', alignVert='center', antialias=True, autoLog=True, bold=False, color=array([1., 1., 1.]), colorSpace='rgb', contrast=1.0, depth=-1.0, flipHoriz=False, flipVert=False, font='Arial', fontFiles=[], height=0.06, italic=False, languageStyle='LTR', name='Cali_de_pre_intro_text', opacity=1.0, ori=0.0, pos=array([0.5, 0. ]), rgb=array([1., 1., 1.]), text=str(...), units='norm', win=Window(...), wrapWidth=1)
20.1101 	EXP 	Created Cali_de_pre_intro_cont = TextStim(__class__=<class 'psychopy.visual.text.TextStim'>, alignHoriz='center', alignVert='center', antialias=True, autoLog=True, bold=False, color=array([1., 1., 1.]), colorSpace='rgb', contrast=1.0, depth=-4.0, flipHoriz=False, flipVert=False, font='Arial', fontFiles=[], height=0.06, italic=False, languageStyle='LTR', name='Cali_de_pre_intro_cont', opacity=1.0, ori=0.0, pos=array([0.5, 0. ]), rgb=array([1., 1., 1.]), text='          Press [space] key to continue.', units='norm', win=Window(...), wrapWidth=1)
20.1105 	EXP 	Created Cali_de_pre_rec_text = TextStim(__class__=<class 'psychopy.visual.text.TextStim'>, alignHoriz='center', alignVert='center', antialias=True, autoLog=True, bold=False, color=array([1., 1., 1.]), colorSpace='rgb', contrast=1.0, depth=-0.0, flipHoriz=False, flipVert=False, font='Arial', fontFiles=[], height=0.06, italic=False, languageStyle='LTR', name='Cali_de_pre_rec_text', opacity=1.0, ori=0.0, pos=array([0.5, 0.4]), rgb=array([1., 1., 1.]), text='', units='norm', win=Window(...), wrapWidth=1)
20.1114 	EXP 	Created Cali_de_pre_rec_question_text = TextStim(__class__=<class 'psychopy.visual.text.TextStim'>, alignHoriz='center', alignVert='center', antialias=True, autoLog=True, bold=False, color=array([1., 1., 1.]), colorSpace='rgb', contrast=1.0, depth=-2.0, flipHoriz=False, flipVert=False, font='Arial', fontFiles=[], height=0.06, italic=False, languageStyle='LTR', name='Cali_de_pre_rec_question_text', opacity=1.0, ori=0.0, pos=array([0.5, 0. ]), rgb=array([1., 1., 1.]), text='', units='norm', win=Window(...), wrapWidth=1)
20.1135 	EXP 	Created Cali_de_pre_rec_break = TextStim(__class__=<class 'psychopy.visual.text.TextStim'>, alignHoriz='center', alignVert='center', antialias=True, autoLog=True, bold=False, color=array([1., 1., 1.]), colorSpace='rgb', contrast=1.0, depth=-6.0, flipHoriz=False, flipVert=False, font='Arial', fontFiles=[], height=0.06, italic=False, languageStyle='LTR', name='Cali_de_pre_rec_break', opacity=1.0, ori=0.0, pos=array([ 0.5, -0.4]), rgb=array([1., 1., 1.]), text='Short break', units='norm', win=Window(...), wrapWidth=1)
20.1139 	EXP 	Created fade_in_text = TextStim(__class__=<class 'psychopy.visual.text.TextStim'>, alignHoriz='center', alignVert='center', antialias=True, autoLog=True, bold=False, color=array([1., 1., 1.]), colorSpace='rgb', contrast=1.0, depth=-0.0, flipHoriz=False, flipVert=False, font='Arial', fontFiles=[], height=0.06, italic=False, languageStyle='LTR', name='fade_in_text', opacity=1.0, ori=0.0, pos=array([0.5, 0.4]), rgb=array([1., 1., 1.]), text='', units='norm', win=Window(...), wrapWidth=1)
20.1158 	EXP 	Created RS_intro_title = TextStim(__class__=<class 'psychopy.visual.text.TextStim'>, alignHoriz='center', alignVert='center', antialias=True, autoLog=True, bold=False, color=array([1., 1., 1.]), colorSpace='rgb', contrast=1.0, depth=-0.0, flipHoriz=False, flipVert=False, font='Arial', fontFiles=[], height=0.06, italic=False, languageStyle='LTR', name='RS_intro_title', opacity=1.0, ori=0.0, pos=array([0.5, 0.4]), rgb=array([1., 1., 1.]), text='REST STATE BLOCK', units='norm', win=Window(...), wrapWidth=1)
20.1216 	EXP 	Created RS_intro_text = TextStim(__class__=<class 'psychopy.visual.text.TextStim'>, alignHoriz='center', alignVert='center', antialias=True, autoLog=True, bold=False, color=array([1., 1., 1.]), colorSpace='rgb', contrast=1.0, depth=-1.0, flipHoriz=False, flipVert=False, font='Arial', fontFiles=[], height=0.06, italic=False, languageStyle='LTR', name='RS_intro_text', opacity=1.0, ori=0.0, pos=array([0.5, 0. ]), rgb=array([1., 1., 1.]), text=str(...), units='norm', win=Window(...), wrapWidth=1)
20.1265 	EXP 	Created RS_rec_text = TextStim(__class__=<class 'psychopy.visual.text.TextStim'>, alignHoriz='center', alignVert='center', antialias=True, autoLog=True, bold=False, color=array([1., 1., 1.]), colorSpace='rgb', contrast=1.0, depth=-0.0, flipHoriz=False, flipVert=False, font='Arial', fontFiles=[], height=0.06, italic=False, languageStyle='LTR', name='RS_rec_text', opacity=1.0, ori=0.0, pos=array([0.5, 0. ]), rgb=array([1., 1., 1.]), text=str(...), units='norm', win=Window(...), wrapWidth=1)
20.1287 	EXP 	Created QA_intro_title = TextStim(__class__=<class 'psychopy.visual.text.TextStim'>, alignHoriz='center', alignVert='center', antialias=True, autoLog=True, bold=False, color=array([1., 1., 1.]), colorSpace='rgb', contrast=1.0, depth=-0.0, flipHoriz=False, flipVert=False, font='Arial', fontFiles=[], height=0.06, italic=False, languageStyle='LTR', name='QA_intro_title', opacity=1.0, ori=0.0, pos=array([0.5, 0.5]), rgb=array([1., 1., 1.]), text='Q&A BLOCK', units='norm', win=Window(...), wrapWidth=1)
20.1378 	EXP 	Created QA_intro_text = TextStim(__class__=<class 'psychopy.visual.text.TextStim'>, alignHoriz='center', alignVert='center', antialias=True, autoLog=True, bold=False, color=array([1., 1., 1.]), colorSpace='rgb', contrast=1.0, depth=-1.0, flipHoriz=False, flipVert=False, font='Arial', fontFiles=[], height=0.06, italic=False, languageStyle='LTR', name='QA_intro_text', opacity=1.0, ori=0.0, pos=array([0.5, 0. ]), rgb=array([1., 1., 1.]), text=str(...), units='norm', win=Window(...), wrapWidth=1)
20.1422 	EXP 	Created QA_intro_cont = TextStim(__class__=<class 'psychopy.visual.text.TextStim'>, alignHoriz='center', alignVert='center', antialias=True, autoLog=True, bold=False, color=array([1., 1., 1.]), colorSpace='rgb', contrast=1.0, depth=-4.0, flipHoriz=False, flipVert=False, font='Arial', fontFiles=[], height=0.06, italic=False, languageStyle='LTR', name='QA_intro_cont', opacity=1.0, ori=0.0, pos=array([0.5, 0. ]), rgb=array([1., 1., 1.]), text='          Press [space] key to continue.', units='norm', win=Window(...), wrapWidth=1)
20.1450 	EXP 	Created QA_rec_text = TextStim(__class__=<class 'psychopy.visual.text.TextStim'>, alignHoriz='center', alignVert='center', antialias=True, autoLog=True, bold=False, color=array([1., 1., 1.]), colorSpace='rgb', contrast=1.0, depth=-0.0, flipHoriz=False, flipVert=False, font='Arial', fontFiles=[], height=0.06, italic=False, languageStyle='LTR', name='QA_rec_text', opacity=1.0, ori=0.0, pos=array([0.5, 0. ]), rgb=array([1., 1., 1.]), text=str(...), units='norm', win=Window(...), wrapWidth=1)
20.1488 	EXP 	Created QA_rec_break = TextStim(__class__=<class 'psychopy.visual.text.TextStim'>, alignHoriz='center', alignVert='center', antialias=True, autoLog=True, bold=False, color=array([1., 1., 1.]), colorSpace='rgb', contrast=1.0, depth=-6.0, flipHoriz=False, flipVert=False, font='Arial', fontFiles=[], height=0.06, italic=False, languageStyle='LTR', name='QA_rec_break', opacity=1.0, ori=0.0, pos=array([ 0.5, -0.4]), rgb=array([1., 1., 1.]), text='Short break', units='norm', win=Window(...), wrapWidth=1)
20.1529 	EXP 	Created Pause_cont = TextStim(__class__=<class 'psychopy.visual.text.TextStim'>, alignHoriz='center', alignVert='center', antialias=True, autoLog=True, bold=False, color=array([1., 1., 1.]), colorSpace='rgb', contrast=1.0, depth=-2.0, flipHoriz=False, flipVert=False, font='Arial', fontFiles=[], height=0.06, italic=False, languageStyle='LTR', name='Pause_cont', opacity=1.0, ori=0.0, pos=array([0.5, 0. ]), rgb=array([1., 1., 1.]), text=str(...), units='norm', win=Window(...), wrapWidth=1)
20.1550 	EXP 	Created Cali_de_post_intro_title = TextStim(__class__=<class 'psychopy.visual.text.TextStim'>, alignHoriz='center', alignVert='center', antialias=True, autoLog=True, bold=False, color=array([1., 1., 1.]), colorSpace='rgb', contrast=1.0, depth=-0.0, flipHoriz=False, flipVert=False, font='Arial', fontFiles=[], height=0.06, italic=False, languageStyle='LTR', name='Cali_de_post_intro_title', opacity=1.0, ori=0.0, pos=array([0.5, 0.4]), rgb=array([1., 1., 1.]), text='READ OUT BLOCK (GERMAN)', units='norm', win=Window(...), wrapWidth=1)
20.1988 	EXP 	Created Cali_de_post_intro_text = TextStim(__class__=<class 'psychopy.visual.text.TextStim'>, alignHoriz='center', alignVert='center', antialias=True, autoLog=True, bold=False, color=array([1., 1., 1.]), colorSpace='rgb', contrast=1.0, depth=-1.0, flipHoriz=False, flipVert=False, font='Arial', fontFiles=[], height=0.06, italic=False, languageStyle='LTR', name='Cali_de_post_intro_text', opacity=1.0, ori=0.0, pos=array([0.5, 0. ]), rgb=array([1., 1., 1.]), text=str(...), units='norm', win=Window(...), wrapWidth=1)
20.2037 	EXP 	Created Cali_de_post_intro_cont = TextStim(__class__=<class 'psychopy.visual.text.TextStim'>, alignHoriz='center', alignVert='center', antialias=True, autoLog=True, bold=False, color=array([1., 1., 1.]), colorSpace='rgb', contrast=1.0, depth=-4.0, flipHoriz=False, flipVert=False, font='Arial', fontFiles=[], height=0.06, italic=False, languageStyle='LTR', name='Cali_de_post_intro_cont', opacity=1.0, ori=0.0, pos=array([0.5, 0. ]), rgb=array([1., 1., 1.]), text='          Press [space] key to continue.', units='norm', win=Window(...), wrapWidth=1)
20.2042 	EXP 	Created Cali_de_post_rec_text = TextStim(__class__=<class 'psychopy.visual.text.TextStim'>, alignHoriz='center', alignVert='center', antialias=True, autoLog=True, bold=False, color=array([1., 1., 1.]), colorSpace='rgb', contrast=1.0, depth=-0.0, flipHoriz=False, flipVert=False, font='Arial', fontFiles=[], height=0.06, italic=False, languageStyle='LTR', name='Cali_de_post_rec_text', opacity=1.0, ori=0.0, pos=array([0.5, 0.4]), rgb=array([1., 1., 1.]), text='', units='norm', win=Window(...), wrapWidth=1)
20.2050 	EXP 	Created Cali_de_post_rec_question_text = TextStim(__class__=<class 'psychopy.visual.text.TextStim'>, alignHoriz='center', alignVert='center', antialias=True, autoLog=True, bold=False, color=array([1., 1., 1.]), colorSpace='rgb', contrast=1.0, depth=-2.0, flipHoriz=False, flipVert=False, font='Arial', fontFiles=[], height=0.06, italic=False, languageStyle='LTR', name='Cali_de_post_rec_question_text', opacity=1.0, ori=0.0, pos=array([0.5, 0. ]), rgb=array([1., 1., 1.]), text='', units='norm', win=Window(...), wrapWidth=1)
20.2070 	EXP 	Created Cali_de_post_rec_break = TextStim(__class__=<class 'psychopy.visual.text.TextStim'>, alignHoriz='center', alignVert='center', antialias=True, autoLog=True, bold=False, color=array([1., 1., 1.]), colorSpace='rgb', contrast=1.0, depth=-6.0, flipHoriz=False, flipVert=False, font='Arial', fontFiles=[], height=0.06, italic=False, languageStyle='LTR', name='Cali_de_post_rec_break', opacity=1.0, ori=0.0, pos=array([ 0.5, -0.4]), rgb=array([1., 1., 1.]), text='Short break', units='norm', win=Window(...), wrapWidth=1)
20.2104 	EXP 	Created the_end_text = TextStim(__class__=<class 'psychopy.visual.text.TextStim'>, alignHoriz='center', alignVert='center', antialias=True, autoLog=True, bold=False, color=array([1., 1., 1.]), colorSpace='rgb', contrast=1.0, depth=-1.0, flipHoriz=False, flipVert=False, font='Arial', fontFiles=[], height=0.06, italic=False, languageStyle='LTR', name='the_end_text', opacity=1.0, ori=0.0, pos=array([0.7, 0. ]), rgb=array([1., 1., 1.]), text=str(...), units='norm', win=Window(...), wrapWidth=1)
20.2222 	EXP 	instruction_text: autoDraw = True
35.2061 	EXP 	instruction_cont: autoDraw = True
35.9894 	DATA 	Keypress: space
37.0399 	EXP 	instruction_text: autoDraw = False
37.0399 	EXP 	instruction_cont: autoDraw = False
37.0399 	EXP 	Artifact_intro_title: autoDraw = True
37.0399 	EXP 	Artifact_intro_text: autoDraw = True
63.4244 	EXP 	Artifact_intro_cont: autoDraw = True
63.8196 	DATA 	Keypress: space
64.8446 	EXP 	Created sequence: random, trialTypes=1, nReps=15, seed=None
64.8455 	EXP 	New trial (rep=0, index=0): None
65.8746 	EXP 	Artifact_intro_title: autoDraw = False
65.8746 	EXP 	Artifact_intro_text: autoDraw = False
65.8746 	EXP 	Artifact_intro_cont: autoDraw = False
65.8746 	EXP 	Artifact_rec_text: autoDraw = True
65.8746 	EXP 	Artifact_rec_text: text = ''
83.8421 	EXP 	Artifact_rec_break: autoDraw = True
84.8421 	EXP 	Artifact_rec_break: autoDraw = False
85.8612 	EXP 	New trial (rep=1, index=0): None
86.8759 	EXP 	Artifact_rec_text: autoDraw = False
86.8759 	EXP 	Artifact_rec_recording: autoDraw = False
86.8759 	EXP 	Artifact_rec_break: autoDraw = False
86.8759 	EXP 	Artifact_rec_text: autoDraw = True
104.8599 	EXP 	Artifact_rec_break: autoDraw = True
105.8599 	EXP 	Artifact_rec_break: autoDraw = False
106.8801 	EXP 	New trial (rep=2, index=0): None
107.8939 	EXP 	Artifact_rec_text: autoDraw = False
107.8939 	EXP 	Artifact_rec_recording: autoDraw = False
107.8939 	EXP 	Artifact_rec_break: autoDraw = False
107.8939 	EXP 	Artifact_rec_text: autoDraw = True
125.8779 	EXP 	Artifact_rec_break: autoDraw = True
126.8779 	EXP 	Artifact_rec_break: autoDraw = False
127.8974 	EXP 	New trial (rep=3, index=0): None
128.9117 	EXP 	Artifact_rec_text: autoDraw = False
128.9117 	EXP 	Artifact_rec_recording: autoDraw = False
128.9117 	EXP 	Artifact_rec_break: autoDraw = False
128.9117 	EXP 	Artifact_rec_text: autoDraw = True
146.8957 	EXP 	Artifact_rec_break: autoDraw = True
147.8958 	EXP 	Artifact_rec_break: autoDraw = False
148.9161 	EXP 	New trial (rep=4, index=0): None
149.9458 	EXP 	Artifact_rec_text: autoDraw = False
149.9458 	EXP 	Artifact_rec_recording: autoDraw = False
149.9458 	EXP 	Artifact_rec_break: autoDraw = False
149.9458 	EXP 	Artifact_rec_text: autoDraw = True
167.9134 	EXP 	Artifact_rec_break: autoDraw = True
168.9138 	EXP 	Artifact_rec_break: autoDraw = False
169.9330 	EXP 	New trial (rep=5, index=0): None
170.9467 	EXP 	Artifact_rec_text: autoDraw = False
170.9467 	EXP 	Artifact_rec_recording: autoDraw = False
170.9467 	EXP 	Artifact_rec_break: autoDraw = False
170.9467 	EXP 	Artifact_rec_text: autoDraw = True
188.9316 	EXP 	Artifact_rec_break: autoDraw = True
189.9315 	EXP 	Artifact_rec_break: autoDraw = False
190.9514 	EXP 	New trial (rep=6, index=0): None
191.9816 	EXP 	Artifact_rec_text: autoDraw = False
191.9816 	EXP 	Artifact_rec_recording: autoDraw = False
191.9816 	EXP 	Artifact_rec_break: autoDraw = False
191.9816 	EXP 	Artifact_rec_text: autoDraw = True
209.9487 	EXP 	Artifact_rec_break: autoDraw = True
210.9488 	EXP 	Artifact_rec_break: autoDraw = False
211.9689 	EXP 	New trial (rep=7, index=0): None
212.9990 	EXP 	Artifact_rec_text: autoDraw = False
212.9990 	EXP 	Artifact_rec_recording: autoDraw = False
212.9990 	EXP 	Artifact_rec_break: autoDraw = False
212.9990 	EXP 	Artifact_rec_text: autoDraw = True
230.9665 	EXP 	Artifact_rec_break: autoDraw = True
231.9666 	EXP 	Artifact_rec_break: autoDraw = False
232.9867 	EXP 	New trial (rep=8, index=0): None
234.0167 	EXP 	Artifact_rec_text: autoDraw = False
234.0167 	EXP 	Artifact_rec_recording: autoDraw = False
234.0167 	EXP 	Artifact_rec_break: autoDraw = False
234.0167 	EXP 	Artifact_rec_text: autoDraw = True
251.9844 	EXP 	Artifact_rec_break: autoDraw = True
252.9844 	EXP 	Artifact_rec_break: autoDraw = False
254.0036 	EXP 	New trial (rep=9, index=0): None
255.0348 	EXP 	Artifact_rec_text: autoDraw = False
255.0348 	EXP 	Artifact_rec_recording: autoDraw = False
255.0348 	EXP 	Artifact_rec_break: autoDraw = False
255.0348 	EXP 	Artifact_rec_text: autoDraw = True
273.0021 	EXP 	Artifact_rec_break: autoDraw = True
274.0022 	EXP 	Artifact_rec_break: autoDraw = False
275.0219 	EXP 	New trial (rep=10, index=0): None
276.0524 	EXP 	Artifact_rec_text: autoDraw = False
276.0524 	EXP 	Artifact_rec_recording: autoDraw = False
276.0524 	EXP 	Artifact_rec_break: autoDraw = False
276.0524 	EXP 	Artifact_rec_text: autoDraw = True
294.0199 	EXP 	Artifact_rec_break: autoDraw = True
295.0200 	EXP 	Artifact_rec_break: autoDraw = False
296.0401 	EXP 	New trial (rep=11, index=0): None
297.0701 	EXP 	Artifact_rec_text: autoDraw = False
297.0701 	EXP 	Artifact_rec_recording: autoDraw = False
297.0701 	EXP 	Artifact_rec_break: autoDraw = False
297.0701 	EXP 	Artifact_rec_text: autoDraw = True
315.0375 	EXP 	Artifact_rec_break: autoDraw = True
316.0377 	EXP 	Artifact_rec_break: autoDraw = False
317.0578 	EXP 	New trial (rep=12, index=0): None
318.0879 	EXP 	Artifact_rec_text: autoDraw = False
318.0879 	EXP 	Artifact_rec_recording: autoDraw = False
318.0879 	EXP 	Artifact_rec_break: autoDraw = False
318.0879 	EXP 	Artifact_rec_text: autoDraw = True
336.0554 	EXP 	Artifact_rec_break: autoDraw = True
337.0554 	EXP 	Artifact_rec_break: autoDraw = False
338.0750 	EXP 	New trial (rep=13, index=0): None
339.1058 	EXP 	Artifact_rec_text: autoDraw = False
339.1058 	EXP 	Artifact_rec_recording: autoDraw = False
339.1058 	EXP 	Artifact_rec_break: autoDraw = False
339.1058 	EXP 	Artifact_rec_text: autoDraw = True
357.0731 	EXP 	Artifact_rec_break: autoDraw = True
358.0732 	EXP 	Artifact_rec_break: autoDraw = False
359.0928 	EXP 	New trial (rep=14, index=0): None
360.1234 	EXP 	Artifact_rec_text: autoDraw = False
360.1234 	EXP 	Artifact_rec_recording: autoDraw = False
360.1234 	EXP 	Artifact_rec_break: autoDraw = False
360.1234 	EXP 	Artifact_rec_text: autoDraw = True
378.0909 	EXP 	Artifact_rec_break: autoDraw = True
379.0910 	EXP 	Artifact_rec_break: autoDraw = False
382.1411 	EXP 	Artifact_rec_text: autoDraw = False
382.1411 	EXP 	Artifact_rec_recording: autoDraw = False
382.1411 	EXP 	Artifact_rec_break: autoDraw = False
382.1411 	EXP 	Cali_de_pre_intro_title: autoDraw = True
382.1411 	EXP 	Cali_de_pre_intro_text: autoDraw = True
411.5427 	EXP 	Cali_de_pre_intro_cont: autoDraw = True
412.1761 	EXP 	Cali_de_pre_intro_title: autoDraw = False
412.1761 	EXP 	Cali_de_pre_intro_text: autoDraw = False
422.3305 	DATA 	Keypress: space
423.3821 	EXP 	Created sequence: random, trialTypes=1, nReps=10, seed=None
423.3830 	EXP 	New trial (rep=0, index=0): None
424.4102 	EXP 	Cali_de_pre_intro_title: autoDraw = False
424.4102 	EXP 	Cali_de_pre_intro_text: autoDraw = False
424.4102 	EXP 	Cali_de_pre_intro_cont: autoDraw = False
424.4102 	EXP 	Cali_de_pre_rec_question_text: text = 'Zu Weihnachten hat die Familie einen großen Weihnachtsbaum.'
424.4102 	EXP 	Cali_de_pre_rec_text: autoDraw = True
424.4102 	EXP 	Cali_de_pre_rec_text: text = ''
425.7936 	EXP 	Cali_de_pre_rec_question_text: autoDraw = True
441.3946 	EXP 	Cali_de_pre_rec_break: autoDraw = True
443.3946 	EXP 	Cali_de_pre_rec_question_text: autoDraw = False
443.3946 	EXP 	Cali_de_pre_rec_break: autoDraw = False
444.3993 	EXP 	New trial (rep=1, index=0): None
445.4280 	EXP 	Cali_de_pre_rec_text: autoDraw = False
445.4280 	EXP 	Cali_de_pre_rec_question_text: autoDraw = False
445.4280 	EXP 	Cali_de_pre_rec_break: autoDraw = False
445.4280 	EXP 	Cali_de_pre_rec_question_text: text = 'Herr Becker fährt mit dem Zug nach Baden.'
445.4280 	EXP 	Cali_de_pre_rec_text: autoDraw = True
446.8115 	EXP 	Cali_de_pre_rec_question_text: autoDraw = True
462.4126 	EXP 	Cali_de_pre_rec_break: autoDraw = True
464.4127 	EXP 	Cali_de_pre_rec_question_text: autoDraw = False
464.4127 	EXP 	Cali_de_pre_rec_break: autoDraw = False
465.4167 	EXP 	New trial (rep=2, index=0): None
466.4457 	EXP 	Cali_de_pre_rec_text: autoDraw = False
466.4457 	EXP 	Cali_de_pre_rec_question_text: autoDraw = False
466.4457 	EXP 	Cali_de_pre_rec_break: autoDraw = False
466.4457 	EXP 	Cali_de_pre_rec_question_text: text = 'Ich möchte dich nicht täuschen, also werde ich dir die Wahrheit sagen.'
466.4457 	EXP 	Cali_de_pre_rec_text: autoDraw = True
467.8292 	EXP 	Cali_de_pre_rec_question_text: autoDraw = True
483.4298 	EXP 	Cali_de_pre_rec_break: autoDraw = True
485.4299 	EXP 	Cali_de_pre_rec_question_text: autoDraw = False
485.4299 	EXP 	Cali_de_pre_rec_break: autoDraw = False
486.4337 	EXP 	New trial (rep=3, index=0): None
487.4636 	EXP 	Cali_de_pre_rec_text: autoDraw = False
487.4636 	EXP 	Cali_de_pre_rec_question_text: autoDraw = False
487.4636 	EXP 	Cali_de_pre_rec_break: autoDraw = False
487.4636 	EXP 	Cali_de_pre_rec_question_text: text = 'Jede Münze hat zwei Seiten.'
487.4636 	EXP 	Cali_de_pre_rec_text: autoDraw = True
488.8468 	EXP 	Cali_de_pre_rec_question_text: autoDraw = True
504.4475 	EXP 	Cali_de_pre_rec_break: autoDraw = True
506.4476 	EXP 	Cali_de_pre_rec_question_text: autoDraw = False
506.4476 	EXP 	Cali_de_pre_rec_break: autoDraw = False
507.4515 	EXP 	New trial (rep=4, index=0): None
508.4811 	EXP 	Cali_de_pre_rec_text: autoDraw = False
508.4811 	EXP 	Cali_de_pre_rec_question_text: autoDraw = False
508.4811 	EXP 	Cali_de_pre_rec_break: autoDraw = False
508.4811 	EXP 	Cali_de_pre_rec_question_text: text = 'Im Herbst fallen die Blätter von den Bäumen.'
508.4811 	EXP 	Cali_de_pre_rec_text: autoDraw = True
509.8645 	EXP 	Cali_de_pre_rec_question_text: autoDraw = True
525.4653 	EXP 	Cali_de_pre_rec_break: autoDraw = True
527.4654 	EXP 	Cali_de_pre_rec_question_text: autoDraw = False
527.4654 	EXP 	Cali_de_pre_rec_break: autoDraw = False
528.4692 	EXP 	New trial (rep=5, index=0): None
529.4989 	EXP 	Cali_de_pre_rec_text: autoDraw = False
529.4989 	EXP 	Cali_de_pre_rec_question_text: autoDraw = False
529.4989 	EXP 	Cali_de_pre_rec_break: autoDraw = False
529.4989 	EXP 	Cali_de_pre_rec_question_text: text = 'Howard Carter hat viele Schätze im Grab von Tutanchamun gefunden.'
529.4989 	EXP 	Cali_de_pre_rec_text: autoDraw = True
530.8823 	EXP 	Cali_de_pre_rec_question_text: autoDraw = True
546.4831 	EXP 	Cali_de_pre_rec_break: autoDraw = True
548.4833 	EXP 	Cali_de_pre_rec_question_text: autoDraw = False
548.4833 	EXP 	Cali_de_pre_rec_break: autoDraw = False
549.4872 	EXP 	New trial (rep=6, index=0): None
550.5168 	EXP 	Cali_de_pre_rec_text: autoDraw = False
550.5168 	EXP 	Cali_de_pre_rec_question_text: autoDraw = False
550.5168 	EXP 	Cali_de_pre_rec_break: autoDraw = False
550.5168 	EXP 	Cali_de_pre_rec_question_text: text = 'Mama hat einen Kuchen gebacken.'
550.5168 	EXP 	Cali_de_pre_rec_text: autoDraw = True
551.9170 	EXP 	Cali_de_pre_rec_question_text: autoDraw = True
567.5343 	EXP 	Cali_de_pre_rec_break: autoDraw = True
570.5052 	EXP 	New trial (rep=7, index=0): None
571.5349 	EXP 	Cali_de_pre_rec_text: autoDraw = False
571.5349 	EXP 	Cali_de_pre_rec_question_text: autoDraw = False
571.5349 	EXP 	Cali_de_pre_rec_break: autoDraw = False
571.5349 	EXP 	Cali_de_pre_rec_question_text: text = 'Ihre Kinder liegen noch im Bett.'
571.5349 	EXP 	Cali_de_pre_rec_text: autoDraw = True
572.9346 	EXP 	Cali_de_pre_rec_question_text: autoDraw = True
588.5354 	EXP 	Cali_de_pre_rec_break: autoDraw = True
591.5390 	EXP 	New trial (rep=8, index=0): None
592.5691 	EXP 	Cali_de_pre_rec_text: autoDraw = False
592.5691 	EXP 	Cali_de_pre_rec_question_text: autoDraw = False
592.5691 	EXP 	Cali_de_pre_rec_break: autoDraw = False
592.5691 	EXP 	Cali_de_pre_rec_question_text: text = 'Der frühe Vogel fängt den Wurm.'
592.5691 	EXP 	Cali_de_pre_rec_text: autoDraw = True
593.9691 	EXP 	Cali_de_pre_rec_question_text: autoDraw = True
609.5699 	EXP 	Cali_de_pre_rec_break: autoDraw = True
612.5742 	EXP 	New trial (rep=9, index=0): None
613.6038 	EXP 	Cali_de_pre_rec_text: autoDraw = False
613.6038 	EXP 	Cali_de_pre_rec_question_text: autoDraw = False
613.6038 	EXP 	Cali_de_pre_rec_break: autoDraw = False
613.6038 	EXP 	Cali_de_pre_rec_question_text: text = 'Großbritanien tritt aus der EU aus.'
613.6038 	EXP 	Cali_de_pre_rec_text: autoDraw = True
615.0035 	EXP 	Cali_de_pre_rec_question_text: autoDraw = True
630.6042 	EXP 	Cali_de_pre_rec_break: autoDraw = True
634.6380 	EXP 	Cali_de_pre_rec_text: autoDraw = False
634.6380 	EXP 	Cali_de_pre_rec_question_text: autoDraw = False
634.6380 	EXP 	Cali_de_pre_rec_break: autoDraw = False
634.6380 	EXP 	Pause_cont: text = 'Pause: Please have some rest and           Press [space] key to continue.'
634.6380 	EXP 	Pause_cont: autoDraw = True
691.7078 	DATA 	Keypress: space
693.7781 	EXP 	Created sequence: random, trialTypes=1, nReps=4, seed=None
693.7787 	EXP 	New trial (rep=0, index=0): None
694.8081 	EXP 	Pause_cont: autoDraw = False
694.8081 	EXP 	fade_in_text: text = 'Please remain seated until further instruction via the earphone.'
694.8081 	EXP 	fade_in_text: autoDraw = True
700.8413 	EXP 	fade_in_text: autoDraw = True
700.8746 	EXP 	fade_in_text: autoDraw = True
700.9079 	EXP 	fade_in_text: autoDraw = True
700.9413 	EXP 	fade_in_text: autoDraw = True
700.9746 	EXP 	fade_in_text: autoDraw = True
701.0079 	EXP 	fade_in_text: autoDraw = True
701.0413 	EXP 	fade_in_text: autoDraw = True
701.0746 	EXP 	fade_in_text: autoDraw = True
701.1080 	EXP 	fade_in_text: autoDraw = True
701.1413 	EXP 	fade_in_text: autoDraw = True
701.1746 	EXP 	fade_in_text: autoDraw = True
701.2080 	EXP 	fade_in_text: autoDraw = True
701.2413 	EXP 	fade_in_text: autoDraw = True
701.2746 	EXP 	fade_in_text: autoDraw = True
701.3081 	EXP 	fade_in_text: autoDraw = True
701.3413 	EXP 	fade_in_text: autoDraw = True
701.3746 	EXP 	fade_in_text: autoDraw = True
701.4080 	EXP 	fade_in_text: autoDraw = True
701.4413 	EXP 	fade_in_text: autoDraw = True
701.4746 	EXP 	fade_in_text: autoDraw = True
701.5081 	EXP 	fade_in_text: autoDraw = True
701.5413 	EXP 	fade_in_text: autoDraw = True
701.5746 	EXP 	fade_in_text: autoDraw = True
701.6081 	EXP 	fade_in_text: autoDraw = True
701.6413 	EXP 	fade_in_text: autoDraw = True
701.6746 	EXP 	fade_in_text: autoDraw = True
701.7079 	EXP 	fade_in_text: autoDraw = True
701.7413 	EXP 	fade_in_text: autoDraw = True
701.7746 	EXP 	fade_in_text: autoDraw = True
701.8079 	EXP 	fade_in_text: autoDraw = True
701.8413 	EXP 	fade_in_text: autoDraw = True
701.8746 	EXP 	fade_in_text: autoDraw = True
701.9079 	EXP 	fade_in_text: autoDraw = True
701.9413 	EXP 	fade_in_text: autoDraw = True
701.9747 	EXP 	fade_in_text: autoDraw = True
702.0080 	EXP 	fade_in_text: autoDraw = True
702.0414 	EXP 	fade_in_text: autoDraw = True
702.0747 	EXP 	fade_in_text: autoDraw = True
702.1080 	EXP 	fade_in_text: autoDraw = True
702.1413 	EXP 	fade_in_text: autoDraw = True
702.1747 	EXP 	fade_in_text: autoDraw = True
702.2080 	EXP 	fade_in_text: autoDraw = True
702.2414 	EXP 	fade_in_text: autoDraw = True
702.2747 	EXP 	fade_in_text: autoDraw = True
702.3081 	EXP 	fade_in_text: autoDraw = True
702.3414 	EXP 	fade_in_text: autoDraw = True
702.3747 	EXP 	fade_in_text: autoDraw = True
702.4081 	EXP 	fade_in_text: autoDraw = True
702.4414 	EXP 	fade_in_text: autoDraw = True
702.4747 	EXP 	fade_in_text: autoDraw = True
702.5081 	EXP 	fade_in_text: autoDraw = True
702.5414 	EXP 	fade_in_text: autoDraw = True
702.5748 	EXP 	fade_in_text: autoDraw = True
702.6081 	EXP 	fade_in_text: autoDraw = True
702.6414 	EXP 	fade_in_text: autoDraw = True
702.6748 	EXP 	fade_in_text: autoDraw = True
702.7081 	EXP 	fade_in_text: autoDraw = True
702.7414 	EXP 	fade_in_text: autoDraw = True
702.7749 	EXP 	fade_in_text: autoDraw = True
702.8081 	EXP 	fade_in_text: autoDraw = True
702.8414 	EXP 	fade_in_text: autoDraw = True
702.8747 	EXP 	fade_in_text: autoDraw = True
702.9081 	EXP 	fade_in_text: autoDraw = True
702.9414 	EXP 	fade_in_text: autoDraw = True
702.9747 	EXP 	fade_in_text: autoDraw = True
703.0081 	EXP 	fade_in_text: autoDraw = True
703.0414 	EXP 	fade_in_text: autoDraw = True
703.0747 	EXP 	fade_in_text: autoDraw = True
703.1081 	EXP 	fade_in_text: autoDraw = True
703.1414 	EXP 	fade_in_text: autoDraw = True
703.1747 	EXP 	fade_in_text: autoDraw = True
703.2081 	EXP 	fade_in_text: autoDraw = True
703.2414 	EXP 	fade_in_text: autoDraw = True
703.2747 	EXP 	fade_in_text: autoDraw = True
703.3081 	EXP 	fade_in_text: autoDraw = True
703.3414 	EXP 	fade_in_text: autoDraw = True
703.3747 	EXP 	fade_in_text: autoDraw = True
703.4081 	EXP 	fade_in_text: autoDraw = True
703.4414 	EXP 	fade_in_text: autoDraw = True
703.4748 	EXP 	fade_in_text: autoDraw = True
703.5081 	EXP 	fade_in_text: autoDraw = True
703.5414 	EXP 	fade_in_text: autoDraw = True
703.5747 	EXP 	fade_in_text: autoDraw = True
703.6082 	EXP 	fade_in_text: autoDraw = True
703.6414 	EXP 	fade_in_text: autoDraw = True
703.6747 	EXP 	fade_in_text: autoDraw = True
703.7081 	EXP 	fade_in_text: autoDraw = True
703.7415 	EXP 	fade_in_text: autoDraw = True
703.7747 	EXP 	fade_in_text: autoDraw = True
703.8080 	EXP 	fade_in_text: autoDraw = True
703.8415 	EXP 	fade_in_text: autoDraw = True
703.8747 	EXP 	fade_in_text: autoDraw = True
703.9081 	EXP 	fade_in_text: autoDraw = True
703.9415 	EXP 	fade_in_text: autoDraw = True
703.9747 	EXP 	fade_in_text: autoDraw = True
704.0081 	EXP 	fade_in_text: autoDraw = True
704.0413 	EXP 	fade_in_text: autoDraw = True
704.0747 	EXP 	fade_in_text: autoDraw = True
704.1081 	EXP 	fade_in_text: autoDraw = True
704.1413 	EXP 	fade_in_text: autoDraw = True
704.1747 	EXP 	fade_in_text: autoDraw = True
704.2081 	EXP 	fade_in_text: autoDraw = True
704.2414 	EXP 	fade_in_text: autoDraw = True
704.2747 	EXP 	fade_in_text: autoDraw = True
704.3081 	EXP 	fade_in_text: autoDraw = True
704.3415 	EXP 	fade_in_text: autoDraw = True
704.3747 	EXP 	fade_in_text: autoDraw = True
704.4081 	EXP 	fade_in_text: autoDraw = True
704.4414 	EXP 	fade_in_text: autoDraw = True
704.4748 	EXP 	fade_in_text: autoDraw = True
704.5082 	EXP 	fade_in_text: autoDraw = True
704.5415 	EXP 	fade_in_text: autoDraw = True
704.5748 	EXP 	fade_in_text: autoDraw = True
704.6082 	EXP 	fade_in_text: autoDraw = True
704.6414 	EXP 	fade_in_text: autoDraw = True
704.6748 	EXP 	fade_in_text: autoDraw = True
704.7081 	EXP 	fade_in_text: autoDraw = True
704.7415 	EXP 	fade_in_text: autoDraw = True
704.7748 	EXP 	fade_in_text: autoDraw = True
704.8082 	EXP 	fade_in_text: autoDraw = True
704.8415 	EXP 	fade_in_text: autoDraw = True
704.8748 	EXP 	fade_in_text: autoDraw = True
704.9082 	EXP 	fade_in_text: autoDraw = True
704.9415 	EXP 	fade_in_text: autoDraw = True
704.9748 	EXP 	fade_in_text: autoDraw = True
705.0082 	EXP 	fade_in_text: autoDraw = True
705.0415 	EXP 	fade_in_text: autoDraw = True
705.0748 	EXP 	fade_in_text: autoDraw = True
705.1082 	EXP 	fade_in_text: autoDraw = True
705.1415 	EXP 	fade_in_text: autoDraw = True
705.1748 	EXP 	fade_in_text: autoDraw = True
705.2082 	EXP 	fade_in_text: autoDraw = True
705.2415 	EXP 	fade_in_text: autoDraw = True
705.2748 	EXP 	fade_in_text: autoDraw = True
705.3083 	EXP 	fade_in_text: autoDraw = True
705.3415 	EXP 	fade_in_text: autoDraw = True
705.3749 	EXP 	fade_in_text: autoDraw = True
705.4083 	EXP 	fade_in_text: autoDraw = True
705.4415 	EXP 	fade_in_text: autoDraw = True
705.4748 	EXP 	fade_in_text: autoDraw = True
705.5084 	EXP 	fade_in_text: autoDraw = True
705.5415 	EXP 	fade_in_text: autoDraw = True
705.5749 	EXP 	fade_in_text: autoDraw = True
705.6083 	EXP 	fade_in_text: autoDraw = True
705.6415 	EXP 	fade_in_text: autoDraw = True
705.6749 	EXP 	fade_in_text: autoDraw = True
705.7081 	EXP 	fade_in_text: autoDraw = True
705.7415 	EXP 	fade_in_text: autoDraw = True
705.7749 	EXP 	fade_in_text: autoDraw = True
705.8081 	EXP 	fade_in_text: autoDraw = True
705.8415 	EXP 	fade_in_text: autoDraw = True
705.8749 	EXP 	fade_in_text: autoDraw = True
705.9082 	EXP 	fade_in_text: autoDraw = True
705.9416 	EXP 	fade_in_text: autoDraw = True
705.9749 	EXP 	fade_in_text: autoDraw = True
706.0082 	EXP 	fade_in_text: autoDraw = True
706.0415 	EXP 	fade_in_text: autoDraw = True
706.0749 	EXP 	fade_in_text: autoDraw = True
706.1082 	EXP 	fade_in_text: autoDraw = True
706.1416 	EXP 	fade_in_text: autoDraw = True
706.1749 	EXP 	fade_in_text: autoDraw = True
706.2082 	EXP 	fade_in_text: autoDraw = True
706.2416 	EXP 	fade_in_text: autoDraw = True
706.2749 	EXP 	fade_in_text: autoDraw = True
706.3082 	EXP 	fade_in_text: autoDraw = True
706.3416 	EXP 	fade_in_text: autoDraw = True
706.3749 	EXP 	fade_in_text: autoDraw = True
706.4082 	EXP 	fade_in_text: autoDraw = True
706.4416 	EXP 	fade_in_text: autoDraw = True
706.4749 	EXP 	fade_in_text: autoDraw = True
706.5082 	EXP 	fade_in_text: autoDraw = True
706.5416 	EXP 	fade_in_text: autoDraw = True
706.5749 	EXP 	fade_in_text: autoDraw = True
706.6082 	EXP 	fade_in_text: autoDraw = True
706.6416 	EXP 	fade_in_text: autoDraw = True
706.6750 	EXP 	fade_in_text: autoDraw = True
706.7082 	EXP 	fade_in_text: autoDraw = True
706.7416 	EXP 	fade_in_text: autoDraw = True
706.7751 	EXP 	fade_in_text: autoDraw = True
706.8082 	EXP 	fade_in_text: autoDraw = True
706.8416 	EXP 	fade_in_text: autoDraw = True
706.8750 	EXP 	fade_in_text: autoDraw = True
706.9082 	EXP 	fade_in_text: autoDraw = True
706.9416 	EXP 	fade_in_text: autoDraw = True
706.9751 	EXP 	fade_in_text: autoDraw = True
707.0082 	EXP 	fade_in_text: autoDraw = True
707.0416 	EXP 	fade_in_text: autoDraw = True
707.0749 	EXP 	fade_in_text: autoDraw = True
707.1082 	EXP 	fade_in_text: autoDraw = True
707.1416 	EXP 	fade_in_text: autoDraw = True
707.1749 	EXP 	fade_in_text: autoDraw = True
707.2083 	EXP 	fade_in_text: autoDraw = True
707.2417 	EXP 	fade_in_text: autoDraw = True
707.2750 	EXP 	fade_in_text: autoDraw = True
707.3083 	EXP 	fade_in_text: autoDraw = True
707.3416 	EXP 	fade_in_text: autoDraw = True
707.3750 	EXP 	fade_in_text: autoDraw = True
707.4083 	EXP 	fade_in_text: autoDraw = True
707.4416 	EXP 	fade_in_text: autoDraw = True
707.4750 	EXP 	fade_in_text: autoDraw = True
707.5083 	EXP 	fade_in_text: autoDraw = True
707.5416 	EXP 	fade_in_text: autoDraw = True
707.5750 	EXP 	fade_in_text: autoDraw = True
707.6083 	EXP 	fade_in_text: autoDraw = True
707.6416 	EXP 	fade_in_text: autoDraw = True
707.6750 	EXP 	fade_in_text: autoDraw = True
707.7083 	EXP 	fade_in_text: autoDraw = True
707.7416 	EXP 	fade_in_text: autoDraw = True
707.7750 	EXP 	fade_in_text: autoDraw = True
707.8083 	EXP 	fade_in_text: autoDraw = True
707.8416 	EXP 	fade_in_text: autoDraw = True
707.8750 	EXP 	fade_in_text: autoDraw = True
707.9083 	EXP 	fade_in_text: autoDraw = True
707.9416 	EXP 	fade_in_text: autoDraw = True
707.9750 	EXP 	fade_in_text: autoDraw = True
708.0083 	EXP 	fade_in_text: autoDraw = True
708.0416 	EXP 	fade_in_text: autoDraw = True
708.0750 	EXP 	fade_in_text: autoDraw = True
708.1083 	EXP 	fade_in_text: autoDraw = True
708.1416 	EXP 	fade_in_text: autoDraw = True
708.1750 	EXP 	fade_in_text: autoDraw = True
708.2083 	EXP 	fade_in_text: autoDraw = True
708.2417 	EXP 	fade_in_text: autoDraw = True
708.2750 	EXP 	fade_in_text: autoDraw = True
708.3083 	EXP 	fade_in_text: autoDraw = True
708.3418 	EXP 	fade_in_text: autoDraw = True
708.3750 	EXP 	fade_in_text: autoDraw = True
708.4083 	EXP 	fade_in_text: autoDraw = True
708.4418 	EXP 	fade_in_text: autoDraw = True
708.4750 	EXP 	fade_in_text: autoDraw = True
708.5083 	EXP 	fade_in_text: autoDraw = True
708.5416 	EXP 	fade_in_text: autoDraw = True
708.5750 	EXP 	fade_in_text: autoDraw = True
708.6083 	EXP 	fade_in_text: autoDraw = True
708.6416 	EXP 	fade_in_text: autoDraw = True
708.6750 	EXP 	fade_in_text: autoDraw = True
708.7083 	EXP 	fade_in_text: autoDraw = True
708.7416 	EXP 	fade_in_text: autoDraw = True
708.7750 	EXP 	fade_in_text: autoDraw = True
708.8083 	EXP 	fade_in_text: autoDraw = True
708.8416 	EXP 	fade_in_text: autoDraw = True
708.8750 	EXP 	fade_in_text: autoDraw = True
708.9083 	EXP 	fade_in_text: autoDraw = True
708.9417 	EXP 	fade_in_text: autoDraw = True
708.9750 	EXP 	fade_in_text: autoDraw = True
709.0083 	EXP 	fade_in_text: autoDraw = True
709.0417 	EXP 	fade_in_text: autoDraw = True
709.0750 	EXP 	fade_in_text: autoDraw = True
709.1083 	EXP 	fade_in_text: autoDraw = True
709.1417 	EXP 	fade_in_text: autoDraw = True
709.1750 	EXP 	fade_in_text: autoDraw = True
709.2084 	EXP 	fade_in_text: autoDraw = True
709.2417 	EXP 	fade_in_text: autoDraw = True
709.2750 	EXP 	fade_in_text: autoDraw = True
709.3084 	EXP 	fade_in_text: autoDraw = True
709.3417 	EXP 	fade_in_text: autoDraw = True
709.3750 	EXP 	fade_in_text: autoDraw = True
709.4084 	EXP 	fade_in_text: autoDraw = True
709.4417 	EXP 	fade_in_text: autoDraw = True
709.4750 	EXP 	fade_in_text: autoDraw = True
709.5084 	EXP 	fade_in_text: autoDraw = True
709.5417 	EXP 	fade_in_text: autoDraw = True
709.5750 	EXP 	fade_in_text: autoDraw = True
709.6084 	EXP 	fade_in_text: autoDraw = True
709.6417 	EXP 	fade_in_text: autoDraw = True
709.6751 	EXP 	fade_in_text: autoDraw = True
709.7085 	EXP 	fade_in_text: autoDraw = True
709.7417 	EXP 	fade_in_text: autoDraw = True
709.7751 	EXP 	fade_in_text: autoDraw = True
709.8085 	EXP 	fade_in_text: autoDraw = True
709.8417 	EXP 	fade_in_text: autoDraw = True
709.8751 	EXP 	fade_in_text: autoDraw = True
709.9085 	EXP 	fade_in_text: autoDraw = True
709.9417 	EXP 	fade_in_text: autoDraw = True
709.9751 	EXP 	fade_in_text: autoDraw = True
710.0085 	EXP 	fade_in_text: autoDraw = True
710.0417 	EXP 	fade_in_text: autoDraw = True
710.0751 	EXP 	fade_in_text: autoDraw = True
710.1083 	EXP 	fade_in_text: autoDraw = True
710.1417 	EXP 	fade_in_text: autoDraw = True
710.1751 	EXP 	fade_in_text: autoDraw = True
710.2083 	EXP 	fade_in_text: autoDraw = True
710.2417 	EXP 	fade_in_text: autoDraw = True
710.2751 	EXP 	fade_in_text: autoDraw = True
710.3083 	EXP 	fade_in_text: autoDraw = True
710.3418 	EXP 	fade_in_text: autoDraw = True
710.3751 	EXP 	fade_in_text: autoDraw = True
710.4084 	EXP 	fade_in_text: autoDraw = True
710.4418 	EXP 	fade_in_text: autoDraw = True
710.4751 	EXP 	fade_in_text: autoDraw = True
710.5084 	EXP 	fade_in_text: autoDraw = True
710.5418 	EXP 	fade_in_text: autoDraw = True
710.5751 	EXP 	fade_in_text: autoDraw = True
710.6084 	EXP 	fade_in_text: autoDraw = True
710.6418 	EXP 	fade_in_text: autoDraw = True
710.6751 	EXP 	fade_in_text: autoDraw = True
710.7084 	EXP 	fade_in_text: autoDraw = True
710.7418 	EXP 	fade_in_text: autoDraw = True
710.7752 	EXP 	fade_in_text: autoDraw = True
710.8084 	EXP 	fade_in_text: autoDraw = True
710.8418 	EXP 	fade_in_text: autoDraw = True
710.8751 	EXP 	fade_in_text: autoDraw = True
710.9085 	EXP 	fade_in_text: autoDraw = True
710.9418 	EXP 	fade_in_text: autoDraw = True
710.9751 	EXP 	fade_in_text: autoDraw = True
711.0085 	EXP 	fade_in_text: autoDraw = True
711.0418 	EXP 	fade_in_text: autoDraw = True
711.0751 	EXP 	fade_in_text: autoDraw = True
711.1085 	EXP 	fade_in_text: autoDraw = True
711.1418 	EXP 	fade_in_text: autoDraw = True
711.1752 	EXP 	fade_in_text: autoDraw = True
711.2085 	EXP 	fade_in_text: autoDraw = True
711.2418 	EXP 	fade_in_text: autoDraw = True
711.2752 	EXP 	fade_in_text: autoDraw = True
711.3085 	EXP 	fade_in_text: autoDraw = True
711.3418 	EXP 	fade_in_text: autoDraw = True
711.3752 	EXP 	fade_in_text: autoDraw = True
711.4085 	EXP 	fade_in_text: autoDraw = True
711.4418 	EXP 	fade_in_text: autoDraw = True
711.4752 	EXP 	fade_in_text: autoDraw = True
711.5085 	EXP 	fade_in_text: autoDraw = True
711.5418 	EXP 	fade_in_text: autoDraw = True
711.5751 	EXP 	fade_in_text: autoDraw = True
711.6085 	EXP 	fade_in_text: autoDraw = True
711.6418 	EXP 	fade_in_text: autoDraw = True
711.6751 	EXP 	fade_in_text: autoDraw = True
711.7085 	EXP 	fade_in_text: autoDraw = True
711.7418 	EXP 	fade_in_text: autoDraw = True
711.7751 	EXP 	fade_in_text: autoDraw = True
711.8085 	EXP 	fade_in_text: autoDraw = True
711.8418 	EXP 	fade_in_text: autoDraw = True
711.8752 	EXP 	fade_in_text: autoDraw = True
711.9085 	EXP 	fade_in_text: autoDraw = True
711.9419 	EXP 	fade_in_text: autoDraw = True
711.9752 	EXP 	fade_in_text: autoDraw = True
712.0085 	EXP 	fade_in_text: autoDraw = True
712.0418 	EXP 	fade_in_text: autoDraw = True
712.0752 	EXP 	fade_in_text: autoDraw = True
712.1085 	EXP 	fade_in_text: autoDraw = True
712.1418 	EXP 	fade_in_text: autoDraw = True
712.1752 	EXP 	fade_in_text: autoDraw = True
712.2085 	EXP 	fade_in_text: autoDraw = True
712.2418 	EXP 	fade_in_text: autoDraw = True
712.2752 	EXP 	fade_in_text: autoDraw = True
712.3086 	EXP 	fade_in_text: autoDraw = True
712.3419 	EXP 	fade_in_text: autoDraw = True
712.3752 	EXP 	fade_in_text: autoDraw = True
712.4086 	EXP 	fade_in_text: autoDraw = True
712.4419 	EXP 	fade_in_text: autoDraw = True
712.4752 	EXP 	fade_in_text: autoDraw = True
712.5085 	EXP 	fade_in_text: autoDraw = True
712.5419 	EXP 	fade_in_text: autoDraw = True
712.5752 	EXP 	fade_in_text: autoDraw = True
712.6086 	EXP 	fade_in_text: autoDraw = True
712.6419 	EXP 	fade_in_text: autoDraw = True
712.6752 	EXP 	fade_in_text: autoDraw = True
712.7086 	EXP 	fade_in_text: autoDraw = True
712.7420 	EXP 	fade_in_text: autoDraw = True
712.7752 	EXP 	fade_in_text: autoDraw = True
712.8086 	EXP 	fade_in_text: autoDraw = True
712.8420 	EXP 	fade_in_text: autoDraw = True
712.8752 	EXP 	fade_in_text: autoDraw = True
712.9086 	EXP 	fade_in_text: autoDraw = True
712.9420 	EXP 	fade_in_text: autoDraw = True
712.9752 	EXP 	fade_in_text: autoDraw = True
713.0086 	EXP 	fade_in_text: autoDraw = True
713.0418 	EXP 	fade_in_text: autoDraw = True
713.0752 	EXP 	fade_in_text: autoDraw = True
713.1086 	EXP 	fade_in_text: autoDraw = True
713.1418 	EXP 	fade_in_text: autoDraw = True
713.1752 	EXP 	fade_in_text: autoDraw = True
713.2086 	EXP 	fade_in_text: autoDraw = True
713.2418 	EXP 	fade_in_text: autoDraw = True
713.2752 	EXP 	fade_in_text: autoDraw = True
713.3086 	EXP 	fade_in_text: autoDraw = True
713.3419 	EXP 	fade_in_text: autoDraw = True
713.3752 	EXP 	fade_in_text: autoDraw = True
713.4086 	EXP 	fade_in_text: autoDraw = True
713.4419 	EXP 	fade_in_text: autoDraw = True
713.4752 	EXP 	fade_in_text: autoDraw = True
713.5086 	EXP 	fade_in_text: autoDraw = True
713.5419 	EXP 	fade_in_text: autoDraw = True
713.5753 	EXP 	fade_in_text: autoDraw = True
713.6087 	EXP 	fade_in_text: autoDraw = True
713.6419 	EXP 	fade_in_text: autoDraw = True
713.6753 	EXP 	fade_in_text: autoDraw = True
713.7086 	EXP 	fade_in_text: autoDraw = True
713.7419 	EXP 	fade_in_text: autoDraw = True
713.7753 	EXP 	fade_in_text: autoDraw = True
713.8086 	EXP 	fade_in_text: autoDraw = True
713.8419 	EXP 	fade_in_text: autoDraw = True
713.8753 	EXP 	fade_in_text: autoDraw = True
713.9086 	EXP 	fade_in_text: autoDraw = True
713.9420 	EXP 	fade_in_text: autoDraw = True
713.9753 	EXP 	fade_in_text: autoDraw = True
714.0086 	EXP 	fade_in_text: autoDraw = True
714.0419 	EXP 	fade_in_text: autoDraw = True
714.0753 	EXP 	fade_in_text: autoDraw = True
714.1087 	EXP 	fade_in_text: autoDraw = True
714.1420 	EXP 	fade_in_text: autoDraw = True
714.1753 	EXP 	fade_in_text: autoDraw = True
714.2087 	EXP 	fade_in_text: autoDraw = True
714.2420 	EXP 	fade_in_text: autoDraw = True
714.2753 	EXP 	fade_in_text: autoDraw = True
714.3088 	EXP 	fade_in_text: autoDraw = True
714.3420 	EXP 	fade_in_text: autoDraw = True
714.3753 	EXP 	fade_in_text: autoDraw = True
714.4087 	EXP 	fade_in_text: autoDraw = True
714.4420 	EXP 	fade_in_text: autoDraw = True
714.4753 	EXP 	fade_in_text: autoDraw = True
714.5087 	EXP 	fade_in_text: autoDraw = True
714.5420 	EXP 	fade_in_text: autoDraw = True
714.5753 	EXP 	fade_in_text: autoDraw = True
714.6086 	EXP 	fade_in_text: autoDraw = True
714.6420 	EXP 	fade_in_text: autoDraw = True
714.6753 	EXP 	fade_in_text: autoDraw = True
714.7087 	EXP 	fade_in_text: autoDraw = True
714.7420 	EXP 	fade_in_text: autoDraw = True
714.7753 	EXP 	fade_in_text: autoDraw = True
714.8087 	EXP 	fade_in_text: autoDraw = True
714.8420 	EXP 	fade_in_text: autoDraw = True
714.8753 	EXP 	fade_in_text: autoDraw = True
714.9087 	EXP 	fade_in_text: autoDraw = True
714.9420 	EXP 	fade_in_text: autoDraw = True
714.9753 	EXP 	fade_in_text: autoDraw = True
715.0087 	EXP 	fade_in_text: autoDraw = True
715.0420 	EXP 	fade_in_text: autoDraw = True
715.0753 	EXP 	fade_in_text: autoDraw = True
715.1087 	EXP 	fade_in_text: autoDraw = True
715.1420 	EXP 	fade_in_text: autoDraw = True
715.1753 	EXP 	fade_in_text: autoDraw = True
715.2087 	EXP 	fade_in_text: autoDraw = True
715.2420 	EXP 	fade_in_text: autoDraw = True
715.2753 	EXP 	fade_in_text: autoDraw = True
715.3087 	EXP 	fade_in_text: autoDraw = True
715.3420 	EXP 	fade_in_text: autoDraw = True
715.3754 	EXP 	fade_in_text: autoDraw = True
715.4087 	EXP 	fade_in_text: autoDraw = True
715.4420 	EXP 	fade_in_text: autoDraw = True
715.4755 	EXP 	fade_in_text: autoDraw = True
715.5087 	EXP 	fade_in_text: autoDraw = True
715.5420 	EXP 	fade_in_text: autoDraw = True
715.5754 	EXP 	fade_in_text: autoDraw = True
715.6087 	EXP 	fade_in_text: autoDraw = True
715.6420 	EXP 	fade_in_text: autoDraw = True
715.6755 	EXP 	fade_in_text: autoDraw = True
715.7087 	EXP 	fade_in_text: autoDraw = True
715.7420 	EXP 	fade_in_text: autoDraw = True
715.7753 	EXP 	fade_in_text: autoDraw = True
715.8087 	EXP 	fade_in_text: autoDraw = True
715.8420 	EXP 	fade_in_text: autoDraw = True
715.8753 	EXP 	fade_in_text: autoDraw = True
715.9087 	EXP 	fade_in_text: autoDraw = True
715.9420 	EXP 	fade_in_text: autoDraw = True
715.9753 	EXP 	fade_in_text: autoDraw = True
716.0087 	EXP 	fade_in_text: autoDraw = True
716.0421 	EXP 	fade_in_text: autoDraw = True
716.0753 	EXP 	fade_in_text: autoDraw = True
716.1087 	EXP 	fade_in_text: autoDraw = True
716.1421 	EXP 	fade_in_text: autoDraw = True
716.1754 	EXP 	fade_in_text: autoDraw = True
716.2087 	EXP 	fade_in_text: autoDraw = True
716.2421 	EXP 	fade_in_text: autoDraw = True
716.2754 	EXP 	fade_in_text: autoDraw = True
716.3087 	EXP 	fade_in_text: autoDraw = True
716.3421 	EXP 	fade_in_text: autoDraw = True
716.3754 	EXP 	fade_in_text: autoDraw = True
716.4087 	EXP 	fade_in_text: autoDraw = True
716.4421 	EXP 	fade_in_text: autoDraw = True
716.4754 	EXP 	fade_in_text: autoDraw = True
716.5088 	EXP 	fade_in_text: autoDraw = True
716.5421 	EXP 	fade_in_text: autoDraw = True
716.5754 	EXP 	fade_in_text: autoDraw = True
716.6088 	EXP 	fade_in_text: autoDraw = True
716.6421 	EXP 	fade_in_text: autoDraw = True
716.6754 	EXP 	fade_in_text: autoDraw = True
716.7088 	EXP 	fade_in_text: autoDraw = True
716.7421 	EXP 	fade_in_text: autoDraw = True
716.7754 	EXP 	fade_in_text: autoDraw = True
716.8088 	EXP 	fade_in_text: autoDraw = True
716.8421 	EXP 	fade_in_text: autoDraw = True
716.8754 	EXP 	fade_in_text: autoDraw = True
716.9088 	EXP 	fade_in_text: autoDraw = True
716.9422 	EXP 	fade_in_text: autoDraw = True
716.9754 	EXP 	fade_in_text: autoDraw = True
717.0088 	EXP 	fade_in_text: autoDraw = True
717.0422 	EXP 	fade_in_text: autoDraw = True
717.0754 	EXP 	fade_in_text: autoDraw = True
717.1088 	EXP 	fade_in_text: autoDraw = True
717.1422 	EXP 	fade_in_text: autoDraw = True
717.1755 	EXP 	fade_in_text: autoDraw = True
717.2088 	EXP 	fade_in_text: autoDraw = True
717.2423 	EXP 	fade_in_text: autoDraw = True
717.2755 	EXP 	fade_in_text: autoDraw = True
717.3088 	EXP 	fade_in_text: autoDraw = True
717.3421 	EXP 	fade_in_text: autoDraw = True
717.3755 	EXP 	fade_in_text: autoDraw = True
717.4088 	EXP 	fade_in_text: autoDraw = True
717.4420 	EXP 	fade_in_text: autoDraw = True
717.4755 	EXP 	fade_in_text: autoDraw = True
717.5088 	EXP 	fade_in_text: autoDraw = True
717.5420 	EXP 	fade_in_text: autoDraw = True
717.5755 	EXP 	fade_in_text: autoDraw = True
717.6088 	EXP 	fade_in_text: autoDraw = True
717.6421 	EXP 	fade_in_text: autoDraw = True
717.6755 	EXP 	fade_in_text: autoDraw = True
717.7088 	EXP 	fade_in_text: autoDraw = True
717.7421 	EXP 	fade_in_text: autoDraw = True
717.7755 	EXP 	fade_in_text: autoDraw = True
717.8088 	EXP 	fade_in_text: autoDraw = True
717.8421 	EXP 	fade_in_text: autoDraw = True
717.8755 	EXP 	fade_in_text: autoDraw = True
717.9088 	EXP 	fade_in_text: autoDraw = True
717.9422 	EXP 	fade_in_text: autoDraw = True
717.9755 	EXP 	fade_in_text: autoDraw = True
718.0088 	EXP 	fade_in_text: autoDraw = True
718.0422 	EXP 	fade_in_text: autoDraw = True
718.0755 	EXP 	fade_in_text: autoDraw = True
718.1090 	EXP 	fade_in_text: autoDraw = True
718.1422 	EXP 	fade_in_text: autoDraw = True
718.1755 	EXP 	fade_in_text: autoDraw = True
718.2088 	EXP 	fade_in_text: autoDraw = True
718.2422 	EXP 	fade_in_text: autoDraw = True
718.2755 	EXP 	fade_in_text: autoDraw = True
718.3088 	EXP 	fade_in_text: autoDraw = True
718.3422 	EXP 	fade_in_text: autoDraw = True
718.3755 	EXP 	fade_in_text: autoDraw = True
718.4090 	EXP 	fade_in_text: autoDraw = True
718.4422 	EXP 	fade_in_text: autoDraw = True
718.4755 	EXP 	fade_in_text: autoDraw = True
718.5089 	EXP 	fade_in_text: autoDraw = True
718.5422 	EXP 	fade_in_text: autoDraw = True
718.5755 	EXP 	fade_in_text: autoDraw = True
718.6090 	EXP 	fade_in_text: autoDraw = True
718.6422 	EXP 	fade_in_text: autoDraw = True
718.6755 	EXP 	fade_in_text: autoDraw = True
718.7088 	EXP 	fade_in_text: autoDraw = True
718.7422 	EXP 	fade_in_text: autoDraw = True
718.7755 	EXP 	fade_in_text: autoDraw = True
718.8088 	EXP 	fade_in_text: autoDraw = True
718.8422 	EXP 	fade_in_text: autoDraw = True
718.8755 	EXP 	fade_in_text: autoDraw = True
718.9088 	EXP 	fade_in_text: autoDraw = True
718.9422 	EXP 	fade_in_text: autoDraw = True
718.9755 	EXP 	fade_in_text: autoDraw = True
719.0088 	EXP 	fade_in_text: autoDraw = True
719.0422 	EXP 	fade_in_text: autoDraw = True
719.0756 	EXP 	fade_in_text: autoDraw = True
719.1089 	EXP 	fade_in_text: autoDraw = True
719.1422 	EXP 	fade_in_text: autoDraw = True
719.1755 	EXP 	fade_in_text: autoDraw = True
719.2089 	EXP 	fade_in_text: autoDraw = True
719.2422 	EXP 	fade_in_text: autoDraw = True
719.2756 	EXP 	fade_in_text: autoDraw = True
719.3089 	EXP 	fade_in_text: autoDraw = True
719.3422 	EXP 	fade_in_text: autoDraw = True
719.3756 	EXP 	fade_in_text: autoDraw = True
719.4089 	EXP 	fade_in_text: autoDraw = True
719.4422 	EXP 	fade_in_text: autoDraw = True
719.4756 	EXP 	fade_in_text: autoDraw = True
719.5089 	EXP 	fade_in_text: autoDraw = True
719.5422 	EXP 	fade_in_text: autoDraw = True
719.5756 	EXP 	fade_in_text: autoDraw = True
719.6089 	EXP 	fade_in_text: autoDraw = True
719.6423 	EXP 	fade_in_text: autoDraw = True
719.6756 	EXP 	fade_in_text: autoDraw = True
719.7089 	EXP 	fade_in_text: autoDraw = True
719.7423 	EXP 	fade_in_text: autoDraw = True
719.7756 	EXP 	fade_in_text: autoDraw = True
719.8089 	EXP 	fade_in_text: autoDraw = True
719.8423 	EXP 	fade_in_text: autoDraw = True
719.8757 	EXP 	fade_in_text: autoDraw = True
719.9089 	EXP 	fade_in_text: autoDraw = True
719.9423 	EXP 	fade_in_text: autoDraw = True
719.9757 	EXP 	fade_in_text: autoDraw = True
720.0089 	EXP 	fade_in_text: autoDraw = True
720.0423 	EXP 	fade_in_text: autoDraw = True
720.0757 	EXP 	fade_in_text: autoDraw = True
720.1089 	EXP 	fade_in_text: autoDraw = True
720.1423 	EXP 	fade_in_text: autoDraw = True
720.1755 	EXP 	fade_in_text: autoDraw = True
720.2089 	EXP 	fade_in_text: autoDraw = True
720.2423 	EXP 	fade_in_text: autoDraw = True
720.2755 	EXP 	fade_in_text: autoDraw = True
720.3090 	EXP 	fade_in_text: autoDraw = True
720.3423 	EXP 	fade_in_text: autoDraw = True
720.3755 	EXP 	fade_in_text: autoDraw = True
720.4090 	EXP 	fade_in_text: autoDraw = True
720.4423 	EXP 	fade_in_text: autoDraw = True
720.4755 	EXP 	fade_in_text: autoDraw = True
720.5090 	EXP 	fade_in_text: autoDraw = True
720.5423 	EXP 	fade_in_text: autoDraw = True
720.5756 	EXP 	fade_in_text: autoDraw = True
720.6090 	EXP 	fade_in_text: autoDraw = True
720.6423 	EXP 	fade_in_text: autoDraw = True
720.6756 	EXP 	fade_in_text: autoDraw = True
720.7090 	EXP 	fade_in_text: autoDraw = True
720.7423 	EXP 	fade_in_text: autoDraw = True
720.7756 	EXP 	fade_in_text: autoDraw = True
720.8090 	EXP 	fade_in_text: autoDraw = True
720.8423 	EXP 	fade_in_text: autoDraw = True
720.8756 	EXP 	fade_in_text: autoDraw = True
720.9090 	EXP 	fade_in_text: autoDraw = True
720.9423 	EXP 	fade_in_text: autoDraw = True
720.9757 	EXP 	fade_in_text: autoDraw = True
721.0090 	EXP 	fade_in_text: autoDraw = True
721.0423 	EXP 	fade_in_text: autoDraw = True
721.0757 	EXP 	fade_in_text: autoDraw = True
721.1090 	EXP 	fade_in_text: autoDraw = True
721.1423 	EXP 	fade_in_text: autoDraw = True
721.1757 	EXP 	fade_in_text: autoDraw = True
721.2090 	EXP 	fade_in_text: autoDraw = True
721.2423 	EXP 	fade_in_text: autoDraw = True
721.2757 	EXP 	fade_in_text: autoDraw = True
721.3090 	EXP 	fade_in_text: autoDraw = True
721.3424 	EXP 	fade_in_text: autoDraw = True
721.3757 	EXP 	fade_in_text: autoDraw = True
721.4090 	EXP 	fade_in_text: autoDraw = True
721.4425 	EXP 	fade_in_text: autoDraw = True
721.4757 	EXP 	fade_in_text: autoDraw = True
721.5090 	EXP 	fade_in_text: autoDraw = True
721.5424 	EXP 	fade_in_text: autoDraw = True
721.5757 	EXP 	fade_in_text: autoDraw = True
721.6090 	EXP 	fade_in_text: autoDraw = True
721.6425 	EXP 	fade_in_text: autoDraw = True
721.6757 	EXP 	fade_in_text: autoDraw = True
721.7090 	EXP 	fade_in_text: autoDraw = True
721.7424 	EXP 	fade_in_text: autoDraw = True
721.7757 	EXP 	fade_in_text: autoDraw = True
721.8090 	EXP 	fade_in_text: autoDraw = True
721.8424 	EXP 	fade_in_text: autoDraw = True
721.8757 	EXP 	fade_in_text: autoDraw = True
721.9090 	EXP 	fade_in_text: autoDraw = True
721.9424 	EXP 	fade_in_text: autoDraw = True
721.9757 	EXP 	fade_in_text: autoDraw = True
722.0090 	EXP 	fade_in_text: autoDraw = True
722.0424 	EXP 	fade_in_text: autoDraw = True
722.0757 	EXP 	fade_in_text: autoDraw = True
722.1090 	EXP 	fade_in_text: autoDraw = True
722.1424 	EXP 	fade_in_text: autoDraw = True
722.1757 	EXP 	fade_in_text: autoDraw = True
722.2090 	EXP 	fade_in_text: autoDraw = True
722.2424 	EXP 	fade_in_text: autoDraw = True
722.2757 	EXP 	fade_in_text: autoDraw = True
722.3090 	EXP 	fade_in_text: autoDraw = True
722.3424 	EXP 	fade_in_text: autoDraw = True
722.3757 	EXP 	fade_in_text: autoDraw = True
722.4091 	EXP 	fade_in_text: autoDraw = True
722.4424 	EXP 	fade_in_text: autoDraw = True
722.4757 	EXP 	fade_in_text: autoDraw = True
722.5091 	EXP 	fade_in_text: autoDraw = True
722.5424 	EXP 	fade_in_text: autoDraw = True
722.5757 	EXP 	fade_in_text: autoDraw = True
722.6091 	EXP 	fade_in_text: autoDraw = True
722.6424 	EXP 	fade_in_text: autoDraw = True
722.6757 	EXP 	fade_in_text: autoDraw = True
722.7092 	EXP 	fade_in_text: autoDraw = True
722.7424 	EXP 	fade_in_text: autoDraw = True
722.7757 	EXP 	fade_in_text: autoDraw = True
722.8092 	EXP 	fade_in_text: autoDraw = True
722.8425 	EXP 	fade_in_text: autoDraw = True
722.8757 	EXP 	fade_in_text: autoDraw = True
722.9092 	EXP 	fade_in_text: autoDraw = True
722.9424 	EXP 	fade_in_text: autoDraw = True
722.9758 	EXP 	fade_in_text: autoDraw = True
723.0090 	EXP 	fade_in_text: autoDraw = True
723.0424 	EXP 	fade_in_text: autoDraw = True
723.0758 	EXP 	fade_in_text: autoDraw = True
723.1090 	EXP 	fade_in_text: autoDraw = True
723.1425 	EXP 	fade_in_text: autoDraw = True
723.1758 	EXP 	fade_in_text: autoDraw = True
723.2090 	EXP 	fade_in_text: autoDraw = True
723.2424 	EXP 	fade_in_text: autoDraw = True
723.2758 	EXP 	fade_in_text: autoDraw = True
723.3091 	EXP 	fade_in_text: autoDraw = True
723.3425 	EXP 	fade_in_text: autoDraw = True
723.3758 	EXP 	fade_in_text: autoDraw = True
723.4091 	EXP 	fade_in_text: autoDraw = True
723.4424 	EXP 	fade_in_text: autoDraw = True
723.4758 	EXP 	fade_in_text: autoDraw = True
723.5091 	EXP 	fade_in_text: autoDraw = True
723.5425 	EXP 	fade_in_text: autoDraw = True
723.5758 	EXP 	fade_in_text: autoDraw = True
723.6091 	EXP 	fade_in_text: autoDraw = True
723.6425 	EXP 	fade_in_text: autoDraw = True
723.6758 	EXP 	fade_in_text: autoDraw = True
723.7091 	EXP 	fade_in_text: autoDraw = True
723.7425 	EXP 	fade_in_text: autoDraw = True
723.7758 	EXP 	fade_in_text: autoDraw = True
723.8091 	EXP 	fade_in_text: autoDraw = True
723.8425 	EXP 	fade_in_text: autoDraw = True
723.8758 	EXP 	fade_in_text: autoDraw = True
723.9091 	EXP 	fade_in_text: autoDraw = True
723.9425 	EXP 	fade_in_text: autoDraw = True
723.9758 	EXP 	fade_in_text: autoDraw = True
724.0091 	EXP 	fade_in_text: autoDraw = True
724.0425 	EXP 	fade_in_text: autoDraw = True
724.0759 	EXP 	fade_in_text: autoDraw = True
724.1091 	EXP 	fade_in_text: autoDraw = True
724.1425 	EXP 	fade_in_text: autoDraw = True
724.1759 	EXP 	fade_in_text: autoDraw = True
724.2091 	EXP 	fade_in_text: autoDraw = True
724.2425 	EXP 	fade_in_text: autoDraw = True
724.2759 	EXP 	fade_in_text: autoDraw = True
724.3092 	EXP 	fade_in_text: autoDraw = True
724.3425 	EXP 	fade_in_text: autoDraw = True
724.3758 	EXP 	fade_in_text: autoDraw = True
724.4092 	EXP 	fade_in_text: autoDraw = True
724.4425 	EXP 	fade_in_text: autoDraw = True
724.4759 	EXP 	fade_in_text: autoDraw = True
724.5092 	EXP 	fade_in_text: autoDraw = True
724.5425 	EXP 	fade_in_text: autoDraw = True
724.5757 	EXP 	fade_in_text: autoDraw = True
724.6092 	EXP 	fade_in_text: autoDraw = True
724.6425 	EXP 	fade_in_text: autoDraw = True
724.6759 	EXP 	fade_in_text: autoDraw = True
724.7092 	EXP 	fade_in_text: autoDraw = True
724.7425 	EXP 	fade_in_text: autoDraw = True
724.7759 	EXP 	fade_in_text: autoDraw = True
724.8093 	EXP 	fade_in_text: autoDraw = True
727.8431 	EXP 	fade_in_text: autoDraw = False
727.8431 	EXP 	RS_intro_title: autoDraw = True
727.8431 	EXP 	RS_intro_text: autoDraw = True
750.8942 	EXP 	RS_intro_title: autoDraw = False
750.8942 	EXP 	RS_intro_text: autoDraw = False
750.8942 	EXP 	RS_intro_title: autoDraw = False
750.8942 	EXP 	RS_intro_text: autoDraw = False
750.8942 	EXP 	RS_rec_text: text = 'Please keep relaxed and close your eyes.\n'
750.8942 	EXP 	RS_rec_text: autoDraw = True
930.9368 	EXP 	RS_rec_text: autoDraw = False
934.3371 	EXP 	RS_rec_text: autoDraw = False
934.3371 	EXP 	RS_intro_title: autoDraw = True
934.3371 	EXP 	RS_intro_text: autoDraw = True
957.4049 	EXP 	RS_intro_title: autoDraw = False
957.4049 	EXP 	RS_intro_text: autoDraw = False
957.4049 	EXP 	RS_intro_title: autoDraw = False
957.4049 	EXP 	RS_intro_text: autoDraw = False
957.4049 	EXP 	RS_rec_text: text = 'Please keep relaxed and open your eyes.\nNote: Blinking is allowed.'
957.4049 	EXP 	RS_rec_text: autoDraw = True
1137.4476 	EXP 	RS_rec_text: autoDraw = False
1140.8479 	EXP 	RS_rec_text: autoDraw = False
1140.8479 	EXP 	Pause_cont: text = 'Press [space] key to continue.'
1140.8479 	EXP 	Pause_cont: autoDraw = True
1164.0209 	DATA 	Keypress: space
1167.0661 	EXP 	Pause_cont: autoDraw = False
1167.0661 	EXP 	QA_intro_title: autoDraw = True
1167.0661 	EXP 	QA_intro_text: autoDraw = True
1206.4846 	EXP 	QA_intro_cont: autoDraw = True
1207.1013 	EXP 	QA_intro_title: autoDraw = False
1207.1013 	EXP 	QA_intro_text: autoDraw = False
1210.7896 	DATA 	Keypress: space
1211.8548 	EXP 	Created sequence: random, trialTypes=1, nReps=2, seed=None
1211.8554 	EXP 	New trial (rep=0, index=0): None
1212.8587 	EXP 	Created sequence: random, trialTypes=1, nReps=25, seed=None
1212.8596 	EXP 	New trial (rep=0, index=0): None
1213.9018 	EXP 	QA_intro_title: autoDraw = False
1213.9018 	EXP 	QA_intro_text: autoDraw = False
1213.9018 	EXP 	QA_intro_cont: autoDraw = False
1213.9018 	EXP 	QA_rec_text: autoDraw = True
1231.8743 	EXP 	New trial (rep=1, index=0): None
1232.9033 	EXP 	QA_rec_text: autoDraw = False
1232.9033 	EXP 	QA_rec_break: autoDraw = False
1232.9033 	EXP 	QA_rec_text: autoDraw = True
1251.8590 	EXP 	New trial (rep=2, index=0): None
1252.8876 	EXP 	QA_rec_text: autoDraw = False
1252.8876 	EXP 	QA_rec_break: autoDraw = False
1252.8876 	EXP 	QA_rec_text: autoDraw = True
1271.8592 	EXP 	New trial (rep=3, index=0): None
1272.9222 	EXP 	QA_rec_text: autoDraw = False
1272.9222 	EXP 	QA_rec_break: autoDraw = False
1272.9222 	EXP 	QA_rec_text: autoDraw = True
1291.8606 	EXP 	New trial (rep=4, index=0): None
1292.9239 	EXP 	QA_rec_text: autoDraw = False
1292.9239 	EXP 	QA_rec_break: autoDraw = False
1292.9239 	EXP 	QA_rec_text: autoDraw = True
1311.8616 	EXP 	New trial (rep=5, index=0): None
1312.9245 	EXP 	QA_rec_text: autoDraw = False
1312.9245 	EXP 	QA_rec_break: autoDraw = False
1312.9245 	EXP 	QA_rec_text: autoDraw = True
1331.8632 	EXP 	New trial (rep=6, index=0): None
1332.9083 	EXP 	QA_rec_text: autoDraw = False
1332.9083 	EXP 	QA_rec_break: autoDraw = False
1332.9083 	EXP 	QA_rec_text: autoDraw = True
1351.8804 	EXP 	New trial (rep=7, index=0): None
1352.9266 	EXP 	QA_rec_text: autoDraw = False
1352.9266 	EXP 	QA_rec_break: autoDraw = False
1352.9266 	EXP 	QA_rec_text: autoDraw = True
1371.8646 	EXP 	New trial (rep=8, index=0): None
1372.9268 	EXP 	QA_rec_text: autoDraw = False
1372.9268 	EXP 	QA_rec_break: autoDraw = False
1372.9268 	EXP 	QA_rec_text: autoDraw = True
1391.8660 	EXP 	New trial (rep=9, index=0): None
1392.8953 	EXP 	QA_rec_text: autoDraw = False
1392.8953 	EXP 	QA_rec_break: autoDraw = False
1392.8953 	EXP 	QA_rec_text: autoDraw = True
1411.8673 	EXP 	New trial (rep=10, index=0): None
1412.9132 	EXP 	QA_rec_text: autoDraw = False
1412.9132 	EXP 	QA_rec_break: autoDraw = False
1412.9132 	EXP 	QA_rec_text: autoDraw = True
1431.8846 	EXP 	New trial (rep=11, index=0): None
1432.9472 	EXP 	QA_rec_text: autoDraw = False
1432.9472 	EXP 	QA_rec_break: autoDraw = False
1432.9472 	EXP 	QA_rec_text: autoDraw = True
1451.8853 	EXP 	New trial (rep=12, index=0): None
1452.9318 	EXP 	QA_rec_text: autoDraw = False
1452.9318 	EXP 	QA_rec_break: autoDraw = False
1452.9318 	EXP 	QA_rec_text: autoDraw = True
1471.8700 	EXP 	New trial (rep=13, index=0): None
1472.9159 	EXP 	QA_rec_text: autoDraw = False
1472.9159 	EXP 	QA_rec_break: autoDraw = False
1472.9159 	EXP 	QA_rec_text: autoDraw = True
1491.8882 	EXP 	New trial (rep=14, index=0): None
1492.9337 	EXP 	QA_rec_text: autoDraw = False
1492.9337 	EXP 	QA_rec_break: autoDraw = False
1492.9337 	EXP 	QA_rec_text: autoDraw = True
1511.8718 	EXP 	New trial (rep=15, index=0): None
1512.9184 	EXP 	QA_rec_text: autoDraw = False
1512.9184 	EXP 	QA_rec_break: autoDraw = False
1512.9184 	EXP 	QA_rec_text: autoDraw = True
1531.8895 	EXP 	New trial (rep=16, index=0): None
1532.9526 	EXP 	QA_rec_text: autoDraw = False
1532.9526 	EXP 	QA_rec_break: autoDraw = False
1532.9526 	EXP 	QA_rec_text: autoDraw = True
1551.8573 	EXP 	New trial (rep=17, index=0): None
1553.0036 	EXP 	QA_rec_text: autoDraw = False
1553.0036 	EXP 	QA_rec_break: autoDraw = False
1553.0036 	EXP 	QA_rec_text: autoDraw = True
1571.8758 	EXP 	New trial (rep=18, index=0): None
1572.9721 	EXP 	QA_rec_text: autoDraw = False
1572.9721 	EXP 	QA_rec_break: autoDraw = False
1572.9721 	EXP 	QA_rec_text: autoDraw = True
1591.8815 	EXP 	New trial (rep=19, index=0): None
1592.9391 	EXP 	QA_rec_text: autoDraw = False
1592.9391 	EXP 	QA_rec_break: autoDraw = False
1592.9391 	EXP 	QA_rec_text: autoDraw = True
1611.8771 	EXP 	New trial (rep=20, index=0): None
1612.9563 	EXP 	QA_rec_text: autoDraw = False
1612.9563 	EXP 	QA_rec_break: autoDraw = False
1612.9563 	EXP 	QA_rec_text: autoDraw = True
1631.8621 	EXP 	New trial (rep=21, index=0): None
1632.9252 	EXP 	QA_rec_text: autoDraw = False
1632.9252 	EXP 	QA_rec_break: autoDraw = False
1632.9252 	EXP 	QA_rec_text: autoDraw = True
1651.8635 	EXP 	New trial (rep=22, index=0): None
1652.9091 	EXP 	QA_rec_text: autoDraw = False
1652.9091 	EXP 	QA_rec_break: autoDraw = False
1652.9091 	EXP 	QA_rec_text: autoDraw = True
1670.8759 	EXP 	QA_rec_break: autoDraw = True
1671.8819 	EXP 	New trial (rep=23, index=0): None
1672.9438 	EXP 	QA_rec_text: autoDraw = False
1672.9438 	EXP 	QA_rec_break: autoDraw = False
1672.9438 	EXP 	QA_rec_text: autoDraw = True
1691.8823 	EXP 	New trial (rep=24, index=0): None
1692.9443 	EXP 	QA_rec_text: autoDraw = False
1692.9443 	EXP 	QA_rec_break: autoDraw = False
1692.9443 	EXP 	QA_rec_text: autoDraw = True
1713.9282 	EXP 	QA_rec_text: autoDraw = False
1713.9282 	EXP 	QA_rec_break: autoDraw = False
1713.9282 	EXP 	Pause_cont: text = 'Press [space] key to continue.'
1713.9282 	EXP 	Pause_cont: autoDraw = True
2015.3106 	DATA 	Keypress: escape
2015.5261 	EXP 	window1: mouseVisible = True
