36.4468 	EXP 	Created instruction_text = TextStim(__class__=<class 'psychopy.visual.text.TextStim'>, alignHoriz='center', alignVert='center', antialias=True, autoLog=True, bold=False, color=array([1., 1., 1.]), colorSpace='rgb', contrast=1.0, depth=-0.0, flipHoriz=False, flipVert=False, font='Arial', fontFiles=[], height=0.06, italic=False, languageStyle='LTR', name='instruction_text', opacity=1.0, ori=0.0, pos=array([0.5, 0.1]), rgb=array([1., 1., 1.]), text=str(...), units='norm', win=Window(...), wrapWidth=1)
36.7179 	EXP 	Created instruction_cont = TextStim(__class__=<class 'psychopy.visual.text.TextStim'>, alignHoriz='center', alignVert='center', antialias=True, autoLog=True, bold=False, color=array([1., 1., 1.]), colorSpace='rgb', contrast=1.0, depth=-3.0, flipHoriz=False, flipVert=False, font='Arial', fontFiles=[], height=0.06, italic=False, languageStyle='LTR', name='instruction_cont', opacity=1.0, ori=0.0, pos=array([ 0.5, -0.4]), rgb=array([1., 1., 1.]), text='          Press [space] key to continue.', units='norm', win=Window(...), wrapWidth=1)
36.7304 	EXP 	Created Artifact_intro_title = TextStim(__class__=<class 'psychopy.visual.text.TextStim'>, alignHoriz='center', alignVert='center', antialias=True, autoLog=True, bold=False, color=array([1., 1., 1.]), colorSpace='rgb', contrast=1.0, depth=-0.0, flipHoriz=False, flipVert=False, font='Arial', fontFiles=[], height=0.06, italic=False, languageStyle='LTR', name='Artifact_intro_title', opacity=1.0, ori=0.0, pos=array([0.5, 0.4]), rgb=array([1., 1., 1.]), text='Muscular signal recording', units='norm', win=Window(...), wrapWidth=1)
36.7455 	EXP 	Created Artifact_intro_text = TextStim(__class__=<class 'psychopy.visual.text.TextStim'>, alignHoriz='center', alignVert='center', antialias=True, autoLog=True, bold=False, color=array([1., 1., 1.]), colorSpace='rgb', contrast=1.0, depth=-1.0, flipHoriz=False, flipVert=False, font='Arial', fontFiles=[], height=0.06, italic=False, languageStyle='LTR', name='Artifact_intro_text', opacity=1.0, ori=0.0, pos=array([0.5, 0. ]), rgb=array([1., 1., 1.]), text=str(...), units='norm', win=Window(...), wrapWidth=1)
36.7583 	EXP 	Created Artifact_intro_cont = TextStim(__class__=<class 'psychopy.visual.text.TextStim'>, alignHoriz='center', alignVert='center', antialias=True, autoLog=True, bold=False, color=array([1., 1., 1.]), colorSpace='rgb', contrast=1.0, depth=-4.0, flipHoriz=False, flipVert=False, font='Arial', fontFiles=[], height=0.06, italic=False, languageStyle='LTR', name='Artifact_intro_cont', opacity=1.0, ori=0.0, pos=array([0.5, 0. ]), rgb=array([1., 1., 1.]), text='          Press [space] key to continue.', units='norm', win=Window(...), wrapWidth=1)
36.7590 	EXP 	Created Artifact_rec_text = TextStim(__class__=<class 'psychopy.visual.text.TextStim'>, alignHoriz='center', alignVert='center', antialias=True, autoLog=True, bold=False, color=array([1., 1., 1.]), colorSpace='rgb', contrast=1.0, depth=-0.0, flipHoriz=False, flipVert=False, font='Arial', fontFiles=[], height=0.06, italic=False, languageStyle='LTR', name='Artifact_rec_text', opacity=1.0, ori=0.0, pos=array([0.5, 0.4]), rgb=array([1., 1., 1.]), text='', units='norm', win=Window(...), wrapWidth=1)
36.7612 	EXP 	Created Artifact_rec_recording = TextStim(__class__=<class 'psychopy.visual.text.TextStim'>, alignHoriz='center', alignVert='center', antialias=True, autoLog=True, bold=False, color=array([1., 1., 1.]), colorSpace='rgb', contrast=1.0, depth=-4.0, flipHoriz=False, flipVert=False, font='Arial', fontFiles=[], height=0.06, italic=False, languageStyle='LTR', name='Artifact_rec_recording', opacity=1.0, ori=0.0, pos=array([ 0.5, -0.4]), rgb=array([1., 1., 1.]), text='', units='norm', win=Window(...), wrapWidth=1)
36.7641 	EXP 	Created Artifact_rec_break = TextStim(__class__=<class 'psychopy.visual.text.TextStim'>, alignHoriz='center', alignVert='center', antialias=True, autoLog=True, bold=False, color=array([1., 1., 1.]), colorSpace='rgb', contrast=1.0, depth=-6.0, flipHoriz=False, flipVert=False, font='Arial', fontFiles=[], height=0.06, italic=False, languageStyle='LTR', name='Artifact_rec_break', opacity=1.0, ori=0.0, pos=array([ 0.5, -0.4]), rgb=array([1., 1., 1.]), text='Short break', units='norm', win=Window(...), wrapWidth=1)
36.7693 	EXP 	Created Cali_de_pre_intro_title = TextStim(__class__=<class 'psychopy.visual.text.TextStim'>, alignHoriz='center', alignVert='center', antialias=True, autoLog=True, bold=False, color=array([1., 1., 1.]), colorSpace='rgb', contrast=1.0, depth=-0.0, flipHoriz=False, flipVert=False, font='Arial', fontFiles=[], height=0.06, italic=False, languageStyle='LTR', name='Cali_de_pre_intro_title', opacity=1.0, ori=0.0, pos=array([0.5, 0.4]), rgb=array([1., 1., 1.]), text='READ OUT BLOCK (GERMAN)', units='norm', win=Window(...), wrapWidth=1)
36.7775 	EXP 	Created Cali_de_pre_intro_text = TextStim(__class__=<class 'psychopy.visual.text.TextStim'>, alignHoriz='center', alignVert='center', antialias=True, autoLog=True, bold=False, color=array([1., 1., 1.]), colorSpace='rgb', contrast=1.0, depth=-1.0, flipHoriz=False, flipVert=False, font='Arial', fontFiles=[], height=0.06, italic=False, languageStyle='LTR', name='Cali_de_pre_intro_text', opacity=1.0, ori=0.0, pos=array([0.5, 0. ]), rgb=array([1., 1., 1.]), text=str(...), units='norm', win=Window(...), wrapWidth=1)
36.7821 	EXP 	Created Cali_de_pre_intro_cont = TextStim(__class__=<class 'psychopy.visual.text.TextStim'>, alignHoriz='center', alignVert='center', antialias=True, autoLog=True, bold=False, color=array([1., 1., 1.]), colorSpace='rgb', contrast=1.0, depth=-4.0, flipHoriz=False, flipVert=False, font='Arial', fontFiles=[], height=0.06, italic=False, languageStyle='LTR', name='Cali_de_pre_intro_cont', opacity=1.0, ori=0.0, pos=array([0.5, 0. ]), rgb=array([1., 1., 1.]), text='          Press [space] key to continue.', units='norm', win=Window(...), wrapWidth=1)
36.7826 	EXP 	Created Cali_de_pre_rec_text = TextStim(__class__=<class 'psychopy.visual.text.TextStim'>, alignHoriz='center', alignVert='center', antialias=True, autoLog=True, bold=False, color=array([1., 1., 1.]), colorSpace='rgb', contrast=1.0, depth=-0.0, flipHoriz=False, flipVert=False, font='Arial', fontFiles=[], height=0.06, italic=False, languageStyle='LTR', name='Cali_de_pre_rec_text', opacity=1.0, ori=0.0, pos=array([0.5, 0.4]), rgb=array([1., 1., 1.]), text='', units='norm', win=Window(...), wrapWidth=1)
36.7834 	EXP 	Created Cali_de_pre_rec_question_text = TextStim(__class__=<class 'psychopy.visual.text.TextStim'>, alignHoriz='center', alignVert='center', antialias=True, autoLog=True, bold=False, color=array([1., 1., 1.]), colorSpace='rgb', contrast=1.0, depth=-2.0, flipHoriz=False, flipVert=False, font='Arial', fontFiles=[], height=0.06, italic=False, languageStyle='LTR', name='Cali_de_pre_rec_question_text', opacity=1.0, ori=0.0, pos=array([0.5, 0. ]), rgb=array([1., 1., 1.]), text='', units='norm', win=Window(...), wrapWidth=1)
36.7856 	EXP 	Created Cali_de_pre_rec_break = TextStim(__class__=<class 'psychopy.visual.text.TextStim'>, alignHoriz='center', alignVert='center', antialias=True, autoLog=True, bold=False, color=array([1., 1., 1.]), colorSpace='rgb', contrast=1.0, depth=-6.0, flipHoriz=False, flipVert=False, font='Arial', fontFiles=[], height=0.06, italic=False, languageStyle='LTR', name='Cali_de_pre_rec_break', opacity=1.0, ori=0.0, pos=array([ 0.5, -0.4]), rgb=array([1., 1., 1.]), text='Short break', units='norm', win=Window(...), wrapWidth=1)
36.7859 	EXP 	Created fade_in_text = TextStim(__class__=<class 'psychopy.visual.text.TextStim'>, alignHoriz='center', alignVert='center', antialias=True, autoLog=True, bold=False, color=array([1., 1., 1.]), colorSpace='rgb', contrast=1.0, depth=-0.0, flipHoriz=False, flipVert=False, font='Arial', fontFiles=[], height=0.06, italic=False, languageStyle='LTR', name='fade_in_text', opacity=1.0, ori=0.0, pos=array([0.5, 0.4]), rgb=array([1., 1., 1.]), text='', units='norm', win=Window(...), wrapWidth=1)
36.7879 	EXP 	Created RS_intro_title = TextStim(__class__=<class 'psychopy.visual.text.TextStim'>, alignHoriz='center', alignVert='center', antialias=True, autoLog=True, bold=False, color=array([1., 1., 1.]), colorSpace='rgb', contrast=1.0, depth=-0.0, flipHoriz=False, flipVert=False, font='Arial', fontFiles=[], height=0.06, italic=False, languageStyle='LTR', name='RS_intro_title', opacity=1.0, ori=0.0, pos=array([0.5, 0.4]), rgb=array([1., 1., 1.]), text='REST STATE BLOCK', units='norm', win=Window(...), wrapWidth=1)
36.7936 	EXP 	Created RS_intro_text = TextStim(__class__=<class 'psychopy.visual.text.TextStim'>, alignHoriz='center', alignVert='center', antialias=True, autoLog=True, bold=False, color=array([1., 1., 1.]), colorSpace='rgb', contrast=1.0, depth=-1.0, flipHoriz=False, flipVert=False, font='Arial', fontFiles=[], height=0.06, italic=False, languageStyle='LTR', name='RS_intro_text', opacity=1.0, ori=0.0, pos=array([0.5, 0. ]), rgb=array([1., 1., 1.]), text=str(...), units='norm', win=Window(...), wrapWidth=1)
36.7989 	EXP 	Created RS_rec_text = TextStim(__class__=<class 'psychopy.visual.text.TextStim'>, alignHoriz='center', alignVert='center', antialias=True, autoLog=True, bold=False, color=array([1., 1., 1.]), colorSpace='rgb', contrast=1.0, depth=-0.0, flipHoriz=False, flipVert=False, font='Arial', fontFiles=[], height=0.06, italic=False, languageStyle='LTR', name='RS_rec_text', opacity=1.0, ori=0.0, pos=array([0.5, 0. ]), rgb=array([1., 1., 1.]), text=str(...), units='norm', win=Window(...), wrapWidth=1)
36.8011 	EXP 	Created QA_intro_title = TextStim(__class__=<class 'psychopy.visual.text.TextStim'>, alignHoriz='center', alignVert='center', antialias=True, autoLog=True, bold=False, color=array([1., 1., 1.]), colorSpace='rgb', contrast=1.0, depth=-0.0, flipHoriz=False, flipVert=False, font='Arial', fontFiles=[], height=0.06, italic=False, languageStyle='LTR', name='QA_intro_title', opacity=1.0, ori=0.0, pos=array([0.5, 0.5]), rgb=array([1., 1., 1.]), text='Q&A BLOCK', units='norm', win=Window(...), wrapWidth=1)
36.8102 	EXP 	Created QA_intro_text = TextStim(__class__=<class 'psychopy.visual.text.TextStim'>, alignHoriz='center', alignVert='center', antialias=True, autoLog=True, bold=False, color=array([1., 1., 1.]), colorSpace='rgb', contrast=1.0, depth=-1.0, flipHoriz=False, flipVert=False, font='Arial', fontFiles=[], height=0.06, italic=False, languageStyle='LTR', name='QA_intro_text', opacity=1.0, ori=0.0, pos=array([0.5, 0. ]), rgb=array([1., 1., 1.]), text=str(...), units='norm', win=Window(...), wrapWidth=1)
36.8144 	EXP 	Created QA_intro_cont = TextStim(__class__=<class 'psychopy.visual.text.TextStim'>, alignHoriz='center', alignVert='center', antialias=True, autoLog=True, bold=False, color=array([1., 1., 1.]), colorSpace='rgb', contrast=1.0, depth=-4.0, flipHoriz=False, flipVert=False, font='Arial', fontFiles=[], height=0.06, italic=False, languageStyle='LTR', name='QA_intro_cont', opacity=1.0, ori=0.0, pos=array([0.5, 0. ]), rgb=array([1., 1., 1.]), text='          Press [space] key to continue.', units='norm', win=Window(...), wrapWidth=1)
36.8173 	EXP 	Created QA_rec_text = TextStim(__class__=<class 'psychopy.visual.text.TextStim'>, alignHoriz='center', alignVert='center', antialias=True, autoLog=True, bold=False, color=array([1., 1., 1.]), colorSpace='rgb', contrast=1.0, depth=-0.0, flipHoriz=False, flipVert=False, font='Arial', fontFiles=[], height=0.06, italic=False, languageStyle='LTR', name='QA_rec_text', opacity=1.0, ori=0.0, pos=array([0.5, 0. ]), rgb=array([1., 1., 1.]), text=str(...), units='norm', win=Window(...), wrapWidth=1)
36.8210 	EXP 	Created QA_rec_break = TextStim(__class__=<class 'psychopy.visual.text.TextStim'>, alignHoriz='center', alignVert='center', antialias=True, autoLog=True, bold=False, color=array([1., 1., 1.]), colorSpace='rgb', contrast=1.0, depth=-6.0, flipHoriz=False, flipVert=False, font='Arial', fontFiles=[], height=0.06, italic=False, languageStyle='LTR', name='QA_rec_break', opacity=1.0, ori=0.0, pos=array([ 0.5, -0.4]), rgb=array([1., 1., 1.]), text='Short break', units='norm', win=Window(...), wrapWidth=1)
36.8253 	EXP 	Created Pause_cont = TextStim(__class__=<class 'psychopy.visual.text.TextStim'>, alignHoriz='center', alignVert='center', antialias=True, autoLog=True, bold=False, color=array([1., 1., 1.]), colorSpace='rgb', contrast=1.0, depth=-2.0, flipHoriz=False, flipVert=False, font='Arial', fontFiles=[], height=0.06, italic=False, languageStyle='LTR', name='Pause_cont', opacity=1.0, ori=0.0, pos=array([0.5, 0. ]), rgb=array([1., 1., 1.]), text=str(...), units='norm', win=Window(...), wrapWidth=1)
36.8275 	EXP 	Created Cali_de_post_intro_title = TextStim(__class__=<class 'psychopy.visual.text.TextStim'>, alignHoriz='center', alignVert='center', antialias=True, autoLog=True, bold=False, color=array([1., 1., 1.]), colorSpace='rgb', contrast=1.0, depth=-0.0, flipHoriz=False, flipVert=False, font='Arial', fontFiles=[], height=0.06, italic=False, languageStyle='LTR', name='Cali_de_post_intro_title', opacity=1.0, ori=0.0, pos=array([0.5, 0.4]), rgb=array([1., 1., 1.]), text='READ OUT BLOCK (GERMAN)', units='norm', win=Window(...), wrapWidth=1)
36.8706 	EXP 	Created Cali_de_post_intro_text = TextStim(__class__=<class 'psychopy.visual.text.TextStim'>, alignHoriz='center', alignVert='center', antialias=True, autoLog=True, bold=False, color=array([1., 1., 1.]), colorSpace='rgb', contrast=1.0, depth=-1.0, flipHoriz=False, flipVert=False, font='Arial', fontFiles=[], height=0.06, italic=False, languageStyle='LTR', name='Cali_de_post_intro_text', opacity=1.0, ori=0.0, pos=array([0.5, 0. ]), rgb=array([1., 1., 1.]), text=str(...), units='norm', win=Window(...), wrapWidth=1)
36.8756 	EXP 	Created Cali_de_post_intro_cont = TextStim(__class__=<class 'psychopy.visual.text.TextStim'>, alignHoriz='center', alignVert='center', antialias=True, autoLog=True, bold=False, color=array([1., 1., 1.]), colorSpace='rgb', contrast=1.0, depth=-4.0, flipHoriz=False, flipVert=False, font='Arial', fontFiles=[], height=0.06, italic=False, languageStyle='LTR', name='Cali_de_post_intro_cont', opacity=1.0, ori=0.0, pos=array([0.5, 0. ]), rgb=array([1., 1., 1.]), text='          Press [space] key to continue.', units='norm', win=Window(...), wrapWidth=1)
36.8760 	EXP 	Created Cali_de_post_rec_text = TextStim(__class__=<class 'psychopy.visual.text.TextStim'>, alignHoriz='center', alignVert='center', antialias=True, autoLog=True, bold=False, color=array([1., 1., 1.]), colorSpace='rgb', contrast=1.0, depth=-0.0, flipHoriz=False, flipVert=False, font='Arial', fontFiles=[], height=0.06, italic=False, languageStyle='LTR', name='Cali_de_post_rec_text', opacity=1.0, ori=0.0, pos=array([0.5, 0.4]), rgb=array([1., 1., 1.]), text='', units='norm', win=Window(...), wrapWidth=1)
36.8769 	EXP 	Created Cali_de_post_rec_question_text = TextStim(__class__=<class 'psychopy.visual.text.TextStim'>, alignHoriz='center', alignVert='center', antialias=True, autoLog=True, bold=False, color=array([1., 1., 1.]), colorSpace='rgb', contrast=1.0, depth=-2.0, flipHoriz=False, flipVert=False, font='Arial', fontFiles=[], height=0.06, italic=False, languageStyle='LTR', name='Cali_de_post_rec_question_text', opacity=1.0, ori=0.0, pos=array([0.5, 0. ]), rgb=array([1., 1., 1.]), text='', units='norm', win=Window(...), wrapWidth=1)
36.8790 	EXP 	Created Cali_de_post_rec_break = TextStim(__class__=<class 'psychopy.visual.text.TextStim'>, alignHoriz='center', alignVert='center', antialias=True, autoLog=True, bold=False, color=array([1., 1., 1.]), colorSpace='rgb', contrast=1.0, depth=-6.0, flipHoriz=False, flipVert=False, font='Arial', fontFiles=[], height=0.06, italic=False, languageStyle='LTR', name='Cali_de_post_rec_break', opacity=1.0, ori=0.0, pos=array([ 0.5, -0.4]), rgb=array([1., 1., 1.]), text='Short break', units='norm', win=Window(...), wrapWidth=1)
36.8824 	EXP 	Created the_end_text = TextStim(__class__=<class 'psychopy.visual.text.TextStim'>, alignHoriz='center', alignVert='center', antialias=True, autoLog=True, bold=False, color=array([1., 1., 1.]), colorSpace='rgb', contrast=1.0, depth=-1.0, flipHoriz=False, flipVert=False, font='Arial', fontFiles=[], height=0.06, italic=False, languageStyle='LTR', name='the_end_text', opacity=1.0, ori=0.0, pos=array([0.7, 0. ]), rgb=array([1., 1., 1.]), text=str(...), units='norm', win=Window(...), wrapWidth=1)
38.8867 	EXP 	Created sequence: random, trialTypes=1, nReps=4, seed=None
38.8875 	EXP 	New trial (rep=0, index=0): None
39.9236 	EXP 	fade_in_text: text = 'Please remain seated until further instruction via the earphone.'
39.9236 	EXP 	fade_in_text: autoDraw = True
45.9241 	EXP 	fade_in_text: autoDraw = True
45.9407 	EXP 	fade_in_text: autoDraw = True
45.9574 	EXP 	fade_in_text: autoDraw = True
45.9741 	EXP 	fade_in_text: autoDraw = True
45.9908 	EXP 	fade_in_text: autoDraw = True
46.0075 	EXP 	fade_in_text: autoDraw = True
46.0241 	EXP 	fade_in_text: autoDraw = True
46.0407 	EXP 	fade_in_text: autoDraw = True
46.0574 	EXP 	fade_in_text: autoDraw = True
46.0741 	EXP 	fade_in_text: autoDraw = True
46.0908 	EXP 	fade_in_text: autoDraw = True
46.1075 	EXP 	fade_in_text: autoDraw = True
46.1242 	EXP 	fade_in_text: autoDraw = True
46.1407 	EXP 	fade_in_text: autoDraw = True
46.1575 	EXP 	fade_in_text: autoDraw = True
46.1742 	EXP 	fade_in_text: autoDraw = True
46.1909 	EXP 	fade_in_text: autoDraw = True
46.2075 	EXP 	fade_in_text: autoDraw = True
46.2243 	EXP 	fade_in_text: autoDraw = True
46.2409 	EXP 	fade_in_text: autoDraw = True
46.2573 	EXP 	fade_in_text: autoDraw = True
46.2742 	EXP 	fade_in_text: autoDraw = True
46.2910 	EXP 	fade_in_text: autoDraw = True
46.3075 	EXP 	fade_in_text: autoDraw = True
46.3243 	EXP 	fade_in_text: autoDraw = True
46.3408 	EXP 	fade_in_text: autoDraw = True
46.3575 	EXP 	fade_in_text: autoDraw = True
46.3742 	EXP 	fade_in_text: autoDraw = True
46.3909 	EXP 	fade_in_text: autoDraw = True
46.4075 	EXP 	fade_in_text: autoDraw = True
46.4244 	EXP 	fade_in_text: autoDraw = True
46.4408 	EXP 	fade_in_text: autoDraw = True
46.4575 	EXP 	fade_in_text: autoDraw = True
46.4742 	EXP 	fade_in_text: autoDraw = True
46.4909 	EXP 	fade_in_text: autoDraw = True
46.5075 	EXP 	fade_in_text: autoDraw = True
46.5243 	EXP 	fade_in_text: autoDraw = True
46.5408 	EXP 	fade_in_text: autoDraw = True
46.5575 	EXP 	fade_in_text: autoDraw = True
46.5742 	EXP 	fade_in_text: autoDraw = True
46.5908 	EXP 	fade_in_text: autoDraw = True
46.6075 	EXP 	fade_in_text: autoDraw = True
46.6242 	EXP 	fade_in_text: autoDraw = True
46.6408 	EXP 	fade_in_text: autoDraw = True
46.6575 	EXP 	fade_in_text: autoDraw = True
46.6742 	EXP 	fade_in_text: autoDraw = True
46.6909 	EXP 	fade_in_text: autoDraw = True
46.7075 	EXP 	fade_in_text: autoDraw = True
46.7241 	EXP 	fade_in_text: autoDraw = True
46.7408 	EXP 	fade_in_text: autoDraw = True
46.7575 	EXP 	fade_in_text: autoDraw = True
46.7742 	EXP 	fade_in_text: autoDraw = True
46.7909 	EXP 	fade_in_text: autoDraw = True
46.8075 	EXP 	fade_in_text: autoDraw = True
46.8241 	EXP 	fade_in_text: autoDraw = True
46.8408 	EXP 	fade_in_text: autoDraw = True
46.8575 	EXP 	fade_in_text: autoDraw = True
46.8742 	EXP 	fade_in_text: autoDraw = True
46.8909 	EXP 	fade_in_text: autoDraw = True
46.9077 	EXP 	fade_in_text: autoDraw = True
46.9241 	EXP 	fade_in_text: autoDraw = True
46.9408 	EXP 	fade_in_text: autoDraw = True
46.9575 	EXP 	fade_in_text: autoDraw = True
46.9742 	EXP 	fade_in_text: autoDraw = True
46.9909 	EXP 	fade_in_text: autoDraw = True
47.0077 	EXP 	fade_in_text: autoDraw = True
47.0241 	EXP 	fade_in_text: autoDraw = True
47.0409 	EXP 	fade_in_text: autoDraw = True
47.0575 	EXP 	fade_in_text: autoDraw = True
47.0742 	EXP 	fade_in_text: autoDraw = True
47.0909 	EXP 	fade_in_text: autoDraw = True
47.1077 	EXP 	fade_in_text: autoDraw = True
47.1242 	EXP 	fade_in_text: autoDraw = True
47.1409 	EXP 	fade_in_text: autoDraw = True
47.1575 	EXP 	fade_in_text: autoDraw = True
47.1742 	EXP 	fade_in_text: autoDraw = True
47.1909 	EXP 	fade_in_text: autoDraw = True
47.2077 	EXP 	fade_in_text: autoDraw = True
47.2242 	EXP 	fade_in_text: autoDraw = True
47.2409 	EXP 	fade_in_text: autoDraw = True
47.2576 	EXP 	fade_in_text: autoDraw = True
47.2743 	EXP 	fade_in_text: autoDraw = True
47.2909 	EXP 	fade_in_text: autoDraw = True
47.3077 	EXP 	fade_in_text: autoDraw = True
47.3242 	EXP 	fade_in_text: autoDraw = True
47.3409 	EXP 	fade_in_text: autoDraw = True
47.3575 	EXP 	fade_in_text: autoDraw = True
47.3742 	EXP 	fade_in_text: autoDraw = True
47.3909 	EXP 	fade_in_text: autoDraw = True
47.4076 	EXP 	fade_in_text: autoDraw = True
47.4241 	EXP 	fade_in_text: autoDraw = True
47.4409 	EXP 	fade_in_text: autoDraw = True
47.4576 	EXP 	fade_in_text: autoDraw = True
47.4742 	EXP 	fade_in_text: autoDraw = True
47.4909 	EXP 	fade_in_text: autoDraw = True
47.5076 	EXP 	fade_in_text: autoDraw = True
47.5242 	EXP 	fade_in_text: autoDraw = True
47.5409 	EXP 	fade_in_text: autoDraw = True
47.5576 	EXP 	fade_in_text: autoDraw = True
47.5742 	EXP 	fade_in_text: autoDraw = True
47.5910 	EXP 	fade_in_text: autoDraw = True
47.6076 	EXP 	fade_in_text: autoDraw = True
47.6242 	EXP 	fade_in_text: autoDraw = True
47.6409 	EXP 	fade_in_text: autoDraw = True
47.6576 	EXP 	fade_in_text: autoDraw = True
47.6742 	EXP 	fade_in_text: autoDraw = True
47.6911 	EXP 	fade_in_text: autoDraw = True
47.7076 	EXP 	fade_in_text: autoDraw = True
47.7242 	EXP 	fade_in_text: autoDraw = True
47.7409 	EXP 	fade_in_text: autoDraw = True
47.7576 	EXP 	fade_in_text: autoDraw = True
47.7742 	EXP 	fade_in_text: autoDraw = True
47.7911 	EXP 	fade_in_text: autoDraw = True
47.8076 	EXP 	fade_in_text: autoDraw = True
47.8242 	EXP 	fade_in_text: autoDraw = True
47.8409 	EXP 	fade_in_text: autoDraw = True
47.8576 	EXP 	fade_in_text: autoDraw = True
47.8743 	EXP 	fade_in_text: autoDraw = True
47.8911 	EXP 	fade_in_text: autoDraw = True
47.9076 	EXP 	fade_in_text: autoDraw = True
47.9243 	EXP 	fade_in_text: autoDraw = True
47.9409 	EXP 	fade_in_text: autoDraw = True
47.9576 	EXP 	fade_in_text: autoDraw = True
47.9743 	EXP 	fade_in_text: autoDraw = True
47.9911 	EXP 	fade_in_text: autoDraw = True
48.0077 	EXP 	fade_in_text: autoDraw = True
48.0243 	EXP 	fade_in_text: autoDraw = True
48.0409 	EXP 	fade_in_text: autoDraw = True
48.0576 	EXP 	fade_in_text: autoDraw = True
48.0743 	EXP 	fade_in_text: autoDraw = True
48.0910 	EXP 	fade_in_text: autoDraw = True
48.1076 	EXP 	fade_in_text: autoDraw = True
48.1243 	EXP 	fade_in_text: autoDraw = True
48.1409 	EXP 	fade_in_text: autoDraw = True
48.1576 	EXP 	fade_in_text: autoDraw = True
48.1743 	EXP 	fade_in_text: autoDraw = True
48.1908 	EXP 	fade_in_text: autoDraw = True
48.2076 	EXP 	fade_in_text: autoDraw = True
48.2243 	EXP 	fade_in_text: autoDraw = True
48.2409 	EXP 	fade_in_text: autoDraw = True
48.2576 	EXP 	fade_in_text: autoDraw = True
48.2743 	EXP 	fade_in_text: autoDraw = True
48.2909 	EXP 	fade_in_text: autoDraw = True
48.3076 	EXP 	fade_in_text: autoDraw = True
48.3243 	EXP 	fade_in_text: autoDraw = True
48.3409 	EXP 	fade_in_text: autoDraw = True
48.3576 	EXP 	fade_in_text: autoDraw = True
48.3744 	EXP 	fade_in_text: autoDraw = True
48.3909 	EXP 	fade_in_text: autoDraw = True
48.4076 	EXP 	fade_in_text: autoDraw = True
48.4243 	EXP 	fade_in_text: autoDraw = True
48.4409 	EXP 	fade_in_text: autoDraw = True
48.4576 	EXP 	fade_in_text: autoDraw = True
48.4745 	EXP 	fade_in_text: autoDraw = True
48.4909 	EXP 	fade_in_text: autoDraw = True
48.5076 	EXP 	fade_in_text: autoDraw = True
48.5243 	EXP 	fade_in_text: autoDraw = True
48.5409 	EXP 	fade_in_text: autoDraw = True
48.5576 	EXP 	fade_in_text: autoDraw = True
48.5745 	EXP 	fade_in_text: autoDraw = True
48.5909 	EXP 	fade_in_text: autoDraw = True
48.6076 	EXP 	fade_in_text: autoDraw = True
48.6243 	EXP 	fade_in_text: autoDraw = True
48.6409 	EXP 	fade_in_text: autoDraw = True
48.6576 	EXP 	fade_in_text: autoDraw = True
48.6744 	EXP 	fade_in_text: autoDraw = True
48.6910 	EXP 	fade_in_text: autoDraw = True
48.7077 	EXP 	fade_in_text: autoDraw = True
48.7243 	EXP 	fade_in_text: autoDraw = True
48.7410 	EXP 	fade_in_text: autoDraw = True
48.7576 	EXP 	fade_in_text: autoDraw = True
48.7742 	EXP 	fade_in_text: autoDraw = True
48.7909 	EXP 	fade_in_text: autoDraw = True
48.8076 	EXP 	fade_in_text: autoDraw = True
48.8243 	EXP 	fade_in_text: autoDraw = True
48.8410 	EXP 	fade_in_text: autoDraw = True
48.8576 	EXP 	fade_in_text: autoDraw = True
48.8742 	EXP 	fade_in_text: autoDraw = True
48.8910 	EXP 	fade_in_text: autoDraw = True
48.9078 	EXP 	fade_in_text: autoDraw = True
48.9243 	EXP 	fade_in_text: autoDraw = True
48.9410 	EXP 	fade_in_text: autoDraw = True
48.9577 	EXP 	fade_in_text: autoDraw = True
48.9742 	EXP 	fade_in_text: autoDraw = True
48.9910 	EXP 	fade_in_text: autoDraw = True
49.0077 	EXP 	fade_in_text: autoDraw = True
49.0243 	EXP 	fade_in_text: autoDraw = True
49.0410 	EXP 	fade_in_text: autoDraw = True
49.0578 	EXP 	fade_in_text: autoDraw = True
49.0742 	EXP 	fade_in_text: autoDraw = True
49.0910 	EXP 	fade_in_text: autoDraw = True
49.1078 	EXP 	fade_in_text: autoDraw = True
49.1244 	EXP 	fade_in_text: autoDraw = True
49.1410 	EXP 	fade_in_text: autoDraw = True
49.1578 	EXP 	fade_in_text: autoDraw = True
49.1742 	EXP 	fade_in_text: autoDraw = True
49.1910 	EXP 	fade_in_text: autoDraw = True
49.2078 	EXP 	fade_in_text: autoDraw = True
49.2244 	EXP 	fade_in_text: autoDraw = True
49.2410 	EXP 	fade_in_text: autoDraw = True
49.2578 	EXP 	fade_in_text: autoDraw = True
49.2743 	EXP 	fade_in_text: autoDraw = True
49.2910 	EXP 	fade_in_text: autoDraw = True
49.3078 	EXP 	fade_in_text: autoDraw = True
49.3244 	EXP 	fade_in_text: autoDraw = True
49.3410 	EXP 	fade_in_text: autoDraw = True
49.3577 	EXP 	fade_in_text: autoDraw = True
49.3742 	EXP 	fade_in_text: autoDraw = True
49.3910 	EXP 	fade_in_text: autoDraw = True
49.4078 	EXP 	fade_in_text: autoDraw = True
49.4244 	EXP 	fade_in_text: autoDraw = True
49.4410 	EXP 	fade_in_text: autoDraw = True
49.4576 	EXP 	fade_in_text: autoDraw = True
49.4742 	EXP 	fade_in_text: autoDraw = True
49.4910 	EXP 	fade_in_text: autoDraw = True
49.5078 	EXP 	fade_in_text: autoDraw = True
49.5244 	EXP 	fade_in_text: autoDraw = True
49.5410 	EXP 	fade_in_text: autoDraw = True
49.5576 	EXP 	fade_in_text: autoDraw = True
49.5743 	EXP 	fade_in_text: autoDraw = True
49.5910 	EXP 	fade_in_text: autoDraw = True
49.6077 	EXP 	fade_in_text: autoDraw = True
49.6243 	EXP 	fade_in_text: autoDraw = True
49.6410 	EXP 	fade_in_text: autoDraw = True
49.6576 	EXP 	fade_in_text: autoDraw = True
49.6744 	EXP 	fade_in_text: autoDraw = True
49.6910 	EXP 	fade_in_text: autoDraw = True
49.7078 	EXP 	fade_in_text: autoDraw = True
49.7244 	EXP 	fade_in_text: autoDraw = True
49.7412 	EXP 	fade_in_text: autoDraw = True
49.7576 	EXP 	fade_in_text: autoDraw = True
49.7744 	EXP 	fade_in_text: autoDraw = True
49.7910 	EXP 	fade_in_text: autoDraw = True
49.8078 	EXP 	fade_in_text: autoDraw = True
49.8244 	EXP 	fade_in_text: autoDraw = True
49.8412 	EXP 	fade_in_text: autoDraw = True
49.8576 	EXP 	fade_in_text: autoDraw = True
49.8744 	EXP 	fade_in_text: autoDraw = True
49.8910 	EXP 	fade_in_text: autoDraw = True
49.9078 	EXP 	fade_in_text: autoDraw = True
49.9244 	EXP 	fade_in_text: autoDraw = True
49.9412 	EXP 	fade_in_text: autoDraw = True
49.9576 	EXP 	fade_in_text: autoDraw = True
49.9744 	EXP 	fade_in_text: autoDraw = True
49.9910 	EXP 	fade_in_text: autoDraw = True
50.0079 	EXP 	fade_in_text: autoDraw = True
50.0244 	EXP 	fade_in_text: autoDraw = True
50.0413 	EXP 	fade_in_text: autoDraw = True
50.0577 	EXP 	fade_in_text: autoDraw = True
50.0744 	EXP 	fade_in_text: autoDraw = True
50.0910 	EXP 	fade_in_text: autoDraw = True
50.1078 	EXP 	fade_in_text: autoDraw = True
50.1244 	EXP 	fade_in_text: autoDraw = True
50.1411 	EXP 	fade_in_text: autoDraw = True
50.1576 	EXP 	fade_in_text: autoDraw = True
50.1744 	EXP 	fade_in_text: autoDraw = True
50.1910 	EXP 	fade_in_text: autoDraw = True
50.2077 	EXP 	fade_in_text: autoDraw = True
50.2244 	EXP 	fade_in_text: autoDraw = True
50.2410 	EXP 	fade_in_text: autoDraw = True
50.2576 	EXP 	fade_in_text: autoDraw = True
50.2744 	EXP 	fade_in_text: autoDraw = True
50.2910 	EXP 	fade_in_text: autoDraw = True
50.3077 	EXP 	fade_in_text: autoDraw = True
50.3244 	EXP 	fade_in_text: autoDraw = True
50.3410 	EXP 	fade_in_text: autoDraw = True
50.3577 	EXP 	fade_in_text: autoDraw = True
50.3744 	EXP 	fade_in_text: autoDraw = True
50.3910 	EXP 	fade_in_text: autoDraw = True
50.4077 	EXP 	fade_in_text: autoDraw = True
50.4245 	EXP 	fade_in_text: autoDraw = True
50.4410 	EXP 	fade_in_text: autoDraw = True
50.4577 	EXP 	fade_in_text: autoDraw = True
50.4744 	EXP 	fade_in_text: autoDraw = True
50.4910 	EXP 	fade_in_text: autoDraw = True
50.5077 	EXP 	fade_in_text: autoDraw = True
50.5246 	EXP 	fade_in_text: autoDraw = True
50.5410 	EXP 	fade_in_text: autoDraw = True
50.5577 	EXP 	fade_in_text: autoDraw = True
50.5744 	EXP 	fade_in_text: autoDraw = True
50.5911 	EXP 	fade_in_text: autoDraw = True
50.6077 	EXP 	fade_in_text: autoDraw = True
50.6245 	EXP 	fade_in_text: autoDraw = True
50.6410 	EXP 	fade_in_text: autoDraw = True
50.6577 	EXP 	fade_in_text: autoDraw = True
50.6744 	EXP 	fade_in_text: autoDraw = True
50.6911 	EXP 	fade_in_text: autoDraw = True
50.7077 	EXP 	fade_in_text: autoDraw = True
50.7246 	EXP 	fade_in_text: autoDraw = True
50.7411 	EXP 	fade_in_text: autoDraw = True
50.7577 	EXP 	fade_in_text: autoDraw = True
50.7744 	EXP 	fade_in_text: autoDraw = True
50.7911 	EXP 	fade_in_text: autoDraw = True
50.8077 	EXP 	fade_in_text: autoDraw = True
50.8245 	EXP 	fade_in_text: autoDraw = True
50.8410 	EXP 	fade_in_text: autoDraw = True
50.8577 	EXP 	fade_in_text: autoDraw = True
50.8744 	EXP 	fade_in_text: autoDraw = True
50.8911 	EXP 	fade_in_text: autoDraw = True
50.9078 	EXP 	fade_in_text: autoDraw = True
50.9244 	EXP 	fade_in_text: autoDraw = True
50.9410 	EXP 	fade_in_text: autoDraw = True
50.9577 	EXP 	fade_in_text: autoDraw = True
50.9744 	EXP 	fade_in_text: autoDraw = True
50.9911 	EXP 	fade_in_text: autoDraw = True
51.0077 	EXP 	fade_in_text: autoDraw = True
51.0244 	EXP 	fade_in_text: autoDraw = True
51.0410 	EXP 	fade_in_text: autoDraw = True
51.0577 	EXP 	fade_in_text: autoDraw = True
51.0744 	EXP 	fade_in_text: autoDraw = True
51.0911 	EXP 	fade_in_text: autoDraw = True
51.1079 	EXP 	fade_in_text: autoDraw = True
51.1244 	EXP 	fade_in_text: autoDraw = True
51.1411 	EXP 	fade_in_text: autoDraw = True
51.1578 	EXP 	fade_in_text: autoDraw = True
51.1744 	EXP 	fade_in_text: autoDraw = True
51.1911 	EXP 	fade_in_text: autoDraw = True
51.2079 	EXP 	fade_in_text: autoDraw = True
51.2244 	EXP 	fade_in_text: autoDraw = True
51.2411 	EXP 	fade_in_text: autoDraw = True
51.2578 	EXP 	fade_in_text: autoDraw = True
51.2744 	EXP 	fade_in_text: autoDraw = True
51.2911 	EXP 	fade_in_text: autoDraw = True
51.3079 	EXP 	fade_in_text: autoDraw = True
51.3244 	EXP 	fade_in_text: autoDraw = True
51.3411 	EXP 	fade_in_text: autoDraw = True
51.3578 	EXP 	fade_in_text: autoDraw = True
51.3744 	EXP 	fade_in_text: autoDraw = True
51.3911 	EXP 	fade_in_text: autoDraw = True
51.4079 	EXP 	fade_in_text: autoDraw = True
51.4244 	EXP 	fade_in_text: autoDraw = True
51.4411 	EXP 	fade_in_text: autoDraw = True
51.4578 	EXP 	fade_in_text: autoDraw = True
51.4744 	EXP 	fade_in_text: autoDraw = True
51.4911 	EXP 	fade_in_text: autoDraw = True
51.5078 	EXP 	fade_in_text: autoDraw = True
51.5244 	EXP 	fade_in_text: autoDraw = True
51.5411 	EXP 	fade_in_text: autoDraw = True
51.5578 	EXP 	fade_in_text: autoDraw = True
51.5744 	EXP 	fade_in_text: autoDraw = True
51.5911 	EXP 	fade_in_text: autoDraw = True
51.6077 	EXP 	fade_in_text: autoDraw = True
51.6244 	EXP 	fade_in_text: autoDraw = True
51.6411 	EXP 	fade_in_text: autoDraw = True
51.6578 	EXP 	fade_in_text: autoDraw = True
51.6744 	EXP 	fade_in_text: autoDraw = True
51.6911 	EXP 	fade_in_text: autoDraw = True
51.7078 	EXP 	fade_in_text: autoDraw = True
51.7245 	EXP 	fade_in_text: autoDraw = True
51.7411 	EXP 	fade_in_text: autoDraw = True
51.7578 	EXP 	fade_in_text: autoDraw = True
51.7745 	EXP 	fade_in_text: autoDraw = True
51.7913 	EXP 	fade_in_text: autoDraw = True
51.8077 	EXP 	fade_in_text: autoDraw = True
51.8245 	EXP 	fade_in_text: autoDraw = True
51.8411 	EXP 	fade_in_text: autoDraw = True
51.8578 	EXP 	fade_in_text: autoDraw = True
51.8745 	EXP 	fade_in_text: autoDraw = True
51.8913 	EXP 	fade_in_text: autoDraw = True
51.9078 	EXP 	fade_in_text: autoDraw = True
51.9245 	EXP 	fade_in_text: autoDraw = True
51.9411 	EXP 	fade_in_text: autoDraw = True
51.9578 	EXP 	fade_in_text: autoDraw = True
51.9745 	EXP 	fade_in_text: autoDraw = True
51.9913 	EXP 	fade_in_text: autoDraw = True
52.0078 	EXP 	fade_in_text: autoDraw = True
52.0245 	EXP 	fade_in_text: autoDraw = True
52.0411 	EXP 	fade_in_text: autoDraw = True
52.0578 	EXP 	fade_in_text: autoDraw = True
52.0745 	EXP 	fade_in_text: autoDraw = True
52.0913 	EXP 	fade_in_text: autoDraw = True
52.1078 	EXP 	fade_in_text: autoDraw = True
52.1245 	EXP 	fade_in_text: autoDraw = True
52.1411 	EXP 	fade_in_text: autoDraw = True
52.1578 	EXP 	fade_in_text: autoDraw = True
52.1745 	EXP 	fade_in_text: autoDraw = True
52.1913 	EXP 	fade_in_text: autoDraw = True
52.2077 	EXP 	fade_in_text: autoDraw = True
52.2245 	EXP 	fade_in_text: autoDraw = True
52.2411 	EXP 	fade_in_text: autoDraw = True
52.2578 	EXP 	fade_in_text: autoDraw = True
52.2745 	EXP 	fade_in_text: autoDraw = True
52.2911 	EXP 	fade_in_text: autoDraw = True
52.3078 	EXP 	fade_in_text: autoDraw = True
52.3245 	EXP 	fade_in_text: autoDraw = True
52.3412 	EXP 	fade_in_text: autoDraw = True
52.3578 	EXP 	fade_in_text: autoDraw = True
52.3745 	EXP 	fade_in_text: autoDraw = True
52.3911 	EXP 	fade_in_text: autoDraw = True
52.4078 	EXP 	fade_in_text: autoDraw = True
52.4245 	EXP 	fade_in_text: autoDraw = True
52.4412 	EXP 	fade_in_text: autoDraw = True
52.4578 	EXP 	fade_in_text: autoDraw = True
52.4747 	EXP 	fade_in_text: autoDraw = True
52.4911 	EXP 	fade_in_text: autoDraw = True
52.5079 	EXP 	fade_in_text: autoDraw = True
52.5246 	EXP 	fade_in_text: autoDraw = True
52.5412 	EXP 	fade_in_text: autoDraw = True
52.5578 	EXP 	fade_in_text: autoDraw = True
52.5747 	EXP 	fade_in_text: autoDraw = True
52.5911 	EXP 	fade_in_text: autoDraw = True
52.6078 	EXP 	fade_in_text: autoDraw = True
52.6245 	EXP 	fade_in_text: autoDraw = True
52.6412 	EXP 	fade_in_text: autoDraw = True
52.6578 	EXP 	fade_in_text: autoDraw = True
52.6747 	EXP 	fade_in_text: autoDraw = True
52.6912 	EXP 	fade_in_text: autoDraw = True
52.7079 	EXP 	fade_in_text: autoDraw = True
52.7245 	EXP 	fade_in_text: autoDraw = True
52.7412 	EXP 	fade_in_text: autoDraw = True
52.7578 	EXP 	fade_in_text: autoDraw = True
52.7746 	EXP 	fade_in_text: autoDraw = True
52.7911 	EXP 	fade_in_text: autoDraw = True
52.8078 	EXP 	fade_in_text: autoDraw = True
52.8245 	EXP 	fade_in_text: autoDraw = True
52.8412 	EXP 	fade_in_text: autoDraw = True
52.8579 	EXP 	fade_in_text: autoDraw = True
52.8745 	EXP 	fade_in_text: autoDraw = True
52.8911 	EXP 	fade_in_text: autoDraw = True
52.9079 	EXP 	fade_in_text: autoDraw = True
52.9245 	EXP 	fade_in_text: autoDraw = True
52.9412 	EXP 	fade_in_text: autoDraw = True
52.9578 	EXP 	fade_in_text: autoDraw = True
52.9744 	EXP 	fade_in_text: autoDraw = True
52.9911 	EXP 	fade_in_text: autoDraw = True
53.0078 	EXP 	fade_in_text: autoDraw = True
53.0245 	EXP 	fade_in_text: autoDraw = True
53.0412 	EXP 	fade_in_text: autoDraw = True
53.0578 	EXP 	fade_in_text: autoDraw = True
53.0744 	EXP 	fade_in_text: autoDraw = True
53.0912 	EXP 	fade_in_text: autoDraw = True
53.1079 	EXP 	fade_in_text: autoDraw = True
53.1245 	EXP 	fade_in_text: autoDraw = True
53.1412 	EXP 	fade_in_text: autoDraw = True
53.1580 	EXP 	fade_in_text: autoDraw = True
53.1744 	EXP 	fade_in_text: autoDraw = True
53.1912 	EXP 	fade_in_text: autoDraw = True
53.2079 	EXP 	fade_in_text: autoDraw = True
53.2245 	EXP 	fade_in_text: autoDraw = True
53.2412 	EXP 	fade_in_text: autoDraw = True
53.2580 	EXP 	fade_in_text: autoDraw = True
53.2745 	EXP 	fade_in_text: autoDraw = True
53.2912 	EXP 	fade_in_text: autoDraw = True
53.3079 	EXP 	fade_in_text: autoDraw = True
53.3245 	EXP 	fade_in_text: autoDraw = True
53.3412 	EXP 	fade_in_text: autoDraw = True
53.3580 	EXP 	fade_in_text: autoDraw = True
53.3745 	EXP 	fade_in_text: autoDraw = True
53.3912 	EXP 	fade_in_text: autoDraw = True
53.4079 	EXP 	fade_in_text: autoDraw = True
53.4246 	EXP 	fade_in_text: autoDraw = True
53.4412 	EXP 	fade_in_text: autoDraw = True
53.4581 	EXP 	fade_in_text: autoDraw = True
53.4745 	EXP 	fade_in_text: autoDraw = True
53.4912 	EXP 	fade_in_text: autoDraw = True
53.5079 	EXP 	fade_in_text: autoDraw = True
53.5246 	EXP 	fade_in_text: autoDraw = True
53.5412 	EXP 	fade_in_text: autoDraw = True
53.5579 	EXP 	fade_in_text: autoDraw = True
53.5745 	EXP 	fade_in_text: autoDraw = True
53.5912 	EXP 	fade_in_text: autoDraw = True
53.6079 	EXP 	fade_in_text: autoDraw = True
53.6246 	EXP 	fade_in_text: autoDraw = True
53.6412 	EXP 	fade_in_text: autoDraw = True
53.6578 	EXP 	fade_in_text: autoDraw = True
53.6745 	EXP 	fade_in_text: autoDraw = True
53.6912 	EXP 	fade_in_text: autoDraw = True
53.7079 	EXP 	fade_in_text: autoDraw = True
53.7247 	EXP 	fade_in_text: autoDraw = True
53.7412 	EXP 	fade_in_text: autoDraw = True
53.7578 	EXP 	fade_in_text: autoDraw = True
53.7745 	EXP 	fade_in_text: autoDraw = True
53.7912 	EXP 	fade_in_text: autoDraw = True
53.8079 	EXP 	fade_in_text: autoDraw = True
53.8247 	EXP 	fade_in_text: autoDraw = True
53.8413 	EXP 	fade_in_text: autoDraw = True
53.8578 	EXP 	fade_in_text: autoDraw = True
53.8746 	EXP 	fade_in_text: autoDraw = True
53.8912 	EXP 	fade_in_text: autoDraw = True
53.9079 	EXP 	fade_in_text: autoDraw = True
53.9246 	EXP 	fade_in_text: autoDraw = True
53.9414 	EXP 	fade_in_text: autoDraw = True
53.9578 	EXP 	fade_in_text: autoDraw = True
53.9746 	EXP 	fade_in_text: autoDraw = True
53.9912 	EXP 	fade_in_text: autoDraw = True
54.0079 	EXP 	fade_in_text: autoDraw = True
54.0246 	EXP 	fade_in_text: autoDraw = True
54.0414 	EXP 	fade_in_text: autoDraw = True
54.0578 	EXP 	fade_in_text: autoDraw = True
54.0746 	EXP 	fade_in_text: autoDraw = True
54.0912 	EXP 	fade_in_text: autoDraw = True
54.1079 	EXP 	fade_in_text: autoDraw = True
54.1246 	EXP 	fade_in_text: autoDraw = True
54.1414 	EXP 	fade_in_text: autoDraw = True
54.1579 	EXP 	fade_in_text: autoDraw = True
54.1746 	EXP 	fade_in_text: autoDraw = True
54.1912 	EXP 	fade_in_text: autoDraw = True
54.2079 	EXP 	fade_in_text: autoDraw = True
54.2246 	EXP 	fade_in_text: autoDraw = True
54.2414 	EXP 	fade_in_text: autoDraw = True
54.2578 	EXP 	fade_in_text: autoDraw = True
54.2746 	EXP 	fade_in_text: autoDraw = True
54.2913 	EXP 	fade_in_text: autoDraw = True
54.3079 	EXP 	fade_in_text: autoDraw = True
54.3246 	EXP 	fade_in_text: autoDraw = True
54.3412 	EXP 	fade_in_text: autoDraw = True
54.3578 	EXP 	fade_in_text: autoDraw = True
54.3746 	EXP 	fade_in_text: autoDraw = True
54.3913 	EXP 	fade_in_text: autoDraw = True
54.4079 	EXP 	fade_in_text: autoDraw = True
54.4246 	EXP 	fade_in_text: autoDraw = True
54.4413 	EXP 	fade_in_text: autoDraw = True
54.4578 	EXP 	fade_in_text: autoDraw = True
54.4746 	EXP 	fade_in_text: autoDraw = True
54.4913 	EXP 	fade_in_text: autoDraw = True
54.5079 	EXP 	fade_in_text: autoDraw = True
54.5246 	EXP 	fade_in_text: autoDraw = True
54.5413 	EXP 	fade_in_text: autoDraw = True
54.5579 	EXP 	fade_in_text: autoDraw = True
54.5746 	EXP 	fade_in_text: autoDraw = True
54.5913 	EXP 	fade_in_text: autoDraw = True
54.6079 	EXP 	fade_in_text: autoDraw = True
54.6247 	EXP 	fade_in_text: autoDraw = True
54.6413 	EXP 	fade_in_text: autoDraw = True
54.6579 	EXP 	fade_in_text: autoDraw = True
54.6746 	EXP 	fade_in_text: autoDraw = True
54.6913 	EXP 	fade_in_text: autoDraw = True
54.7079 	EXP 	fade_in_text: autoDraw = True
54.7248 	EXP 	fade_in_text: autoDraw = True
54.7413 	EXP 	fade_in_text: autoDraw = True
54.7579 	EXP 	fade_in_text: autoDraw = True
54.7746 	EXP 	fade_in_text: autoDraw = True
54.7913 	EXP 	fade_in_text: autoDraw = True
54.8080 	EXP 	fade_in_text: autoDraw = True
54.8248 	EXP 	fade_in_text: autoDraw = True
54.8414 	EXP 	fade_in_text: autoDraw = True
54.8579 	EXP 	fade_in_text: autoDraw = True
54.8746 	EXP 	fade_in_text: autoDraw = True
54.8913 	EXP 	fade_in_text: autoDraw = True
54.9080 	EXP 	fade_in_text: autoDraw = True
54.9249 	EXP 	fade_in_text: autoDraw = True
54.9413 	EXP 	fade_in_text: autoDraw = True
54.9580 	EXP 	fade_in_text: autoDraw = True
54.9746 	EXP 	fade_in_text: autoDraw = True
54.9913 	EXP 	fade_in_text: autoDraw = True
55.0080 	EXP 	fade_in_text: autoDraw = True
55.0245 	EXP 	fade_in_text: autoDraw = True
55.0413 	EXP 	fade_in_text: autoDraw = True
55.0580 	EXP 	fade_in_text: autoDraw = True
55.0746 	EXP 	fade_in_text: autoDraw = True
55.0913 	EXP 	fade_in_text: autoDraw = True
55.1080 	EXP 	fade_in_text: autoDraw = True
55.1246 	EXP 	fade_in_text: autoDraw = True
55.1413 	EXP 	fade_in_text: autoDraw = True
55.1580 	EXP 	fade_in_text: autoDraw = True
55.1746 	EXP 	fade_in_text: autoDraw = True
55.1913 	EXP 	fade_in_text: autoDraw = True
55.2080 	EXP 	fade_in_text: autoDraw = True
55.2246 	EXP 	fade_in_text: autoDraw = True
55.2413 	EXP 	fade_in_text: autoDraw = True
55.2580 	EXP 	fade_in_text: autoDraw = True
55.2746 	EXP 	fade_in_text: autoDraw = True
55.2913 	EXP 	fade_in_text: autoDraw = True
55.3081 	EXP 	fade_in_text: autoDraw = True
55.3246 	EXP 	fade_in_text: autoDraw = True
55.3413 	EXP 	fade_in_text: autoDraw = True
55.3580 	EXP 	fade_in_text: autoDraw = True
55.3746 	EXP 	fade_in_text: autoDraw = True
55.3913 	EXP 	fade_in_text: autoDraw = True
55.4082 	EXP 	fade_in_text: autoDraw = True
55.4246 	EXP 	fade_in_text: autoDraw = True
55.4413 	EXP 	fade_in_text: autoDraw = True
55.4580 	EXP 	fade_in_text: autoDraw = True
55.4747 	EXP 	fade_in_text: autoDraw = True
55.4913 	EXP 	fade_in_text: autoDraw = True
55.5082 	EXP 	fade_in_text: autoDraw = True
55.5247 	EXP 	fade_in_text: autoDraw = True
55.5413 	EXP 	fade_in_text: autoDraw = True
55.5580 	EXP 	fade_in_text: autoDraw = True
55.5746 	EXP 	fade_in_text: autoDraw = True
55.5913 	EXP 	fade_in_text: autoDraw = True
55.6081 	EXP 	fade_in_text: autoDraw = True
55.6246 	EXP 	fade_in_text: autoDraw = True
55.6413 	EXP 	fade_in_text: autoDraw = True
55.6580 	EXP 	fade_in_text: autoDraw = True
55.6747 	EXP 	fade_in_text: autoDraw = True
55.6913 	EXP 	fade_in_text: autoDraw = True
55.7080 	EXP 	fade_in_text: autoDraw = True
55.7247 	EXP 	fade_in_text: autoDraw = True
55.7413 	EXP 	fade_in_text: autoDraw = True
55.7580 	EXP 	fade_in_text: autoDraw = True
55.7747 	EXP 	fade_in_text: autoDraw = True
55.7913 	EXP 	fade_in_text: autoDraw = True
55.8079 	EXP 	fade_in_text: autoDraw = True
55.8246 	EXP 	fade_in_text: autoDraw = True
55.8413 	EXP 	fade_in_text: autoDraw = True
55.8580 	EXP 	fade_in_text: autoDraw = True
55.8747 	EXP 	fade_in_text: autoDraw = True
55.8913 	EXP 	fade_in_text: autoDraw = True
55.9079 	EXP 	fade_in_text: autoDraw = True
55.9247 	EXP 	fade_in_text: autoDraw = True
55.9414 	EXP 	fade_in_text: autoDraw = True
55.9580 	EXP 	fade_in_text: autoDraw = True
55.9747 	EXP 	fade_in_text: autoDraw = True
55.9915 	EXP 	fade_in_text: autoDraw = True
56.0079 	EXP 	fade_in_text: autoDraw = True
56.0247 	EXP 	fade_in_text: autoDraw = True
56.0414 	EXP 	fade_in_text: autoDraw = True
56.0580 	EXP 	fade_in_text: autoDraw = True
56.0747 	EXP 	fade_in_text: autoDraw = True
56.0915 	EXP 	fade_in_text: autoDraw = True
56.1079 	EXP 	fade_in_text: autoDraw = True
56.1247 	EXP 	fade_in_text: autoDraw = True
56.1414 	EXP 	fade_in_text: autoDraw = True
56.1580 	EXP 	fade_in_text: autoDraw = True
56.1747 	EXP 	fade_in_text: autoDraw = True
56.1915 	EXP 	fade_in_text: autoDraw = True
56.2079 	EXP 	fade_in_text: autoDraw = True
56.2247 	EXP 	fade_in_text: autoDraw = True
56.2414 	EXP 	fade_in_text: autoDraw = True
56.2578 	EXP 	fade_in_text: autoDraw = True
56.2746 	EXP 	fade_in_text: autoDraw = True
56.2913 	EXP 	fade_in_text: autoDraw = True
56.3078 	EXP 	fade_in_text: autoDraw = True
56.3247 	EXP 	fade_in_text: autoDraw = True
56.3412 	EXP 	fade_in_text: autoDraw = True
56.3579 	EXP 	fade_in_text: autoDraw = True
56.3746 	EXP 	fade_in_text: autoDraw = True
56.3911 	EXP 	fade_in_text: autoDraw = True
56.4078 	EXP 	fade_in_text: autoDraw = True
56.4245 	EXP 	fade_in_text: autoDraw = True
56.4412 	EXP 	fade_in_text: autoDraw = True
56.4579 	EXP 	fade_in_text: autoDraw = True
56.4746 	EXP 	fade_in_text: autoDraw = True
56.4911 	EXP 	fade_in_text: autoDraw = True
56.5078 	EXP 	fade_in_text: autoDraw = True
56.5246 	EXP 	fade_in_text: autoDraw = True
56.5412 	EXP 	fade_in_text: autoDraw = True
56.5579 	EXP 	fade_in_text: autoDraw = True
56.5746 	EXP 	fade_in_text: autoDraw = True
56.5912 	EXP 	fade_in_text: autoDraw = True
56.6078 	EXP 	fade_in_text: autoDraw = True
56.6245 	EXP 	fade_in_text: autoDraw = True
56.6412 	EXP 	fade_in_text: autoDraw = True
56.6579 	EXP 	fade_in_text: autoDraw = True
56.6746 	EXP 	fade_in_text: autoDraw = True
56.6912 	EXP 	fade_in_text: autoDraw = True
56.7078 	EXP 	fade_in_text: autoDraw = True
56.7245 	EXP 	fade_in_text: autoDraw = True
56.7412 	EXP 	fade_in_text: autoDraw = True
56.7579 	EXP 	fade_in_text: autoDraw = True
56.7747 	EXP 	fade_in_text: autoDraw = True
56.7912 	EXP 	fade_in_text: autoDraw = True
56.8078 	EXP 	fade_in_text: autoDraw = True
56.8245 	EXP 	fade_in_text: autoDraw = True
56.8412 	EXP 	fade_in_text: autoDraw = True
56.8579 	EXP 	fade_in_text: autoDraw = True
56.8747 	EXP 	fade_in_text: autoDraw = True
56.8912 	EXP 	fade_in_text: autoDraw = True
56.9078 	EXP 	fade_in_text: autoDraw = True
56.9245 	EXP 	fade_in_text: autoDraw = True
56.9413 	EXP 	fade_in_text: autoDraw = True
56.9579 	EXP 	fade_in_text: autoDraw = True
56.9747 	EXP 	fade_in_text: autoDraw = True
56.9912 	EXP 	fade_in_text: autoDraw = True
57.0078 	EXP 	fade_in_text: autoDraw = True
57.0245 	EXP 	fade_in_text: autoDraw = True
57.0413 	EXP 	fade_in_text: autoDraw = True
57.0579 	EXP 	fade_in_text: autoDraw = True
57.0748 	EXP 	fade_in_text: autoDraw = True
57.0912 	EXP 	fade_in_text: autoDraw = True
57.1078 	EXP 	fade_in_text: autoDraw = True
57.1245 	EXP 	fade_in_text: autoDraw = True
57.1413 	EXP 	fade_in_text: autoDraw = True
57.1579 	EXP 	fade_in_text: autoDraw = True
57.1745 	EXP 	fade_in_text: autoDraw = True
57.1912 	EXP 	fade_in_text: autoDraw = True
57.2078 	EXP 	fade_in_text: autoDraw = True
57.2245 	EXP 	fade_in_text: autoDraw = True
57.2413 	EXP 	fade_in_text: autoDraw = True
57.2579 	EXP 	fade_in_text: autoDraw = True
57.2745 	EXP 	fade_in_text: autoDraw = True
57.2912 	EXP 	fade_in_text: autoDraw = True
57.3079 	EXP 	fade_in_text: autoDraw = True
57.3245 	EXP 	fade_in_text: autoDraw = True
57.3413 	EXP 	fade_in_text: autoDraw = True
57.3579 	EXP 	fade_in_text: autoDraw = True
57.3745 	EXP 	fade_in_text: autoDraw = True
57.3912 	EXP 	fade_in_text: autoDraw = True
57.4079 	EXP 	fade_in_text: autoDraw = True
57.4245 	EXP 	fade_in_text: autoDraw = True
57.4413 	EXP 	fade_in_text: autoDraw = True
57.4579 	EXP 	fade_in_text: autoDraw = True
57.4745 	EXP 	fade_in_text: autoDraw = True
57.4912 	EXP 	fade_in_text: autoDraw = True
57.5079 	EXP 	fade_in_text: autoDraw = True
57.5245 	EXP 	fade_in_text: autoDraw = True
57.5413 	EXP 	fade_in_text: autoDraw = True
57.5580 	EXP 	fade_in_text: autoDraw = True
57.5745 	EXP 	fade_in_text: autoDraw = True
57.5912 	EXP 	fade_in_text: autoDraw = True
57.6079 	EXP 	fade_in_text: autoDraw = True
57.6246 	EXP 	fade_in_text: autoDraw = True
57.6414 	EXP 	fade_in_text: autoDraw = True
57.6580 	EXP 	fade_in_text: autoDraw = True
57.6746 	EXP 	fade_in_text: autoDraw = True
57.6912 	EXP 	fade_in_text: autoDraw = True
57.7079 	EXP 	fade_in_text: autoDraw = True
57.7246 	EXP 	fade_in_text: autoDraw = True
57.7413 	EXP 	fade_in_text: autoDraw = True
57.7580 	EXP 	fade_in_text: autoDraw = True
57.7745 	EXP 	fade_in_text: autoDraw = True
57.7912 	EXP 	fade_in_text: autoDraw = True
57.8079 	EXP 	fade_in_text: autoDraw = True
57.8246 	EXP 	fade_in_text: autoDraw = True
57.8413 	EXP 	fade_in_text: autoDraw = True
57.8579 	EXP 	fade_in_text: autoDraw = True
57.8746 	EXP 	fade_in_text: autoDraw = True
57.8912 	EXP 	fade_in_text: autoDraw = True
57.9079 	EXP 	fade_in_text: autoDraw = True
57.9246 	EXP 	fade_in_text: autoDraw = True
57.9413 	EXP 	fade_in_text: autoDraw = True
57.9579 	EXP 	fade_in_text: autoDraw = True
57.9746 	EXP 	fade_in_text: autoDraw = True
57.9912 	EXP 	fade_in_text: autoDraw = True
58.0079 	EXP 	fade_in_text: autoDraw = True
58.0246 	EXP 	fade_in_text: autoDraw = True
58.0413 	EXP 	fade_in_text: autoDraw = True
58.0579 	EXP 	fade_in_text: autoDraw = True
58.0746 	EXP 	fade_in_text: autoDraw = True
58.0912 	EXP 	fade_in_text: autoDraw = True
58.1079 	EXP 	fade_in_text: autoDraw = True
58.1246 	EXP 	fade_in_text: autoDraw = True
58.1413 	EXP 	fade_in_text: autoDraw = True
58.1579 	EXP 	fade_in_text: autoDraw = True
58.1746 	EXP 	fade_in_text: autoDraw = True
58.1912 	EXP 	fade_in_text: autoDraw = True
58.2079 	EXP 	fade_in_text: autoDraw = True
58.2247 	EXP 	fade_in_text: autoDraw = True
58.2414 	EXP 	fade_in_text: autoDraw = True
58.2579 	EXP 	fade_in_text: autoDraw = True
58.2746 	EXP 	fade_in_text: autoDraw = True
58.2912 	EXP 	fade_in_text: autoDraw = True
58.3080 	EXP 	fade_in_text: autoDraw = True
58.3247 	EXP 	fade_in_text: autoDraw = True
58.3414 	EXP 	fade_in_text: autoDraw = True
58.3579 	EXP 	fade_in_text: autoDraw = True
58.3746 	EXP 	fade_in_text: autoDraw = True
58.3912 	EXP 	fade_in_text: autoDraw = True
58.4080 	EXP 	fade_in_text: autoDraw = True
58.4247 	EXP 	fade_in_text: autoDraw = True
58.4414 	EXP 	fade_in_text: autoDraw = True
58.4579 	EXP 	fade_in_text: autoDraw = True
58.4746 	EXP 	fade_in_text: autoDraw = True
58.4913 	EXP 	fade_in_text: autoDraw = True
58.5080 	EXP 	fade_in_text: autoDraw = True
58.5247 	EXP 	fade_in_text: autoDraw = True
58.5413 	EXP 	fade_in_text: autoDraw = True
58.5579 	EXP 	fade_in_text: autoDraw = True
58.5746 	EXP 	fade_in_text: autoDraw = True
58.5913 	EXP 	fade_in_text: autoDraw = True
58.6080 	EXP 	fade_in_text: autoDraw = True
58.6247 	EXP 	fade_in_text: autoDraw = True
58.6413 	EXP 	fade_in_text: autoDraw = True
58.6579 	EXP 	fade_in_text: autoDraw = True
58.6746 	EXP 	fade_in_text: autoDraw = True
58.6913 	EXP 	fade_in_text: autoDraw = True
58.7080 	EXP 	fade_in_text: autoDraw = True
58.7247 	EXP 	fade_in_text: autoDraw = True
58.7413 	EXP 	fade_in_text: autoDraw = True
58.7579 	EXP 	fade_in_text: autoDraw = True
58.7746 	EXP 	fade_in_text: autoDraw = True
58.7913 	EXP 	fade_in_text: autoDraw = True
58.8080 	EXP 	fade_in_text: autoDraw = True
58.8247 	EXP 	fade_in_text: autoDraw = True
58.8413 	EXP 	fade_in_text: autoDraw = True
58.8579 	EXP 	fade_in_text: autoDraw = True
58.8746 	EXP 	fade_in_text: autoDraw = True
58.8913 	EXP 	fade_in_text: autoDraw = True
58.9080 	EXP 	fade_in_text: autoDraw = True
58.9248 	EXP 	fade_in_text: autoDraw = True
58.9413 	EXP 	fade_in_text: autoDraw = True
58.9579 	EXP 	fade_in_text: autoDraw = True
58.9746 	EXP 	fade_in_text: autoDraw = True
58.9914 	EXP 	fade_in_text: autoDraw = True
59.0080 	EXP 	fade_in_text: autoDraw = True
59.0248 	EXP 	fade_in_text: autoDraw = True
59.0413 	EXP 	fade_in_text: autoDraw = True
59.0580 	EXP 	fade_in_text: autoDraw = True
59.0746 	EXP 	fade_in_text: autoDraw = True
59.0914 	EXP 	fade_in_text: autoDraw = True
59.1080 	EXP 	fade_in_text: autoDraw = True
59.1248 	EXP 	fade_in_text: autoDraw = True
59.1414 	EXP 	fade_in_text: autoDraw = True
59.1580 	EXP 	fade_in_text: autoDraw = True
59.1746 	EXP 	fade_in_text: autoDraw = True
59.1914 	EXP 	fade_in_text: autoDraw = True
59.2080 	EXP 	fade_in_text: autoDraw = True
59.2247 	EXP 	fade_in_text: autoDraw = True
59.2413 	EXP 	fade_in_text: autoDraw = True
59.2580 	EXP 	fade_in_text: autoDraw = True
59.2746 	EXP 	fade_in_text: autoDraw = True
59.2914 	EXP 	fade_in_text: autoDraw = True
59.3080 	EXP 	fade_in_text: autoDraw = True
59.3246 	EXP 	fade_in_text: autoDraw = True
59.3414 	EXP 	fade_in_text: autoDraw = True
59.3580 	EXP 	fade_in_text: autoDraw = True
59.3746 	EXP 	fade_in_text: autoDraw = True
59.3914 	EXP 	fade_in_text: autoDraw = True
59.4080 	EXP 	fade_in_text: autoDraw = True
59.4246 	EXP 	fade_in_text: autoDraw = True
59.4413 	EXP 	fade_in_text: autoDraw = True
59.4580 	EXP 	fade_in_text: autoDraw = True
59.4746 	EXP 	fade_in_text: autoDraw = True
59.4914 	EXP 	fade_in_text: autoDraw = True
59.5081 	EXP 	fade_in_text: autoDraw = True
59.5246 	EXP 	fade_in_text: autoDraw = True
59.5414 	EXP 	fade_in_text: autoDraw = True
59.5580 	EXP 	fade_in_text: autoDraw = True
59.5747 	EXP 	fade_in_text: autoDraw = True
59.5914 	EXP 	fade_in_text: autoDraw = True
59.6082 	EXP 	fade_in_text: autoDraw = True
59.6246 	EXP 	fade_in_text: autoDraw = True
59.6413 	EXP 	fade_in_text: autoDraw = True
59.6580 	EXP 	fade_in_text: autoDraw = True
59.6747 	EXP 	fade_in_text: autoDraw = True
59.6914 	EXP 	fade_in_text: autoDraw = True
59.7082 	EXP 	fade_in_text: autoDraw = True
59.7246 	EXP 	fade_in_text: autoDraw = True
59.7414 	EXP 	fade_in_text: autoDraw = True
59.7580 	EXP 	fade_in_text: autoDraw = True
59.7747 	EXP 	fade_in_text: autoDraw = True
59.7914 	EXP 	fade_in_text: autoDraw = True
59.8082 	EXP 	fade_in_text: autoDraw = True
59.8247 	EXP 	fade_in_text: autoDraw = True
59.8413 	EXP 	fade_in_text: autoDraw = True
59.8581 	EXP 	fade_in_text: autoDraw = True
59.8747 	EXP 	fade_in_text: autoDraw = True
59.8914 	EXP 	fade_in_text: autoDraw = True
59.9080 	EXP 	fade_in_text: autoDraw = True
59.9247 	EXP 	fade_in_text: autoDraw = True
59.9414 	EXP 	fade_in_text: autoDraw = True
59.9581 	EXP 	fade_in_text: autoDraw = True
59.9748 	EXP 	fade_in_text: autoDraw = True
59.9914 	EXP 	fade_in_text: autoDraw = True
60.0080 	EXP 	fade_in_text: autoDraw = True
60.0247 	EXP 	fade_in_text: autoDraw = True
60.0413 	EXP 	fade_in_text: autoDraw = True
60.0581 	EXP 	fade_in_text: autoDraw = True
60.0748 	EXP 	fade_in_text: autoDraw = True
60.0914 	EXP 	fade_in_text: autoDraw = True
60.1080 	EXP 	fade_in_text: autoDraw = True
60.1247 	EXP 	fade_in_text: autoDraw = True
60.1414 	EXP 	fade_in_text: autoDraw = True
60.1581 	EXP 	fade_in_text: autoDraw = True
60.1748 	EXP 	fade_in_text: autoDraw = True
60.1914 	EXP 	fade_in_text: autoDraw = True
60.2080 	EXP 	fade_in_text: autoDraw = True
60.2247 	EXP 	fade_in_text: autoDraw = True
60.2413 	EXP 	fade_in_text: autoDraw = True
60.2581 	EXP 	fade_in_text: autoDraw = True
60.2748 	EXP 	fade_in_text: autoDraw = True
60.2915 	EXP 	fade_in_text: autoDraw = True
60.3080 	EXP 	fade_in_text: autoDraw = True
60.3247 	EXP 	fade_in_text: autoDraw = True
60.3415 	EXP 	fade_in_text: autoDraw = True
60.3581 	EXP 	fade_in_text: autoDraw = True
60.3748 	EXP 	fade_in_text: autoDraw = True
60.3915 	EXP 	fade_in_text: autoDraw = True
60.4080 	EXP 	fade_in_text: autoDraw = True
60.4247 	EXP 	fade_in_text: autoDraw = True
60.4414 	EXP 	fade_in_text: autoDraw = True
60.4581 	EXP 	fade_in_text: autoDraw = True
60.4748 	EXP 	fade_in_text: autoDraw = True
60.4916 	EXP 	fade_in_text: autoDraw = True
60.5080 	EXP 	fade_in_text: autoDraw = True
60.5247 	EXP 	fade_in_text: autoDraw = True
60.5414 	EXP 	fade_in_text: autoDraw = True
60.5581 	EXP 	fade_in_text: autoDraw = True
60.5748 	EXP 	fade_in_text: autoDraw = True
60.5914 	EXP 	fade_in_text: autoDraw = True
60.6080 	EXP 	fade_in_text: autoDraw = True
60.6247 	EXP 	fade_in_text: autoDraw = True
60.6414 	EXP 	fade_in_text: autoDraw = True
60.6581 	EXP 	fade_in_text: autoDraw = True
60.6748 	EXP 	fade_in_text: autoDraw = True
60.6914 	EXP 	fade_in_text: autoDraw = True
60.7080 	EXP 	fade_in_text: autoDraw = True
60.7247 	EXP 	fade_in_text: autoDraw = True
60.7414 	EXP 	fade_in_text: autoDraw = True
60.7581 	EXP 	fade_in_text: autoDraw = True
60.7748 	EXP 	fade_in_text: autoDraw = True
60.7914 	EXP 	fade_in_text: autoDraw = True
60.8080 	EXP 	fade_in_text: autoDraw = True
60.8247 	EXP 	fade_in_text: autoDraw = True
60.8414 	EXP 	fade_in_text: autoDraw = True
60.8581 	EXP 	fade_in_text: autoDraw = True
60.8748 	EXP 	fade_in_text: autoDraw = True
60.8914 	EXP 	fade_in_text: autoDraw = True
60.9081 	EXP 	fade_in_text: autoDraw = True
60.9247 	EXP 	fade_in_text: autoDraw = True
60.9414 	EXP 	fade_in_text: autoDraw = True
60.9582 	EXP 	fade_in_text: autoDraw = True
60.9749 	EXP 	fade_in_text: autoDraw = True
60.9914 	EXP 	fade_in_text: autoDraw = True
61.0081 	EXP 	fade_in_text: autoDraw = True
61.0247 	EXP 	fade_in_text: autoDraw = True
61.0415 	EXP 	fade_in_text: autoDraw = True
61.0581 	EXP 	fade_in_text: autoDraw = True
61.0749 	EXP 	fade_in_text: autoDraw = True
61.0914 	EXP 	fade_in_text: autoDraw = True
61.1081 	EXP 	fade_in_text: autoDraw = True
61.1247 	EXP 	fade_in_text: autoDraw = True
61.1415 	EXP 	fade_in_text: autoDraw = True
61.1582 	EXP 	fade_in_text: autoDraw = True
61.1749 	EXP 	fade_in_text: autoDraw = True
61.1914 	EXP 	fade_in_text: autoDraw = True
61.2081 	EXP 	fade_in_text: autoDraw = True
61.2247 	EXP 	fade_in_text: autoDraw = True
61.2415 	EXP 	fade_in_text: autoDraw = True
61.2582 	EXP 	fade_in_text: autoDraw = True
61.2747 	EXP 	fade_in_text: autoDraw = True
61.2914 	EXP 	fade_in_text: autoDraw = True
61.3081 	EXP 	fade_in_text: autoDraw = True
61.3247 	EXP 	fade_in_text: autoDraw = True
61.3415 	EXP 	fade_in_text: autoDraw = True
61.3582 	EXP 	fade_in_text: autoDraw = True
61.3747 	EXP 	fade_in_text: autoDraw = True
61.3914 	EXP 	fade_in_text: autoDraw = True
61.4081 	EXP 	fade_in_text: autoDraw = True
61.4247 	EXP 	fade_in_text: autoDraw = True
61.4415 	EXP 	fade_in_text: autoDraw = True
61.4582 	EXP 	fade_in_text: autoDraw = True
61.4747 	EXP 	fade_in_text: autoDraw = True
61.4914 	EXP 	fade_in_text: autoDraw = True
61.5081 	EXP 	fade_in_text: autoDraw = True
61.5247 	EXP 	fade_in_text: autoDraw = True
61.5415 	EXP 	fade_in_text: autoDraw = True
61.5582 	EXP 	fade_in_text: autoDraw = True
61.5747 	EXP 	fade_in_text: autoDraw = True
61.5914 	EXP 	fade_in_text: autoDraw = True
61.6081 	EXP 	fade_in_text: autoDraw = True
61.6248 	EXP 	fade_in_text: autoDraw = True
61.6415 	EXP 	fade_in_text: autoDraw = True
61.6583 	EXP 	fade_in_text: autoDraw = True
61.6748 	EXP 	fade_in_text: autoDraw = True
61.6914 	EXP 	fade_in_text: autoDraw = True
61.7081 	EXP 	fade_in_text: autoDraw = True
61.7248 	EXP 	fade_in_text: autoDraw = True
61.7415 	EXP 	fade_in_text: autoDraw = True
61.7582 	EXP 	fade_in_text: autoDraw = True
61.7748 	EXP 	fade_in_text: autoDraw = True
61.7914 	EXP 	fade_in_text: autoDraw = True
61.8081 	EXP 	fade_in_text: autoDraw = True
61.8248 	EXP 	fade_in_text: autoDraw = True
61.8415 	EXP 	fade_in_text: autoDraw = True
61.8583 	EXP 	fade_in_text: autoDraw = True
61.8748 	EXP 	fade_in_text: autoDraw = True
61.8914 	EXP 	fade_in_text: autoDraw = True
61.9081 	EXP 	fade_in_text: autoDraw = True
61.9248 	EXP 	fade_in_text: autoDraw = True
61.9415 	EXP 	fade_in_text: autoDraw = True
61.9581 	EXP 	fade_in_text: autoDraw = True
61.9748 	EXP 	fade_in_text: autoDraw = True
61.9914 	EXP 	fade_in_text: autoDraw = True
62.0081 	EXP 	fade_in_text: autoDraw = True
62.0249 	EXP 	fade_in_text: autoDraw = True
62.0415 	EXP 	fade_in_text: autoDraw = True
62.0581 	EXP 	fade_in_text: autoDraw = True
62.0748 	EXP 	fade_in_text: autoDraw = True
62.0914 	EXP 	fade_in_text: autoDraw = True
62.1081 	EXP 	fade_in_text: autoDraw = True
62.1249 	EXP 	fade_in_text: autoDraw = True
62.1415 	EXP 	fade_in_text: autoDraw = True
62.1581 	EXP 	fade_in_text: autoDraw = True
62.1748 	EXP 	fade_in_text: autoDraw = True
62.1915 	EXP 	fade_in_text: autoDraw = True
62.2082 	EXP 	fade_in_text: autoDraw = True
62.2249 	EXP 	fade_in_text: autoDraw = True
62.2415 	EXP 	fade_in_text: autoDraw = True
62.2581 	EXP 	fade_in_text: autoDraw = True
62.2748 	EXP 	fade_in_text: autoDraw = True
62.2915 	EXP 	fade_in_text: autoDraw = True
62.3081 	EXP 	fade_in_text: autoDraw = True
62.3249 	EXP 	fade_in_text: autoDraw = True
62.3416 	EXP 	fade_in_text: autoDraw = True
62.3581 	EXP 	fade_in_text: autoDraw = True
62.3748 	EXP 	fade_in_text: autoDraw = True
62.3915 	EXP 	fade_in_text: autoDraw = True
62.4082 	EXP 	fade_in_text: autoDraw = True
62.4249 	EXP 	fade_in_text: autoDraw = True
62.4416 	EXP 	fade_in_text: autoDraw = True
62.4581 	EXP 	fade_in_text: autoDraw = True
62.4748 	EXP 	fade_in_text: autoDraw = True
62.4915 	EXP 	fade_in_text: autoDraw = True
62.5082 	EXP 	fade_in_text: autoDraw = True
62.5249 	EXP 	fade_in_text: autoDraw = True
62.5416 	EXP 	fade_in_text: autoDraw = True
62.5581 	EXP 	fade_in_text: autoDraw = True
62.5748 	EXP 	fade_in_text: autoDraw = True
62.5915 	EXP 	fade_in_text: autoDraw = True
62.6082 	EXP 	fade_in_text: autoDraw = True
62.6249 	EXP 	fade_in_text: autoDraw = True
62.6417 	EXP 	fade_in_text: autoDraw = True
62.6581 	EXP 	fade_in_text: autoDraw = True
62.6749 	EXP 	fade_in_text: autoDraw = True
62.6915 	EXP 	fade_in_text: autoDraw = True
62.7082 	EXP 	fade_in_text: autoDraw = True
62.7249 	EXP 	fade_in_text: autoDraw = True
62.7415 	EXP 	fade_in_text: autoDraw = True
62.7582 	EXP 	fade_in_text: autoDraw = True
62.7748 	EXP 	fade_in_text: autoDraw = True
62.7915 	EXP 	fade_in_text: autoDraw = True
62.8082 	EXP 	fade_in_text: autoDraw = True
62.8249 	EXP 	fade_in_text: autoDraw = True
62.8415 	EXP 	fade_in_text: autoDraw = True
62.8582 	EXP 	fade_in_text: autoDraw = True
62.8749 	EXP 	fade_in_text: autoDraw = True
62.8915 	EXP 	fade_in_text: autoDraw = True
62.9082 	EXP 	fade_in_text: autoDraw = True
62.9249 	EXP 	fade_in_text: autoDraw = True
62.9415 	EXP 	fade_in_text: autoDraw = True
62.9582 	EXP 	fade_in_text: autoDraw = True
62.9748 	EXP 	fade_in_text: autoDraw = True
62.9915 	EXP 	fade_in_text: autoDraw = True
63.0082 	EXP 	fade_in_text: autoDraw = True
63.0249 	EXP 	fade_in_text: autoDraw = True
63.0415 	EXP 	fade_in_text: autoDraw = True
63.0582 	EXP 	fade_in_text: autoDraw = True
63.0748 	EXP 	fade_in_text: autoDraw = True
63.0915 	EXP 	fade_in_text: autoDraw = True
63.1082 	EXP 	fade_in_text: autoDraw = True
63.1250 	EXP 	fade_in_text: autoDraw = True
63.1415 	EXP 	fade_in_text: autoDraw = True
63.1582 	EXP 	fade_in_text: autoDraw = True
63.1748 	EXP 	fade_in_text: autoDraw = True
63.1916 	EXP 	fade_in_text: autoDraw = True
63.2083 	EXP 	fade_in_text: autoDraw = True
63.2250 	EXP 	fade_in_text: autoDraw = True
63.2415 	EXP 	fade_in_text: autoDraw = True
63.2582 	EXP 	fade_in_text: autoDraw = True
63.2748 	EXP 	fade_in_text: autoDraw = True
63.2916 	EXP 	fade_in_text: autoDraw = True
63.3083 	EXP 	fade_in_text: autoDraw = True
63.3250 	EXP 	fade_in_text: autoDraw = True
63.3415 	EXP 	fade_in_text: autoDraw = True
63.3583 	EXP 	fade_in_text: autoDraw = True
63.3749 	EXP 	fade_in_text: autoDraw = True
63.3916 	EXP 	fade_in_text: autoDraw = True
63.4083 	EXP 	fade_in_text: autoDraw = True
63.4249 	EXP 	fade_in_text: autoDraw = True
63.4415 	EXP 	fade_in_text: autoDraw = True
63.4582 	EXP 	fade_in_text: autoDraw = True
63.4749 	EXP 	fade_in_text: autoDraw = True
63.4916 	EXP 	fade_in_text: autoDraw = True
63.5083 	EXP 	fade_in_text: autoDraw = True
63.5249 	EXP 	fade_in_text: autoDraw = True
63.5415 	EXP 	fade_in_text: autoDraw = True
63.5583 	EXP 	fade_in_text: autoDraw = True
63.5749 	EXP 	fade_in_text: autoDraw = True
63.5916 	EXP 	fade_in_text: autoDraw = True
63.6083 	EXP 	fade_in_text: autoDraw = True
63.6249 	EXP 	fade_in_text: autoDraw = True
63.6415 	EXP 	fade_in_text: autoDraw = True
63.6582 	EXP 	fade_in_text: autoDraw = True
63.6749 	EXP 	fade_in_text: autoDraw = True
63.6916 	EXP 	fade_in_text: autoDraw = True
63.7083 	EXP 	fade_in_text: autoDraw = True
63.7249 	EXP 	fade_in_text: autoDraw = True
63.7415 	EXP 	fade_in_text: autoDraw = True
63.7583 	EXP 	fade_in_text: autoDraw = True
63.7750 	EXP 	fade_in_text: autoDraw = True
63.7916 	EXP 	fade_in_text: autoDraw = True
63.8084 	EXP 	fade_in_text: autoDraw = True
63.8249 	EXP 	fade_in_text: autoDraw = True
63.8415 	EXP 	fade_in_text: autoDraw = True
63.8582 	EXP 	fade_in_text: autoDraw = True
63.8750 	EXP 	fade_in_text: autoDraw = True
63.8916 	EXP 	fade_in_text: autoDraw = True
63.9084 	EXP 	fade_in_text: autoDraw = True
63.9249 	EXP 	fade_in_text: autoDraw = True
63.9415 	EXP 	fade_in_text: autoDraw = True
63.9583 	EXP 	fade_in_text: autoDraw = True
63.9750 	EXP 	fade_in_text: autoDraw = True
63.9916 	EXP 	fade_in_text: autoDraw = True
64.0084 	EXP 	fade_in_text: autoDraw = True
64.0249 	EXP 	fade_in_text: autoDraw = True
64.0416 	EXP 	fade_in_text: autoDraw = True
64.0582 	EXP 	fade_in_text: autoDraw = True
64.0750 	EXP 	fade_in_text: autoDraw = True
64.0916 	EXP 	fade_in_text: autoDraw = True
64.1084 	EXP 	fade_in_text: autoDraw = True
64.1249 	EXP 	fade_in_text: autoDraw = True
64.1416 	EXP 	fade_in_text: autoDraw = True
64.1583 	EXP 	fade_in_text: autoDraw = True
64.1750 	EXP 	fade_in_text: autoDraw = True
64.1916 	EXP 	fade_in_text: autoDraw = True
64.2082 	EXP 	fade_in_text: autoDraw = True
64.2249 	EXP 	fade_in_text: autoDraw = True
64.2416 	EXP 	fade_in_text: autoDraw = True
64.2583 	EXP 	fade_in_text: autoDraw = True
64.2750 	EXP 	fade_in_text: autoDraw = True
64.2916 	EXP 	fade_in_text: autoDraw = True
64.3082 	EXP 	fade_in_text: autoDraw = True
64.3249 	EXP 	fade_in_text: autoDraw = True
64.3416 	EXP 	fade_in_text: autoDraw = True
64.3583 	EXP 	fade_in_text: autoDraw = True
64.3750 	EXP 	fade_in_text: autoDraw = True
64.3916 	EXP 	fade_in_text: autoDraw = True
64.4082 	EXP 	fade_in_text: autoDraw = True
64.4249 	EXP 	fade_in_text: autoDraw = True
64.4416 	EXP 	fade_in_text: autoDraw = True
64.4582 	EXP 	fade_in_text: autoDraw = True
64.4750 	EXP 	fade_in_text: autoDraw = True
64.4917 	EXP 	fade_in_text: autoDraw = True
64.5082 	EXP 	fade_in_text: autoDraw = True
64.5249 	EXP 	fade_in_text: autoDraw = True
64.5416 	EXP 	fade_in_text: autoDraw = True
64.5583 	EXP 	fade_in_text: autoDraw = True
64.5750 	EXP 	fade_in_text: autoDraw = True
64.5918 	EXP 	fade_in_text: autoDraw = True
64.6082 	EXP 	fade_in_text: autoDraw = True
64.6249 	EXP 	fade_in_text: autoDraw = True
64.6416 	EXP 	fade_in_text: autoDraw = True
64.6583 	EXP 	fade_in_text: autoDraw = True
64.6750 	EXP 	fade_in_text: autoDraw = True
64.6917 	EXP 	fade_in_text: autoDraw = True
64.7083 	EXP 	fade_in_text: autoDraw = True
64.7249 	EXP 	fade_in_text: autoDraw = True
64.7416 	EXP 	fade_in_text: autoDraw = True
64.7583 	EXP 	fade_in_text: autoDraw = True
64.7750 	EXP 	fade_in_text: autoDraw = True
64.7918 	EXP 	fade_in_text: autoDraw = True
64.8083 	EXP 	fade_in_text: autoDraw = True
64.8249 	EXP 	fade_in_text: autoDraw = True
64.8416 	EXP 	fade_in_text: autoDraw = True
64.8583 	EXP 	fade_in_text: autoDraw = True
64.8750 	EXP 	fade_in_text: autoDraw = True
64.8916 	EXP 	fade_in_text: autoDraw = True
64.9083 	EXP 	fade_in_text: autoDraw = True
64.9249 	EXP 	fade_in_text: autoDraw = True
64.9416 	EXP 	fade_in_text: autoDraw = True
64.9583 	EXP 	fade_in_text: autoDraw = True
64.9751 	EXP 	fade_in_text: autoDraw = True
64.9916 	EXP 	fade_in_text: autoDraw = True
65.0083 	EXP 	fade_in_text: autoDraw = True
65.0249 	EXP 	fade_in_text: autoDraw = True
65.0416 	EXP 	fade_in_text: autoDraw = True
65.0584 	EXP 	fade_in_text: autoDraw = True
65.0751 	EXP 	fade_in_text: autoDraw = True
65.0916 	EXP 	fade_in_text: autoDraw = True
65.1083 	EXP 	fade_in_text: autoDraw = True
65.1249 	EXP 	fade_in_text: autoDraw = True
65.1416 	EXP 	fade_in_text: autoDraw = True
65.1584 	EXP 	fade_in_text: autoDraw = True
65.1751 	EXP 	fade_in_text: autoDraw = True
65.1916 	EXP 	fade_in_text: autoDraw = True
65.2083 	EXP 	fade_in_text: autoDraw = True
65.2250 	EXP 	fade_in_text: autoDraw = True
65.2417 	EXP 	fade_in_text: autoDraw = True
65.2584 	EXP 	fade_in_text: autoDraw = True
65.2751 	EXP 	fade_in_text: autoDraw = True
65.2916 	EXP 	fade_in_text: autoDraw = True
65.3083 	EXP 	fade_in_text: autoDraw = True
65.3249 	EXP 	fade_in_text: autoDraw = True
65.3417 	EXP 	fade_in_text: autoDraw = True
65.3584 	EXP 	fade_in_text: autoDraw = True
65.3752 	EXP 	fade_in_text: autoDraw = True
65.3916 	EXP 	fade_in_text: autoDraw = True
65.4083 	EXP 	fade_in_text: autoDraw = True
65.4250 	EXP 	fade_in_text: autoDraw = True
65.4417 	EXP 	fade_in_text: autoDraw = True
65.4584 	EXP 	fade_in_text: autoDraw = True
65.4750 	EXP 	fade_in_text: autoDraw = True
65.4916 	EXP 	fade_in_text: autoDraw = True
65.5083 	EXP 	fade_in_text: autoDraw = True
65.5250 	EXP 	fade_in_text: autoDraw = True
65.5417 	EXP 	fade_in_text: autoDraw = True
65.5584 	EXP 	fade_in_text: autoDraw = True
65.5750 	EXP 	fade_in_text: autoDraw = True
65.5916 	EXP 	fade_in_text: autoDraw = True
65.6083 	EXP 	fade_in_text: autoDraw = True
65.6250 	EXP 	fade_in_text: autoDraw = True
65.6417 	EXP 	fade_in_text: autoDraw = True
65.6584 	EXP 	fade_in_text: autoDraw = True
65.6750 	EXP 	fade_in_text: autoDraw = True
65.6916 	EXP 	fade_in_text: autoDraw = True
65.7083 	EXP 	fade_in_text: autoDraw = True
65.7250 	EXP 	fade_in_text: autoDraw = True
65.7417 	EXP 	fade_in_text: autoDraw = True
65.7585 	EXP 	fade_in_text: autoDraw = True
65.7750 	EXP 	fade_in_text: autoDraw = True
65.7916 	EXP 	fade_in_text: autoDraw = True
65.8083 	EXP 	fade_in_text: autoDraw = True
65.8250 	EXP 	fade_in_text: autoDraw = True
65.8417 	EXP 	fade_in_text: autoDraw = True
65.8585 	EXP 	fade_in_text: autoDraw = True
65.8750 	EXP 	fade_in_text: autoDraw = True
65.8916 	EXP 	fade_in_text: autoDraw = True
65.9083 	EXP 	fade_in_text: autoDraw = True
65.9251 	EXP 	fade_in_text: autoDraw = True
65.9417 	EXP 	fade_in_text: autoDraw = True
65.9585 	EXP 	fade_in_text: autoDraw = True
65.9750 	EXP 	fade_in_text: autoDraw = True
65.9917 	EXP 	fade_in_text: autoDraw = True
66.0083 	EXP 	fade_in_text: autoDraw = True
66.0251 	EXP 	fade_in_text: autoDraw = True
66.0417 	EXP 	fade_in_text: autoDraw = True
66.0584 	EXP 	fade_in_text: autoDraw = True
66.0750 	EXP 	fade_in_text: autoDraw = True
66.0917 	EXP 	fade_in_text: autoDraw = True
66.1083 	EXP 	fade_in_text: autoDraw = True
66.1251 	EXP 	fade_in_text: autoDraw = True
66.1417 	EXP 	fade_in_text: autoDraw = True
66.1583 	EXP 	fade_in_text: autoDraw = True
66.1750 	EXP 	fade_in_text: autoDraw = True
66.1917 	EXP 	fade_in_text: autoDraw = True
66.2083 	EXP 	fade_in_text: autoDraw = True
66.2251 	EXP 	fade_in_text: autoDraw = True
66.2418 	EXP 	fade_in_text: autoDraw = True
66.2583 	EXP 	fade_in_text: autoDraw = True
66.2752 	EXP 	fade_in_text: autoDraw = True
66.2919 	EXP 	fade_in_text: autoDraw = True
66.3086 	EXP 	fade_in_text: autoDraw = True
66.3252 	EXP 	fade_in_text: autoDraw = True
66.3419 	EXP 	fade_in_text: autoDraw = True
66.3585 	EXP 	fade_in_text: autoDraw = True
66.3752 	EXP 	fade_in_text: autoDraw = True
66.3919 	EXP 	fade_in_text: autoDraw = True
66.4086 	EXP 	fade_in_text: autoDraw = True
66.4252 	EXP 	fade_in_text: autoDraw = True
66.4421 	EXP 	fade_in_text: autoDraw = True
66.4585 	EXP 	fade_in_text: autoDraw = True
66.4752 	EXP 	fade_in_text: autoDraw = True
66.4919 	EXP 	fade_in_text: autoDraw = True
66.5086 	EXP 	fade_in_text: autoDraw = True
66.5252 	EXP 	fade_in_text: autoDraw = True
66.5421 	EXP 	fade_in_text: autoDraw = True
66.5585 	EXP 	fade_in_text: autoDraw = True
66.5752 	EXP 	fade_in_text: autoDraw = True
66.5919 	EXP 	fade_in_text: autoDraw = True
66.6086 	EXP 	fade_in_text: autoDraw = True
66.6252 	EXP 	fade_in_text: autoDraw = True
66.6420 	EXP 	fade_in_text: autoDraw = True
66.6585 	EXP 	fade_in_text: autoDraw = True
66.6752 	EXP 	fade_in_text: autoDraw = True
66.6919 	EXP 	fade_in_text: autoDraw = True
66.7086 	EXP 	fade_in_text: autoDraw = True
66.7253 	EXP 	fade_in_text: autoDraw = True
66.7421 	EXP 	fade_in_text: autoDraw = True
66.7585 	EXP 	fade_in_text: autoDraw = True
66.7753 	EXP 	fade_in_text: autoDraw = True
66.7919 	EXP 	fade_in_text: autoDraw = True
66.8086 	EXP 	fade_in_text: autoDraw = True
66.8253 	EXP 	fade_in_text: autoDraw = True
66.8418 	EXP 	fade_in_text: autoDraw = True
66.8585 	EXP 	fade_in_text: autoDraw = True
66.8753 	EXP 	fade_in_text: autoDraw = True
66.8919 	EXP 	fade_in_text: autoDraw = True
66.9086 	EXP 	fade_in_text: autoDraw = True
66.9253 	EXP 	fade_in_text: autoDraw = True
66.9418 	EXP 	fade_in_text: autoDraw = True
66.9585 	EXP 	fade_in_text: autoDraw = True
66.9753 	EXP 	fade_in_text: autoDraw = True
66.9919 	EXP 	fade_in_text: autoDraw = True
67.0086 	EXP 	fade_in_text: autoDraw = True
67.0253 	EXP 	fade_in_text: autoDraw = True
67.0419 	EXP 	fade_in_text: autoDraw = True
67.0586 	EXP 	fade_in_text: autoDraw = True
67.0753 	EXP 	fade_in_text: autoDraw = True
67.0919 	EXP 	fade_in_text: autoDraw = True
67.1086 	EXP 	fade_in_text: autoDraw = True
67.1254 	EXP 	fade_in_text: autoDraw = True
67.1419 	EXP 	fade_in_text: autoDraw = True
67.1586 	EXP 	fade_in_text: autoDraw = True
67.1753 	EXP 	fade_in_text: autoDraw = True
67.1920 	EXP 	fade_in_text: autoDraw = True
67.2086 	EXP 	fade_in_text: autoDraw = True
67.2254 	EXP 	fade_in_text: autoDraw = True
67.2419 	EXP 	fade_in_text: autoDraw = True
67.2586 	EXP 	fade_in_text: autoDraw = True
67.2753 	EXP 	fade_in_text: autoDraw = True
67.2920 	EXP 	fade_in_text: autoDraw = True
67.3086 	EXP 	fade_in_text: autoDraw = True
67.3254 	EXP 	fade_in_text: autoDraw = True
67.3419 	EXP 	fade_in_text: autoDraw = True
67.3586 	EXP 	fade_in_text: autoDraw = True
67.3753 	EXP 	fade_in_text: autoDraw = True
67.3920 	EXP 	fade_in_text: autoDraw = True
67.4086 	EXP 	fade_in_text: autoDraw = True
67.4253 	EXP 	fade_in_text: autoDraw = True
67.4419 	EXP 	fade_in_text: autoDraw = True
67.4586 	EXP 	fade_in_text: autoDraw = True
67.4753 	EXP 	fade_in_text: autoDraw = True
67.4920 	EXP 	fade_in_text: autoDraw = True
67.5086 	EXP 	fade_in_text: autoDraw = True
67.5252 	EXP 	fade_in_text: autoDraw = True
67.5419 	EXP 	fade_in_text: autoDraw = True
67.5586 	EXP 	fade_in_text: autoDraw = True
67.5753 	EXP 	fade_in_text: autoDraw = True
67.5920 	EXP 	fade_in_text: autoDraw = True
67.6087 	EXP 	fade_in_text: autoDraw = True
67.6252 	EXP 	fade_in_text: autoDraw = True
67.6420 	EXP 	fade_in_text: autoDraw = True
67.6586 	EXP 	fade_in_text: autoDraw = True
67.6753 	EXP 	fade_in_text: autoDraw = True
67.6920 	EXP 	fade_in_text: autoDraw = True
67.7088 	EXP 	fade_in_text: autoDraw = True
67.7252 	EXP 	fade_in_text: autoDraw = True
67.7420 	EXP 	fade_in_text: autoDraw = True
67.7586 	EXP 	fade_in_text: autoDraw = True
67.7754 	EXP 	fade_in_text: autoDraw = True
67.7923 	EXP 	fade_in_text: autoDraw = True
67.8088 	EXP 	fade_in_text: autoDraw = True
67.8253 	EXP 	fade_in_text: autoDraw = True
67.8420 	EXP 	fade_in_text: autoDraw = True
67.8586 	EXP 	fade_in_text: autoDraw = True
67.8753 	EXP 	fade_in_text: autoDraw = True
67.8923 	EXP 	fade_in_text: autoDraw = True
67.9088 	EXP 	fade_in_text: autoDraw = True
67.9252 	EXP 	fade_in_text: autoDraw = True
67.9420 	EXP 	fade_in_text: autoDraw = True
67.9586 	EXP 	fade_in_text: autoDraw = True
67.9753 	EXP 	fade_in_text: autoDraw = True
67.9924 	EXP 	fade_in_text: autoDraw = True
68.0087 	EXP 	fade_in_text: autoDraw = True
68.0253 	EXP 	fade_in_text: autoDraw = True
68.0420 	EXP 	fade_in_text: autoDraw = True
68.0587 	EXP 	fade_in_text: autoDraw = True
68.0753 	EXP 	fade_in_text: autoDraw = True
68.0923 	EXP 	fade_in_text: autoDraw = True
68.1086 	EXP 	fade_in_text: autoDraw = True
68.1253 	EXP 	fade_in_text: autoDraw = True
68.1420 	EXP 	fade_in_text: autoDraw = True
68.1587 	EXP 	fade_in_text: autoDraw = True
68.1753 	EXP 	fade_in_text: autoDraw = True
68.1924 	EXP 	fade_in_text: autoDraw = True
68.2087 	EXP 	fade_in_text: autoDraw = True
68.2253 	EXP 	fade_in_text: autoDraw = True
68.2420 	EXP 	fade_in_text: autoDraw = True
68.2587 	EXP 	fade_in_text: autoDraw = True
68.2753 	EXP 	fade_in_text: autoDraw = True
68.2923 	EXP 	fade_in_text: autoDraw = True
68.3087 	EXP 	fade_in_text: autoDraw = True
68.3253 	EXP 	fade_in_text: autoDraw = True
68.3420 	EXP 	fade_in_text: autoDraw = True
68.3587 	EXP 	fade_in_text: autoDraw = True
68.3753 	EXP 	fade_in_text: autoDraw = True
68.3922 	EXP 	fade_in_text: autoDraw = True
68.4087 	EXP 	fade_in_text: autoDraw = True
68.4253 	EXP 	fade_in_text: autoDraw = True
68.4420 	EXP 	fade_in_text: autoDraw = True
68.4587 	EXP 	fade_in_text: autoDraw = True
68.4753 	EXP 	fade_in_text: autoDraw = True
68.4919 	EXP 	fade_in_text: autoDraw = True
68.5087 	EXP 	fade_in_text: autoDraw = True
68.5253 	EXP 	fade_in_text: autoDraw = True
68.5420 	EXP 	fade_in_text: autoDraw = True
68.5587 	EXP 	fade_in_text: autoDraw = True
68.5754 	EXP 	fade_in_text: autoDraw = True
68.5920 	EXP 	fade_in_text: autoDraw = True
68.6087 	EXP 	fade_in_text: autoDraw = True
68.6253 	EXP 	fade_in_text: autoDraw = True
68.6420 	EXP 	fade_in_text: autoDraw = True
68.6587 	EXP 	fade_in_text: autoDraw = True
68.6755 	EXP 	fade_in_text: autoDraw = True
68.6919 	EXP 	fade_in_text: autoDraw = True
68.7087 	EXP 	fade_in_text: autoDraw = True
68.7253 	EXP 	fade_in_text: autoDraw = True
68.7420 	EXP 	fade_in_text: autoDraw = True
68.7587 	EXP 	fade_in_text: autoDraw = True
68.7756 	EXP 	fade_in_text: autoDraw = True
68.7920 	EXP 	fade_in_text: autoDraw = True
68.8087 	EXP 	fade_in_text: autoDraw = True
68.8254 	EXP 	fade_in_text: autoDraw = True
68.8420 	EXP 	fade_in_text: autoDraw = True
68.8587 	EXP 	fade_in_text: autoDraw = True
68.8755 	EXP 	fade_in_text: autoDraw = True
68.8920 	EXP 	fade_in_text: autoDraw = True
68.9087 	EXP 	fade_in_text: autoDraw = True
68.9254 	EXP 	fade_in_text: autoDraw = True
68.9420 	EXP 	fade_in_text: autoDraw = True
68.9587 	EXP 	fade_in_text: autoDraw = True
68.9754 	EXP 	fade_in_text: autoDraw = True
68.9920 	EXP 	fade_in_text: autoDraw = True
69.0087 	EXP 	fade_in_text: autoDraw = True
69.0254 	EXP 	fade_in_text: autoDraw = True
69.0420 	EXP 	fade_in_text: autoDraw = True
69.0587 	EXP 	fade_in_text: autoDraw = True
69.0753 	EXP 	fade_in_text: autoDraw = True
69.0920 	EXP 	fade_in_text: autoDraw = True
69.1087 	EXP 	fade_in_text: autoDraw = True
69.1254 	EXP 	fade_in_text: autoDraw = True
69.1420 	EXP 	fade_in_text: autoDraw = True
69.1587 	EXP 	fade_in_text: autoDraw = True
69.1753 	EXP 	fade_in_text: autoDraw = True
69.1921 	EXP 	fade_in_text: autoDraw = True
69.2087 	EXP 	fade_in_text: autoDraw = True
69.2254 	EXP 	fade_in_text: autoDraw = True
69.2421 	EXP 	fade_in_text: autoDraw = True
69.2589 	EXP 	fade_in_text: autoDraw = True
69.2753 	EXP 	fade_in_text: autoDraw = True
69.2921 	EXP 	fade_in_text: autoDraw = True
69.3087 	EXP 	fade_in_text: autoDraw = True
69.3254 	EXP 	fade_in_text: autoDraw = True
69.3421 	EXP 	fade_in_text: autoDraw = True
69.3589 	EXP 	fade_in_text: autoDraw = True
69.3754 	EXP 	fade_in_text: autoDraw = True
69.3921 	EXP 	fade_in_text: autoDraw = True
69.4087 	EXP 	fade_in_text: autoDraw = True
69.4254 	EXP 	fade_in_text: autoDraw = True
69.4421 	EXP 	fade_in_text: autoDraw = True
69.4588 	EXP 	fade_in_text: autoDraw = True
69.4753 	EXP 	fade_in_text: autoDraw = True
69.4921 	EXP 	fade_in_text: autoDraw = True
69.5087 	EXP 	fade_in_text: autoDraw = True
69.5254 	EXP 	fade_in_text: autoDraw = True
69.5421 	EXP 	fade_in_text: autoDraw = True
69.5587 	EXP 	fade_in_text: autoDraw = True
69.5753 	EXP 	fade_in_text: autoDraw = True
69.5921 	EXP 	fade_in_text: autoDraw = True
69.6087 	EXP 	fade_in_text: autoDraw = True
69.6254 	EXP 	fade_in_text: autoDraw = True
69.6421 	EXP 	fade_in_text: autoDraw = True
69.6587 	EXP 	fade_in_text: autoDraw = True
69.6753 	EXP 	fade_in_text: autoDraw = True
69.6921 	EXP 	fade_in_text: autoDraw = True
69.7088 	EXP 	fade_in_text: autoDraw = True
69.7254 	EXP 	fade_in_text: autoDraw = True
69.7421 	EXP 	fade_in_text: autoDraw = True
69.7587 	EXP 	fade_in_text: autoDraw = True
69.7754 	EXP 	fade_in_text: autoDraw = True
69.7921 	EXP 	fade_in_text: autoDraw = True
69.8088 	EXP 	fade_in_text: autoDraw = True
69.8254 	EXP 	fade_in_text: autoDraw = True
69.8423 	EXP 	fade_in_text: autoDraw = True
69.8587 	EXP 	fade_in_text: autoDraw = True
69.8754 	EXP 	fade_in_text: autoDraw = True
69.8921 	EXP 	fade_in_text: autoDraw = True
69.9088 	EXP 	fade_in_text: autoDraw = True
72.9423 	EXP 	fade_in_text: autoDraw = False
72.9423 	EXP 	RS_intro_title: autoDraw = True
72.9423 	EXP 	RS_intro_text: autoDraw = True
95.9601 	EXP 	RS_intro_title: autoDraw = False
95.9601 	EXP 	RS_intro_text: autoDraw = False
95.9601 	EXP 	RS_intro_title: autoDraw = False
95.9601 	EXP 	RS_intro_text: autoDraw = False
95.9601 	EXP 	RS_rec_text: text = 'Please keep relaxed and close your eyes.\n'
95.9601 	EXP 	RS_rec_text: autoDraw = True
275.9694 	EXP 	RS_rec_text: autoDraw = False
279.3374 	EXP 	RS_rec_text: autoDraw = False
279.3374 	EXP 	RS_intro_title: autoDraw = True
279.3374 	EXP 	RS_intro_text: autoDraw = True
302.3541 	EXP 	RS_intro_title: autoDraw = False
302.3541 	EXP 	RS_intro_text: autoDraw = False
302.3541 	EXP 	RS_intro_title: autoDraw = False
302.3541 	EXP 	RS_intro_text: autoDraw = False
302.3541 	EXP 	RS_rec_text: text = 'Please keep relaxed and open your eyes.\nNote: Blinking is allowed.'
302.3541 	EXP 	RS_rec_text: autoDraw = True
482.3630 	EXP 	RS_rec_text: autoDraw = False
485.7632 	EXP 	RS_rec_text: autoDraw = False
485.7632 	EXP 	Pause_cont: text = 'Press [space] key to continue.'
485.7632 	EXP 	Pause_cont: autoDraw = True
497.1634 	DATA 	Keypress: space
500.2474 	EXP 	Pause_cont: autoDraw = False
500.2474 	EXP 	QA_intro_title: autoDraw = True
500.2474 	EXP 	QA_intro_text: autoDraw = True
539.2084 	DATA 	Keypress: space
539.6326 	EXP 	QA_intro_cont: autoDraw = True
540.6453 	EXP 	Created sequence: random, trialTypes=1, nReps=2, seed=None
540.6460 	EXP 	New trial (rep=0, index=0): None
541.6504 	EXP 	Created sequence: random, trialTypes=1, nReps=25, seed=None
541.6515 	EXP 	New trial (rep=0, index=0): None
542.6994 	EXP 	QA_intro_title: autoDraw = False
542.6994 	EXP 	QA_intro_text: autoDraw = False
542.6994 	EXP 	QA_intro_cont: autoDraw = False
542.6994 	EXP 	QA_rec_text: autoDraw = True
560.6839 	EXP 	QA_rec_break: autoDraw = True
561.6839 	EXP 	QA_rec_break: autoDraw = False
562.6898 	EXP 	New trial (rep=1, index=0): None
563.7348 	EXP 	QA_rec_text: autoDraw = False
563.7348 	EXP 	QA_rec_break: autoDraw = False
563.7348 	EXP 	QA_rec_text: autoDraw = True
581.7183 	EXP 	QA_rec_break: autoDraw = True
582.7183 	EXP 	QA_rec_break: autoDraw = False
583.7231 	EXP 	New trial (rep=2, index=0): None
584.7854 	EXP 	QA_rec_text: autoDraw = False
584.7854 	EXP 	QA_rec_break: autoDraw = False
584.7854 	EXP 	QA_rec_text: autoDraw = True
602.7527 	EXP 	QA_rec_break: autoDraw = True
603.7527 	EXP 	QA_rec_break: autoDraw = False
604.7740 	EXP 	New trial (rep=3, index=0): None
605.8196 	EXP 	QA_rec_text: autoDraw = False
605.8196 	EXP 	QA_rec_break: autoDraw = False
605.8196 	EXP 	QA_rec_text: autoDraw = True
623.8041 	EXP 	QA_rec_break: autoDraw = True
624.8038 	EXP 	QA_rec_break: autoDraw = False
625.8088 	EXP 	New trial (rep=4, index=0): None
626.8537 	EXP 	QA_rec_text: autoDraw = False
626.8537 	EXP 	QA_rec_break: autoDraw = False
626.8537 	EXP 	QA_rec_text: autoDraw = True
644.8382 	EXP 	QA_rec_break: autoDraw = True
645.8383 	EXP 	QA_rec_break: autoDraw = False
646.8440 	EXP 	New trial (rep=5, index=0): None
647.9049 	EXP 	QA_rec_text: autoDraw = False
647.9049 	EXP 	QA_rec_break: autoDraw = False
647.9049 	EXP 	QA_rec_text: autoDraw = True
665.8892 	EXP 	QA_rec_break: autoDraw = True
666.8893 	EXP 	QA_rec_break: autoDraw = False
667.8943 	EXP 	New trial (rep=6, index=0): None
668.9400 	EXP 	QA_rec_text: autoDraw = False
668.9400 	EXP 	QA_rec_break: autoDraw = False
668.9400 	EXP 	QA_rec_text: autoDraw = True
686.9236 	EXP 	QA_rec_break: autoDraw = True
687.9237 	EXP 	QA_rec_break: autoDraw = False
688.9298 	EXP 	New trial (rep=7, index=0): None
689.9906 	EXP 	QA_rec_text: autoDraw = False
689.9906 	EXP 	QA_rec_break: autoDraw = False
689.9906 	EXP 	QA_rec_text: autoDraw = True
707.9581 	EXP 	QA_rec_break: autoDraw = True
708.9582 	EXP 	QA_rec_break: autoDraw = False
709.9792 	EXP 	New trial (rep=8, index=0): None
711.0415 	EXP 	QA_rec_text: autoDraw = False
711.0415 	EXP 	QA_rec_break: autoDraw = False
711.0415 	EXP 	QA_rec_text: autoDraw = True
729.0090 	EXP 	QA_rec_break: autoDraw = True
730.0092 	EXP 	QA_rec_break: autoDraw = False
731.0304 	EXP 	New trial (rep=9, index=0): None
732.0758 	EXP 	QA_rec_text: autoDraw = False
732.0758 	EXP 	QA_rec_break: autoDraw = False
732.0758 	EXP 	QA_rec_text: autoDraw = True
750.0602 	EXP 	QA_rec_break: autoDraw = True
751.0605 	EXP 	QA_rec_break: autoDraw = False
752.0661 	EXP 	New trial (rep=10, index=0): None
753.1111 	EXP 	QA_rec_text: autoDraw = False
753.1111 	EXP 	QA_rec_break: autoDraw = False
753.1111 	EXP 	QA_rec_text: autoDraw = True
771.1114 	EXP 	QA_rec_break: autoDraw = True
773.1042 	EXP 	New trial (rep=11, index=0): None
774.1617 	EXP 	QA_rec_text: autoDraw = False
774.1617 	EXP 	QA_rec_break: autoDraw = False
774.1617 	EXP 	QA_rec_text: autoDraw = True
792.1458 	EXP 	QA_rec_break: autoDraw = True
793.1456 	EXP 	QA_rec_break: autoDraw = False
794.1503 	EXP 	New trial (rep=12, index=0): None
795.1958 	EXP 	QA_rec_text: autoDraw = False
795.1958 	EXP 	QA_rec_break: autoDraw = False
795.1958 	EXP 	QA_rec_text: autoDraw = True
813.1801 	EXP 	QA_rec_break: autoDraw = True
814.1801 	EXP 	QA_rec_break: autoDraw = False
815.1859 	EXP 	New trial (rep=13, index=0): None
816.2307 	EXP 	QA_rec_text: autoDraw = False
816.2307 	EXP 	QA_rec_break: autoDraw = False
816.2307 	EXP 	QA_rec_text: autoDraw = True
834.2144 	EXP 	QA_rec_break: autoDraw = True
835.2315 	EXP 	QA_rec_break: autoDraw = False
836.2405 	EXP 	New trial (rep=14, index=0): None
837.2820 	EXP 	QA_rec_text: autoDraw = False
837.2820 	EXP 	QA_rec_break: autoDraw = False
837.2820 	EXP 	QA_rec_text: autoDraw = True
855.2659 	EXP 	QA_rec_break: autoDraw = True
856.2659 	EXP 	QA_rec_break: autoDraw = False
857.2718 	EXP 	New trial (rep=15, index=0): None
858.3166 	EXP 	QA_rec_text: autoDraw = False
858.3166 	EXP 	QA_rec_break: autoDraw = False
858.3166 	EXP 	QA_rec_text: autoDraw = True
876.2836 	EXP 	QA_rec_break: autoDraw = True
877.2836 	EXP 	QA_rec_break: autoDraw = False
878.3056 	EXP 	New trial (rep=16, index=0): None
879.3668 	EXP 	QA_rec_text: autoDraw = False
879.3668 	EXP 	QA_rec_break: autoDraw = False
879.3668 	EXP 	QA_rec_text: autoDraw = True
897.3346 	EXP 	QA_rec_break: autoDraw = True
898.3347 	EXP 	QA_rec_break: autoDraw = False
899.3398 	EXP 	New trial (rep=17, index=0): None
900.4015 	EXP 	QA_rec_text: autoDraw = False
900.4015 	EXP 	QA_rec_break: autoDraw = False
900.4015 	EXP 	QA_rec_text: autoDraw = True
918.3858 	EXP 	QA_rec_break: autoDraw = True
919.3858 	EXP 	QA_rec_break: autoDraw = False
920.3908 	EXP 	New trial (rep=18, index=0): None
921.4526 	EXP 	QA_rec_text: autoDraw = False
921.4526 	EXP 	QA_rec_break: autoDraw = False
921.4526 	EXP 	QA_rec_text: autoDraw = True
939.4205 	EXP 	QA_rec_break: autoDraw = True
940.4201 	EXP 	QA_rec_break: autoDraw = False
941.4415 	EXP 	New trial (rep=19, index=0): None
942.5043 	EXP 	QA_rec_text: autoDraw = False
942.5043 	EXP 	QA_rec_break: autoDraw = False
942.5043 	EXP 	QA_rec_text: autoDraw = True
960.4713 	EXP 	QA_rec_break: autoDraw = True
961.4713 	EXP 	QA_rec_break: autoDraw = False
962.4934 	EXP 	New trial (rep=20, index=0): None
963.5548 	EXP 	QA_rec_text: autoDraw = False
963.5548 	EXP 	QA_rec_break: autoDraw = False
963.5548 	EXP 	QA_rec_text: autoDraw = True
981.5224 	EXP 	QA_rec_break: autoDraw = True
982.5390 	EXP 	QA_rec_break: autoDraw = False
983.5463 	EXP 	New trial (rep=21, index=0): None
984.5728 	EXP 	QA_rec_text: autoDraw = False
984.5728 	EXP 	QA_rec_break: autoDraw = False
984.5728 	EXP 	QA_rec_text: autoDraw = True
1002.5733 	EXP 	QA_rec_break: autoDraw = True
1004.5780 	EXP 	New trial (rep=22, index=0): None
1005.6401 	EXP 	QA_rec_text: autoDraw = False
1005.6401 	EXP 	QA_rec_break: autoDraw = False
1005.6401 	EXP 	QA_rec_text: autoDraw = True
1023.6411 	EXP 	QA_rec_break: autoDraw = True
1025.6456 	EXP 	New trial (rep=23, index=0): None
1026.7081 	EXP 	QA_rec_text: autoDraw = False
1026.7081 	EXP 	QA_rec_break: autoDraw = False
1026.7081 	EXP 	QA_rec_text: autoDraw = True
1044.7087 	EXP 	QA_rec_break: autoDraw = True
1046.6800 	EXP 	New trial (rep=24, index=0): None
1047.7440 	EXP 	QA_rec_text: autoDraw = False
1047.7440 	EXP 	QA_rec_break: autoDraw = False
1047.7440 	EXP 	QA_rec_text: autoDraw = True
1065.7432 	EXP 	QA_rec_break: autoDraw = True
1069.7934 	EXP 	QA_rec_text: autoDraw = False
1069.7934 	EXP 	QA_rec_break: autoDraw = False
1069.7934 	EXP 	Pause_cont: text = 'Press [space] key to continue.'
1069.7934 	EXP 	Pause_cont: autoDraw = True
1146.4450 	DATA 	Keypress: space
1147.4509 	EXP 	New trial (rep=1, index=0): None
1148.4542 	EXP 	Created sequence: random, trialTypes=1, nReps=25, seed=None
1148.4551 	EXP 	New trial (rep=0, index=0): None
1149.5160 	EXP 	Pause_cont: autoDraw = False
1149.5160 	EXP 	QA_rec_text: autoDraw = True
1156.2053 	DATA 	Keypress: space
1167.5152 	EXP 	QA_rec_break: autoDraw = True
1169.5217 	EXP 	New trial (rep=1, index=0): None
1170.5830 	EXP 	QA_rec_text: autoDraw = False
1170.5830 	EXP 	QA_rec_break: autoDraw = False
1170.5830 	EXP 	QA_rec_text: autoDraw = True
1188.5830 	EXP 	QA_rec_break: autoDraw = True
1190.5876 	EXP 	New trial (rep=2, index=0): None
1191.6499 	EXP 	QA_rec_text: autoDraw = False
1191.6499 	EXP 	QA_rec_break: autoDraw = False
1191.6499 	EXP 	QA_rec_text: autoDraw = True
1209.6174 	EXP 	QA_rec_break: autoDraw = True
1211.6217 	EXP 	New trial (rep=3, index=0): None
1212.7016 	EXP 	QA_rec_text: autoDraw = False
1212.7016 	EXP 	QA_rec_break: autoDraw = False
1212.7016 	EXP 	QA_rec_text: autoDraw = True
1230.6685 	EXP 	QA_rec_break: autoDraw = True
1232.6729 	EXP 	New trial (rep=4, index=0): None
1233.7354 	EXP 	QA_rec_text: autoDraw = False
1233.7354 	EXP 	QA_rec_break: autoDraw = False
1233.7354 	EXP 	QA_rec_text: autoDraw = True
1251.7363 	EXP 	QA_rec_break: autoDraw = True
1253.7074 	EXP 	New trial (rep=5, index=0): None
1254.7704 	EXP 	QA_rec_text: autoDraw = False
1254.7704 	EXP 	QA_rec_break: autoDraw = False
1254.7704 	EXP 	QA_rec_text: autoDraw = True
1272.7374 	EXP 	QA_rec_break: autoDraw = True
1274.7420 	EXP 	New trial (rep=6, index=0): None
1275.8043 	EXP 	QA_rec_text: autoDraw = False
1275.8043 	EXP 	QA_rec_break: autoDraw = False
1275.8043 	EXP 	QA_rec_text: autoDraw = True
1293.7718 	EXP 	QA_rec_break: autoDraw = True
1295.7772 	EXP 	New trial (rep=7, index=0): None
1296.8559 	EXP 	QA_rec_text: autoDraw = False
1296.8559 	EXP 	QA_rec_break: autoDraw = False
1296.8559 	EXP 	QA_rec_text: autoDraw = True
1314.8229 	EXP 	QA_rec_break: autoDraw = True
1316.8274 	EXP 	New trial (rep=8, index=0): None
1317.8897 	EXP 	QA_rec_text: autoDraw = False
1317.8897 	EXP 	QA_rec_break: autoDraw = False
1317.8897 	EXP 	QA_rec_text: autoDraw = True
1335.8907 	EXP 	QA_rec_break: autoDraw = True
1337.8619 	EXP 	New trial (rep=9, index=0): None
1338.9251 	EXP 	QA_rec_text: autoDraw = False
1338.9251 	EXP 	QA_rec_break: autoDraw = False
1338.9251 	EXP 	QA_rec_text: autoDraw = True
1356.9252 	EXP 	QA_rec_break: autoDraw = True
1358.9318 	EXP 	New trial (rep=10, index=0): None
1359.9928 	EXP 	QA_rec_text: autoDraw = False
1359.9928 	EXP 	QA_rec_break: autoDraw = False
1359.9928 	EXP 	QA_rec_text: autoDraw = True
1377.9929 	EXP 	QA_rec_break: autoDraw = True
1379.9641 	EXP 	New trial (rep=11, index=0): None
1381.0436 	EXP 	QA_rec_text: autoDraw = False
1381.0436 	EXP 	QA_rec_break: autoDraw = False
1381.0436 	EXP 	QA_rec_text: autoDraw = True
1399.0106 	EXP 	QA_rec_break: autoDraw = True
1401.0151 	EXP 	New trial (rep=12, index=0): None
1402.0793 	EXP 	QA_rec_text: autoDraw = False
1402.0793 	EXP 	QA_rec_break: autoDraw = False
1402.0793 	EXP 	QA_rec_text: autoDraw = True
1420.0785 	EXP 	QA_rec_break: autoDraw = True
1422.0838 	EXP 	New trial (rep=13, index=0): None
1423.1626 	EXP 	QA_rec_text: autoDraw = False
1423.1626 	EXP 	QA_rec_break: autoDraw = False
1423.1626 	EXP 	QA_rec_text: autoDraw = True
1441.1629 	EXP 	QA_rec_break: autoDraw = True
1443.1340 	EXP 	New trial (rep=14, index=0): None
1444.1967 	EXP 	QA_rec_text: autoDraw = False
1444.1967 	EXP 	QA_rec_break: autoDraw = False
1444.1967 	EXP 	QA_rec_text: autoDraw = True
1462.1973 	EXP 	QA_rec_break: autoDraw = True
1464.2019 	EXP 	New trial (rep=15, index=0): None
1465.2642 	EXP 	QA_rec_text: autoDraw = False
1465.2642 	EXP 	QA_rec_break: autoDraw = False
1465.2642 	EXP 	QA_rec_text: autoDraw = True
1483.2651 	EXP 	QA_rec_break: autoDraw = True
1485.2363 	EXP 	New trial (rep=16, index=0): None
1486.3001 	EXP 	QA_rec_text: autoDraw = False
1486.3001 	EXP 	QA_rec_break: autoDraw = False
1486.3001 	EXP 	QA_rec_text: autoDraw = True
1504.2995 	EXP 	QA_rec_break: autoDraw = True
1506.3041 	EXP 	New trial (rep=17, index=0): None
1507.3682 	EXP 	QA_rec_text: autoDraw = False
1507.3682 	EXP 	QA_rec_break: autoDraw = False
1507.3682 	EXP 	QA_rec_text: autoDraw = True
1525.3678 	EXP 	QA_rec_break: autoDraw = True
1527.3724 	EXP 	New trial (rep=18, index=0): None
1528.4350 	EXP 	QA_rec_text: autoDraw = False
1528.4350 	EXP 	QA_rec_break: autoDraw = False
1528.4350 	EXP 	QA_rec_text: autoDraw = True
1546.4351 	EXP 	QA_rec_break: autoDraw = True
1548.4408 	EXP 	New trial (rep=19, index=0): None
1549.5192 	EXP 	QA_rec_text: autoDraw = False
1549.5192 	EXP 	QA_rec_break: autoDraw = False
1549.5192 	EXP 	QA_rec_text: autoDraw = True
1567.4862 	EXP 	QA_rec_break: autoDraw = True
1569.4909 	EXP 	New trial (rep=20, index=0): None
1570.5539 	EXP 	QA_rec_text: autoDraw = False
1570.5539 	EXP 	QA_rec_break: autoDraw = False
1570.5539 	EXP 	QA_rec_text: autoDraw = True
1588.5540 	EXP 	QA_rec_break: autoDraw = True
1590.5587 	EXP 	New trial (rep=21, index=0): None
1591.6223 	EXP 	QA_rec_text: autoDraw = False
1591.6223 	EXP 	QA_rec_break: autoDraw = False
1591.6223 	EXP 	QA_rec_text: autoDraw = True
1609.6217 	EXP 	QA_rec_break: autoDraw = True
1611.5929 	EXP 	New trial (rep=22, index=0): None
1612.6725 	EXP 	QA_rec_text: autoDraw = False
1612.6725 	EXP 	QA_rec_break: autoDraw = False
1612.6725 	EXP 	QA_rec_text: autoDraw = True
1630.6395 	EXP 	QA_rec_break: autoDraw = True
1632.6442 	EXP 	New trial (rep=23, index=0): None
1633.7078 	EXP 	QA_rec_text: autoDraw = False
1633.7078 	EXP 	QA_rec_break: autoDraw = False
1633.7078 	EXP 	QA_rec_text: autoDraw = True
1651.7073 	EXP 	QA_rec_break: autoDraw = True
1653.6794 	EXP 	New trial (rep=24, index=0): None
1654.7409 	EXP 	QA_rec_text: autoDraw = False
1654.7409 	EXP 	QA_rec_break: autoDraw = False
1654.7409 	EXP 	QA_rec_text: autoDraw = True
1672.7417 	EXP 	QA_rec_break: autoDraw = True
1676.7586 	EXP 	QA_rec_text: autoDraw = False
1676.7586 	EXP 	QA_rec_break: autoDraw = False
1676.7586 	EXP 	Pause_cont: text = 'Press [space] key to continue.'
1676.7586 	EXP 	Pause_cont: autoDraw = True
1690.7904 	EXP 	New trial (rep=1, index=0): None
1695.9255 	EXP 	window1: mouseVisible = True
