51.0794 	EXP 	Created instruction_text = TextStim(__class__=<class 'psychopy.visual.text.TextStim'>, alignHoriz='center', alignVert='center', antialias=True, autoLog=True, bold=False, color=array([1., 1., 1.]), colorSpace='rgb', contrast=1.0, depth=-0.0, flipHoriz=False, flipVert=False, font='Arial', fontFiles=[], height=0.06, italic=False, languageStyle='LTR', name='instruction_text', opacity=1.0, ori=0.0, pos=array([0.5, 0.1]), rgb=array([1., 1., 1.]), text=str(...), units='norm', win=Window(...), wrapWidth=1)
51.3402 	EXP 	Created instruction_cont = TextStim(__class__=<class 'psychopy.visual.text.TextStim'>, alignHoriz='center', alignVert='center', antialias=True, autoLog=True, bold=False, color=array([1., 1., 1.]), colorSpace='rgb', contrast=1.0, depth=-3.0, flipHoriz=False, flipVert=False, font='Arial', fontFiles=[], height=0.06, italic=False, languageStyle='LTR', name='instruction_cont', opacity=1.0, ori=0.0, pos=array([ 0.5, -0.4]), rgb=array([1., 1., 1.]), text='          Press [space] key to continue.', units='norm', win=Window(...), wrapWidth=1)
51.3423 	EXP 	Created Artifact_intro_title = TextStim(__class__=<class 'psychopy.visual.text.TextStim'>, alignHoriz='center', alignVert='center', antialias=True, autoLog=True, bold=False, color=array([1., 1., 1.]), colorSpace='rgb', contrast=1.0, depth=-0.0, flipHoriz=False, flipVert=False, font='Arial', fontFiles=[], height=0.06, italic=False, languageStyle='LTR', name='Artifact_intro_title', opacity=1.0, ori=0.0, pos=array([0.5, 0.4]), rgb=array([1., 1., 1.]), text='Muscular signal recording', units='norm', win=Window(...), wrapWidth=1)
51.3464 	EXP 	Created Artifact_intro_text = TextStim(__class__=<class 'psychopy.visual.text.TextStim'>, alignHoriz='center', alignVert='center', antialias=True, autoLog=True, bold=False, color=array([1., 1., 1.]), colorSpace='rgb', contrast=1.0, depth=-1.0, flipHoriz=False, flipVert=False, font='Arial', fontFiles=[], height=0.06, italic=False, languageStyle='LTR', name='Artifact_intro_text', opacity=1.0, ori=0.0, pos=array([0.5, 0. ]), rgb=array([1., 1., 1.]), text=str(...), units='norm', win=Window(...), wrapWidth=1)
51.3543 	EXP 	Created Artifact_intro_cont = TextStim(__class__=<class 'psychopy.visual.text.TextStim'>, alignHoriz='center', alignVert='center', antialias=True, autoLog=True, bold=False, color=array([1., 1., 1.]), colorSpace='rgb', contrast=1.0, depth=-4.0, flipHoriz=False, flipVert=False, font='Arial', fontFiles=[], height=0.06, italic=False, languageStyle='LTR', name='Artifact_intro_cont', opacity=1.0, ori=0.0, pos=array([0.5, 0. ]), rgb=array([1., 1., 1.]), text='          Press [space] key to continue.', units='norm', win=Window(...), wrapWidth=1)
51.3547 	EXP 	Created Artifact_rec_text = TextStim(__class__=<class 'psychopy.visual.text.TextStim'>, alignHoriz='center', alignVert='center', antialias=True, autoLog=True, bold=False, color=array([1., 1., 1.]), colorSpace='rgb', contrast=1.0, depth=-0.0, flipHoriz=False, flipVert=False, font='Arial', fontFiles=[], height=0.06, italic=False, languageStyle='LTR', name='Artifact_rec_text', opacity=1.0, ori=0.0, pos=array([0.5, 0.4]), rgb=array([1., 1., 1.]), text='', units='norm', win=Window(...), wrapWidth=1)
51.3562 	EXP 	Created Artifact_rec_recording = TextStim(__class__=<class 'psychopy.visual.text.TextStim'>, alignHoriz='center', alignVert='center', antialias=True, autoLog=True, bold=False, color=array([1., 1., 1.]), colorSpace='rgb', contrast=1.0, depth=-4.0, flipHoriz=False, flipVert=False, font='Arial', fontFiles=[], height=0.06, italic=False, languageStyle='LTR', name='Artifact_rec_recording', opacity=1.0, ori=0.0, pos=array([ 0.5, -0.4]), rgb=array([1., 1., 1.]), text='', units='norm', win=Window(...), wrapWidth=1)
51.3583 	EXP 	Created Artifact_rec_break = TextStim(__class__=<class 'psychopy.visual.text.TextStim'>, alignHoriz='center', alignVert='center', antialias=True, autoLog=True, bold=False, color=array([1., 1., 1.]), colorSpace='rgb', contrast=1.0, depth=-6.0, flipHoriz=False, flipVert=False, font='Arial', fontFiles=[], height=0.06, italic=False, languageStyle='LTR', name='Artifact_rec_break', opacity=1.0, ori=0.0, pos=array([ 0.5, -0.4]), rgb=array([1., 1., 1.]), text='Short break', units='norm', win=Window(...), wrapWidth=1)
51.3623 	EXP 	Created Cali_de_pre_intro_title = TextStim(__class__=<class 'psychopy.visual.text.TextStim'>, alignHoriz='center', alignVert='center', antialias=True, autoLog=True, bold=False, color=array([1., 1., 1.]), colorSpace='rgb', contrast=1.0, depth=-0.0, flipHoriz=False, flipVert=False, font='Arial', fontFiles=[], height=0.06, italic=False, languageStyle='LTR', name='Cali_de_pre_intro_title', opacity=1.0, ori=0.0, pos=array([0.5, 0.4]), rgb=array([1., 1., 1.]), text='READ OUT BLOCK (GERMAN)', units='norm', win=Window(...), wrapWidth=1)
51.3696 	EXP 	Created Cali_de_pre_intro_text = TextStim(__class__=<class 'psychopy.visual.text.TextStim'>, alignHoriz='center', alignVert='center', antialias=True, autoLog=True, bold=False, color=array([1., 1., 1.]), colorSpace='rgb', contrast=1.0, depth=-1.0, flipHoriz=False, flipVert=False, font='Arial', fontFiles=[], height=0.06, italic=False, languageStyle='LTR', name='Cali_de_pre_intro_text', opacity=1.0, ori=0.0, pos=array([0.5, 0. ]), rgb=array([1., 1., 1.]), text=str(...), units='norm', win=Window(...), wrapWidth=1)
51.3742 	EXP 	Created Cali_de_pre_intro_cont = TextStim(__class__=<class 'psychopy.visual.text.TextStim'>, alignHoriz='center', alignVert='center', antialias=True, autoLog=True, bold=False, color=array([1., 1., 1.]), colorSpace='rgb', contrast=1.0, depth=-4.0, flipHoriz=False, flipVert=False, font='Arial', fontFiles=[], height=0.06, italic=False, languageStyle='LTR', name='Cali_de_pre_intro_cont', opacity=1.0, ori=0.0, pos=array([0.5, 0. ]), rgb=array([1., 1., 1.]), text='          Press [space] key to continue.', units='norm', win=Window(...), wrapWidth=1)
51.3746 	EXP 	Created Cali_de_pre_rec_text = TextStim(__class__=<class 'psychopy.visual.text.TextStim'>, alignHoriz='center', alignVert='center', antialias=True, autoLog=True, bold=False, color=array([1., 1., 1.]), colorSpace='rgb', contrast=1.0, depth=-0.0, flipHoriz=False, flipVert=False, font='Arial', fontFiles=[], height=0.06, italic=False, languageStyle='LTR', name='Cali_de_pre_rec_text', opacity=1.0, ori=0.0, pos=array([0.5, 0.4]), rgb=array([1., 1., 1.]), text='', units='norm', win=Window(...), wrapWidth=1)
51.3754 	EXP 	Created Cali_de_pre_rec_question_text = TextStim(__class__=<class 'psychopy.visual.text.TextStim'>, alignHoriz='center', alignVert='center', antialias=True, autoLog=True, bold=False, color=array([1., 1., 1.]), colorSpace='rgb', contrast=1.0, depth=-2.0, flipHoriz=False, flipVert=False, font='Arial', fontFiles=[], height=0.06, italic=False, languageStyle='LTR', name='Cali_de_pre_rec_question_text', opacity=1.0, ori=0.0, pos=array([0.5, 0. ]), rgb=array([1., 1., 1.]), text='', units='norm', win=Window(...), wrapWidth=1)
51.3776 	EXP 	Created Cali_de_pre_rec_break = TextStim(__class__=<class 'psychopy.visual.text.TextStim'>, alignHoriz='center', alignVert='center', antialias=True, autoLog=True, bold=False, color=array([1., 1., 1.]), colorSpace='rgb', contrast=1.0, depth=-6.0, flipHoriz=False, flipVert=False, font='Arial', fontFiles=[], height=0.06, italic=False, languageStyle='LTR', name='Cali_de_pre_rec_break', opacity=1.0, ori=0.0, pos=array([ 0.5, -0.4]), rgb=array([1., 1., 1.]), text='Short break', units='norm', win=Window(...), wrapWidth=1)
51.3780 	EXP 	Created fade_in_text = TextStim(__class__=<class 'psychopy.visual.text.TextStim'>, alignHoriz='center', alignVert='center', antialias=True, autoLog=True, bold=False, color=array([1., 1., 1.]), colorSpace='rgb', contrast=1.0, depth=-0.0, flipHoriz=False, flipVert=False, font='Arial', fontFiles=[], height=0.06, italic=False, languageStyle='LTR', name='fade_in_text', opacity=1.0, ori=0.0, pos=array([0.5, 0.4]), rgb=array([1., 1., 1.]), text='', units='norm', win=Window(...), wrapWidth=1)
51.3800 	EXP 	Created RS_intro_title = TextStim(__class__=<class 'psychopy.visual.text.TextStim'>, alignHoriz='center', alignVert='center', antialias=True, autoLog=True, bold=False, color=array([1., 1., 1.]), colorSpace='rgb', contrast=1.0, depth=-0.0, flipHoriz=False, flipVert=False, font='Arial', fontFiles=[], height=0.06, italic=False, languageStyle='LTR', name='RS_intro_title', opacity=1.0, ori=0.0, pos=array([0.5, 0.4]), rgb=array([1., 1., 1.]), text='REST STATE BLOCK', units='norm', win=Window(...), wrapWidth=1)
51.3859 	EXP 	Created RS_intro_text = TextStim(__class__=<class 'psychopy.visual.text.TextStim'>, alignHoriz='center', alignVert='center', antialias=True, autoLog=True, bold=False, color=array([1., 1., 1.]), colorSpace='rgb', contrast=1.0, depth=-1.0, flipHoriz=False, flipVert=False, font='Arial', fontFiles=[], height=0.06, italic=False, languageStyle='LTR', name='RS_intro_text', opacity=1.0, ori=0.0, pos=array([0.5, 0. ]), rgb=array([1., 1., 1.]), text=str(...), units='norm', win=Window(...), wrapWidth=1)
51.3910 	EXP 	Created RS_rec_text = TextStim(__class__=<class 'psychopy.visual.text.TextStim'>, alignHoriz='center', alignVert='center', antialias=True, autoLog=True, bold=False, color=array([1., 1., 1.]), colorSpace='rgb', contrast=1.0, depth=-0.0, flipHoriz=False, flipVert=False, font='Arial', fontFiles=[], height=0.06, italic=False, languageStyle='LTR', name='RS_rec_text', opacity=1.0, ori=0.0, pos=array([0.5, 0. ]), rgb=array([1., 1., 1.]), text=str(...), units='norm', win=Window(...), wrapWidth=1)
51.3932 	EXP 	Created QA_intro_title = TextStim(__class__=<class 'psychopy.visual.text.TextStim'>, alignHoriz='center', alignVert='center', antialias=True, autoLog=True, bold=False, color=array([1., 1., 1.]), colorSpace='rgb', contrast=1.0, depth=-0.0, flipHoriz=False, flipVert=False, font='Arial', fontFiles=[], height=0.06, italic=False, languageStyle='LTR', name='QA_intro_title', opacity=1.0, ori=0.0, pos=array([0.5, 0.5]), rgb=array([1., 1., 1.]), text='Q&A BLOCK', units='norm', win=Window(...), wrapWidth=1)
51.4019 	EXP 	Created QA_intro_text = TextStim(__class__=<class 'psychopy.visual.text.TextStim'>, alignHoriz='center', alignVert='center', antialias=True, autoLog=True, bold=False, color=array([1., 1., 1.]), colorSpace='rgb', contrast=1.0, depth=-1.0, flipHoriz=False, flipVert=False, font='Arial', fontFiles=[], height=0.06, italic=False, languageStyle='LTR', name='QA_intro_text', opacity=1.0, ori=0.0, pos=array([0.5, 0. ]), rgb=array([1., 1., 1.]), text=str(...), units='norm', win=Window(...), wrapWidth=1)
51.4062 	EXP 	Created QA_intro_cont = TextStim(__class__=<class 'psychopy.visual.text.TextStim'>, alignHoriz='center', alignVert='center', antialias=True, autoLog=True, bold=False, color=array([1., 1., 1.]), colorSpace='rgb', contrast=1.0, depth=-4.0, flipHoriz=False, flipVert=False, font='Arial', fontFiles=[], height=0.06, italic=False, languageStyle='LTR', name='QA_intro_cont', opacity=1.0, ori=0.0, pos=array([0.5, 0. ]), rgb=array([1., 1., 1.]), text='          Press [space] key to continue.', units='norm', win=Window(...), wrapWidth=1)
51.4091 	EXP 	Created QA_rec_text = TextStim(__class__=<class 'psychopy.visual.text.TextStim'>, alignHoriz='center', alignVert='center', antialias=True, autoLog=True, bold=False, color=array([1., 1., 1.]), colorSpace='rgb', contrast=1.0, depth=-0.0, flipHoriz=False, flipVert=False, font='Arial', fontFiles=[], height=0.06, italic=False, languageStyle='LTR', name='QA_rec_text', opacity=1.0, ori=0.0, pos=array([0.5, 0. ]), rgb=array([1., 1., 1.]), text=str(...), units='norm', win=Window(...), wrapWidth=1)
51.4129 	EXP 	Created QA_rec_break = TextStim(__class__=<class 'psychopy.visual.text.TextStim'>, alignHoriz='center', alignVert='center', antialias=True, autoLog=True, bold=False, color=array([1., 1., 1.]), colorSpace='rgb', contrast=1.0, depth=-6.0, flipHoriz=False, flipVert=False, font='Arial', fontFiles=[], height=0.06, italic=False, languageStyle='LTR', name='QA_rec_break', opacity=1.0, ori=0.0, pos=array([ 0.5, -0.4]), rgb=array([1., 1., 1.]), text='Short break', units='norm', win=Window(...), wrapWidth=1)
51.4171 	EXP 	Created Pause_cont = TextStim(__class__=<class 'psychopy.visual.text.TextStim'>, alignHoriz='center', alignVert='center', antialias=True, autoLog=True, bold=False, color=array([1., 1., 1.]), colorSpace='rgb', contrast=1.0, depth=-2.0, flipHoriz=False, flipVert=False, font='Arial', fontFiles=[], height=0.06, italic=False, languageStyle='LTR', name='Pause_cont', opacity=1.0, ori=0.0, pos=array([0.5, 0. ]), rgb=array([1., 1., 1.]), text=str(...), units='norm', win=Window(...), wrapWidth=1)
51.4192 	EXP 	Created Cali_de_post_intro_title = TextStim(__class__=<class 'psychopy.visual.text.TextStim'>, alignHoriz='center', alignVert='center', antialias=True, autoLog=True, bold=False, color=array([1., 1., 1.]), colorSpace='rgb', contrast=1.0, depth=-0.0, flipHoriz=False, flipVert=False, font='Arial', fontFiles=[], height=0.06, italic=False, languageStyle='LTR', name='Cali_de_post_intro_title', opacity=1.0, ori=0.0, pos=array([0.5, 0.4]), rgb=array([1., 1., 1.]), text='READ OUT BLOCK (GERMAN)', units='norm', win=Window(...), wrapWidth=1)
51.4610 	EXP 	Created Cali_de_post_intro_text = TextStim(__class__=<class 'psychopy.visual.text.TextStim'>, alignHoriz='center', alignVert='center', antialias=True, autoLog=True, bold=False, color=array([1., 1., 1.]), colorSpace='rgb', contrast=1.0, depth=-1.0, flipHoriz=False, flipVert=False, font='Arial', fontFiles=[], height=0.06, italic=False, languageStyle='LTR', name='Cali_de_post_intro_text', opacity=1.0, ori=0.0, pos=array([0.5, 0. ]), rgb=array([1., 1., 1.]), text=str(...), units='norm', win=Window(...), wrapWidth=1)
51.4660 	EXP 	Created Cali_de_post_intro_cont = TextStim(__class__=<class 'psychopy.visual.text.TextStim'>, alignHoriz='center', alignVert='center', antialias=True, autoLog=True, bold=False, color=array([1., 1., 1.]), colorSpace='rgb', contrast=1.0, depth=-4.0, flipHoriz=False, flipVert=False, font='Arial', fontFiles=[], height=0.06, italic=False, languageStyle='LTR', name='Cali_de_post_intro_cont', opacity=1.0, ori=0.0, pos=array([0.5, 0. ]), rgb=array([1., 1., 1.]), text='          Press [space] key to continue.', units='norm', win=Window(...), wrapWidth=1)
51.4665 	EXP 	Created Cali_de_post_rec_text = TextStim(__class__=<class 'psychopy.visual.text.TextStim'>, alignHoriz='center', alignVert='center', antialias=True, autoLog=True, bold=False, color=array([1., 1., 1.]), colorSpace='rgb', contrast=1.0, depth=-0.0, flipHoriz=False, flipVert=False, font='Arial', fontFiles=[], height=0.06, italic=False, languageStyle='LTR', name='Cali_de_post_rec_text', opacity=1.0, ori=0.0, pos=array([0.5, 0.4]), rgb=array([1., 1., 1.]), text='', units='norm', win=Window(...), wrapWidth=1)
51.4673 	EXP 	Created Cali_de_post_rec_question_text = TextStim(__class__=<class 'psychopy.visual.text.TextStim'>, alignHoriz='center', alignVert='center', antialias=True, autoLog=True, bold=False, color=array([1., 1., 1.]), colorSpace='rgb', contrast=1.0, depth=-2.0, flipHoriz=False, flipVert=False, font='Arial', fontFiles=[], height=0.06, italic=False, languageStyle='LTR', name='Cali_de_post_rec_question_text', opacity=1.0, ori=0.0, pos=array([0.5, 0. ]), rgb=array([1., 1., 1.]), text='', units='norm', win=Window(...), wrapWidth=1)
51.4694 	EXP 	Created Cali_de_post_rec_break = TextStim(__class__=<class 'psychopy.visual.text.TextStim'>, alignHoriz='center', alignVert='center', antialias=True, autoLog=True, bold=False, color=array([1., 1., 1.]), colorSpace='rgb', contrast=1.0, depth=-6.0, flipHoriz=False, flipVert=False, font='Arial', fontFiles=[], height=0.06, italic=False, languageStyle='LTR', name='Cali_de_post_rec_break', opacity=1.0, ori=0.0, pos=array([ 0.5, -0.4]), rgb=array([1., 1., 1.]), text='Short break', units='norm', win=Window(...), wrapWidth=1)
51.4728 	EXP 	Created the_end_text = TextStim(__class__=<class 'psychopy.visual.text.TextStim'>, alignHoriz='center', alignVert='center', antialias=True, autoLog=True, bold=False, color=array([1., 1., 1.]), colorSpace='rgb', contrast=1.0, depth=-1.0, flipHoriz=False, flipVert=False, font='Arial', fontFiles=[], height=0.06, italic=False, languageStyle='LTR', name='the_end_text', opacity=1.0, ori=0.0, pos=array([0.7, 0. ]), rgb=array([1., 1., 1.]), text=str(...), units='norm', win=Window(...), wrapWidth=1)
53.4778 	EXP 	Created sequence: random, trialTypes=1, nReps=4, seed=None
53.4790 	EXP 	New trial (rep=0, index=0): None
53.4796 	EXP 	New trial (rep=1, index=0): None
53.4801 	EXP 	New trial (rep=2, index=0): None
53.4807 	EXP 	New trial (rep=3, index=0): None
54.5015 	EXP 	fade_in_text: text = 'Please remain seated until further instruction via the earphone.'
54.5015 	EXP 	fade_in_text: autoDraw = True
60.5018 	EXP 	fade_in_text: autoDraw = False
60.5184 	EXP 	fade_in_text: autoDraw = True
66.5187 	EXP 	fade_in_text: autoDraw = True
66.5353 	EXP 	fade_in_text: autoDraw = True
66.5520 	EXP 	fade_in_text: autoDraw = True
66.5688 	EXP 	fade_in_text: autoDraw = True
66.5854 	EXP 	fade_in_text: autoDraw = True
66.6021 	EXP 	fade_in_text: autoDraw = True
66.6188 	EXP 	fade_in_text: autoDraw = True
66.6353 	EXP 	fade_in_text: autoDraw = True
66.6521 	EXP 	fade_in_text: autoDraw = True
66.6688 	EXP 	fade_in_text: autoDraw = True
66.6854 	EXP 	fade_in_text: autoDraw = True
66.7021 	EXP 	fade_in_text: autoDraw = True
66.7187 	EXP 	fade_in_text: autoDraw = True
66.7353 	EXP 	fade_in_text: autoDraw = True
66.7521 	EXP 	fade_in_text: autoDraw = True
66.7688 	EXP 	fade_in_text: autoDraw = True
66.7855 	EXP 	fade_in_text: autoDraw = True
66.8021 	EXP 	fade_in_text: autoDraw = True
66.8188 	EXP 	fade_in_text: autoDraw = True
66.8354 	EXP 	fade_in_text: autoDraw = True
66.8522 	EXP 	fade_in_text: autoDraw = True
66.8688 	EXP 	fade_in_text: autoDraw = True
66.8855 	EXP 	fade_in_text: autoDraw = True
66.9021 	EXP 	fade_in_text: autoDraw = True
66.9189 	EXP 	fade_in_text: autoDraw = True
66.9354 	EXP 	fade_in_text: autoDraw = True
66.9521 	EXP 	fade_in_text: autoDraw = True
66.9688 	EXP 	fade_in_text: autoDraw = True
66.9855 	EXP 	fade_in_text: autoDraw = True
67.0021 	EXP 	fade_in_text: autoDraw = True
67.0189 	EXP 	fade_in_text: autoDraw = True
67.0354 	EXP 	fade_in_text: autoDraw = True
67.0522 	EXP 	fade_in_text: autoDraw = True
67.0688 	EXP 	fade_in_text: autoDraw = True
67.0855 	EXP 	fade_in_text: autoDraw = True
67.1021 	EXP 	fade_in_text: autoDraw = True
67.1190 	EXP 	fade_in_text: autoDraw = True
67.1354 	EXP 	fade_in_text: autoDraw = True
67.1521 	EXP 	fade_in_text: autoDraw = True
67.1688 	EXP 	fade_in_text: autoDraw = True
67.1855 	EXP 	fade_in_text: autoDraw = True
67.2021 	EXP 	fade_in_text: autoDraw = True
67.2187 	EXP 	fade_in_text: autoDraw = True
67.2354 	EXP 	fade_in_text: autoDraw = True
67.2522 	EXP 	fade_in_text: autoDraw = True
67.2688 	EXP 	fade_in_text: autoDraw = True
67.2855 	EXP 	fade_in_text: autoDraw = True
67.3021 	EXP 	fade_in_text: autoDraw = True
67.3187 	EXP 	fade_in_text: autoDraw = True
67.3354 	EXP 	fade_in_text: autoDraw = True
67.3521 	EXP 	fade_in_text: autoDraw = True
67.3688 	EXP 	fade_in_text: autoDraw = True
67.3855 	EXP 	fade_in_text: autoDraw = True
67.4021 	EXP 	fade_in_text: autoDraw = True
67.4187 	EXP 	fade_in_text: autoDraw = True
67.4354 	EXP 	fade_in_text: autoDraw = True
67.4521 	EXP 	fade_in_text: autoDraw = True
67.4688 	EXP 	fade_in_text: autoDraw = True
67.4855 	EXP 	fade_in_text: autoDraw = True
67.5023 	EXP 	fade_in_text: autoDraw = True
67.5187 	EXP 	fade_in_text: autoDraw = True
67.5355 	EXP 	fade_in_text: autoDraw = True
67.5522 	EXP 	fade_in_text: autoDraw = True
67.5688 	EXP 	fade_in_text: autoDraw = True
67.5855 	EXP 	fade_in_text: autoDraw = True
67.6022 	EXP 	fade_in_text: autoDraw = True
67.6187 	EXP 	fade_in_text: autoDraw = True
67.6355 	EXP 	fade_in_text: autoDraw = True
67.6522 	EXP 	fade_in_text: autoDraw = True
67.6688 	EXP 	fade_in_text: autoDraw = True
67.6855 	EXP 	fade_in_text: autoDraw = True
67.7022 	EXP 	fade_in_text: autoDraw = True
67.7187 	EXP 	fade_in_text: autoDraw = True
67.7355 	EXP 	fade_in_text: autoDraw = True
67.7522 	EXP 	fade_in_text: autoDraw = True
67.7688 	EXP 	fade_in_text: autoDraw = True
67.7856 	EXP 	fade_in_text: autoDraw = True
67.8021 	EXP 	fade_in_text: autoDraw = True
67.8188 	EXP 	fade_in_text: autoDraw = True
67.8355 	EXP 	fade_in_text: autoDraw = True
67.8521 	EXP 	fade_in_text: autoDraw = True
67.8688 	EXP 	fade_in_text: autoDraw = True
67.8856 	EXP 	fade_in_text: autoDraw = True
67.9021 	EXP 	fade_in_text: autoDraw = True
67.9188 	EXP 	fade_in_text: autoDraw = True
67.9355 	EXP 	fade_in_text: autoDraw = True
67.9522 	EXP 	fade_in_text: autoDraw = True
67.9688 	EXP 	fade_in_text: autoDraw = True
67.9858 	EXP 	fade_in_text: autoDraw = True
68.0022 	EXP 	fade_in_text: autoDraw = True
68.0188 	EXP 	fade_in_text: autoDraw = True
68.0355 	EXP 	fade_in_text: autoDraw = True
68.0522 	EXP 	fade_in_text: autoDraw = True
68.0688 	EXP 	fade_in_text: autoDraw = True
68.0858 	EXP 	fade_in_text: autoDraw = True
68.1022 	EXP 	fade_in_text: autoDraw = True
68.1188 	EXP 	fade_in_text: autoDraw = True
68.1355 	EXP 	fade_in_text: autoDraw = True
68.1522 	EXP 	fade_in_text: autoDraw = True
68.1688 	EXP 	fade_in_text: autoDraw = True
68.1856 	EXP 	fade_in_text: autoDraw = True
68.2023 	EXP 	fade_in_text: autoDraw = True
68.2189 	EXP 	fade_in_text: autoDraw = True
68.2355 	EXP 	fade_in_text: autoDraw = True
68.2522 	EXP 	fade_in_text: autoDraw = True
68.2688 	EXP 	fade_in_text: autoDraw = True
68.2856 	EXP 	fade_in_text: autoDraw = True
68.3022 	EXP 	fade_in_text: autoDraw = True
68.3188 	EXP 	fade_in_text: autoDraw = True
68.3355 	EXP 	fade_in_text: autoDraw = True
68.3522 	EXP 	fade_in_text: autoDraw = True
68.3688 	EXP 	fade_in_text: autoDraw = True
68.3855 	EXP 	fade_in_text: autoDraw = True
68.4022 	EXP 	fade_in_text: autoDraw = True
68.4189 	EXP 	fade_in_text: autoDraw = True
68.4355 	EXP 	fade_in_text: autoDraw = True
68.4522 	EXP 	fade_in_text: autoDraw = True
68.4689 	EXP 	fade_in_text: autoDraw = True
68.4854 	EXP 	fade_in_text: autoDraw = True
68.5022 	EXP 	fade_in_text: autoDraw = True
68.5189 	EXP 	fade_in_text: autoDraw = True
68.5355 	EXP 	fade_in_text: autoDraw = True
68.5522 	EXP 	fade_in_text: autoDraw = True
68.5689 	EXP 	fade_in_text: autoDraw = True
68.5855 	EXP 	fade_in_text: autoDraw = True
68.6022 	EXP 	fade_in_text: autoDraw = True
68.6189 	EXP 	fade_in_text: autoDraw = True
68.6355 	EXP 	fade_in_text: autoDraw = True
68.6522 	EXP 	fade_in_text: autoDraw = True
68.6690 	EXP 	fade_in_text: autoDraw = True
68.6855 	EXP 	fade_in_text: autoDraw = True
68.7022 	EXP 	fade_in_text: autoDraw = True
68.7189 	EXP 	fade_in_text: autoDraw = True
68.7355 	EXP 	fade_in_text: autoDraw = True
68.7522 	EXP 	fade_in_text: autoDraw = True
68.7690 	EXP 	fade_in_text: autoDraw = True
68.7855 	EXP 	fade_in_text: autoDraw = True
68.8022 	EXP 	fade_in_text: autoDraw = True
68.8189 	EXP 	fade_in_text: autoDraw = True
68.8355 	EXP 	fade_in_text: autoDraw = True
68.8522 	EXP 	fade_in_text: autoDraw = True
68.8690 	EXP 	fade_in_text: autoDraw = True
68.8855 	EXP 	fade_in_text: autoDraw = True
68.9022 	EXP 	fade_in_text: autoDraw = True
68.9189 	EXP 	fade_in_text: autoDraw = True
68.9355 	EXP 	fade_in_text: autoDraw = True
68.9522 	EXP 	fade_in_text: autoDraw = True
68.9688 	EXP 	fade_in_text: autoDraw = True
68.9856 	EXP 	fade_in_text: autoDraw = True
69.0022 	EXP 	fade_in_text: autoDraw = True
69.0189 	EXP 	fade_in_text: autoDraw = True
69.0356 	EXP 	fade_in_text: autoDraw = True
69.0522 	EXP 	fade_in_text: autoDraw = True
69.0688 	EXP 	fade_in_text: autoDraw = True
69.0856 	EXP 	fade_in_text: autoDraw = True
69.1022 	EXP 	fade_in_text: autoDraw = True
69.1189 	EXP 	fade_in_text: autoDraw = True
69.1355 	EXP 	fade_in_text: autoDraw = True
69.1522 	EXP 	fade_in_text: autoDraw = True
69.1688 	EXP 	fade_in_text: autoDraw = True
69.1856 	EXP 	fade_in_text: autoDraw = True
69.2024 	EXP 	fade_in_text: autoDraw = True
69.2189 	EXP 	fade_in_text: autoDraw = True
69.2356 	EXP 	fade_in_text: autoDraw = True
69.2523 	EXP 	fade_in_text: autoDraw = True
69.2688 	EXP 	fade_in_text: autoDraw = True
69.2856 	EXP 	fade_in_text: autoDraw = True
69.3022 	EXP 	fade_in_text: autoDraw = True
69.3189 	EXP 	fade_in_text: autoDraw = True
69.3356 	EXP 	fade_in_text: autoDraw = True
69.3523 	EXP 	fade_in_text: autoDraw = True
69.3688 	EXP 	fade_in_text: autoDraw = True
69.3856 	EXP 	fade_in_text: autoDraw = True
69.4022 	EXP 	fade_in_text: autoDraw = True
69.4189 	EXP 	fade_in_text: autoDraw = True
69.4356 	EXP 	fade_in_text: autoDraw = True
69.4522 	EXP 	fade_in_text: autoDraw = True
69.4688 	EXP 	fade_in_text: autoDraw = True
69.4856 	EXP 	fade_in_text: autoDraw = True
69.5022 	EXP 	fade_in_text: autoDraw = True
69.5189 	EXP 	fade_in_text: autoDraw = True
69.5356 	EXP 	fade_in_text: autoDraw = True
69.5522 	EXP 	fade_in_text: autoDraw = True
69.5689 	EXP 	fade_in_text: autoDraw = True
69.5856 	EXP 	fade_in_text: autoDraw = True
69.6022 	EXP 	fade_in_text: autoDraw = True
69.6189 	EXP 	fade_in_text: autoDraw = True
69.6356 	EXP 	fade_in_text: autoDraw = True
69.6522 	EXP 	fade_in_text: autoDraw = True
69.6689 	EXP 	fade_in_text: autoDraw = True
69.6856 	EXP 	fade_in_text: autoDraw = True
69.7023 	EXP 	fade_in_text: autoDraw = True
69.7189 	EXP 	fade_in_text: autoDraw = True
69.7357 	EXP 	fade_in_text: autoDraw = True
69.7522 	EXP 	fade_in_text: autoDraw = True
69.7689 	EXP 	fade_in_text: autoDraw = True
69.7856 	EXP 	fade_in_text: autoDraw = True
69.8023 	EXP 	fade_in_text: autoDraw = True
69.8189 	EXP 	fade_in_text: autoDraw = True
69.8357 	EXP 	fade_in_text: autoDraw = True
69.8522 	EXP 	fade_in_text: autoDraw = True
69.8689 	EXP 	fade_in_text: autoDraw = True
69.8856 	EXP 	fade_in_text: autoDraw = True
69.9023 	EXP 	fade_in_text: autoDraw = True
69.9189 	EXP 	fade_in_text: autoDraw = True
69.9358 	EXP 	fade_in_text: autoDraw = True
69.9522 	EXP 	fade_in_text: autoDraw = True
69.9689 	EXP 	fade_in_text: autoDraw = True
69.9856 	EXP 	fade_in_text: autoDraw = True
70.0023 	EXP 	fade_in_text: autoDraw = True
70.0189 	EXP 	fade_in_text: autoDraw = True
70.0355 	EXP 	fade_in_text: autoDraw = True
70.0523 	EXP 	fade_in_text: autoDraw = True
70.0690 	EXP 	fade_in_text: autoDraw = True
70.0856 	EXP 	fade_in_text: autoDraw = True
70.1023 	EXP 	fade_in_text: autoDraw = True
70.1189 	EXP 	fade_in_text: autoDraw = True
70.1355 	EXP 	fade_in_text: autoDraw = True
70.1523 	EXP 	fade_in_text: autoDraw = True
70.1689 	EXP 	fade_in_text: autoDraw = True
70.1856 	EXP 	fade_in_text: autoDraw = True
70.2023 	EXP 	fade_in_text: autoDraw = True
70.2190 	EXP 	fade_in_text: autoDraw = True
70.2355 	EXP 	fade_in_text: autoDraw = True
70.2523 	EXP 	fade_in_text: autoDraw = True
70.2690 	EXP 	fade_in_text: autoDraw = True
70.2856 	EXP 	fade_in_text: autoDraw = True
70.3023 	EXP 	fade_in_text: autoDraw = True
70.3191 	EXP 	fade_in_text: autoDraw = True
70.3355 	EXP 	fade_in_text: autoDraw = True
70.3523 	EXP 	fade_in_text: autoDraw = True
70.3690 	EXP 	fade_in_text: autoDraw = True
70.3856 	EXP 	fade_in_text: autoDraw = True
70.4024 	EXP 	fade_in_text: autoDraw = True
70.4191 	EXP 	fade_in_text: autoDraw = True
70.4355 	EXP 	fade_in_text: autoDraw = True
70.4523 	EXP 	fade_in_text: autoDraw = True
70.4690 	EXP 	fade_in_text: autoDraw = True
70.4856 	EXP 	fade_in_text: autoDraw = True
70.5024 	EXP 	fade_in_text: autoDraw = True
70.5189 	EXP 	fade_in_text: autoDraw = True
70.5356 	EXP 	fade_in_text: autoDraw = True
70.5523 	EXP 	fade_in_text: autoDraw = True
70.5690 	EXP 	fade_in_text: autoDraw = True
70.5857 	EXP 	fade_in_text: autoDraw = True
70.6025 	EXP 	fade_in_text: autoDraw = True
70.6190 	EXP 	fade_in_text: autoDraw = True
70.6357 	EXP 	fade_in_text: autoDraw = True
70.6523 	EXP 	fade_in_text: autoDraw = True
70.6690 	EXP 	fade_in_text: autoDraw = True
70.6856 	EXP 	fade_in_text: autoDraw = True
70.7025 	EXP 	fade_in_text: autoDraw = True
70.7190 	EXP 	fade_in_text: autoDraw = True
70.7357 	EXP 	fade_in_text: autoDraw = True
70.7523 	EXP 	fade_in_text: autoDraw = True
70.7690 	EXP 	fade_in_text: autoDraw = True
70.7857 	EXP 	fade_in_text: autoDraw = True
70.8025 	EXP 	fade_in_text: autoDraw = True
70.8190 	EXP 	fade_in_text: autoDraw = True
70.8357 	EXP 	fade_in_text: autoDraw = True
70.8523 	EXP 	fade_in_text: autoDraw = True
70.8690 	EXP 	fade_in_text: autoDraw = True
70.8857 	EXP 	fade_in_text: autoDraw = True
70.9023 	EXP 	fade_in_text: autoDraw = True
70.9190 	EXP 	fade_in_text: autoDraw = True
70.9357 	EXP 	fade_in_text: autoDraw = True
70.9523 	EXP 	fade_in_text: autoDraw = True
70.9690 	EXP 	fade_in_text: autoDraw = True
70.9857 	EXP 	fade_in_text: autoDraw = True
71.0023 	EXP 	fade_in_text: autoDraw = True
71.0190 	EXP 	fade_in_text: autoDraw = True
71.0357 	EXP 	fade_in_text: autoDraw = True
71.0523 	EXP 	fade_in_text: autoDraw = True
71.0690 	EXP 	fade_in_text: autoDraw = True
71.0857 	EXP 	fade_in_text: autoDraw = True
71.1022 	EXP 	fade_in_text: autoDraw = True
71.1190 	EXP 	fade_in_text: autoDraw = True
71.1357 	EXP 	fade_in_text: autoDraw = True
71.1523 	EXP 	fade_in_text: autoDraw = True
71.1690 	EXP 	fade_in_text: autoDraw = True
71.1857 	EXP 	fade_in_text: autoDraw = True
71.2023 	EXP 	fade_in_text: autoDraw = True
71.2190 	EXP 	fade_in_text: autoDraw = True
71.2357 	EXP 	fade_in_text: autoDraw = True
71.2523 	EXP 	fade_in_text: autoDraw = True
71.2690 	EXP 	fade_in_text: autoDraw = True
71.2858 	EXP 	fade_in_text: autoDraw = True
71.3023 	EXP 	fade_in_text: autoDraw = True
71.3190 	EXP 	fade_in_text: autoDraw = True
71.3357 	EXP 	fade_in_text: autoDraw = True
71.3523 	EXP 	fade_in_text: autoDraw = True
71.3690 	EXP 	fade_in_text: autoDraw = True
71.3858 	EXP 	fade_in_text: autoDraw = True
71.4023 	EXP 	fade_in_text: autoDraw = True
71.4190 	EXP 	fade_in_text: autoDraw = True
71.4357 	EXP 	fade_in_text: autoDraw = True
71.4524 	EXP 	fade_in_text: autoDraw = True
71.4690 	EXP 	fade_in_text: autoDraw = True
71.4857 	EXP 	fade_in_text: autoDraw = True
71.5024 	EXP 	fade_in_text: autoDraw = True
71.5190 	EXP 	fade_in_text: autoDraw = True
71.5357 	EXP 	fade_in_text: autoDraw = True
71.5524 	EXP 	fade_in_text: autoDraw = True
71.5690 	EXP 	fade_in_text: autoDraw = True
71.5856 	EXP 	fade_in_text: autoDraw = True
71.6024 	EXP 	fade_in_text: autoDraw = True
71.6190 	EXP 	fade_in_text: autoDraw = True
71.6357 	EXP 	fade_in_text: autoDraw = True
71.6523 	EXP 	fade_in_text: autoDraw = True
71.6690 	EXP 	fade_in_text: autoDraw = True
71.6856 	EXP 	fade_in_text: autoDraw = True
71.7024 	EXP 	fade_in_text: autoDraw = True
71.7190 	EXP 	fade_in_text: autoDraw = True
71.7357 	EXP 	fade_in_text: autoDraw = True
71.7524 	EXP 	fade_in_text: autoDraw = True
71.7691 	EXP 	fade_in_text: autoDraw = True
71.7856 	EXP 	fade_in_text: autoDraw = True
71.8024 	EXP 	fade_in_text: autoDraw = True
71.8190 	EXP 	fade_in_text: autoDraw = True
71.8357 	EXP 	fade_in_text: autoDraw = True
71.8524 	EXP 	fade_in_text: autoDraw = True
71.8691 	EXP 	fade_in_text: autoDraw = True
71.8856 	EXP 	fade_in_text: autoDraw = True
71.9024 	EXP 	fade_in_text: autoDraw = True
71.9190 	EXP 	fade_in_text: autoDraw = True
71.9357 	EXP 	fade_in_text: autoDraw = True
71.9524 	EXP 	fade_in_text: autoDraw = True
71.9690 	EXP 	fade_in_text: autoDraw = True
71.9856 	EXP 	fade_in_text: autoDraw = True
72.0024 	EXP 	fade_in_text: autoDraw = True
72.0191 	EXP 	fade_in_text: autoDraw = True
72.0357 	EXP 	fade_in_text: autoDraw = True
72.0524 	EXP 	fade_in_text: autoDraw = True
72.0690 	EXP 	fade_in_text: autoDraw = True
72.0857 	EXP 	fade_in_text: autoDraw = True
72.1024 	EXP 	fade_in_text: autoDraw = True
72.1191 	EXP 	fade_in_text: autoDraw = True
72.1357 	EXP 	fade_in_text: autoDraw = True
72.1524 	EXP 	fade_in_text: autoDraw = True
72.1690 	EXP 	fade_in_text: autoDraw = True
72.1857 	EXP 	fade_in_text: autoDraw = True
72.2024 	EXP 	fade_in_text: autoDraw = True
72.2191 	EXP 	fade_in_text: autoDraw = True
72.2357 	EXP 	fade_in_text: autoDraw = True
72.2525 	EXP 	fade_in_text: autoDraw = True
72.2690 	EXP 	fade_in_text: autoDraw = True
72.2857 	EXP 	fade_in_text: autoDraw = True
72.3024 	EXP 	fade_in_text: autoDraw = True
72.3191 	EXP 	fade_in_text: autoDraw = True
72.3357 	EXP 	fade_in_text: autoDraw = True
72.3525 	EXP 	fade_in_text: autoDraw = True
72.3690 	EXP 	fade_in_text: autoDraw = True
72.3857 	EXP 	fade_in_text: autoDraw = True
72.4024 	EXP 	fade_in_text: autoDraw = True
72.4191 	EXP 	fade_in_text: autoDraw = True
72.4357 	EXP 	fade_in_text: autoDraw = True
72.4525 	EXP 	fade_in_text: autoDraw = True
72.4690 	EXP 	fade_in_text: autoDraw = True
72.4857 	EXP 	fade_in_text: autoDraw = True
72.5024 	EXP 	fade_in_text: autoDraw = True
72.5191 	EXP 	fade_in_text: autoDraw = True
72.5358 	EXP 	fade_in_text: autoDraw = True
72.5523 	EXP 	fade_in_text: autoDraw = True
72.5691 	EXP 	fade_in_text: autoDraw = True
72.5857 	EXP 	fade_in_text: autoDraw = True
72.6024 	EXP 	fade_in_text: autoDraw = True
72.6191 	EXP 	fade_in_text: autoDraw = True
72.6357 	EXP 	fade_in_text: autoDraw = True
72.6523 	EXP 	fade_in_text: autoDraw = True
72.6691 	EXP 	fade_in_text: autoDraw = True
72.6858 	EXP 	fade_in_text: autoDraw = True
72.7024 	EXP 	fade_in_text: autoDraw = True
72.7191 	EXP 	fade_in_text: autoDraw = True
72.7358 	EXP 	fade_in_text: autoDraw = True
72.7523 	EXP 	fade_in_text: autoDraw = True
72.7691 	EXP 	fade_in_text: autoDraw = True
72.7858 	EXP 	fade_in_text: autoDraw = True
72.8024 	EXP 	fade_in_text: autoDraw = True
72.8191 	EXP 	fade_in_text: autoDraw = True
72.8359 	EXP 	fade_in_text: autoDraw = True
72.8523 	EXP 	fade_in_text: autoDraw = True
72.8691 	EXP 	fade_in_text: autoDraw = True
72.8858 	EXP 	fade_in_text: autoDraw = True
72.9024 	EXP 	fade_in_text: autoDraw = True
72.9192 	EXP 	fade_in_text: autoDraw = True
72.9359 	EXP 	fade_in_text: autoDraw = True
72.9524 	EXP 	fade_in_text: autoDraw = True
72.9691 	EXP 	fade_in_text: autoDraw = True
72.9858 	EXP 	fade_in_text: autoDraw = True
73.0024 	EXP 	fade_in_text: autoDraw = True
73.0192 	EXP 	fade_in_text: autoDraw = True
73.0357 	EXP 	fade_in_text: autoDraw = True
73.0524 	EXP 	fade_in_text: autoDraw = True
73.0691 	EXP 	fade_in_text: autoDraw = True
73.0858 	EXP 	fade_in_text: autoDraw = True
73.1024 	EXP 	fade_in_text: autoDraw = True
73.1192 	EXP 	fade_in_text: autoDraw = True
73.1357 	EXP 	fade_in_text: autoDraw = True
73.1524 	EXP 	fade_in_text: autoDraw = True
73.1691 	EXP 	fade_in_text: autoDraw = True
73.1858 	EXP 	fade_in_text: autoDraw = True
73.2025 	EXP 	fade_in_text: autoDraw = True
73.2192 	EXP 	fade_in_text: autoDraw = True
73.2357 	EXP 	fade_in_text: autoDraw = True
73.2524 	EXP 	fade_in_text: autoDraw = True
73.2691 	EXP 	fade_in_text: autoDraw = True
73.2858 	EXP 	fade_in_text: autoDraw = True
73.3024 	EXP 	fade_in_text: autoDraw = True
73.3192 	EXP 	fade_in_text: autoDraw = True
73.3357 	EXP 	fade_in_text: autoDraw = True
73.3524 	EXP 	fade_in_text: autoDraw = True
73.3691 	EXP 	fade_in_text: autoDraw = True
73.3858 	EXP 	fade_in_text: autoDraw = True
73.4025 	EXP 	fade_in_text: autoDraw = True
73.4193 	EXP 	fade_in_text: autoDraw = True
73.4358 	EXP 	fade_in_text: autoDraw = True
73.4524 	EXP 	fade_in_text: autoDraw = True
73.4691 	EXP 	fade_in_text: autoDraw = True
73.4858 	EXP 	fade_in_text: autoDraw = True
73.5024 	EXP 	fade_in_text: autoDraw = True
73.5193 	EXP 	fade_in_text: autoDraw = True
73.5358 	EXP 	fade_in_text: autoDraw = True
73.5524 	EXP 	fade_in_text: autoDraw = True
73.5691 	EXP 	fade_in_text: autoDraw = True
73.5858 	EXP 	fade_in_text: autoDraw = True
73.6025 	EXP 	fade_in_text: autoDraw = True
73.6191 	EXP 	fade_in_text: autoDraw = True
73.6358 	EXP 	fade_in_text: autoDraw = True
73.6525 	EXP 	fade_in_text: autoDraw = True
73.6691 	EXP 	fade_in_text: autoDraw = True
73.6858 	EXP 	fade_in_text: autoDraw = True
73.7025 	EXP 	fade_in_text: autoDraw = True
73.7190 	EXP 	fade_in_text: autoDraw = True
73.7358 	EXP 	fade_in_text: autoDraw = True
73.7525 	EXP 	fade_in_text: autoDraw = True
73.7691 	EXP 	fade_in_text: autoDraw = True
73.7858 	EXP 	fade_in_text: autoDraw = True
73.8026 	EXP 	fade_in_text: autoDraw = True
73.8191 	EXP 	fade_in_text: autoDraw = True
73.8358 	EXP 	fade_in_text: autoDraw = True
73.8525 	EXP 	fade_in_text: autoDraw = True
73.8691 	EXP 	fade_in_text: autoDraw = True
73.8858 	EXP 	fade_in_text: autoDraw = True
73.9026 	EXP 	fade_in_text: autoDraw = True
73.9191 	EXP 	fade_in_text: autoDraw = True
73.9358 	EXP 	fade_in_text: autoDraw = True
73.9525 	EXP 	fade_in_text: autoDraw = True
73.9692 	EXP 	fade_in_text: autoDraw = True
73.9858 	EXP 	fade_in_text: autoDraw = True
74.0026 	EXP 	fade_in_text: autoDraw = True
74.0192 	EXP 	fade_in_text: autoDraw = True
74.0358 	EXP 	fade_in_text: autoDraw = True
74.0525 	EXP 	fade_in_text: autoDraw = True
74.0691 	EXP 	fade_in_text: autoDraw = True
74.0858 	EXP 	fade_in_text: autoDraw = True
74.1025 	EXP 	fade_in_text: autoDraw = True
74.1191 	EXP 	fade_in_text: autoDraw = True
74.1358 	EXP 	fade_in_text: autoDraw = True
74.1525 	EXP 	fade_in_text: autoDraw = True
74.1692 	EXP 	fade_in_text: autoDraw = True
74.1858 	EXP 	fade_in_text: autoDraw = True
74.2024 	EXP 	fade_in_text: autoDraw = True
74.2192 	EXP 	fade_in_text: autoDraw = True
74.2358 	EXP 	fade_in_text: autoDraw = True
74.2525 	EXP 	fade_in_text: autoDraw = True
74.2692 	EXP 	fade_in_text: autoDraw = True
74.2858 	EXP 	fade_in_text: autoDraw = True
74.3024 	EXP 	fade_in_text: autoDraw = True
74.3192 	EXP 	fade_in_text: autoDraw = True
74.3358 	EXP 	fade_in_text: autoDraw = True
74.3525 	EXP 	fade_in_text: autoDraw = True
74.3692 	EXP 	fade_in_text: autoDraw = True
74.3858 	EXP 	fade_in_text: autoDraw = True
74.4024 	EXP 	fade_in_text: autoDraw = True
74.4192 	EXP 	fade_in_text: autoDraw = True
74.4358 	EXP 	fade_in_text: autoDraw = True
74.4525 	EXP 	fade_in_text: autoDraw = True
74.4692 	EXP 	fade_in_text: autoDraw = True
74.4860 	EXP 	fade_in_text: autoDraw = True
74.5024 	EXP 	fade_in_text: autoDraw = True
74.5192 	EXP 	fade_in_text: autoDraw = True
74.5358 	EXP 	fade_in_text: autoDraw = True
74.5525 	EXP 	fade_in_text: autoDraw = True
74.5692 	EXP 	fade_in_text: autoDraw = True
74.5860 	EXP 	fade_in_text: autoDraw = True
74.6024 	EXP 	fade_in_text: autoDraw = True
74.6192 	EXP 	fade_in_text: autoDraw = True
74.6359 	EXP 	fade_in_text: autoDraw = True
74.6525 	EXP 	fade_in_text: autoDraw = True
74.6692 	EXP 	fade_in_text: autoDraw = True
74.6860 	EXP 	fade_in_text: autoDraw = True
74.7024 	EXP 	fade_in_text: autoDraw = True
74.7192 	EXP 	fade_in_text: autoDraw = True
74.7359 	EXP 	fade_in_text: autoDraw = True
74.7525 	EXP 	fade_in_text: autoDraw = True
74.7692 	EXP 	fade_in_text: autoDraw = True
74.7859 	EXP 	fade_in_text: autoDraw = True
74.8025 	EXP 	fade_in_text: autoDraw = True
74.8192 	EXP 	fade_in_text: autoDraw = True
74.8359 	EXP 	fade_in_text: autoDraw = True
74.8525 	EXP 	fade_in_text: autoDraw = True
74.8692 	EXP 	fade_in_text: autoDraw = True
74.8858 	EXP 	fade_in_text: autoDraw = True
74.9025 	EXP 	fade_in_text: autoDraw = True
74.9192 	EXP 	fade_in_text: autoDraw = True
74.9359 	EXP 	fade_in_text: autoDraw = True
74.9525 	EXP 	fade_in_text: autoDraw = True
74.9692 	EXP 	fade_in_text: autoDraw = True
74.9858 	EXP 	fade_in_text: autoDraw = True
75.0025 	EXP 	fade_in_text: autoDraw = True
75.0192 	EXP 	fade_in_text: autoDraw = True
75.0360 	EXP 	fade_in_text: autoDraw = True
75.0525 	EXP 	fade_in_text: autoDraw = True
75.0692 	EXP 	fade_in_text: autoDraw = True
75.0858 	EXP 	fade_in_text: autoDraw = True
75.1025 	EXP 	fade_in_text: autoDraw = True
75.1192 	EXP 	fade_in_text: autoDraw = True
75.1359 	EXP 	fade_in_text: autoDraw = True
75.1525 	EXP 	fade_in_text: autoDraw = True
75.1693 	EXP 	fade_in_text: autoDraw = True
75.1858 	EXP 	fade_in_text: autoDraw = True
75.2025 	EXP 	fade_in_text: autoDraw = True
75.2192 	EXP 	fade_in_text: autoDraw = True
75.2359 	EXP 	fade_in_text: autoDraw = True
75.2526 	EXP 	fade_in_text: autoDraw = True
75.2693 	EXP 	fade_in_text: autoDraw = True
75.2858 	EXP 	fade_in_text: autoDraw = True
75.3025 	EXP 	fade_in_text: autoDraw = True
75.3192 	EXP 	fade_in_text: autoDraw = True
75.3359 	EXP 	fade_in_text: autoDraw = True
75.3525 	EXP 	fade_in_text: autoDraw = True
75.3693 	EXP 	fade_in_text: autoDraw = True
75.3858 	EXP 	fade_in_text: autoDraw = True
75.4025 	EXP 	fade_in_text: autoDraw = True
75.4192 	EXP 	fade_in_text: autoDraw = True
75.4359 	EXP 	fade_in_text: autoDraw = True
75.4526 	EXP 	fade_in_text: autoDraw = True
75.4693 	EXP 	fade_in_text: autoDraw = True
75.4858 	EXP 	fade_in_text: autoDraw = True
75.5026 	EXP 	fade_in_text: autoDraw = True
75.5192 	EXP 	fade_in_text: autoDraw = True
75.5359 	EXP 	fade_in_text: autoDraw = True
75.5526 	EXP 	fade_in_text: autoDraw = True
75.5692 	EXP 	fade_in_text: autoDraw = True
75.5858 	EXP 	fade_in_text: autoDraw = True
75.6026 	EXP 	fade_in_text: autoDraw = True
75.6192 	EXP 	fade_in_text: autoDraw = True
75.6360 	EXP 	fade_in_text: autoDraw = True
75.6526 	EXP 	fade_in_text: autoDraw = True
75.6692 	EXP 	fade_in_text: autoDraw = True
75.6859 	EXP 	fade_in_text: autoDraw = True
75.7026 	EXP 	fade_in_text: autoDraw = True
75.7192 	EXP 	fade_in_text: autoDraw = True
75.7359 	EXP 	fade_in_text: autoDraw = True
75.7526 	EXP 	fade_in_text: autoDraw = True
75.7692 	EXP 	fade_in_text: autoDraw = True
75.7859 	EXP 	fade_in_text: autoDraw = True
75.8026 	EXP 	fade_in_text: autoDraw = True
75.8193 	EXP 	fade_in_text: autoDraw = True
75.8359 	EXP 	fade_in_text: autoDraw = True
75.8527 	EXP 	fade_in_text: autoDraw = True
75.8692 	EXP 	fade_in_text: autoDraw = True
75.8859 	EXP 	fade_in_text: autoDraw = True
75.9026 	EXP 	fade_in_text: autoDraw = True
75.9193 	EXP 	fade_in_text: autoDraw = True
75.9359 	EXP 	fade_in_text: autoDraw = True
75.9527 	EXP 	fade_in_text: autoDraw = True
75.9692 	EXP 	fade_in_text: autoDraw = True
75.9859 	EXP 	fade_in_text: autoDraw = True
76.0026 	EXP 	fade_in_text: autoDraw = True
76.0193 	EXP 	fade_in_text: autoDraw = True
76.0359 	EXP 	fade_in_text: autoDraw = True
76.0527 	EXP 	fade_in_text: autoDraw = True
76.0692 	EXP 	fade_in_text: autoDraw = True
76.0859 	EXP 	fade_in_text: autoDraw = True
76.1026 	EXP 	fade_in_text: autoDraw = True
76.1193 	EXP 	fade_in_text: autoDraw = True
76.1359 	EXP 	fade_in_text: autoDraw = True
76.1526 	EXP 	fade_in_text: autoDraw = True
76.1693 	EXP 	fade_in_text: autoDraw = True
76.1859 	EXP 	fade_in_text: autoDraw = True
76.2026 	EXP 	fade_in_text: autoDraw = True
76.2193 	EXP 	fade_in_text: autoDraw = True
76.2360 	EXP 	fade_in_text: autoDraw = True
76.2525 	EXP 	fade_in_text: autoDraw = True
76.2692 	EXP 	fade_in_text: autoDraw = True
76.2859 	EXP 	fade_in_text: autoDraw = True
76.3026 	EXP 	fade_in_text: autoDraw = True
76.3193 	EXP 	fade_in_text: autoDraw = True
76.3360 	EXP 	fade_in_text: autoDraw = True
76.3525 	EXP 	fade_in_text: autoDraw = True
76.3693 	EXP 	fade_in_text: autoDraw = True
76.3860 	EXP 	fade_in_text: autoDraw = True
76.4026 	EXP 	fade_in_text: autoDraw = True
76.4193 	EXP 	fade_in_text: autoDraw = True
76.4360 	EXP 	fade_in_text: autoDraw = True
76.4526 	EXP 	fade_in_text: autoDraw = True
76.4693 	EXP 	fade_in_text: autoDraw = True
76.4860 	EXP 	fade_in_text: autoDraw = True
76.5026 	EXP 	fade_in_text: autoDraw = True
76.5193 	EXP 	fade_in_text: autoDraw = True
76.5360 	EXP 	fade_in_text: autoDraw = True
76.5525 	EXP 	fade_in_text: autoDraw = True
76.5693 	EXP 	fade_in_text: autoDraw = True
76.5860 	EXP 	fade_in_text: autoDraw = True
76.6026 	EXP 	fade_in_text: autoDraw = True
76.6193 	EXP 	fade_in_text: autoDraw = True
76.6361 	EXP 	fade_in_text: autoDraw = True
76.6526 	EXP 	fade_in_text: autoDraw = True
76.6693 	EXP 	fade_in_text: autoDraw = True
76.6860 	EXP 	fade_in_text: autoDraw = True
76.7026 	EXP 	fade_in_text: autoDraw = True
76.7193 	EXP 	fade_in_text: autoDraw = True
76.7361 	EXP 	fade_in_text: autoDraw = True
76.7526 	EXP 	fade_in_text: autoDraw = True
76.7693 	EXP 	fade_in_text: autoDraw = True
76.7860 	EXP 	fade_in_text: autoDraw = True
76.8026 	EXP 	fade_in_text: autoDraw = True
76.8193 	EXP 	fade_in_text: autoDraw = True
76.8361 	EXP 	fade_in_text: autoDraw = True
76.8526 	EXP 	fade_in_text: autoDraw = True
76.8693 	EXP 	fade_in_text: autoDraw = True
76.8860 	EXP 	fade_in_text: autoDraw = True
76.9026 	EXP 	fade_in_text: autoDraw = True
76.9193 	EXP 	fade_in_text: autoDraw = True
76.9360 	EXP 	fade_in_text: autoDraw = True
76.9526 	EXP 	fade_in_text: autoDraw = True
76.9693 	EXP 	fade_in_text: autoDraw = True
76.9860 	EXP 	fade_in_text: autoDraw = True
77.0026 	EXP 	fade_in_text: autoDraw = True
77.0193 	EXP 	fade_in_text: autoDraw = True
77.0360 	EXP 	fade_in_text: autoDraw = True
77.0526 	EXP 	fade_in_text: autoDraw = True
77.0693 	EXP 	fade_in_text: autoDraw = True
77.0860 	EXP 	fade_in_text: autoDraw = True
77.1026 	EXP 	fade_in_text: autoDraw = True
77.1193 	EXP 	fade_in_text: autoDraw = True
77.1360 	EXP 	fade_in_text: autoDraw = True
77.1526 	EXP 	fade_in_text: autoDraw = True
77.1693 	EXP 	fade_in_text: autoDraw = True
77.1860 	EXP 	fade_in_text: autoDraw = True
77.2027 	EXP 	fade_in_text: autoDraw = True
77.2193 	EXP 	fade_in_text: autoDraw = True
77.2359 	EXP 	fade_in_text: autoDraw = True
77.2527 	EXP 	fade_in_text: autoDraw = True
77.2693 	EXP 	fade_in_text: autoDraw = True
77.2860 	EXP 	fade_in_text: autoDraw = True
77.3027 	EXP 	fade_in_text: autoDraw = True
77.3194 	EXP 	fade_in_text: autoDraw = True
77.3359 	EXP 	fade_in_text: autoDraw = True
77.3527 	EXP 	fade_in_text: autoDraw = True
77.3693 	EXP 	fade_in_text: autoDraw = True
77.3860 	EXP 	fade_in_text: autoDraw = True
77.4027 	EXP 	fade_in_text: autoDraw = True
77.4194 	EXP 	fade_in_text: autoDraw = True
77.4360 	EXP 	fade_in_text: autoDraw = True
77.4527 	EXP 	fade_in_text: autoDraw = True
77.4693 	EXP 	fade_in_text: autoDraw = True
77.4860 	EXP 	fade_in_text: autoDraw = True
77.5027 	EXP 	fade_in_text: autoDraw = True
77.5193 	EXP 	fade_in_text: autoDraw = True
77.5359 	EXP 	fade_in_text: autoDraw = True
77.5527 	EXP 	fade_in_text: autoDraw = True
77.5694 	EXP 	fade_in_text: autoDraw = True
77.5860 	EXP 	fade_in_text: autoDraw = True
77.6027 	EXP 	fade_in_text: autoDraw = True
77.6193 	EXP 	fade_in_text: autoDraw = True
77.6360 	EXP 	fade_in_text: autoDraw = True
77.6527 	EXP 	fade_in_text: autoDraw = True
77.6693 	EXP 	fade_in_text: autoDraw = True
77.6860 	EXP 	fade_in_text: autoDraw = True
77.7027 	EXP 	fade_in_text: autoDraw = True
77.7193 	EXP 	fade_in_text: autoDraw = True
77.7360 	EXP 	fade_in_text: autoDraw = True
77.7527 	EXP 	fade_in_text: autoDraw = True
77.7694 	EXP 	fade_in_text: autoDraw = True
77.7860 	EXP 	fade_in_text: autoDraw = True
77.8027 	EXP 	fade_in_text: autoDraw = True
77.8193 	EXP 	fade_in_text: autoDraw = True
77.8360 	EXP 	fade_in_text: autoDraw = True
77.8527 	EXP 	fade_in_text: autoDraw = True
77.8694 	EXP 	fade_in_text: autoDraw = True
77.8860 	EXP 	fade_in_text: autoDraw = True
77.9028 	EXP 	fade_in_text: autoDraw = True
77.9193 	EXP 	fade_in_text: autoDraw = True
77.9360 	EXP 	fade_in_text: autoDraw = True
77.9527 	EXP 	fade_in_text: autoDraw = True
77.9694 	EXP 	fade_in_text: autoDraw = True
77.9860 	EXP 	fade_in_text: autoDraw = True
78.0028 	EXP 	fade_in_text: autoDraw = True
78.0193 	EXP 	fade_in_text: autoDraw = True
78.0360 	EXP 	fade_in_text: autoDraw = True
78.0527 	EXP 	fade_in_text: autoDraw = True
78.0694 	EXP 	fade_in_text: autoDraw = True
78.0860 	EXP 	fade_in_text: autoDraw = True
78.1028 	EXP 	fade_in_text: autoDraw = True
78.1193 	EXP 	fade_in_text: autoDraw = True
78.1360 	EXP 	fade_in_text: autoDraw = True
78.1527 	EXP 	fade_in_text: autoDraw = True
78.1694 	EXP 	fade_in_text: autoDraw = True
78.1860 	EXP 	fade_in_text: autoDraw = True
78.2029 	EXP 	fade_in_text: autoDraw = True
78.2194 	EXP 	fade_in_text: autoDraw = True
78.2360 	EXP 	fade_in_text: autoDraw = True
78.2527 	EXP 	fade_in_text: autoDraw = True
78.2694 	EXP 	fade_in_text: autoDraw = True
78.2860 	EXP 	fade_in_text: autoDraw = True
78.3026 	EXP 	fade_in_text: autoDraw = True
78.3193 	EXP 	fade_in_text: autoDraw = True
78.3361 	EXP 	fade_in_text: autoDraw = True
78.3527 	EXP 	fade_in_text: autoDraw = True
78.3694 	EXP 	fade_in_text: autoDraw = True
78.3860 	EXP 	fade_in_text: autoDraw = True
78.4026 	EXP 	fade_in_text: autoDraw = True
78.4194 	EXP 	fade_in_text: autoDraw = True
78.4361 	EXP 	fade_in_text: autoDraw = True
78.4527 	EXP 	fade_in_text: autoDraw = True
78.4694 	EXP 	fade_in_text: autoDraw = True
78.4861 	EXP 	fade_in_text: autoDraw = True
78.5027 	EXP 	fade_in_text: autoDraw = True
78.5194 	EXP 	fade_in_text: autoDraw = True
78.5361 	EXP 	fade_in_text: autoDraw = True
78.5527 	EXP 	fade_in_text: autoDraw = True
78.5694 	EXP 	fade_in_text: autoDraw = True
78.5861 	EXP 	fade_in_text: autoDraw = True
78.6026 	EXP 	fade_in_text: autoDraw = True
78.6194 	EXP 	fade_in_text: autoDraw = True
78.6361 	EXP 	fade_in_text: autoDraw = True
78.6527 	EXP 	fade_in_text: autoDraw = True
78.6694 	EXP 	fade_in_text: autoDraw = True
78.6862 	EXP 	fade_in_text: autoDraw = True
78.7027 	EXP 	fade_in_text: autoDraw = True
78.7194 	EXP 	fade_in_text: autoDraw = True
78.7361 	EXP 	fade_in_text: autoDraw = True
78.7527 	EXP 	fade_in_text: autoDraw = True
78.7694 	EXP 	fade_in_text: autoDraw = True
78.7862 	EXP 	fade_in_text: autoDraw = True
78.8027 	EXP 	fade_in_text: autoDraw = True
78.8194 	EXP 	fade_in_text: autoDraw = True
78.8361 	EXP 	fade_in_text: autoDraw = True
78.8528 	EXP 	fade_in_text: autoDraw = True
78.8694 	EXP 	fade_in_text: autoDraw = True
78.8862 	EXP 	fade_in_text: autoDraw = True
78.9027 	EXP 	fade_in_text: autoDraw = True
78.9194 	EXP 	fade_in_text: autoDraw = True
78.9361 	EXP 	fade_in_text: autoDraw = True
78.9528 	EXP 	fade_in_text: autoDraw = True
78.9694 	EXP 	fade_in_text: autoDraw = True
78.9860 	EXP 	fade_in_text: autoDraw = True
79.0027 	EXP 	fade_in_text: autoDraw = True
79.0194 	EXP 	fade_in_text: autoDraw = True
79.0361 	EXP 	fade_in_text: autoDraw = True
79.0528 	EXP 	fade_in_text: autoDraw = True
79.0694 	EXP 	fade_in_text: autoDraw = True
79.0860 	EXP 	fade_in_text: autoDraw = True
79.1027 	EXP 	fade_in_text: autoDraw = True
79.1194 	EXP 	fade_in_text: autoDraw = True
79.1361 	EXP 	fade_in_text: autoDraw = True
79.1528 	EXP 	fade_in_text: autoDraw = True
79.1694 	EXP 	fade_in_text: autoDraw = True
79.1860 	EXP 	fade_in_text: autoDraw = True
79.2028 	EXP 	fade_in_text: autoDraw = True
79.2194 	EXP 	fade_in_text: autoDraw = True
79.2361 	EXP 	fade_in_text: autoDraw = True
79.2528 	EXP 	fade_in_text: autoDraw = True
79.2695 	EXP 	fade_in_text: autoDraw = True
79.2860 	EXP 	fade_in_text: autoDraw = True
79.3028 	EXP 	fade_in_text: autoDraw = True
79.3194 	EXP 	fade_in_text: autoDraw = True
79.3361 	EXP 	fade_in_text: autoDraw = True
79.3528 	EXP 	fade_in_text: autoDraw = True
79.3695 	EXP 	fade_in_text: autoDraw = True
79.3860 	EXP 	fade_in_text: autoDraw = True
79.4028 	EXP 	fade_in_text: autoDraw = True
79.4194 	EXP 	fade_in_text: autoDraw = True
79.4361 	EXP 	fade_in_text: autoDraw = True
79.4528 	EXP 	fade_in_text: autoDraw = True
79.4695 	EXP 	fade_in_text: autoDraw = True
79.4861 	EXP 	fade_in_text: autoDraw = True
79.5028 	EXP 	fade_in_text: autoDraw = True
79.5194 	EXP 	fade_in_text: autoDraw = True
79.5361 	EXP 	fade_in_text: autoDraw = True
79.5528 	EXP 	fade_in_text: autoDraw = True
79.5696 	EXP 	fade_in_text: autoDraw = True
79.5860 	EXP 	fade_in_text: autoDraw = True
79.6028 	EXP 	fade_in_text: autoDraw = True
79.6194 	EXP 	fade_in_text: autoDraw = True
79.6361 	EXP 	fade_in_text: autoDraw = True
79.6528 	EXP 	fade_in_text: autoDraw = True
79.6694 	EXP 	fade_in_text: autoDraw = True
79.6861 	EXP 	fade_in_text: autoDraw = True
79.7028 	EXP 	fade_in_text: autoDraw = True
79.7195 	EXP 	fade_in_text: autoDraw = True
79.7361 	EXP 	fade_in_text: autoDraw = True
79.7528 	EXP 	fade_in_text: autoDraw = True
79.7694 	EXP 	fade_in_text: autoDraw = True
79.7861 	EXP 	fade_in_text: autoDraw = True
79.8028 	EXP 	fade_in_text: autoDraw = True
79.8195 	EXP 	fade_in_text: autoDraw = True
79.8361 	EXP 	fade_in_text: autoDraw = True
79.8528 	EXP 	fade_in_text: autoDraw = True
79.8694 	EXP 	fade_in_text: autoDraw = True
79.8861 	EXP 	fade_in_text: autoDraw = True
79.9028 	EXP 	fade_in_text: autoDraw = True
79.9195 	EXP 	fade_in_text: autoDraw = True
79.9361 	EXP 	fade_in_text: autoDraw = True
79.9529 	EXP 	fade_in_text: autoDraw = True
79.9694 	EXP 	fade_in_text: autoDraw = True
79.9861 	EXP 	fade_in_text: autoDraw = True
80.0028 	EXP 	fade_in_text: autoDraw = True
80.0195 	EXP 	fade_in_text: autoDraw = True
80.0361 	EXP 	fade_in_text: autoDraw = True
80.0529 	EXP 	fade_in_text: autoDraw = True
80.0694 	EXP 	fade_in_text: autoDraw = True
80.0861 	EXP 	fade_in_text: autoDraw = True
80.1028 	EXP 	fade_in_text: autoDraw = True
80.1195 	EXP 	fade_in_text: autoDraw = True
80.1361 	EXP 	fade_in_text: autoDraw = True
80.1529 	EXP 	fade_in_text: autoDraw = True
80.1694 	EXP 	fade_in_text: autoDraw = True
80.1861 	EXP 	fade_in_text: autoDraw = True
80.2028 	EXP 	fade_in_text: autoDraw = True
80.2195 	EXP 	fade_in_text: autoDraw = True
80.2362 	EXP 	fade_in_text: autoDraw = True
80.2529 	EXP 	fade_in_text: autoDraw = True
80.2694 	EXP 	fade_in_text: autoDraw = True
80.2862 	EXP 	fade_in_text: autoDraw = True
80.3028 	EXP 	fade_in_text: autoDraw = True
80.3195 	EXP 	fade_in_text: autoDraw = True
80.3362 	EXP 	fade_in_text: autoDraw = True
80.3528 	EXP 	fade_in_text: autoDraw = True
80.3694 	EXP 	fade_in_text: autoDraw = True
80.3862 	EXP 	fade_in_text: autoDraw = True
80.4029 	EXP 	fade_in_text: autoDraw = True
80.4194 	EXP 	fade_in_text: autoDraw = True
80.4362 	EXP 	fade_in_text: autoDraw = True
80.4528 	EXP 	fade_in_text: autoDraw = True
80.4695 	EXP 	fade_in_text: autoDraw = True
80.4862 	EXP 	fade_in_text: autoDraw = True
80.5028 	EXP 	fade_in_text: autoDraw = True
80.5195 	EXP 	fade_in_text: autoDraw = True
80.5362 	EXP 	fade_in_text: autoDraw = True
80.5528 	EXP 	fade_in_text: autoDraw = True
80.5695 	EXP 	fade_in_text: autoDraw = True
80.5862 	EXP 	fade_in_text: autoDraw = True
80.6028 	EXP 	fade_in_text: autoDraw = True
80.6195 	EXP 	fade_in_text: autoDraw = True
80.6363 	EXP 	fade_in_text: autoDraw = True
80.6529 	EXP 	fade_in_text: autoDraw = True
80.6695 	EXP 	fade_in_text: autoDraw = True
80.6862 	EXP 	fade_in_text: autoDraw = True
80.7028 	EXP 	fade_in_text: autoDraw = True
80.7195 	EXP 	fade_in_text: autoDraw = True
80.7363 	EXP 	fade_in_text: autoDraw = True
80.7528 	EXP 	fade_in_text: autoDraw = True
80.7695 	EXP 	fade_in_text: autoDraw = True
80.7862 	EXP 	fade_in_text: autoDraw = True
80.8028 	EXP 	fade_in_text: autoDraw = True
80.8195 	EXP 	fade_in_text: autoDraw = True
80.8361 	EXP 	fade_in_text: autoDraw = True
80.8529 	EXP 	fade_in_text: autoDraw = True
80.8695 	EXP 	fade_in_text: autoDraw = True
80.8862 	EXP 	fade_in_text: autoDraw = True
80.9029 	EXP 	fade_in_text: autoDraw = True
80.9195 	EXP 	fade_in_text: autoDraw = True
80.9361 	EXP 	fade_in_text: autoDraw = True
80.9528 	EXP 	fade_in_text: autoDraw = True
80.9695 	EXP 	fade_in_text: autoDraw = True
80.9862 	EXP 	fade_in_text: autoDraw = True
81.0029 	EXP 	fade_in_text: autoDraw = True
81.0195 	EXP 	fade_in_text: autoDraw = True
81.0361 	EXP 	fade_in_text: autoDraw = True
81.0529 	EXP 	fade_in_text: autoDraw = True
81.0695 	EXP 	fade_in_text: autoDraw = True
81.0862 	EXP 	fade_in_text: autoDraw = True
81.1029 	EXP 	fade_in_text: autoDraw = True
81.1195 	EXP 	fade_in_text: autoDraw = True
81.1361 	EXP 	fade_in_text: autoDraw = True
81.1529 	EXP 	fade_in_text: autoDraw = True
81.1695 	EXP 	fade_in_text: autoDraw = True
81.1862 	EXP 	fade_in_text: autoDraw = True
81.2029 	EXP 	fade_in_text: autoDraw = True
81.2196 	EXP 	fade_in_text: autoDraw = True
81.2361 	EXP 	fade_in_text: autoDraw = True
81.2529 	EXP 	fade_in_text: autoDraw = True
81.2695 	EXP 	fade_in_text: autoDraw = True
81.2862 	EXP 	fade_in_text: autoDraw = True
81.3029 	EXP 	fade_in_text: autoDraw = True
81.3196 	EXP 	fade_in_text: autoDraw = True
81.3361 	EXP 	fade_in_text: autoDraw = True
81.3529 	EXP 	fade_in_text: autoDraw = True
81.3696 	EXP 	fade_in_text: autoDraw = True
81.3862 	EXP 	fade_in_text: autoDraw = True
81.4029 	EXP 	fade_in_text: autoDraw = True
81.4196 	EXP 	fade_in_text: autoDraw = True
81.4361 	EXP 	fade_in_text: autoDraw = True
81.4529 	EXP 	fade_in_text: autoDraw = True
81.4696 	EXP 	fade_in_text: autoDraw = True
81.4862 	EXP 	fade_in_text: autoDraw = True
81.5029 	EXP 	fade_in_text: autoDraw = True
81.5195 	EXP 	fade_in_text: autoDraw = True
81.5362 	EXP 	fade_in_text: autoDraw = True
81.5529 	EXP 	fade_in_text: autoDraw = True
81.5696 	EXP 	fade_in_text: autoDraw = True
81.5862 	EXP 	fade_in_text: autoDraw = True
81.6029 	EXP 	fade_in_text: autoDraw = True
81.6195 	EXP 	fade_in_text: autoDraw = True
81.6361 	EXP 	fade_in_text: autoDraw = True
81.6529 	EXP 	fade_in_text: autoDraw = True
81.6696 	EXP 	fade_in_text: autoDraw = True
81.6862 	EXP 	fade_in_text: autoDraw = True
81.7029 	EXP 	fade_in_text: autoDraw = True
81.7195 	EXP 	fade_in_text: autoDraw = True
81.7362 	EXP 	fade_in_text: autoDraw = True
81.7529 	EXP 	fade_in_text: autoDraw = True
81.7696 	EXP 	fade_in_text: autoDraw = True
81.7862 	EXP 	fade_in_text: autoDraw = True
81.8029 	EXP 	fade_in_text: autoDraw = True
81.8195 	EXP 	fade_in_text: autoDraw = True
81.8362 	EXP 	fade_in_text: autoDraw = True
81.8529 	EXP 	fade_in_text: autoDraw = True
81.8696 	EXP 	fade_in_text: autoDraw = True
81.8862 	EXP 	fade_in_text: autoDraw = True
81.9030 	EXP 	fade_in_text: autoDraw = True
81.9195 	EXP 	fade_in_text: autoDraw = True
81.9362 	EXP 	fade_in_text: autoDraw = True
81.9529 	EXP 	fade_in_text: autoDraw = True
81.9696 	EXP 	fade_in_text: autoDraw = True
81.9863 	EXP 	fade_in_text: autoDraw = True
82.0030 	EXP 	fade_in_text: autoDraw = True
82.0195 	EXP 	fade_in_text: autoDraw = True
82.0362 	EXP 	fade_in_text: autoDraw = True
82.0529 	EXP 	fade_in_text: autoDraw = True
82.0696 	EXP 	fade_in_text: autoDraw = True
82.0862 	EXP 	fade_in_text: autoDraw = True
82.1031 	EXP 	fade_in_text: autoDraw = True
82.1195 	EXP 	fade_in_text: autoDraw = True
82.1363 	EXP 	fade_in_text: autoDraw = True
82.1529 	EXP 	fade_in_text: autoDraw = True
82.1696 	EXP 	fade_in_text: autoDraw = True
82.1863 	EXP 	fade_in_text: autoDraw = True
82.2028 	EXP 	fade_in_text: autoDraw = True
82.2195 	EXP 	fade_in_text: autoDraw = True
82.2363 	EXP 	fade_in_text: autoDraw = True
82.2529 	EXP 	fade_in_text: autoDraw = True
82.2696 	EXP 	fade_in_text: autoDraw = True
82.2863 	EXP 	fade_in_text: autoDraw = True
82.3028 	EXP 	fade_in_text: autoDraw = True
82.3195 	EXP 	fade_in_text: autoDraw = True
82.3363 	EXP 	fade_in_text: autoDraw = True
82.3529 	EXP 	fade_in_text: autoDraw = True
82.3696 	EXP 	fade_in_text: autoDraw = True
82.3863 	EXP 	fade_in_text: autoDraw = True
82.4028 	EXP 	fade_in_text: autoDraw = True
82.4196 	EXP 	fade_in_text: autoDraw = True
82.4363 	EXP 	fade_in_text: autoDraw = True
82.4529 	EXP 	fade_in_text: autoDraw = True
82.4696 	EXP 	fade_in_text: autoDraw = True
82.4863 	EXP 	fade_in_text: autoDraw = True
82.5029 	EXP 	fade_in_text: autoDraw = True
82.5196 	EXP 	fade_in_text: autoDraw = True
82.5363 	EXP 	fade_in_text: autoDraw = True
82.5529 	EXP 	fade_in_text: autoDraw = True
82.5696 	EXP 	fade_in_text: autoDraw = True
82.5864 	EXP 	fade_in_text: autoDraw = True
82.6029 	EXP 	fade_in_text: autoDraw = True
82.6196 	EXP 	fade_in_text: autoDraw = True
82.6363 	EXP 	fade_in_text: autoDraw = True
82.6530 	EXP 	fade_in_text: autoDraw = True
82.6696 	EXP 	fade_in_text: autoDraw = True
82.6863 	EXP 	fade_in_text: autoDraw = True
82.7029 	EXP 	fade_in_text: autoDraw = True
82.7196 	EXP 	fade_in_text: autoDraw = True
82.7363 	EXP 	fade_in_text: autoDraw = True
82.7529 	EXP 	fade_in_text: autoDraw = True
82.7696 	EXP 	fade_in_text: autoDraw = True
82.7864 	EXP 	fade_in_text: autoDraw = True
82.8029 	EXP 	fade_in_text: autoDraw = True
82.8196 	EXP 	fade_in_text: autoDraw = True
82.8363 	EXP 	fade_in_text: autoDraw = True
82.8530 	EXP 	fade_in_text: autoDraw = True
82.8696 	EXP 	fade_in_text: autoDraw = True
82.8862 	EXP 	fade_in_text: autoDraw = True
82.9029 	EXP 	fade_in_text: autoDraw = True
82.9196 	EXP 	fade_in_text: autoDraw = True
82.9363 	EXP 	fade_in_text: autoDraw = True
82.9530 	EXP 	fade_in_text: autoDraw = True
82.9696 	EXP 	fade_in_text: autoDraw = True
82.9862 	EXP 	fade_in_text: autoDraw = True
83.0029 	EXP 	fade_in_text: autoDraw = True
83.0196 	EXP 	fade_in_text: autoDraw = True
83.0363 	EXP 	fade_in_text: autoDraw = True
83.0530 	EXP 	fade_in_text: autoDraw = True
83.0696 	EXP 	fade_in_text: autoDraw = True
83.0862 	EXP 	fade_in_text: autoDraw = True
83.1030 	EXP 	fade_in_text: autoDraw = True
83.1196 	EXP 	fade_in_text: autoDraw = True
83.1363 	EXP 	fade_in_text: autoDraw = True
83.1530 	EXP 	fade_in_text: autoDraw = True
83.1696 	EXP 	fade_in_text: autoDraw = True
83.1862 	EXP 	fade_in_text: autoDraw = True
83.2030 	EXP 	fade_in_text: autoDraw = True
83.2196 	EXP 	fade_in_text: autoDraw = True
83.2363 	EXP 	fade_in_text: autoDraw = True
83.2530 	EXP 	fade_in_text: autoDraw = True
83.2697 	EXP 	fade_in_text: autoDraw = True
83.2862 	EXP 	fade_in_text: autoDraw = True
83.3030 	EXP 	fade_in_text: autoDraw = True
83.3196 	EXP 	fade_in_text: autoDraw = True
83.3363 	EXP 	fade_in_text: autoDraw = True
83.3530 	EXP 	fade_in_text: autoDraw = True
83.3698 	EXP 	fade_in_text: autoDraw = True
83.3862 	EXP 	fade_in_text: autoDraw = True
83.4030 	EXP 	fade_in_text: autoDraw = True
83.4197 	EXP 	fade_in_text: autoDraw = True
83.4363 	EXP 	fade_in_text: autoDraw = True
83.4530 	EXP 	fade_in_text: autoDraw = True
83.4698 	EXP 	fade_in_text: autoDraw = True
83.4862 	EXP 	fade_in_text: autoDraw = True
83.5030 	EXP 	fade_in_text: autoDraw = True
83.5196 	EXP 	fade_in_text: autoDraw = True
83.5363 	EXP 	fade_in_text: autoDraw = True
83.5530 	EXP 	fade_in_text: autoDraw = True
83.5698 	EXP 	fade_in_text: autoDraw = True
83.5862 	EXP 	fade_in_text: autoDraw = True
83.6030 	EXP 	fade_in_text: autoDraw = True
83.6197 	EXP 	fade_in_text: autoDraw = True
83.6363 	EXP 	fade_in_text: autoDraw = True
83.6530 	EXP 	fade_in_text: autoDraw = True
83.6697 	EXP 	fade_in_text: autoDraw = True
83.6862 	EXP 	fade_in_text: autoDraw = True
83.7030 	EXP 	fade_in_text: autoDraw = True
83.7197 	EXP 	fade_in_text: autoDraw = True
83.7363 	EXP 	fade_in_text: autoDraw = True
83.7530 	EXP 	fade_in_text: autoDraw = True
83.7697 	EXP 	fade_in_text: autoDraw = True
83.7863 	EXP 	fade_in_text: autoDraw = True
83.8030 	EXP 	fade_in_text: autoDraw = True
83.8197 	EXP 	fade_in_text: autoDraw = True
83.8363 	EXP 	fade_in_text: autoDraw = True
83.8531 	EXP 	fade_in_text: autoDraw = True
83.8697 	EXP 	fade_in_text: autoDraw = True
83.8863 	EXP 	fade_in_text: autoDraw = True
83.9030 	EXP 	fade_in_text: autoDraw = True
83.9197 	EXP 	fade_in_text: autoDraw = True
83.9363 	EXP 	fade_in_text: autoDraw = True
83.9531 	EXP 	fade_in_text: autoDraw = True
83.9697 	EXP 	fade_in_text: autoDraw = True
83.9863 	EXP 	fade_in_text: autoDraw = True
84.0030 	EXP 	fade_in_text: autoDraw = True
84.0197 	EXP 	fade_in_text: autoDraw = True
84.0364 	EXP 	fade_in_text: autoDraw = True
84.0531 	EXP 	fade_in_text: autoDraw = True
84.0697 	EXP 	fade_in_text: autoDraw = True
84.0863 	EXP 	fade_in_text: autoDraw = True
84.1030 	EXP 	fade_in_text: autoDraw = True
84.1197 	EXP 	fade_in_text: autoDraw = True
84.1364 	EXP 	fade_in_text: autoDraw = True
84.1531 	EXP 	fade_in_text: autoDraw = True
84.1697 	EXP 	fade_in_text: autoDraw = True
84.1864 	EXP 	fade_in_text: autoDraw = True
84.2030 	EXP 	fade_in_text: autoDraw = True
84.2197 	EXP 	fade_in_text: autoDraw = True
84.2364 	EXP 	fade_in_text: autoDraw = True
84.2530 	EXP 	fade_in_text: autoDraw = True
84.2697 	EXP 	fade_in_text: autoDraw = True
84.2864 	EXP 	fade_in_text: autoDraw = True
84.3030 	EXP 	fade_in_text: autoDraw = True
84.3197 	EXP 	fade_in_text: autoDraw = True
84.3364 	EXP 	fade_in_text: autoDraw = True
84.3529 	EXP 	fade_in_text: autoDraw = True
84.3696 	EXP 	fade_in_text: autoDraw = True
84.3864 	EXP 	fade_in_text: autoDraw = True
84.4030 	EXP 	fade_in_text: autoDraw = True
84.4197 	EXP 	fade_in_text: autoDraw = True
84.4363 	EXP 	fade_in_text: autoDraw = True
84.4530 	EXP 	fade_in_text: autoDraw = True
84.4697 	EXP 	fade_in_text: autoDraw = True
84.4864 	EXP 	fade_in_text: autoDraw = True
84.5030 	EXP 	fade_in_text: autoDraw = True
87.5365 	EXP 	fade_in_text: autoDraw = False
87.5365 	EXP 	RS_intro_title: autoDraw = True
87.5365 	EXP 	RS_intro_text: autoDraw = True
110.5547 	EXP 	RS_intro_title: autoDraw = False
110.5547 	EXP 	RS_intro_text: autoDraw = False
110.5547 	EXP 	RS_intro_title: autoDraw = False
110.5547 	EXP 	RS_intro_text: autoDraw = False
110.5547 	EXP 	RS_rec_text: text = 'Please keep relaxed and open your eyes.\nNote: Blinking is allowed.'
110.5547 	EXP 	RS_rec_text: autoDraw = True
290.5639 	EXP 	RS_rec_text: autoDraw = False
293.9472 	EXP 	RS_rec_text: autoDraw = False
293.9472 	EXP 	RS_intro_title: autoDraw = True
293.9472 	EXP 	RS_intro_text: autoDraw = True
316.9652 	EXP 	RS_intro_title: autoDraw = False
316.9652 	EXP 	RS_intro_text: autoDraw = False
316.9652 	EXP 	RS_intro_title: autoDraw = False
316.9652 	EXP 	RS_intro_text: autoDraw = False
316.9652 	EXP 	RS_rec_text: text = 'Please keep relaxed and close your eyes.\n'
316.9652 	EXP 	RS_rec_text: autoDraw = True
496.9746 	EXP 	RS_rec_text: autoDraw = False
500.3578 	EXP 	RS_rec_text: autoDraw = False
500.3578 	EXP 	Pause_cont: text = 'Press [space] key to continue.'
500.3578 	EXP 	Pause_cont: autoDraw = True
511.6227 	DATA 	Keypress: space
514.6592 	EXP 	Pause_cont: autoDraw = False
514.6592 	EXP 	QA_intro_title: autoDraw = True
514.6592 	EXP 	QA_intro_text: autoDraw = True
554.0443 	EXP 	QA_intro_cont: autoDraw = True
554.6609 	EXP 	QA_intro_title: autoDraw = False
554.6609 	EXP 	QA_intro_text: autoDraw = False
554.7058 	DATA 	Keypress: space
555.7315 	EXP 	Created sequence: random, trialTypes=1, nReps=2, seed=None
555.7322 	EXP 	New trial (rep=0, index=0): None
556.7354 	EXP 	Created sequence: random, trialTypes=1, nReps=25, seed=None
556.7364 	EXP 	New trial (rep=0, index=0): None
557.7781 	DATA 	Keypress: space
557.7944 	EXP 	QA_intro_title: autoDraw = False
557.7944 	EXP 	QA_intro_text: autoDraw = False
557.7944 	EXP 	QA_intro_cont: autoDraw = False
557.7944 	EXP 	QA_rec_text: autoDraw = True
575.7620 	EXP 	QA_rec_break: autoDraw = True
576.7621 	EXP 	QA_rec_break: autoDraw = False
577.7846 	EXP 	New trial (rep=1, index=0): None
578.8287 	EXP 	QA_rec_text: autoDraw = False
578.8287 	EXP 	QA_rec_break: autoDraw = False
578.8287 	EXP 	QA_rec_text: autoDraw = True
596.7965 	EXP 	QA_rec_break: autoDraw = True
597.7967 	EXP 	QA_rec_break: autoDraw = False
598.8175 	EXP 	New trial (rep=2, index=0): None
599.8797 	EXP 	QA_rec_text: autoDraw = False
599.8797 	EXP 	QA_rec_break: autoDraw = False
599.8797 	EXP 	QA_rec_text: autoDraw = True
617.8640 	EXP 	QA_rec_break: autoDraw = True
618.8640 	EXP 	QA_rec_break: autoDraw = False
619.8690 	EXP 	New trial (rep=3, index=0): None
620.9143 	EXP 	QA_rec_text: autoDraw = False
620.9143 	EXP 	QA_rec_break: autoDraw = False
620.9143 	EXP 	QA_rec_text: autoDraw = True
638.8984 	EXP 	QA_rec_break: autoDraw = True
639.8986 	EXP 	QA_rec_break: autoDraw = False
640.9036 	EXP 	New trial (rep=4, index=0): None
641.9655 	EXP 	QA_rec_text: autoDraw = False
641.9655 	EXP 	QA_rec_break: autoDraw = False
641.9655 	EXP 	QA_rec_text: autoDraw = True
659.9329 	EXP 	QA_rec_break: autoDraw = True
660.9329 	EXP 	QA_rec_break: autoDraw = False
661.9541 	EXP 	New trial (rep=5, index=0): None
662.9997 	EXP 	QA_rec_text: autoDraw = False
662.9997 	EXP 	QA_rec_break: autoDraw = False
662.9997 	EXP 	QA_rec_text: autoDraw = True
680.9838 	EXP 	QA_rec_break: autoDraw = True
681.9840 	EXP 	QA_rec_break: autoDraw = False
682.9896 	EXP 	New trial (rep=6, index=0): None
684.0348 	EXP 	QA_rec_text: autoDraw = False
684.0348 	EXP 	QA_rec_break: autoDraw = False
684.0348 	EXP 	QA_rec_text: autoDraw = True
702.0186 	EXP 	QA_rec_break: autoDraw = True
703.0186 	EXP 	QA_rec_break: autoDraw = False
704.0247 	EXP 	New trial (rep=7, index=0): None
705.0687 	EXP 	QA_rec_text: autoDraw = False
705.0687 	EXP 	QA_rec_break: autoDraw = False
705.0687 	EXP 	QA_rec_text: autoDraw = True
723.0363 	EXP 	QA_rec_break: autoDraw = True
724.0364 	EXP 	QA_rec_break: autoDraw = False
725.0579 	EXP 	New trial (rep=8, index=0): None
726.1205 	EXP 	QA_rec_text: autoDraw = False
726.1205 	EXP 	QA_rec_break: autoDraw = False
726.1205 	EXP 	QA_rec_text: autoDraw = True
744.0874 	EXP 	QA_rec_break: autoDraw = True
745.0875 	EXP 	QA_rec_break: autoDraw = False
746.1085 	EXP 	New trial (rep=9, index=0): None
747.1541 	EXP 	QA_rec_text: autoDraw = False
747.1541 	EXP 	QA_rec_break: autoDraw = False
747.1541 	EXP 	QA_rec_text: autoDraw = True
765.1385 	EXP 	QA_rec_break: autoDraw = True
766.1388 	EXP 	QA_rec_break: autoDraw = False
767.1440 	EXP 	New trial (rep=10, index=0): None
768.1727 	EXP 	QA_rec_text: autoDraw = False
768.1727 	EXP 	QA_rec_break: autoDraw = False
768.1727 	EXP 	QA_rec_text: autoDraw = True
786.1396 	EXP 	QA_rec_break: autoDraw = True
787.1397 	EXP 	QA_rec_break: autoDraw = False
788.1608 	EXP 	New trial (rep=11, index=0): None
789.2074 	EXP 	QA_rec_text: autoDraw = False
789.2074 	EXP 	QA_rec_break: autoDraw = False
789.2074 	EXP 	QA_rec_text: autoDraw = True
807.1741 	EXP 	QA_rec_break: autoDraw = True
808.1741 	EXP 	QA_rec_break: autoDraw = False
809.1952 	EXP 	New trial (rep=12, index=0): None
810.2406 	EXP 	QA_rec_text: autoDraw = False
810.2406 	EXP 	QA_rec_break: autoDraw = False
810.2406 	EXP 	QA_rec_text: autoDraw = True
828.2248 	EXP 	QA_rec_break: autoDraw = True
829.2249 	EXP 	QA_rec_break: autoDraw = False
830.2305 	EXP 	New trial (rep=13, index=0): None
831.2766 	EXP 	QA_rec_text: autoDraw = False
831.2766 	EXP 	QA_rec_break: autoDraw = False
831.2766 	EXP 	QA_rec_text: autoDraw = True
849.2427 	EXP 	QA_rec_break: autoDraw = True
850.2427 	EXP 	QA_rec_break: autoDraw = False
851.2643 	EXP 	New trial (rep=14, index=0): None
852.3264 	EXP 	QA_rec_text: autoDraw = False
852.3264 	EXP 	QA_rec_break: autoDraw = False
852.3264 	EXP 	QA_rec_text: autoDraw = True
870.2938 	EXP 	QA_rec_break: autoDraw = True
871.2939 	EXP 	QA_rec_break: autoDraw = False
872.3157 	EXP 	New trial (rep=15, index=0): None
873.3775 	EXP 	QA_rec_text: autoDraw = False
873.3775 	EXP 	QA_rec_break: autoDraw = False
873.3775 	EXP 	QA_rec_text: autoDraw = True
891.3451 	EXP 	QA_rec_break: autoDraw = True
892.3454 	EXP 	QA_rec_break: autoDraw = False
893.3684 	EXP 	New trial (rep=16, index=0): None
894.4123 	EXP 	QA_rec_text: autoDraw = False
894.4123 	EXP 	QA_rec_break: autoDraw = False
894.4123 	EXP 	QA_rec_text: autoDraw = True
912.3960 	EXP 	QA_rec_break: autoDraw = True
913.3960 	EXP 	QA_rec_break: autoDraw = False
914.4010 	EXP 	New trial (rep=17, index=0): None
915.4463 	EXP 	QA_rec_text: autoDraw = False
915.4463 	EXP 	QA_rec_break: autoDraw = False
915.4463 	EXP 	QA_rec_text: autoDraw = True
933.4138 	EXP 	QA_rec_break: autoDraw = True
934.4138 	EXP 	QA_rec_break: autoDraw = False
935.4403 	EXP 	New trial (rep=18, index=0): None
936.4815 	EXP 	QA_rec_text: autoDraw = False
936.4815 	EXP 	QA_rec_break: autoDraw = False
936.4815 	EXP 	QA_rec_text: autoDraw = True
954.4649 	EXP 	QA_rec_break: autoDraw = True
955.4649 	EXP 	QA_rec_break: autoDraw = False
956.4704 	EXP 	New trial (rep=19, index=0): None
957.5159 	EXP 	QA_rec_text: autoDraw = False
957.5159 	EXP 	QA_rec_break: autoDraw = False
957.5159 	EXP 	QA_rec_text: autoDraw = True
975.4993 	EXP 	QA_rec_break: autoDraw = True
976.4994 	EXP 	QA_rec_break: autoDraw = False
977.5044 	EXP 	New trial (rep=20, index=0): None
978.5662 	EXP 	QA_rec_text: autoDraw = False
978.5662 	EXP 	QA_rec_break: autoDraw = False
978.5662 	EXP 	QA_rec_text: autoDraw = True
996.5341 	EXP 	QA_rec_break: autoDraw = True
997.5340 	EXP 	QA_rec_break: autoDraw = False
998.5568 	EXP 	New trial (rep=21, index=0): None
999.6175 	EXP 	QA_rec_text: autoDraw = False
999.6175 	EXP 	QA_rec_break: autoDraw = False
999.6175 	EXP 	QA_rec_text: autoDraw = True
1017.5853 	EXP 	QA_rec_break: autoDraw = True
1018.5850 	EXP 	QA_rec_break: autoDraw = False
1019.5901 	EXP 	New trial (rep=22, index=0): None
1020.6519 	EXP 	QA_rec_text: autoDraw = False
1020.6519 	EXP 	QA_rec_break: autoDraw = False
1020.6519 	EXP 	QA_rec_text: autoDraw = True
1038.6526 	EXP 	QA_rec_break: autoDraw = True
1040.6405 	EXP 	New trial (rep=23, index=0): None
1041.6865 	EXP 	QA_rec_text: autoDraw = False
1041.6865 	EXP 	QA_rec_break: autoDraw = False
1041.6865 	EXP 	QA_rec_text: autoDraw = True
1059.6870 	EXP 	QA_rec_break: autoDraw = True
1061.6914 	EXP 	New trial (rep=24, index=0): None
1062.7541 	EXP 	QA_rec_text: autoDraw = False
1062.7541 	EXP 	QA_rec_break: autoDraw = False
1062.7541 	EXP 	QA_rec_text: autoDraw = True
1080.7548 	EXP 	QA_rec_break: autoDraw = True
1084.7719 	EXP 	QA_rec_text: autoDraw = False
1084.7719 	EXP 	QA_rec_break: autoDraw = False
1084.7719 	EXP 	Pause_cont: text = 'Press [space] key to continue.'
1084.7719 	EXP 	Pause_cont: autoDraw = True
1096.8081 	EXP 	New trial (rep=1, index=0): None
1097.8112 	EXP 	Created sequence: random, trialTypes=1, nReps=25, seed=None
1097.8122 	EXP 	New trial (rep=0, index=0): None
1098.9519 	DATA 	Keypress: space
1098.9562 	EXP 	Pause_cont: autoDraw = False
1098.9562 	EXP 	QA_rec_text: autoDraw = True
1116.9568 	EXP 	QA_rec_break: autoDraw = True
1118.9617 	EXP 	New trial (rep=1, index=0): None
1120.0237 	EXP 	QA_rec_text: autoDraw = False
1120.0237 	EXP 	QA_rec_break: autoDraw = False
1120.0237 	EXP 	QA_rec_text: autoDraw = True
1138.0245 	EXP 	QA_rec_break: autoDraw = True
1140.0290 	EXP 	New trial (rep=2, index=0): None
1141.0914 	EXP 	QA_rec_text: autoDraw = False
1141.0914 	EXP 	QA_rec_break: autoDraw = False
1141.0914 	EXP 	QA_rec_text: autoDraw = True
1159.0922 	EXP 	QA_rec_break: autoDraw = True
1161.0635 	EXP 	New trial (rep=3, index=0): None
1162.1272 	EXP 	QA_rec_text: autoDraw = False
1162.1272 	EXP 	QA_rec_break: autoDraw = False
1162.1272 	EXP 	QA_rec_text: autoDraw = True
1180.1267 	EXP 	QA_rec_break: autoDraw = True
1182.1004 	EXP 	New trial (rep=4, index=0): None
1183.1606 	EXP 	QA_rec_text: autoDraw = False
1183.1606 	EXP 	QA_rec_break: autoDraw = False
1183.1606 	EXP 	QA_rec_text: autoDraw = True
1201.1444 	EXP 	QA_rec_break: autoDraw = True
1203.1491 	EXP 	New trial (rep=5, index=0): None
1204.1952 	EXP 	QA_rec_text: autoDraw = False
1204.1952 	EXP 	QA_rec_break: autoDraw = False
1204.1952 	EXP 	QA_rec_text: autoDraw = True
1222.1954 	EXP 	QA_rec_break: autoDraw = True
1224.2002 	EXP 	New trial (rep=6, index=0): None
1225.2625 	EXP 	QA_rec_text: autoDraw = False
1225.2625 	EXP 	QA_rec_break: autoDraw = False
1225.2625 	EXP 	QA_rec_text: autoDraw = True
1243.2635 	EXP 	QA_rec_break: autoDraw = True
1245.2678 	EXP 	New trial (rep=7, index=0): None
1246.3303 	EXP 	QA_rec_text: autoDraw = False
1246.3303 	EXP 	QA_rec_break: autoDraw = False
1246.3303 	EXP 	QA_rec_text: autoDraw = True
1264.3311 	EXP 	QA_rec_break: autoDraw = True
1266.3356 	EXP 	New trial (rep=8, index=0): None
1267.3985 	EXP 	QA_rec_text: autoDraw = False
1267.3985 	EXP 	QA_rec_break: autoDraw = False
1267.3985 	EXP 	QA_rec_text: autoDraw = True
1285.3989 	EXP 	QA_rec_break: autoDraw = True
1287.3699 	EXP 	New trial (rep=9, index=0): None
1288.4339 	EXP 	QA_rec_text: autoDraw = False
1288.4339 	EXP 	QA_rec_break: autoDraw = False
1288.4339 	EXP 	QA_rec_text: autoDraw = True
1306.4334 	EXP 	QA_rec_break: autoDraw = True
1308.4391 	EXP 	New trial (rep=10, index=0): None
1309.5004 	EXP 	QA_rec_text: autoDraw = False
1309.5004 	EXP 	QA_rec_break: autoDraw = False
1309.5004 	EXP 	QA_rec_text: autoDraw = True
1327.5011 	EXP 	QA_rec_break: autoDraw = True
1329.5053 	EXP 	New trial (rep=11, index=0): None
1330.5684 	EXP 	QA_rec_text: autoDraw = False
1330.5684 	EXP 	QA_rec_break: autoDraw = False
1330.5684 	EXP 	QA_rec_text: autoDraw = True
1348.5688 	EXP 	QA_rec_break: autoDraw = True
1350.5400 	EXP 	New trial (rep=12, index=0): None
1351.6031 	EXP 	QA_rec_text: autoDraw = False
1351.6031 	EXP 	QA_rec_break: autoDraw = False
1351.6031 	EXP 	QA_rec_text: autoDraw = True
1369.6032 	EXP 	QA_rec_break: autoDraw = True
1371.6085 	EXP 	New trial (rep=13, index=0): None
1372.6709 	EXP 	QA_rec_text: autoDraw = False
1372.6709 	EXP 	QA_rec_break: autoDraw = False
1372.6709 	EXP 	QA_rec_text: autoDraw = True
1390.6710 	EXP 	QA_rec_break: autoDraw = True
1392.6764 	EXP 	New trial (rep=14, index=0): None
1393.7394 	EXP 	QA_rec_text: autoDraw = False
1393.7394 	EXP 	QA_rec_break: autoDraw = False
1393.7394 	EXP 	QA_rec_text: autoDraw = True
1411.7387 	EXP 	QA_rec_break: autoDraw = True
1413.7091 	EXP 	New trial (rep=15, index=0): None
1414.7731 	EXP 	QA_rec_text: autoDraw = False
1414.7731 	EXP 	QA_rec_break: autoDraw = False
1414.7731 	EXP 	QA_rec_text: autoDraw = True
1432.7732 	EXP 	QA_rec_break: autoDraw = True
1434.7778 	EXP 	New trial (rep=16, index=0): None
1435.8240 	EXP 	QA_rec_text: autoDraw = False
1435.8240 	EXP 	QA_rec_break: autoDraw = False
1435.8240 	EXP 	QA_rec_text: autoDraw = True
1453.7911 	EXP 	QA_rec_break: autoDraw = True
1455.7955 	EXP 	New trial (rep=17, index=0): None
1456.8584 	EXP 	QA_rec_text: autoDraw = False
1456.8584 	EXP 	QA_rec_break: autoDraw = False
1456.8584 	EXP 	QA_rec_text: autoDraw = True
1474.8588 	EXP 	QA_rec_break: autoDraw = True
1476.8633 	EXP 	New trial (rep=18, index=0): None
1477.9256 	EXP 	QA_rec_text: autoDraw = False
1477.9256 	EXP 	QA_rec_break: autoDraw = False
1477.9256 	EXP 	QA_rec_text: autoDraw = True
1495.9265 	EXP 	QA_rec_break: autoDraw = True
1497.8978 	EXP 	New trial (rep=19, index=0): None
1498.9767 	EXP 	QA_rec_text: autoDraw = False
1498.9767 	EXP 	QA_rec_break: autoDraw = False
1498.9767 	EXP 	QA_rec_text: autoDraw = True
1516.9775 	EXP 	QA_rec_break: autoDraw = True
1518.9496 	EXP 	New trial (rep=20, index=0): None
1520.0284 	EXP 	QA_rec_text: autoDraw = False
1520.0284 	EXP 	QA_rec_break: autoDraw = False
1520.0284 	EXP 	QA_rec_text: autoDraw = True
1537.9953 	EXP 	QA_rec_break: autoDraw = True
1540.0014 	EXP 	New trial (rep=21, index=0): None
1541.0805 	EXP 	QA_rec_text: autoDraw = False
1541.0805 	EXP 	QA_rec_break: autoDraw = False
1541.0805 	EXP 	QA_rec_text: autoDraw = True
1559.0798 	EXP 	QA_rec_break: autoDraw = True
1561.0519 	EXP 	New trial (rep=22, index=0): None
1562.1139 	EXP 	QA_rec_text: autoDraw = False
1562.1139 	EXP 	QA_rec_break: autoDraw = False
1562.1139 	EXP 	QA_rec_text: autoDraw = True
1580.1142 	EXP 	QA_rec_break: autoDraw = True
1582.0854 	EXP 	New trial (rep=23, index=0): None
1583.1484 	EXP 	QA_rec_text: autoDraw = False
1583.1484 	EXP 	QA_rec_break: autoDraw = False
1583.1484 	EXP 	QA_rec_text: autoDraw = True
1601.1153 	EXP 	QA_rec_break: autoDraw = True
1603.1198 	EXP 	New trial (rep=24, index=0): None
1604.1995 	EXP 	QA_rec_text: autoDraw = False
1604.1995 	EXP 	QA_rec_break: autoDraw = False
1604.1995 	EXP 	QA_rec_text: autoDraw = True
1622.1664 	EXP 	QA_rec_break: autoDraw = True
1626.2166 	EXP 	QA_rec_text: autoDraw = False
1626.2166 	EXP 	QA_rec_break: autoDraw = False
1626.2166 	EXP 	Pause_cont: text = 'Press [space] key to continue.'
1626.2166 	EXP 	Pause_cont: autoDraw = True
1631.5229 	EXP 	window1: mouseVisible = True
