29.8923 	EXP 	Created instruction_text = TextStim(__class__=<class 'psychopy.visual.text.TextStim'>, alignHoriz='center', alignVert='center', antialias=True, autoLog=True, bold=False, color=array([1., 1., 1.]), colorSpace='rgb', contrast=1.0, depth=-0.0, flipHoriz=False, flipVert=False, font='Arial', fontFiles=[], height=0.06, italic=False, languageStyle='LTR', name='instruction_text', opacity=1.0, ori=0.0, pos=array([0.5, 0.1]), rgb=array([1., 1., 1.]), text=str(...), units='norm', win=Window(...), wrapWidth=1)
30.1715 	EXP 	Created instruction_cont = TextStim(__class__=<class 'psychopy.visual.text.TextStim'>, alignHoriz='center', alignVert='center', antialias=True, autoLog=True, bold=False, color=array([1., 1., 1.]), colorSpace='rgb', contrast=1.0, depth=-3.0, flipHoriz=False, flipVert=False, font='Arial', fontFiles=[], height=0.06, italic=False, languageStyle='LTR', name='instruction_cont', opacity=1.0, ori=0.0, pos=array([ 0.5, -0.4]), rgb=array([1., 1., 1.]), text='          Press [space] key to continue.', units='norm', win=Window(...), wrapWidth=1)
30.1835 	EXP 	Created Artifact_intro_title = TextStim(__class__=<class 'psychopy.visual.text.TextStim'>, alignHoriz='center', alignVert='center', antialias=True, autoLog=True, bold=False, color=array([1., 1., 1.]), colorSpace='rgb', contrast=1.0, depth=-0.0, flipHoriz=False, flipVert=False, font='Arial', fontFiles=[], height=0.06, italic=False, languageStyle='LTR', name='Artifact_intro_title', opacity=1.0, ori=0.0, pos=array([0.5, 0.4]), rgb=array([1., 1., 1.]), text='Muscular signal recording', units='norm', win=Window(...), wrapWidth=1)
30.1950 	EXP 	Created Artifact_intro_text = TextStim(__class__=<class 'psychopy.visual.text.TextStim'>, alignHoriz='center', alignVert='center', antialias=True, autoLog=True, bold=False, color=array([1., 1., 1.]), colorSpace='rgb', contrast=1.0, depth=-1.0, flipHoriz=False, flipVert=False, font='Arial', fontFiles=[], height=0.06, italic=False, languageStyle='LTR', name='Artifact_intro_text', opacity=1.0, ori=0.0, pos=array([0.5, 0. ]), rgb=array([1., 1., 1.]), text=str(...), units='norm', win=Window(...), wrapWidth=1)
30.2065 	EXP 	Created Artifact_intro_cont = TextStim(__class__=<class 'psychopy.visual.text.TextStim'>, alignHoriz='center', alignVert='center', antialias=True, autoLog=True, bold=False, color=array([1., 1., 1.]), colorSpace='rgb', contrast=1.0, depth=-4.0, flipHoriz=False, flipVert=False, font='Arial', fontFiles=[], height=0.06, italic=False, languageStyle='LTR', name='Artifact_intro_cont', opacity=1.0, ori=0.0, pos=array([0.5, 0. ]), rgb=array([1., 1., 1.]), text='          Press [space] key to continue.', units='norm', win=Window(...), wrapWidth=1)
30.2072 	EXP 	Created Artifact_rec_text = TextStim(__class__=<class 'psychopy.visual.text.TextStim'>, alignHoriz='center', alignVert='center', antialias=True, autoLog=True, bold=False, color=array([1., 1., 1.]), colorSpace='rgb', contrast=1.0, depth=-0.0, flipHoriz=False, flipVert=False, font='Arial', fontFiles=[], height=0.06, italic=False, languageStyle='LTR', name='Artifact_rec_text', opacity=1.0, ori=0.0, pos=array([0.5, 0.4]), rgb=array([1., 1., 1.]), text='', units='norm', win=Window(...), wrapWidth=1)
30.2092 	EXP 	Created Artifact_rec_recording = TextStim(__class__=<class 'psychopy.visual.text.TextStim'>, alignHoriz='center', alignVert='center', antialias=True, autoLog=True, bold=False, color=array([1., 1., 1.]), colorSpace='rgb', contrast=1.0, depth=-4.0, flipHoriz=False, flipVert=False, font='Arial', fontFiles=[], height=0.06, italic=False, languageStyle='LTR', name='Artifact_rec_recording', opacity=1.0, ori=0.0, pos=array([ 0.5, -0.4]), rgb=array([1., 1., 1.]), text='', units='norm', win=Window(...), wrapWidth=1)
30.2121 	EXP 	Created Artifact_rec_break = TextStim(__class__=<class 'psychopy.visual.text.TextStim'>, alignHoriz='center', alignVert='center', antialias=True, autoLog=True, bold=False, color=array([1., 1., 1.]), colorSpace='rgb', contrast=1.0, depth=-6.0, flipHoriz=False, flipVert=False, font='Arial', fontFiles=[], height=0.06, italic=False, languageStyle='LTR', name='Artifact_rec_break', opacity=1.0, ori=0.0, pos=array([ 0.5, -0.4]), rgb=array([1., 1., 1.]), text='Short break', units='norm', win=Window(...), wrapWidth=1)
30.2172 	EXP 	Created Cali_de_pre_intro_title = TextStim(__class__=<class 'psychopy.visual.text.TextStim'>, alignHoriz='center', alignVert='center', antialias=True, autoLog=True, bold=False, color=array([1., 1., 1.]), colorSpace='rgb', contrast=1.0, depth=-0.0, flipHoriz=False, flipVert=False, font='Arial', fontFiles=[], height=0.06, italic=False, languageStyle='LTR', name='Cali_de_pre_intro_title', opacity=1.0, ori=0.0, pos=array([0.5, 0.4]), rgb=array([1., 1., 1.]), text='READ OUT BLOCK (GERMAN)', units='norm', win=Window(...), wrapWidth=1)
30.2250 	EXP 	Created Cali_de_pre_intro_text = TextStim(__class__=<class 'psychopy.visual.text.TextStim'>, alignHoriz='center', alignVert='center', antialias=True, autoLog=True, bold=False, color=array([1., 1., 1.]), colorSpace='rgb', contrast=1.0, depth=-1.0, flipHoriz=False, flipVert=False, font='Arial', fontFiles=[], height=0.06, italic=False, languageStyle='LTR', name='Cali_de_pre_intro_text', opacity=1.0, ori=0.0, pos=array([0.5, 0. ]), rgb=array([1., 1., 1.]), text=str(...), units='norm', win=Window(...), wrapWidth=1)
30.2297 	EXP 	Created Cali_de_pre_intro_cont = TextStim(__class__=<class 'psychopy.visual.text.TextStim'>, alignHoriz='center', alignVert='center', antialias=True, autoLog=True, bold=False, color=array([1., 1., 1.]), colorSpace='rgb', contrast=1.0, depth=-4.0, flipHoriz=False, flipVert=False, font='Arial', fontFiles=[], height=0.06, italic=False, languageStyle='LTR', name='Cali_de_pre_intro_cont', opacity=1.0, ori=0.0, pos=array([0.5, 0. ]), rgb=array([1., 1., 1.]), text='          Press [space] key to continue.', units='norm', win=Window(...), wrapWidth=1)
30.2302 	EXP 	Created Cali_de_pre_rec_text = TextStim(__class__=<class 'psychopy.visual.text.TextStim'>, alignHoriz='center', alignVert='center', antialias=True, autoLog=True, bold=False, color=array([1., 1., 1.]), colorSpace='rgb', contrast=1.0, depth=-0.0, flipHoriz=False, flipVert=False, font='Arial', fontFiles=[], height=0.06, italic=False, languageStyle='LTR', name='Cali_de_pre_rec_text', opacity=1.0, ori=0.0, pos=array([0.5, 0.4]), rgb=array([1., 1., 1.]), text='', units='norm', win=Window(...), wrapWidth=1)
30.2311 	EXP 	Created Cali_de_pre_rec_question_text = TextStim(__class__=<class 'psychopy.visual.text.TextStim'>, alignHoriz='center', alignVert='center', antialias=True, autoLog=True, bold=False, color=array([1., 1., 1.]), colorSpace='rgb', contrast=1.0, depth=-2.0, flipHoriz=False, flipVert=False, font='Arial', fontFiles=[], height=0.06, italic=False, languageStyle='LTR', name='Cali_de_pre_rec_question_text', opacity=1.0, ori=0.0, pos=array([0.5, 0. ]), rgb=array([1., 1., 1.]), text='', units='norm', win=Window(...), wrapWidth=1)
30.2332 	EXP 	Created Cali_de_pre_rec_break = TextStim(__class__=<class 'psychopy.visual.text.TextStim'>, alignHoriz='center', alignVert='center', antialias=True, autoLog=True, bold=False, color=array([1., 1., 1.]), colorSpace='rgb', contrast=1.0, depth=-6.0, flipHoriz=False, flipVert=False, font='Arial', fontFiles=[], height=0.06, italic=False, languageStyle='LTR', name='Cali_de_pre_rec_break', opacity=1.0, ori=0.0, pos=array([ 0.5, -0.4]), rgb=array([1., 1., 1.]), text='Short break', units='norm', win=Window(...), wrapWidth=1)
30.2336 	EXP 	Created fade_in_text = TextStim(__class__=<class 'psychopy.visual.text.TextStim'>, alignHoriz='center', alignVert='center', antialias=True, autoLog=True, bold=False, color=array([1., 1., 1.]), colorSpace='rgb', contrast=1.0, depth=-0.0, flipHoriz=False, flipVert=False, font='Arial', fontFiles=[], height=0.06, italic=False, languageStyle='LTR', name='fade_in_text', opacity=1.0, ori=0.0, pos=array([0.5, 0.4]), rgb=array([1., 1., 1.]), text='', units='norm', win=Window(...), wrapWidth=1)
30.2356 	EXP 	Created RS_intro_title = TextStim(__class__=<class 'psychopy.visual.text.TextStim'>, alignHoriz='center', alignVert='center', antialias=True, autoLog=True, bold=False, color=array([1., 1., 1.]), colorSpace='rgb', contrast=1.0, depth=-0.0, flipHoriz=False, flipVert=False, font='Arial', fontFiles=[], height=0.06, italic=False, languageStyle='LTR', name='RS_intro_title', opacity=1.0, ori=0.0, pos=array([0.5, 0.4]), rgb=array([1., 1., 1.]), text='REST STATE BLOCK', units='norm', win=Window(...), wrapWidth=1)
30.2428 	EXP 	Created RS_intro_text = TextStim(__class__=<class 'psychopy.visual.text.TextStim'>, alignHoriz='center', alignVert='center', antialias=True, autoLog=True, bold=False, color=array([1., 1., 1.]), colorSpace='rgb', contrast=1.0, depth=-1.0, flipHoriz=False, flipVert=False, font='Arial', fontFiles=[], height=0.06, italic=False, languageStyle='LTR', name='RS_intro_text', opacity=1.0, ori=0.0, pos=array([0.5, 0. ]), rgb=array([1., 1., 1.]), text=str(...), units='norm', win=Window(...), wrapWidth=1)
30.2482 	EXP 	Created RS_rec_text = TextStim(__class__=<class 'psychopy.visual.text.TextStim'>, alignHoriz='center', alignVert='center', antialias=True, autoLog=True, bold=False, color=array([1., 1., 1.]), colorSpace='rgb', contrast=1.0, depth=-0.0, flipHoriz=False, flipVert=False, font='Arial', fontFiles=[], height=0.06, italic=False, languageStyle='LTR', name='RS_rec_text', opacity=1.0, ori=0.0, pos=array([0.5, 0. ]), rgb=array([1., 1., 1.]), text=str(...), units='norm', win=Window(...), wrapWidth=1)
30.2504 	EXP 	Created QA_intro_title = TextStim(__class__=<class 'psychopy.visual.text.TextStim'>, alignHoriz='center', alignVert='center', antialias=True, autoLog=True, bold=False, color=array([1., 1., 1.]), colorSpace='rgb', contrast=1.0, depth=-0.0, flipHoriz=False, flipVert=False, font='Arial', fontFiles=[], height=0.06, italic=False, languageStyle='LTR', name='QA_intro_title', opacity=1.0, ori=0.0, pos=array([0.5, 0.5]), rgb=array([1., 1., 1.]), text='Q&A BLOCK', units='norm', win=Window(...), wrapWidth=1)
30.2594 	EXP 	Created QA_intro_text = TextStim(__class__=<class 'psychopy.visual.text.TextStim'>, alignHoriz='center', alignVert='center', antialias=True, autoLog=True, bold=False, color=array([1., 1., 1.]), colorSpace='rgb', contrast=1.0, depth=-1.0, flipHoriz=False, flipVert=False, font='Arial', fontFiles=[], height=0.06, italic=False, languageStyle='LTR', name='QA_intro_text', opacity=1.0, ori=0.0, pos=array([0.5, 0. ]), rgb=array([1., 1., 1.]), text=str(...), units='norm', win=Window(...), wrapWidth=1)
30.2639 	EXP 	Created QA_intro_cont = TextStim(__class__=<class 'psychopy.visual.text.TextStim'>, alignHoriz='center', alignVert='center', antialias=True, autoLog=True, bold=False, color=array([1., 1., 1.]), colorSpace='rgb', contrast=1.0, depth=-4.0, flipHoriz=False, flipVert=False, font='Arial', fontFiles=[], height=0.06, italic=False, languageStyle='LTR', name='QA_intro_cont', opacity=1.0, ori=0.0, pos=array([0.5, 0. ]), rgb=array([1., 1., 1.]), text='          Press [space] key to continue.', units='norm', win=Window(...), wrapWidth=1)
30.2667 	EXP 	Created QA_rec_text = TextStim(__class__=<class 'psychopy.visual.text.TextStim'>, alignHoriz='center', alignVert='center', antialias=True, autoLog=True, bold=False, color=array([1., 1., 1.]), colorSpace='rgb', contrast=1.0, depth=-0.0, flipHoriz=False, flipVert=False, font='Arial', fontFiles=[], height=0.06, italic=False, languageStyle='LTR', name='QA_rec_text', opacity=1.0, ori=0.0, pos=array([0.5, 0. ]), rgb=array([1., 1., 1.]), text=str(...), units='norm', win=Window(...), wrapWidth=1)
30.2704 	EXP 	Created QA_rec_break = TextStim(__class__=<class 'psychopy.visual.text.TextStim'>, alignHoriz='center', alignVert='center', antialias=True, autoLog=True, bold=False, color=array([1., 1., 1.]), colorSpace='rgb', contrast=1.0, depth=-6.0, flipHoriz=False, flipVert=False, font='Arial', fontFiles=[], height=0.06, italic=False, languageStyle='LTR', name='QA_rec_break', opacity=1.0, ori=0.0, pos=array([ 0.5, -0.4]), rgb=array([1., 1., 1.]), text='Short break', units='norm', win=Window(...), wrapWidth=1)
30.2746 	EXP 	Created Pause_cont = TextStim(__class__=<class 'psychopy.visual.text.TextStim'>, alignHoriz='center', alignVert='center', antialias=True, autoLog=True, bold=False, color=array([1., 1., 1.]), colorSpace='rgb', contrast=1.0, depth=-2.0, flipHoriz=False, flipVert=False, font='Arial', fontFiles=[], height=0.06, italic=False, languageStyle='LTR', name='Pause_cont', opacity=1.0, ori=0.0, pos=array([0.5, 0. ]), rgb=array([1., 1., 1.]), text=str(...), units='norm', win=Window(...), wrapWidth=1)
30.2767 	EXP 	Created Cali_de_post_intro_title = TextStim(__class__=<class 'psychopy.visual.text.TextStim'>, alignHoriz='center', alignVert='center', antialias=True, autoLog=True, bold=False, color=array([1., 1., 1.]), colorSpace='rgb', contrast=1.0, depth=-0.0, flipHoriz=False, flipVert=False, font='Arial', fontFiles=[], height=0.06, italic=False, languageStyle='LTR', name='Cali_de_post_intro_title', opacity=1.0, ori=0.0, pos=array([0.5, 0.4]), rgb=array([1., 1., 1.]), text='READ OUT BLOCK (GERMAN)', units='norm', win=Window(...), wrapWidth=1)
30.3229 	EXP 	Created Cali_de_post_intro_text = TextStim(__class__=<class 'psychopy.visual.text.TextStim'>, alignHoriz='center', alignVert='center', antialias=True, autoLog=True, bold=False, color=array([1., 1., 1.]), colorSpace='rgb', contrast=1.0, depth=-1.0, flipHoriz=False, flipVert=False, font='Arial', fontFiles=[], height=0.06, italic=False, languageStyle='LTR', name='Cali_de_post_intro_text', opacity=1.0, ori=0.0, pos=array([0.5, 0. ]), rgb=array([1., 1., 1.]), text=str(...), units='norm', win=Window(...), wrapWidth=1)
30.3279 	EXP 	Created Cali_de_post_intro_cont = TextStim(__class__=<class 'psychopy.visual.text.TextStim'>, alignHoriz='center', alignVert='center', antialias=True, autoLog=True, bold=False, color=array([1., 1., 1.]), colorSpace='rgb', contrast=1.0, depth=-4.0, flipHoriz=False, flipVert=False, font='Arial', fontFiles=[], height=0.06, italic=False, languageStyle='LTR', name='Cali_de_post_intro_cont', opacity=1.0, ori=0.0, pos=array([0.5, 0. ]), rgb=array([1., 1., 1.]), text='          Press [space] key to continue.', units='norm', win=Window(...), wrapWidth=1)
30.3284 	EXP 	Created Cali_de_post_rec_text = TextStim(__class__=<class 'psychopy.visual.text.TextStim'>, alignHoriz='center', alignVert='center', antialias=True, autoLog=True, bold=False, color=array([1., 1., 1.]), colorSpace='rgb', contrast=1.0, depth=-0.0, flipHoriz=False, flipVert=False, font='Arial', fontFiles=[], height=0.06, italic=False, languageStyle='LTR', name='Cali_de_post_rec_text', opacity=1.0, ori=0.0, pos=array([0.5, 0.4]), rgb=array([1., 1., 1.]), text='', units='norm', win=Window(...), wrapWidth=1)
30.3292 	EXP 	Created Cali_de_post_rec_question_text = TextStim(__class__=<class 'psychopy.visual.text.TextStim'>, alignHoriz='center', alignVert='center', antialias=True, autoLog=True, bold=False, color=array([1., 1., 1.]), colorSpace='rgb', contrast=1.0, depth=-2.0, flipHoriz=False, flipVert=False, font='Arial', fontFiles=[], height=0.06, italic=False, languageStyle='LTR', name='Cali_de_post_rec_question_text', opacity=1.0, ori=0.0, pos=array([0.5, 0. ]), rgb=array([1., 1., 1.]), text='', units='norm', win=Window(...), wrapWidth=1)
30.3313 	EXP 	Created Cali_de_post_rec_break = TextStim(__class__=<class 'psychopy.visual.text.TextStim'>, alignHoriz='center', alignVert='center', antialias=True, autoLog=True, bold=False, color=array([1., 1., 1.]), colorSpace='rgb', contrast=1.0, depth=-6.0, flipHoriz=False, flipVert=False, font='Arial', fontFiles=[], height=0.06, italic=False, languageStyle='LTR', name='Cali_de_post_rec_break', opacity=1.0, ori=0.0, pos=array([ 0.5, -0.4]), rgb=array([1., 1., 1.]), text='Short break', units='norm', win=Window(...), wrapWidth=1)
30.3347 	EXP 	Created the_end_text = TextStim(__class__=<class 'psychopy.visual.text.TextStim'>, alignHoriz='center', alignVert='center', antialias=True, autoLog=True, bold=False, color=array([1., 1., 1.]), colorSpace='rgb', contrast=1.0, depth=-1.0, flipHoriz=False, flipVert=False, font='Arial', fontFiles=[], height=0.06, italic=False, languageStyle='LTR', name='the_end_text', opacity=1.0, ori=0.0, pos=array([0.7, 0. ]), rgb=array([1., 1., 1.]), text=str(...), units='norm', win=Window(...), wrapWidth=1)
32.3391 	EXP 	Created sequence: random, trialTypes=1, nReps=4, seed=None
32.3399 	EXP 	New trial (rep=0, index=0): None
32.3404 	EXP 	New trial (rep=1, index=0): None
32.3411 	EXP 	New trial (rep=2, index=0): None
32.3416 	EXP 	New trial (rep=3, index=0): None
33.3685 	EXP 	fade_in_text: text = 'Please remain seated until further instruction via the earphone.'
33.3685 	EXP 	fade_in_text: autoDraw = True
39.3686 	EXP 	fade_in_text: autoDraw = True
39.3853 	EXP 	fade_in_text: autoDraw = True
39.4020 	EXP 	fade_in_text: autoDraw = True
39.4185 	EXP 	fade_in_text: autoDraw = True
39.4353 	EXP 	fade_in_text: autoDraw = True
39.4520 	EXP 	fade_in_text: autoDraw = True
39.4687 	EXP 	fade_in_text: autoDraw = True
39.4854 	EXP 	fade_in_text: autoDraw = True
39.5020 	EXP 	fade_in_text: autoDraw = True
39.5186 	EXP 	fade_in_text: autoDraw = True
39.5353 	EXP 	fade_in_text: autoDraw = True
39.5520 	EXP 	fade_in_text: autoDraw = True
39.5686 	EXP 	fade_in_text: autoDraw = True
39.5856 	EXP 	fade_in_text: autoDraw = True
39.6020 	EXP 	fade_in_text: autoDraw = True
39.6187 	EXP 	fade_in_text: autoDraw = True
39.6353 	EXP 	fade_in_text: autoDraw = True
39.6520 	EXP 	fade_in_text: autoDraw = True
39.6687 	EXP 	fade_in_text: autoDraw = True
39.6855 	EXP 	fade_in_text: autoDraw = True
39.7020 	EXP 	fade_in_text: autoDraw = True
39.7187 	EXP 	fade_in_text: autoDraw = True
39.7353 	EXP 	fade_in_text: autoDraw = True
39.7520 	EXP 	fade_in_text: autoDraw = True
39.7687 	EXP 	fade_in_text: autoDraw = True
39.7856 	EXP 	fade_in_text: autoDraw = True
39.8020 	EXP 	fade_in_text: autoDraw = True
39.8187 	EXP 	fade_in_text: autoDraw = True
39.8353 	EXP 	fade_in_text: autoDraw = True
39.8520 	EXP 	fade_in_text: autoDraw = True
39.8687 	EXP 	fade_in_text: autoDraw = True
39.8853 	EXP 	fade_in_text: autoDraw = True
39.9020 	EXP 	fade_in_text: autoDraw = True
39.9187 	EXP 	fade_in_text: autoDraw = True
39.9353 	EXP 	fade_in_text: autoDraw = True
39.9520 	EXP 	fade_in_text: autoDraw = True
39.9687 	EXP 	fade_in_text: autoDraw = True
39.9854 	EXP 	fade_in_text: autoDraw = True
40.0020 	EXP 	fade_in_text: autoDraw = True
40.0187 	EXP 	fade_in_text: autoDraw = True
40.0353 	EXP 	fade_in_text: autoDraw = True
40.0520 	EXP 	fade_in_text: autoDraw = True
40.0687 	EXP 	fade_in_text: autoDraw = True
40.0853 	EXP 	fade_in_text: autoDraw = True
40.1020 	EXP 	fade_in_text: autoDraw = True
40.1187 	EXP 	fade_in_text: autoDraw = True
40.1354 	EXP 	fade_in_text: autoDraw = True
40.1520 	EXP 	fade_in_text: autoDraw = True
40.1689 	EXP 	fade_in_text: autoDraw = True
40.1853 	EXP 	fade_in_text: autoDraw = True
40.2020 	EXP 	fade_in_text: autoDraw = True
40.2187 	EXP 	fade_in_text: autoDraw = True
40.2354 	EXP 	fade_in_text: autoDraw = True
40.2520 	EXP 	fade_in_text: autoDraw = True
40.2689 	EXP 	fade_in_text: autoDraw = True
40.2853 	EXP 	fade_in_text: autoDraw = True
40.3020 	EXP 	fade_in_text: autoDraw = True
40.3187 	EXP 	fade_in_text: autoDraw = True
40.3354 	EXP 	fade_in_text: autoDraw = True
40.3520 	EXP 	fade_in_text: autoDraw = True
40.3690 	EXP 	fade_in_text: autoDraw = True
40.3853 	EXP 	fade_in_text: autoDraw = True
40.4020 	EXP 	fade_in_text: autoDraw = True
40.4187 	EXP 	fade_in_text: autoDraw = True
40.4354 	EXP 	fade_in_text: autoDraw = True
40.4520 	EXP 	fade_in_text: autoDraw = True
40.4689 	EXP 	fade_in_text: autoDraw = True
40.4853 	EXP 	fade_in_text: autoDraw = True
40.5020 	EXP 	fade_in_text: autoDraw = True
40.5187 	EXP 	fade_in_text: autoDraw = True
40.5354 	EXP 	fade_in_text: autoDraw = True
40.5521 	EXP 	fade_in_text: autoDraw = True
40.5686 	EXP 	fade_in_text: autoDraw = True
40.5853 	EXP 	fade_in_text: autoDraw = True
40.6020 	EXP 	fade_in_text: autoDraw = True
40.6187 	EXP 	fade_in_text: autoDraw = True
40.6354 	EXP 	fade_in_text: autoDraw = True
40.6521 	EXP 	fade_in_text: autoDraw = True
40.6686 	EXP 	fade_in_text: autoDraw = True
40.6853 	EXP 	fade_in_text: autoDraw = True
40.7020 	EXP 	fade_in_text: autoDraw = True
40.7187 	EXP 	fade_in_text: autoDraw = True
40.7354 	EXP 	fade_in_text: autoDraw = True
40.7522 	EXP 	fade_in_text: autoDraw = True
40.7686 	EXP 	fade_in_text: autoDraw = True
40.7854 	EXP 	fade_in_text: autoDraw = True
40.8021 	EXP 	fade_in_text: autoDraw = True
40.8187 	EXP 	fade_in_text: autoDraw = True
40.8354 	EXP 	fade_in_text: autoDraw = True
40.8523 	EXP 	fade_in_text: autoDraw = True
40.8686 	EXP 	fade_in_text: autoDraw = True
40.8854 	EXP 	fade_in_text: autoDraw = True
40.9022 	EXP 	fade_in_text: autoDraw = True
40.9187 	EXP 	fade_in_text: autoDraw = True
40.9354 	EXP 	fade_in_text: autoDraw = True
40.9522 	EXP 	fade_in_text: autoDraw = True
40.9686 	EXP 	fade_in_text: autoDraw = True
40.9855 	EXP 	fade_in_text: autoDraw = True
41.0021 	EXP 	fade_in_text: autoDraw = True
41.0187 	EXP 	fade_in_text: autoDraw = True
41.0354 	EXP 	fade_in_text: autoDraw = True
41.0522 	EXP 	fade_in_text: autoDraw = True
41.0688 	EXP 	fade_in_text: autoDraw = True
41.0854 	EXP 	fade_in_text: autoDraw = True
41.1021 	EXP 	fade_in_text: autoDraw = True
41.1187 	EXP 	fade_in_text: autoDraw = True
41.1354 	EXP 	fade_in_text: autoDraw = True
41.1520 	EXP 	fade_in_text: autoDraw = True
41.1686 	EXP 	fade_in_text: autoDraw = True
41.1854 	EXP 	fade_in_text: autoDraw = True
41.2022 	EXP 	fade_in_text: autoDraw = True
41.2187 	EXP 	fade_in_text: autoDraw = True
41.2354 	EXP 	fade_in_text: autoDraw = True
41.2520 	EXP 	fade_in_text: autoDraw = True
41.2687 	EXP 	fade_in_text: autoDraw = True
41.2854 	EXP 	fade_in_text: autoDraw = True
41.3023 	EXP 	fade_in_text: autoDraw = True
41.3188 	EXP 	fade_in_text: autoDraw = True
41.3354 	EXP 	fade_in_text: autoDraw = True
41.3520 	EXP 	fade_in_text: autoDraw = True
41.3688 	EXP 	fade_in_text: autoDraw = True
41.3854 	EXP 	fade_in_text: autoDraw = True
41.4023 	EXP 	fade_in_text: autoDraw = True
41.4188 	EXP 	fade_in_text: autoDraw = True
41.4356 	EXP 	fade_in_text: autoDraw = True
41.4520 	EXP 	fade_in_text: autoDraw = True
41.4688 	EXP 	fade_in_text: autoDraw = True
41.4854 	EXP 	fade_in_text: autoDraw = True
41.5021 	EXP 	fade_in_text: autoDraw = True
41.5187 	EXP 	fade_in_text: autoDraw = True
41.5356 	EXP 	fade_in_text: autoDraw = True
41.5520 	EXP 	fade_in_text: autoDraw = True
41.5688 	EXP 	fade_in_text: autoDraw = True
41.5854 	EXP 	fade_in_text: autoDraw = True
41.6021 	EXP 	fade_in_text: autoDraw = True
41.6188 	EXP 	fade_in_text: autoDraw = True
41.6357 	EXP 	fade_in_text: autoDraw = True
41.6520 	EXP 	fade_in_text: autoDraw = True
41.6688 	EXP 	fade_in_text: autoDraw = True
41.6854 	EXP 	fade_in_text: autoDraw = True
41.7021 	EXP 	fade_in_text: autoDraw = True
41.7188 	EXP 	fade_in_text: autoDraw = True
41.7355 	EXP 	fade_in_text: autoDraw = True
41.7520 	EXP 	fade_in_text: autoDraw = True
41.7688 	EXP 	fade_in_text: autoDraw = True
41.7855 	EXP 	fade_in_text: autoDraw = True
41.8021 	EXP 	fade_in_text: autoDraw = True
41.8188 	EXP 	fade_in_text: autoDraw = True
41.8353 	EXP 	fade_in_text: autoDraw = True
41.8520 	EXP 	fade_in_text: autoDraw = True
41.8688 	EXP 	fade_in_text: autoDraw = True
41.8854 	EXP 	fade_in_text: autoDraw = True
41.9021 	EXP 	fade_in_text: autoDraw = True
41.9188 	EXP 	fade_in_text: autoDraw = True
41.9354 	EXP 	fade_in_text: autoDraw = True
41.9521 	EXP 	fade_in_text: autoDraw = True
41.9688 	EXP 	fade_in_text: autoDraw = True
41.9855 	EXP 	fade_in_text: autoDraw = True
42.0021 	EXP 	fade_in_text: autoDraw = True
42.0190 	EXP 	fade_in_text: autoDraw = True
42.0354 	EXP 	fade_in_text: autoDraw = True
42.0521 	EXP 	fade_in_text: autoDraw = True
42.0688 	EXP 	fade_in_text: autoDraw = True
42.0855 	EXP 	fade_in_text: autoDraw = True
42.1021 	EXP 	fade_in_text: autoDraw = True
42.1190 	EXP 	fade_in_text: autoDraw = True
42.1354 	EXP 	fade_in_text: autoDraw = True
42.1521 	EXP 	fade_in_text: autoDraw = True
42.1688 	EXP 	fade_in_text: autoDraw = True
42.1855 	EXP 	fade_in_text: autoDraw = True
42.2021 	EXP 	fade_in_text: autoDraw = True
42.2191 	EXP 	fade_in_text: autoDraw = True
42.2354 	EXP 	fade_in_text: autoDraw = True
42.2521 	EXP 	fade_in_text: autoDraw = True
42.2688 	EXP 	fade_in_text: autoDraw = True
42.2855 	EXP 	fade_in_text: autoDraw = True
42.3021 	EXP 	fade_in_text: autoDraw = True
42.3190 	EXP 	fade_in_text: autoDraw = True
42.3354 	EXP 	fade_in_text: autoDraw = True
42.3521 	EXP 	fade_in_text: autoDraw = True
42.3688 	EXP 	fade_in_text: autoDraw = True
42.3855 	EXP 	fade_in_text: autoDraw = True
42.4022 	EXP 	fade_in_text: autoDraw = True
42.4188 	EXP 	fade_in_text: autoDraw = True
42.4354 	EXP 	fade_in_text: autoDraw = True
42.4522 	EXP 	fade_in_text: autoDraw = True
42.4688 	EXP 	fade_in_text: autoDraw = True
42.4854 	EXP 	fade_in_text: autoDraw = True
42.5021 	EXP 	fade_in_text: autoDraw = True
42.5188 	EXP 	fade_in_text: autoDraw = True
42.5354 	EXP 	fade_in_text: autoDraw = True
42.5521 	EXP 	fade_in_text: autoDraw = True
42.5688 	EXP 	fade_in_text: autoDraw = True
42.5855 	EXP 	fade_in_text: autoDraw = True
42.6023 	EXP 	fade_in_text: autoDraw = True
42.6188 	EXP 	fade_in_text: autoDraw = True
42.6355 	EXP 	fade_in_text: autoDraw = True
42.6521 	EXP 	fade_in_text: autoDraw = True
42.6688 	EXP 	fade_in_text: autoDraw = True
42.6855 	EXP 	fade_in_text: autoDraw = True
42.7023 	EXP 	fade_in_text: autoDraw = True
42.7188 	EXP 	fade_in_text: autoDraw = True
42.7355 	EXP 	fade_in_text: autoDraw = True
42.7522 	EXP 	fade_in_text: autoDraw = True
42.7690 	EXP 	fade_in_text: autoDraw = True
42.7855 	EXP 	fade_in_text: autoDraw = True
42.8025 	EXP 	fade_in_text: autoDraw = True
42.8189 	EXP 	fade_in_text: autoDraw = True
42.8358 	EXP 	fade_in_text: autoDraw = True
42.8522 	EXP 	fade_in_text: autoDraw = True
42.8688 	EXP 	fade_in_text: autoDraw = True
42.8855 	EXP 	fade_in_text: autoDraw = True
42.9021 	EXP 	fade_in_text: autoDraw = True
42.9188 	EXP 	fade_in_text: autoDraw = True
42.9355 	EXP 	fade_in_text: autoDraw = True
42.9522 	EXP 	fade_in_text: autoDraw = True
42.9688 	EXP 	fade_in_text: autoDraw = True
42.9855 	EXP 	fade_in_text: autoDraw = True
43.0022 	EXP 	fade_in_text: autoDraw = True
43.0188 	EXP 	fade_in_text: autoDraw = True
43.0355 	EXP 	fade_in_text: autoDraw = True
43.0523 	EXP 	fade_in_text: autoDraw = True
43.0688 	EXP 	fade_in_text: autoDraw = True
43.0855 	EXP 	fade_in_text: autoDraw = True
43.1021 	EXP 	fade_in_text: autoDraw = True
43.1189 	EXP 	fade_in_text: autoDraw = True
43.1355 	EXP 	fade_in_text: autoDraw = True
43.1522 	EXP 	fade_in_text: autoDraw = True
43.1689 	EXP 	fade_in_text: autoDraw = True
43.1856 	EXP 	fade_in_text: autoDraw = True
43.2022 	EXP 	fade_in_text: autoDraw = True
43.2189 	EXP 	fade_in_text: autoDraw = True
43.2355 	EXP 	fade_in_text: autoDraw = True
43.2522 	EXP 	fade_in_text: autoDraw = True
43.2688 	EXP 	fade_in_text: autoDraw = True
43.2857 	EXP 	fade_in_text: autoDraw = True
43.3021 	EXP 	fade_in_text: autoDraw = True
43.3188 	EXP 	fade_in_text: autoDraw = True
43.3355 	EXP 	fade_in_text: autoDraw = True
43.3522 	EXP 	fade_in_text: autoDraw = True
43.3688 	EXP 	fade_in_text: autoDraw = True
43.3857 	EXP 	fade_in_text: autoDraw = True
43.4021 	EXP 	fade_in_text: autoDraw = True
43.4189 	EXP 	fade_in_text: autoDraw = True
43.4359 	EXP 	fade_in_text: autoDraw = True
43.4523 	EXP 	fade_in_text: autoDraw = True
43.4689 	EXP 	fade_in_text: autoDraw = True
43.4857 	EXP 	fade_in_text: autoDraw = True
43.5021 	EXP 	fade_in_text: autoDraw = True
43.5189 	EXP 	fade_in_text: autoDraw = True
43.5355 	EXP 	fade_in_text: autoDraw = True
43.5522 	EXP 	fade_in_text: autoDraw = True
43.5689 	EXP 	fade_in_text: autoDraw = True
43.5857 	EXP 	fade_in_text: autoDraw = True
43.6022 	EXP 	fade_in_text: autoDraw = True
43.6189 	EXP 	fade_in_text: autoDraw = True
43.6355 	EXP 	fade_in_text: autoDraw = True
43.6522 	EXP 	fade_in_text: autoDraw = True
43.6689 	EXP 	fade_in_text: autoDraw = True
43.6854 	EXP 	fade_in_text: autoDraw = True
43.7021 	EXP 	fade_in_text: autoDraw = True
43.7189 	EXP 	fade_in_text: autoDraw = True
43.7356 	EXP 	fade_in_text: autoDraw = True
43.7522 	EXP 	fade_in_text: autoDraw = True
43.7689 	EXP 	fade_in_text: autoDraw = True
43.7855 	EXP 	fade_in_text: autoDraw = True
43.8022 	EXP 	fade_in_text: autoDraw = True
43.8189 	EXP 	fade_in_text: autoDraw = True
43.8356 	EXP 	fade_in_text: autoDraw = True
43.8522 	EXP 	fade_in_text: autoDraw = True
43.8691 	EXP 	fade_in_text: autoDraw = True
43.8855 	EXP 	fade_in_text: autoDraw = True
43.9022 	EXP 	fade_in_text: autoDraw = True
43.9189 	EXP 	fade_in_text: autoDraw = True
43.9355 	EXP 	fade_in_text: autoDraw = True
43.9522 	EXP 	fade_in_text: autoDraw = True
43.9691 	EXP 	fade_in_text: autoDraw = True
43.9855 	EXP 	fade_in_text: autoDraw = True
44.0022 	EXP 	fade_in_text: autoDraw = True
44.0189 	EXP 	fade_in_text: autoDraw = True
44.0355 	EXP 	fade_in_text: autoDraw = True
44.0522 	EXP 	fade_in_text: autoDraw = True
44.0691 	EXP 	fade_in_text: autoDraw = True
44.0855 	EXP 	fade_in_text: autoDraw = True
44.1022 	EXP 	fade_in_text: autoDraw = True
44.1189 	EXP 	fade_in_text: autoDraw = True
44.1356 	EXP 	fade_in_text: autoDraw = True
44.1522 	EXP 	fade_in_text: autoDraw = True
44.1692 	EXP 	fade_in_text: autoDraw = True
44.1856 	EXP 	fade_in_text: autoDraw = True
44.2022 	EXP 	fade_in_text: autoDraw = True
44.2189 	EXP 	fade_in_text: autoDraw = True
44.2356 	EXP 	fade_in_text: autoDraw = True
44.2522 	EXP 	fade_in_text: autoDraw = True
44.2690 	EXP 	fade_in_text: autoDraw = True
44.2855 	EXP 	fade_in_text: autoDraw = True
44.3022 	EXP 	fade_in_text: autoDraw = True
44.3189 	EXP 	fade_in_text: autoDraw = True
44.3356 	EXP 	fade_in_text: autoDraw = True
44.3522 	EXP 	fade_in_text: autoDraw = True
44.3688 	EXP 	fade_in_text: autoDraw = True
44.3855 	EXP 	fade_in_text: autoDraw = True
44.4022 	EXP 	fade_in_text: autoDraw = True
44.4189 	EXP 	fade_in_text: autoDraw = True
44.4356 	EXP 	fade_in_text: autoDraw = True
44.4522 	EXP 	fade_in_text: autoDraw = True
44.4688 	EXP 	fade_in_text: autoDraw = True
44.4856 	EXP 	fade_in_text: autoDraw = True
44.5022 	EXP 	fade_in_text: autoDraw = True
44.5189 	EXP 	fade_in_text: autoDraw = True
44.5356 	EXP 	fade_in_text: autoDraw = True
44.5523 	EXP 	fade_in_text: autoDraw = True
44.5689 	EXP 	fade_in_text: autoDraw = True
44.5856 	EXP 	fade_in_text: autoDraw = True
44.6023 	EXP 	fade_in_text: autoDraw = True
44.6191 	EXP 	fade_in_text: autoDraw = True
44.6356 	EXP 	fade_in_text: autoDraw = True
44.6524 	EXP 	fade_in_text: autoDraw = True
44.6689 	EXP 	fade_in_text: autoDraw = True
44.6856 	EXP 	fade_in_text: autoDraw = True
44.7023 	EXP 	fade_in_text: autoDraw = True
44.7190 	EXP 	fade_in_text: autoDraw = True
44.7356 	EXP 	fade_in_text: autoDraw = True
44.7524 	EXP 	fade_in_text: autoDraw = True
44.7688 	EXP 	fade_in_text: autoDraw = True
44.7856 	EXP 	fade_in_text: autoDraw = True
44.8023 	EXP 	fade_in_text: autoDraw = True
44.8190 	EXP 	fade_in_text: autoDraw = True
44.8356 	EXP 	fade_in_text: autoDraw = True
44.8524 	EXP 	fade_in_text: autoDraw = True
44.8689 	EXP 	fade_in_text: autoDraw = True
44.8856 	EXP 	fade_in_text: autoDraw = True
44.9023 	EXP 	fade_in_text: autoDraw = True
44.9189 	EXP 	fade_in_text: autoDraw = True
44.9356 	EXP 	fade_in_text: autoDraw = True
44.9525 	EXP 	fade_in_text: autoDraw = True
44.9689 	EXP 	fade_in_text: autoDraw = True
44.9856 	EXP 	fade_in_text: autoDraw = True
45.0023 	EXP 	fade_in_text: autoDraw = True
45.0190 	EXP 	fade_in_text: autoDraw = True
45.0356 	EXP 	fade_in_text: autoDraw = True
45.0522 	EXP 	fade_in_text: autoDraw = True
45.0689 	EXP 	fade_in_text: autoDraw = True
45.0856 	EXP 	fade_in_text: autoDraw = True
45.1023 	EXP 	fade_in_text: autoDraw = True
45.1190 	EXP 	fade_in_text: autoDraw = True
45.1356 	EXP 	fade_in_text: autoDraw = True
45.1522 	EXP 	fade_in_text: autoDraw = True
45.1689 	EXP 	fade_in_text: autoDraw = True
45.1856 	EXP 	fade_in_text: autoDraw = True
45.2023 	EXP 	fade_in_text: autoDraw = True
45.2190 	EXP 	fade_in_text: autoDraw = True
45.2359 	EXP 	fade_in_text: autoDraw = True
45.2522 	EXP 	fade_in_text: autoDraw = True
45.2690 	EXP 	fade_in_text: autoDraw = True
45.2856 	EXP 	fade_in_text: autoDraw = True
45.3024 	EXP 	fade_in_text: autoDraw = True
45.3190 	EXP 	fade_in_text: autoDraw = True
45.3358 	EXP 	fade_in_text: autoDraw = True
45.3522 	EXP 	fade_in_text: autoDraw = True
45.3690 	EXP 	fade_in_text: autoDraw = True
45.3856 	EXP 	fade_in_text: autoDraw = True
45.4023 	EXP 	fade_in_text: autoDraw = True
45.4190 	EXP 	fade_in_text: autoDraw = True
45.4358 	EXP 	fade_in_text: autoDraw = True
45.4523 	EXP 	fade_in_text: autoDraw = True
45.4690 	EXP 	fade_in_text: autoDraw = True
45.4856 	EXP 	fade_in_text: autoDraw = True
45.5023 	EXP 	fade_in_text: autoDraw = True
45.5190 	EXP 	fade_in_text: autoDraw = True
45.5359 	EXP 	fade_in_text: autoDraw = True
45.5523 	EXP 	fade_in_text: autoDraw = True
45.5690 	EXP 	fade_in_text: autoDraw = True
45.5857 	EXP 	fade_in_text: autoDraw = True
45.6024 	EXP 	fade_in_text: autoDraw = True
45.6190 	EXP 	fade_in_text: autoDraw = True
45.6356 	EXP 	fade_in_text: autoDraw = True
45.6523 	EXP 	fade_in_text: autoDraw = True
45.6690 	EXP 	fade_in_text: autoDraw = True
45.6856 	EXP 	fade_in_text: autoDraw = True
45.7023 	EXP 	fade_in_text: autoDraw = True
45.7190 	EXP 	fade_in_text: autoDraw = True
45.7356 	EXP 	fade_in_text: autoDraw = True
45.7523 	EXP 	fade_in_text: autoDraw = True
45.7690 	EXP 	fade_in_text: autoDraw = True
45.7857 	EXP 	fade_in_text: autoDraw = True
45.8023 	EXP 	fade_in_text: autoDraw = True
45.8193 	EXP 	fade_in_text: autoDraw = True
45.8356 	EXP 	fade_in_text: autoDraw = True
45.8523 	EXP 	fade_in_text: autoDraw = True
45.8690 	EXP 	fade_in_text: autoDraw = True
45.8856 	EXP 	fade_in_text: autoDraw = True
45.9024 	EXP 	fade_in_text: autoDraw = True
45.9192 	EXP 	fade_in_text: autoDraw = True
45.9356 	EXP 	fade_in_text: autoDraw = True
45.9523 	EXP 	fade_in_text: autoDraw = True
45.9690 	EXP 	fade_in_text: autoDraw = True
45.9856 	EXP 	fade_in_text: autoDraw = True
46.0023 	EXP 	fade_in_text: autoDraw = True
46.0194 	EXP 	fade_in_text: autoDraw = True
46.0356 	EXP 	fade_in_text: autoDraw = True
46.0523 	EXP 	fade_in_text: autoDraw = True
46.0690 	EXP 	fade_in_text: autoDraw = True
46.0857 	EXP 	fade_in_text: autoDraw = True
46.1023 	EXP 	fade_in_text: autoDraw = True
46.1190 	EXP 	fade_in_text: autoDraw = True
46.1357 	EXP 	fade_in_text: autoDraw = True
46.1524 	EXP 	fade_in_text: autoDraw = True
46.1690 	EXP 	fade_in_text: autoDraw = True
46.1857 	EXP 	fade_in_text: autoDraw = True
46.2024 	EXP 	fade_in_text: autoDraw = True
46.2191 	EXP 	fade_in_text: autoDraw = True
46.2357 	EXP 	fade_in_text: autoDraw = True
46.2524 	EXP 	fade_in_text: autoDraw = True
46.2690 	EXP 	fade_in_text: autoDraw = True
46.2857 	EXP 	fade_in_text: autoDraw = True
46.3024 	EXP 	fade_in_text: autoDraw = True
46.3190 	EXP 	fade_in_text: autoDraw = True
46.3357 	EXP 	fade_in_text: autoDraw = True
46.3524 	EXP 	fade_in_text: autoDraw = True
46.3690 	EXP 	fade_in_text: autoDraw = True
46.3857 	EXP 	fade_in_text: autoDraw = True
46.4026 	EXP 	fade_in_text: autoDraw = True
46.4191 	EXP 	fade_in_text: autoDraw = True
46.4357 	EXP 	fade_in_text: autoDraw = True
46.4523 	EXP 	fade_in_text: autoDraw = True
46.4690 	EXP 	fade_in_text: autoDraw = True
46.4857 	EXP 	fade_in_text: autoDraw = True
46.5025 	EXP 	fade_in_text: autoDraw = True
46.5189 	EXP 	fade_in_text: autoDraw = True
46.5357 	EXP 	fade_in_text: autoDraw = True
46.5524 	EXP 	fade_in_text: autoDraw = True
46.5690 	EXP 	fade_in_text: autoDraw = True
46.5857 	EXP 	fade_in_text: autoDraw = True
46.6026 	EXP 	fade_in_text: autoDraw = True
46.6190 	EXP 	fade_in_text: autoDraw = True
46.6357 	EXP 	fade_in_text: autoDraw = True
46.6523 	EXP 	fade_in_text: autoDraw = True
46.6690 	EXP 	fade_in_text: autoDraw = True
46.6857 	EXP 	fade_in_text: autoDraw = True
46.7025 	EXP 	fade_in_text: autoDraw = True
46.7190 	EXP 	fade_in_text: autoDraw = True
46.7358 	EXP 	fade_in_text: autoDraw = True
46.7524 	EXP 	fade_in_text: autoDraw = True
46.7691 	EXP 	fade_in_text: autoDraw = True
46.7857 	EXP 	fade_in_text: autoDraw = True
46.8023 	EXP 	fade_in_text: autoDraw = True
46.8191 	EXP 	fade_in_text: autoDraw = True
46.8358 	EXP 	fade_in_text: autoDraw = True
46.8524 	EXP 	fade_in_text: autoDraw = True
46.8691 	EXP 	fade_in_text: autoDraw = True
46.8857 	EXP 	fade_in_text: autoDraw = True
46.9023 	EXP 	fade_in_text: autoDraw = True
46.9190 	EXP 	fade_in_text: autoDraw = True
46.9357 	EXP 	fade_in_text: autoDraw = True
46.9524 	EXP 	fade_in_text: autoDraw = True
46.9690 	EXP 	fade_in_text: autoDraw = True
46.9858 	EXP 	fade_in_text: autoDraw = True
47.0023 	EXP 	fade_in_text: autoDraw = True
47.0190 	EXP 	fade_in_text: autoDraw = True
47.0357 	EXP 	fade_in_text: autoDraw = True
47.0524 	EXP 	fade_in_text: autoDraw = True
47.0691 	EXP 	fade_in_text: autoDraw = True
47.0859 	EXP 	fade_in_text: autoDraw = True
47.1023 	EXP 	fade_in_text: autoDraw = True
47.1190 	EXP 	fade_in_text: autoDraw = True
47.1357 	EXP 	fade_in_text: autoDraw = True
47.1524 	EXP 	fade_in_text: autoDraw = True
47.1690 	EXP 	fade_in_text: autoDraw = True
47.1859 	EXP 	fade_in_text: autoDraw = True
47.2023 	EXP 	fade_in_text: autoDraw = True
47.2191 	EXP 	fade_in_text: autoDraw = True
47.2357 	EXP 	fade_in_text: autoDraw = True
47.2524 	EXP 	fade_in_text: autoDraw = True
47.2691 	EXP 	fade_in_text: autoDraw = True
47.2860 	EXP 	fade_in_text: autoDraw = True
47.3024 	EXP 	fade_in_text: autoDraw = True
47.3191 	EXP 	fade_in_text: autoDraw = True
47.3358 	EXP 	fade_in_text: autoDraw = True
47.3524 	EXP 	fade_in_text: autoDraw = True
47.3691 	EXP 	fade_in_text: autoDraw = True
47.3859 	EXP 	fade_in_text: autoDraw = True
47.4023 	EXP 	fade_in_text: autoDraw = True
47.4191 	EXP 	fade_in_text: autoDraw = True
47.4357 	EXP 	fade_in_text: autoDraw = True
47.4524 	EXP 	fade_in_text: autoDraw = True
47.4691 	EXP 	fade_in_text: autoDraw = True
47.4857 	EXP 	fade_in_text: autoDraw = True
47.5023 	EXP 	fade_in_text: autoDraw = True
47.5191 	EXP 	fade_in_text: autoDraw = True
47.5358 	EXP 	fade_in_text: autoDraw = True
47.5524 	EXP 	fade_in_text: autoDraw = True
47.5691 	EXP 	fade_in_text: autoDraw = True
47.5857 	EXP 	fade_in_text: autoDraw = True
47.6024 	EXP 	fade_in_text: autoDraw = True
47.6191 	EXP 	fade_in_text: autoDraw = True
47.6358 	EXP 	fade_in_text: autoDraw = True
47.6524 	EXP 	fade_in_text: autoDraw = True
47.6691 	EXP 	fade_in_text: autoDraw = True
47.6857 	EXP 	fade_in_text: autoDraw = True
47.7024 	EXP 	fade_in_text: autoDraw = True
47.7191 	EXP 	fade_in_text: autoDraw = True
47.7358 	EXP 	fade_in_text: autoDraw = True
47.7524 	EXP 	fade_in_text: autoDraw = True
47.7693 	EXP 	fade_in_text: autoDraw = True
47.7857 	EXP 	fade_in_text: autoDraw = True
47.8024 	EXP 	fade_in_text: autoDraw = True
47.8191 	EXP 	fade_in_text: autoDraw = True
47.8358 	EXP 	fade_in_text: autoDraw = True
47.8526 	EXP 	fade_in_text: autoDraw = True
47.8693 	EXP 	fade_in_text: autoDraw = True
47.8856 	EXP 	fade_in_text: autoDraw = True
47.9025 	EXP 	fade_in_text: autoDraw = True
47.9191 	EXP 	fade_in_text: autoDraw = True
47.9358 	EXP 	fade_in_text: autoDraw = True
47.9524 	EXP 	fade_in_text: autoDraw = True
47.9694 	EXP 	fade_in_text: autoDraw = True
47.9858 	EXP 	fade_in_text: autoDraw = True
48.0024 	EXP 	fade_in_text: autoDraw = True
48.0191 	EXP 	fade_in_text: autoDraw = True
48.0359 	EXP 	fade_in_text: autoDraw = True
48.0524 	EXP 	fade_in_text: autoDraw = True
48.0692 	EXP 	fade_in_text: autoDraw = True
48.0857 	EXP 	fade_in_text: autoDraw = True
48.1025 	EXP 	fade_in_text: autoDraw = True
48.1191 	EXP 	fade_in_text: autoDraw = True
48.1358 	EXP 	fade_in_text: autoDraw = True
48.1526 	EXP 	fade_in_text: autoDraw = True
48.1690 	EXP 	fade_in_text: autoDraw = True
48.1857 	EXP 	fade_in_text: autoDraw = True
48.2024 	EXP 	fade_in_text: autoDraw = True
48.2191 	EXP 	fade_in_text: autoDraw = True
48.2358 	EXP 	fade_in_text: autoDraw = True
48.2525 	EXP 	fade_in_text: autoDraw = True
48.2691 	EXP 	fade_in_text: autoDraw = True
48.2857 	EXP 	fade_in_text: autoDraw = True
48.3025 	EXP 	fade_in_text: autoDraw = True
48.3191 	EXP 	fade_in_text: autoDraw = True
48.3358 	EXP 	fade_in_text: autoDraw = True
48.3528 	EXP 	fade_in_text: autoDraw = True
48.3691 	EXP 	fade_in_text: autoDraw = True
48.3858 	EXP 	fade_in_text: autoDraw = True
48.4024 	EXP 	fade_in_text: autoDraw = True
48.4191 	EXP 	fade_in_text: autoDraw = True
48.4358 	EXP 	fade_in_text: autoDraw = True
48.4527 	EXP 	fade_in_text: autoDraw = True
48.4691 	EXP 	fade_in_text: autoDraw = True
48.4858 	EXP 	fade_in_text: autoDraw = True
48.5025 	EXP 	fade_in_text: autoDraw = True
48.5192 	EXP 	fade_in_text: autoDraw = True
48.5358 	EXP 	fade_in_text: autoDraw = True
48.5528 	EXP 	fade_in_text: autoDraw = True
48.5691 	EXP 	fade_in_text: autoDraw = True
48.5858 	EXP 	fade_in_text: autoDraw = True
48.6025 	EXP 	fade_in_text: autoDraw = True
48.6191 	EXP 	fade_in_text: autoDraw = True
48.6358 	EXP 	fade_in_text: autoDraw = True
48.6529 	EXP 	fade_in_text: autoDraw = True
48.6692 	EXP 	fade_in_text: autoDraw = True
48.6858 	EXP 	fade_in_text: autoDraw = True
48.7024 	EXP 	fade_in_text: autoDraw = True
48.7191 	EXP 	fade_in_text: autoDraw = True
48.7359 	EXP 	fade_in_text: autoDraw = True
48.7528 	EXP 	fade_in_text: autoDraw = True
48.7692 	EXP 	fade_in_text: autoDraw = True
48.7858 	EXP 	fade_in_text: autoDraw = True
48.8025 	EXP 	fade_in_text: autoDraw = True
48.8192 	EXP 	fade_in_text: autoDraw = True
48.8358 	EXP 	fade_in_text: autoDraw = True
48.8525 	EXP 	fade_in_text: autoDraw = True
48.8691 	EXP 	fade_in_text: autoDraw = True
48.8858 	EXP 	fade_in_text: autoDraw = True
48.9025 	EXP 	fade_in_text: autoDraw = True
48.9192 	EXP 	fade_in_text: autoDraw = True
48.9358 	EXP 	fade_in_text: autoDraw = True
48.9526 	EXP 	fade_in_text: autoDraw = True
48.9692 	EXP 	fade_in_text: autoDraw = True
48.9858 	EXP 	fade_in_text: autoDraw = True
49.0025 	EXP 	fade_in_text: autoDraw = True
49.0192 	EXP 	fade_in_text: autoDraw = True
49.0361 	EXP 	fade_in_text: autoDraw = True
49.0525 	EXP 	fade_in_text: autoDraw = True
49.0692 	EXP 	fade_in_text: autoDraw = True
49.0859 	EXP 	fade_in_text: autoDraw = True
49.1025 	EXP 	fade_in_text: autoDraw = True
49.1192 	EXP 	fade_in_text: autoDraw = True
49.1360 	EXP 	fade_in_text: autoDraw = True
49.1525 	EXP 	fade_in_text: autoDraw = True
49.1692 	EXP 	fade_in_text: autoDraw = True
49.1858 	EXP 	fade_in_text: autoDraw = True
49.2025 	EXP 	fade_in_text: autoDraw = True
49.2192 	EXP 	fade_in_text: autoDraw = True
49.2360 	EXP 	fade_in_text: autoDraw = True
49.2525 	EXP 	fade_in_text: autoDraw = True
49.2692 	EXP 	fade_in_text: autoDraw = True
49.2859 	EXP 	fade_in_text: autoDraw = True
49.3026 	EXP 	fade_in_text: autoDraw = True
49.3192 	EXP 	fade_in_text: autoDraw = True
49.3361 	EXP 	fade_in_text: autoDraw = True
49.3525 	EXP 	fade_in_text: autoDraw = True
49.3692 	EXP 	fade_in_text: autoDraw = True
49.3859 	EXP 	fade_in_text: autoDraw = True
49.4026 	EXP 	fade_in_text: autoDraw = True
49.4192 	EXP 	fade_in_text: autoDraw = True
49.4361 	EXP 	fade_in_text: autoDraw = True
49.4525 	EXP 	fade_in_text: autoDraw = True
49.4691 	EXP 	fade_in_text: autoDraw = True
49.4859 	EXP 	fade_in_text: autoDraw = True
49.5025 	EXP 	fade_in_text: autoDraw = True
49.5192 	EXP 	fade_in_text: autoDraw = True
49.5359 	EXP 	fade_in_text: autoDraw = True
49.5525 	EXP 	fade_in_text: autoDraw = True
49.5692 	EXP 	fade_in_text: autoDraw = True
49.5859 	EXP 	fade_in_text: autoDraw = True
49.6025 	EXP 	fade_in_text: autoDraw = True
49.6192 	EXP 	fade_in_text: autoDraw = True
49.6359 	EXP 	fade_in_text: autoDraw = True
49.6526 	EXP 	fade_in_text: autoDraw = True
49.6692 	EXP 	fade_in_text: autoDraw = True
49.6859 	EXP 	fade_in_text: autoDraw = True
49.7026 	EXP 	fade_in_text: autoDraw = True
49.7194 	EXP 	fade_in_text: autoDraw = True
49.7359 	EXP 	fade_in_text: autoDraw = True
49.7526 	EXP 	fade_in_text: autoDraw = True
49.7692 	EXP 	fade_in_text: autoDraw = True
49.7859 	EXP 	fade_in_text: autoDraw = True
49.8025 	EXP 	fade_in_text: autoDraw = True
49.8194 	EXP 	fade_in_text: autoDraw = True
49.8359 	EXP 	fade_in_text: autoDraw = True
49.8526 	EXP 	fade_in_text: autoDraw = True
49.8692 	EXP 	fade_in_text: autoDraw = True
49.8859 	EXP 	fade_in_text: autoDraw = True
49.9026 	EXP 	fade_in_text: autoDraw = True
49.9194 	EXP 	fade_in_text: autoDraw = True
49.9358 	EXP 	fade_in_text: autoDraw = True
49.9527 	EXP 	fade_in_text: autoDraw = True
49.9692 	EXP 	fade_in_text: autoDraw = True
49.9859 	EXP 	fade_in_text: autoDraw = True
50.0026 	EXP 	fade_in_text: autoDraw = True
50.0194 	EXP 	fade_in_text: autoDraw = True
50.0359 	EXP 	fade_in_text: autoDraw = True
50.0526 	EXP 	fade_in_text: autoDraw = True
50.0692 	EXP 	fade_in_text: autoDraw = True
50.0859 	EXP 	fade_in_text: autoDraw = True
50.1026 	EXP 	fade_in_text: autoDraw = True
50.1192 	EXP 	fade_in_text: autoDraw = True
50.1358 	EXP 	fade_in_text: autoDraw = True
50.1526 	EXP 	fade_in_text: autoDraw = True
50.1692 	EXP 	fade_in_text: autoDraw = True
50.1859 	EXP 	fade_in_text: autoDraw = True
50.2026 	EXP 	fade_in_text: autoDraw = True
50.2192 	EXP 	fade_in_text: autoDraw = True
50.2359 	EXP 	fade_in_text: autoDraw = True
50.2526 	EXP 	fade_in_text: autoDraw = True
50.2693 	EXP 	fade_in_text: autoDraw = True
50.2859 	EXP 	fade_in_text: autoDraw = True
50.3026 	EXP 	fade_in_text: autoDraw = True
50.3191 	EXP 	fade_in_text: autoDraw = True
50.3359 	EXP 	fade_in_text: autoDraw = True
50.3526 	EXP 	fade_in_text: autoDraw = True
50.3692 	EXP 	fade_in_text: autoDraw = True
50.3859 	EXP 	fade_in_text: autoDraw = True
50.4027 	EXP 	fade_in_text: autoDraw = True
50.4192 	EXP 	fade_in_text: autoDraw = True
50.4360 	EXP 	fade_in_text: autoDraw = True
50.4526 	EXP 	fade_in_text: autoDraw = True
50.4693 	EXP 	fade_in_text: autoDraw = True
50.4859 	EXP 	fade_in_text: autoDraw = True
50.5028 	EXP 	fade_in_text: autoDraw = True
50.5192 	EXP 	fade_in_text: autoDraw = True
50.5359 	EXP 	fade_in_text: autoDraw = True
50.5526 	EXP 	fade_in_text: autoDraw = True
50.5693 	EXP 	fade_in_text: autoDraw = True
50.5859 	EXP 	fade_in_text: autoDraw = True
50.6028 	EXP 	fade_in_text: autoDraw = True
50.6193 	EXP 	fade_in_text: autoDraw = True
50.6360 	EXP 	fade_in_text: autoDraw = True
50.6526 	EXP 	fade_in_text: autoDraw = True
50.6693 	EXP 	fade_in_text: autoDraw = True
50.6859 	EXP 	fade_in_text: autoDraw = True
50.7028 	EXP 	fade_in_text: autoDraw = True
50.7192 	EXP 	fade_in_text: autoDraw = True
50.7360 	EXP 	fade_in_text: autoDraw = True
50.7526 	EXP 	fade_in_text: autoDraw = True
50.7693 	EXP 	fade_in_text: autoDraw = True
50.7859 	EXP 	fade_in_text: autoDraw = True
50.8028 	EXP 	fade_in_text: autoDraw = True
50.8192 	EXP 	fade_in_text: autoDraw = True
50.8360 	EXP 	fade_in_text: autoDraw = True
50.8526 	EXP 	fade_in_text: autoDraw = True
50.8692 	EXP 	fade_in_text: autoDraw = True
50.8859 	EXP 	fade_in_text: autoDraw = True
50.9026 	EXP 	fade_in_text: autoDraw = True
50.9192 	EXP 	fade_in_text: autoDraw = True
50.9359 	EXP 	fade_in_text: autoDraw = True
50.9526 	EXP 	fade_in_text: autoDraw = True
50.9693 	EXP 	fade_in_text: autoDraw = True
50.9859 	EXP 	fade_in_text: autoDraw = True
51.0025 	EXP 	fade_in_text: autoDraw = True
51.0192 	EXP 	fade_in_text: autoDraw = True
51.0360 	EXP 	fade_in_text: autoDraw = True
51.0527 	EXP 	fade_in_text: autoDraw = True
51.0693 	EXP 	fade_in_text: autoDraw = True
51.0860 	EXP 	fade_in_text: autoDraw = True
51.1026 	EXP 	fade_in_text: autoDraw = True
51.1193 	EXP 	fade_in_text: autoDraw = True
51.1360 	EXP 	fade_in_text: autoDraw = True
51.1526 	EXP 	fade_in_text: autoDraw = True
51.1693 	EXP 	fade_in_text: autoDraw = True
51.1861 	EXP 	fade_in_text: autoDraw = True
51.2025 	EXP 	fade_in_text: autoDraw = True
51.2193 	EXP 	fade_in_text: autoDraw = True
51.2360 	EXP 	fade_in_text: autoDraw = True
51.2526 	EXP 	fade_in_text: autoDraw = True
51.2693 	EXP 	fade_in_text: autoDraw = True
51.2861 	EXP 	fade_in_text: autoDraw = True
51.3026 	EXP 	fade_in_text: autoDraw = True
51.3193 	EXP 	fade_in_text: autoDraw = True
51.3360 	EXP 	fade_in_text: autoDraw = True
51.3527 	EXP 	fade_in_text: autoDraw = True
51.3693 	EXP 	fade_in_text: autoDraw = True
51.3862 	EXP 	fade_in_text: autoDraw = True
51.4026 	EXP 	fade_in_text: autoDraw = True
51.4193 	EXP 	fade_in_text: autoDraw = True
51.4360 	EXP 	fade_in_text: autoDraw = True
51.4526 	EXP 	fade_in_text: autoDraw = True
51.4693 	EXP 	fade_in_text: autoDraw = True
51.4862 	EXP 	fade_in_text: autoDraw = True
51.5026 	EXP 	fade_in_text: autoDraw = True
51.5193 	EXP 	fade_in_text: autoDraw = True
51.5360 	EXP 	fade_in_text: autoDraw = True
51.5527 	EXP 	fade_in_text: autoDraw = True
51.5693 	EXP 	fade_in_text: autoDraw = True
51.5859 	EXP 	fade_in_text: autoDraw = True
51.6026 	EXP 	fade_in_text: autoDraw = True
51.6193 	EXP 	fade_in_text: autoDraw = True
51.6360 	EXP 	fade_in_text: autoDraw = True
51.6528 	EXP 	fade_in_text: autoDraw = True
51.6694 	EXP 	fade_in_text: autoDraw = True
51.6859 	EXP 	fade_in_text: autoDraw = True
51.7027 	EXP 	fade_in_text: autoDraw = True
51.7193 	EXP 	fade_in_text: autoDraw = True
51.7360 	EXP 	fade_in_text: autoDraw = True
51.7528 	EXP 	fade_in_text: autoDraw = True
51.7695 	EXP 	fade_in_text: autoDraw = True
51.7859 	EXP 	fade_in_text: autoDraw = True
51.8026 	EXP 	fade_in_text: autoDraw = True
51.8193 	EXP 	fade_in_text: autoDraw = True
51.8360 	EXP 	fade_in_text: autoDraw = True
51.8526 	EXP 	fade_in_text: autoDraw = True
51.8695 	EXP 	fade_in_text: autoDraw = True
51.8859 	EXP 	fade_in_text: autoDraw = True
51.9027 	EXP 	fade_in_text: autoDraw = True
51.9193 	EXP 	fade_in_text: autoDraw = True
51.9360 	EXP 	fade_in_text: autoDraw = True
51.9527 	EXP 	fade_in_text: autoDraw = True
51.9695 	EXP 	fade_in_text: autoDraw = True
51.9860 	EXP 	fade_in_text: autoDraw = True
52.0027 	EXP 	fade_in_text: autoDraw = True
52.0193 	EXP 	fade_in_text: autoDraw = True
52.0360 	EXP 	fade_in_text: autoDraw = True
52.0527 	EXP 	fade_in_text: autoDraw = True
52.0695 	EXP 	fade_in_text: autoDraw = True
52.0859 	EXP 	fade_in_text: autoDraw = True
52.1027 	EXP 	fade_in_text: autoDraw = True
52.1193 	EXP 	fade_in_text: autoDraw = True
52.1360 	EXP 	fade_in_text: autoDraw = True
52.1527 	EXP 	fade_in_text: autoDraw = True
52.1694 	EXP 	fade_in_text: autoDraw = True
52.1859 	EXP 	fade_in_text: autoDraw = True
52.2027 	EXP 	fade_in_text: autoDraw = True
52.2193 	EXP 	fade_in_text: autoDraw = True
52.2360 	EXP 	fade_in_text: autoDraw = True
52.2527 	EXP 	fade_in_text: autoDraw = True
52.2693 	EXP 	fade_in_text: autoDraw = True
52.2859 	EXP 	fade_in_text: autoDraw = True
52.3027 	EXP 	fade_in_text: autoDraw = True
52.3193 	EXP 	fade_in_text: autoDraw = True
52.3360 	EXP 	fade_in_text: autoDraw = True
52.3527 	EXP 	fade_in_text: autoDraw = True
52.3693 	EXP 	fade_in_text: autoDraw = True
52.3860 	EXP 	fade_in_text: autoDraw = True
52.4027 	EXP 	fade_in_text: autoDraw = True
52.4194 	EXP 	fade_in_text: autoDraw = True
52.4361 	EXP 	fade_in_text: autoDraw = True
52.4529 	EXP 	fade_in_text: autoDraw = True
52.4694 	EXP 	fade_in_text: autoDraw = True
52.4860 	EXP 	fade_in_text: autoDraw = True
52.5027 	EXP 	fade_in_text: autoDraw = True
52.5194 	EXP 	fade_in_text: autoDraw = True
52.5360 	EXP 	fade_in_text: autoDraw = True
52.5528 	EXP 	fade_in_text: autoDraw = True
52.5693 	EXP 	fade_in_text: autoDraw = True
52.5860 	EXP 	fade_in_text: autoDraw = True
52.6027 	EXP 	fade_in_text: autoDraw = True
52.6194 	EXP 	fade_in_text: autoDraw = True
52.6360 	EXP 	fade_in_text: autoDraw = True
52.6530 	EXP 	fade_in_text: autoDraw = True
52.6693 	EXP 	fade_in_text: autoDraw = True
52.6861 	EXP 	fade_in_text: autoDraw = True
52.7027 	EXP 	fade_in_text: autoDraw = True
52.7194 	EXP 	fade_in_text: autoDraw = True
52.7360 	EXP 	fade_in_text: autoDraw = True
52.7527 	EXP 	fade_in_text: autoDraw = True
52.7694 	EXP 	fade_in_text: autoDraw = True
52.7860 	EXP 	fade_in_text: autoDraw = True
52.8027 	EXP 	fade_in_text: autoDraw = True
52.8193 	EXP 	fade_in_text: autoDraw = True
52.8360 	EXP 	fade_in_text: autoDraw = True
52.8527 	EXP 	fade_in_text: autoDraw = True
52.8693 	EXP 	fade_in_text: autoDraw = True
52.8861 	EXP 	fade_in_text: autoDraw = True
52.9027 	EXP 	fade_in_text: autoDraw = True
52.9193 	EXP 	fade_in_text: autoDraw = True
52.9362 	EXP 	fade_in_text: autoDraw = True
52.9527 	EXP 	fade_in_text: autoDraw = True
52.9694 	EXP 	fade_in_text: autoDraw = True
52.9861 	EXP 	fade_in_text: autoDraw = True
53.0028 	EXP 	fade_in_text: autoDraw = True
53.0194 	EXP 	fade_in_text: autoDraw = True
53.0362 	EXP 	fade_in_text: autoDraw = True
53.0527 	EXP 	fade_in_text: autoDraw = True
53.0694 	EXP 	fade_in_text: autoDraw = True
53.0861 	EXP 	fade_in_text: autoDraw = True
53.1027 	EXP 	fade_in_text: autoDraw = True
53.1194 	EXP 	fade_in_text: autoDraw = True
53.1362 	EXP 	fade_in_text: autoDraw = True
53.1527 	EXP 	fade_in_text: autoDraw = True
53.1694 	EXP 	fade_in_text: autoDraw = True
53.1861 	EXP 	fade_in_text: autoDraw = True
53.2027 	EXP 	fade_in_text: autoDraw = True
53.2194 	EXP 	fade_in_text: autoDraw = True
53.2364 	EXP 	fade_in_text: autoDraw = True
53.2527 	EXP 	fade_in_text: autoDraw = True
53.2694 	EXP 	fade_in_text: autoDraw = True
53.2861 	EXP 	fade_in_text: autoDraw = True
53.3028 	EXP 	fade_in_text: autoDraw = True
53.3194 	EXP 	fade_in_text: autoDraw = True
53.3363 	EXP 	fade_in_text: autoDraw = True
53.3526 	EXP 	fade_in_text: autoDraw = True
53.3694 	EXP 	fade_in_text: autoDraw = True
53.3861 	EXP 	fade_in_text: autoDraw = True
53.4027 	EXP 	fade_in_text: autoDraw = True
53.4194 	EXP 	fade_in_text: autoDraw = True
53.4360 	EXP 	fade_in_text: autoDraw = True
53.4528 	EXP 	fade_in_text: autoDraw = True
53.4691 	EXP 	fade_in_text: autoDraw = True
53.4860 	EXP 	fade_in_text: autoDraw = True
53.5027 	EXP 	fade_in_text: autoDraw = True
53.5194 	EXP 	fade_in_text: autoDraw = True
53.5360 	EXP 	fade_in_text: autoDraw = True
53.5527 	EXP 	fade_in_text: autoDraw = True
53.5694 	EXP 	fade_in_text: autoDraw = True
53.5861 	EXP 	fade_in_text: autoDraw = True
53.6027 	EXP 	fade_in_text: autoDraw = True
53.6195 	EXP 	fade_in_text: autoDraw = True
53.6360 	EXP 	fade_in_text: autoDraw = True
53.6528 	EXP 	fade_in_text: autoDraw = True
53.6695 	EXP 	fade_in_text: autoDraw = True
53.6861 	EXP 	fade_in_text: autoDraw = True
53.7027 	EXP 	fade_in_text: autoDraw = True
53.7196 	EXP 	fade_in_text: autoDraw = True
53.7360 	EXP 	fade_in_text: autoDraw = True
53.7528 	EXP 	fade_in_text: autoDraw = True
53.7694 	EXP 	fade_in_text: autoDraw = True
53.7861 	EXP 	fade_in_text: autoDraw = True
53.8028 	EXP 	fade_in_text: autoDraw = True
53.8196 	EXP 	fade_in_text: autoDraw = True
53.8360 	EXP 	fade_in_text: autoDraw = True
53.8528 	EXP 	fade_in_text: autoDraw = True
53.8694 	EXP 	fade_in_text: autoDraw = True
53.8861 	EXP 	fade_in_text: autoDraw = True
53.9028 	EXP 	fade_in_text: autoDraw = True
53.9196 	EXP 	fade_in_text: autoDraw = True
53.9360 	EXP 	fade_in_text: autoDraw = True
53.9528 	EXP 	fade_in_text: autoDraw = True
53.9695 	EXP 	fade_in_text: autoDraw = True
53.9861 	EXP 	fade_in_text: autoDraw = True
54.0028 	EXP 	fade_in_text: autoDraw = True
54.0196 	EXP 	fade_in_text: autoDraw = True
54.0360 	EXP 	fade_in_text: autoDraw = True
54.0529 	EXP 	fade_in_text: autoDraw = True
54.0695 	EXP 	fade_in_text: autoDraw = True
54.0861 	EXP 	fade_in_text: autoDraw = True
54.1028 	EXP 	fade_in_text: autoDraw = True
54.1194 	EXP 	fade_in_text: autoDraw = True
54.1360 	EXP 	fade_in_text: autoDraw = True
54.1528 	EXP 	fade_in_text: autoDraw = True
54.1694 	EXP 	fade_in_text: autoDraw = True
54.1861 	EXP 	fade_in_text: autoDraw = True
54.2028 	EXP 	fade_in_text: autoDraw = True
54.2194 	EXP 	fade_in_text: autoDraw = True
54.2360 	EXP 	fade_in_text: autoDraw = True
54.2528 	EXP 	fade_in_text: autoDraw = True
54.2695 	EXP 	fade_in_text: autoDraw = True
54.2861 	EXP 	fade_in_text: autoDraw = True
54.3028 	EXP 	fade_in_text: autoDraw = True
54.3194 	EXP 	fade_in_text: autoDraw = True
54.3361 	EXP 	fade_in_text: autoDraw = True
54.3528 	EXP 	fade_in_text: autoDraw = True
54.3695 	EXP 	fade_in_text: autoDraw = True
54.3861 	EXP 	fade_in_text: autoDraw = True
54.4030 	EXP 	fade_in_text: autoDraw = True
54.4194 	EXP 	fade_in_text: autoDraw = True
54.4361 	EXP 	fade_in_text: autoDraw = True
54.4528 	EXP 	fade_in_text: autoDraw = True
54.4695 	EXP 	fade_in_text: autoDraw = True
54.4861 	EXP 	fade_in_text: autoDraw = True
54.5030 	EXP 	fade_in_text: autoDraw = True
54.5194 	EXP 	fade_in_text: autoDraw = True
54.5361 	EXP 	fade_in_text: autoDraw = True
54.5528 	EXP 	fade_in_text: autoDraw = True
54.5695 	EXP 	fade_in_text: autoDraw = True
54.5861 	EXP 	fade_in_text: autoDraw = True
54.6030 	EXP 	fade_in_text: autoDraw = True
54.6194 	EXP 	fade_in_text: autoDraw = True
54.6362 	EXP 	fade_in_text: autoDraw = True
54.6528 	EXP 	fade_in_text: autoDraw = True
54.6695 	EXP 	fade_in_text: autoDraw = True
54.6861 	EXP 	fade_in_text: autoDraw = True
54.7028 	EXP 	fade_in_text: autoDraw = True
54.7194 	EXP 	fade_in_text: autoDraw = True
54.7361 	EXP 	fade_in_text: autoDraw = True
54.7528 	EXP 	fade_in_text: autoDraw = True
54.7695 	EXP 	fade_in_text: autoDraw = True
54.7862 	EXP 	fade_in_text: autoDraw = True
54.8028 	EXP 	fade_in_text: autoDraw = True
54.8194 	EXP 	fade_in_text: autoDraw = True
54.8362 	EXP 	fade_in_text: autoDraw = True
54.8528 	EXP 	fade_in_text: autoDraw = True
54.8695 	EXP 	fade_in_text: autoDraw = True
54.8862 	EXP 	fade_in_text: autoDraw = True
54.9027 	EXP 	fade_in_text: autoDraw = True
54.9195 	EXP 	fade_in_text: autoDraw = True
54.9362 	EXP 	fade_in_text: autoDraw = True
54.9528 	EXP 	fade_in_text: autoDraw = True
54.9696 	EXP 	fade_in_text: autoDraw = True
54.9862 	EXP 	fade_in_text: autoDraw = True
55.0027 	EXP 	fade_in_text: autoDraw = True
55.0195 	EXP 	fade_in_text: autoDraw = True
55.0361 	EXP 	fade_in_text: autoDraw = True
55.0528 	EXP 	fade_in_text: autoDraw = True
55.0697 	EXP 	fade_in_text: autoDraw = True
55.0863 	EXP 	fade_in_text: autoDraw = True
55.1028 	EXP 	fade_in_text: autoDraw = True
55.1195 	EXP 	fade_in_text: autoDraw = True
55.1362 	EXP 	fade_in_text: autoDraw = True
55.1528 	EXP 	fade_in_text: autoDraw = True
55.1696 	EXP 	fade_in_text: autoDraw = True
55.1864 	EXP 	fade_in_text: autoDraw = True
55.2028 	EXP 	fade_in_text: autoDraw = True
55.2195 	EXP 	fade_in_text: autoDraw = True
55.2362 	EXP 	fade_in_text: autoDraw = True
55.2528 	EXP 	fade_in_text: autoDraw = True
55.2695 	EXP 	fade_in_text: autoDraw = True
55.2864 	EXP 	fade_in_text: autoDraw = True
55.3028 	EXP 	fade_in_text: autoDraw = True
55.3195 	EXP 	fade_in_text: autoDraw = True
55.3362 	EXP 	fade_in_text: autoDraw = True
55.3528 	EXP 	fade_in_text: autoDraw = True
55.3695 	EXP 	fade_in_text: autoDraw = True
55.3863 	EXP 	fade_in_text: autoDraw = True
55.4028 	EXP 	fade_in_text: autoDraw = True
55.4195 	EXP 	fade_in_text: autoDraw = True
55.4362 	EXP 	fade_in_text: autoDraw = True
55.4528 	EXP 	fade_in_text: autoDraw = True
55.4695 	EXP 	fade_in_text: autoDraw = True
55.4861 	EXP 	fade_in_text: autoDraw = True
55.5028 	EXP 	fade_in_text: autoDraw = True
55.5195 	EXP 	fade_in_text: autoDraw = True
55.5362 	EXP 	fade_in_text: autoDraw = True
55.5529 	EXP 	fade_in_text: autoDraw = True
55.5695 	EXP 	fade_in_text: autoDraw = True
55.5861 	EXP 	fade_in_text: autoDraw = True
55.6029 	EXP 	fade_in_text: autoDraw = True
55.6195 	EXP 	fade_in_text: autoDraw = True
55.6362 	EXP 	fade_in_text: autoDraw = True
55.6528 	EXP 	fade_in_text: autoDraw = True
55.6697 	EXP 	fade_in_text: autoDraw = True
55.6862 	EXP 	fade_in_text: autoDraw = True
55.7029 	EXP 	fade_in_text: autoDraw = True
55.7195 	EXP 	fade_in_text: autoDraw = True
55.7362 	EXP 	fade_in_text: autoDraw = True
55.7529 	EXP 	fade_in_text: autoDraw = True
55.7697 	EXP 	fade_in_text: autoDraw = True
55.7862 	EXP 	fade_in_text: autoDraw = True
55.8029 	EXP 	fade_in_text: autoDraw = True
55.8195 	EXP 	fade_in_text: autoDraw = True
55.8362 	EXP 	fade_in_text: autoDraw = True
55.8529 	EXP 	fade_in_text: autoDraw = True
55.8698 	EXP 	fade_in_text: autoDraw = True
55.8862 	EXP 	fade_in_text: autoDraw = True
55.9029 	EXP 	fade_in_text: autoDraw = True
55.9195 	EXP 	fade_in_text: autoDraw = True
55.9362 	EXP 	fade_in_text: autoDraw = True
55.9529 	EXP 	fade_in_text: autoDraw = True
55.9697 	EXP 	fade_in_text: autoDraw = True
55.9862 	EXP 	fade_in_text: autoDraw = True
56.0029 	EXP 	fade_in_text: autoDraw = True
56.0195 	EXP 	fade_in_text: autoDraw = True
56.0362 	EXP 	fade_in_text: autoDraw = True
56.0529 	EXP 	fade_in_text: autoDraw = True
56.0696 	EXP 	fade_in_text: autoDraw = True
56.0862 	EXP 	fade_in_text: autoDraw = True
56.1029 	EXP 	fade_in_text: autoDraw = True
56.1196 	EXP 	fade_in_text: autoDraw = True
56.1362 	EXP 	fade_in_text: autoDraw = True
56.1529 	EXP 	fade_in_text: autoDraw = True
56.1695 	EXP 	fade_in_text: autoDraw = True
56.1862 	EXP 	fade_in_text: autoDraw = True
56.2029 	EXP 	fade_in_text: autoDraw = True
56.2196 	EXP 	fade_in_text: autoDraw = True
56.2362 	EXP 	fade_in_text: autoDraw = True
56.2531 	EXP 	fade_in_text: autoDraw = True
56.2696 	EXP 	fade_in_text: autoDraw = True
56.2863 	EXP 	fade_in_text: autoDraw = True
56.3029 	EXP 	fade_in_text: autoDraw = True
56.3196 	EXP 	fade_in_text: autoDraw = True
56.3362 	EXP 	fade_in_text: autoDraw = True
56.3532 	EXP 	fade_in_text: autoDraw = True
56.3695 	EXP 	fade_in_text: autoDraw = True
56.3862 	EXP 	fade_in_text: autoDraw = True
56.4029 	EXP 	fade_in_text: autoDraw = True
56.4196 	EXP 	fade_in_text: autoDraw = True
56.4362 	EXP 	fade_in_text: autoDraw = True
56.4531 	EXP 	fade_in_text: autoDraw = True
56.4696 	EXP 	fade_in_text: autoDraw = True
56.4863 	EXP 	fade_in_text: autoDraw = True
56.5029 	EXP 	fade_in_text: autoDraw = True
56.5196 	EXP 	fade_in_text: autoDraw = True
56.5362 	EXP 	fade_in_text: autoDraw = True
56.5531 	EXP 	fade_in_text: autoDraw = True
56.5695 	EXP 	fade_in_text: autoDraw = True
56.5863 	EXP 	fade_in_text: autoDraw = True
56.6029 	EXP 	fade_in_text: autoDraw = True
56.6196 	EXP 	fade_in_text: autoDraw = True
56.6362 	EXP 	fade_in_text: autoDraw = True
56.6530 	EXP 	fade_in_text: autoDraw = True
56.6696 	EXP 	fade_in_text: autoDraw = True
56.6863 	EXP 	fade_in_text: autoDraw = True
56.7029 	EXP 	fade_in_text: autoDraw = True
56.7196 	EXP 	fade_in_text: autoDraw = True
56.7363 	EXP 	fade_in_text: autoDraw = True
56.7528 	EXP 	fade_in_text: autoDraw = True
56.7695 	EXP 	fade_in_text: autoDraw = True
56.7863 	EXP 	fade_in_text: autoDraw = True
56.8029 	EXP 	fade_in_text: autoDraw = True
56.8196 	EXP 	fade_in_text: autoDraw = True
56.8363 	EXP 	fade_in_text: autoDraw = True
56.8528 	EXP 	fade_in_text: autoDraw = True
56.8696 	EXP 	fade_in_text: autoDraw = True
56.8863 	EXP 	fade_in_text: autoDraw = True
56.9029 	EXP 	fade_in_text: autoDraw = True
56.9196 	EXP 	fade_in_text: autoDraw = True
56.9364 	EXP 	fade_in_text: autoDraw = True
56.9529 	EXP 	fade_in_text: autoDraw = True
56.9696 	EXP 	fade_in_text: autoDraw = True
56.9863 	EXP 	fade_in_text: autoDraw = True
57.0029 	EXP 	fade_in_text: autoDraw = True
57.0196 	EXP 	fade_in_text: autoDraw = True
57.0365 	EXP 	fade_in_text: autoDraw = True
57.0529 	EXP 	fade_in_text: autoDraw = True
57.0696 	EXP 	fade_in_text: autoDraw = True
57.0863 	EXP 	fade_in_text: autoDraw = True
57.1029 	EXP 	fade_in_text: autoDraw = True
57.1196 	EXP 	fade_in_text: autoDraw = True
57.1365 	EXP 	fade_in_text: autoDraw = True
57.1529 	EXP 	fade_in_text: autoDraw = True
57.1696 	EXP 	fade_in_text: autoDraw = True
57.1863 	EXP 	fade_in_text: autoDraw = True
57.2029 	EXP 	fade_in_text: autoDraw = True
57.2196 	EXP 	fade_in_text: autoDraw = True
57.2364 	EXP 	fade_in_text: autoDraw = True
57.2529 	EXP 	fade_in_text: autoDraw = True
57.2696 	EXP 	fade_in_text: autoDraw = True
57.2863 	EXP 	fade_in_text: autoDraw = True
57.3030 	EXP 	fade_in_text: autoDraw = True
57.3196 	EXP 	fade_in_text: autoDraw = True
57.3363 	EXP 	fade_in_text: autoDraw = True
57.3529 	EXP 	fade_in_text: autoDraw = True
57.3696 	EXP 	fade_in_text: autoDraw = True
57.3863 	EXP 	fade_in_text: autoDraw = True
57.4030 	EXP 	fade_in_text: autoDraw = True
57.4196 	EXP 	fade_in_text: autoDraw = True
57.4362 	EXP 	fade_in_text: autoDraw = True
57.4529 	EXP 	fade_in_text: autoDraw = True
57.4696 	EXP 	fade_in_text: autoDraw = True
57.4863 	EXP 	fade_in_text: autoDraw = True
57.5030 	EXP 	fade_in_text: autoDraw = True
57.5197 	EXP 	fade_in_text: autoDraw = True
57.5362 	EXP 	fade_in_text: autoDraw = True
57.5529 	EXP 	fade_in_text: autoDraw = True
57.5696 	EXP 	fade_in_text: autoDraw = True
57.5863 	EXP 	fade_in_text: autoDraw = True
57.6030 	EXP 	fade_in_text: autoDraw = True
57.6198 	EXP 	fade_in_text: autoDraw = True
57.6365 	EXP 	fade_in_text: autoDraw = True
57.6530 	EXP 	fade_in_text: autoDraw = True
57.6697 	EXP 	fade_in_text: autoDraw = True
57.6863 	EXP 	fade_in_text: autoDraw = True
57.7030 	EXP 	fade_in_text: autoDraw = True
57.7198 	EXP 	fade_in_text: autoDraw = True
57.7363 	EXP 	fade_in_text: autoDraw = True
57.7530 	EXP 	fade_in_text: autoDraw = True
57.7696 	EXP 	fade_in_text: autoDraw = True
57.7863 	EXP 	fade_in_text: autoDraw = True
57.8030 	EXP 	fade_in_text: autoDraw = True
57.8198 	EXP 	fade_in_text: autoDraw = True
57.8362 	EXP 	fade_in_text: autoDraw = True
57.8530 	EXP 	fade_in_text: autoDraw = True
57.8697 	EXP 	fade_in_text: autoDraw = True
57.8863 	EXP 	fade_in_text: autoDraw = True
57.9030 	EXP 	fade_in_text: autoDraw = True
57.9199 	EXP 	fade_in_text: autoDraw = True
57.9365 	EXP 	fade_in_text: autoDraw = True
57.9530 	EXP 	fade_in_text: autoDraw = True
57.9696 	EXP 	fade_in_text: autoDraw = True
57.9863 	EXP 	fade_in_text: autoDraw = True
58.0030 	EXP 	fade_in_text: autoDraw = True
58.0198 	EXP 	fade_in_text: autoDraw = True
58.0362 	EXP 	fade_in_text: autoDraw = True
58.0530 	EXP 	fade_in_text: autoDraw = True
58.0697 	EXP 	fade_in_text: autoDraw = True
58.0864 	EXP 	fade_in_text: autoDraw = True
58.1030 	EXP 	fade_in_text: autoDraw = True
58.1196 	EXP 	fade_in_text: autoDraw = True
58.1363 	EXP 	fade_in_text: autoDraw = True
58.1530 	EXP 	fade_in_text: autoDraw = True
58.1696 	EXP 	fade_in_text: autoDraw = True
58.1863 	EXP 	fade_in_text: autoDraw = True
58.2030 	EXP 	fade_in_text: autoDraw = True
58.2196 	EXP 	fade_in_text: autoDraw = True
58.2363 	EXP 	fade_in_text: autoDraw = True
58.2530 	EXP 	fade_in_text: autoDraw = True
58.2697 	EXP 	fade_in_text: autoDraw = True
58.2864 	EXP 	fade_in_text: autoDraw = True
58.3030 	EXP 	fade_in_text: autoDraw = True
58.3196 	EXP 	fade_in_text: autoDraw = True
58.3363 	EXP 	fade_in_text: autoDraw = True
58.3530 	EXP 	fade_in_text: autoDraw = True
58.3697 	EXP 	fade_in_text: autoDraw = True
58.3863 	EXP 	fade_in_text: autoDraw = True
58.4032 	EXP 	fade_in_text: autoDraw = True
58.4196 	EXP 	fade_in_text: autoDraw = True
58.4363 	EXP 	fade_in_text: autoDraw = True
58.4531 	EXP 	fade_in_text: autoDraw = True
58.4697 	EXP 	fade_in_text: autoDraw = True
58.4865 	EXP 	fade_in_text: autoDraw = True
58.5032 	EXP 	fade_in_text: autoDraw = True
58.5196 	EXP 	fade_in_text: autoDraw = True
58.5363 	EXP 	fade_in_text: autoDraw = True
58.5530 	EXP 	fade_in_text: autoDraw = True
58.5697 	EXP 	fade_in_text: autoDraw = True
58.5865 	EXP 	fade_in_text: autoDraw = True
58.6033 	EXP 	fade_in_text: autoDraw = True
58.6197 	EXP 	fade_in_text: autoDraw = True
58.6363 	EXP 	fade_in_text: autoDraw = True
58.6530 	EXP 	fade_in_text: autoDraw = True
58.6697 	EXP 	fade_in_text: autoDraw = True
58.6865 	EXP 	fade_in_text: autoDraw = True
58.7033 	EXP 	fade_in_text: autoDraw = True
58.7196 	EXP 	fade_in_text: autoDraw = True
58.7363 	EXP 	fade_in_text: autoDraw = True
58.7530 	EXP 	fade_in_text: autoDraw = True
58.7697 	EXP 	fade_in_text: autoDraw = True
58.7864 	EXP 	fade_in_text: autoDraw = True
58.8030 	EXP 	fade_in_text: autoDraw = True
58.8196 	EXP 	fade_in_text: autoDraw = True
58.8363 	EXP 	fade_in_text: autoDraw = True
58.8530 	EXP 	fade_in_text: autoDraw = True
58.8697 	EXP 	fade_in_text: autoDraw = True
58.8864 	EXP 	fade_in_text: autoDraw = True
58.9030 	EXP 	fade_in_text: autoDraw = True
58.9197 	EXP 	fade_in_text: autoDraw = True
58.9364 	EXP 	fade_in_text: autoDraw = True
58.9530 	EXP 	fade_in_text: autoDraw = True
58.9697 	EXP 	fade_in_text: autoDraw = True
58.9865 	EXP 	fade_in_text: autoDraw = True
59.0030 	EXP 	fade_in_text: autoDraw = True
59.0197 	EXP 	fade_in_text: autoDraw = True
59.0364 	EXP 	fade_in_text: autoDraw = True
59.0530 	EXP 	fade_in_text: autoDraw = True
59.0697 	EXP 	fade_in_text: autoDraw = True
59.0866 	EXP 	fade_in_text: autoDraw = True
59.1030 	EXP 	fade_in_text: autoDraw = True
59.1197 	EXP 	fade_in_text: autoDraw = True
59.1364 	EXP 	fade_in_text: autoDraw = True
59.1531 	EXP 	fade_in_text: autoDraw = True
59.1697 	EXP 	fade_in_text: autoDraw = True
59.1866 	EXP 	fade_in_text: autoDraw = True
59.2030 	EXP 	fade_in_text: autoDraw = True
59.2197 	EXP 	fade_in_text: autoDraw = True
59.2371 	EXP 	fade_in_text: autoDraw = True
59.2537 	EXP 	fade_in_text: autoDraw = True
59.2704 	EXP 	fade_in_text: autoDraw = True
59.2867 	EXP 	fade_in_text: autoDraw = True
59.3030 	EXP 	fade_in_text: autoDraw = True
59.3197 	EXP 	fade_in_text: autoDraw = True
59.3364 	EXP 	fade_in_text: autoDraw = True
59.3531 	EXP 	fade_in_text: autoDraw = True
59.3697 	EXP 	fade_in_text: autoDraw = True
59.3863 	EXP 	fade_in_text: autoDraw = True
59.4031 	EXP 	fade_in_text: autoDraw = True
59.4197 	EXP 	fade_in_text: autoDraw = True
59.4364 	EXP 	fade_in_text: autoDraw = True
59.4531 	EXP 	fade_in_text: autoDraw = True
59.4697 	EXP 	fade_in_text: autoDraw = True
59.4864 	EXP 	fade_in_text: autoDraw = True
59.5031 	EXP 	fade_in_text: autoDraw = True
59.5197 	EXP 	fade_in_text: autoDraw = True
59.5364 	EXP 	fade_in_text: autoDraw = True
59.5531 	EXP 	fade_in_text: autoDraw = True
59.5698 	EXP 	fade_in_text: autoDraw = True
59.5863 	EXP 	fade_in_text: autoDraw = True
59.6031 	EXP 	fade_in_text: autoDraw = True
59.6197 	EXP 	fade_in_text: autoDraw = True
59.6364 	EXP 	fade_in_text: autoDraw = True
59.6531 	EXP 	fade_in_text: autoDraw = True
59.6699 	EXP 	fade_in_text: autoDraw = True
59.6864 	EXP 	fade_in_text: autoDraw = True
59.7031 	EXP 	fade_in_text: autoDraw = True
59.7197 	EXP 	fade_in_text: autoDraw = True
59.7364 	EXP 	fade_in_text: autoDraw = True
59.7531 	EXP 	fade_in_text: autoDraw = True
59.7699 	EXP 	fade_in_text: autoDraw = True
59.7864 	EXP 	fade_in_text: autoDraw = True
59.8031 	EXP 	fade_in_text: autoDraw = True
59.8198 	EXP 	fade_in_text: autoDraw = True
59.8366 	EXP 	fade_in_text: autoDraw = True
59.8531 	EXP 	fade_in_text: autoDraw = True
59.8700 	EXP 	fade_in_text: autoDraw = True
59.8864 	EXP 	fade_in_text: autoDraw = True
59.9031 	EXP 	fade_in_text: autoDraw = True
59.9198 	EXP 	fade_in_text: autoDraw = True
59.9364 	EXP 	fade_in_text: autoDraw = True
59.9531 	EXP 	fade_in_text: autoDraw = True
59.9699 	EXP 	fade_in_text: autoDraw = True
59.9864 	EXP 	fade_in_text: autoDraw = True
60.0031 	EXP 	fade_in_text: autoDraw = True
60.0197 	EXP 	fade_in_text: autoDraw = True
60.0364 	EXP 	fade_in_text: autoDraw = True
60.0531 	EXP 	fade_in_text: autoDraw = True
60.0697 	EXP 	fade_in_text: autoDraw = True
60.0864 	EXP 	fade_in_text: autoDraw = True
60.1031 	EXP 	fade_in_text: autoDraw = True
60.1197 	EXP 	fade_in_text: autoDraw = True
60.1364 	EXP 	fade_in_text: autoDraw = True
60.1531 	EXP 	fade_in_text: autoDraw = True
60.1697 	EXP 	fade_in_text: autoDraw = True
60.1864 	EXP 	fade_in_text: autoDraw = True
60.2031 	EXP 	fade_in_text: autoDraw = True
60.2198 	EXP 	fade_in_text: autoDraw = True
60.2367 	EXP 	fade_in_text: autoDraw = True
60.2533 	EXP 	fade_in_text: autoDraw = True
60.2697 	EXP 	fade_in_text: autoDraw = True
60.2864 	EXP 	fade_in_text: autoDraw = True
60.3031 	EXP 	fade_in_text: autoDraw = True
60.3198 	EXP 	fade_in_text: autoDraw = True
60.3364 	EXP 	fade_in_text: autoDraw = True
60.3533 	EXP 	fade_in_text: autoDraw = True
60.3697 	EXP 	fade_in_text: autoDraw = True
60.3865 	EXP 	fade_in_text: autoDraw = True
60.4031 	EXP 	fade_in_text: autoDraw = True
60.4198 	EXP 	fade_in_text: autoDraw = True
60.4367 	EXP 	fade_in_text: autoDraw = True
60.4534 	EXP 	fade_in_text: autoDraw = True
60.4697 	EXP 	fade_in_text: autoDraw = True
60.4864 	EXP 	fade_in_text: autoDraw = True
60.5031 	EXP 	fade_in_text: autoDraw = True
60.5198 	EXP 	fade_in_text: autoDraw = True
60.5366 	EXP 	fade_in_text: autoDraw = True
60.5534 	EXP 	fade_in_text: autoDraw = True
60.5697 	EXP 	fade_in_text: autoDraw = True
60.5865 	EXP 	fade_in_text: autoDraw = True
60.6031 	EXP 	fade_in_text: autoDraw = True
60.6198 	EXP 	fade_in_text: autoDraw = True
60.6367 	EXP 	fade_in_text: autoDraw = True
60.6534 	EXP 	fade_in_text: autoDraw = True
60.6698 	EXP 	fade_in_text: autoDraw = True
60.6864 	EXP 	fade_in_text: autoDraw = True
60.7031 	EXP 	fade_in_text: autoDraw = True
60.7198 	EXP 	fade_in_text: autoDraw = True
60.7365 	EXP 	fade_in_text: autoDraw = True
60.7531 	EXP 	fade_in_text: autoDraw = True
60.7697 	EXP 	fade_in_text: autoDraw = True
60.7865 	EXP 	fade_in_text: autoDraw = True
60.8031 	EXP 	fade_in_text: autoDraw = True
60.8198 	EXP 	fade_in_text: autoDraw = True
60.8367 	EXP 	fade_in_text: autoDraw = True
60.8531 	EXP 	fade_in_text: autoDraw = True
60.8697 	EXP 	fade_in_text: autoDraw = True
60.8864 	EXP 	fade_in_text: autoDraw = True
60.9031 	EXP 	fade_in_text: autoDraw = True
60.9198 	EXP 	fade_in_text: autoDraw = True
60.9365 	EXP 	fade_in_text: autoDraw = True
60.9530 	EXP 	fade_in_text: autoDraw = True
60.9698 	EXP 	fade_in_text: autoDraw = True
60.9865 	EXP 	fade_in_text: autoDraw = True
61.0032 	EXP 	fade_in_text: autoDraw = True
61.0198 	EXP 	fade_in_text: autoDraw = True
61.0369 	EXP 	fade_in_text: autoDraw = True
61.0531 	EXP 	fade_in_text: autoDraw = True
61.0698 	EXP 	fade_in_text: autoDraw = True
61.0865 	EXP 	fade_in_text: autoDraw = True
61.1032 	EXP 	fade_in_text: autoDraw = True
61.1198 	EXP 	fade_in_text: autoDraw = True
61.1369 	EXP 	fade_in_text: autoDraw = True
61.1531 	EXP 	fade_in_text: autoDraw = True
61.1698 	EXP 	fade_in_text: autoDraw = True
61.1865 	EXP 	fade_in_text: autoDraw = True
61.2032 	EXP 	fade_in_text: autoDraw = True
61.2198 	EXP 	fade_in_text: autoDraw = True
61.2367 	EXP 	fade_in_text: autoDraw = True
61.2531 	EXP 	fade_in_text: autoDraw = True
61.2698 	EXP 	fade_in_text: autoDraw = True
61.2865 	EXP 	fade_in_text: autoDraw = True
61.3032 	EXP 	fade_in_text: autoDraw = True
61.3198 	EXP 	fade_in_text: autoDraw = True
61.3367 	EXP 	fade_in_text: autoDraw = True
61.3531 	EXP 	fade_in_text: autoDraw = True
61.3698 	EXP 	fade_in_text: autoDraw = True
61.3865 	EXP 	fade_in_text: autoDraw = True
61.4032 	EXP 	fade_in_text: autoDraw = True
61.4198 	EXP 	fade_in_text: autoDraw = True
61.4364 	EXP 	fade_in_text: autoDraw = True
61.4531 	EXP 	fade_in_text: autoDraw = True
61.4698 	EXP 	fade_in_text: autoDraw = True
61.4866 	EXP 	fade_in_text: autoDraw = True
61.5032 	EXP 	fade_in_text: autoDraw = True
61.5198 	EXP 	fade_in_text: autoDraw = True
61.5364 	EXP 	fade_in_text: autoDraw = True
61.5531 	EXP 	fade_in_text: autoDraw = True
61.5698 	EXP 	fade_in_text: autoDraw = True
61.5865 	EXP 	fade_in_text: autoDraw = True
61.6032 	EXP 	fade_in_text: autoDraw = True
61.6199 	EXP 	fade_in_text: autoDraw = True
61.6364 	EXP 	fade_in_text: autoDraw = True
61.6531 	EXP 	fade_in_text: autoDraw = True
61.6698 	EXP 	fade_in_text: autoDraw = True
61.6865 	EXP 	fade_in_text: autoDraw = True
61.7032 	EXP 	fade_in_text: autoDraw = True
61.7200 	EXP 	fade_in_text: autoDraw = True
61.7364 	EXP 	fade_in_text: autoDraw = True
61.7532 	EXP 	fade_in_text: autoDraw = True
61.7699 	EXP 	fade_in_text: autoDraw = True
61.7865 	EXP 	fade_in_text: autoDraw = True
61.8032 	EXP 	fade_in_text: autoDraw = True
61.8201 	EXP 	fade_in_text: autoDraw = True
61.8364 	EXP 	fade_in_text: autoDraw = True
61.8532 	EXP 	fade_in_text: autoDraw = True
61.8698 	EXP 	fade_in_text: autoDraw = True
61.8865 	EXP 	fade_in_text: autoDraw = True
61.9032 	EXP 	fade_in_text: autoDraw = True
61.9201 	EXP 	fade_in_text: autoDraw = True
61.9365 	EXP 	fade_in_text: autoDraw = True
61.9532 	EXP 	fade_in_text: autoDraw = True
61.9698 	EXP 	fade_in_text: autoDraw = True
61.9865 	EXP 	fade_in_text: autoDraw = True
62.0032 	EXP 	fade_in_text: autoDraw = True
62.0201 	EXP 	fade_in_text: autoDraw = True
62.0365 	EXP 	fade_in_text: autoDraw = True
62.0532 	EXP 	fade_in_text: autoDraw = True
62.0699 	EXP 	fade_in_text: autoDraw = True
62.0865 	EXP 	fade_in_text: autoDraw = True
62.1034 	EXP 	fade_in_text: autoDraw = True
62.1198 	EXP 	fade_in_text: autoDraw = True
62.1365 	EXP 	fade_in_text: autoDraw = True
62.1532 	EXP 	fade_in_text: autoDraw = True
62.1699 	EXP 	fade_in_text: autoDraw = True
62.1866 	EXP 	fade_in_text: autoDraw = True
62.2033 	EXP 	fade_in_text: autoDraw = True
62.2198 	EXP 	fade_in_text: autoDraw = True
62.2365 	EXP 	fade_in_text: autoDraw = True
62.2532 	EXP 	fade_in_text: autoDraw = True
62.2699 	EXP 	fade_in_text: autoDraw = True
62.2865 	EXP 	fade_in_text: autoDraw = True
62.3034 	EXP 	fade_in_text: autoDraw = True
62.3198 	EXP 	fade_in_text: autoDraw = True
62.3365 	EXP 	fade_in_text: autoDraw = True
62.3532 	EXP 	fade_in_text: autoDraw = True
62.3699 	EXP 	fade_in_text: autoDraw = True
62.3865 	EXP 	fade_in_text: autoDraw = True
62.4034 	EXP 	fade_in_text: autoDraw = True
62.4199 	EXP 	fade_in_text: autoDraw = True
62.4365 	EXP 	fade_in_text: autoDraw = True
62.4532 	EXP 	fade_in_text: autoDraw = True
62.4699 	EXP 	fade_in_text: autoDraw = True
62.4865 	EXP 	fade_in_text: autoDraw = True
62.5034 	EXP 	fade_in_text: autoDraw = True
62.5199 	EXP 	fade_in_text: autoDraw = True
62.5366 	EXP 	fade_in_text: autoDraw = True
62.5532 	EXP 	fade_in_text: autoDraw = True
62.5699 	EXP 	fade_in_text: autoDraw = True
62.5865 	EXP 	fade_in_text: autoDraw = True
62.6034 	EXP 	fade_in_text: autoDraw = True
62.6199 	EXP 	fade_in_text: autoDraw = True
62.6366 	EXP 	fade_in_text: autoDraw = True
62.6532 	EXP 	fade_in_text: autoDraw = True
62.6699 	EXP 	fade_in_text: autoDraw = True
62.6865 	EXP 	fade_in_text: autoDraw = True
62.7032 	EXP 	fade_in_text: autoDraw = True
62.7199 	EXP 	fade_in_text: autoDraw = True
62.7366 	EXP 	fade_in_text: autoDraw = True
62.7532 	EXP 	fade_in_text: autoDraw = True
62.7699 	EXP 	fade_in_text: autoDraw = True
62.7866 	EXP 	fade_in_text: autoDraw = True
62.8032 	EXP 	fade_in_text: autoDraw = True
62.8199 	EXP 	fade_in_text: autoDraw = True
62.8366 	EXP 	fade_in_text: autoDraw = True
62.8533 	EXP 	fade_in_text: autoDraw = True
62.8699 	EXP 	fade_in_text: autoDraw = True
62.8865 	EXP 	fade_in_text: autoDraw = True
62.9033 	EXP 	fade_in_text: autoDraw = True
62.9199 	EXP 	fade_in_text: autoDraw = True
62.9366 	EXP 	fade_in_text: autoDraw = True
62.9532 	EXP 	fade_in_text: autoDraw = True
62.9699 	EXP 	fade_in_text: autoDraw = True
62.9868 	EXP 	fade_in_text: autoDraw = True
63.0032 	EXP 	fade_in_text: autoDraw = True
63.0199 	EXP 	fade_in_text: autoDraw = True
63.0366 	EXP 	fade_in_text: autoDraw = True
63.0533 	EXP 	fade_in_text: autoDraw = True
63.0699 	EXP 	fade_in_text: autoDraw = True
63.0868 	EXP 	fade_in_text: autoDraw = True
63.1033 	EXP 	fade_in_text: autoDraw = True
63.1199 	EXP 	fade_in_text: autoDraw = True
63.1366 	EXP 	fade_in_text: autoDraw = True
63.1533 	EXP 	fade_in_text: autoDraw = True
63.1699 	EXP 	fade_in_text: autoDraw = True
63.1869 	EXP 	fade_in_text: autoDraw = True
63.2032 	EXP 	fade_in_text: autoDraw = True
63.2199 	EXP 	fade_in_text: autoDraw = True
63.2366 	EXP 	fade_in_text: autoDraw = True
63.2532 	EXP 	fade_in_text: autoDraw = True
63.2699 	EXP 	fade_in_text: autoDraw = True
63.2868 	EXP 	fade_in_text: autoDraw = True
63.3033 	EXP 	fade_in_text: autoDraw = True
63.3199 	EXP 	fade_in_text: autoDraw = True
63.3366 	EXP 	fade_in_text: autoDraw = True
63.3533 	EXP 	fade_in_text: autoDraw = True
66.3867 	EXP 	fade_in_text: autoDraw = False
66.3867 	EXP 	RS_intro_title: autoDraw = True
66.3867 	EXP 	RS_intro_text: autoDraw = True
89.4046 	EXP 	RS_intro_title: autoDraw = False
89.4046 	EXP 	RS_intro_text: autoDraw = False
89.4046 	EXP 	RS_intro_title: autoDraw = False
89.4046 	EXP 	RS_intro_text: autoDraw = False
89.4046 	EXP 	RS_rec_text: text = 'Please keep relaxed and close your eyes.\n'
89.4046 	EXP 	RS_rec_text: autoDraw = True
269.4140 	EXP 	RS_rec_text: autoDraw = False
272.8144 	EXP 	RS_rec_text: autoDraw = False
272.8144 	EXP 	RS_intro_title: autoDraw = True
272.8144 	EXP 	RS_intro_text: autoDraw = True
295.8486 	EXP 	RS_intro_title: autoDraw = False
295.8486 	EXP 	RS_intro_text: autoDraw = False
295.8486 	EXP 	RS_intro_title: autoDraw = False
295.8486 	EXP 	RS_intro_text: autoDraw = False
295.8486 	EXP 	RS_rec_text: text = 'Please keep relaxed and open your eyes.\nNote: Blinking is allowed.'
295.8486 	EXP 	RS_rec_text: autoDraw = True
475.8581 	EXP 	RS_rec_text: autoDraw = False
479.2425 	EXP 	RS_rec_text: autoDraw = False
479.2425 	EXP 	Pause_cont: text = 'Press [space] key to continue.'
479.2425 	EXP 	Pause_cont: autoDraw = True
492.4929 	DATA 	Keypress: space
495.5758 	EXP 	Pause_cont: autoDraw = False
495.5758 	EXP 	QA_intro_title: autoDraw = True
495.5758 	EXP 	QA_intro_text: autoDraw = True
534.8594 	DATA 	Keypress: space
534.9610 	EXP 	QA_intro_cont: autoDraw = True
535.9800 	EXP 	Created sequence: random, trialTypes=1, nReps=2, seed=None
535.9807 	EXP 	New trial (rep=0, index=0): None
536.9839 	EXP 	Created sequence: random, trialTypes=1, nReps=25, seed=None
536.9849 	EXP 	New trial (rep=0, index=0): None
538.0446 	EXP 	QA_intro_title: autoDraw = False
538.0446 	EXP 	QA_intro_text: autoDraw = False
538.0446 	EXP 	QA_intro_cont: autoDraw = False
538.0446 	EXP 	QA_rec_text: autoDraw = True
556.0123 	EXP 	QA_rec_break: autoDraw = True
557.0124 	EXP 	QA_rec_break: autoDraw = False
558.0508 	EXP 	New trial (rep=1, index=0): None
559.1126 	EXP 	QA_rec_text: autoDraw = False
559.1126 	EXP 	QA_rec_break: autoDraw = False
559.1126 	EXP 	QA_rec_text: autoDraw = True
577.0634 	EXP 	QA_rec_break: autoDraw = True
578.0635 	EXP 	QA_rec_break: autoDraw = False
579.0848 	EXP 	New trial (rep=2, index=0): None
580.1476 	EXP 	QA_rec_text: autoDraw = False
580.1476 	EXP 	QA_rec_break: autoDraw = False
580.1476 	EXP 	QA_rec_text: autoDraw = True
598.1146 	EXP 	QA_rec_break: autoDraw = True
599.1147 	EXP 	QA_rec_break: autoDraw = False
600.1526 	EXP 	New trial (rep=3, index=0): None
601.2149 	EXP 	QA_rec_text: autoDraw = False
601.2149 	EXP 	QA_rec_break: autoDraw = False
601.2149 	EXP 	QA_rec_text: autoDraw = True
619.1988 	EXP 	QA_rec_break: autoDraw = True
621.2033 	EXP 	New trial (rep=4, index=0): None
622.2656 	EXP 	QA_rec_text: autoDraw = False
622.2656 	EXP 	QA_rec_break: autoDraw = False
622.2656 	EXP 	QA_rec_text: autoDraw = True
640.2665 	EXP 	QA_rec_break: autoDraw = True
642.2377 	EXP 	New trial (rep=5, index=0): None
643.3172 	EXP 	QA_rec_text: autoDraw = False
643.3172 	EXP 	QA_rec_break: autoDraw = False
643.3172 	EXP 	QA_rec_text: autoDraw = True
661.2844 	EXP 	QA_rec_break: autoDraw = True
663.2886 	EXP 	New trial (rep=6, index=0): None
664.3513 	EXP 	QA_rec_text: autoDraw = False
664.3513 	EXP 	QA_rec_break: autoDraw = False
664.3513 	EXP 	QA_rec_text: autoDraw = True
682.3521 	EXP 	QA_rec_break: autoDraw = True
684.3563 	EXP 	New trial (rep=7, index=0): None
685.4031 	EXP 	QA_rec_text: autoDraw = False
685.4031 	EXP 	QA_rec_break: autoDraw = False
685.4031 	EXP 	QA_rec_text: autoDraw = True
703.3698 	EXP 	QA_rec_break: autoDraw = True
705.3744 	EXP 	New trial (rep=8, index=0): None
706.4203 	EXP 	QA_rec_text: autoDraw = False
706.4203 	EXP 	QA_rec_break: autoDraw = False
706.4203 	EXP 	QA_rec_text: autoDraw = True
724.4209 	EXP 	QA_rec_break: autoDraw = True
726.4255 	EXP 	New trial (rep=9, index=0): None
727.4719 	EXP 	QA_rec_text: autoDraw = False
727.4719 	EXP 	QA_rec_break: autoDraw = False
727.4719 	EXP 	QA_rec_text: autoDraw = True
745.4719 	EXP 	QA_rec_break: autoDraw = True
747.4764 	EXP 	New trial (rep=10, index=0): None
748.5392 	EXP 	QA_rec_text: autoDraw = False
748.5392 	EXP 	QA_rec_break: autoDraw = False
748.5392 	EXP 	QA_rec_text: autoDraw = True
766.5065 	EXP 	QA_rec_break: autoDraw = True
768.5124 	EXP 	New trial (rep=11, index=0): None
769.5733 	EXP 	QA_rec_text: autoDraw = False
769.5733 	EXP 	QA_rec_break: autoDraw = False
769.5733 	EXP 	QA_rec_text: autoDraw = True
787.5575 	EXP 	QA_rec_break: autoDraw = True
789.5623 	EXP 	New trial (rep=12, index=0): None
790.6259 	EXP 	QA_rec_text: autoDraw = False
790.6259 	EXP 	QA_rec_break: autoDraw = False
790.6259 	EXP 	QA_rec_text: autoDraw = True
808.6253 	EXP 	QA_rec_break: autoDraw = True
810.6013 	EXP 	New trial (rep=13, index=0): None
811.6605 	EXP 	QA_rec_text: autoDraw = False
811.6605 	EXP 	QA_rec_break: autoDraw = False
811.6605 	EXP 	QA_rec_text: autoDraw = True
829.6597 	EXP 	QA_rec_break: autoDraw = True
831.6315 	EXP 	New trial (rep=14, index=0): None
832.6934 	EXP 	QA_rec_text: autoDraw = False
832.6934 	EXP 	QA_rec_break: autoDraw = False
832.6934 	EXP 	QA_rec_text: autoDraw = True
850.6608 	EXP 	QA_rec_break: autoDraw = True
852.6654 	EXP 	New trial (rep=15, index=0): None
853.7450 	EXP 	QA_rec_text: autoDraw = False
853.7450 	EXP 	QA_rec_break: autoDraw = False
853.7450 	EXP 	QA_rec_text: autoDraw = True
871.7120 	EXP 	QA_rec_break: autoDraw = True
873.7164 	EXP 	New trial (rep=16, index=0): None
874.7623 	EXP 	QA_rec_text: autoDraw = False
874.7623 	EXP 	QA_rec_break: autoDraw = False
874.7623 	EXP 	QA_rec_text: autoDraw = True
892.7297 	EXP 	QA_rec_break: autoDraw = True
894.7347 	EXP 	New trial (rep=17, index=0): None
895.7805 	EXP 	QA_rec_text: autoDraw = False
895.7805 	EXP 	QA_rec_break: autoDraw = False
895.7805 	EXP 	QA_rec_text: autoDraw = True
913.7475 	EXP 	QA_rec_break: autoDraw = True
915.7520 	EXP 	New trial (rep=18, index=0): None
916.8152 	EXP 	QA_rec_text: autoDraw = False
916.8152 	EXP 	QA_rec_break: autoDraw = False
916.8152 	EXP 	QA_rec_text: autoDraw = True
934.8153 	EXP 	QA_rec_break: autoDraw = True
936.7866 	EXP 	New trial (rep=19, index=0): None
937.8490 	EXP 	QA_rec_text: autoDraw = False
937.8490 	EXP 	QA_rec_break: autoDraw = False
937.8490 	EXP 	QA_rec_text: autoDraw = True
955.8163 	EXP 	QA_rec_break: autoDraw = True
957.8211 	EXP 	New trial (rep=20, index=0): None
958.8841 	EXP 	QA_rec_text: autoDraw = False
958.8841 	EXP 	QA_rec_break: autoDraw = False
958.8841 	EXP 	QA_rec_text: autoDraw = True
976.8841 	EXP 	QA_rec_break: autoDraw = True
978.8560 	EXP 	New trial (rep=21, index=0): None
979.9015 	EXP 	QA_rec_text: autoDraw = False
979.9015 	EXP 	QA_rec_break: autoDraw = False
979.9015 	EXP 	QA_rec_text: autoDraw = True
997.8685 	EXP 	QA_rec_break: autoDraw = True
999.8773 	EXP 	New trial (rep=22, index=0): None
1000.9527 	EXP 	QA_rec_text: autoDraw = False
1000.9527 	EXP 	QA_rec_break: autoDraw = False
1000.9527 	EXP 	QA_rec_text: autoDraw = True
1018.9197 	EXP 	QA_rec_break: autoDraw = True
1020.9244 	EXP 	New trial (rep=23, index=0): None
1021.9880 	EXP 	QA_rec_text: autoDraw = False
1021.9880 	EXP 	QA_rec_break: autoDraw = False
1021.9880 	EXP 	QA_rec_text: autoDraw = True
1039.9874 	EXP 	QA_rec_break: autoDraw = True
1041.9925 	EXP 	New trial (rep=24, index=0): None
1043.0715 	EXP 	QA_rec_text: autoDraw = False
1043.0715 	EXP 	QA_rec_break: autoDraw = False
1043.0715 	EXP 	QA_rec_text: autoDraw = True
1061.0385 	EXP 	QA_rec_break: autoDraw = True
1065.0887 	EXP 	QA_rec_text: autoDraw = False
1065.0887 	EXP 	QA_rec_break: autoDraw = False
1065.0887 	EXP 	Pause_cont: text = 'Press [space] key to continue.'
1065.0887 	EXP 	Pause_cont: autoDraw = True
1076.7362 	DATA 	Keypress: space
1077.7423 	EXP 	New trial (rep=1, index=0): None
1078.7463 	EXP 	Created sequence: random, trialTypes=1, nReps=25, seed=None
1078.7474 	EXP 	New trial (rep=0, index=0): None
1079.8063 	EXP 	Pause_cont: autoDraw = False
1079.8063 	EXP 	QA_rec_text: autoDraw = True
1097.8071 	EXP 	QA_rec_break: autoDraw = True
1099.7791 	EXP 	New trial (rep=1, index=0): None
1100.8407 	EXP 	QA_rec_text: autoDraw = False
1100.8407 	EXP 	QA_rec_break: autoDraw = False
1100.8407 	EXP 	QA_rec_text: autoDraw = True
1118.8082 	EXP 	QA_rec_break: autoDraw = True
1120.8161 	EXP 	New trial (rep=2, index=0): None
1121.8923 	EXP 	QA_rec_text: autoDraw = False
1121.8923 	EXP 	QA_rec_break: autoDraw = False
1121.8923 	EXP 	QA_rec_text: autoDraw = True
1139.8593 	EXP 	QA_rec_break: autoDraw = True
1141.8645 	EXP 	New trial (rep=3, index=0): None
1142.9284 	EXP 	QA_rec_text: autoDraw = False
1142.9284 	EXP 	QA_rec_break: autoDraw = False
1142.9284 	EXP 	QA_rec_text: autoDraw = True
1160.8937 	EXP 	QA_rec_break: autoDraw = True
1162.8983 	EXP 	New trial (rep=4, index=0): None
1163.9607 	EXP 	QA_rec_text: autoDraw = False
1163.9607 	EXP 	QA_rec_break: autoDraw = False
1163.9607 	EXP 	QA_rec_text: autoDraw = True
1181.9449 	EXP 	QA_rec_break: autoDraw = True
1183.9494 	EXP 	New trial (rep=5, index=0): None
1185.0118 	EXP 	QA_rec_text: autoDraw = False
1185.0118 	EXP 	QA_rec_break: autoDraw = False
1185.0118 	EXP 	QA_rec_text: autoDraw = True
1203.0126 	EXP 	QA_rec_break: autoDraw = True
1204.9840 	EXP 	New trial (rep=6, index=0): None
1206.0469 	EXP 	QA_rec_text: autoDraw = False
1206.0469 	EXP 	QA_rec_break: autoDraw = False
1206.0469 	EXP 	QA_rec_text: autoDraw = True
1224.0471 	EXP 	QA_rec_break: autoDraw = True
1226.0183 	EXP 	New trial (rep=7, index=0): None
1227.0973 	EXP 	QA_rec_text: autoDraw = False
1227.0973 	EXP 	QA_rec_break: autoDraw = False
1227.0973 	EXP 	QA_rec_text: autoDraw = True
1245.0648 	EXP 	QA_rec_break: autoDraw = True
1247.0692 	EXP 	New trial (rep=8, index=0): None
1248.1484 	EXP 	QA_rec_text: autoDraw = False
1248.1484 	EXP 	QA_rec_break: autoDraw = False
1248.1484 	EXP 	QA_rec_text: autoDraw = True
1266.1159 	EXP 	QA_rec_break: autoDraw = True
1268.1228 	EXP 	New trial (rep=9, index=0): None
1269.1836 	EXP 	QA_rec_text: autoDraw = False
1269.1836 	EXP 	QA_rec_break: autoDraw = False
1269.1836 	EXP 	QA_rec_text: autoDraw = True
1287.1503 	EXP 	QA_rec_break: autoDraw = True
1289.1547 	EXP 	New trial (rep=10, index=0): None
1290.2172 	EXP 	QA_rec_text: autoDraw = False
1290.2172 	EXP 	QA_rec_break: autoDraw = False
1290.2172 	EXP 	QA_rec_text: autoDraw = True
1308.2181 	EXP 	QA_rec_break: autoDraw = True
1310.1894 	EXP 	New trial (rep=11, index=0): None
1311.2520 	EXP 	QA_rec_text: autoDraw = False
1311.2520 	EXP 	QA_rec_break: autoDraw = False
1311.2520 	EXP 	QA_rec_text: autoDraw = True
1329.2192 	EXP 	QA_rec_break: autoDraw = True
1331.2237 	EXP 	New trial (rep=12, index=0): None
1332.2870 	EXP 	QA_rec_text: autoDraw = False
1332.2870 	EXP 	QA_rec_break: autoDraw = False
1332.2870 	EXP 	QA_rec_text: autoDraw = True
1350.2869 	EXP 	QA_rec_break: autoDraw = True
1352.2924 	EXP 	New trial (rep=13, index=0): None
1353.3711 	EXP 	QA_rec_text: autoDraw = False
1353.3711 	EXP 	QA_rec_break: autoDraw = False
1353.3711 	EXP 	QA_rec_text: autoDraw = True
1371.3380 	EXP 	QA_rec_break: autoDraw = True
1373.3429 	EXP 	New trial (rep=14, index=0): None
1374.4060 	EXP 	QA_rec_text: autoDraw = False
1374.4060 	EXP 	QA_rec_break: autoDraw = False
1374.4060 	EXP 	QA_rec_text: autoDraw = True
1392.4058 	EXP 	QA_rec_break: autoDraw = True
1394.4102 	EXP 	New trial (rep=15, index=0): None
1395.4730 	EXP 	QA_rec_text: autoDraw = False
1395.4730 	EXP 	QA_rec_break: autoDraw = False
1395.4730 	EXP 	QA_rec_text: autoDraw = True
1413.4737 	EXP 	QA_rec_break: autoDraw = True
1415.4450 	EXP 	New trial (rep=16, index=0): None
1416.5078 	EXP 	QA_rec_text: autoDraw = False
1416.5078 	EXP 	QA_rec_break: autoDraw = False
1416.5078 	EXP 	QA_rec_text: autoDraw = True
1434.5081 	EXP 	QA_rec_break: autoDraw = True
1436.4793 	EXP 	New trial (rep=17, index=0): None
1437.5427 	EXP 	QA_rec_text: autoDraw = False
1437.5427 	EXP 	QA_rec_break: autoDraw = False
1437.5427 	EXP 	QA_rec_text: autoDraw = True
1455.5426 	EXP 	QA_rec_break: autoDraw = True
1457.5472 	EXP 	New trial (rep=18, index=0): None
1458.6265 	EXP 	QA_rec_text: autoDraw = False
1458.6265 	EXP 	QA_rec_break: autoDraw = False
1458.6265 	EXP 	QA_rec_text: autoDraw = True
1476.6270 	EXP 	QA_rec_break: autoDraw = True
1478.5984 	EXP 	New trial (rep=19, index=0): None
1479.6620 	EXP 	QA_rec_text: autoDraw = False
1479.6620 	EXP 	QA_rec_break: autoDraw = False
1479.6620 	EXP 	QA_rec_text: autoDraw = True
1497.6614 	EXP 	QA_rec_break: autoDraw = True
1499.6326 	EXP 	New trial (rep=20, index=0): None
1500.6954 	EXP 	QA_rec_text: autoDraw = False
1500.6954 	EXP 	QA_rec_break: autoDraw = False
1500.6954 	EXP 	QA_rec_text: autoDraw = True
1518.6958 	EXP 	QA_rec_break: autoDraw = True
1520.6670 	EXP 	New trial (rep=21, index=0): None
1521.7466 	EXP 	QA_rec_text: autoDraw = False
1521.7466 	EXP 	QA_rec_break: autoDraw = False
1521.7466 	EXP 	QA_rec_text: autoDraw = True
1539.7136 	EXP 	QA_rec_break: autoDraw = True
1541.7182 	EXP 	New trial (rep=22, index=0): None
1542.7815 	EXP 	QA_rec_text: autoDraw = False
1542.7815 	EXP 	QA_rec_break: autoDraw = False
1542.7815 	EXP 	QA_rec_text: autoDraw = True
1560.7813 	EXP 	QA_rec_break: autoDraw = True
1562.7866 	EXP 	New trial (rep=23, index=0): None
1563.8487 	EXP 	QA_rec_text: autoDraw = False
1563.8487 	EXP 	QA_rec_break: autoDraw = False
1563.8487 	EXP 	QA_rec_text: autoDraw = True
1581.8491 	EXP 	QA_rec_break: autoDraw = True
1583.8202 	EXP 	New trial (rep=24, index=0): None
1584.8993 	EXP 	QA_rec_text: autoDraw = False
1584.8993 	EXP 	QA_rec_break: autoDraw = False
1584.8993 	EXP 	QA_rec_text: autoDraw = True
1602.9002 	EXP 	QA_rec_break: autoDraw = True
1606.9170 	EXP 	QA_rec_text: autoDraw = False
1606.9170 	EXP 	QA_rec_break: autoDraw = False
1606.9170 	EXP 	Pause_cont: text = 'Press [space] key to continue.'
1606.9170 	EXP 	Pause_cont: autoDraw = True
1618.8108 	EXP 	window1: mouseVisible = True
