26.1015 	EXP 	Created instruction_text = TextStim(__class__=<class 'psychopy.visual.text.TextStim'>, alignHoriz='center', alignVert='center', antialias=True, autoLog=True, bold=False, color=array([1., 1., 1.]), colorSpace='rgb', contrast=1.0, depth=-0.0, flipHoriz=False, flipVert=False, font='Arial', fontFiles=[], height=0.06, italic=False, languageStyle='LTR', name='instruction_text', opacity=1.0, ori=0.0, pos=array([0.5, 0.1]), rgb=array([1., 1., 1.]), text=str(...), units='norm', win=Window(...), wrapWidth=1)
26.3653 	EXP 	Created instruction_cont = TextStim(__class__=<class 'psychopy.visual.text.TextStim'>, alignHoriz='center', alignVert='center', antialias=True, autoLog=True, bold=False, color=array([1., 1., 1.]), colorSpace='rgb', contrast=1.0, depth=-3.0, flipHoriz=False, flipVert=False, font='Arial', fontFiles=[], height=0.06, italic=False, languageStyle='LTR', name='instruction_cont', opacity=1.0, ori=0.0, pos=array([ 0.5, -0.4]), rgb=array([1., 1., 1.]), text='          Press [space] key to continue.', units='norm', win=Window(...), wrapWidth=1)
26.3691 	EXP 	Created Artifact_intro_title = TextStim(__class__=<class 'psychopy.visual.text.TextStim'>, alignHoriz='center', alignVert='center', antialias=True, autoLog=True, bold=False, color=array([1., 1., 1.]), colorSpace='rgb', contrast=1.0, depth=-0.0, flipHoriz=False, flipVert=False, font='Arial', fontFiles=[], height=0.06, italic=False, languageStyle='LTR', name='Artifact_intro_title', opacity=1.0, ori=0.0, pos=array([0.5, 0.4]), rgb=array([1., 1., 1.]), text='Muscular signal recording', units='norm', win=Window(...), wrapWidth=1)
26.3757 	EXP 	Created Artifact_intro_text = TextStim(__class__=<class 'psychopy.visual.text.TextStim'>, alignHoriz='center', alignVert='center', antialias=True, autoLog=True, bold=False, color=array([1., 1., 1.]), colorSpace='rgb', contrast=1.0, depth=-1.0, flipHoriz=False, flipVert=False, font='Arial', fontFiles=[], height=0.06, italic=False, languageStyle='LTR', name='Artifact_intro_text', opacity=1.0, ori=0.0, pos=array([0.5, 0. ]), rgb=array([1., 1., 1.]), text=str(...), units='norm', win=Window(...), wrapWidth=1)
26.3865 	EXP 	Created Artifact_intro_cont = TextStim(__class__=<class 'psychopy.visual.text.TextStim'>, alignHoriz='center', alignVert='center', antialias=True, autoLog=True, bold=False, color=array([1., 1., 1.]), colorSpace='rgb', contrast=1.0, depth=-4.0, flipHoriz=False, flipVert=False, font='Arial', fontFiles=[], height=0.06, italic=False, languageStyle='LTR', name='Artifact_intro_cont', opacity=1.0, ori=0.0, pos=array([0.5, 0. ]), rgb=array([1., 1., 1.]), text='          Press [space] key to continue.', units='norm', win=Window(...), wrapWidth=1)
26.3872 	EXP 	Created Artifact_rec_text = TextStim(__class__=<class 'psychopy.visual.text.TextStim'>, alignHoriz='center', alignVert='center', antialias=True, autoLog=True, bold=False, color=array([1., 1., 1.]), colorSpace='rgb', contrast=1.0, depth=-0.0, flipHoriz=False, flipVert=False, font='Arial', fontFiles=[], height=0.06, italic=False, languageStyle='LTR', name='Artifact_rec_text', opacity=1.0, ori=0.0, pos=array([0.5, 0.4]), rgb=array([1., 1., 1.]), text='', units='norm', win=Window(...), wrapWidth=1)
26.3896 	EXP 	Created Artifact_rec_recording = TextStim(__class__=<class 'psychopy.visual.text.TextStim'>, alignHoriz='center', alignVert='center', antialias=True, autoLog=True, bold=False, color=array([1., 1., 1.]), colorSpace='rgb', contrast=1.0, depth=-4.0, flipHoriz=False, flipVert=False, font='Arial', fontFiles=[], height=0.06, italic=False, languageStyle='LTR', name='Artifact_rec_recording', opacity=1.0, ori=0.0, pos=array([ 0.5, -0.4]), rgb=array([1., 1., 1.]), text='', units='norm', win=Window(...), wrapWidth=1)
26.3967 	EXP 	Created Artifact_rec_break = TextStim(__class__=<class 'psychopy.visual.text.TextStim'>, alignHoriz='center', alignVert='center', antialias=True, autoLog=True, bold=False, color=array([1., 1., 1.]), colorSpace='rgb', contrast=1.0, depth=-6.0, flipHoriz=False, flipVert=False, font='Arial', fontFiles=[], height=0.06, italic=False, languageStyle='LTR', name='Artifact_rec_break', opacity=1.0, ori=0.0, pos=array([ 0.5, -0.4]), rgb=array([1., 1., 1.]), text='Short break', units='norm', win=Window(...), wrapWidth=1)
26.4023 	EXP 	Created Cali_de_pre_intro_title = TextStim(__class__=<class 'psychopy.visual.text.TextStim'>, alignHoriz='center', alignVert='center', antialias=True, autoLog=True, bold=False, color=array([1., 1., 1.]), colorSpace='rgb', contrast=1.0, depth=-0.0, flipHoriz=False, flipVert=False, font='Arial', fontFiles=[], height=0.06, italic=False, languageStyle='LTR', name='Cali_de_pre_intro_title', opacity=1.0, ori=0.0, pos=array([0.5, 0.4]), rgb=array([1., 1., 1.]), text='READ OUT BLOCK (GERMAN)', units='norm', win=Window(...), wrapWidth=1)
26.4110 	EXP 	Created Cali_de_pre_intro_text = TextStim(__class__=<class 'psychopy.visual.text.TextStim'>, alignHoriz='center', alignVert='center', antialias=True, autoLog=True, bold=False, color=array([1., 1., 1.]), colorSpace='rgb', contrast=1.0, depth=-1.0, flipHoriz=False, flipVert=False, font='Arial', fontFiles=[], height=0.06, italic=False, languageStyle='LTR', name='Cali_de_pre_intro_text', opacity=1.0, ori=0.0, pos=array([0.5, 0. ]), rgb=array([1., 1., 1.]), text=str(...), units='norm', win=Window(...), wrapWidth=1)
26.4163 	EXP 	Created Cali_de_pre_intro_cont = TextStim(__class__=<class 'psychopy.visual.text.TextStim'>, alignHoriz='center', alignVert='center', antialias=True, autoLog=True, bold=False, color=array([1., 1., 1.]), colorSpace='rgb', contrast=1.0, depth=-4.0, flipHoriz=False, flipVert=False, font='Arial', fontFiles=[], height=0.06, italic=False, languageStyle='LTR', name='Cali_de_pre_intro_cont', opacity=1.0, ori=0.0, pos=array([0.5, 0. ]), rgb=array([1., 1., 1.]), text='          Press [space] key to continue.', units='norm', win=Window(...), wrapWidth=1)
26.4168 	EXP 	Created Cali_de_pre_rec_text = TextStim(__class__=<class 'psychopy.visual.text.TextStim'>, alignHoriz='center', alignVert='center', antialias=True, autoLog=True, bold=False, color=array([1., 1., 1.]), colorSpace='rgb', contrast=1.0, depth=-0.0, flipHoriz=False, flipVert=False, font='Arial', fontFiles=[], height=0.06, italic=False, languageStyle='LTR', name='Cali_de_pre_rec_text', opacity=1.0, ori=0.0, pos=array([0.5, 0.4]), rgb=array([1., 1., 1.]), text='', units='norm', win=Window(...), wrapWidth=1)
26.4176 	EXP 	Created Cali_de_pre_rec_question_text = TextStim(__class__=<class 'psychopy.visual.text.TextStim'>, alignHoriz='center', alignVert='center', antialias=True, autoLog=True, bold=False, color=array([1., 1., 1.]), colorSpace='rgb', contrast=1.0, depth=-2.0, flipHoriz=False, flipVert=False, font='Arial', fontFiles=[], height=0.06, italic=False, languageStyle='LTR', name='Cali_de_pre_rec_question_text', opacity=1.0, ori=0.0, pos=array([0.5, 0. ]), rgb=array([1., 1., 1.]), text='', units='norm', win=Window(...), wrapWidth=1)
26.4198 	EXP 	Created Cali_de_pre_rec_break = TextStim(__class__=<class 'psychopy.visual.text.TextStim'>, alignHoriz='center', alignVert='center', antialias=True, autoLog=True, bold=False, color=array([1., 1., 1.]), colorSpace='rgb', contrast=1.0, depth=-6.0, flipHoriz=False, flipVert=False, font='Arial', fontFiles=[], height=0.06, italic=False, languageStyle='LTR', name='Cali_de_pre_rec_break', opacity=1.0, ori=0.0, pos=array([ 0.5, -0.4]), rgb=array([1., 1., 1.]), text='Short break', units='norm', win=Window(...), wrapWidth=1)
26.4202 	EXP 	Created fade_in_text = TextStim(__class__=<class 'psychopy.visual.text.TextStim'>, alignHoriz='center', alignVert='center', antialias=True, autoLog=True, bold=False, color=array([1., 1., 1.]), colorSpace='rgb', contrast=1.0, depth=-0.0, flipHoriz=False, flipVert=False, font='Arial', fontFiles=[], height=0.06, italic=False, languageStyle='LTR', name='fade_in_text', opacity=1.0, ori=0.0, pos=array([0.5, 0.4]), rgb=array([1., 1., 1.]), text='', units='norm', win=Window(...), wrapWidth=1)
26.4222 	EXP 	Created RS_intro_title = TextStim(__class__=<class 'psychopy.visual.text.TextStim'>, alignHoriz='center', alignVert='center', antialias=True, autoLog=True, bold=False, color=array([1., 1., 1.]), colorSpace='rgb', contrast=1.0, depth=-0.0, flipHoriz=False, flipVert=False, font='Arial', fontFiles=[], height=0.06, italic=False, languageStyle='LTR', name='RS_intro_title', opacity=1.0, ori=0.0, pos=array([0.5, 0.4]), rgb=array([1., 1., 1.]), text='REST STATE BLOCK', units='norm', win=Window(...), wrapWidth=1)
26.4302 	EXP 	Created RS_intro_text = TextStim(__class__=<class 'psychopy.visual.text.TextStim'>, alignHoriz='center', alignVert='center', antialias=True, autoLog=True, bold=False, color=array([1., 1., 1.]), colorSpace='rgb', contrast=1.0, depth=-1.0, flipHoriz=False, flipVert=False, font='Arial', fontFiles=[], height=0.06, italic=False, languageStyle='LTR', name='RS_intro_text', opacity=1.0, ori=0.0, pos=array([0.5, 0. ]), rgb=array([1., 1., 1.]), text=str(...), units='norm', win=Window(...), wrapWidth=1)
26.4358 	EXP 	Created RS_rec_text = TextStim(__class__=<class 'psychopy.visual.text.TextStim'>, alignHoriz='center', alignVert='center', antialias=True, autoLog=True, bold=False, color=array([1., 1., 1.]), colorSpace='rgb', contrast=1.0, depth=-0.0, flipHoriz=False, flipVert=False, font='Arial', fontFiles=[], height=0.06, italic=False, languageStyle='LTR', name='RS_rec_text', opacity=1.0, ori=0.0, pos=array([0.5, 0. ]), rgb=array([1., 1., 1.]), text=str(...), units='norm', win=Window(...), wrapWidth=1)
26.4458 	EXP 	Created QA_intro_title = TextStim(__class__=<class 'psychopy.visual.text.TextStim'>, alignHoriz='center', alignVert='center', antialias=True, autoLog=True, bold=False, color=array([1., 1., 1.]), colorSpace='rgb', contrast=1.0, depth=-0.0, flipHoriz=False, flipVert=False, font='Arial', fontFiles=[], height=0.06, italic=False, languageStyle='LTR', name='QA_intro_title', opacity=1.0, ori=0.0, pos=array([0.5, 0.5]), rgb=array([1., 1., 1.]), text='Q&A BLOCK', units='norm', win=Window(...), wrapWidth=1)
26.4549 	EXP 	Created QA_intro_text = TextStim(__class__=<class 'psychopy.visual.text.TextStim'>, alignHoriz='center', alignVert='center', antialias=True, autoLog=True, bold=False, color=array([1., 1., 1.]), colorSpace='rgb', contrast=1.0, depth=-1.0, flipHoriz=False, flipVert=False, font='Arial', fontFiles=[], height=0.06, italic=False, languageStyle='LTR', name='QA_intro_text', opacity=1.0, ori=0.0, pos=array([0.5, 0. ]), rgb=array([1., 1., 1.]), text=str(...), units='norm', win=Window(...), wrapWidth=1)
26.4596 	EXP 	Created QA_intro_cont = TextStim(__class__=<class 'psychopy.visual.text.TextStim'>, alignHoriz='center', alignVert='center', antialias=True, autoLog=True, bold=False, color=array([1., 1., 1.]), colorSpace='rgb', contrast=1.0, depth=-4.0, flipHoriz=False, flipVert=False, font='Arial', fontFiles=[], height=0.06, italic=False, languageStyle='LTR', name='QA_intro_cont', opacity=1.0, ori=0.0, pos=array([0.5, 0. ]), rgb=array([1., 1., 1.]), text='          Press [space] key to continue.', units='norm', win=Window(...), wrapWidth=1)
26.4625 	EXP 	Created QA_rec_text = TextStim(__class__=<class 'psychopy.visual.text.TextStim'>, alignHoriz='center', alignVert='center', antialias=True, autoLog=True, bold=False, color=array([1., 1., 1.]), colorSpace='rgb', contrast=1.0, depth=-0.0, flipHoriz=False, flipVert=False, font='Arial', fontFiles=[], height=0.06, italic=False, languageStyle='LTR', name='QA_rec_text', opacity=1.0, ori=0.0, pos=array([0.5, 0. ]), rgb=array([1., 1., 1.]), text=str(...), units='norm', win=Window(...), wrapWidth=1)
26.4663 	EXP 	Created QA_rec_break = TextStim(__class__=<class 'psychopy.visual.text.TextStim'>, alignHoriz='center', alignVert='center', antialias=True, autoLog=True, bold=False, color=array([1., 1., 1.]), colorSpace='rgb', contrast=1.0, depth=-6.0, flipHoriz=False, flipVert=False, font='Arial', fontFiles=[], height=0.06, italic=False, languageStyle='LTR', name='QA_rec_break', opacity=1.0, ori=0.0, pos=array([ 0.5, -0.4]), rgb=array([1., 1., 1.]), text='Short break', units='norm', win=Window(...), wrapWidth=1)
26.4706 	EXP 	Created Pause_cont = TextStim(__class__=<class 'psychopy.visual.text.TextStim'>, alignHoriz='center', alignVert='center', antialias=True, autoLog=True, bold=False, color=array([1., 1., 1.]), colorSpace='rgb', contrast=1.0, depth=-2.0, flipHoriz=False, flipVert=False, font='Arial', fontFiles=[], height=0.06, italic=False, languageStyle='LTR', name='Pause_cont', opacity=1.0, ori=0.0, pos=array([0.5, 0. ]), rgb=array([1., 1., 1.]), text=str(...), units='norm', win=Window(...), wrapWidth=1)
26.4727 	EXP 	Created Cali_de_post_intro_title = TextStim(__class__=<class 'psychopy.visual.text.TextStim'>, alignHoriz='center', alignVert='center', antialias=True, autoLog=True, bold=False, color=array([1., 1., 1.]), colorSpace='rgb', contrast=1.0, depth=-0.0, flipHoriz=False, flipVert=False, font='Arial', fontFiles=[], height=0.06, italic=False, languageStyle='LTR', name='Cali_de_post_intro_title', opacity=1.0, ori=0.0, pos=array([0.5, 0.4]), rgb=array([1., 1., 1.]), text='READ OUT BLOCK (GERMAN)', units='norm', win=Window(...), wrapWidth=1)
26.5230 	EXP 	Created Cali_de_post_intro_text = TextStim(__class__=<class 'psychopy.visual.text.TextStim'>, alignHoriz='center', alignVert='center', antialias=True, autoLog=True, bold=False, color=array([1., 1., 1.]), colorSpace='rgb', contrast=1.0, depth=-1.0, flipHoriz=False, flipVert=False, font='Arial', fontFiles=[], height=0.06, italic=False, languageStyle='LTR', name='Cali_de_post_intro_text', opacity=1.0, ori=0.0, pos=array([0.5, 0. ]), rgb=array([1., 1., 1.]), text=str(...), units='norm', win=Window(...), wrapWidth=1)
26.5280 	EXP 	Created Cali_de_post_intro_cont = TextStim(__class__=<class 'psychopy.visual.text.TextStim'>, alignHoriz='center', alignVert='center', antialias=True, autoLog=True, bold=False, color=array([1., 1., 1.]), colorSpace='rgb', contrast=1.0, depth=-4.0, flipHoriz=False, flipVert=False, font='Arial', fontFiles=[], height=0.06, italic=False, languageStyle='LTR', name='Cali_de_post_intro_cont', opacity=1.0, ori=0.0, pos=array([0.5, 0. ]), rgb=array([1., 1., 1.]), text='          Press [space] key to continue.', units='norm', win=Window(...), wrapWidth=1)
26.5285 	EXP 	Created Cali_de_post_rec_text = TextStim(__class__=<class 'psychopy.visual.text.TextStim'>, alignHoriz='center', alignVert='center', antialias=True, autoLog=True, bold=False, color=array([1., 1., 1.]), colorSpace='rgb', contrast=1.0, depth=-0.0, flipHoriz=False, flipVert=False, font='Arial', fontFiles=[], height=0.06, italic=False, languageStyle='LTR', name='Cali_de_post_rec_text', opacity=1.0, ori=0.0, pos=array([0.5, 0.4]), rgb=array([1., 1., 1.]), text='', units='norm', win=Window(...), wrapWidth=1)
26.5293 	EXP 	Created Cali_de_post_rec_question_text = TextStim(__class__=<class 'psychopy.visual.text.TextStim'>, alignHoriz='center', alignVert='center', antialias=True, autoLog=True, bold=False, color=array([1., 1., 1.]), colorSpace='rgb', contrast=1.0, depth=-2.0, flipHoriz=False, flipVert=False, font='Arial', fontFiles=[], height=0.06, italic=False, languageStyle='LTR', name='Cali_de_post_rec_question_text', opacity=1.0, ori=0.0, pos=array([0.5, 0. ]), rgb=array([1., 1., 1.]), text='', units='norm', win=Window(...), wrapWidth=1)
26.5313 	EXP 	Created Cali_de_post_rec_break = TextStim(__class__=<class 'psychopy.visual.text.TextStim'>, alignHoriz='center', alignVert='center', antialias=True, autoLog=True, bold=False, color=array([1., 1., 1.]), colorSpace='rgb', contrast=1.0, depth=-6.0, flipHoriz=False, flipVert=False, font='Arial', fontFiles=[], height=0.06, italic=False, languageStyle='LTR', name='Cali_de_post_rec_break', opacity=1.0, ori=0.0, pos=array([ 0.5, -0.4]), rgb=array([1., 1., 1.]), text='Short break', units='norm', win=Window(...), wrapWidth=1)
26.5349 	EXP 	Created the_end_text = TextStim(__class__=<class 'psychopy.visual.text.TextStim'>, alignHoriz='center', alignVert='center', antialias=True, autoLog=True, bold=False, color=array([1., 1., 1.]), colorSpace='rgb', contrast=1.0, depth=-1.0, flipHoriz=False, flipVert=False, font='Arial', fontFiles=[], height=0.06, italic=False, languageStyle='LTR', name='the_end_text', opacity=1.0, ori=0.0, pos=array([0.7, 0. ]), rgb=array([1., 1., 1.]), text=str(...), units='norm', win=Window(...), wrapWidth=1)
28.5392 	EXP 	Created sequence: random, trialTypes=1, nReps=4, seed=None
28.5399 	EXP 	New trial (rep=0, index=0): None
28.5404 	EXP 	New trial (rep=1, index=0): None
28.5409 	EXP 	New trial (rep=2, index=0): None
28.5413 	EXP 	New trial (rep=3, index=0): None
29.5619 	EXP 	fade_in_text: text = 'Please remain seated until further instruction via the earphone.'
29.5619 	EXP 	fade_in_text: autoDraw = True
35.5621 	EXP 	fade_in_text: autoDraw = False
35.5788 	EXP 	fade_in_text: autoDraw = True
41.5790 	EXP 	fade_in_text: autoDraw = True
41.5958 	EXP 	fade_in_text: autoDraw = True
41.6125 	EXP 	fade_in_text: autoDraw = True
41.6291 	EXP 	fade_in_text: autoDraw = True
41.6459 	EXP 	fade_in_text: autoDraw = True
41.6625 	EXP 	fade_in_text: autoDraw = True
41.6791 	EXP 	fade_in_text: autoDraw = True
41.6958 	EXP 	fade_in_text: autoDraw = True
41.7125 	EXP 	fade_in_text: autoDraw = True
41.7291 	EXP 	fade_in_text: autoDraw = True
41.7460 	EXP 	fade_in_text: autoDraw = True
41.7625 	EXP 	fade_in_text: autoDraw = True
41.7791 	EXP 	fade_in_text: autoDraw = True
41.7958 	EXP 	fade_in_text: autoDraw = True
41.8125 	EXP 	fade_in_text: autoDraw = True
41.8291 	EXP 	fade_in_text: autoDraw = True
41.8460 	EXP 	fade_in_text: autoDraw = True
41.8625 	EXP 	fade_in_text: autoDraw = True
41.8792 	EXP 	fade_in_text: autoDraw = True
41.8958 	EXP 	fade_in_text: autoDraw = True
41.9125 	EXP 	fade_in_text: autoDraw = True
41.9291 	EXP 	fade_in_text: autoDraw = True
41.9462 	EXP 	fade_in_text: autoDraw = True
41.9625 	EXP 	fade_in_text: autoDraw = True
41.9792 	EXP 	fade_in_text: autoDraw = True
41.9958 	EXP 	fade_in_text: autoDraw = True
42.0125 	EXP 	fade_in_text: autoDraw = True
42.0292 	EXP 	fade_in_text: autoDraw = True
42.0460 	EXP 	fade_in_text: autoDraw = True
42.0625 	EXP 	fade_in_text: autoDraw = True
42.0792 	EXP 	fade_in_text: autoDraw = True
42.0958 	EXP 	fade_in_text: autoDraw = True
42.1125 	EXP 	fade_in_text: autoDraw = True
42.1292 	EXP 	fade_in_text: autoDraw = True
42.1458 	EXP 	fade_in_text: autoDraw = True
42.1625 	EXP 	fade_in_text: autoDraw = True
42.1792 	EXP 	fade_in_text: autoDraw = True
42.1958 	EXP 	fade_in_text: autoDraw = True
42.2125 	EXP 	fade_in_text: autoDraw = True
42.2292 	EXP 	fade_in_text: autoDraw = True
42.2458 	EXP 	fade_in_text: autoDraw = True
42.2625 	EXP 	fade_in_text: autoDraw = True
42.2792 	EXP 	fade_in_text: autoDraw = True
42.2958 	EXP 	fade_in_text: autoDraw = True
42.3125 	EXP 	fade_in_text: autoDraw = True
42.3292 	EXP 	fade_in_text: autoDraw = True
42.3458 	EXP 	fade_in_text: autoDraw = True
42.3625 	EXP 	fade_in_text: autoDraw = True
42.3792 	EXP 	fade_in_text: autoDraw = True
42.3958 	EXP 	fade_in_text: autoDraw = True
42.4125 	EXP 	fade_in_text: autoDraw = True
42.4294 	EXP 	fade_in_text: autoDraw = True
42.4458 	EXP 	fade_in_text: autoDraw = True
42.4625 	EXP 	fade_in_text: autoDraw = True
42.4792 	EXP 	fade_in_text: autoDraw = True
42.4959 	EXP 	fade_in_text: autoDraw = True
42.5125 	EXP 	fade_in_text: autoDraw = True
42.5294 	EXP 	fade_in_text: autoDraw = True
42.5459 	EXP 	fade_in_text: autoDraw = True
42.5625 	EXP 	fade_in_text: autoDraw = True
42.5792 	EXP 	fade_in_text: autoDraw = True
42.5959 	EXP 	fade_in_text: autoDraw = True
42.6125 	EXP 	fade_in_text: autoDraw = True
42.6294 	EXP 	fade_in_text: autoDraw = True
42.6458 	EXP 	fade_in_text: autoDraw = True
42.6626 	EXP 	fade_in_text: autoDraw = True
42.6792 	EXP 	fade_in_text: autoDraw = True
42.6959 	EXP 	fade_in_text: autoDraw = True
42.7125 	EXP 	fade_in_text: autoDraw = True
42.7294 	EXP 	fade_in_text: autoDraw = True
42.7459 	EXP 	fade_in_text: autoDraw = True
42.7625 	EXP 	fade_in_text: autoDraw = True
42.7792 	EXP 	fade_in_text: autoDraw = True
42.7959 	EXP 	fade_in_text: autoDraw = True
42.8125 	EXP 	fade_in_text: autoDraw = True
42.8293 	EXP 	fade_in_text: autoDraw = True
42.8458 	EXP 	fade_in_text: autoDraw = True
42.8626 	EXP 	fade_in_text: autoDraw = True
42.8792 	EXP 	fade_in_text: autoDraw = True
42.8959 	EXP 	fade_in_text: autoDraw = True
42.9125 	EXP 	fade_in_text: autoDraw = True
42.9291 	EXP 	fade_in_text: autoDraw = True
42.9459 	EXP 	fade_in_text: autoDraw = True
42.9625 	EXP 	fade_in_text: autoDraw = True
42.9792 	EXP 	fade_in_text: autoDraw = True
42.9959 	EXP 	fade_in_text: autoDraw = True
43.0125 	EXP 	fade_in_text: autoDraw = True
43.0291 	EXP 	fade_in_text: autoDraw = True
43.0458 	EXP 	fade_in_text: autoDraw = True
43.0626 	EXP 	fade_in_text: autoDraw = True
43.0792 	EXP 	fade_in_text: autoDraw = True
43.0959 	EXP 	fade_in_text: autoDraw = True
43.1128 	EXP 	fade_in_text: autoDraw = True
43.1291 	EXP 	fade_in_text: autoDraw = True
43.1459 	EXP 	fade_in_text: autoDraw = True
43.1626 	EXP 	fade_in_text: autoDraw = True
43.1792 	EXP 	fade_in_text: autoDraw = True
43.1959 	EXP 	fade_in_text: autoDraw = True
43.2128 	EXP 	fade_in_text: autoDraw = True
43.2291 	EXP 	fade_in_text: autoDraw = True
43.2459 	EXP 	fade_in_text: autoDraw = True
43.2626 	EXP 	fade_in_text: autoDraw = True
43.2792 	EXP 	fade_in_text: autoDraw = True
43.2959 	EXP 	fade_in_text: autoDraw = True
43.3128 	EXP 	fade_in_text: autoDraw = True
43.3292 	EXP 	fade_in_text: autoDraw = True
43.3460 	EXP 	fade_in_text: autoDraw = True
43.3626 	EXP 	fade_in_text: autoDraw = True
43.3793 	EXP 	fade_in_text: autoDraw = True
43.3959 	EXP 	fade_in_text: autoDraw = True
43.4128 	EXP 	fade_in_text: autoDraw = True
43.4292 	EXP 	fade_in_text: autoDraw = True
43.4459 	EXP 	fade_in_text: autoDraw = True
43.4626 	EXP 	fade_in_text: autoDraw = True
43.4792 	EXP 	fade_in_text: autoDraw = True
43.4959 	EXP 	fade_in_text: autoDraw = True
43.5127 	EXP 	fade_in_text: autoDraw = True
43.5292 	EXP 	fade_in_text: autoDraw = True
43.5459 	EXP 	fade_in_text: autoDraw = True
43.5626 	EXP 	fade_in_text: autoDraw = True
43.5793 	EXP 	fade_in_text: autoDraw = True
43.5959 	EXP 	fade_in_text: autoDraw = True
43.6125 	EXP 	fade_in_text: autoDraw = True
43.6292 	EXP 	fade_in_text: autoDraw = True
43.6459 	EXP 	fade_in_text: autoDraw = True
43.6626 	EXP 	fade_in_text: autoDraw = True
43.6793 	EXP 	fade_in_text: autoDraw = True
43.6959 	EXP 	fade_in_text: autoDraw = True
43.7125 	EXP 	fade_in_text: autoDraw = True
43.7292 	EXP 	fade_in_text: autoDraw = True
43.7459 	EXP 	fade_in_text: autoDraw = True
43.7626 	EXP 	fade_in_text: autoDraw = True
43.7793 	EXP 	fade_in_text: autoDraw = True
43.7960 	EXP 	fade_in_text: autoDraw = True
43.8125 	EXP 	fade_in_text: autoDraw = True
43.8293 	EXP 	fade_in_text: autoDraw = True
43.8459 	EXP 	fade_in_text: autoDraw = True
43.8626 	EXP 	fade_in_text: autoDraw = True
43.8793 	EXP 	fade_in_text: autoDraw = True
43.8961 	EXP 	fade_in_text: autoDraw = True
43.9125 	EXP 	fade_in_text: autoDraw = True
43.9293 	EXP 	fade_in_text: autoDraw = True
43.9460 	EXP 	fade_in_text: autoDraw = True
43.9626 	EXP 	fade_in_text: autoDraw = True
43.9793 	EXP 	fade_in_text: autoDraw = True
43.9961 	EXP 	fade_in_text: autoDraw = True
44.0125 	EXP 	fade_in_text: autoDraw = True
44.0293 	EXP 	fade_in_text: autoDraw = True
44.0460 	EXP 	fade_in_text: autoDraw = True
44.0626 	EXP 	fade_in_text: autoDraw = True
44.0793 	EXP 	fade_in_text: autoDraw = True
44.0962 	EXP 	fade_in_text: autoDraw = True
44.1126 	EXP 	fade_in_text: autoDraw = True
44.1293 	EXP 	fade_in_text: autoDraw = True
44.1460 	EXP 	fade_in_text: autoDraw = True
44.1626 	EXP 	fade_in_text: autoDraw = True
44.1793 	EXP 	fade_in_text: autoDraw = True
44.1961 	EXP 	fade_in_text: autoDraw = True
44.2126 	EXP 	fade_in_text: autoDraw = True
44.2293 	EXP 	fade_in_text: autoDraw = True
44.2460 	EXP 	fade_in_text: autoDraw = True
44.2627 	EXP 	fade_in_text: autoDraw = True
44.2793 	EXP 	fade_in_text: autoDraw = True
44.2959 	EXP 	fade_in_text: autoDraw = True
44.3126 	EXP 	fade_in_text: autoDraw = True
44.3293 	EXP 	fade_in_text: autoDraw = True
44.3460 	EXP 	fade_in_text: autoDraw = True
44.3627 	EXP 	fade_in_text: autoDraw = True
44.3793 	EXP 	fade_in_text: autoDraw = True
44.3959 	EXP 	fade_in_text: autoDraw = True
44.4126 	EXP 	fade_in_text: autoDraw = True
44.4293 	EXP 	fade_in_text: autoDraw = True
44.4459 	EXP 	fade_in_text: autoDraw = True
44.4628 	EXP 	fade_in_text: autoDraw = True
44.4795 	EXP 	fade_in_text: autoDraw = True
44.4958 	EXP 	fade_in_text: autoDraw = True
44.5126 	EXP 	fade_in_text: autoDraw = True
44.5293 	EXP 	fade_in_text: autoDraw = True
44.5460 	EXP 	fade_in_text: autoDraw = True
44.5628 	EXP 	fade_in_text: autoDraw = True
44.5795 	EXP 	fade_in_text: autoDraw = True
44.5959 	EXP 	fade_in_text: autoDraw = True
44.6127 	EXP 	fade_in_text: autoDraw = True
44.6293 	EXP 	fade_in_text: autoDraw = True
44.6460 	EXP 	fade_in_text: autoDraw = True
44.6627 	EXP 	fade_in_text: autoDraw = True
44.6796 	EXP 	fade_in_text: autoDraw = True
44.6959 	EXP 	fade_in_text: autoDraw = True
44.7126 	EXP 	fade_in_text: autoDraw = True
44.7293 	EXP 	fade_in_text: autoDraw = True
44.7460 	EXP 	fade_in_text: autoDraw = True
44.7627 	EXP 	fade_in_text: autoDraw = True
44.7795 	EXP 	fade_in_text: autoDraw = True
44.7959 	EXP 	fade_in_text: autoDraw = True
44.8126 	EXP 	fade_in_text: autoDraw = True
44.8293 	EXP 	fade_in_text: autoDraw = True
44.8459 	EXP 	fade_in_text: autoDraw = True
44.8626 	EXP 	fade_in_text: autoDraw = True
44.8792 	EXP 	fade_in_text: autoDraw = True
44.8959 	EXP 	fade_in_text: autoDraw = True
44.9126 	EXP 	fade_in_text: autoDraw = True
44.9293 	EXP 	fade_in_text: autoDraw = True
44.9460 	EXP 	fade_in_text: autoDraw = True
44.9627 	EXP 	fade_in_text: autoDraw = True
44.9793 	EXP 	fade_in_text: autoDraw = True
44.9959 	EXP 	fade_in_text: autoDraw = True
45.0127 	EXP 	fade_in_text: autoDraw = True
45.0293 	EXP 	fade_in_text: autoDraw = True
45.0460 	EXP 	fade_in_text: autoDraw = True
45.0627 	EXP 	fade_in_text: autoDraw = True
45.0794 	EXP 	fade_in_text: autoDraw = True
45.0960 	EXP 	fade_in_text: autoDraw = True
45.1127 	EXP 	fade_in_text: autoDraw = True
45.1293 	EXP 	fade_in_text: autoDraw = True
45.1460 	EXP 	fade_in_text: autoDraw = True
45.1629 	EXP 	fade_in_text: autoDraw = True
45.1794 	EXP 	fade_in_text: autoDraw = True
45.1960 	EXP 	fade_in_text: autoDraw = True
45.2127 	EXP 	fade_in_text: autoDraw = True
45.2294 	EXP 	fade_in_text: autoDraw = True
45.2460 	EXP 	fade_in_text: autoDraw = True
45.2629 	EXP 	fade_in_text: autoDraw = True
45.2794 	EXP 	fade_in_text: autoDraw = True
45.2960 	EXP 	fade_in_text: autoDraw = True
45.3127 	EXP 	fade_in_text: autoDraw = True
45.3293 	EXP 	fade_in_text: autoDraw = True
45.3460 	EXP 	fade_in_text: autoDraw = True
45.3630 	EXP 	fade_in_text: autoDraw = True
45.3794 	EXP 	fade_in_text: autoDraw = True
45.3960 	EXP 	fade_in_text: autoDraw = True
45.4127 	EXP 	fade_in_text: autoDraw = True
45.4294 	EXP 	fade_in_text: autoDraw = True
45.4460 	EXP 	fade_in_text: autoDraw = True
45.4628 	EXP 	fade_in_text: autoDraw = True
45.4793 	EXP 	fade_in_text: autoDraw = True
45.4960 	EXP 	fade_in_text: autoDraw = True
45.5127 	EXP 	fade_in_text: autoDraw = True
45.5293 	EXP 	fade_in_text: autoDraw = True
45.5460 	EXP 	fade_in_text: autoDraw = True
45.5628 	EXP 	fade_in_text: autoDraw = True
45.5793 	EXP 	fade_in_text: autoDraw = True
45.5960 	EXP 	fade_in_text: autoDraw = True
45.6127 	EXP 	fade_in_text: autoDraw = True
45.6292 	EXP 	fade_in_text: autoDraw = True
45.6459 	EXP 	fade_in_text: autoDraw = True
45.6624 	EXP 	fade_in_text: autoDraw = True
45.6791 	EXP 	fade_in_text: autoDraw = True
45.6958 	EXP 	fade_in_text: autoDraw = True
45.7124 	EXP 	fade_in_text: autoDraw = True
45.7291 	EXP 	fade_in_text: autoDraw = True
45.7459 	EXP 	fade_in_text: autoDraw = True
45.7624 	EXP 	fade_in_text: autoDraw = True
45.7791 	EXP 	fade_in_text: autoDraw = True
45.7958 	EXP 	fade_in_text: autoDraw = True
45.8125 	EXP 	fade_in_text: autoDraw = True
45.8292 	EXP 	fade_in_text: autoDraw = True
45.8460 	EXP 	fade_in_text: autoDraw = True
45.8625 	EXP 	fade_in_text: autoDraw = True
45.8791 	EXP 	fade_in_text: autoDraw = True
45.8958 	EXP 	fade_in_text: autoDraw = True
45.9125 	EXP 	fade_in_text: autoDraw = True
45.9292 	EXP 	fade_in_text: autoDraw = True
45.9460 	EXP 	fade_in_text: autoDraw = True
45.9625 	EXP 	fade_in_text: autoDraw = True
45.9791 	EXP 	fade_in_text: autoDraw = True
45.9958 	EXP 	fade_in_text: autoDraw = True
46.0125 	EXP 	fade_in_text: autoDraw = True
46.0292 	EXP 	fade_in_text: autoDraw = True
46.0460 	EXP 	fade_in_text: autoDraw = True
46.0625 	EXP 	fade_in_text: autoDraw = True
46.0791 	EXP 	fade_in_text: autoDraw = True
46.0958 	EXP 	fade_in_text: autoDraw = True
46.1125 	EXP 	fade_in_text: autoDraw = True
46.1292 	EXP 	fade_in_text: autoDraw = True
46.1460 	EXP 	fade_in_text: autoDraw = True
46.1625 	EXP 	fade_in_text: autoDraw = True
46.1792 	EXP 	fade_in_text: autoDraw = True
46.1958 	EXP 	fade_in_text: autoDraw = True
46.2125 	EXP 	fade_in_text: autoDraw = True
46.2292 	EXP 	fade_in_text: autoDraw = True
46.2458 	EXP 	fade_in_text: autoDraw = True
46.2625 	EXP 	fade_in_text: autoDraw = True
46.2791 	EXP 	fade_in_text: autoDraw = True
46.2958 	EXP 	fade_in_text: autoDraw = True
46.3125 	EXP 	fade_in_text: autoDraw = True
46.3292 	EXP 	fade_in_text: autoDraw = True
46.3458 	EXP 	fade_in_text: autoDraw = True
46.3626 	EXP 	fade_in_text: autoDraw = True
46.3792 	EXP 	fade_in_text: autoDraw = True
46.3958 	EXP 	fade_in_text: autoDraw = True
46.4125 	EXP 	fade_in_text: autoDraw = True
46.4292 	EXP 	fade_in_text: autoDraw = True
46.4458 	EXP 	fade_in_text: autoDraw = True
46.4625 	EXP 	fade_in_text: autoDraw = True
46.4792 	EXP 	fade_in_text: autoDraw = True
46.4958 	EXP 	fade_in_text: autoDraw = True
46.5125 	EXP 	fade_in_text: autoDraw = True
46.5294 	EXP 	fade_in_text: autoDraw = True
46.5459 	EXP 	fade_in_text: autoDraw = True
46.5626 	EXP 	fade_in_text: autoDraw = True
46.5792 	EXP 	fade_in_text: autoDraw = True
46.5958 	EXP 	fade_in_text: autoDraw = True
46.6126 	EXP 	fade_in_text: autoDraw = True
46.6294 	EXP 	fade_in_text: autoDraw = True
46.6458 	EXP 	fade_in_text: autoDraw = True
46.6625 	EXP 	fade_in_text: autoDraw = True
46.6792 	EXP 	fade_in_text: autoDraw = True
46.6958 	EXP 	fade_in_text: autoDraw = True
46.7126 	EXP 	fade_in_text: autoDraw = True
46.7294 	EXP 	fade_in_text: autoDraw = True
46.7458 	EXP 	fade_in_text: autoDraw = True
46.7626 	EXP 	fade_in_text: autoDraw = True
46.7792 	EXP 	fade_in_text: autoDraw = True
46.7958 	EXP 	fade_in_text: autoDraw = True
46.8126 	EXP 	fade_in_text: autoDraw = True
46.8294 	EXP 	fade_in_text: autoDraw = True
46.8459 	EXP 	fade_in_text: autoDraw = True
46.8625 	EXP 	fade_in_text: autoDraw = True
46.8792 	EXP 	fade_in_text: autoDraw = True
46.8958 	EXP 	fade_in_text: autoDraw = True
46.9126 	EXP 	fade_in_text: autoDraw = True
46.9292 	EXP 	fade_in_text: autoDraw = True
46.9459 	EXP 	fade_in_text: autoDraw = True
46.9626 	EXP 	fade_in_text: autoDraw = True
46.9792 	EXP 	fade_in_text: autoDraw = True
46.9958 	EXP 	fade_in_text: autoDraw = True
47.0126 	EXP 	fade_in_text: autoDraw = True
47.0292 	EXP 	fade_in_text: autoDraw = True
47.0459 	EXP 	fade_in_text: autoDraw = True
47.0625 	EXP 	fade_in_text: autoDraw = True
47.0792 	EXP 	fade_in_text: autoDraw = True
47.0959 	EXP 	fade_in_text: autoDraw = True
47.1126 	EXP 	fade_in_text: autoDraw = True
47.1292 	EXP 	fade_in_text: autoDraw = True
47.1459 	EXP 	fade_in_text: autoDraw = True
47.1625 	EXP 	fade_in_text: autoDraw = True
47.1792 	EXP 	fade_in_text: autoDraw = True
47.1959 	EXP 	fade_in_text: autoDraw = True
47.2127 	EXP 	fade_in_text: autoDraw = True
47.2292 	EXP 	fade_in_text: autoDraw = True
47.2459 	EXP 	fade_in_text: autoDraw = True
47.2625 	EXP 	fade_in_text: autoDraw = True
47.2793 	EXP 	fade_in_text: autoDraw = True
47.2959 	EXP 	fade_in_text: autoDraw = True
47.3127 	EXP 	fade_in_text: autoDraw = True
47.3292 	EXP 	fade_in_text: autoDraw = True
47.3459 	EXP 	fade_in_text: autoDraw = True
47.3625 	EXP 	fade_in_text: autoDraw = True
47.3793 	EXP 	fade_in_text: autoDraw = True
47.3959 	EXP 	fade_in_text: autoDraw = True
47.4128 	EXP 	fade_in_text: autoDraw = True
47.4292 	EXP 	fade_in_text: autoDraw = True
47.4459 	EXP 	fade_in_text: autoDraw = True
47.4625 	EXP 	fade_in_text: autoDraw = True
47.4793 	EXP 	fade_in_text: autoDraw = True
47.4959 	EXP 	fade_in_text: autoDraw = True
47.5125 	EXP 	fade_in_text: autoDraw = True
47.5292 	EXP 	fade_in_text: autoDraw = True
47.5459 	EXP 	fade_in_text: autoDraw = True
47.5625 	EXP 	fade_in_text: autoDraw = True
47.5793 	EXP 	fade_in_text: autoDraw = True
47.5960 	EXP 	fade_in_text: autoDraw = True
47.6125 	EXP 	fade_in_text: autoDraw = True
47.6292 	EXP 	fade_in_text: autoDraw = True
47.6459 	EXP 	fade_in_text: autoDraw = True
47.6625 	EXP 	fade_in_text: autoDraw = True
47.6793 	EXP 	fade_in_text: autoDraw = True
47.6960 	EXP 	fade_in_text: autoDraw = True
47.7125 	EXP 	fade_in_text: autoDraw = True
47.7292 	EXP 	fade_in_text: autoDraw = True
47.7459 	EXP 	fade_in_text: autoDraw = True
47.7626 	EXP 	fade_in_text: autoDraw = True
47.7793 	EXP 	fade_in_text: autoDraw = True
47.7961 	EXP 	fade_in_text: autoDraw = True
47.8125 	EXP 	fade_in_text: autoDraw = True
47.8292 	EXP 	fade_in_text: autoDraw = True
47.8459 	EXP 	fade_in_text: autoDraw = True
47.8626 	EXP 	fade_in_text: autoDraw = True
47.8793 	EXP 	fade_in_text: autoDraw = True
47.8961 	EXP 	fade_in_text: autoDraw = True
47.9126 	EXP 	fade_in_text: autoDraw = True
47.9292 	EXP 	fade_in_text: autoDraw = True
47.9459 	EXP 	fade_in_text: autoDraw = True
47.9626 	EXP 	fade_in_text: autoDraw = True
47.9794 	EXP 	fade_in_text: autoDraw = True
47.9961 	EXP 	fade_in_text: autoDraw = True
48.0126 	EXP 	fade_in_text: autoDraw = True
48.0292 	EXP 	fade_in_text: autoDraw = True
48.0459 	EXP 	fade_in_text: autoDraw = True
48.0626 	EXP 	fade_in_text: autoDraw = True
48.0793 	EXP 	fade_in_text: autoDraw = True
48.0962 	EXP 	fade_in_text: autoDraw = True
48.1126 	EXP 	fade_in_text: autoDraw = True
48.1292 	EXP 	fade_in_text: autoDraw = True
48.1459 	EXP 	fade_in_text: autoDraw = True
48.1626 	EXP 	fade_in_text: autoDraw = True
48.1793 	EXP 	fade_in_text: autoDraw = True
48.1959 	EXP 	fade_in_text: autoDraw = True
48.2126 	EXP 	fade_in_text: autoDraw = True
48.2292 	EXP 	fade_in_text: autoDraw = True
48.2459 	EXP 	fade_in_text: autoDraw = True
48.2626 	EXP 	fade_in_text: autoDraw = True
48.2793 	EXP 	fade_in_text: autoDraw = True
48.2959 	EXP 	fade_in_text: autoDraw = True
48.3126 	EXP 	fade_in_text: autoDraw = True
48.3292 	EXP 	fade_in_text: autoDraw = True
48.3459 	EXP 	fade_in_text: autoDraw = True
48.3626 	EXP 	fade_in_text: autoDraw = True
48.3793 	EXP 	fade_in_text: autoDraw = True
48.3959 	EXP 	fade_in_text: autoDraw = True
48.4126 	EXP 	fade_in_text: autoDraw = True
48.4292 	EXP 	fade_in_text: autoDraw = True
48.4459 	EXP 	fade_in_text: autoDraw = True
48.4627 	EXP 	fade_in_text: autoDraw = True
48.4794 	EXP 	fade_in_text: autoDraw = True
48.4959 	EXP 	fade_in_text: autoDraw = True
48.5126 	EXP 	fade_in_text: autoDraw = True
48.5292 	EXP 	fade_in_text: autoDraw = True
48.5459 	EXP 	fade_in_text: autoDraw = True
48.5627 	EXP 	fade_in_text: autoDraw = True
48.5795 	EXP 	fade_in_text: autoDraw = True
48.5959 	EXP 	fade_in_text: autoDraw = True
48.6126 	EXP 	fade_in_text: autoDraw = True
48.6293 	EXP 	fade_in_text: autoDraw = True
48.6459 	EXP 	fade_in_text: autoDraw = True
48.6627 	EXP 	fade_in_text: autoDraw = True
48.6795 	EXP 	fade_in_text: autoDraw = True
48.6959 	EXP 	fade_in_text: autoDraw = True
48.7126 	EXP 	fade_in_text: autoDraw = True
48.7293 	EXP 	fade_in_text: autoDraw = True
48.7459 	EXP 	fade_in_text: autoDraw = True
48.7627 	EXP 	fade_in_text: autoDraw = True
48.7796 	EXP 	fade_in_text: autoDraw = True
48.7959 	EXP 	fade_in_text: autoDraw = True
48.8126 	EXP 	fade_in_text: autoDraw = True
48.8293 	EXP 	fade_in_text: autoDraw = True
48.8459 	EXP 	fade_in_text: autoDraw = True
48.8627 	EXP 	fade_in_text: autoDraw = True
48.8793 	EXP 	fade_in_text: autoDraw = True
48.8959 	EXP 	fade_in_text: autoDraw = True
48.9126 	EXP 	fade_in_text: autoDraw = True
48.9293 	EXP 	fade_in_text: autoDraw = True
48.9459 	EXP 	fade_in_text: autoDraw = True
48.9627 	EXP 	fade_in_text: autoDraw = True
48.9793 	EXP 	fade_in_text: autoDraw = True
48.9959 	EXP 	fade_in_text: autoDraw = True
49.0126 	EXP 	fade_in_text: autoDraw = True
49.0293 	EXP 	fade_in_text: autoDraw = True
49.0459 	EXP 	fade_in_text: autoDraw = True
49.0627 	EXP 	fade_in_text: autoDraw = True
49.0793 	EXP 	fade_in_text: autoDraw = True
49.0960 	EXP 	fade_in_text: autoDraw = True
49.1126 	EXP 	fade_in_text: autoDraw = True
49.1293 	EXP 	fade_in_text: autoDraw = True
49.1460 	EXP 	fade_in_text: autoDraw = True
49.1628 	EXP 	fade_in_text: autoDraw = True
49.1793 	EXP 	fade_in_text: autoDraw = True
49.1960 	EXP 	fade_in_text: autoDraw = True
49.2126 	EXP 	fade_in_text: autoDraw = True
49.2293 	EXP 	fade_in_text: autoDraw = True
49.2460 	EXP 	fade_in_text: autoDraw = True
49.2628 	EXP 	fade_in_text: autoDraw = True
49.2793 	EXP 	fade_in_text: autoDraw = True
49.2959 	EXP 	fade_in_text: autoDraw = True
49.3126 	EXP 	fade_in_text: autoDraw = True
49.3293 	EXP 	fade_in_text: autoDraw = True
49.3460 	EXP 	fade_in_text: autoDraw = True
49.3628 	EXP 	fade_in_text: autoDraw = True
49.3793 	EXP 	fade_in_text: autoDraw = True
49.3960 	EXP 	fade_in_text: autoDraw = True
49.4126 	EXP 	fade_in_text: autoDraw = True
49.4293 	EXP 	fade_in_text: autoDraw = True
49.4461 	EXP 	fade_in_text: autoDraw = True
49.4627 	EXP 	fade_in_text: autoDraw = True
49.4793 	EXP 	fade_in_text: autoDraw = True
49.4960 	EXP 	fade_in_text: autoDraw = True
49.5126 	EXP 	fade_in_text: autoDraw = True
49.5293 	EXP 	fade_in_text: autoDraw = True
49.5460 	EXP 	fade_in_text: autoDraw = True
49.5627 	EXP 	fade_in_text: autoDraw = True
49.5793 	EXP 	fade_in_text: autoDraw = True
49.5960 	EXP 	fade_in_text: autoDraw = True
49.6126 	EXP 	fade_in_text: autoDraw = True
49.6293 	EXP 	fade_in_text: autoDraw = True
49.6461 	EXP 	fade_in_text: autoDraw = True
49.6626 	EXP 	fade_in_text: autoDraw = True
49.6793 	EXP 	fade_in_text: autoDraw = True
49.6960 	EXP 	fade_in_text: autoDraw = True
49.7126 	EXP 	fade_in_text: autoDraw = True
49.7294 	EXP 	fade_in_text: autoDraw = True
49.7461 	EXP 	fade_in_text: autoDraw = True
49.7626 	EXP 	fade_in_text: autoDraw = True
49.7794 	EXP 	fade_in_text: autoDraw = True
49.7960 	EXP 	fade_in_text: autoDraw = True
49.8127 	EXP 	fade_in_text: autoDraw = True
49.8294 	EXP 	fade_in_text: autoDraw = True
49.8462 	EXP 	fade_in_text: autoDraw = True
49.8627 	EXP 	fade_in_text: autoDraw = True
49.8794 	EXP 	fade_in_text: autoDraw = True
49.8960 	EXP 	fade_in_text: autoDraw = True
49.9127 	EXP 	fade_in_text: autoDraw = True
49.9294 	EXP 	fade_in_text: autoDraw = True
49.9462 	EXP 	fade_in_text: autoDraw = True
49.9627 	EXP 	fade_in_text: autoDraw = True
49.9794 	EXP 	fade_in_text: autoDraw = True
49.9960 	EXP 	fade_in_text: autoDraw = True
50.0127 	EXP 	fade_in_text: autoDraw = True
50.0294 	EXP 	fade_in_text: autoDraw = True
50.0462 	EXP 	fade_in_text: autoDraw = True
50.0627 	EXP 	fade_in_text: autoDraw = True
50.0793 	EXP 	fade_in_text: autoDraw = True
50.0960 	EXP 	fade_in_text: autoDraw = True
50.1127 	EXP 	fade_in_text: autoDraw = True
50.1294 	EXP 	fade_in_text: autoDraw = True
50.1462 	EXP 	fade_in_text: autoDraw = True
50.1627 	EXP 	fade_in_text: autoDraw = True
50.1794 	EXP 	fade_in_text: autoDraw = True
50.1960 	EXP 	fade_in_text: autoDraw = True
50.2127 	EXP 	fade_in_text: autoDraw = True
50.2294 	EXP 	fade_in_text: autoDraw = True
50.2460 	EXP 	fade_in_text: autoDraw = True
50.2628 	EXP 	fade_in_text: autoDraw = True
50.2794 	EXP 	fade_in_text: autoDraw = True
50.2960 	EXP 	fade_in_text: autoDraw = True
50.3127 	EXP 	fade_in_text: autoDraw = True
50.3294 	EXP 	fade_in_text: autoDraw = True
50.3460 	EXP 	fade_in_text: autoDraw = True
50.3627 	EXP 	fade_in_text: autoDraw = True
50.3795 	EXP 	fade_in_text: autoDraw = True
50.3960 	EXP 	fade_in_text: autoDraw = True
50.4127 	EXP 	fade_in_text: autoDraw = True
50.4294 	EXP 	fade_in_text: autoDraw = True
50.4460 	EXP 	fade_in_text: autoDraw = True
50.4627 	EXP 	fade_in_text: autoDraw = True
50.4794 	EXP 	fade_in_text: autoDraw = True
50.4960 	EXP 	fade_in_text: autoDraw = True
50.5128 	EXP 	fade_in_text: autoDraw = True
50.5295 	EXP 	fade_in_text: autoDraw = True
50.5460 	EXP 	fade_in_text: autoDraw = True
50.5627 	EXP 	fade_in_text: autoDraw = True
50.5795 	EXP 	fade_in_text: autoDraw = True
50.5960 	EXP 	fade_in_text: autoDraw = True
50.6128 	EXP 	fade_in_text: autoDraw = True
50.6296 	EXP 	fade_in_text: autoDraw = True
50.6460 	EXP 	fade_in_text: autoDraw = True
50.6627 	EXP 	fade_in_text: autoDraw = True
50.6794 	EXP 	fade_in_text: autoDraw = True
50.6961 	EXP 	fade_in_text: autoDraw = True
50.7128 	EXP 	fade_in_text: autoDraw = True
50.7296 	EXP 	fade_in_text: autoDraw = True
50.7460 	EXP 	fade_in_text: autoDraw = True
50.7627 	EXP 	fade_in_text: autoDraw = True
50.7794 	EXP 	fade_in_text: autoDraw = True
50.7961 	EXP 	fade_in_text: autoDraw = True
50.8128 	EXP 	fade_in_text: autoDraw = True
50.8294 	EXP 	fade_in_text: autoDraw = True
50.8460 	EXP 	fade_in_text: autoDraw = True
50.8627 	EXP 	fade_in_text: autoDraw = True
50.8794 	EXP 	fade_in_text: autoDraw = True
50.8961 	EXP 	fade_in_text: autoDraw = True
50.9128 	EXP 	fade_in_text: autoDraw = True
50.9294 	EXP 	fade_in_text: autoDraw = True
50.9460 	EXP 	fade_in_text: autoDraw = True
50.9627 	EXP 	fade_in_text: autoDraw = True
50.9794 	EXP 	fade_in_text: autoDraw = True
50.9961 	EXP 	fade_in_text: autoDraw = True
51.0128 	EXP 	fade_in_text: autoDraw = True
51.0294 	EXP 	fade_in_text: autoDraw = True
51.0461 	EXP 	fade_in_text: autoDraw = True
51.0627 	EXP 	fade_in_text: autoDraw = True
51.0794 	EXP 	fade_in_text: autoDraw = True
51.0961 	EXP 	fade_in_text: autoDraw = True
51.1128 	EXP 	fade_in_text: autoDraw = True
51.1294 	EXP 	fade_in_text: autoDraw = True
51.1461 	EXP 	fade_in_text: autoDraw = True
51.1628 	EXP 	fade_in_text: autoDraw = True
51.1794 	EXP 	fade_in_text: autoDraw = True
51.1962 	EXP 	fade_in_text: autoDraw = True
51.2130 	EXP 	fade_in_text: autoDraw = True
51.2294 	EXP 	fade_in_text: autoDraw = True
51.2461 	EXP 	fade_in_text: autoDraw = True
51.2628 	EXP 	fade_in_text: autoDraw = True
51.2794 	EXP 	fade_in_text: autoDraw = True
51.2962 	EXP 	fade_in_text: autoDraw = True
51.3129 	EXP 	fade_in_text: autoDraw = True
51.3294 	EXP 	fade_in_text: autoDraw = True
51.3461 	EXP 	fade_in_text: autoDraw = True
51.3627 	EXP 	fade_in_text: autoDraw = True
51.3795 	EXP 	fade_in_text: autoDraw = True
51.3962 	EXP 	fade_in_text: autoDraw = True
51.4129 	EXP 	fade_in_text: autoDraw = True
51.4294 	EXP 	fade_in_text: autoDraw = True
51.4461 	EXP 	fade_in_text: autoDraw = True
51.4627 	EXP 	fade_in_text: autoDraw = True
51.4794 	EXP 	fade_in_text: autoDraw = True
51.4962 	EXP 	fade_in_text: autoDraw = True
51.5130 	EXP 	fade_in_text: autoDraw = True
51.5294 	EXP 	fade_in_text: autoDraw = True
51.5461 	EXP 	fade_in_text: autoDraw = True
51.5628 	EXP 	fade_in_text: autoDraw = True
51.5794 	EXP 	fade_in_text: autoDraw = True
51.5963 	EXP 	fade_in_text: autoDraw = True
51.6128 	EXP 	fade_in_text: autoDraw = True
51.6294 	EXP 	fade_in_text: autoDraw = True
51.6461 	EXP 	fade_in_text: autoDraw = True
51.6628 	EXP 	fade_in_text: autoDraw = True
51.6794 	EXP 	fade_in_text: autoDraw = True
51.6962 	EXP 	fade_in_text: autoDraw = True
51.7128 	EXP 	fade_in_text: autoDraw = True
51.7294 	EXP 	fade_in_text: autoDraw = True
51.7461 	EXP 	fade_in_text: autoDraw = True
51.7628 	EXP 	fade_in_text: autoDraw = True
51.7795 	EXP 	fade_in_text: autoDraw = True
51.7962 	EXP 	fade_in_text: autoDraw = True
51.8128 	EXP 	fade_in_text: autoDraw = True
51.8294 	EXP 	fade_in_text: autoDraw = True
51.8461 	EXP 	fade_in_text: autoDraw = True
51.8628 	EXP 	fade_in_text: autoDraw = True
51.8796 	EXP 	fade_in_text: autoDraw = True
51.8963 	EXP 	fade_in_text: autoDraw = True
51.9128 	EXP 	fade_in_text: autoDraw = True
51.9294 	EXP 	fade_in_text: autoDraw = True
51.9461 	EXP 	fade_in_text: autoDraw = True
51.9628 	EXP 	fade_in_text: autoDraw = True
51.9795 	EXP 	fade_in_text: autoDraw = True
51.9963 	EXP 	fade_in_text: autoDraw = True
52.0128 	EXP 	fade_in_text: autoDraw = True
52.0295 	EXP 	fade_in_text: autoDraw = True
52.0461 	EXP 	fade_in_text: autoDraw = True
52.0628 	EXP 	fade_in_text: autoDraw = True
52.0795 	EXP 	fade_in_text: autoDraw = True
52.0964 	EXP 	fade_in_text: autoDraw = True
52.1128 	EXP 	fade_in_text: autoDraw = True
52.1295 	EXP 	fade_in_text: autoDraw = True
52.1461 	EXP 	fade_in_text: autoDraw = True
52.1628 	EXP 	fade_in_text: autoDraw = True
52.1795 	EXP 	fade_in_text: autoDraw = True
52.1961 	EXP 	fade_in_text: autoDraw = True
52.2128 	EXP 	fade_in_text: autoDraw = True
52.2295 	EXP 	fade_in_text: autoDraw = True
52.2461 	EXP 	fade_in_text: autoDraw = True
52.2628 	EXP 	fade_in_text: autoDraw = True
52.2795 	EXP 	fade_in_text: autoDraw = True
52.2961 	EXP 	fade_in_text: autoDraw = True
52.3128 	EXP 	fade_in_text: autoDraw = True
52.3295 	EXP 	fade_in_text: autoDraw = True
52.3461 	EXP 	fade_in_text: autoDraw = True
52.3628 	EXP 	fade_in_text: autoDraw = True
52.3796 	EXP 	fade_in_text: autoDraw = True
52.3961 	EXP 	fade_in_text: autoDraw = True
52.4128 	EXP 	fade_in_text: autoDraw = True
52.4295 	EXP 	fade_in_text: autoDraw = True
52.4461 	EXP 	fade_in_text: autoDraw = True
52.4629 	EXP 	fade_in_text: autoDraw = True
52.4797 	EXP 	fade_in_text: autoDraw = True
52.4961 	EXP 	fade_in_text: autoDraw = True
52.5128 	EXP 	fade_in_text: autoDraw = True
52.5295 	EXP 	fade_in_text: autoDraw = True
52.5461 	EXP 	fade_in_text: autoDraw = True
52.5629 	EXP 	fade_in_text: autoDraw = True
52.5797 	EXP 	fade_in_text: autoDraw = True
52.5961 	EXP 	fade_in_text: autoDraw = True
52.6128 	EXP 	fade_in_text: autoDraw = True
52.6295 	EXP 	fade_in_text: autoDraw = True
52.6461 	EXP 	fade_in_text: autoDraw = True
52.6629 	EXP 	fade_in_text: autoDraw = True
52.6797 	EXP 	fade_in_text: autoDraw = True
52.6961 	EXP 	fade_in_text: autoDraw = True
52.7128 	EXP 	fade_in_text: autoDraw = True
52.7295 	EXP 	fade_in_text: autoDraw = True
52.7462 	EXP 	fade_in_text: autoDraw = True
52.7629 	EXP 	fade_in_text: autoDraw = True
52.7797 	EXP 	fade_in_text: autoDraw = True
52.7962 	EXP 	fade_in_text: autoDraw = True
52.8128 	EXP 	fade_in_text: autoDraw = True
52.8295 	EXP 	fade_in_text: autoDraw = True
52.8462 	EXP 	fade_in_text: autoDraw = True
52.8629 	EXP 	fade_in_text: autoDraw = True
52.8795 	EXP 	fade_in_text: autoDraw = True
52.8962 	EXP 	fade_in_text: autoDraw = True
52.9128 	EXP 	fade_in_text: autoDraw = True
52.9295 	EXP 	fade_in_text: autoDraw = True
52.9462 	EXP 	fade_in_text: autoDraw = True
52.9629 	EXP 	fade_in_text: autoDraw = True
52.9795 	EXP 	fade_in_text: autoDraw = True
52.9962 	EXP 	fade_in_text: autoDraw = True
53.0128 	EXP 	fade_in_text: autoDraw = True
53.0295 	EXP 	fade_in_text: autoDraw = True
53.0462 	EXP 	fade_in_text: autoDraw = True
53.0629 	EXP 	fade_in_text: autoDraw = True
53.0796 	EXP 	fade_in_text: autoDraw = True
53.0962 	EXP 	fade_in_text: autoDraw = True
53.1128 	EXP 	fade_in_text: autoDraw = True
53.1295 	EXP 	fade_in_text: autoDraw = True
53.1462 	EXP 	fade_in_text: autoDraw = True
53.1631 	EXP 	fade_in_text: autoDraw = True
53.1795 	EXP 	fade_in_text: autoDraw = True
53.1962 	EXP 	fade_in_text: autoDraw = True
53.2129 	EXP 	fade_in_text: autoDraw = True
53.2295 	EXP 	fade_in_text: autoDraw = True
53.2463 	EXP 	fade_in_text: autoDraw = True
53.2630 	EXP 	fade_in_text: autoDraw = True
53.2796 	EXP 	fade_in_text: autoDraw = True
53.2962 	EXP 	fade_in_text: autoDraw = True
53.3129 	EXP 	fade_in_text: autoDraw = True
53.3295 	EXP 	fade_in_text: autoDraw = True
53.3463 	EXP 	fade_in_text: autoDraw = True
53.3631 	EXP 	fade_in_text: autoDraw = True
53.3795 	EXP 	fade_in_text: autoDraw = True
53.3962 	EXP 	fade_in_text: autoDraw = True
53.4129 	EXP 	fade_in_text: autoDraw = True
53.4295 	EXP 	fade_in_text: autoDraw = True
53.4463 	EXP 	fade_in_text: autoDraw = True
53.4631 	EXP 	fade_in_text: autoDraw = True
53.4795 	EXP 	fade_in_text: autoDraw = True
53.4962 	EXP 	fade_in_text: autoDraw = True
53.5129 	EXP 	fade_in_text: autoDraw = True
53.5295 	EXP 	fade_in_text: autoDraw = True
53.5463 	EXP 	fade_in_text: autoDraw = True
53.5630 	EXP 	fade_in_text: autoDraw = True
53.5796 	EXP 	fade_in_text: autoDraw = True
53.5963 	EXP 	fade_in_text: autoDraw = True
53.6129 	EXP 	fade_in_text: autoDraw = True
53.6295 	EXP 	fade_in_text: autoDraw = True
53.6463 	EXP 	fade_in_text: autoDraw = True
53.6629 	EXP 	fade_in_text: autoDraw = True
53.6795 	EXP 	fade_in_text: autoDraw = True
53.6962 	EXP 	fade_in_text: autoDraw = True
53.7129 	EXP 	fade_in_text: autoDraw = True
53.7296 	EXP 	fade_in_text: autoDraw = True
53.7463 	EXP 	fade_in_text: autoDraw = True
53.7629 	EXP 	fade_in_text: autoDraw = True
53.7795 	EXP 	fade_in_text: autoDraw = True
53.7963 	EXP 	fade_in_text: autoDraw = True
53.8129 	EXP 	fade_in_text: autoDraw = True
53.8296 	EXP 	fade_in_text: autoDraw = True
53.8463 	EXP 	fade_in_text: autoDraw = True
53.8629 	EXP 	fade_in_text: autoDraw = True
53.8796 	EXP 	fade_in_text: autoDraw = True
53.8962 	EXP 	fade_in_text: autoDraw = True
53.9129 	EXP 	fade_in_text: autoDraw = True
53.9296 	EXP 	fade_in_text: autoDraw = True
53.9464 	EXP 	fade_in_text: autoDraw = True
53.9629 	EXP 	fade_in_text: autoDraw = True
53.9796 	EXP 	fade_in_text: autoDraw = True
53.9963 	EXP 	fade_in_text: autoDraw = True
54.0129 	EXP 	fade_in_text: autoDraw = True
54.0296 	EXP 	fade_in_text: autoDraw = True
54.0464 	EXP 	fade_in_text: autoDraw = True
54.0629 	EXP 	fade_in_text: autoDraw = True
54.0796 	EXP 	fade_in_text: autoDraw = True
54.0962 	EXP 	fade_in_text: autoDraw = True
54.1129 	EXP 	fade_in_text: autoDraw = True
54.1296 	EXP 	fade_in_text: autoDraw = True
54.1464 	EXP 	fade_in_text: autoDraw = True
54.1629 	EXP 	fade_in_text: autoDraw = True
54.1796 	EXP 	fade_in_text: autoDraw = True
54.1963 	EXP 	fade_in_text: autoDraw = True
54.2129 	EXP 	fade_in_text: autoDraw = True
54.2297 	EXP 	fade_in_text: autoDraw = True
54.2464 	EXP 	fade_in_text: autoDraw = True
54.2629 	EXP 	fade_in_text: autoDraw = True
54.2796 	EXP 	fade_in_text: autoDraw = True
54.2962 	EXP 	fade_in_text: autoDraw = True
54.3130 	EXP 	fade_in_text: autoDraw = True
54.3296 	EXP 	fade_in_text: autoDraw = True
54.3462 	EXP 	fade_in_text: autoDraw = True
54.3629 	EXP 	fade_in_text: autoDraw = True
54.3796 	EXP 	fade_in_text: autoDraw = True
54.3964 	EXP 	fade_in_text: autoDraw = True
54.4130 	EXP 	fade_in_text: autoDraw = True
54.4297 	EXP 	fade_in_text: autoDraw = True
54.4463 	EXP 	fade_in_text: autoDraw = True
54.4629 	EXP 	fade_in_text: autoDraw = True
54.4796 	EXP 	fade_in_text: autoDraw = True
54.4963 	EXP 	fade_in_text: autoDraw = True
54.5130 	EXP 	fade_in_text: autoDraw = True
54.5297 	EXP 	fade_in_text: autoDraw = True
54.5462 	EXP 	fade_in_text: autoDraw = True
54.5629 	EXP 	fade_in_text: autoDraw = True
54.5796 	EXP 	fade_in_text: autoDraw = True
54.5963 	EXP 	fade_in_text: autoDraw = True
54.6130 	EXP 	fade_in_text: autoDraw = True
54.6298 	EXP 	fade_in_text: autoDraw = True
54.6463 	EXP 	fade_in_text: autoDraw = True
54.6629 	EXP 	fade_in_text: autoDraw = True
54.6796 	EXP 	fade_in_text: autoDraw = True
54.6963 	EXP 	fade_in_text: autoDraw = True
54.7131 	EXP 	fade_in_text: autoDraw = True
54.7298 	EXP 	fade_in_text: autoDraw = True
54.7463 	EXP 	fade_in_text: autoDraw = True
54.7629 	EXP 	fade_in_text: autoDraw = True
54.7796 	EXP 	fade_in_text: autoDraw = True
54.7963 	EXP 	fade_in_text: autoDraw = True
54.8130 	EXP 	fade_in_text: autoDraw = True
54.8298 	EXP 	fade_in_text: autoDraw = True
54.8463 	EXP 	fade_in_text: autoDraw = True
54.8629 	EXP 	fade_in_text: autoDraw = True
54.8796 	EXP 	fade_in_text: autoDraw = True
54.8963 	EXP 	fade_in_text: autoDraw = True
54.9130 	EXP 	fade_in_text: autoDraw = True
54.9296 	EXP 	fade_in_text: autoDraw = True
54.9463 	EXP 	fade_in_text: autoDraw = True
54.9629 	EXP 	fade_in_text: autoDraw = True
54.9796 	EXP 	fade_in_text: autoDraw = True
54.9963 	EXP 	fade_in_text: autoDraw = True
55.0130 	EXP 	fade_in_text: autoDraw = True
55.0296 	EXP 	fade_in_text: autoDraw = True
55.0463 	EXP 	fade_in_text: autoDraw = True
55.0629 	EXP 	fade_in_text: autoDraw = True
55.0796 	EXP 	fade_in_text: autoDraw = True
55.0963 	EXP 	fade_in_text: autoDraw = True
55.1131 	EXP 	fade_in_text: autoDraw = True
55.1296 	EXP 	fade_in_text: autoDraw = True
55.1463 	EXP 	fade_in_text: autoDraw = True
55.1629 	EXP 	fade_in_text: autoDraw = True
55.1796 	EXP 	fade_in_text: autoDraw = True
55.1964 	EXP 	fade_in_text: autoDraw = True
55.2130 	EXP 	fade_in_text: autoDraw = True
55.2296 	EXP 	fade_in_text: autoDraw = True
55.2463 	EXP 	fade_in_text: autoDraw = True
55.2629 	EXP 	fade_in_text: autoDraw = True
55.2797 	EXP 	fade_in_text: autoDraw = True
55.2964 	EXP 	fade_in_text: autoDraw = True
55.3132 	EXP 	fade_in_text: autoDraw = True
55.3296 	EXP 	fade_in_text: autoDraw = True
55.3463 	EXP 	fade_in_text: autoDraw = True
55.3630 	EXP 	fade_in_text: autoDraw = True
55.3796 	EXP 	fade_in_text: autoDraw = True
55.3964 	EXP 	fade_in_text: autoDraw = True
55.4132 	EXP 	fade_in_text: autoDraw = True
55.4296 	EXP 	fade_in_text: autoDraw = True
55.4463 	EXP 	fade_in_text: autoDraw = True
55.4630 	EXP 	fade_in_text: autoDraw = True
55.4796 	EXP 	fade_in_text: autoDraw = True
55.4964 	EXP 	fade_in_text: autoDraw = True
55.5132 	EXP 	fade_in_text: autoDraw = True
55.5296 	EXP 	fade_in_text: autoDraw = True
55.5463 	EXP 	fade_in_text: autoDraw = True
55.5630 	EXP 	fade_in_text: autoDraw = True
55.5796 	EXP 	fade_in_text: autoDraw = True
55.5964 	EXP 	fade_in_text: autoDraw = True
55.6130 	EXP 	fade_in_text: autoDraw = True
55.6296 	EXP 	fade_in_text: autoDraw = True
55.6465 	EXP 	fade_in_text: autoDraw = True
55.6632 	EXP 	fade_in_text: autoDraw = True
55.6799 	EXP 	fade_in_text: autoDraw = True
55.6966 	EXP 	fade_in_text: autoDraw = True
55.7131 	EXP 	fade_in_text: autoDraw = True
55.7299 	EXP 	fade_in_text: autoDraw = True
55.7466 	EXP 	fade_in_text: autoDraw = True
55.7632 	EXP 	fade_in_text: autoDraw = True
55.7799 	EXP 	fade_in_text: autoDraw = True
55.7967 	EXP 	fade_in_text: autoDraw = True
55.8132 	EXP 	fade_in_text: autoDraw = True
55.8299 	EXP 	fade_in_text: autoDraw = True
55.8466 	EXP 	fade_in_text: autoDraw = True
55.8632 	EXP 	fade_in_text: autoDraw = True
55.8799 	EXP 	fade_in_text: autoDraw = True
55.8967 	EXP 	fade_in_text: autoDraw = True
55.9131 	EXP 	fade_in_text: autoDraw = True
55.9299 	EXP 	fade_in_text: autoDraw = True
55.9466 	EXP 	fade_in_text: autoDraw = True
55.9632 	EXP 	fade_in_text: autoDraw = True
55.9799 	EXP 	fade_in_text: autoDraw = True
55.9968 	EXP 	fade_in_text: autoDraw = True
56.0132 	EXP 	fade_in_text: autoDraw = True
56.0299 	EXP 	fade_in_text: autoDraw = True
56.0466 	EXP 	fade_in_text: autoDraw = True
56.0632 	EXP 	fade_in_text: autoDraw = True
56.0799 	EXP 	fade_in_text: autoDraw = True
56.0966 	EXP 	fade_in_text: autoDraw = True
56.1131 	EXP 	fade_in_text: autoDraw = True
56.1299 	EXP 	fade_in_text: autoDraw = True
56.1466 	EXP 	fade_in_text: autoDraw = True
56.1632 	EXP 	fade_in_text: autoDraw = True
56.1799 	EXP 	fade_in_text: autoDraw = True
56.1966 	EXP 	fade_in_text: autoDraw = True
56.2132 	EXP 	fade_in_text: autoDraw = True
56.2299 	EXP 	fade_in_text: autoDraw = True
56.2466 	EXP 	fade_in_text: autoDraw = True
56.2632 	EXP 	fade_in_text: autoDraw = True
56.2800 	EXP 	fade_in_text: autoDraw = True
56.2965 	EXP 	fade_in_text: autoDraw = True
56.3132 	EXP 	fade_in_text: autoDraw = True
56.3299 	EXP 	fade_in_text: autoDraw = True
56.3466 	EXP 	fade_in_text: autoDraw = True
56.3632 	EXP 	fade_in_text: autoDraw = True
56.3801 	EXP 	fade_in_text: autoDraw = True
56.3965 	EXP 	fade_in_text: autoDraw = True
56.4132 	EXP 	fade_in_text: autoDraw = True
56.4299 	EXP 	fade_in_text: autoDraw = True
56.4466 	EXP 	fade_in_text: autoDraw = True
56.4632 	EXP 	fade_in_text: autoDraw = True
56.4801 	EXP 	fade_in_text: autoDraw = True
56.4965 	EXP 	fade_in_text: autoDraw = True
56.5133 	EXP 	fade_in_text: autoDraw = True
56.5299 	EXP 	fade_in_text: autoDraw = True
56.5466 	EXP 	fade_in_text: autoDraw = True
56.5632 	EXP 	fade_in_text: autoDraw = True
56.5802 	EXP 	fade_in_text: autoDraw = True
56.5966 	EXP 	fade_in_text: autoDraw = True
56.6133 	EXP 	fade_in_text: autoDraw = True
56.6299 	EXP 	fade_in_text: autoDraw = True
56.6466 	EXP 	fade_in_text: autoDraw = True
56.6633 	EXP 	fade_in_text: autoDraw = True
56.6800 	EXP 	fade_in_text: autoDraw = True
56.6965 	EXP 	fade_in_text: autoDraw = True
56.7133 	EXP 	fade_in_text: autoDraw = True
56.7299 	EXP 	fade_in_text: autoDraw = True
56.7466 	EXP 	fade_in_text: autoDraw = True
56.7633 	EXP 	fade_in_text: autoDraw = True
56.7799 	EXP 	fade_in_text: autoDraw = True
56.7965 	EXP 	fade_in_text: autoDraw = True
56.8133 	EXP 	fade_in_text: autoDraw = True
56.8299 	EXP 	fade_in_text: autoDraw = True
56.8466 	EXP 	fade_in_text: autoDraw = True
56.8633 	EXP 	fade_in_text: autoDraw = True
56.8799 	EXP 	fade_in_text: autoDraw = True
56.8966 	EXP 	fade_in_text: autoDraw = True
56.9133 	EXP 	fade_in_text: autoDraw = True
56.9299 	EXP 	fade_in_text: autoDraw = True
56.9466 	EXP 	fade_in_text: autoDraw = True
56.9633 	EXP 	fade_in_text: autoDraw = True
56.9799 	EXP 	fade_in_text: autoDraw = True
56.9966 	EXP 	fade_in_text: autoDraw = True
57.0133 	EXP 	fade_in_text: autoDraw = True
57.0299 	EXP 	fade_in_text: autoDraw = True
57.0466 	EXP 	fade_in_text: autoDraw = True
57.0635 	EXP 	fade_in_text: autoDraw = True
57.0799 	EXP 	fade_in_text: autoDraw = True
57.0966 	EXP 	fade_in_text: autoDraw = True
57.1133 	EXP 	fade_in_text: autoDraw = True
57.1300 	EXP 	fade_in_text: autoDraw = True
57.1466 	EXP 	fade_in_text: autoDraw = True
57.1634 	EXP 	fade_in_text: autoDraw = True
57.1799 	EXP 	fade_in_text: autoDraw = True
57.1966 	EXP 	fade_in_text: autoDraw = True
57.2133 	EXP 	fade_in_text: autoDraw = True
57.2300 	EXP 	fade_in_text: autoDraw = True
57.2466 	EXP 	fade_in_text: autoDraw = True
57.2632 	EXP 	fade_in_text: autoDraw = True
57.2799 	EXP 	fade_in_text: autoDraw = True
57.2966 	EXP 	fade_in_text: autoDraw = True
57.3133 	EXP 	fade_in_text: autoDraw = True
57.3300 	EXP 	fade_in_text: autoDraw = True
57.3466 	EXP 	fade_in_text: autoDraw = True
57.3632 	EXP 	fade_in_text: autoDraw = True
57.3799 	EXP 	fade_in_text: autoDraw = True
57.3966 	EXP 	fade_in_text: autoDraw = True
57.4133 	EXP 	fade_in_text: autoDraw = True
57.4300 	EXP 	fade_in_text: autoDraw = True
57.4468 	EXP 	fade_in_text: autoDraw = True
57.4632 	EXP 	fade_in_text: autoDraw = True
57.4799 	EXP 	fade_in_text: autoDraw = True
57.4966 	EXP 	fade_in_text: autoDraw = True
57.5133 	EXP 	fade_in_text: autoDraw = True
57.5302 	EXP 	fade_in_text: autoDraw = True
57.5468 	EXP 	fade_in_text: autoDraw = True
57.5633 	EXP 	fade_in_text: autoDraw = True
57.5800 	EXP 	fade_in_text: autoDraw = True
57.5966 	EXP 	fade_in_text: autoDraw = True
57.6133 	EXP 	fade_in_text: autoDraw = True
57.6303 	EXP 	fade_in_text: autoDraw = True
57.6469 	EXP 	fade_in_text: autoDraw = True
57.6633 	EXP 	fade_in_text: autoDraw = True
57.6800 	EXP 	fade_in_text: autoDraw = True
57.6966 	EXP 	fade_in_text: autoDraw = True
57.7133 	EXP 	fade_in_text: autoDraw = True
57.7303 	EXP 	fade_in_text: autoDraw = True
57.7466 	EXP 	fade_in_text: autoDraw = True
57.7632 	EXP 	fade_in_text: autoDraw = True
57.7800 	EXP 	fade_in_text: autoDraw = True
57.7967 	EXP 	fade_in_text: autoDraw = True
57.8134 	EXP 	fade_in_text: autoDraw = True
57.8303 	EXP 	fade_in_text: autoDraw = True
57.8466 	EXP 	fade_in_text: autoDraw = True
57.8633 	EXP 	fade_in_text: autoDraw = True
57.8800 	EXP 	fade_in_text: autoDraw = True
57.8966 	EXP 	fade_in_text: autoDraw = True
57.9133 	EXP 	fade_in_text: autoDraw = True
57.9304 	EXP 	fade_in_text: autoDraw = True
57.9467 	EXP 	fade_in_text: autoDraw = True
57.9633 	EXP 	fade_in_text: autoDraw = True
57.9800 	EXP 	fade_in_text: autoDraw = True
57.9967 	EXP 	fade_in_text: autoDraw = True
58.0133 	EXP 	fade_in_text: autoDraw = True
58.0303 	EXP 	fade_in_text: autoDraw = True
58.0467 	EXP 	fade_in_text: autoDraw = True
58.0633 	EXP 	fade_in_text: autoDraw = True
58.0800 	EXP 	fade_in_text: autoDraw = True
58.0967 	EXP 	fade_in_text: autoDraw = True
58.1134 	EXP 	fade_in_text: autoDraw = True
58.1299 	EXP 	fade_in_text: autoDraw = True
58.1467 	EXP 	fade_in_text: autoDraw = True
58.1633 	EXP 	fade_in_text: autoDraw = True
58.1800 	EXP 	fade_in_text: autoDraw = True
58.1967 	EXP 	fade_in_text: autoDraw = True
58.2133 	EXP 	fade_in_text: autoDraw = True
58.2300 	EXP 	fade_in_text: autoDraw = True
58.2467 	EXP 	fade_in_text: autoDraw = True
58.2633 	EXP 	fade_in_text: autoDraw = True
58.2800 	EXP 	fade_in_text: autoDraw = True
58.2967 	EXP 	fade_in_text: autoDraw = True
58.3135 	EXP 	fade_in_text: autoDraw = True
58.3299 	EXP 	fade_in_text: autoDraw = True
58.3467 	EXP 	fade_in_text: autoDraw = True
58.3633 	EXP 	fade_in_text: autoDraw = True
58.3800 	EXP 	fade_in_text: autoDraw = True
58.3967 	EXP 	fade_in_text: autoDraw = True
58.4135 	EXP 	fade_in_text: autoDraw = True
58.4300 	EXP 	fade_in_text: autoDraw = True
58.4467 	EXP 	fade_in_text: autoDraw = True
58.4633 	EXP 	fade_in_text: autoDraw = True
58.4800 	EXP 	fade_in_text: autoDraw = True
58.4967 	EXP 	fade_in_text: autoDraw = True
58.5136 	EXP 	fade_in_text: autoDraw = True
58.5300 	EXP 	fade_in_text: autoDraw = True
58.5467 	EXP 	fade_in_text: autoDraw = True
58.5634 	EXP 	fade_in_text: autoDraw = True
58.5800 	EXP 	fade_in_text: autoDraw = True
58.5967 	EXP 	fade_in_text: autoDraw = True
58.6136 	EXP 	fade_in_text: autoDraw = True
58.6300 	EXP 	fade_in_text: autoDraw = True
58.6467 	EXP 	fade_in_text: autoDraw = True
58.6634 	EXP 	fade_in_text: autoDraw = True
58.6800 	EXP 	fade_in_text: autoDraw = True
58.6967 	EXP 	fade_in_text: autoDraw = True
58.7133 	EXP 	fade_in_text: autoDraw = True
58.7300 	EXP 	fade_in_text: autoDraw = True
58.7467 	EXP 	fade_in_text: autoDraw = True
58.7634 	EXP 	fade_in_text: autoDraw = True
58.7800 	EXP 	fade_in_text: autoDraw = True
58.7969 	EXP 	fade_in_text: autoDraw = True
58.8134 	EXP 	fade_in_text: autoDraw = True
58.8300 	EXP 	fade_in_text: autoDraw = True
58.8467 	EXP 	fade_in_text: autoDraw = True
58.8634 	EXP 	fade_in_text: autoDraw = True
58.8800 	EXP 	fade_in_text: autoDraw = True
58.8969 	EXP 	fade_in_text: autoDraw = True
58.9134 	EXP 	fade_in_text: autoDraw = True
58.9300 	EXP 	fade_in_text: autoDraw = True
58.9467 	EXP 	fade_in_text: autoDraw = True
58.9634 	EXP 	fade_in_text: autoDraw = True
58.9800 	EXP 	fade_in_text: autoDraw = True
58.9969 	EXP 	fade_in_text: autoDraw = True
59.0134 	EXP 	fade_in_text: autoDraw = True
59.0300 	EXP 	fade_in_text: autoDraw = True
59.0468 	EXP 	fade_in_text: autoDraw = True
59.0634 	EXP 	fade_in_text: autoDraw = True
59.0800 	EXP 	fade_in_text: autoDraw = True
59.0966 	EXP 	fade_in_text: autoDraw = True
59.1133 	EXP 	fade_in_text: autoDraw = True
59.1300 	EXP 	fade_in_text: autoDraw = True
59.1467 	EXP 	fade_in_text: autoDraw = True
59.1634 	EXP 	fade_in_text: autoDraw = True
59.1801 	EXP 	fade_in_text: autoDraw = True
59.1967 	EXP 	fade_in_text: autoDraw = True
59.2134 	EXP 	fade_in_text: autoDraw = True
59.2301 	EXP 	fade_in_text: autoDraw = True
59.2467 	EXP 	fade_in_text: autoDraw = True
59.2634 	EXP 	fade_in_text: autoDraw = True
59.2802 	EXP 	fade_in_text: autoDraw = True
59.2966 	EXP 	fade_in_text: autoDraw = True
59.3134 	EXP 	fade_in_text: autoDraw = True
59.3301 	EXP 	fade_in_text: autoDraw = True
59.3467 	EXP 	fade_in_text: autoDraw = True
59.3634 	EXP 	fade_in_text: autoDraw = True
59.3803 	EXP 	fade_in_text: autoDraw = True
59.3968 	EXP 	fade_in_text: autoDraw = True
59.4134 	EXP 	fade_in_text: autoDraw = True
59.4301 	EXP 	fade_in_text: autoDraw = True
59.4467 	EXP 	fade_in_text: autoDraw = True
59.4634 	EXP 	fade_in_text: autoDraw = True
59.4802 	EXP 	fade_in_text: autoDraw = True
59.4966 	EXP 	fade_in_text: autoDraw = True
59.5134 	EXP 	fade_in_text: autoDraw = True
59.5301 	EXP 	fade_in_text: autoDraw = True
59.5468 	EXP 	fade_in_text: autoDraw = True
59.5634 	EXP 	fade_in_text: autoDraw = True
62.5971 	EXP 	fade_in_text: autoDraw = False
62.5971 	EXP 	RS_intro_title: autoDraw = True
62.5971 	EXP 	RS_intro_text: autoDraw = True
64.9037 	DATA 	Keypress: space
85.6147 	EXP 	RS_intro_title: autoDraw = False
85.6147 	EXP 	RS_intro_text: autoDraw = False
85.6147 	EXP 	RS_intro_title: autoDraw = False
85.6147 	EXP 	RS_intro_text: autoDraw = False
85.6147 	EXP 	RS_rec_text: text = 'Please keep relaxed and close your eyes.\n'
85.6147 	EXP 	RS_rec_text: autoDraw = True
265.6240 	EXP 	RS_rec_text: autoDraw = False
269.0076 	EXP 	RS_rec_text: autoDraw = False
269.0076 	EXP 	RS_intro_title: autoDraw = True
269.0076 	EXP 	RS_intro_text: autoDraw = True
292.0257 	EXP 	RS_intro_title: autoDraw = False
292.0257 	EXP 	RS_intro_text: autoDraw = False
292.0257 	EXP 	RS_intro_title: autoDraw = False
292.0257 	EXP 	RS_intro_text: autoDraw = False
292.0257 	EXP 	RS_rec_text: text = 'Please keep relaxed and open your eyes.\nNote: Blinking is allowed.'
292.0257 	EXP 	RS_rec_text: autoDraw = True
472.0352 	EXP 	RS_rec_text: autoDraw = False
475.4187 	EXP 	RS_rec_text: autoDraw = False
475.4187 	EXP 	Pause_cont: text = 'Press [space] key to continue.'
475.4187 	EXP 	Pause_cont: autoDraw = True
479.1125 	DATA 	Keypress: space
489.4359 	EXP 	Pause_cont: autoDraw = False
489.4359 	EXP 	QA_intro_title: autoDraw = True
489.4359 	EXP 	QA_intro_text: autoDraw = True
526.0982 	DATA 	Keypress: space
528.8379 	EXP 	QA_intro_cont: autoDraw = True
529.8524 	EXP 	Created sequence: random, trialTypes=1, nReps=2, seed=None
529.8530 	EXP 	New trial (rep=0, index=0): None
530.8563 	EXP 	Created sequence: random, trialTypes=1, nReps=25, seed=None
530.8572 	EXP 	New trial (rep=0, index=0): None
531.9216 	EXP 	QA_intro_title: autoDraw = False
531.9216 	EXP 	QA_intro_text: autoDraw = False
531.9216 	EXP 	QA_intro_cont: autoDraw = False
531.9216 	EXP 	QA_rec_text: autoDraw = True
549.8889 	EXP 	QA_rec_break: autoDraw = True
550.8891 	EXP 	QA_rec_break: autoDraw = False
551.9121 	EXP 	New trial (rep=1, index=0): None
552.9735 	EXP 	QA_rec_text: autoDraw = False
552.9735 	EXP 	QA_rec_break: autoDraw = False
552.9735 	EXP 	QA_rec_text: autoDraw = True
570.9401 	EXP 	QA_rec_break: autoDraw = True
571.9401 	EXP 	QA_rec_break: autoDraw = False
572.9613 	EXP 	New trial (rep=2, index=0): None
574.0081 	EXP 	QA_rec_text: autoDraw = False
574.0081 	EXP 	QA_rec_break: autoDraw = False
574.0081 	EXP 	QA_rec_text: autoDraw = True
591.9748 	EXP 	QA_rec_break: autoDraw = True
592.9748 	EXP 	QA_rec_break: autoDraw = False
593.9959 	EXP 	New trial (rep=3, index=0): None
595.0583 	EXP 	QA_rec_text: autoDraw = False
595.0583 	EXP 	QA_rec_break: autoDraw = False
595.0583 	EXP 	QA_rec_text: autoDraw = True
613.0425 	EXP 	QA_rec_break: autoDraw = True
614.0426 	EXP 	QA_rec_break: autoDraw = False
615.0482 	EXP 	New trial (rep=4, index=0): None
616.0931 	EXP 	QA_rec_text: autoDraw = False
616.0931 	EXP 	QA_rec_break: autoDraw = False
616.0931 	EXP 	QA_rec_text: autoDraw = True
634.0770 	EXP 	QA_rec_break: autoDraw = True
635.0770 	EXP 	QA_rec_break: autoDraw = False
636.0829 	EXP 	New trial (rep=5, index=0): None
637.1439 	EXP 	QA_rec_text: autoDraw = False
637.1439 	EXP 	QA_rec_break: autoDraw = False
637.1439 	EXP 	QA_rec_text: autoDraw = True
655.1280 	EXP 	QA_rec_break: autoDraw = True
656.1282 	EXP 	QA_rec_break: autoDraw = False
657.1339 	EXP 	New trial (rep=6, index=0): None
658.1783 	EXP 	QA_rec_text: autoDraw = False
658.1783 	EXP 	QA_rec_break: autoDraw = False
658.1783 	EXP 	QA_rec_text: autoDraw = True
676.1625 	EXP 	QA_rec_break: autoDraw = True
677.1626 	EXP 	QA_rec_break: autoDraw = False
678.1674 	EXP 	New trial (rep=7, index=0): None
679.2129 	EXP 	QA_rec_text: autoDraw = False
679.2129 	EXP 	QA_rec_break: autoDraw = False
679.2129 	EXP 	QA_rec_text: autoDraw = True
697.1807 	EXP 	QA_rec_break: autoDraw = True
698.1804 	EXP 	QA_rec_break: autoDraw = False
699.2016 	EXP 	New trial (rep=8, index=0): None
700.2639 	EXP 	QA_rec_text: autoDraw = False
700.2639 	EXP 	QA_rec_break: autoDraw = False
700.2639 	EXP 	QA_rec_text: autoDraw = True
718.2314 	EXP 	QA_rec_break: autoDraw = True
719.2316 	EXP 	QA_rec_break: autoDraw = False
720.2542 	EXP 	New trial (rep=9, index=0): None
721.2983 	EXP 	QA_rec_text: autoDraw = False
721.2983 	EXP 	QA_rec_break: autoDraw = False
721.2983 	EXP 	QA_rec_text: autoDraw = True
739.2661 	EXP 	QA_rec_break: autoDraw = True
740.2991 	EXP 	QA_rec_break: autoDraw = False
741.3042 	EXP 	New trial (rep=10, index=0): None
742.3665 	EXP 	QA_rec_text: autoDraw = False
742.3665 	EXP 	QA_rec_break: autoDraw = False
742.3665 	EXP 	QA_rec_text: autoDraw = True
760.3668 	EXP 	QA_rec_break: autoDraw = True
762.3713 	EXP 	New trial (rep=11, index=0): None
763.4340 	EXP 	QA_rec_text: autoDraw = False
763.4340 	EXP 	QA_rec_break: autoDraw = False
763.4340 	EXP 	QA_rec_text: autoDraw = True
781.4179 	EXP 	QA_rec_break: autoDraw = True
783.4225 	EXP 	New trial (rep=12, index=0): None
784.4856 	EXP 	QA_rec_text: autoDraw = False
784.4856 	EXP 	QA_rec_break: autoDraw = False
784.4856 	EXP 	QA_rec_text: autoDraw = True
802.4523 	EXP 	QA_rec_break: autoDraw = True
804.4577 	EXP 	New trial (rep=13, index=0): None
805.5198 	EXP 	QA_rec_text: autoDraw = False
805.5198 	EXP 	QA_rec_break: autoDraw = False
805.5198 	EXP 	QA_rec_text: autoDraw = True
823.5202 	EXP 	QA_rec_break: autoDraw = True
825.4917 	EXP 	New trial (rep=14, index=0): None
826.5541 	EXP 	QA_rec_text: autoDraw = False
826.5541 	EXP 	QA_rec_break: autoDraw = False
826.5541 	EXP 	QA_rec_text: autoDraw = True
844.5545 	EXP 	QA_rec_break: autoDraw = True
846.5593 	EXP 	New trial (rep=15, index=0): None
847.6214 	EXP 	QA_rec_text: autoDraw = False
847.6214 	EXP 	QA_rec_break: autoDraw = False
847.6214 	EXP 	QA_rec_text: autoDraw = True
865.6223 	EXP 	QA_rec_break: autoDraw = True
867.6269 	EXP 	New trial (rep=16, index=0): None
868.6892 	EXP 	QA_rec_text: autoDraw = False
868.6892 	EXP 	QA_rec_break: autoDraw = False
868.6892 	EXP 	QA_rec_text: autoDraw = True
886.6901 	EXP 	QA_rec_break: autoDraw = True
888.6954 	EXP 	New trial (rep=17, index=0): None
889.7572 	EXP 	QA_rec_text: autoDraw = False
889.7572 	EXP 	QA_rec_break: autoDraw = False
889.7572 	EXP 	QA_rec_text: autoDraw = True
907.7579 	EXP 	QA_rec_break: autoDraw = True
909.7624 	EXP 	New trial (rep=18, index=0): None
910.8250 	EXP 	QA_rec_text: autoDraw = False
910.8250 	EXP 	QA_rec_break: autoDraw = False
910.8250 	EXP 	QA_rec_text: autoDraw = True
928.8258 	EXP 	QA_rec_break: autoDraw = True
930.8311 	EXP 	New trial (rep=19, index=0): None
931.9097 	EXP 	QA_rec_text: autoDraw = False
931.9097 	EXP 	QA_rec_break: autoDraw = False
931.9097 	EXP 	QA_rec_text: autoDraw = True
949.8767 	EXP 	QA_rec_break: autoDraw = True
951.8812 	EXP 	New trial (rep=20, index=0): None
952.9441 	EXP 	QA_rec_text: autoDraw = False
952.9441 	EXP 	QA_rec_break: autoDraw = False
952.9441 	EXP 	QA_rec_text: autoDraw = True
970.9448 	EXP 	QA_rec_break: autoDraw = True
972.9157 	EXP 	New trial (rep=21, index=0): None
973.9781 	EXP 	QA_rec_text: autoDraw = False
973.9781 	EXP 	QA_rec_break: autoDraw = False
973.9781 	EXP 	QA_rec_text: autoDraw = True
991.9790 	EXP 	QA_rec_break: autoDraw = True
993.9507 	EXP 	New trial (rep=22, index=0): None
995.0131 	EXP 	QA_rec_text: autoDraw = False
995.0131 	EXP 	QA_rec_break: autoDraw = False
995.0131 	EXP 	QA_rec_text: autoDraw = True
1013.0134 	EXP 	QA_rec_break: autoDraw = True
1015.0181 	EXP 	New trial (rep=23, index=0): None
1016.0810 	EXP 	QA_rec_text: autoDraw = False
1016.0810 	EXP 	QA_rec_break: autoDraw = False
1016.0810 	EXP 	QA_rec_text: autoDraw = True
1034.0478 	EXP 	QA_rec_break: autoDraw = True
1036.0529 	EXP 	New trial (rep=24, index=0): None
1037.1156 	EXP 	QA_rec_text: autoDraw = False
1037.1156 	EXP 	QA_rec_break: autoDraw = False
1037.1156 	EXP 	QA_rec_text: autoDraw = True
1055.1156 	EXP 	QA_rec_break: autoDraw = True
1059.1663 	EXP 	QA_rec_text: autoDraw = False
1059.1663 	EXP 	QA_rec_break: autoDraw = False
1059.1663 	EXP 	Pause_cont: text = 'Press [space] key to continue.'
1059.1663 	EXP 	Pause_cont: autoDraw = True
1061.5229 	DATA 	Keypress: space
1071.2087 	EXP 	New trial (rep=1, index=0): None
1072.2119 	EXP 	Created sequence: random, trialTypes=1, nReps=25, seed=None
1072.2128 	EXP 	New trial (rep=0, index=0): None
1073.2833 	EXP 	Pause_cont: autoDraw = False
1073.2833 	EXP 	QA_rec_text: autoDraw = True
1091.2841 	EXP 	QA_rec_break: autoDraw = True
1093.2604 	EXP 	New trial (rep=1, index=0): None
1094.3182 	EXP 	QA_rec_text: autoDraw = False
1094.3182 	EXP 	QA_rec_break: autoDraw = False
1094.3182 	EXP 	QA_rec_text: autoDraw = True
1112.3187 	EXP 	QA_rec_break: autoDraw = True
1114.2898 	EXP 	New trial (rep=2, index=0): None
1115.3522 	EXP 	QA_rec_text: autoDraw = False
1115.3522 	EXP 	QA_rec_break: autoDraw = False
1115.3522 	EXP 	QA_rec_text: autoDraw = True
1133.3363 	EXP 	QA_rec_break: autoDraw = True
1135.3464 	EXP 	New trial (rep=3, index=0): None
1136.4200 	EXP 	QA_rec_text: autoDraw = False
1136.4200 	EXP 	QA_rec_break: autoDraw = False
1136.4200 	EXP 	QA_rec_text: autoDraw = True
1154.3875 	EXP 	QA_rec_break: autoDraw = True
1156.3920 	EXP 	New trial (rep=4, index=0): None
1157.4567 	EXP 	QA_rec_text: autoDraw = False
1157.4567 	EXP 	QA_rec_break: autoDraw = False
1157.4567 	EXP 	QA_rec_text: autoDraw = True
1175.4386 	EXP 	QA_rec_break: autoDraw = True
1177.4430 	EXP 	New trial (rep=5, index=0): None
1178.5222 	EXP 	QA_rec_text: autoDraw = False
1178.5222 	EXP 	QA_rec_break: autoDraw = False
1178.5222 	EXP 	QA_rec_text: autoDraw = True
1196.4897 	EXP 	QA_rec_break: autoDraw = True
1198.4938 	EXP 	New trial (rep=6, index=0): None
1199.5579 	EXP 	QA_rec_text: autoDraw = False
1199.5579 	EXP 	QA_rec_break: autoDraw = False
1199.5579 	EXP 	QA_rec_text: autoDraw = True
1217.5575 	EXP 	QA_rec_break: autoDraw = True
1219.5620 	EXP 	New trial (rep=7, index=0): None
1220.6249 	EXP 	QA_rec_text: autoDraw = False
1220.6249 	EXP 	QA_rec_break: autoDraw = False
1220.6249 	EXP 	QA_rec_text: autoDraw = True
1238.6253 	EXP 	QA_rec_break: autoDraw = True
1240.5965 	EXP 	New trial (rep=8, index=0): None
1241.6594 	EXP 	QA_rec_text: autoDraw = False
1241.6594 	EXP 	QA_rec_break: autoDraw = False
1241.6594 	EXP 	QA_rec_text: autoDraw = True
1259.6597 	EXP 	QA_rec_break: autoDraw = True
1261.6310 	EXP 	New trial (rep=9, index=0): None
1262.6935 	EXP 	QA_rec_text: autoDraw = False
1262.6935 	EXP 	QA_rec_break: autoDraw = False
1262.6935 	EXP 	QA_rec_text: autoDraw = True
1280.6608 	EXP 	QA_rec_break: autoDraw = True
1282.6654 	EXP 	New trial (rep=10, index=0): None
1283.7449 	EXP 	QA_rec_text: autoDraw = False
1283.7449 	EXP 	QA_rec_break: autoDraw = False
1283.7449 	EXP 	QA_rec_text: autoDraw = True
1301.7119 	EXP 	QA_rec_break: autoDraw = True
1303.7158 	EXP 	New trial (rep=11, index=0): None
1304.7793 	EXP 	QA_rec_text: autoDraw = False
1304.7793 	EXP 	QA_rec_break: autoDraw = False
1304.7793 	EXP 	QA_rec_text: autoDraw = True
1322.7797 	EXP 	QA_rec_break: autoDraw = True
1324.7510 	EXP 	New trial (rep=12, index=0): None
1325.8138 	EXP 	QA_rec_text: autoDraw = False
1325.8138 	EXP 	QA_rec_break: autoDraw = False
1325.8138 	EXP 	QA_rec_text: autoDraw = True
1343.7808 	EXP 	QA_rec_break: autoDraw = True
1345.7859 	EXP 	New trial (rep=13, index=0): None
1346.8480 	EXP 	QA_rec_text: autoDraw = False
1346.8480 	EXP 	QA_rec_break: autoDraw = False
1346.8480 	EXP 	QA_rec_text: autoDraw = True
1364.8486 	EXP 	QA_rec_break: autoDraw = True
1366.8204 	EXP 	New trial (rep=14, index=0): None
1367.8994 	EXP 	QA_rec_text: autoDraw = False
1367.8994 	EXP 	QA_rec_break: autoDraw = False
1367.8994 	EXP 	QA_rec_text: autoDraw = True
1385.8665 	EXP 	QA_rec_break: autoDraw = True
1387.8710 	EXP 	New trial (rep=15, index=0): None
1389.0338 	EXP 	QA_rec_text: autoDraw = False
1389.0338 	EXP 	QA_rec_break: autoDraw = False
1389.0338 	EXP 	QA_rec_text: autoDraw = True
1407.0341 	EXP 	QA_rec_break: autoDraw = True
1409.0054 	EXP 	New trial (rep=16, index=0): None
1410.0844 	EXP 	QA_rec_text: autoDraw = False
1410.0844 	EXP 	QA_rec_break: autoDraw = False
1410.0844 	EXP 	QA_rec_text: autoDraw = True
1428.0518 	EXP 	QA_rec_break: autoDraw = True
1430.0563 	EXP 	New trial (rep=17, index=0): None
1431.1027 	EXP 	QA_rec_text: autoDraw = False
1431.1027 	EXP 	QA_rec_break: autoDraw = False
1431.1027 	EXP 	QA_rec_text: autoDraw = True
1449.0697 	EXP 	QA_rec_break: autoDraw = True
1451.0752 	EXP 	New trial (rep=18, index=0): None
1452.1368 	EXP 	QA_rec_text: autoDraw = False
1452.1368 	EXP 	QA_rec_break: autoDraw = False
1452.1368 	EXP 	QA_rec_text: autoDraw = True
1470.1375 	EXP 	QA_rec_break: autoDraw = True
1472.1422 	EXP 	New trial (rep=19, index=0): None
1473.2049 	EXP 	QA_rec_text: autoDraw = False
1473.2049 	EXP 	QA_rec_break: autoDraw = False
1473.2049 	EXP 	QA_rec_text: autoDraw = True
1491.2052 	EXP 	QA_rec_break: autoDraw = True
1493.1769 	EXP 	New trial (rep=20, index=0): None
1494.2399 	EXP 	QA_rec_text: autoDraw = False
1494.2399 	EXP 	QA_rec_break: autoDraw = False
1494.2399 	EXP 	QA_rec_text: autoDraw = True
1512.2397 	EXP 	QA_rec_break: autoDraw = True
1514.2477 	EXP 	New trial (rep=21, index=0): None
1515.3238 	EXP 	QA_rec_text: autoDraw = False
1515.3238 	EXP 	QA_rec_break: autoDraw = False
1515.3238 	EXP 	QA_rec_text: autoDraw = True
1533.3241 	EXP 	QA_rec_break: autoDraw = True
1535.2952 	EXP 	New trial (rep=22, index=0): None
1536.3582 	EXP 	QA_rec_text: autoDraw = False
1536.3582 	EXP 	QA_rec_break: autoDraw = False
1536.3582 	EXP 	QA_rec_text: autoDraw = True
1554.3585 	EXP 	QA_rec_break: autoDraw = True
1556.3297 	EXP 	New trial (rep=23, index=0): None
1557.4092 	EXP 	QA_rec_text: autoDraw = False
1557.4092 	EXP 	QA_rec_break: autoDraw = False
1557.4092 	EXP 	QA_rec_text: autoDraw = True
1575.3763 	EXP 	QA_rec_break: autoDraw = True
1577.3809 	EXP 	New trial (rep=24, index=0): None
1578.4443 	EXP 	QA_rec_text: autoDraw = False
1578.4443 	EXP 	QA_rec_break: autoDraw = False
1578.4443 	EXP 	QA_rec_text: autoDraw = True
1596.4274 	EXP 	QA_rec_break: autoDraw = True
1600.4776 	EXP 	QA_rec_text: autoDraw = False
1600.4776 	EXP 	QA_rec_break: autoDraw = False
1600.4776 	EXP 	Pause_cont: text = 'Press [space] key to continue.'
1600.4776 	EXP 	Pause_cont: autoDraw = True
1611.6010 	EXP 	window1: mouseVisible = True
