3.6825 	EXP 	Created window1 = Window(allowGUI=True, allowStencil=False, args=UNKNOWN, autoLog=True, bitsMode=UNKNOWN, blendMode='avg', color=array([0., 0., 0.]), colorSpace='rgb', fullscr=<method-wrapper '__getattribute__' of attributeSetter object at 0x7fc310427550>, gamma=None, gammaErrorPolicy='raise', kwargs=UNKNOWN, lms=UNKNOWN, monitor=<psychopy.monitors.calibTools.Monitor object at 0x7fc3103ec2b0>, multiSample=False, name='window1', numSamples=2, pos=[960.0, 540.0], screen=0, size=array([1920, 1080]), stereo=False, units='norm', useFBO=True, useRetina=False, viewOri=0.0, viewPos=None, viewScale=None, waitBlanking=True, winType='pyglet')
3.6826 	EXP 	window1: recordFrameIntervals = False
3.8489 	EXP 	window1: recordFrameIntervals = True
4.0324 	EXP 	window1: recordFrameIntervals = False
6.7457 	EXP 	Created text_2 = TextStim(__class__=<class 'psychopy.visual.text.TextStim'>, alignHoriz='center', alignVert='center', antialias=True, autoLog=True, bold=False, color='white', colorSpace='named', contrast=1.0, depth=-2.0, flipHoriz=False, flipVert=False, font='Arial', fontFiles=[], height=0.06, italic=False, languageStyle='LTR', name='text_2', opacity=1.0, ori=0, pos=array([0.5, 0. ]), rgb=array([255., 255., 255.]), text=str(...), units='norm', win=Window(...), wrapWidth=1)
6.7476 	EXP 	Created Title = TextStim(__class__=<class 'psychopy.visual.text.TextStim'>, alignHoriz='center', alignVert='center', antialias=True, autoLog=True, bold=False, color='white', colorSpace='named', contrast=1.0, depth=0.0, flipHoriz=False, flipVert=False, font='Arial', fontFiles=[], height=0.06, italic=False, languageStyle='LTR', name='Title', opacity=1.0, ori=0, pos=array([0.5, 0.5]), rgb=array([255., 255., 255.]), text='REST STATE\n', units='norm', win=Window(...), wrapWidth=1)
6.7525 	EXP 	Created RS_text = TextStim(__class__=<class 'psychopy.visual.text.TextStim'>, alignHoriz='center', alignVert='center', antialias=True, autoLog=True, bold=False, color='white', colorSpace='named', contrast=1.0, depth=-1.0, flipHoriz=False, flipVert=False, font='Arial', fontFiles=[], height=0.06, italic=False, languageStyle='LTR', name='RS_text', opacity=1.0, ori=0, pos=array([0.5, 0. ]), rgb=array([255., 255., 255.]), text=str(...), units='norm', win=Window(...), wrapWidth=1)
6.7615 	EXP 	Sound RS_close set volume 1.000
6.7664 	EXP 	Created Continue = TextStim(__class__=<class 'psychopy.visual.text.TextStim'>, alignHoriz='center', alignVert='center', antialias=True, autoLog=True, bold=False, color='white', colorSpace='named', contrast=1.0, depth=-4.0, flipHoriz=False, flipVert=False, font='Arial', fontFiles=[], height=0.1, italic=False, languageStyle='LTR', name='Continue', opacity=1.0, ori=0, pos=array([ 0.5, -0.5]), rgb=array([255., 255., 255.]), text='Press space key to continue.', units='norm', win=Window(...), wrapWidth=1)
6.7692 	EXP 	Created Recording = TextStim(__class__=<class 'psychopy.visual.text.TextStim'>, alignHoriz='center', alignVert='center', antialias=True, autoLog=True, bold=False, color='white', colorSpace='named', contrast=1.0, depth=-1.0, flipHoriz=False, flipVert=False, font='Arial', fontFiles=[], height=0.06, italic=False, languageStyle='LTR', name='Recording', opacity=1.0, ori=0, pos=array([0.5, 0. ]), rgb=array([255., 255., 255.]), text=str(...), units='norm', win=Window(...), wrapWidth=1)
6.7719 	EXP 	Created say_something_2 = TextStim(__class__=<class 'psychopy.visual.text.TextStim'>, alignHoriz='center', alignVert='center', antialias=True, autoLog=True, bold=False, color='white', colorSpace='named', contrast=1.0, depth=0.0, flipHoriz=False, flipVert=False, font='Arial', fontFiles=[], height=0.1, italic=False, languageStyle='LTR', name='say_something_2', opacity=1.0, ori=0, pos=array([0.5, 0. ]), rgb=array([255., 255., 255.]), text='Please read out following sentences!\n\naaa', units='norm', win=Window(...), wrapWidth=1)
6.7782 	EXP 	Sound RS_Close set volume 1.000
6.7799 	EXP 	Created text_7 = TextStim(__class__=<class 'psychopy.visual.text.TextStim'>, alignHoriz='center', alignVert='center', antialias=True, autoLog=True, bold=False, color='white', colorSpace='named', contrast=1.0, depth=-3.0, flipHoriz=False, flipVert=False, font='Arial', fontFiles=[], height=0.1, italic=False, languageStyle='LTR', name='text_7', opacity=1.0, ori=0, pos=array([0.5, 0.2]), rgb=array([255., 255., 255.]), text='Please speak!', units='norm', win=Window(...), wrapWidth=1)
6.7815 	EXP 	Created say_something_4 = TextStim(__class__=<class 'psychopy.visual.text.TextStim'>, alignHoriz='center', alignVert='center', antialias=True, autoLog=True, bold=False, color='white', colorSpace='named', contrast=1.0, depth=0.0, flipHoriz=False, flipVert=False, font='Arial', fontFiles=[], height=0.1, italic=False, languageStyle='LTR', name='say_something_4', opacity=1.0, ori=0, pos=array([0., 0.]), rgb=array([255., 255., 255.]), text='default text', units='norm', win=Window(...), wrapWidth=1)
6.7828 	EXP 	Created text_6 = TextStim(__class__=<class 'psychopy.visual.text.TextStim'>, alignHoriz='center', alignVert='center', antialias=True, autoLog=True, bold=False, color='white', colorSpace='named', contrast=1.0, depth=0.0, flipHoriz=False, flipVert=False, font='Arial', fontFiles=[], height=0.06, italic=False, languageStyle='LTR', name='text_6', opacity=1.0, ori=0, pos=array([0.5, 0. ]), rgb=array([255., 255., 255.]), text='default text', units='norm', win=Window(...), wrapWidth=1.5)
6.7894 	EXP 	Created text_3 = TextStim(__class__=<class 'psychopy.visual.text.TextStim'>, alignHoriz='center', alignVert='center', antialias=True, autoLog=True, bold=False, color='white', colorSpace='named', contrast=1.0, depth=0.0, flipHoriz=False, flipVert=False, font='Arial', fontFiles=[], height=0.07, italic=False, languageStyle='LTR', name='text_3', opacity=1.0, ori=0, pos=array([0., 0.]), rgb=array([255., 255., 255.]), text=str(...), units='norm', win=Window(...), wrapWidth=1)
6.8156 	EXP 	text_2: autoDraw = True
9.0859 	DATA 	Keypress: space
9.0991 	EXP 	text_2: autoDraw = False
9.0991 	EXP 	Title: autoDraw = True
9.0991 	EXP 	RS_text: autoDraw = True
23.0832 	EXP 	Continue: autoDraw = True
23.7767 	DATA 	Keypress: space
23.7832 	EXP 	Title: autoDraw = False
23.7832 	EXP 	RS_text: autoDraw = False
23.7832 	EXP 	Continue: autoDraw = False
23.7832 	EXP 	Recording: autoDraw = False
23.7832 	EXP 	say_something_2: autoDraw = True
27.7667 	EXP 	text_7: autoDraw = True
33.7671 	EXP 	text_7: autoDraw = False
33.7687 	EXP 	Created sequence: random, trialTypes=1, nReps=2, seed=None
33.7689 	EXP 	New trial (rep=0, index=0): None
33.7838 	EXP 	say_something_2: autoDraw = False
33.7838 	EXP 	text_7: autoDraw = False
33.7838 	EXP 	say_something_4: text = 'Please answer the heard question and speak out your answer!'
33.7838 	EXP 	say_something_4: autoDraw = True
33.9559 	DATA 	Mouse: Left button down, pos=(976,100)
34.0894 	DATA 	Mouse:  Left button up, pos=(976,100)
35.5562 	DATA 	Keypress: escape
35.6256 	EXP 	window1: mouseVisible = True
