3.6666 	EXP 	Created window1 = Window(allowGUI=True, allowStencil=False, args=UNKNOWN, autoLog=True, bitsMode=UNKNOWN, blendMode='avg', color=array([0., 0., 0.]), colorSpace='rgb', fullscr=<method-wrapper '__getattribute__' of attributeSetter object at 0x7f0547f2f6a0>, gamma=None, gammaErrorPolicy='raise', kwargs=UNKNOWN, lms=UNKNOWN, monitor=<psychopy.monitors.calibTools.Monitor object at 0x7f0547ef4400>, multiSample=False, name='window1', numSamples=2, pos=[960.0, 540.0], screen=0, size=array([1920, 1080]), stereo=False, units='norm', useFBO=True, useRetina=False, viewOri=0.0, viewPos=None, viewScale=None, waitBlanking=True, winType='pyglet')
3.6666 	EXP 	window1: recordFrameIntervals = False
3.8331 	EXP 	window1: recordFrameIntervals = True
4.0164 	EXP 	window1: recordFrameIntervals = False
6.7223 	EXP 	Created text_2 = TextStim(__class__=<class 'psychopy.visual.text.TextStim'>, alignHoriz='center', alignVert='center', antialias=True, autoLog=True, bold=False, color='white', colorSpace='named', contrast=1.0, depth=-2.0, flipHoriz=False, flipVert=False, font='Arial', fontFiles=[], height=0.06, italic=False, languageStyle='LTR', name='text_2', opacity=1.0, ori=0, pos=array([0.5, 0. ]), rgb=array([255., 255., 255.]), text=str(...), units='norm', win=Window(...), wrapWidth=1)
6.7243 	EXP 	Created Title = TextStim(__class__=<class 'psychopy.visual.text.TextStim'>, alignHoriz='center', alignVert='center', antialias=True, autoLog=True, bold=False, color='white', colorSpace='named', contrast=1.0, depth=0.0, flipHoriz=False, flipVert=False, font='Arial', fontFiles=[], height=0.06, italic=False, languageStyle='LTR', name='Title', opacity=1.0, ori=0, pos=array([0.5, 0.5]), rgb=array([255., 255., 255.]), text='REST STATE\n', units='norm', win=Window(...), wrapWidth=1)
6.7294 	EXP 	Created RS_text = TextStim(__class__=<class 'psychopy.visual.text.TextStim'>, alignHoriz='center', alignVert='center', antialias=True, autoLog=True, bold=False, color='white', colorSpace='named', contrast=1.0, depth=-1.0, flipHoriz=False, flipVert=False, font='Arial', fontFiles=[], height=0.06, italic=False, languageStyle='LTR', name='RS_text', opacity=1.0, ori=0, pos=array([0.5, 0. ]), rgb=array([255., 255., 255.]), text=str(...), units='norm', win=Window(...), wrapWidth=1)
6.7380 	EXP 	Sound RS_close set volume 1.000
6.7430 	EXP 	Created Continue = TextStim(__class__=<class 'psychopy.visual.text.TextStim'>, alignHoriz='center', alignVert='center', antialias=True, autoLog=True, bold=False, color='white', colorSpace='named', contrast=1.0, depth=-4.0, flipHoriz=False, flipVert=False, font='Arial', fontFiles=[], height=0.1, italic=False, languageStyle='LTR', name='Continue', opacity=1.0, ori=0, pos=array([ 0.5, -0.5]), rgb=array([255., 255., 255.]), text='Press space key to continue.', units='norm', win=Window(...), wrapWidth=1)
6.7457 	EXP 	Created Recording = TextStim(__class__=<class 'psychopy.visual.text.TextStim'>, alignHoriz='center', alignVert='center', antialias=True, autoLog=True, bold=False, color='white', colorSpace='named', contrast=1.0, depth=-1.0, flipHoriz=False, flipVert=False, font='Arial', fontFiles=[], height=0.06, italic=False, languageStyle='LTR', name='Recording', opacity=1.0, ori=0, pos=array([0.5, 0. ]), rgb=array([255., 255., 255.]), text=str(...), units='norm', win=Window(...), wrapWidth=1)
6.7484 	EXP 	Created say_something_2 = TextStim(__class__=<class 'psychopy.visual.text.TextStim'>, alignHoriz='center', alignVert='center', antialias=True, autoLog=True, bold=False, color='white', colorSpace='named', contrast=1.0, depth=0.0, flipHoriz=False, flipVert=False, font='Arial', fontFiles=[], height=0.1, italic=False, languageStyle='LTR', name='say_something_2', opacity=1.0, ori=0, pos=array([0.5, 0. ]), rgb=array([255., 255., 255.]), text='Please read out following sentences!\n\naaa', units='norm', win=Window(...), wrapWidth=1)
6.7543 	EXP 	Sound RS_Close set volume 1.000
6.7563 	EXP 	Created text_7 = TextStim(__class__=<class 'psychopy.visual.text.TextStim'>, alignHoriz='center', alignVert='center', antialias=True, autoLog=True, bold=False, color='white', colorSpace='named', contrast=1.0, depth=-3.0, flipHoriz=False, flipVert=False, font='Arial', fontFiles=[], height=0.1, italic=False, languageStyle='LTR', name='text_7', opacity=1.0, ori=0, pos=array([0.5, 0.2]), rgb=array([255., 255., 255.]), text='Please speak!', units='norm', win=Window(...), wrapWidth=1)
6.7577 	EXP 	Created say_something_4 = TextStim(__class__=<class 'psychopy.visual.text.TextStim'>, alignHoriz='center', alignVert='center', antialias=True, autoLog=True, bold=False, color='white', colorSpace='named', contrast=1.0, depth=0.0, flipHoriz=False, flipVert=False, font='Arial', fontFiles=[], height=0.1, italic=False, languageStyle='LTR', name='say_something_4', opacity=1.0, ori=0, pos=array([0., 0.]), rgb=array([255., 255., 255.]), text='default text', units='norm', win=Window(...), wrapWidth=1)
6.7592 	EXP 	Created text_6 = TextStim(__class__=<class 'psychopy.visual.text.TextStim'>, alignHoriz='center', alignVert='center', antialias=True, autoLog=True, bold=False, color='white', colorSpace='named', contrast=1.0, depth=0.0, flipHoriz=False, flipVert=False, font='Arial', fontFiles=[], height=0.06, italic=False, languageStyle='LTR', name='text_6', opacity=1.0, ori=0, pos=array([0.5, 0. ]), rgb=array([255., 255., 255.]), text='default text', units='norm', win=Window(...), wrapWidth=1.5)
6.7657 	EXP 	Created text_3 = TextStim(__class__=<class 'psychopy.visual.text.TextStim'>, alignHoriz='center', alignVert='center', antialias=True, autoLog=True, bold=False, color='white', colorSpace='named', contrast=1.0, depth=0.0, flipHoriz=False, flipVert=False, font='Arial', fontFiles=[], height=0.07, italic=False, languageStyle='LTR', name='text_3', opacity=1.0, ori=0, pos=array([0., 0.]), rgb=array([255., 255., 255.]), text=str(...), units='norm', win=Window(...), wrapWidth=1)
6.7830 	EXP 	text_2: autoDraw = True
10.5756 	DATA 	Mouse: Left button down, pos=(1033,272)
10.6755 	DATA 	Mouse:  Left button up, pos=(1033,272)
10.9551 	DATA 	Keypress: num_0
10.9665 	EXP 	text_2: autoDraw = False
10.9665 	EXP 	Title: autoDraw = True
10.9665 	EXP 	RS_text: autoDraw = True
24.9507 	EXP 	Continue: autoDraw = True
27.5782 	DATA 	Keypress: space
27.5840 	EXP 	Title: autoDraw = False
27.5840 	EXP 	RS_text: autoDraw = False
27.5840 	EXP 	Continue: autoDraw = False
27.5840 	EXP 	Recording: autoDraw = False
27.5840 	EXP 	say_something_2: autoDraw = True
29.8537 	WARNING 	Got keycode {} but that code isn't yet known
29.8537 	WARNING 	Keypress was given unknown key code (134)
31.4036 	WARNING 	Got keycode {} but that code isn't yet known
31.4036 	WARNING 	Keypress was given unknown key code (134)
31.5676 	EXP 	text_7: autoDraw = True
32.3061 	DATA 	Keypress: escape
32.4241 	EXP 	window1: mouseVisible = True
