31.7621 	EXP 	Created instruction_text = TextStim(__class__=<class 'psychopy.visual.text.TextStim'>, alignHoriz='center', alignVert='center', antialias=True, autoLog=True, bold=False, color=array([1., 1., 1.]), colorSpace='rgb', contrast=1.0, depth=-0.0, flipHoriz=False, flipVert=False, font='Arial', fontFiles=[], height=0.06, italic=False, languageStyle='LTR', name='instruction_text', opacity=1.0, ori=0.0, pos=array([0.5, 0.1]), rgb=array([1., 1., 1.]), text=str(...), units='norm', win=Window(...), wrapWidth=1)
32.0137 	EXP 	Created instruction_cont = TextStim(__class__=<class 'psychopy.visual.text.TextStim'>, alignHoriz='center', alignVert='center', antialias=True, autoLog=True, bold=False, color=array([1., 1., 1.]), colorSpace='rgb', contrast=1.0, depth=-3.0, flipHoriz=False, flipVert=False, font='Arial', fontFiles=[], height=0.06, italic=False, languageStyle='LTR', name='instruction_cont', opacity=1.0, ori=0.0, pos=array([ 0.5, -0.4]), rgb=array([1., 1., 1.]), text='          Press [space] key to continue.', units='norm', win=Window(...), wrapWidth=1)
32.0252 	EXP 	Created Artifact_intro_title = TextStim(__class__=<class 'psychopy.visual.text.TextStim'>, alignHoriz='center', alignVert='center', antialias=True, autoLog=True, bold=False, color=array([1., 1., 1.]), colorSpace='rgb', contrast=1.0, depth=-0.0, flipHoriz=False, flipVert=False, font='Arial', fontFiles=[], height=0.06, italic=False, languageStyle='LTR', name='Artifact_intro_title', opacity=1.0, ori=0.0, pos=array([0.5, 0.4]), rgb=array([1., 1., 1.]), text='Muscular signal recording', units='norm', win=Window(...), wrapWidth=1)
32.0352 	EXP 	Created Artifact_intro_text = TextStim(__class__=<class 'psychopy.visual.text.TextStim'>, alignHoriz='center', alignVert='center', antialias=True, autoLog=True, bold=False, color=array([1., 1., 1.]), colorSpace='rgb', contrast=1.0, depth=-1.0, flipHoriz=False, flipVert=False, font='Arial', fontFiles=[], height=0.06, italic=False, languageStyle='LTR', name='Artifact_intro_text', opacity=1.0, ori=0.0, pos=array([0.5, 0. ]), rgb=array([1., 1., 1.]), text=str(...), units='norm', win=Window(...), wrapWidth=1)
32.0409 	EXP 	Created Artifact_intro_cont = TextStim(__class__=<class 'psychopy.visual.text.TextStim'>, alignHoriz='center', alignVert='center', antialias=True, autoLog=True, bold=False, color=array([1., 1., 1.]), colorSpace='rgb', contrast=1.0, depth=-4.0, flipHoriz=False, flipVert=False, font='Arial', fontFiles=[], height=0.06, italic=False, languageStyle='LTR', name='Artifact_intro_cont', opacity=1.0, ori=0.0, pos=array([0.5, 0. ]), rgb=array([1., 1., 1.]), text='          Press [space] key to continue.', units='norm', win=Window(...), wrapWidth=1)
32.0417 	EXP 	Created Artifact_rec_text = TextStim(__class__=<class 'psychopy.visual.text.TextStim'>, alignHoriz='center', alignVert='center', antialias=True, autoLog=True, bold=False, color=array([1., 1., 1.]), colorSpace='rgb', contrast=1.0, depth=-0.0, flipHoriz=False, flipVert=False, font='Arial', fontFiles=[], height=0.06, italic=False, languageStyle='LTR', name='Artifact_rec_text', opacity=1.0, ori=0.0, pos=array([0.5, 0.4]), rgb=array([1., 1., 1.]), text='', units='norm', win=Window(...), wrapWidth=1)
32.0447 	EXP 	Created Artifact_rec_recording = TextStim(__class__=<class 'psychopy.visual.text.TextStim'>, alignHoriz='center', alignVert='center', antialias=True, autoLog=True, bold=False, color=array([1., 1., 1.]), colorSpace='rgb', contrast=1.0, depth=-4.0, flipHoriz=False, flipVert=False, font='Arial', fontFiles=[], height=0.06, italic=False, languageStyle='LTR', name='Artifact_rec_recording', opacity=1.0, ori=0.0, pos=array([ 0.5, -0.4]), rgb=array([1., 1., 1.]), text='', units='norm', win=Window(...), wrapWidth=1)
32.0483 	EXP 	Created Artifact_rec_break = TextStim(__class__=<class 'psychopy.visual.text.TextStim'>, alignHoriz='center', alignVert='center', antialias=True, autoLog=True, bold=False, color=array([1., 1., 1.]), colorSpace='rgb', contrast=1.0, depth=-6.0, flipHoriz=False, flipVert=False, font='Arial', fontFiles=[], height=0.06, italic=False, languageStyle='LTR', name='Artifact_rec_break', opacity=1.0, ori=0.0, pos=array([ 0.5, -0.4]), rgb=array([1., 1., 1.]), text='Short break', units='norm', win=Window(...), wrapWidth=1)
32.0532 	EXP 	Created Cali_de_pre_intro_title = TextStim(__class__=<class 'psychopy.visual.text.TextStim'>, alignHoriz='center', alignVert='center', antialias=True, autoLog=True, bold=False, color=array([1., 1., 1.]), colorSpace='rgb', contrast=1.0, depth=-0.0, flipHoriz=False, flipVert=False, font='Arial', fontFiles=[], height=0.06, italic=False, languageStyle='LTR', name='Cali_de_pre_intro_title', opacity=1.0, ori=0.0, pos=array([0.5, 0.4]), rgb=array([1., 1., 1.]), text='READ OUT BLOCK (GERMAN)', units='norm', win=Window(...), wrapWidth=1)
32.0601 	EXP 	Created Cali_de_pre_intro_text = TextStim(__class__=<class 'psychopy.visual.text.TextStim'>, alignHoriz='center', alignVert='center', antialias=True, autoLog=True, bold=False, color=array([1., 1., 1.]), colorSpace='rgb', contrast=1.0, depth=-1.0, flipHoriz=False, flipVert=False, font='Arial', fontFiles=[], height=0.06, italic=False, languageStyle='LTR', name='Cali_de_pre_intro_text', opacity=1.0, ori=0.0, pos=array([0.5, 0. ]), rgb=array([1., 1., 1.]), text=str(...), units='norm', win=Window(...), wrapWidth=1)
32.0680 	EXP 	Created Cali_de_pre_intro_cont = TextStim(__class__=<class 'psychopy.visual.text.TextStim'>, alignHoriz='center', alignVert='center', antialias=True, autoLog=True, bold=False, color=array([1., 1., 1.]), colorSpace='rgb', contrast=1.0, depth=-4.0, flipHoriz=False, flipVert=False, font='Arial', fontFiles=[], height=0.06, italic=False, languageStyle='LTR', name='Cali_de_pre_intro_cont', opacity=1.0, ori=0.0, pos=array([0.5, 0. ]), rgb=array([1., 1., 1.]), text='          Press [space] key to continue.', units='norm', win=Window(...), wrapWidth=1)
32.0685 	EXP 	Created Cali_de_pre_rec_text = TextStim(__class__=<class 'psychopy.visual.text.TextStim'>, alignHoriz='center', alignVert='center', antialias=True, autoLog=True, bold=False, color=array([1., 1., 1.]), colorSpace='rgb', contrast=1.0, depth=-0.0, flipHoriz=False, flipVert=False, font='Arial', fontFiles=[], height=0.06, italic=False, languageStyle='LTR', name='Cali_de_pre_rec_text', opacity=1.0, ori=0.0, pos=array([0.5, 0.4]), rgb=array([1., 1., 1.]), text='', units='norm', win=Window(...), wrapWidth=1)
32.0694 	EXP 	Created Cali_de_pre_rec_question_text = TextStim(__class__=<class 'psychopy.visual.text.TextStim'>, alignHoriz='center', alignVert='center', antialias=True, autoLog=True, bold=False, color=array([1., 1., 1.]), colorSpace='rgb', contrast=1.0, depth=-2.0, flipHoriz=False, flipVert=False, font='Arial', fontFiles=[], height=0.06, italic=False, languageStyle='LTR', name='Cali_de_pre_rec_question_text', opacity=1.0, ori=0.0, pos=array([0.5, 0. ]), rgb=array([1., 1., 1.]), text='', units='norm', win=Window(...), wrapWidth=1)
32.0714 	EXP 	Created Cali_de_pre_rec_break = TextStim(__class__=<class 'psychopy.visual.text.TextStim'>, alignHoriz='center', alignVert='center', antialias=True, autoLog=True, bold=False, color=array([1., 1., 1.]), colorSpace='rgb', contrast=1.0, depth=-6.0, flipHoriz=False, flipVert=False, font='Arial', fontFiles=[], height=0.06, italic=False, languageStyle='LTR', name='Cali_de_pre_rec_break', opacity=1.0, ori=0.0, pos=array([ 0.5, -0.4]), rgb=array([1., 1., 1.]), text='Short break', units='norm', win=Window(...), wrapWidth=1)
32.0719 	EXP 	Created fade_in_text = TextStim(__class__=<class 'psychopy.visual.text.TextStim'>, alignHoriz='center', alignVert='center', antialias=True, autoLog=True, bold=False, color=array([1., 1., 1.]), colorSpace='rgb', contrast=1.0, depth=-0.0, flipHoriz=False, flipVert=False, font='Arial', fontFiles=[], height=0.06, italic=False, languageStyle='LTR', name='fade_in_text', opacity=1.0, ori=0.0, pos=array([0.5, 0.4]), rgb=array([1., 1., 1.]), text='', units='norm', win=Window(...), wrapWidth=1)
32.0734 	EXP 	Created RS_intro_title = TextStim(__class__=<class 'psychopy.visual.text.TextStim'>, alignHoriz='center', alignVert='center', antialias=True, autoLog=True, bold=False, color=array([1., 1., 1.]), colorSpace='rgb', contrast=1.0, depth=-0.0, flipHoriz=False, flipVert=False, font='Arial', fontFiles=[], height=0.06, italic=False, languageStyle='LTR', name='RS_intro_title', opacity=1.0, ori=0.0, pos=array([0.5, 0.4]), rgb=array([1., 1., 1.]), text='REST STATE BLOCK', units='norm', win=Window(...), wrapWidth=1)
32.0779 	EXP 	Created RS_intro_text = TextStim(__class__=<class 'psychopy.visual.text.TextStim'>, alignHoriz='center', alignVert='center', antialias=True, autoLog=True, bold=False, color=array([1., 1., 1.]), colorSpace='rgb', contrast=1.0, depth=-1.0, flipHoriz=False, flipVert=False, font='Arial', fontFiles=[], height=0.06, italic=False, languageStyle='LTR', name='RS_intro_text', opacity=1.0, ori=0.0, pos=array([0.5, 0. ]), rgb=array([1., 1., 1.]), text=str(...), units='norm', win=Window(...), wrapWidth=1)
32.0831 	EXP 	Created RS_rec_text = TextStim(__class__=<class 'psychopy.visual.text.TextStim'>, alignHoriz='center', alignVert='center', antialias=True, autoLog=True, bold=False, color=array([1., 1., 1.]), colorSpace='rgb', contrast=1.0, depth=-0.0, flipHoriz=False, flipVert=False, font='Arial', fontFiles=[], height=0.06, italic=False, languageStyle='LTR', name='RS_rec_text', opacity=1.0, ori=0.0, pos=array([0.5, 0. ]), rgb=array([1., 1., 1.]), text=str(...), units='norm', win=Window(...), wrapWidth=1)
32.0855 	EXP 	Created RS_rec_cont = TextStim(__class__=<class 'psychopy.visual.text.TextStim'>, alignHoriz='center', alignVert='center', antialias=True, autoLog=True, bold=False, color=array([1., 1., 1.]), colorSpace='rgb', contrast=1.0, depth=-3.0, flipHoriz=False, flipVert=False, font='Arial', fontFiles=[], height=0.06, italic=False, languageStyle='LTR', name='RS_rec_cont', opacity=1.0, ori=0.0, pos=array([0.5, 0. ]), rgb=array([1., 1., 1.]), text='          Press [space] key to continue.', units='norm', win=Window(...), wrapWidth=1)
32.0874 	EXP 	Created QA_intro_title = TextStim(__class__=<class 'psychopy.visual.text.TextStim'>, alignHoriz='center', alignVert='center', antialias=True, autoLog=True, bold=False, color=array([1., 1., 1.]), colorSpace='rgb', contrast=1.0, depth=-0.0, flipHoriz=False, flipVert=False, font='Arial', fontFiles=[], height=0.06, italic=False, languageStyle='LTR', name='QA_intro_title', opacity=1.0, ori=0.0, pos=array([0.5, 0.5]), rgb=array([1., 1., 1.]), text='Q&A BLOCK', units='norm', win=Window(...), wrapWidth=1)
32.0937 	EXP 	Created QA_intro_text = TextStim(__class__=<class 'psychopy.visual.text.TextStim'>, alignHoriz='center', alignVert='center', antialias=True, autoLog=True, bold=False, color=array([1., 1., 1.]), colorSpace='rgb', contrast=1.0, depth=-1.0, flipHoriz=False, flipVert=False, font='Arial', fontFiles=[], height=0.06, italic=False, languageStyle='LTR', name='QA_intro_text', opacity=1.0, ori=0.0, pos=array([0.5, 0. ]), rgb=array([1., 1., 1.]), text=str(...), units='norm', win=Window(...), wrapWidth=1)
32.0983 	EXP 	Created QA_intro_cont = TextStim(__class__=<class 'psychopy.visual.text.TextStim'>, alignHoriz='center', alignVert='center', antialias=True, autoLog=True, bold=False, color=array([1., 1., 1.]), colorSpace='rgb', contrast=1.0, depth=-4.0, flipHoriz=False, flipVert=False, font='Arial', fontFiles=[], height=0.06, italic=False, languageStyle='LTR', name='QA_intro_cont', opacity=1.0, ori=0.0, pos=array([0.5, 0. ]), rgb=array([1., 1., 1.]), text='          Press [space] key to continue.', units='norm', win=Window(...), wrapWidth=1)
32.1007 	EXP 	Created QA_rec_text = TextStim(__class__=<class 'psychopy.visual.text.TextStim'>, alignHoriz='center', alignVert='center', antialias=True, autoLog=True, bold=False, color=array([1., 1., 1.]), colorSpace='rgb', contrast=1.0, depth=-0.0, flipHoriz=False, flipVert=False, font='Arial', fontFiles=[], height=0.06, italic=False, languageStyle='LTR', name='QA_rec_text', opacity=1.0, ori=0.0, pos=array([0.5, 0. ]), rgb=array([1., 1., 1.]), text=str(...), units='norm', win=Window(...), wrapWidth=1)
32.1048 	EXP 	Created QA_rec_break = TextStim(__class__=<class 'psychopy.visual.text.TextStim'>, alignHoriz='center', alignVert='center', antialias=True, autoLog=True, bold=False, color=array([1., 1., 1.]), colorSpace='rgb', contrast=1.0, depth=-6.0, flipHoriz=False, flipVert=False, font='Arial', fontFiles=[], height=0.06, italic=False, languageStyle='LTR', name='QA_rec_break', opacity=1.0, ori=0.0, pos=array([ 0.5, -0.4]), rgb=array([1., 1., 1.]), text='Short break', units='norm', win=Window(...), wrapWidth=1)
32.1086 	EXP 	Created Pause_cont = TextStim(__class__=<class 'psychopy.visual.text.TextStim'>, alignHoriz='center', alignVert='center', antialias=True, autoLog=True, bold=False, color=array([1., 1., 1.]), colorSpace='rgb', contrast=1.0, depth=-2.0, flipHoriz=False, flipVert=False, font='Arial', fontFiles=[], height=0.06, italic=False, languageStyle='LTR', name='Pause_cont', opacity=1.0, ori=0.0, pos=array([0.5, 0. ]), rgb=array([1., 1., 1.]), text=str(...), units='norm', win=Window(...), wrapWidth=1)
32.1103 	EXP 	Created Cali_de_post_intro_title = TextStim(__class__=<class 'psychopy.visual.text.TextStim'>, alignHoriz='center', alignVert='center', antialias=True, autoLog=True, bold=False, color=array([1., 1., 1.]), colorSpace='rgb', contrast=1.0, depth=-0.0, flipHoriz=False, flipVert=False, font='Arial', fontFiles=[], height=0.06, italic=False, languageStyle='LTR', name='Cali_de_post_intro_title', opacity=1.0, ori=0.0, pos=array([0.5, 0.4]), rgb=array([1., 1., 1.]), text='READ OUT BLOCK (GERMAN)', units='norm', win=Window(...), wrapWidth=1)
32.1156 	EXP 	Created Cali_de_post_intro_text = TextStim(__class__=<class 'psychopy.visual.text.TextStim'>, alignHoriz='center', alignVert='center', antialias=True, autoLog=True, bold=False, color=array([1., 1., 1.]), colorSpace='rgb', contrast=1.0, depth=-1.0, flipHoriz=False, flipVert=False, font='Arial', fontFiles=[], height=0.06, italic=False, languageStyle='LTR', name='Cali_de_post_intro_text', opacity=1.0, ori=0.0, pos=array([0.5, 0. ]), rgb=array([1., 1., 1.]), text=str(...), units='norm', win=Window(...), wrapWidth=1)
32.1579 	EXP 	Created Cali_de_post_intro_cont = TextStim(__class__=<class 'psychopy.visual.text.TextStim'>, alignHoriz='center', alignVert='center', antialias=True, autoLog=True, bold=False, color=array([1., 1., 1.]), colorSpace='rgb', contrast=1.0, depth=-4.0, flipHoriz=False, flipVert=False, font='Arial', fontFiles=[], height=0.06, italic=False, languageStyle='LTR', name='Cali_de_post_intro_cont', opacity=1.0, ori=0.0, pos=array([0.5, 0. ]), rgb=array([1., 1., 1.]), text='          Press [space] key to continue.', units='norm', win=Window(...), wrapWidth=1)
32.1584 	EXP 	Created Cali_de_post_rec_text = TextStim(__class__=<class 'psychopy.visual.text.TextStim'>, alignHoriz='center', alignVert='center', antialias=True, autoLog=True, bold=False, color=array([1., 1., 1.]), colorSpace='rgb', contrast=1.0, depth=-0.0, flipHoriz=False, flipVert=False, font='Arial', fontFiles=[], height=0.06, italic=False, languageStyle='LTR', name='Cali_de_post_rec_text', opacity=1.0, ori=0.0, pos=array([0.5, 0.4]), rgb=array([1., 1., 1.]), text='', units='norm', win=Window(...), wrapWidth=1)
32.1593 	EXP 	Created Cali_de_post_rec_question_text = TextStim(__class__=<class 'psychopy.visual.text.TextStim'>, alignHoriz='center', alignVert='center', antialias=True, autoLog=True, bold=False, color=array([1., 1., 1.]), colorSpace='rgb', contrast=1.0, depth=-2.0, flipHoriz=False, flipVert=False, font='Arial', fontFiles=[], height=0.06, italic=False, languageStyle='LTR', name='Cali_de_post_rec_question_text', opacity=1.0, ori=0.0, pos=array([0.5, 0. ]), rgb=array([1., 1., 1.]), text='', units='norm', win=Window(...), wrapWidth=1)
32.1613 	EXP 	Created Cali_de_post_rec_break = TextStim(__class__=<class 'psychopy.visual.text.TextStim'>, alignHoriz='center', alignVert='center', antialias=True, autoLog=True, bold=False, color=array([1., 1., 1.]), colorSpace='rgb', contrast=1.0, depth=-6.0, flipHoriz=False, flipVert=False, font='Arial', fontFiles=[], height=0.06, italic=False, languageStyle='LTR', name='Cali_de_post_rec_break', opacity=1.0, ori=0.0, pos=array([ 0.5, -0.4]), rgb=array([1., 1., 1.]), text='Short break', units='norm', win=Window(...), wrapWidth=1)
32.1647 	EXP 	Created the_end_text = TextStim(__class__=<class 'psychopy.visual.text.TextStim'>, alignHoriz='center', alignVert='center', antialias=True, autoLog=True, bold=False, color=array([1., 1., 1.]), colorSpace='rgb', contrast=1.0, depth=-1.0, flipHoriz=False, flipVert=False, font='Arial', fontFiles=[], height=0.06, italic=False, languageStyle='LTR', name='the_end_text', opacity=1.0, ori=0.0, pos=array([0.7, 0. ]), rgb=array([1., 1., 1.]), text=str(...), units='norm', win=Window(...), wrapWidth=1)
34.1690 	EXP 	Created sequence: random, trialTypes=1, nReps=4, seed=None
34.1699 	EXP 	New trial (rep=0, index=0): None
34.1704 	EXP 	New trial (rep=1, index=0): None
34.1709 	EXP 	New trial (rep=2, index=0): None
35.2109 	EXP 	fade_in_text: text = 'Please remain seated until further instruction via the earphone.'
35.2109 	EXP 	fade_in_text: autoDraw = True
41.2116 	EXP 	fade_in_text: autoDraw = True
41.2283 	EXP 	fade_in_text: autoDraw = True
41.2449 	EXP 	fade_in_text: autoDraw = True
41.2616 	EXP 	fade_in_text: autoDraw = True
41.2785 	EXP 	fade_in_text: autoDraw = True
41.2950 	EXP 	fade_in_text: autoDraw = True
41.3116 	EXP 	fade_in_text: autoDraw = True
41.3283 	EXP 	fade_in_text: autoDraw = True
41.3450 	EXP 	fade_in_text: autoDraw = True
41.3616 	EXP 	fade_in_text: autoDraw = True
41.3786 	EXP 	fade_in_text: autoDraw = True
41.3949 	EXP 	fade_in_text: autoDraw = True
41.4119 	EXP 	fade_in_text: autoDraw = True
41.4283 	EXP 	fade_in_text: autoDraw = True
41.4450 	EXP 	fade_in_text: autoDraw = True
41.4618 	EXP 	fade_in_text: autoDraw = True
41.4783 	EXP 	fade_in_text: autoDraw = True
41.4949 	EXP 	fade_in_text: autoDraw = True
41.5117 	EXP 	fade_in_text: autoDraw = True
41.5283 	EXP 	fade_in_text: autoDraw = True
41.5450 	EXP 	fade_in_text: autoDraw = True
41.5619 	EXP 	fade_in_text: autoDraw = True
41.5783 	EXP 	fade_in_text: autoDraw = True
41.5949 	EXP 	fade_in_text: autoDraw = True
41.6116 	EXP 	fade_in_text: autoDraw = True
41.6283 	EXP 	fade_in_text: autoDraw = True
41.6449 	EXP 	fade_in_text: autoDraw = True
41.6619 	EXP 	fade_in_text: autoDraw = True
41.6783 	EXP 	fade_in_text: autoDraw = True
41.6950 	EXP 	fade_in_text: autoDraw = True
41.7116 	EXP 	fade_in_text: autoDraw = True
41.7283 	EXP 	fade_in_text: autoDraw = True
41.7450 	EXP 	fade_in_text: autoDraw = True
41.7618 	EXP 	fade_in_text: autoDraw = True
41.7783 	EXP 	fade_in_text: autoDraw = True
41.7950 	EXP 	fade_in_text: autoDraw = True
41.8117 	EXP 	fade_in_text: autoDraw = True
41.8283 	EXP 	fade_in_text: autoDraw = True
41.8453 	EXP 	fade_in_text: autoDraw = True
41.8616 	EXP 	fade_in_text: autoDraw = True
41.8783 	EXP 	fade_in_text: autoDraw = True
41.8950 	EXP 	fade_in_text: autoDraw = True
41.9116 	EXP 	fade_in_text: autoDraw = True
41.9283 	EXP 	fade_in_text: autoDraw = True
41.9452 	EXP 	fade_in_text: autoDraw = True
41.9617 	EXP 	fade_in_text: autoDraw = True
41.9783 	EXP 	fade_in_text: autoDraw = True
41.9949 	EXP 	fade_in_text: autoDraw = True
42.0121 	EXP 	fade_in_text: autoDraw = True
42.0288 	EXP 	fade_in_text: autoDraw = True
42.0439 	EXP 	fade_in_text: autoDraw = True
42.0617 	EXP 	fade_in_text: autoDraw = True
42.0783 	EXP 	fade_in_text: autoDraw = True
42.0950 	EXP 	fade_in_text: autoDraw = True
42.1117 	EXP 	fade_in_text: autoDraw = True
42.1286 	EXP 	fade_in_text: autoDraw = True
42.1451 	EXP 	fade_in_text: autoDraw = True
42.1617 	EXP 	fade_in_text: autoDraw = True
42.1783 	EXP 	fade_in_text: autoDraw = True
42.1950 	EXP 	fade_in_text: autoDraw = True
42.2116 	EXP 	fade_in_text: autoDraw = True
42.2285 	EXP 	fade_in_text: autoDraw = True
42.2450 	EXP 	fade_in_text: autoDraw = True
42.2617 	EXP 	fade_in_text: autoDraw = True
42.2783 	EXP 	fade_in_text: autoDraw = True
42.2950 	EXP 	fade_in_text: autoDraw = True
42.3116 	EXP 	fade_in_text: autoDraw = True
42.3285 	EXP 	fade_in_text: autoDraw = True
42.3450 	EXP 	fade_in_text: autoDraw = True
42.3617 	EXP 	fade_in_text: autoDraw = True
42.3783 	EXP 	fade_in_text: autoDraw = True
42.3950 	EXP 	fade_in_text: autoDraw = True
42.4119 	EXP 	fade_in_text: autoDraw = True
42.4285 	EXP 	fade_in_text: autoDraw = True
42.4450 	EXP 	fade_in_text: autoDraw = True
42.4617 	EXP 	fade_in_text: autoDraw = True
42.4783 	EXP 	fade_in_text: autoDraw = True
42.4950 	EXP 	fade_in_text: autoDraw = True
42.5119 	EXP 	fade_in_text: autoDraw = True
42.5283 	EXP 	fade_in_text: autoDraw = True
42.5450 	EXP 	fade_in_text: autoDraw = True
42.5617 	EXP 	fade_in_text: autoDraw = True
42.5783 	EXP 	fade_in_text: autoDraw = True
42.5950 	EXP 	fade_in_text: autoDraw = True
42.6122 	EXP 	fade_in_text: autoDraw = True
42.6283 	EXP 	fade_in_text: autoDraw = True
42.6450 	EXP 	fade_in_text: autoDraw = True
42.6617 	EXP 	fade_in_text: autoDraw = True
42.6783 	EXP 	fade_in_text: autoDraw = True
42.6952 	EXP 	fade_in_text: autoDraw = True
42.7118 	EXP 	fade_in_text: autoDraw = True
42.7283 	EXP 	fade_in_text: autoDraw = True
42.7450 	EXP 	fade_in_text: autoDraw = True
42.7617 	EXP 	fade_in_text: autoDraw = True
42.7783 	EXP 	fade_in_text: autoDraw = True
42.7954 	EXP 	fade_in_text: autoDraw = True
42.8117 	EXP 	fade_in_text: autoDraw = True
42.8283 	EXP 	fade_in_text: autoDraw = True
42.8451 	EXP 	fade_in_text: autoDraw = True
42.8617 	EXP 	fade_in_text: autoDraw = True
42.8783 	EXP 	fade_in_text: autoDraw = True
42.8953 	EXP 	fade_in_text: autoDraw = True
42.9117 	EXP 	fade_in_text: autoDraw = True
42.9330 	EXP 	fade_in_text: autoDraw = True
42.9438 	EXP 	fade_in_text: autoDraw = True
42.9617 	EXP 	fade_in_text: autoDraw = True
42.9786 	EXP 	fade_in_text: autoDraw = True
42.9954 	EXP 	fade_in_text: autoDraw = True
43.0105 	EXP 	fade_in_text: autoDraw = True
43.0283 	EXP 	fade_in_text: autoDraw = True
43.0501 	EXP 	fade_in_text: autoDraw = True
43.0605 	EXP 	fade_in_text: autoDraw = True
43.0786 	EXP 	fade_in_text: autoDraw = True
43.0950 	EXP 	fade_in_text: autoDraw = True
43.1116 	EXP 	fade_in_text: autoDraw = True
43.1283 	EXP 	fade_in_text: autoDraw = True
43.1450 	EXP 	fade_in_text: autoDraw = True
43.1617 	EXP 	fade_in_text: autoDraw = True
43.1786 	EXP 	fade_in_text: autoDraw = True
43.1950 	EXP 	fade_in_text: autoDraw = True
43.2120 	EXP 	fade_in_text: autoDraw = True
43.2283 	EXP 	fade_in_text: autoDraw = True
43.2450 	EXP 	fade_in_text: autoDraw = True
43.2619 	EXP 	fade_in_text: autoDraw = True
43.2785 	EXP 	fade_in_text: autoDraw = True
43.2950 	EXP 	fade_in_text: autoDraw = True
43.3117 	EXP 	fade_in_text: autoDraw = True
43.3283 	EXP 	fade_in_text: autoDraw = True
43.3450 	EXP 	fade_in_text: autoDraw = True
43.3619 	EXP 	fade_in_text: autoDraw = True
43.3783 	EXP 	fade_in_text: autoDraw = True
43.3950 	EXP 	fade_in_text: autoDraw = True
43.4117 	EXP 	fade_in_text: autoDraw = True
43.4283 	EXP 	fade_in_text: autoDraw = True
43.4452 	EXP 	fade_in_text: autoDraw = True
43.4620 	EXP 	fade_in_text: autoDraw = True
43.4784 	EXP 	fade_in_text: autoDraw = True
43.4950 	EXP 	fade_in_text: autoDraw = True
43.5117 	EXP 	fade_in_text: autoDraw = True
43.5285 	EXP 	fade_in_text: autoDraw = True
43.5454 	EXP 	fade_in_text: autoDraw = True
43.5606 	EXP 	fade_in_text: autoDraw = True
43.5784 	EXP 	fade_in_text: autoDraw = True
43.5951 	EXP 	fade_in_text: autoDraw = True
43.6117 	EXP 	fade_in_text: autoDraw = True
43.6284 	EXP 	fade_in_text: autoDraw = True
43.6453 	EXP 	fade_in_text: autoDraw = True
43.6617 	EXP 	fade_in_text: autoDraw = True
43.6784 	EXP 	fade_in_text: autoDraw = True
43.6951 	EXP 	fade_in_text: autoDraw = True
43.7118 	EXP 	fade_in_text: autoDraw = True
43.7284 	EXP 	fade_in_text: autoDraw = True
43.7453 	EXP 	fade_in_text: autoDraw = True
43.7618 	EXP 	fade_in_text: autoDraw = True
43.7784 	EXP 	fade_in_text: autoDraw = True
43.7951 	EXP 	fade_in_text: autoDraw = True
43.8120 	EXP 	fade_in_text: autoDraw = True
43.8284 	EXP 	fade_in_text: autoDraw = True
43.8456 	EXP 	fade_in_text: autoDraw = True
43.8605 	EXP 	fade_in_text: autoDraw = True
43.8784 	EXP 	fade_in_text: autoDraw = True
43.8951 	EXP 	fade_in_text: autoDraw = True
43.9117 	EXP 	fade_in_text: autoDraw = True
43.9288 	EXP 	fade_in_text: autoDraw = True
43.9438 	EXP 	fade_in_text: autoDraw = True
43.9617 	EXP 	fade_in_text: autoDraw = True
43.9784 	EXP 	fade_in_text: autoDraw = True
43.9951 	EXP 	fade_in_text: autoDraw = True
44.0118 	EXP 	fade_in_text: autoDraw = True
44.0287 	EXP 	fade_in_text: autoDraw = True
44.0451 	EXP 	fade_in_text: autoDraw = True
44.0617 	EXP 	fade_in_text: autoDraw = True
44.0784 	EXP 	fade_in_text: autoDraw = True
44.0952 	EXP 	fade_in_text: autoDraw = True
44.1118 	EXP 	fade_in_text: autoDraw = True
44.1286 	EXP 	fade_in_text: autoDraw = True
44.1451 	EXP 	fade_in_text: autoDraw = True
44.1618 	EXP 	fade_in_text: autoDraw = True
44.1784 	EXP 	fade_in_text: autoDraw = True
44.1951 	EXP 	fade_in_text: autoDraw = True
44.2121 	EXP 	fade_in_text: autoDraw = True
44.2272 	EXP 	fade_in_text: autoDraw = True
44.2451 	EXP 	fade_in_text: autoDraw = True
44.2618 	EXP 	fade_in_text: autoDraw = True
44.2785 	EXP 	fade_in_text: autoDraw = True
44.2951 	EXP 	fade_in_text: autoDraw = True
44.3120 	EXP 	fade_in_text: autoDraw = True
44.3286 	EXP 	fade_in_text: autoDraw = True
44.3451 	EXP 	fade_in_text: autoDraw = True
44.3617 	EXP 	fade_in_text: autoDraw = True
44.3785 	EXP 	fade_in_text: autoDraw = True
44.3951 	EXP 	fade_in_text: autoDraw = True
44.4122 	EXP 	fade_in_text: autoDraw = True
44.4284 	EXP 	fade_in_text: autoDraw = True
44.4451 	EXP 	fade_in_text: autoDraw = True
44.4618 	EXP 	fade_in_text: autoDraw = True
44.4785 	EXP 	fade_in_text: autoDraw = True
44.4952 	EXP 	fade_in_text: autoDraw = True
44.5120 	EXP 	fade_in_text: autoDraw = True
44.5284 	EXP 	fade_in_text: autoDraw = True
44.5451 	EXP 	fade_in_text: autoDraw = True
44.5617 	EXP 	fade_in_text: autoDraw = True
44.5784 	EXP 	fade_in_text: autoDraw = True
44.5956 	EXP 	fade_in_text: autoDraw = True
44.6105 	EXP 	fade_in_text: autoDraw = True
44.6284 	EXP 	fade_in_text: autoDraw = True
44.6451 	EXP 	fade_in_text: autoDraw = True
44.6618 	EXP 	fade_in_text: autoDraw = True
44.6785 	EXP 	fade_in_text: autoDraw = True
44.6954 	EXP 	fade_in_text: autoDraw = True
44.7118 	EXP 	fade_in_text: autoDraw = True
44.7284 	EXP 	fade_in_text: autoDraw = True
44.7452 	EXP 	fade_in_text: autoDraw = True
44.7618 	EXP 	fade_in_text: autoDraw = True
44.7785 	EXP 	fade_in_text: autoDraw = True
44.7953 	EXP 	fade_in_text: autoDraw = True
44.8118 	EXP 	fade_in_text: autoDraw = True
44.8285 	EXP 	fade_in_text: autoDraw = True
44.8453 	EXP 	fade_in_text: autoDraw = True
44.8618 	EXP 	fade_in_text: autoDraw = True
44.8788 	EXP 	fade_in_text: autoDraw = True
44.8952 	EXP 	fade_in_text: autoDraw = True
44.9118 	EXP 	fade_in_text: autoDraw = True
44.9285 	EXP 	fade_in_text: autoDraw = True
44.9451 	EXP 	fade_in_text: autoDraw = True
44.9618 	EXP 	fade_in_text: autoDraw = True
44.9787 	EXP 	fade_in_text: autoDraw = True
44.9952 	EXP 	fade_in_text: autoDraw = True
45.0122 	EXP 	fade_in_text: autoDraw = True
45.0285 	EXP 	fade_in_text: autoDraw = True
45.0485 	EXP 	fade_in_text: autoDraw = True
45.0620 	EXP 	fade_in_text: autoDraw = True
45.0787 	EXP 	fade_in_text: autoDraw = True
45.0951 	EXP 	fade_in_text: autoDraw = True
45.1118 	EXP 	fade_in_text: autoDraw = True
45.1284 	EXP 	fade_in_text: autoDraw = True
45.1452 	EXP 	fade_in_text: autoDraw = True
45.1620 	EXP 	fade_in_text: autoDraw = True
45.1788 	EXP 	fade_in_text: autoDraw = True
45.1952 	EXP 	fade_in_text: autoDraw = True
45.2118 	EXP 	fade_in_text: autoDraw = True
45.2286 	EXP 	fade_in_text: autoDraw = True
45.2452 	EXP 	fade_in_text: autoDraw = True
45.2621 	EXP 	fade_in_text: autoDraw = True
45.2785 	EXP 	fade_in_text: autoDraw = True
45.2952 	EXP 	fade_in_text: autoDraw = True
45.3118 	EXP 	fade_in_text: autoDraw = True
45.3285 	EXP 	fade_in_text: autoDraw = True
45.3452 	EXP 	fade_in_text: autoDraw = True
45.3621 	EXP 	fade_in_text: autoDraw = True
45.3786 	EXP 	fade_in_text: autoDraw = True
45.3953 	EXP 	fade_in_text: autoDraw = True
45.4119 	EXP 	fade_in_text: autoDraw = True
45.4285 	EXP 	fade_in_text: autoDraw = True
45.4453 	EXP 	fade_in_text: autoDraw = True
45.4620 	EXP 	fade_in_text: autoDraw = True
45.4785 	EXP 	fade_in_text: autoDraw = True
45.4951 	EXP 	fade_in_text: autoDraw = True
45.5118 	EXP 	fade_in_text: autoDraw = True
45.5285 	EXP 	fade_in_text: autoDraw = True
45.5453 	EXP 	fade_in_text: autoDraw = True
45.5618 	EXP 	fade_in_text: autoDraw = True
45.5786 	EXP 	fade_in_text: autoDraw = True
45.5952 	EXP 	fade_in_text: autoDraw = True
45.6122 	EXP 	fade_in_text: autoDraw = True
45.6286 	EXP 	fade_in_text: autoDraw = True
45.6455 	EXP 	fade_in_text: autoDraw = True
45.6620 	EXP 	fade_in_text: autoDraw = True
45.6785 	EXP 	fade_in_text: autoDraw = True
45.6952 	EXP 	fade_in_text: autoDraw = True
45.7118 	EXP 	fade_in_text: autoDraw = True
45.7285 	EXP 	fade_in_text: autoDraw = True
45.7453 	EXP 	fade_in_text: autoDraw = True
45.7618 	EXP 	fade_in_text: autoDraw = True
45.7787 	EXP 	fade_in_text: autoDraw = True
45.7952 	EXP 	fade_in_text: autoDraw = True
45.8118 	EXP 	fade_in_text: autoDraw = True
45.8287 	EXP 	fade_in_text: autoDraw = True
45.8452 	EXP 	fade_in_text: autoDraw = True
45.8618 	EXP 	fade_in_text: autoDraw = True
45.8785 	EXP 	fade_in_text: autoDraw = True
45.8952 	EXP 	fade_in_text: autoDraw = True
45.9118 	EXP 	fade_in_text: autoDraw = True
45.9287 	EXP 	fade_in_text: autoDraw = True
45.9452 	EXP 	fade_in_text: autoDraw = True
45.9618 	EXP 	fade_in_text: autoDraw = True
45.9785 	EXP 	fade_in_text: autoDraw = True
45.9952 	EXP 	fade_in_text: autoDraw = True
46.0119 	EXP 	fade_in_text: autoDraw = True
46.0288 	EXP 	fade_in_text: autoDraw = True
46.0452 	EXP 	fade_in_text: autoDraw = True
46.0618 	EXP 	fade_in_text: autoDraw = True
46.0786 	EXP 	fade_in_text: autoDraw = True
46.0953 	EXP 	fade_in_text: autoDraw = True
46.1123 	EXP 	fade_in_text: autoDraw = True
46.1274 	EXP 	fade_in_text: autoDraw = True
46.1453 	EXP 	fade_in_text: autoDraw = True
46.1619 	EXP 	fade_in_text: autoDraw = True
46.1786 	EXP 	fade_in_text: autoDraw = True
46.1952 	EXP 	fade_in_text: autoDraw = True
46.2124 	EXP 	fade_in_text: autoDraw = True
46.2286 	EXP 	fade_in_text: autoDraw = True
46.2453 	EXP 	fade_in_text: autoDraw = True
46.2619 	EXP 	fade_in_text: autoDraw = True
46.2786 	EXP 	fade_in_text: autoDraw = True
46.2952 	EXP 	fade_in_text: autoDraw = True
46.3121 	EXP 	fade_in_text: autoDraw = True
46.3286 	EXP 	fade_in_text: autoDraw = True
46.3453 	EXP 	fade_in_text: autoDraw = True
46.3619 	EXP 	fade_in_text: autoDraw = True
46.3786 	EXP 	fade_in_text: autoDraw = True
46.3954 	EXP 	fade_in_text: autoDraw = True
46.4121 	EXP 	fade_in_text: autoDraw = True
46.4286 	EXP 	fade_in_text: autoDraw = True
46.4453 	EXP 	fade_in_text: autoDraw = True
46.4619 	EXP 	fade_in_text: autoDraw = True
46.4786 	EXP 	fade_in_text: autoDraw = True
46.4955 	EXP 	fade_in_text: autoDraw = True
46.5119 	EXP 	fade_in_text: autoDraw = True
46.5286 	EXP 	fade_in_text: autoDraw = True
46.5452 	EXP 	fade_in_text: autoDraw = True
46.5619 	EXP 	fade_in_text: autoDraw = True
46.5785 	EXP 	fade_in_text: autoDraw = True
46.5954 	EXP 	fade_in_text: autoDraw = True
46.6119 	EXP 	fade_in_text: autoDraw = True
46.6285 	EXP 	fade_in_text: autoDraw = True
46.6452 	EXP 	fade_in_text: autoDraw = True
46.6619 	EXP 	fade_in_text: autoDraw = True
46.6790 	EXP 	fade_in_text: autoDraw = True
46.6954 	EXP 	fade_in_text: autoDraw = True
46.7118 	EXP 	fade_in_text: autoDraw = True
46.7285 	EXP 	fade_in_text: autoDraw = True
46.7453 	EXP 	fade_in_text: autoDraw = True
46.7619 	EXP 	fade_in_text: autoDraw = True
46.7788 	EXP 	fade_in_text: autoDraw = True
46.7952 	EXP 	fade_in_text: autoDraw = True
46.8122 	EXP 	fade_in_text: autoDraw = True
46.8285 	EXP 	fade_in_text: autoDraw = True
46.8453 	EXP 	fade_in_text: autoDraw = True
46.8619 	EXP 	fade_in_text: autoDraw = True
46.8788 	EXP 	fade_in_text: autoDraw = True
46.8954 	EXP 	fade_in_text: autoDraw = True
46.9119 	EXP 	fade_in_text: autoDraw = True
46.9285 	EXP 	fade_in_text: autoDraw = True
46.9452 	EXP 	fade_in_text: autoDraw = True
46.9619 	EXP 	fade_in_text: autoDraw = True
46.9788 	EXP 	fade_in_text: autoDraw = True
46.9954 	EXP 	fade_in_text: autoDraw = True
47.0120 	EXP 	fade_in_text: autoDraw = True
47.0286 	EXP 	fade_in_text: autoDraw = True
47.0453 	EXP 	fade_in_text: autoDraw = True
47.0623 	EXP 	fade_in_text: autoDraw = True
47.0786 	EXP 	fade_in_text: autoDraw = True
47.0953 	EXP 	fade_in_text: autoDraw = True
47.1119 	EXP 	fade_in_text: autoDraw = True
47.1285 	EXP 	fade_in_text: autoDraw = True
47.1453 	EXP 	fade_in_text: autoDraw = True
47.1621 	EXP 	fade_in_text: autoDraw = True
47.1786 	EXP 	fade_in_text: autoDraw = True
47.1953 	EXP 	fade_in_text: autoDraw = True
47.2119 	EXP 	fade_in_text: autoDraw = True
47.2286 	EXP 	fade_in_text: autoDraw = True
47.2452 	EXP 	fade_in_text: autoDraw = True
47.2621 	EXP 	fade_in_text: autoDraw = True
47.2786 	EXP 	fade_in_text: autoDraw = True
47.2953 	EXP 	fade_in_text: autoDraw = True
47.3119 	EXP 	fade_in_text: autoDraw = True
47.3286 	EXP 	fade_in_text: autoDraw = True
47.3455 	EXP 	fade_in_text: autoDraw = True
47.3607 	EXP 	fade_in_text: autoDraw = True
47.3786 	EXP 	fade_in_text: autoDraw = True
47.3953 	EXP 	fade_in_text: autoDraw = True
47.4122 	EXP 	fade_in_text: autoDraw = True
47.4286 	EXP 	fade_in_text: autoDraw = True
47.4455 	EXP 	fade_in_text: autoDraw = True
47.4619 	EXP 	fade_in_text: autoDraw = True
47.4786 	EXP 	fade_in_text: autoDraw = True
47.4952 	EXP 	fade_in_text: autoDraw = True
47.5119 	EXP 	fade_in_text: autoDraw = True
47.5286 	EXP 	fade_in_text: autoDraw = True
47.5455 	EXP 	fade_in_text: autoDraw = True
47.5619 	EXP 	fade_in_text: autoDraw = True
47.5787 	EXP 	fade_in_text: autoDraw = True
47.5953 	EXP 	fade_in_text: autoDraw = True
47.6120 	EXP 	fade_in_text: autoDraw = True
47.6288 	EXP 	fade_in_text: autoDraw = True
47.6455 	EXP 	fade_in_text: autoDraw = True
47.6620 	EXP 	fade_in_text: autoDraw = True
47.6787 	EXP 	fade_in_text: autoDraw = True
47.6954 	EXP 	fade_in_text: autoDraw = True
47.7120 	EXP 	fade_in_text: autoDraw = True
47.7288 	EXP 	fade_in_text: autoDraw = True
47.7454 	EXP 	fade_in_text: autoDraw = True
47.7620 	EXP 	fade_in_text: autoDraw = True
47.7787 	EXP 	fade_in_text: autoDraw = True
47.7954 	EXP 	fade_in_text: autoDraw = True
47.8120 	EXP 	fade_in_text: autoDraw = True
47.8288 	EXP 	fade_in_text: autoDraw = True
47.8454 	EXP 	fade_in_text: autoDraw = True
47.8619 	EXP 	fade_in_text: autoDraw = True
47.8786 	EXP 	fade_in_text: autoDraw = True
47.8953 	EXP 	fade_in_text: autoDraw = True
47.9120 	EXP 	fade_in_text: autoDraw = True
47.9287 	EXP 	fade_in_text: autoDraw = True
47.9452 	EXP 	fade_in_text: autoDraw = True
47.9620 	EXP 	fade_in_text: autoDraw = True
47.9787 	EXP 	fade_in_text: autoDraw = True
47.9953 	EXP 	fade_in_text: autoDraw = True
48.0126 	EXP 	fade_in_text: autoDraw = True
48.0287 	EXP 	fade_in_text: autoDraw = True
48.0488 	EXP 	fade_in_text: autoDraw = True
48.0607 	EXP 	fade_in_text: autoDraw = True
48.0786 	EXP 	fade_in_text: autoDraw = True
48.0953 	EXP 	fade_in_text: autoDraw = True
48.1122 	EXP 	fade_in_text: autoDraw = True
48.1286 	EXP 	fade_in_text: autoDraw = True
48.1453 	EXP 	fade_in_text: autoDraw = True
48.1619 	EXP 	fade_in_text: autoDraw = True
48.1786 	EXP 	fade_in_text: autoDraw = True
48.1956 	EXP 	fade_in_text: autoDraw = True
48.2122 	EXP 	fade_in_text: autoDraw = True
48.2286 	EXP 	fade_in_text: autoDraw = True
48.2453 	EXP 	fade_in_text: autoDraw = True
48.2620 	EXP 	fade_in_text: autoDraw = True
48.2786 	EXP 	fade_in_text: autoDraw = True
48.2956 	EXP 	fade_in_text: autoDraw = True
48.3120 	EXP 	fade_in_text: autoDraw = True
48.3286 	EXP 	fade_in_text: autoDraw = True
48.3453 	EXP 	fade_in_text: autoDraw = True
48.3619 	EXP 	fade_in_text: autoDraw = True
48.3786 	EXP 	fade_in_text: autoDraw = True
48.3955 	EXP 	fade_in_text: autoDraw = True
48.4120 	EXP 	fade_in_text: autoDraw = True
48.4286 	EXP 	fade_in_text: autoDraw = True
48.4453 	EXP 	fade_in_text: autoDraw = True
48.4620 	EXP 	fade_in_text: autoDraw = True
48.4787 	EXP 	fade_in_text: autoDraw = True
48.4955 	EXP 	fade_in_text: autoDraw = True
48.5121 	EXP 	fade_in_text: autoDraw = True
48.5286 	EXP 	fade_in_text: autoDraw = True
48.5453 	EXP 	fade_in_text: autoDraw = True
48.5620 	EXP 	fade_in_text: autoDraw = True
48.5790 	EXP 	fade_in_text: autoDraw = True
48.5943 	EXP 	fade_in_text: autoDraw = True
48.6124 	EXP 	fade_in_text: autoDraw = True
48.6287 	EXP 	fade_in_text: autoDraw = True
48.6453 	EXP 	fade_in_text: autoDraw = True
48.6620 	EXP 	fade_in_text: autoDraw = True
48.6789 	EXP 	fade_in_text: autoDraw = True
48.6954 	EXP 	fade_in_text: autoDraw = True
48.7120 	EXP 	fade_in_text: autoDraw = True
48.7287 	EXP 	fade_in_text: autoDraw = True
48.7453 	EXP 	fade_in_text: autoDraw = True
48.7621 	EXP 	fade_in_text: autoDraw = True
48.7788 	EXP 	fade_in_text: autoDraw = True
48.7953 	EXP 	fade_in_text: autoDraw = True
48.8120 	EXP 	fade_in_text: autoDraw = True
48.8286 	EXP 	fade_in_text: autoDraw = True
48.8454 	EXP 	fade_in_text: autoDraw = True
48.8623 	EXP 	fade_in_text: autoDraw = True
48.8774 	EXP 	fade_in_text: autoDraw = True
48.8957 	EXP 	fade_in_text: autoDraw = True
48.9108 	EXP 	fade_in_text: autoDraw = True
48.9287 	EXP 	fade_in_text: autoDraw = True
48.9453 	EXP 	fade_in_text: autoDraw = True
48.9622 	EXP 	fade_in_text: autoDraw = True
48.9786 	EXP 	fade_in_text: autoDraw = True
48.9953 	EXP 	fade_in_text: autoDraw = True
49.0120 	EXP 	fade_in_text: autoDraw = True
49.0287 	EXP 	fade_in_text: autoDraw = True
49.0453 	EXP 	fade_in_text: autoDraw = True
49.0622 	EXP 	fade_in_text: autoDraw = True
49.0787 	EXP 	fade_in_text: autoDraw = True
49.0953 	EXP 	fade_in_text: autoDraw = True
49.1120 	EXP 	fade_in_text: autoDraw = True
49.1287 	EXP 	fade_in_text: autoDraw = True
49.1456 	EXP 	fade_in_text: autoDraw = True
49.1621 	EXP 	fade_in_text: autoDraw = True
49.1787 	EXP 	fade_in_text: autoDraw = True
49.1953 	EXP 	fade_in_text: autoDraw = True
49.2123 	EXP 	fade_in_text: autoDraw = True
49.2287 	EXP 	fade_in_text: autoDraw = True
49.2455 	EXP 	fade_in_text: autoDraw = True
49.2620 	EXP 	fade_in_text: autoDraw = True
49.2786 	EXP 	fade_in_text: autoDraw = True
49.2953 	EXP 	fade_in_text: autoDraw = True
49.3120 	EXP 	fade_in_text: autoDraw = True
49.3287 	EXP 	fade_in_text: autoDraw = True
49.3456 	EXP 	fade_in_text: autoDraw = True
49.3620 	EXP 	fade_in_text: autoDraw = True
49.3786 	EXP 	fade_in_text: autoDraw = True
49.3953 	EXP 	fade_in_text: autoDraw = True
49.4120 	EXP 	fade_in_text: autoDraw = True
49.4287 	EXP 	fade_in_text: autoDraw = True
49.4456 	EXP 	fade_in_text: autoDraw = True
49.4620 	EXP 	fade_in_text: autoDraw = True
49.4787 	EXP 	fade_in_text: autoDraw = True
49.4953 	EXP 	fade_in_text: autoDraw = True
49.5120 	EXP 	fade_in_text: autoDraw = True
49.5290 	EXP 	fade_in_text: autoDraw = True
49.5453 	EXP 	fade_in_text: autoDraw = True
49.5620 	EXP 	fade_in_text: autoDraw = True
49.5787 	EXP 	fade_in_text: autoDraw = True
49.5953 	EXP 	fade_in_text: autoDraw = True
49.6120 	EXP 	fade_in_text: autoDraw = True
49.6289 	EXP 	fade_in_text: autoDraw = True
49.6453 	EXP 	fade_in_text: autoDraw = True
49.6620 	EXP 	fade_in_text: autoDraw = True
49.6787 	EXP 	fade_in_text: autoDraw = True
49.6953 	EXP 	fade_in_text: autoDraw = True
49.7120 	EXP 	fade_in_text: autoDraw = True
49.7290 	EXP 	fade_in_text: autoDraw = True
49.7454 	EXP 	fade_in_text: autoDraw = True
49.7620 	EXP 	fade_in_text: autoDraw = True
49.7787 	EXP 	fade_in_text: autoDraw = True
49.7953 	EXP 	fade_in_text: autoDraw = True
49.8125 	EXP 	fade_in_text: autoDraw = True
49.8289 	EXP 	fade_in_text: autoDraw = True
49.8455 	EXP 	fade_in_text: autoDraw = True
49.8620 	EXP 	fade_in_text: autoDraw = True
49.8787 	EXP 	fade_in_text: autoDraw = True
49.8954 	EXP 	fade_in_text: autoDraw = True
49.9123 	EXP 	fade_in_text: autoDraw = True
49.9288 	EXP 	fade_in_text: autoDraw = True
49.9454 	EXP 	fade_in_text: autoDraw = True
49.9620 	EXP 	fade_in_text: autoDraw = True
49.9787 	EXP 	fade_in_text: autoDraw = True
49.9954 	EXP 	fade_in_text: autoDraw = True
50.0123 	EXP 	fade_in_text: autoDraw = True
50.0287 	EXP 	fade_in_text: autoDraw = True
50.0483 	EXP 	fade_in_text: autoDraw = True
50.0608 	EXP 	fade_in_text: autoDraw = True
50.0787 	EXP 	fade_in_text: autoDraw = True
50.0955 	EXP 	fade_in_text: autoDraw = True
50.1124 	EXP 	fade_in_text: autoDraw = True
50.1288 	EXP 	fade_in_text: autoDraw = True
50.1454 	EXP 	fade_in_text: autoDraw = True
50.1620 	EXP 	fade_in_text: autoDraw = True
50.1787 	EXP 	fade_in_text: autoDraw = True
50.1954 	EXP 	fade_in_text: autoDraw = True
50.2121 	EXP 	fade_in_text: autoDraw = True
50.2288 	EXP 	fade_in_text: autoDraw = True
50.2454 	EXP 	fade_in_text: autoDraw = True
50.2620 	EXP 	fade_in_text: autoDraw = True
50.2787 	EXP 	fade_in_text: autoDraw = True
50.2956 	EXP 	fade_in_text: autoDraw = True
50.3122 	EXP 	fade_in_text: autoDraw = True
50.3288 	EXP 	fade_in_text: autoDraw = True
50.3454 	EXP 	fade_in_text: autoDraw = True
50.3621 	EXP 	fade_in_text: autoDraw = True
50.3788 	EXP 	fade_in_text: autoDraw = True
50.3957 	EXP 	fade_in_text: autoDraw = True
50.4124 	EXP 	fade_in_text: autoDraw = True
50.4288 	EXP 	fade_in_text: autoDraw = True
50.4454 	EXP 	fade_in_text: autoDraw = True
50.4621 	EXP 	fade_in_text: autoDraw = True
50.4791 	EXP 	fade_in_text: autoDraw = True
50.4942 	EXP 	fade_in_text: autoDraw = True
50.5121 	EXP 	fade_in_text: autoDraw = True
50.5287 	EXP 	fade_in_text: autoDraw = True
50.5454 	EXP 	fade_in_text: autoDraw = True
50.5621 	EXP 	fade_in_text: autoDraw = True
50.5790 	EXP 	fade_in_text: autoDraw = True
50.5955 	EXP 	fade_in_text: autoDraw = True
50.6121 	EXP 	fade_in_text: autoDraw = True
50.6287 	EXP 	fade_in_text: autoDraw = True
50.6454 	EXP 	fade_in_text: autoDraw = True
50.6620 	EXP 	fade_in_text: autoDraw = True
50.6790 	EXP 	fade_in_text: autoDraw = True
50.6954 	EXP 	fade_in_text: autoDraw = True
50.7121 	EXP 	fade_in_text: autoDraw = True
50.7287 	EXP 	fade_in_text: autoDraw = True
50.7454 	EXP 	fade_in_text: autoDraw = True
50.7624 	EXP 	fade_in_text: autoDraw = True
50.7775 	EXP 	fade_in_text: autoDraw = True
50.7952 	EXP 	fade_in_text: autoDraw = True
50.8122 	EXP 	fade_in_text: autoDraw = True
50.8287 	EXP 	fade_in_text: autoDraw = True
50.8455 	EXP 	fade_in_text: autoDraw = True
50.8623 	EXP 	fade_in_text: autoDraw = True
50.8787 	EXP 	fade_in_text: autoDraw = True
50.8955 	EXP 	fade_in_text: autoDraw = True
50.9121 	EXP 	fade_in_text: autoDraw = True
50.9287 	EXP 	fade_in_text: autoDraw = True
50.9454 	EXP 	fade_in_text: autoDraw = True
50.9623 	EXP 	fade_in_text: autoDraw = True
50.9830 	EXP 	fade_in_text: autoDraw = True
50.9953 	EXP 	fade_in_text: autoDraw = True
51.0289 	EXP 	fade_in_text: autoDraw = True
51.0620 	EXP 	fade_in_text: autoDraw = True
51.0788 	EXP 	fade_in_text: autoDraw = True
51.0954 	EXP 	fade_in_text: autoDraw = True
51.1121 	EXP 	fade_in_text: autoDraw = True
51.1287 	EXP 	fade_in_text: autoDraw = True
51.1457 	EXP 	fade_in_text: autoDraw = True
51.1621 	EXP 	fade_in_text: autoDraw = True
51.1788 	EXP 	fade_in_text: autoDraw = True
51.1954 	EXP 	fade_in_text: autoDraw = True
51.2121 	EXP 	fade_in_text: autoDraw = True
51.2287 	EXP 	fade_in_text: autoDraw = True
51.2457 	EXP 	fade_in_text: autoDraw = True
51.2621 	EXP 	fade_in_text: autoDraw = True
51.2788 	EXP 	fade_in_text: autoDraw = True
51.2955 	EXP 	fade_in_text: autoDraw = True
51.3122 	EXP 	fade_in_text: autoDraw = True
51.3290 	EXP 	fade_in_text: autoDraw = True
51.3443 	EXP 	fade_in_text: autoDraw = True
51.3621 	EXP 	fade_in_text: autoDraw = True
51.3788 	EXP 	fade_in_text: autoDraw = True
51.3954 	EXP 	fade_in_text: autoDraw = True
51.4121 	EXP 	fade_in_text: autoDraw = True
51.4291 	EXP 	fade_in_text: autoDraw = True
51.4442 	EXP 	fade_in_text: autoDraw = True
51.4621 	EXP 	fade_in_text: autoDraw = True
51.4788 	EXP 	fade_in_text: autoDraw = True
51.4954 	EXP 	fade_in_text: autoDraw = True
51.5121 	EXP 	fade_in_text: autoDraw = True
51.5290 	EXP 	fade_in_text: autoDraw = True
51.5454 	EXP 	fade_in_text: autoDraw = True
51.5621 	EXP 	fade_in_text: autoDraw = True
51.5788 	EXP 	fade_in_text: autoDraw = True
51.5955 	EXP 	fade_in_text: autoDraw = True
51.6121 	EXP 	fade_in_text: autoDraw = True
51.6290 	EXP 	fade_in_text: autoDraw = True
51.6458 	EXP 	fade_in_text: autoDraw = True
51.6621 	EXP 	fade_in_text: autoDraw = True
51.6788 	EXP 	fade_in_text: autoDraw = True
51.6955 	EXP 	fade_in_text: autoDraw = True
51.7122 	EXP 	fade_in_text: autoDraw = True
51.7290 	EXP 	fade_in_text: autoDraw = True
51.7455 	EXP 	fade_in_text: autoDraw = True
51.7621 	EXP 	fade_in_text: autoDraw = True
51.7788 	EXP 	fade_in_text: autoDraw = True
51.7955 	EXP 	fade_in_text: autoDraw = True
51.8123 	EXP 	fade_in_text: autoDraw = True
51.8289 	EXP 	fade_in_text: autoDraw = True
51.8455 	EXP 	fade_in_text: autoDraw = True
51.8621 	EXP 	fade_in_text: autoDraw = True
51.8788 	EXP 	fade_in_text: autoDraw = True
51.8954 	EXP 	fade_in_text: autoDraw = True
51.9124 	EXP 	fade_in_text: autoDraw = True
51.9290 	EXP 	fade_in_text: autoDraw = True
51.9455 	EXP 	fade_in_text: autoDraw = True
51.9621 	EXP 	fade_in_text: autoDraw = True
51.9788 	EXP 	fade_in_text: autoDraw = True
51.9955 	EXP 	fade_in_text: autoDraw = True
52.0123 	EXP 	fade_in_text: autoDraw = True
52.0289 	EXP 	fade_in_text: autoDraw = True
52.0489 	EXP 	fade_in_text: autoDraw = True
52.0609 	EXP 	fade_in_text: autoDraw = True
52.0788 	EXP 	fade_in_text: autoDraw = True
52.0957 	EXP 	fade_in_text: autoDraw = True
52.1121 	EXP 	fade_in_text: autoDraw = True
52.1289 	EXP 	fade_in_text: autoDraw = True
52.1455 	EXP 	fade_in_text: autoDraw = True
52.1621 	EXP 	fade_in_text: autoDraw = True
52.1788 	EXP 	fade_in_text: autoDraw = True
52.1957 	EXP 	fade_in_text: autoDraw = True
52.2122 	EXP 	fade_in_text: autoDraw = True
52.2288 	EXP 	fade_in_text: autoDraw = True
52.2458 	EXP 	fade_in_text: autoDraw = True
52.2622 	EXP 	fade_in_text: autoDraw = True
52.2789 	EXP 	fade_in_text: autoDraw = True
52.2957 	EXP 	fade_in_text: autoDraw = True
52.3123 	EXP 	fade_in_text: autoDraw = True
52.3289 	EXP 	fade_in_text: autoDraw = True
52.3456 	EXP 	fade_in_text: autoDraw = True
52.3622 	EXP 	fade_in_text: autoDraw = True
52.3789 	EXP 	fade_in_text: autoDraw = True
52.3957 	EXP 	fade_in_text: autoDraw = True
52.4123 	EXP 	fade_in_text: autoDraw = True
52.4288 	EXP 	fade_in_text: autoDraw = True
52.4456 	EXP 	fade_in_text: autoDraw = True
52.4622 	EXP 	fade_in_text: autoDraw = True
52.4792 	EXP 	fade_in_text: autoDraw = True
52.4956 	EXP 	fade_in_text: autoDraw = True
52.5122 	EXP 	fade_in_text: autoDraw = True
52.5288 	EXP 	fade_in_text: autoDraw = True
52.5455 	EXP 	fade_in_text: autoDraw = True
52.5622 	EXP 	fade_in_text: autoDraw = True
52.5791 	EXP 	fade_in_text: autoDraw = True
52.5955 	EXP 	fade_in_text: autoDraw = True
52.6122 	EXP 	fade_in_text: autoDraw = True
52.6288 	EXP 	fade_in_text: autoDraw = True
52.6455 	EXP 	fade_in_text: autoDraw = True
52.6625 	EXP 	fade_in_text: autoDraw = True
52.6778 	EXP 	fade_in_text: autoDraw = True
52.6955 	EXP 	fade_in_text: autoDraw = True
52.7123 	EXP 	fade_in_text: autoDraw = True
52.7289 	EXP 	fade_in_text: autoDraw = True
52.7456 	EXP 	fade_in_text: autoDraw = True
52.7624 	EXP 	fade_in_text: autoDraw = True
52.7789 	EXP 	fade_in_text: autoDraw = True
52.7956 	EXP 	fade_in_text: autoDraw = True
52.8122 	EXP 	fade_in_text: autoDraw = True
52.8289 	EXP 	fade_in_text: autoDraw = True
52.8458 	EXP 	fade_in_text: autoDraw = True
52.8625 	EXP 	fade_in_text: autoDraw = True
52.8789 	EXP 	fade_in_text: autoDraw = True
52.8955 	EXP 	fade_in_text: autoDraw = True
52.9122 	EXP 	fade_in_text: autoDraw = True
52.9289 	EXP 	fade_in_text: autoDraw = True
52.9455 	EXP 	fade_in_text: autoDraw = True
52.9624 	EXP 	fade_in_text: autoDraw = True
52.9788 	EXP 	fade_in_text: autoDraw = True
52.9955 	EXP 	fade_in_text: autoDraw = True
53.0122 	EXP 	fade_in_text: autoDraw = True
53.0288 	EXP 	fade_in_text: autoDraw = True
53.0459 	EXP 	fade_in_text: autoDraw = True
53.0609 	EXP 	fade_in_text: autoDraw = True
53.0790 	EXP 	fade_in_text: autoDraw = True
53.0956 	EXP 	fade_in_text: autoDraw = True
53.1122 	EXP 	fade_in_text: autoDraw = True
53.1289 	EXP 	fade_in_text: autoDraw = True
53.1458 	EXP 	fade_in_text: autoDraw = True
53.1611 	EXP 	fade_in_text: autoDraw = True
53.1789 	EXP 	fade_in_text: autoDraw = True
53.1956 	EXP 	fade_in_text: autoDraw = True
53.2123 	EXP 	fade_in_text: autoDraw = True
53.2290 	EXP 	fade_in_text: autoDraw = True
53.2458 	EXP 	fade_in_text: autoDraw = True
53.2623 	EXP 	fade_in_text: autoDraw = True
53.2789 	EXP 	fade_in_text: autoDraw = True
53.2956 	EXP 	fade_in_text: autoDraw = True
53.3123 	EXP 	fade_in_text: autoDraw = True
53.3292 	EXP 	fade_in_text: autoDraw = True
53.3444 	EXP 	fade_in_text: autoDraw = True
53.3623 	EXP 	fade_in_text: autoDraw = True
53.3790 	EXP 	fade_in_text: autoDraw = True
53.3955 	EXP 	fade_in_text: autoDraw = True
53.4122 	EXP 	fade_in_text: autoDraw = True
53.4292 	EXP 	fade_in_text: autoDraw = True
53.4460 	EXP 	fade_in_text: autoDraw = True
53.4624 	EXP 	fade_in_text: autoDraw = True
53.4789 	EXP 	fade_in_text: autoDraw = True
53.4956 	EXP 	fade_in_text: autoDraw = True
53.5122 	EXP 	fade_in_text: autoDraw = True
53.5292 	EXP 	fade_in_text: autoDraw = True
53.5443 	EXP 	fade_in_text: autoDraw = True
53.5622 	EXP 	fade_in_text: autoDraw = True
53.5789 	EXP 	fade_in_text: autoDraw = True
53.5955 	EXP 	fade_in_text: autoDraw = True
53.6124 	EXP 	fade_in_text: autoDraw = True
53.6290 	EXP 	fade_in_text: autoDraw = True
53.6455 	EXP 	fade_in_text: autoDraw = True
53.6622 	EXP 	fade_in_text: autoDraw = True
53.6789 	EXP 	fade_in_text: autoDraw = True
53.6956 	EXP 	fade_in_text: autoDraw = True
53.7124 	EXP 	fade_in_text: autoDraw = True
53.7289 	EXP 	fade_in_text: autoDraw = True
53.7456 	EXP 	fade_in_text: autoDraw = True
53.7622 	EXP 	fade_in_text: autoDraw = True
53.7790 	EXP 	fade_in_text: autoDraw = True
53.7956 	EXP 	fade_in_text: autoDraw = True
53.8125 	EXP 	fade_in_text: autoDraw = True
53.8279 	EXP 	fade_in_text: autoDraw = True
53.8457 	EXP 	fade_in_text: autoDraw = True
53.8622 	EXP 	fade_in_text: autoDraw = True
53.8789 	EXP 	fade_in_text: autoDraw = True
53.8956 	EXP 	fade_in_text: autoDraw = True
53.9124 	EXP 	fade_in_text: autoDraw = True
53.9289 	EXP 	fade_in_text: autoDraw = True
53.9456 	EXP 	fade_in_text: autoDraw = True
53.9622 	EXP 	fade_in_text: autoDraw = True
53.9789 	EXP 	fade_in_text: autoDraw = True
53.9958 	EXP 	fade_in_text: autoDraw = True
54.0123 	EXP 	fade_in_text: autoDraw = True
54.0289 	EXP 	fade_in_text: autoDraw = True
54.0487 	EXP 	fade_in_text: autoDraw = True
54.0611 	EXP 	fade_in_text: autoDraw = True
54.0787 	EXP 	fade_in_text: autoDraw = True
54.0958 	EXP 	fade_in_text: autoDraw = True
54.1122 	EXP 	fade_in_text: autoDraw = True
54.1289 	EXP 	fade_in_text: autoDraw = True
54.1456 	EXP 	fade_in_text: autoDraw = True
54.1622 	EXP 	fade_in_text: autoDraw = True
54.1789 	EXP 	fade_in_text: autoDraw = True
54.1958 	EXP 	fade_in_text: autoDraw = True
54.2122 	EXP 	fade_in_text: autoDraw = True
54.2290 	EXP 	fade_in_text: autoDraw = True
54.2456 	EXP 	fade_in_text: autoDraw = True
54.2623 	EXP 	fade_in_text: autoDraw = True
54.2793 	EXP 	fade_in_text: autoDraw = True
54.2944 	EXP 	fade_in_text: autoDraw = True
54.3123 	EXP 	fade_in_text: autoDraw = True
54.3289 	EXP 	fade_in_text: autoDraw = True
54.3456 	EXP 	fade_in_text: autoDraw = True
54.3623 	EXP 	fade_in_text: autoDraw = True
54.3792 	EXP 	fade_in_text: autoDraw = True
54.3956 	EXP 	fade_in_text: autoDraw = True
54.4123 	EXP 	fade_in_text: autoDraw = True
54.4290 	EXP 	fade_in_text: autoDraw = True
54.4457 	EXP 	fade_in_text: autoDraw = True
54.4623 	EXP 	fade_in_text: autoDraw = True
54.4792 	EXP 	fade_in_text: autoDraw = True
54.4956 	EXP 	fade_in_text: autoDraw = True
54.5123 	EXP 	fade_in_text: autoDraw = True
54.5290 	EXP 	fade_in_text: autoDraw = True
54.5456 	EXP 	fade_in_text: autoDraw = True
54.5623 	EXP 	fade_in_text: autoDraw = True
54.5792 	EXP 	fade_in_text: autoDraw = True
54.5956 	EXP 	fade_in_text: autoDraw = True
54.6123 	EXP 	fade_in_text: autoDraw = True
54.6290 	EXP 	fade_in_text: autoDraw = True
54.6459 	EXP 	fade_in_text: autoDraw = True
54.6627 	EXP 	fade_in_text: autoDraw = True
54.6777 	EXP 	fade_in_text: autoDraw = True
54.6956 	EXP 	fade_in_text: autoDraw = True
54.7123 	EXP 	fade_in_text: autoDraw = True
54.7289 	EXP 	fade_in_text: autoDraw = True
54.7456 	EXP 	fade_in_text: autoDraw = True
54.7626 	EXP 	fade_in_text: autoDraw = True
54.7790 	EXP 	fade_in_text: autoDraw = True
54.7957 	EXP 	fade_in_text: autoDraw = True
54.8123 	EXP 	fade_in_text: autoDraw = True
54.8290 	EXP 	fade_in_text: autoDraw = True
54.8458 	EXP 	fade_in_text: autoDraw = True
54.8625 	EXP 	fade_in_text: autoDraw = True
54.8790 	EXP 	fade_in_text: autoDraw = True
54.8956 	EXP 	fade_in_text: autoDraw = True
54.9123 	EXP 	fade_in_text: autoDraw = True
54.9290 	EXP 	fade_in_text: autoDraw = True
54.9460 	EXP 	fade_in_text: autoDraw = True
54.9624 	EXP 	fade_in_text: autoDraw = True
54.9790 	EXP 	fade_in_text: autoDraw = True
54.9956 	EXP 	fade_in_text: autoDraw = True
55.0123 	EXP 	fade_in_text: autoDraw = True
55.0290 	EXP 	fade_in_text: autoDraw = True
55.0459 	EXP 	fade_in_text: autoDraw = True
55.0623 	EXP 	fade_in_text: autoDraw = True
55.0790 	EXP 	fade_in_text: autoDraw = True
55.0956 	EXP 	fade_in_text: autoDraw = True
55.1123 	EXP 	fade_in_text: autoDraw = True
55.1290 	EXP 	fade_in_text: autoDraw = True
55.1459 	EXP 	fade_in_text: autoDraw = True
55.1624 	EXP 	fade_in_text: autoDraw = True
55.1790 	EXP 	fade_in_text: autoDraw = True
55.1957 	EXP 	fade_in_text: autoDraw = True
55.2123 	EXP 	fade_in_text: autoDraw = True
55.2293 	EXP 	fade_in_text: autoDraw = True
55.2461 	EXP 	fade_in_text: autoDraw = True
55.2623 	EXP 	fade_in_text: autoDraw = True
55.2790 	EXP 	fade_in_text: autoDraw = True
55.2957 	EXP 	fade_in_text: autoDraw = True
55.3123 	EXP 	fade_in_text: autoDraw = True
55.3292 	EXP 	fade_in_text: autoDraw = True
55.3457 	EXP 	fade_in_text: autoDraw = True
55.3624 	EXP 	fade_in_text: autoDraw = True
55.3790 	EXP 	fade_in_text: autoDraw = True
55.3956 	EXP 	fade_in_text: autoDraw = True
55.4123 	EXP 	fade_in_text: autoDraw = True
55.4292 	EXP 	fade_in_text: autoDraw = True
55.4457 	EXP 	fade_in_text: autoDraw = True
55.4623 	EXP 	fade_in_text: autoDraw = True
55.4790 	EXP 	fade_in_text: autoDraw = True
55.4957 	EXP 	fade_in_text: autoDraw = True
55.5124 	EXP 	fade_in_text: autoDraw = True
55.5292 	EXP 	fade_in_text: autoDraw = True
55.5457 	EXP 	fade_in_text: autoDraw = True
55.5623 	EXP 	fade_in_text: autoDraw = True
55.5791 	EXP 	fade_in_text: autoDraw = True
55.5957 	EXP 	fade_in_text: autoDraw = True
55.6126 	EXP 	fade_in_text: autoDraw = True
55.6290 	EXP 	fade_in_text: autoDraw = True
55.6457 	EXP 	fade_in_text: autoDraw = True
55.6623 	EXP 	fade_in_text: autoDraw = True
55.6790 	EXP 	fade_in_text: autoDraw = True
55.6956 	EXP 	fade_in_text: autoDraw = True
55.7125 	EXP 	fade_in_text: autoDraw = True
55.7290 	EXP 	fade_in_text: autoDraw = True
55.7457 	EXP 	fade_in_text: autoDraw = True
55.7623 	EXP 	fade_in_text: autoDraw = True
55.7790 	EXP 	fade_in_text: autoDraw = True
55.7957 	EXP 	fade_in_text: autoDraw = True
55.8126 	EXP 	fade_in_text: autoDraw = True
55.8290 	EXP 	fade_in_text: autoDraw = True
55.8461 	EXP 	fade_in_text: autoDraw = True
55.8624 	EXP 	fade_in_text: autoDraw = True
55.8790 	EXP 	fade_in_text: autoDraw = True
55.8957 	EXP 	fade_in_text: autoDraw = True
55.9124 	EXP 	fade_in_text: autoDraw = True
55.9327 	EXP 	fade_in_text: autoDraw = True
55.9445 	EXP 	fade_in_text: autoDraw = True
55.9624 	EXP 	fade_in_text: autoDraw = True
55.9790 	EXP 	fade_in_text: autoDraw = True
55.9961 	EXP 	fade_in_text: autoDraw = True
56.0111 	EXP 	fade_in_text: autoDraw = True
56.0290 	EXP 	fade_in_text: autoDraw = True
56.0481 	EXP 	fade_in_text: autoDraw = True
56.0613 	EXP 	fade_in_text: autoDraw = True
56.0790 	EXP 	fade_in_text: autoDraw = True
56.0959 	EXP 	fade_in_text: autoDraw = True
56.1124 	EXP 	fade_in_text: autoDraw = True
56.1290 	EXP 	fade_in_text: autoDraw = True
56.1457 	EXP 	fade_in_text: autoDraw = True
56.1623 	EXP 	fade_in_text: autoDraw = True
56.1790 	EXP 	fade_in_text: autoDraw = True
56.1958 	EXP 	fade_in_text: autoDraw = True
56.2124 	EXP 	fade_in_text: autoDraw = True
56.2291 	EXP 	fade_in_text: autoDraw = True
56.2457 	EXP 	fade_in_text: autoDraw = True
56.2624 	EXP 	fade_in_text: autoDraw = True
56.2792 	EXP 	fade_in_text: autoDraw = True
56.2957 	EXP 	fade_in_text: autoDraw = True
56.3124 	EXP 	fade_in_text: autoDraw = True
56.3290 	EXP 	fade_in_text: autoDraw = True
56.3457 	EXP 	fade_in_text: autoDraw = True
56.3623 	EXP 	fade_in_text: autoDraw = True
56.3793 	EXP 	fade_in_text: autoDraw = True
56.3957 	EXP 	fade_in_text: autoDraw = True
56.4124 	EXP 	fade_in_text: autoDraw = True
56.4290 	EXP 	fade_in_text: autoDraw = True
56.4460 	EXP 	fade_in_text: autoDraw = True
56.4625 	EXP 	fade_in_text: autoDraw = True
56.4793 	EXP 	fade_in_text: autoDraw = True
56.4957 	EXP 	fade_in_text: autoDraw = True
56.5124 	EXP 	fade_in_text: autoDraw = True
56.5291 	EXP 	fade_in_text: autoDraw = True
56.5457 	EXP 	fade_in_text: autoDraw = True
56.5624 	EXP 	fade_in_text: autoDraw = True
56.5792 	EXP 	fade_in_text: autoDraw = True
56.5957 	EXP 	fade_in_text: autoDraw = True
56.6124 	EXP 	fade_in_text: autoDraw = True
56.6290 	EXP 	fade_in_text: autoDraw = True
56.6457 	EXP 	fade_in_text: autoDraw = True
56.6627 	EXP 	fade_in_text: autoDraw = True
56.6791 	EXP 	fade_in_text: autoDraw = True
56.6957 	EXP 	fade_in_text: autoDraw = True
56.7124 	EXP 	fade_in_text: autoDraw = True
56.7290 	EXP 	fade_in_text: autoDraw = True
56.7457 	EXP 	fade_in_text: autoDraw = True
56.7626 	EXP 	fade_in_text: autoDraw = True
56.7791 	EXP 	fade_in_text: autoDraw = True
56.7958 	EXP 	fade_in_text: autoDraw = True
56.8124 	EXP 	fade_in_text: autoDraw = True
56.8291 	EXP 	fade_in_text: autoDraw = True
56.8459 	EXP 	fade_in_text: autoDraw = True
56.8625 	EXP 	fade_in_text: autoDraw = True
56.8790 	EXP 	fade_in_text: autoDraw = True
56.8957 	EXP 	fade_in_text: autoDraw = True
56.9125 	EXP 	fade_in_text: autoDraw = True
56.9291 	EXP 	fade_in_text: autoDraw = True
56.9460 	EXP 	fade_in_text: autoDraw = True
56.9624 	EXP 	fade_in_text: autoDraw = True
56.9791 	EXP 	fade_in_text: autoDraw = True
56.9957 	EXP 	fade_in_text: autoDraw = True
57.0124 	EXP 	fade_in_text: autoDraw = True
57.0291 	EXP 	fade_in_text: autoDraw = True
57.0462 	EXP 	fade_in_text: autoDraw = True
57.0624 	EXP 	fade_in_text: autoDraw = True
57.0791 	EXP 	fade_in_text: autoDraw = True
57.0958 	EXP 	fade_in_text: autoDraw = True
57.1124 	EXP 	fade_in_text: autoDraw = True
57.1291 	EXP 	fade_in_text: autoDraw = True
57.1460 	EXP 	fade_in_text: autoDraw = True
57.1612 	EXP 	fade_in_text: autoDraw = True
57.1791 	EXP 	fade_in_text: autoDraw = True
57.1957 	EXP 	fade_in_text: autoDraw = True
57.2124 	EXP 	fade_in_text: autoDraw = True
57.2293 	EXP 	fade_in_text: autoDraw = True
57.2458 	EXP 	fade_in_text: autoDraw = True
57.2624 	EXP 	fade_in_text: autoDraw = True
57.2791 	EXP 	fade_in_text: autoDraw = True
57.2957 	EXP 	fade_in_text: autoDraw = True
57.3124 	EXP 	fade_in_text: autoDraw = True
57.3293 	EXP 	fade_in_text: autoDraw = True
57.3458 	EXP 	fade_in_text: autoDraw = True
57.3624 	EXP 	fade_in_text: autoDraw = True
57.3791 	EXP 	fade_in_text: autoDraw = True
57.3958 	EXP 	fade_in_text: autoDraw = True
57.4125 	EXP 	fade_in_text: autoDraw = True
57.4294 	EXP 	fade_in_text: autoDraw = True
57.4458 	EXP 	fade_in_text: autoDraw = True
57.4625 	EXP 	fade_in_text: autoDraw = True
57.4792 	EXP 	fade_in_text: autoDraw = True
57.4958 	EXP 	fade_in_text: autoDraw = True
57.5125 	EXP 	fade_in_text: autoDraw = True
57.5294 	EXP 	fade_in_text: autoDraw = True
57.5458 	EXP 	fade_in_text: autoDraw = True
57.5624 	EXP 	fade_in_text: autoDraw = True
57.5790 	EXP 	fade_in_text: autoDraw = True
57.5957 	EXP 	fade_in_text: autoDraw = True
57.6127 	EXP 	fade_in_text: autoDraw = True
57.6291 	EXP 	fade_in_text: autoDraw = True
57.6461 	EXP 	fade_in_text: autoDraw = True
57.6624 	EXP 	fade_in_text: autoDraw = True
57.6791 	EXP 	fade_in_text: autoDraw = True
57.6958 	EXP 	fade_in_text: autoDraw = True
57.7126 	EXP 	fade_in_text: autoDraw = True
57.7291 	EXP 	fade_in_text: autoDraw = True
57.7458 	EXP 	fade_in_text: autoDraw = True
57.7624 	EXP 	fade_in_text: autoDraw = True
57.7791 	EXP 	fade_in_text: autoDraw = True
57.7958 	EXP 	fade_in_text: autoDraw = True
57.8126 	EXP 	fade_in_text: autoDraw = True
57.8291 	EXP 	fade_in_text: autoDraw = True
57.8458 	EXP 	fade_in_text: autoDraw = True
57.8624 	EXP 	fade_in_text: autoDraw = True
57.8791 	EXP 	fade_in_text: autoDraw = True
57.8958 	EXP 	fade_in_text: autoDraw = True
57.9124 	EXP 	fade_in_text: autoDraw = True
57.9291 	EXP 	fade_in_text: autoDraw = True
57.9458 	EXP 	fade_in_text: autoDraw = True
57.9625 	EXP 	fade_in_text: autoDraw = True
57.9791 	EXP 	fade_in_text: autoDraw = True
57.9960 	EXP 	fade_in_text: autoDraw = True
58.0124 	EXP 	fade_in_text: autoDraw = True
58.0291 	EXP 	fade_in_text: autoDraw = True
58.0485 	EXP 	fade_in_text: autoDraw = True
58.0612 	EXP 	fade_in_text: autoDraw = True
58.0789 	EXP 	fade_in_text: autoDraw = True
58.0960 	EXP 	fade_in_text: autoDraw = True
58.1125 	EXP 	fade_in_text: autoDraw = True
58.1292 	EXP 	fade_in_text: autoDraw = True
58.1458 	EXP 	fade_in_text: autoDraw = True
58.1625 	EXP 	fade_in_text: autoDraw = True
58.1793 	EXP 	fade_in_text: autoDraw = True
58.1960 	EXP 	fade_in_text: autoDraw = True
58.2124 	EXP 	fade_in_text: autoDraw = True
58.2292 	EXP 	fade_in_text: autoDraw = True
58.2461 	EXP 	fade_in_text: autoDraw = True
58.2625 	EXP 	fade_in_text: autoDraw = True
58.2794 	EXP 	fade_in_text: autoDraw = True
58.2958 	EXP 	fade_in_text: autoDraw = True
58.3125 	EXP 	fade_in_text: autoDraw = True
58.3292 	EXP 	fade_in_text: autoDraw = True
58.3458 	EXP 	fade_in_text: autoDraw = True
58.3628 	EXP 	fade_in_text: autoDraw = True
58.3780 	EXP 	fade_in_text: autoDraw = True
58.3958 	EXP 	fade_in_text: autoDraw = True
58.4126 	EXP 	fade_in_text: autoDraw = True
58.4291 	EXP 	fade_in_text: autoDraw = True
58.4458 	EXP 	fade_in_text: autoDraw = True
58.4628 	EXP 	fade_in_text: autoDraw = True
58.4779 	EXP 	fade_in_text: autoDraw = True
58.4958 	EXP 	fade_in_text: autoDraw = True
58.5124 	EXP 	fade_in_text: autoDraw = True
58.5293 	EXP 	fade_in_text: autoDraw = True
58.5458 	EXP 	fade_in_text: autoDraw = True
58.5627 	EXP 	fade_in_text: autoDraw = True
58.5791 	EXP 	fade_in_text: autoDraw = True
58.5958 	EXP 	fade_in_text: autoDraw = True
58.6124 	EXP 	fade_in_text: autoDraw = True
58.6293 	EXP 	fade_in_text: autoDraw = True
58.6458 	EXP 	fade_in_text: autoDraw = True
58.6627 	EXP 	fade_in_text: autoDraw = True
58.6791 	EXP 	fade_in_text: autoDraw = True
58.6958 	EXP 	fade_in_text: autoDraw = True
58.7125 	EXP 	fade_in_text: autoDraw = True
58.7291 	EXP 	fade_in_text: autoDraw = True
58.7460 	EXP 	fade_in_text: autoDraw = True
58.7626 	EXP 	fade_in_text: autoDraw = True
58.7792 	EXP 	fade_in_text: autoDraw = True
58.7958 	EXP 	fade_in_text: autoDraw = True
58.8125 	EXP 	fade_in_text: autoDraw = True
58.8291 	EXP 	fade_in_text: autoDraw = True
58.8463 	EXP 	fade_in_text: autoDraw = True
58.8625 	EXP 	fade_in_text: autoDraw = True
58.8791 	EXP 	fade_in_text: autoDraw = True
58.8958 	EXP 	fade_in_text: autoDraw = True
58.9125 	EXP 	fade_in_text: autoDraw = True
58.9293 	EXP 	fade_in_text: autoDraw = True
58.9461 	EXP 	fade_in_text: autoDraw = True
58.9625 	EXP 	fade_in_text: autoDraw = True
58.9791 	EXP 	fade_in_text: autoDraw = True
58.9958 	EXP 	fade_in_text: autoDraw = True
59.0125 	EXP 	fade_in_text: autoDraw = True
59.0292 	EXP 	fade_in_text: autoDraw = True
59.0461 	EXP 	fade_in_text: autoDraw = True
59.0613 	EXP 	fade_in_text: autoDraw = True
59.0792 	EXP 	fade_in_text: autoDraw = True
59.0958 	EXP 	fade_in_text: autoDraw = True
59.1125 	EXP 	fade_in_text: autoDraw = True
59.1295 	EXP 	fade_in_text: autoDraw = True
59.1446 	EXP 	fade_in_text: autoDraw = True
59.1625 	EXP 	fade_in_text: autoDraw = True
59.1792 	EXP 	fade_in_text: autoDraw = True
59.1958 	EXP 	fade_in_text: autoDraw = True
59.2125 	EXP 	fade_in_text: autoDraw = True
59.2293 	EXP 	fade_in_text: autoDraw = True
59.2460 	EXP 	fade_in_text: autoDraw = True
59.2626 	EXP 	fade_in_text: autoDraw = True
59.2792 	EXP 	fade_in_text: autoDraw = True
59.2959 	EXP 	fade_in_text: autoDraw = True
59.3125 	EXP 	fade_in_text: autoDraw = True
59.3294 	EXP 	fade_in_text: autoDraw = True
59.3458 	EXP 	fade_in_text: autoDraw = True
59.3625 	EXP 	fade_in_text: autoDraw = True
59.3792 	EXP 	fade_in_text: autoDraw = True
59.3959 	EXP 	fade_in_text: autoDraw = True
59.4126 	EXP 	fade_in_text: autoDraw = True
59.4294 	EXP 	fade_in_text: autoDraw = True
59.4462 	EXP 	fade_in_text: autoDraw = True
59.4625 	EXP 	fade_in_text: autoDraw = True
59.4792 	EXP 	fade_in_text: autoDraw = True
59.4959 	EXP 	fade_in_text: autoDraw = True
59.5128 	EXP 	fade_in_text: autoDraw = True
59.5293 	EXP 	fade_in_text: autoDraw = True
59.5459 	EXP 	fade_in_text: autoDraw = True
59.5626 	EXP 	fade_in_text: autoDraw = True
59.5790 	EXP 	fade_in_text: autoDraw = True
59.5958 	EXP 	fade_in_text: autoDraw = True
59.6127 	EXP 	fade_in_text: autoDraw = True
59.6292 	EXP 	fade_in_text: autoDraw = True
59.6459 	EXP 	fade_in_text: autoDraw = True
59.6625 	EXP 	fade_in_text: autoDraw = True
59.6792 	EXP 	fade_in_text: autoDraw = True
59.6959 	EXP 	fade_in_text: autoDraw = True
59.7128 	EXP 	fade_in_text: autoDraw = True
59.7292 	EXP 	fade_in_text: autoDraw = True
59.7458 	EXP 	fade_in_text: autoDraw = True
59.7625 	EXP 	fade_in_text: autoDraw = True
59.7792 	EXP 	fade_in_text: autoDraw = True
59.7960 	EXP 	fade_in_text: autoDraw = True
59.8127 	EXP 	fade_in_text: autoDraw = True
59.8292 	EXP 	fade_in_text: autoDraw = True
59.8460 	EXP 	fade_in_text: autoDraw = True
59.8625 	EXP 	fade_in_text: autoDraw = True
59.8792 	EXP 	fade_in_text: autoDraw = True
59.8961 	EXP 	fade_in_text: autoDraw = True
59.9125 	EXP 	fade_in_text: autoDraw = True
59.9292 	EXP 	fade_in_text: autoDraw = True
59.9459 	EXP 	fade_in_text: autoDraw = True
59.9625 	EXP 	fade_in_text: autoDraw = True
59.9792 	EXP 	fade_in_text: autoDraw = True
59.9960 	EXP 	fade_in_text: autoDraw = True
60.0126 	EXP 	fade_in_text: autoDraw = True
60.0294 	EXP 	fade_in_text: autoDraw = True
60.0495 	EXP 	fade_in_text: autoDraw = True
60.0613 	EXP 	fade_in_text: autoDraw = True
60.0796 	EXP 	fade_in_text: autoDraw = True
60.0947 	EXP 	fade_in_text: autoDraw = True
60.1125 	EXP 	fade_in_text: autoDraw = True
60.1293 	EXP 	fade_in_text: autoDraw = True
60.1459 	EXP 	fade_in_text: autoDraw = True
60.1625 	EXP 	fade_in_text: autoDraw = True
60.1794 	EXP 	fade_in_text: autoDraw = True
60.1959 	EXP 	fade_in_text: autoDraw = True
60.2125 	EXP 	fade_in_text: autoDraw = True
60.2292 	EXP 	fade_in_text: autoDraw = True
60.2459 	EXP 	fade_in_text: autoDraw = True
60.2625 	EXP 	fade_in_text: autoDraw = True
60.2795 	EXP 	fade_in_text: autoDraw = True
60.2959 	EXP 	fade_in_text: autoDraw = True
60.3126 	EXP 	fade_in_text: autoDraw = True
60.3292 	EXP 	fade_in_text: autoDraw = True
60.3459 	EXP 	fade_in_text: autoDraw = True
60.3626 	EXP 	fade_in_text: autoDraw = True
60.3795 	EXP 	fade_in_text: autoDraw = True
60.3959 	EXP 	fade_in_text: autoDraw = True
60.4126 	EXP 	fade_in_text: autoDraw = True
60.4292 	EXP 	fade_in_text: autoDraw = True
60.4459 	EXP 	fade_in_text: autoDraw = True
60.4629 	EXP 	fade_in_text: autoDraw = True
60.4781 	EXP 	fade_in_text: autoDraw = True
60.4959 	EXP 	fade_in_text: autoDraw = True
60.5126 	EXP 	fade_in_text: autoDraw = True
60.5292 	EXP 	fade_in_text: autoDraw = True
60.5459 	EXP 	fade_in_text: autoDraw = True
60.5628 	EXP 	fade_in_text: autoDraw = True
60.5793 	EXP 	fade_in_text: autoDraw = True
60.5959 	EXP 	fade_in_text: autoDraw = True
60.6127 	EXP 	fade_in_text: autoDraw = True
60.6293 	EXP 	fade_in_text: autoDraw = True
60.6463 	EXP 	fade_in_text: autoDraw = True
60.6629 	EXP 	fade_in_text: autoDraw = True
60.6792 	EXP 	fade_in_text: autoDraw = True
60.6961 	EXP 	fade_in_text: autoDraw = True
60.7126 	EXP 	fade_in_text: autoDraw = True
60.7293 	EXP 	fade_in_text: autoDraw = True
60.7460 	EXP 	fade_in_text: autoDraw = True
60.7628 	EXP 	fade_in_text: autoDraw = True
60.7792 	EXP 	fade_in_text: autoDraw = True
60.7960 	EXP 	fade_in_text: autoDraw = True
60.8126 	EXP 	fade_in_text: autoDraw = True
60.8293 	EXP 	fade_in_text: autoDraw = True
60.8461 	EXP 	fade_in_text: autoDraw = True
60.8626 	EXP 	fade_in_text: autoDraw = True
60.8792 	EXP 	fade_in_text: autoDraw = True
60.8959 	EXP 	fade_in_text: autoDraw = True
60.9126 	EXP 	fade_in_text: autoDraw = True
60.9292 	EXP 	fade_in_text: autoDraw = True
60.9461 	EXP 	fade_in_text: autoDraw = True
60.9626 	EXP 	fade_in_text: autoDraw = True
60.9781 	EXP 	fade_in_text: autoDraw = True
60.9959 	EXP 	fade_in_text: autoDraw = True
61.0126 	EXP 	fade_in_text: autoDraw = True
61.0292 	EXP 	fade_in_text: autoDraw = True
61.0461 	EXP 	fade_in_text: autoDraw = True
61.0626 	EXP 	fade_in_text: autoDraw = True
61.0792 	EXP 	fade_in_text: autoDraw = True
61.0959 	EXP 	fade_in_text: autoDraw = True
61.1126 	EXP 	fade_in_text: autoDraw = True
61.1295 	EXP 	fade_in_text: autoDraw = True
61.1459 	EXP 	fade_in_text: autoDraw = True
61.1626 	EXP 	fade_in_text: autoDraw = True
61.1792 	EXP 	fade_in_text: autoDraw = True
61.1959 	EXP 	fade_in_text: autoDraw = True
61.2126 	EXP 	fade_in_text: autoDraw = True
61.2295 	EXP 	fade_in_text: autoDraw = True
61.2463 	EXP 	fade_in_text: autoDraw = True
61.2626 	EXP 	fade_in_text: autoDraw = True
61.2792 	EXP 	fade_in_text: autoDraw = True
61.2959 	EXP 	fade_in_text: autoDraw = True
61.3126 	EXP 	fade_in_text: autoDraw = True
61.3296 	EXP 	fade_in_text: autoDraw = True
61.3459 	EXP 	fade_in_text: autoDraw = True
61.3626 	EXP 	fade_in_text: autoDraw = True
61.3793 	EXP 	fade_in_text: autoDraw = True
61.3959 	EXP 	fade_in_text: autoDraw = True
61.4129 	EXP 	fade_in_text: autoDraw = True
61.4281 	EXP 	fade_in_text: autoDraw = True
61.4460 	EXP 	fade_in_text: autoDraw = True
61.4626 	EXP 	fade_in_text: autoDraw = True
61.4793 	EXP 	fade_in_text: autoDraw = True
61.4960 	EXP 	fade_in_text: autoDraw = True
61.5128 	EXP 	fade_in_text: autoDraw = True
61.5293 	EXP 	fade_in_text: autoDraw = True
61.5459 	EXP 	fade_in_text: autoDraw = True
61.5626 	EXP 	fade_in_text: autoDraw = True
61.5793 	EXP 	fade_in_text: autoDraw = True
61.5959 	EXP 	fade_in_text: autoDraw = True
61.6130 	EXP 	fade_in_text: autoDraw = True
61.6281 	EXP 	fade_in_text: autoDraw = True
61.6460 	EXP 	fade_in_text: autoDraw = True
61.6626 	EXP 	fade_in_text: autoDraw = True
61.6793 	EXP 	fade_in_text: autoDraw = True
61.6963 	EXP 	fade_in_text: autoDraw = True
61.7114 	EXP 	fade_in_text: autoDraw = True
61.7293 	EXP 	fade_in_text: autoDraw = True
61.7461 	EXP 	fade_in_text: autoDraw = True
61.7626 	EXP 	fade_in_text: autoDraw = True
61.7793 	EXP 	fade_in_text: autoDraw = True
61.7962 	EXP 	fade_in_text: autoDraw = True
61.8126 	EXP 	fade_in_text: autoDraw = True
61.8293 	EXP 	fade_in_text: autoDraw = True
61.8464 	EXP 	fade_in_text: autoDraw = True
61.8626 	EXP 	fade_in_text: autoDraw = True
61.8793 	EXP 	fade_in_text: autoDraw = True
61.8962 	EXP 	fade_in_text: autoDraw = True
61.9126 	EXP 	fade_in_text: autoDraw = True
61.9293 	EXP 	fade_in_text: autoDraw = True
61.9460 	EXP 	fade_in_text: autoDraw = True
61.9626 	EXP 	fade_in_text: autoDraw = True
61.9794 	EXP 	fade_in_text: autoDraw = True
61.9962 	EXP 	fade_in_text: autoDraw = True
62.0126 	EXP 	fade_in_text: autoDraw = True
62.0295 	EXP 	fade_in_text: autoDraw = True
62.0497 	EXP 	fade_in_text: autoDraw = True
62.0614 	EXP 	fade_in_text: autoDraw = True
62.0795 	EXP 	fade_in_text: autoDraw = True
62.0960 	EXP 	fade_in_text: autoDraw = True
62.1127 	EXP 	fade_in_text: autoDraw = True
62.1293 	EXP 	fade_in_text: autoDraw = True
62.1460 	EXP 	fade_in_text: autoDraw = True
62.1627 	EXP 	fade_in_text: autoDraw = True
62.1796 	EXP 	fade_in_text: autoDraw = True
62.1960 	EXP 	fade_in_text: autoDraw = True
62.2127 	EXP 	fade_in_text: autoDraw = True
62.2294 	EXP 	fade_in_text: autoDraw = True
62.2460 	EXP 	fade_in_text: autoDraw = True
62.2627 	EXP 	fade_in_text: autoDraw = True
62.2796 	EXP 	fade_in_text: autoDraw = True
62.2960 	EXP 	fade_in_text: autoDraw = True
62.3128 	EXP 	fade_in_text: autoDraw = True
62.3294 	EXP 	fade_in_text: autoDraw = True
62.3461 	EXP 	fade_in_text: autoDraw = True
62.3631 	EXP 	fade_in_text: autoDraw = True
62.3782 	EXP 	fade_in_text: autoDraw = True
62.3961 	EXP 	fade_in_text: autoDraw = True
62.4127 	EXP 	fade_in_text: autoDraw = True
62.4294 	EXP 	fade_in_text: autoDraw = True
62.4464 	EXP 	fade_in_text: autoDraw = True
62.4630 	EXP 	fade_in_text: autoDraw = True
62.4781 	EXP 	fade_in_text: autoDraw = True
62.4960 	EXP 	fade_in_text: autoDraw = True
62.5127 	EXP 	fade_in_text: autoDraw = True
62.5293 	EXP 	fade_in_text: autoDraw = True
62.5460 	EXP 	fade_in_text: autoDraw = True
62.5629 	EXP 	fade_in_text: autoDraw = True
62.5793 	EXP 	fade_in_text: autoDraw = True
62.5960 	EXP 	fade_in_text: autoDraw = True
62.6127 	EXP 	fade_in_text: autoDraw = True
62.6294 	EXP 	fade_in_text: autoDraw = True
62.6463 	EXP 	fade_in_text: autoDraw = True
62.6614 	EXP 	fade_in_text: autoDraw = True
62.6793 	EXP 	fade_in_text: autoDraw = True
62.6960 	EXP 	fade_in_text: autoDraw = True
62.7127 	EXP 	fade_in_text: autoDraw = True
62.7293 	EXP 	fade_in_text: autoDraw = True
62.7463 	EXP 	fade_in_text: autoDraw = True
62.7627 	EXP 	fade_in_text: autoDraw = True
62.7793 	EXP 	fade_in_text: autoDraw = True
62.7960 	EXP 	fade_in_text: autoDraw = True
62.8126 	EXP 	fade_in_text: autoDraw = True
62.8293 	EXP 	fade_in_text: autoDraw = True
62.8463 	EXP 	fade_in_text: autoDraw = True
62.8627 	EXP 	fade_in_text: autoDraw = True
62.8793 	EXP 	fade_in_text: autoDraw = True
62.8960 	EXP 	fade_in_text: autoDraw = True
62.9127 	EXP 	fade_in_text: autoDraw = True
62.9295 	EXP 	fade_in_text: autoDraw = True
62.9462 	EXP 	fade_in_text: autoDraw = True
62.9627 	EXP 	fade_in_text: autoDraw = True
62.9794 	EXP 	fade_in_text: autoDraw = True
62.9961 	EXP 	fade_in_text: autoDraw = True
63.0127 	EXP 	fade_in_text: autoDraw = True
63.0297 	EXP 	fade_in_text: autoDraw = True
63.0451 	EXP 	fade_in_text: autoDraw = True
63.0627 	EXP 	fade_in_text: autoDraw = True
63.0794 	EXP 	fade_in_text: autoDraw = True
63.0960 	EXP 	fade_in_text: autoDraw = True
63.1127 	EXP 	fade_in_text: autoDraw = True
63.1296 	EXP 	fade_in_text: autoDraw = True
63.1460 	EXP 	fade_in_text: autoDraw = True
63.1627 	EXP 	fade_in_text: autoDraw = True
63.1793 	EXP 	fade_in_text: autoDraw = True
63.1961 	EXP 	fade_in_text: autoDraw = True
63.2128 	EXP 	fade_in_text: autoDraw = True
63.2296 	EXP 	fade_in_text: autoDraw = True
63.2461 	EXP 	fade_in_text: autoDraw = True
63.2628 	EXP 	fade_in_text: autoDraw = True
63.2794 	EXP 	fade_in_text: autoDraw = True
63.2960 	EXP 	fade_in_text: autoDraw = True
63.3130 	EXP 	fade_in_text: autoDraw = True
63.3294 	EXP 	fade_in_text: autoDraw = True
63.3460 	EXP 	fade_in_text: autoDraw = True
63.3627 	EXP 	fade_in_text: autoDraw = True
63.3794 	EXP 	fade_in_text: autoDraw = True
63.3960 	EXP 	fade_in_text: autoDraw = True
63.4129 	EXP 	fade_in_text: autoDraw = True
63.4294 	EXP 	fade_in_text: autoDraw = True
63.4460 	EXP 	fade_in_text: autoDraw = True
63.4627 	EXP 	fade_in_text: autoDraw = True
63.4794 	EXP 	fade_in_text: autoDraw = True
63.4960 	EXP 	fade_in_text: autoDraw = True
63.5130 	EXP 	fade_in_text: autoDraw = True
63.5294 	EXP 	fade_in_text: autoDraw = True
63.5460 	EXP 	fade_in_text: autoDraw = True
63.5627 	EXP 	fade_in_text: autoDraw = True
63.5794 	EXP 	fade_in_text: autoDraw = True
63.5964 	EXP 	fade_in_text: autoDraw = True
63.6117 	EXP 	fade_in_text: autoDraw = True
63.6295 	EXP 	fade_in_text: autoDraw = True
63.6466 	EXP 	fade_in_text: autoDraw = True
63.6628 	EXP 	fade_in_text: autoDraw = True
63.6795 	EXP 	fade_in_text: autoDraw = True
63.6963 	EXP 	fade_in_text: autoDraw = True
63.7117 	EXP 	fade_in_text: autoDraw = True
63.7295 	EXP 	fade_in_text: autoDraw = True
63.7462 	EXP 	fade_in_text: autoDraw = True
63.7628 	EXP 	fade_in_text: autoDraw = True
63.7794 	EXP 	fade_in_text: autoDraw = True
63.7963 	EXP 	fade_in_text: autoDraw = True
63.8127 	EXP 	fade_in_text: autoDraw = True
63.8294 	EXP 	fade_in_text: autoDraw = True
63.8461 	EXP 	fade_in_text: autoDraw = True
63.8628 	EXP 	fade_in_text: autoDraw = True
63.8796 	EXP 	fade_in_text: autoDraw = True
63.8962 	EXP 	fade_in_text: autoDraw = True
63.9128 	EXP 	fade_in_text: autoDraw = True
63.9294 	EXP 	fade_in_text: autoDraw = True
63.9461 	EXP 	fade_in_text: autoDraw = True
63.9628 	EXP 	fade_in_text: autoDraw = True
63.9797 	EXP 	fade_in_text: autoDraw = True
63.9961 	EXP 	fade_in_text: autoDraw = True
64.0127 	EXP 	fade_in_text: autoDraw = True
64.0294 	EXP 	fade_in_text: autoDraw = True
64.0497 	EXP 	fade_in_text: autoDraw = True
64.0615 	EXP 	fade_in_text: autoDraw = True
64.0796 	EXP 	fade_in_text: autoDraw = True
64.0960 	EXP 	fade_in_text: autoDraw = True
64.1127 	EXP 	fade_in_text: autoDraw = True
64.1295 	EXP 	fade_in_text: autoDraw = True
64.1461 	EXP 	fade_in_text: autoDraw = True
64.1628 	EXP 	fade_in_text: autoDraw = True
64.1796 	EXP 	fade_in_text: autoDraw = True
64.1961 	EXP 	fade_in_text: autoDraw = True
64.2127 	EXP 	fade_in_text: autoDraw = True
64.2294 	EXP 	fade_in_text: autoDraw = True
64.2464 	EXP 	fade_in_text: autoDraw = True
64.2630 	EXP 	fade_in_text: autoDraw = True
64.2794 	EXP 	fade_in_text: autoDraw = True
64.2961 	EXP 	fade_in_text: autoDraw = True
64.3128 	EXP 	fade_in_text: autoDraw = True
64.3294 	EXP 	fade_in_text: autoDraw = True
64.3461 	EXP 	fade_in_text: autoDraw = True
64.3630 	EXP 	fade_in_text: autoDraw = True
64.3795 	EXP 	fade_in_text: autoDraw = True
64.3962 	EXP 	fade_in_text: autoDraw = True
64.4129 	EXP 	fade_in_text: autoDraw = True
64.4295 	EXP 	fade_in_text: autoDraw = True
64.4462 	EXP 	fade_in_text: autoDraw = True
64.4631 	EXP 	fade_in_text: autoDraw = True
64.4784 	EXP 	fade_in_text: autoDraw = True
64.4962 	EXP 	fade_in_text: autoDraw = True
64.5128 	EXP 	fade_in_text: autoDraw = True
64.5295 	EXP 	fade_in_text: autoDraw = True
64.5464 	EXP 	fade_in_text: autoDraw = True
64.5631 	EXP 	fade_in_text: autoDraw = True
64.5795 	EXP 	fade_in_text: autoDraw = True
64.5962 	EXP 	fade_in_text: autoDraw = True
64.6128 	EXP 	fade_in_text: autoDraw = True
64.6295 	EXP 	fade_in_text: autoDraw = True
64.6464 	EXP 	fade_in_text: autoDraw = True
64.6629 	EXP 	fade_in_text: autoDraw = True
64.6795 	EXP 	fade_in_text: autoDraw = True
64.6961 	EXP 	fade_in_text: autoDraw = True
64.7128 	EXP 	fade_in_text: autoDraw = True
64.7294 	EXP 	fade_in_text: autoDraw = True
64.7464 	EXP 	fade_in_text: autoDraw = True
64.7629 	EXP 	fade_in_text: autoDraw = True
64.7795 	EXP 	fade_in_text: autoDraw = True
64.7962 	EXP 	fade_in_text: autoDraw = True
64.8129 	EXP 	fade_in_text: autoDraw = True
64.8296 	EXP 	fade_in_text: autoDraw = True
64.8467 	EXP 	fade_in_text: autoDraw = True
64.8628 	EXP 	fade_in_text: autoDraw = True
64.8794 	EXP 	fade_in_text: autoDraw = True
64.8961 	EXP 	fade_in_text: autoDraw = True
64.9128 	EXP 	fade_in_text: autoDraw = True
64.9298 	EXP 	fade_in_text: autoDraw = True
64.9449 	EXP 	fade_in_text: autoDraw = True
64.9628 	EXP 	fade_in_text: autoDraw = True
64.9796 	EXP 	fade_in_text: autoDraw = True
64.9962 	EXP 	fade_in_text: autoDraw = True
65.0129 	EXP 	fade_in_text: autoDraw = True
65.0297 	EXP 	fade_in_text: autoDraw = True
65.0461 	EXP 	fade_in_text: autoDraw = True
65.0629 	EXP 	fade_in_text: autoDraw = True
65.0795 	EXP 	fade_in_text: autoDraw = True
65.0962 	EXP 	fade_in_text: autoDraw = True
65.1130 	EXP 	fade_in_text: autoDraw = True
65.1298 	EXP 	fade_in_text: autoDraw = True
65.1450 	EXP 	fade_in_text: autoDraw = True
65.1629 	EXP 	fade_in_text: autoDraw = True
65.1795 	EXP 	fade_in_text: autoDraw = True
65.1961 	EXP 	fade_in_text: autoDraw = True
68.2286 	EXP 	fade_in_text: autoDraw = False
68.2286 	EXP 	RS_intro_title: autoDraw = True
68.2286 	EXP 	RS_intro_text: autoDraw = True
91.2463 	EXP 	RS_intro_title: autoDraw = False
91.2463 	EXP 	RS_intro_text: autoDraw = False
91.2463 	EXP 	RS_intro_title: autoDraw = False
91.2463 	EXP 	RS_intro_text: autoDraw = False
91.2463 	EXP 	RS_rec_text: text = 'Please keep relaxed and open your eyes.\nNote: Blinking is allowed.'
91.2463 	EXP 	RS_rec_text: autoDraw = True
253.2973 	WARNING 	Got keycode {} but that code isn't yet known
253.2973 	WARNING 	Keypress was given unknown key code (134)
263.3318 	WARNING 	Got keycode {} but that code isn't yet known
263.3318 	WARNING 	Keypress was given unknown key code (134)
271.2883 	EXP 	RS_rec_text: autoDraw = False
273.0719 	EXP 	RS_rec_cont: autoDraw = True
436.5145 	DATA 	Mouse: Left button down, pos=(319,104)
436.6144 	DATA 	Mouse:  Left button up, pos=(319,104)
437.1147 	DATA 	Keypress: space
439.2335 	EXP 	RS_rec_text: autoDraw = False
439.2335 	EXP 	RS_rec_cont: autoDraw = False
439.2335 	EXP 	RS_intro_title: autoDraw = True
439.2335 	EXP 	RS_intro_text: autoDraw = True
440.5827 	DATA 	Keypress: lctrl
440.5828 	DATA 	Keypress: lalt
462.2989 	EXP 	RS_intro_title: autoDraw = False
462.2989 	EXP 	RS_intro_text: autoDraw = False
462.2989 	EXP 	RS_intro_title: autoDraw = False
462.2989 	EXP 	RS_intro_text: autoDraw = False
462.2989 	EXP 	RS_rec_text: text = 'Please keep relaxed and close your eyes.\n'
462.2989 	EXP 	RS_rec_text: autoDraw = True
642.3404 	EXP 	RS_rec_text: autoDraw = False
644.1239 	EXP 	RS_rec_cont: autoDraw = True
724.7789 	DATA 	Keypress: space
726.8457 	EXP 	RS_rec_text: autoDraw = False
726.8457 	EXP 	RS_rec_cont: autoDraw = False
726.8457 	EXP 	Pause_cont: text = 'Press [space] key to continue.'
726.8457 	EXP 	Pause_cont: autoDraw = True
866.5691 	DATA 	Keypress: space
869.6693 	EXP 	Pause_cont: autoDraw = False
869.6693 	EXP 	QA_intro_title: autoDraw = True
869.6693 	EXP 	QA_intro_text: autoDraw = True
909.0871 	EXP 	QA_intro_cont: autoDraw = True
909.7037 	EXP 	QA_intro_title: autoDraw = False
909.7037 	EXP 	QA_intro_text: autoDraw = False
950.9903 	DATA 	Keypress: space
952.0591 	EXP 	Created sequence: random, trialTypes=1, nReps=2, seed=None
952.0593 	EXP 	New trial (rep=0, index=0): None
953.0624 	EXP 	Created sequence: random, trialTypes=1, nReps=25, seed=None
953.0634 	EXP 	New trial (rep=0, index=0): None
954.0897 	EXP 	QA_intro_title: autoDraw = False
954.0897 	EXP 	QA_intro_text: autoDraw = False
954.0897 	EXP 	QA_intro_cont: autoDraw = False
954.0897 	EXP 	QA_rec_text: autoDraw = True
972.0952 	EXP 	New trial (rep=1, index=0): None
973.1236 	EXP 	QA_rec_text: autoDraw = False
973.1236 	EXP 	QA_rec_break: autoDraw = False
973.1236 	EXP 	QA_rec_text: autoDraw = True
992.0619 	EXP 	New trial (rep=2, index=0): None
993.0918 	EXP 	QA_rec_text: autoDraw = False
993.0918 	EXP 	QA_rec_break: autoDraw = False
993.0918 	EXP 	QA_rec_text: autoDraw = True
1011.0765 	EXP 	QA_rec_break: autoDraw = True
1012.0823 	EXP 	New trial (rep=3, index=0): None
1013.1096 	EXP 	QA_rec_text: autoDraw = False
1013.1096 	EXP 	QA_rec_break: autoDraw = False
1013.1096 	EXP 	QA_rec_text: autoDraw = True
1032.0826 	EXP 	New trial (rep=4, index=0): None
1033.1108 	EXP 	QA_rec_text: autoDraw = False
1033.1108 	EXP 	QA_rec_break: autoDraw = False
1033.1108 	EXP 	QA_rec_text: autoDraw = True
1052.0834 	EXP 	New trial (rep=5, index=0): None
1053.1116 	EXP 	QA_rec_text: autoDraw = False
1053.1116 	EXP 	QA_rec_break: autoDraw = False
1053.1116 	EXP 	QA_rec_text: autoDraw = True
1072.0822 	EXP 	New trial (rep=6, index=0): None
1073.1120 	EXP 	QA_rec_text: autoDraw = False
1073.1120 	EXP 	QA_rec_break: autoDraw = False
1073.1120 	EXP 	QA_rec_text: autoDraw = True
1092.0858 	EXP 	New trial (rep=7, index=0): None
1093.1131 	EXP 	QA_rec_text: autoDraw = False
1093.1131 	EXP 	QA_rec_break: autoDraw = False
1093.1131 	EXP 	QA_rec_text: autoDraw = True
1112.0852 	EXP 	New trial (rep=8, index=0): None
1113.1145 	EXP 	QA_rec_text: autoDraw = False
1113.1145 	EXP 	QA_rec_break: autoDraw = False
1113.1145 	EXP 	QA_rec_text: autoDraw = True
1132.0869 	EXP 	New trial (rep=9, index=0): None
1133.1157 	EXP 	QA_rec_text: autoDraw = False
1133.1157 	EXP 	QA_rec_break: autoDraw = False
1133.1157 	EXP 	QA_rec_text: autoDraw = True
1152.0864 	EXP 	New trial (rep=10, index=0): None
1153.1166 	EXP 	QA_rec_text: autoDraw = False
1153.1166 	EXP 	QA_rec_break: autoDraw = False
1153.1166 	EXP 	QA_rec_text: autoDraw = True
1172.0880 	EXP 	New trial (rep=11, index=0): None
1173.1176 	EXP 	QA_rec_text: autoDraw = False
1173.1176 	EXP 	QA_rec_break: autoDraw = False
1173.1176 	EXP 	QA_rec_text: autoDraw = True
1192.0723 	EXP 	New trial (rep=12, index=0): None
1193.1021 	EXP 	QA_rec_text: autoDraw = False
1193.1021 	EXP 	QA_rec_break: autoDraw = False
1193.1021 	EXP 	QA_rec_text: autoDraw = True
1212.0736 	EXP 	New trial (rep=13, index=0): None
1213.1022 	EXP 	QA_rec_text: autoDraw = False
1213.1022 	EXP 	QA_rec_break: autoDraw = False
1213.1022 	EXP 	QA_rec_text: autoDraw = True
1232.0746 	EXP 	New trial (rep=14, index=0): None
1233.1039 	EXP 	QA_rec_text: autoDraw = False
1233.1039 	EXP 	QA_rec_break: autoDraw = False
1233.1039 	EXP 	QA_rec_text: autoDraw = True
1252.0753 	EXP 	New trial (rep=15, index=0): None
1253.1043 	EXP 	QA_rec_text: autoDraw = False
1253.1043 	EXP 	QA_rec_break: autoDraw = False
1253.1043 	EXP 	QA_rec_text: autoDraw = True
1272.0761 	EXP 	New trial (rep=16, index=0): None
1273.1059 	EXP 	QA_rec_text: autoDraw = False
1273.1059 	EXP 	QA_rec_break: autoDraw = False
1273.1059 	EXP 	QA_rec_text: autoDraw = True
1292.0788 	EXP 	New trial (rep=17, index=0): None
1293.1066 	EXP 	QA_rec_text: autoDraw = False
1293.1066 	EXP 	QA_rec_break: autoDraw = False
1293.1066 	EXP 	QA_rec_text: autoDraw = True
1312.0775 	EXP 	New trial (rep=18, index=0): None
1313.1075 	EXP 	QA_rec_text: autoDraw = False
1313.1075 	EXP 	QA_rec_break: autoDraw = False
1313.1075 	EXP 	QA_rec_text: autoDraw = True
1332.0801 	EXP 	New trial (rep=19, index=0): None
1333.1085 	EXP 	QA_rec_text: autoDraw = False
1333.1085 	EXP 	QA_rec_break: autoDraw = False
1333.1085 	EXP 	QA_rec_text: autoDraw = True
1352.0795 	EXP 	New trial (rep=20, index=0): None
1353.1098 	EXP 	QA_rec_text: autoDraw = False
1353.1098 	EXP 	QA_rec_break: autoDraw = False
1353.1098 	EXP 	QA_rec_text: autoDraw = True
1372.0828 	EXP 	New trial (rep=21, index=0): None
1373.1104 	EXP 	QA_rec_text: autoDraw = False
1373.1104 	EXP 	QA_rec_break: autoDraw = False
1373.1104 	EXP 	QA_rec_text: autoDraw = True
1392.0815 	EXP 	New trial (rep=22, index=0): None
1393.1114 	EXP 	QA_rec_text: autoDraw = False
1393.1114 	EXP 	QA_rec_break: autoDraw = False
1393.1114 	EXP 	QA_rec_text: autoDraw = True
1412.0841 	EXP 	New trial (rep=23, index=0): None
1413.1124 	EXP 	QA_rec_text: autoDraw = False
1413.1124 	EXP 	QA_rec_break: autoDraw = False
1413.1124 	EXP 	QA_rec_text: autoDraw = True
1432.0833 	EXP 	New trial (rep=24, index=0): None
1433.1137 	EXP 	QA_rec_text: autoDraw = False
1433.1137 	EXP 	QA_rec_break: autoDraw = False
1433.1137 	EXP 	QA_rec_text: autoDraw = True
1454.1482 	EXP 	QA_rec_text: autoDraw = False
1454.1482 	EXP 	QA_rec_break: autoDraw = False
1454.1482 	EXP 	Pause_cont: text = 'Press [space] key to continue.'
1454.1482 	EXP 	Pause_cont: autoDraw = True
1465.2328 	DATA 	Keypress: space
1466.2513 	EXP 	New trial (rep=1, index=0): None
1467.2546 	EXP 	Created sequence: random, trialTypes=1, nReps=25, seed=None
1467.2556 	EXP 	New trial (rep=0, index=0): None
1468.2822 	EXP 	Pause_cont: autoDraw = False
1468.2822 	EXP 	QA_rec_text: autoDraw = True
1486.2825 	EXP 	QA_rec_break: autoDraw = True
1487.2881 	EXP 	New trial (rep=1, index=0): None
1488.3162 	EXP 	QA_rec_text: autoDraw = False
1488.3162 	EXP 	QA_rec_break: autoDraw = False
1488.3162 	EXP 	QA_rec_text: autoDraw = True
1507.2549 	EXP 	New trial (rep=2, index=0): None
1508.2844 	EXP 	QA_rec_text: autoDraw = False
1508.2844 	EXP 	QA_rec_break: autoDraw = False
1508.2844 	EXP 	QA_rec_text: autoDraw = True
1527.2559 	EXP 	New trial (rep=3, index=0): None
1528.2849 	EXP 	QA_rec_text: autoDraw = False
1528.2849 	EXP 	QA_rec_break: autoDraw = False
1528.2849 	EXP 	QA_rec_text: autoDraw = True
1547.2561 	EXP 	New trial (rep=4, index=0): None
1548.2856 	EXP 	QA_rec_text: autoDraw = False
1548.2856 	EXP 	QA_rec_break: autoDraw = False
1548.2856 	EXP 	QA_rec_text: autoDraw = True
1566.2698 	EXP 	QA_rec_break: autoDraw = True
1567.2750 	EXP 	New trial (rep=5, index=0): None
1568.3040 	EXP 	QA_rec_text: autoDraw = False
1568.3040 	EXP 	QA_rec_break: autoDraw = False
1568.3040 	EXP 	QA_rec_text: autoDraw = True
1587.2752 	EXP 	New trial (rep=6, index=0): None
1588.3045 	EXP 	QA_rec_text: autoDraw = False
1588.3045 	EXP 	QA_rec_break: autoDraw = False
1588.3045 	EXP 	QA_rec_text: autoDraw = True
1607.2763 	EXP 	New trial (rep=7, index=0): None
1608.3059 	EXP 	QA_rec_text: autoDraw = False
1608.3059 	EXP 	QA_rec_break: autoDraw = False
1608.3059 	EXP 	QA_rec_text: autoDraw = True
1627.2772 	EXP 	New trial (rep=8, index=0): None
1628.3070 	EXP 	QA_rec_text: autoDraw = False
1628.3070 	EXP 	QA_rec_break: autoDraw = False
1628.3070 	EXP 	QA_rec_text: autoDraw = True
1647.2793 	EXP 	New trial (rep=9, index=0): None
1648.3076 	EXP 	QA_rec_text: autoDraw = False
1648.3076 	EXP 	QA_rec_break: autoDraw = False
1648.3076 	EXP 	QA_rec_text: autoDraw = True
1667.2793 	EXP 	New trial (rep=10, index=0): None
1668.3084 	EXP 	QA_rec_text: autoDraw = False
1668.3084 	EXP 	QA_rec_break: autoDraw = False
1668.3084 	EXP 	QA_rec_text: autoDraw = True
1687.2804 	EXP 	New trial (rep=11, index=0): None
1688.3094 	EXP 	QA_rec_text: autoDraw = False
1688.3094 	EXP 	QA_rec_break: autoDraw = False
1688.3094 	EXP 	QA_rec_text: autoDraw = True
1707.2813 	EXP 	New trial (rep=12, index=0): None
1708.3104 	EXP 	QA_rec_text: autoDraw = False
1708.3104 	EXP 	QA_rec_break: autoDraw = False
1708.3104 	EXP 	QA_rec_text: autoDraw = True
1727.2823 	EXP 	New trial (rep=13, index=0): None
1728.3120 	EXP 	QA_rec_text: autoDraw = False
1728.3120 	EXP 	QA_rec_break: autoDraw = False
1728.3120 	EXP 	QA_rec_text: autoDraw = True
1747.2833 	EXP 	New trial (rep=14, index=0): None
1748.3125 	EXP 	QA_rec_text: autoDraw = False
1748.3125 	EXP 	QA_rec_break: autoDraw = False
1748.3125 	EXP 	QA_rec_text: autoDraw = True
1767.2844 	EXP 	New trial (rep=15, index=0): None
1768.3140 	EXP 	QA_rec_text: autoDraw = False
1768.3140 	EXP 	QA_rec_break: autoDraw = False
1768.3140 	EXP 	QA_rec_text: autoDraw = True
1787.2852 	EXP 	New trial (rep=16, index=0): None
1788.3146 	EXP 	QA_rec_text: autoDraw = False
1788.3146 	EXP 	QA_rec_break: autoDraw = False
1788.3146 	EXP 	QA_rec_text: autoDraw = True
1807.2862 	EXP 	New trial (rep=17, index=0): None
1808.3153 	EXP 	QA_rec_text: autoDraw = False
1808.3153 	EXP 	QA_rec_break: autoDraw = False
1808.3153 	EXP 	QA_rec_text: autoDraw = True
1827.2874 	EXP 	New trial (rep=18, index=0): None
1828.3170 	EXP 	QA_rec_text: autoDraw = False
1828.3170 	EXP 	QA_rec_break: autoDraw = False
1828.3170 	EXP 	QA_rec_text: autoDraw = True
1847.2558 	EXP 	New trial (rep=19, index=0): None
1848.2841 	EXP 	QA_rec_text: autoDraw = False
1848.2841 	EXP 	QA_rec_break: autoDraw = False
1848.2841 	EXP 	QA_rec_text: autoDraw = True
1867.2569 	EXP 	New trial (rep=20, index=0): None
1868.2857 	EXP 	QA_rec_text: autoDraw = False
1868.2857 	EXP 	QA_rec_break: autoDraw = False
1868.2857 	EXP 	QA_rec_text: autoDraw = True
1887.2576 	EXP 	New trial (rep=21, index=0): None
1888.2860 	EXP 	QA_rec_text: autoDraw = False
1888.2860 	EXP 	QA_rec_break: autoDraw = False
1888.2860 	EXP 	QA_rec_text: autoDraw = True
1907.2586 	EXP 	New trial (rep=22, index=0): None
1908.2871 	EXP 	QA_rec_text: autoDraw = False
1908.2871 	EXP 	QA_rec_break: autoDraw = False
1908.2871 	EXP 	QA_rec_text: autoDraw = True
1927.2594 	EXP 	New trial (rep=23, index=0): None
1928.2886 	EXP 	QA_rec_text: autoDraw = False
1928.2886 	EXP 	QA_rec_break: autoDraw = False
1928.2886 	EXP 	QA_rec_text: autoDraw = True
1947.2607 	EXP 	New trial (rep=24, index=0): None
1948.2891 	EXP 	QA_rec_text: autoDraw = False
1948.2891 	EXP 	QA_rec_break: autoDraw = False
1948.2891 	EXP 	QA_rec_text: autoDraw = True
1969.3066 	EXP 	QA_rec_text: autoDraw = False
1969.3066 	EXP 	QA_rec_break: autoDraw = False
1969.3066 	EXP 	Pause_cont: text = 'Press [space] key to continue.'
1969.3066 	EXP 	Pause_cont: autoDraw = True
2001.8258 	DATA 	Keypress: space
2007.8512 	EXP 	New trial (rep=3, index=0): None
2008.8923 	EXP 	Pause_cont: autoDraw = False
2008.8923 	EXP 	fade_in_text: text = 'Please remain seated until further instruction via the earphone.'
2008.8923 	EXP 	fade_in_text: autoDraw = False
2008.8923 	EXP 	fade_in_text: text = 'Please remain seated until further instruction via the earphone.'
2008.8923 	EXP 	fade_in_text: autoDraw = True
2009.1092 	DATA 	Mouse: Left button down, pos=(485,302)
2009.2091 	DATA 	Mouse:  Left button up, pos=(485,302)
2010.7762 	DATA 	Keypress: escape
2011.0354 	EXP 	window1: mouseVisible = True
