49.3381 	EXP 	Created instruction_text = TextStim(__class__=<class 'psychopy.visual.text.TextStim'>, alignHoriz='center', alignVert='center', antialias=True, autoLog=True, bold=False, color=array([1., 1., 1.]), colorSpace='rgb', contrast=1.0, depth=-0.0, flipHoriz=False, flipVert=False, font='Arial', fontFiles=[], height=0.06, italic=False, languageStyle='LTR', name='instruction_text', opacity=1.0, ori=0.0, pos=array([0.5, 0.1]), rgb=array([1., 1., 1.]), text=str(...), units='norm', win=Window(...), wrapWidth=1)
49.6094 	EXP 	Created instruction_cont = TextStim(__class__=<class 'psychopy.visual.text.TextStim'>, alignHoriz='center', alignVert='center', antialias=True, autoLog=True, bold=False, color=array([1., 1., 1.]), colorSpace='rgb', contrast=1.0, depth=-3.0, flipHoriz=False, flipVert=False, font='Arial', fontFiles=[], height=0.06, italic=False, languageStyle='LTR', name='instruction_cont', opacity=1.0, ori=0.0, pos=array([ 0.5, -0.4]), rgb=array([1., 1., 1.]), text='          Press [space] key to continue.', units='norm', win=Window(...), wrapWidth=1)
49.6216 	EXP 	Created Artifact_intro_title = TextStim(__class__=<class 'psychopy.visual.text.TextStim'>, alignHoriz='center', alignVert='center', antialias=True, autoLog=True, bold=False, color=array([1., 1., 1.]), colorSpace='rgb', contrast=1.0, depth=-0.0, flipHoriz=False, flipVert=False, font='Arial', fontFiles=[], height=0.06, italic=False, languageStyle='LTR', name='Artifact_intro_title', opacity=1.0, ori=0.0, pos=array([0.5, 0.4]), rgb=array([1., 1., 1.]), text='Muscular signal recording', units='norm', win=Window(...), wrapWidth=1)
49.6366 	EXP 	Created Artifact_intro_text = TextStim(__class__=<class 'psychopy.visual.text.TextStim'>, alignHoriz='center', alignVert='center', antialias=True, autoLog=True, bold=False, color=array([1., 1., 1.]), colorSpace='rgb', contrast=1.0, depth=-1.0, flipHoriz=False, flipVert=False, font='Arial', fontFiles=[], height=0.06, italic=False, languageStyle='LTR', name='Artifact_intro_text', opacity=1.0, ori=0.0, pos=array([0.5, 0. ]), rgb=array([1., 1., 1.]), text=str(...), units='norm', win=Window(...), wrapWidth=1)
49.6495 	EXP 	Created Artifact_intro_cont = TextStim(__class__=<class 'psychopy.visual.text.TextStim'>, alignHoriz='center', alignVert='center', antialias=True, autoLog=True, bold=False, color=array([1., 1., 1.]), colorSpace='rgb', contrast=1.0, depth=-4.0, flipHoriz=False, flipVert=False, font='Arial', fontFiles=[], height=0.06, italic=False, languageStyle='LTR', name='Artifact_intro_cont', opacity=1.0, ori=0.0, pos=array([0.5, 0. ]), rgb=array([1., 1., 1.]), text='          Press [space] key to continue.', units='norm', win=Window(...), wrapWidth=1)
49.6501 	EXP 	Created Artifact_rec_text = TextStim(__class__=<class 'psychopy.visual.text.TextStim'>, alignHoriz='center', alignVert='center', antialias=True, autoLog=True, bold=False, color=array([1., 1., 1.]), colorSpace='rgb', contrast=1.0, depth=-0.0, flipHoriz=False, flipVert=False, font='Arial', fontFiles=[], height=0.06, italic=False, languageStyle='LTR', name='Artifact_rec_text', opacity=1.0, ori=0.0, pos=array([0.5, 0.4]), rgb=array([1., 1., 1.]), text='', units='norm', win=Window(...), wrapWidth=1)
49.6524 	EXP 	Created Artifact_rec_recording = TextStim(__class__=<class 'psychopy.visual.text.TextStim'>, alignHoriz='center', alignVert='center', antialias=True, autoLog=True, bold=False, color=array([1., 1., 1.]), colorSpace='rgb', contrast=1.0, depth=-4.0, flipHoriz=False, flipVert=False, font='Arial', fontFiles=[], height=0.06, italic=False, languageStyle='LTR', name='Artifact_rec_recording', opacity=1.0, ori=0.0, pos=array([ 0.5, -0.4]), rgb=array([1., 1., 1.]), text='', units='norm', win=Window(...), wrapWidth=1)
49.6553 	EXP 	Created Artifact_rec_break = TextStim(__class__=<class 'psychopy.visual.text.TextStim'>, alignHoriz='center', alignVert='center', antialias=True, autoLog=True, bold=False, color=array([1., 1., 1.]), colorSpace='rgb', contrast=1.0, depth=-6.0, flipHoriz=False, flipVert=False, font='Arial', fontFiles=[], height=0.06, italic=False, languageStyle='LTR', name='Artifact_rec_break', opacity=1.0, ori=0.0, pos=array([ 0.5, -0.4]), rgb=array([1., 1., 1.]), text='Short break', units='norm', win=Window(...), wrapWidth=1)
49.6605 	EXP 	Created Cali_de_pre_intro_title = TextStim(__class__=<class 'psychopy.visual.text.TextStim'>, alignHoriz='center', alignVert='center', antialias=True, autoLog=True, bold=False, color=array([1., 1., 1.]), colorSpace='rgb', contrast=1.0, depth=-0.0, flipHoriz=False, flipVert=False, font='Arial', fontFiles=[], height=0.06, italic=False, languageStyle='LTR', name='Cali_de_pre_intro_title', opacity=1.0, ori=0.0, pos=array([0.5, 0.4]), rgb=array([1., 1., 1.]), text='READ OUT BLOCK (GERMAN)', units='norm', win=Window(...), wrapWidth=1)
49.6687 	EXP 	Created Cali_de_pre_intro_text = TextStim(__class__=<class 'psychopy.visual.text.TextStim'>, alignHoriz='center', alignVert='center', antialias=True, autoLog=True, bold=False, color=array([1., 1., 1.]), colorSpace='rgb', contrast=1.0, depth=-1.0, flipHoriz=False, flipVert=False, font='Arial', fontFiles=[], height=0.06, italic=False, languageStyle='LTR', name='Cali_de_pre_intro_text', opacity=1.0, ori=0.0, pos=array([0.5, 0. ]), rgb=array([1., 1., 1.]), text=str(...), units='norm', win=Window(...), wrapWidth=1)
49.6736 	EXP 	Created Cali_de_pre_intro_cont = TextStim(__class__=<class 'psychopy.visual.text.TextStim'>, alignHoriz='center', alignVert='center', antialias=True, autoLog=True, bold=False, color=array([1., 1., 1.]), colorSpace='rgb', contrast=1.0, depth=-4.0, flipHoriz=False, flipVert=False, font='Arial', fontFiles=[], height=0.06, italic=False, languageStyle='LTR', name='Cali_de_pre_intro_cont', opacity=1.0, ori=0.0, pos=array([0.5, 0. ]), rgb=array([1., 1., 1.]), text='          Press [space] key to continue.', units='norm', win=Window(...), wrapWidth=1)
49.6740 	EXP 	Created Cali_de_pre_rec_text = TextStim(__class__=<class 'psychopy.visual.text.TextStim'>, alignHoriz='center', alignVert='center', antialias=True, autoLog=True, bold=False, color=array([1., 1., 1.]), colorSpace='rgb', contrast=1.0, depth=-0.0, flipHoriz=False, flipVert=False, font='Arial', fontFiles=[], height=0.06, italic=False, languageStyle='LTR', name='Cali_de_pre_rec_text', opacity=1.0, ori=0.0, pos=array([0.5, 0.4]), rgb=array([1., 1., 1.]), text='', units='norm', win=Window(...), wrapWidth=1)
49.6748 	EXP 	Created Cali_de_pre_rec_question_text = TextStim(__class__=<class 'psychopy.visual.text.TextStim'>, alignHoriz='center', alignVert='center', antialias=True, autoLog=True, bold=False, color=array([1., 1., 1.]), colorSpace='rgb', contrast=1.0, depth=-2.0, flipHoriz=False, flipVert=False, font='Arial', fontFiles=[], height=0.06, italic=False, languageStyle='LTR', name='Cali_de_pre_rec_question_text', opacity=1.0, ori=0.0, pos=array([0.5, 0. ]), rgb=array([1., 1., 1.]), text='', units='norm', win=Window(...), wrapWidth=1)
49.6769 	EXP 	Created Cali_de_pre_rec_break = TextStim(__class__=<class 'psychopy.visual.text.TextStim'>, alignHoriz='center', alignVert='center', antialias=True, autoLog=True, bold=False, color=array([1., 1., 1.]), colorSpace='rgb', contrast=1.0, depth=-6.0, flipHoriz=False, flipVert=False, font='Arial', fontFiles=[], height=0.06, italic=False, languageStyle='LTR', name='Cali_de_pre_rec_break', opacity=1.0, ori=0.0, pos=array([ 0.5, -0.4]), rgb=array([1., 1., 1.]), text='Short break', units='norm', win=Window(...), wrapWidth=1)
49.6774 	EXP 	Created fade_in_text = TextStim(__class__=<class 'psychopy.visual.text.TextStim'>, alignHoriz='center', alignVert='center', antialias=True, autoLog=True, bold=False, color=array([1., 1., 1.]), colorSpace='rgb', contrast=1.0, depth=-0.0, flipHoriz=False, flipVert=False, font='Arial', fontFiles=[], height=0.06, italic=False, languageStyle='LTR', name='fade_in_text', opacity=1.0, ori=0.0, pos=array([0.5, 0.4]), rgb=array([1., 1., 1.]), text='', units='norm', win=Window(...), wrapWidth=1)
49.6794 	EXP 	Created RS_intro_title = TextStim(__class__=<class 'psychopy.visual.text.TextStim'>, alignHoriz='center', alignVert='center', antialias=True, autoLog=True, bold=False, color=array([1., 1., 1.]), colorSpace='rgb', contrast=1.0, depth=-0.0, flipHoriz=False, flipVert=False, font='Arial', fontFiles=[], height=0.06, italic=False, languageStyle='LTR', name='RS_intro_title', opacity=1.0, ori=0.0, pos=array([0.5, 0.4]), rgb=array([1., 1., 1.]), text='REST STATE BLOCK', units='norm', win=Window(...), wrapWidth=1)
49.6865 	EXP 	Created RS_intro_text = TextStim(__class__=<class 'psychopy.visual.text.TextStim'>, alignHoriz='center', alignVert='center', antialias=True, autoLog=True, bold=False, color=array([1., 1., 1.]), colorSpace='rgb', contrast=1.0, depth=-1.0, flipHoriz=False, flipVert=False, font='Arial', fontFiles=[], height=0.06, italic=False, languageStyle='LTR', name='RS_intro_text', opacity=1.0, ori=0.0, pos=array([0.5, 0. ]), rgb=array([1., 1., 1.]), text=str(...), units='norm', win=Window(...), wrapWidth=1)
49.6915 	EXP 	Created RS_rec_text = TextStim(__class__=<class 'psychopy.visual.text.TextStim'>, alignHoriz='center', alignVert='center', antialias=True, autoLog=True, bold=False, color=array([1., 1., 1.]), colorSpace='rgb', contrast=1.0, depth=-0.0, flipHoriz=False, flipVert=False, font='Arial', fontFiles=[], height=0.06, italic=False, languageStyle='LTR', name='RS_rec_text', opacity=1.0, ori=0.0, pos=array([0.5, 0. ]), rgb=array([1., 1., 1.]), text=str(...), units='norm', win=Window(...), wrapWidth=1)
49.6938 	EXP 	Created QA_intro_title = TextStim(__class__=<class 'psychopy.visual.text.TextStim'>, alignHoriz='center', alignVert='center', antialias=True, autoLog=True, bold=False, color=array([1., 1., 1.]), colorSpace='rgb', contrast=1.0, depth=-0.0, flipHoriz=False, flipVert=False, font='Arial', fontFiles=[], height=0.06, italic=False, languageStyle='LTR', name='QA_intro_title', opacity=1.0, ori=0.0, pos=array([0.5, 0.5]), rgb=array([1., 1., 1.]), text='Q&A BLOCK', units='norm', win=Window(...), wrapWidth=1)
49.7028 	EXP 	Created QA_intro_text = TextStim(__class__=<class 'psychopy.visual.text.TextStim'>, alignHoriz='center', alignVert='center', antialias=True, autoLog=True, bold=False, color=array([1., 1., 1.]), colorSpace='rgb', contrast=1.0, depth=-1.0, flipHoriz=False, flipVert=False, font='Arial', fontFiles=[], height=0.06, italic=False, languageStyle='LTR', name='QA_intro_text', opacity=1.0, ori=0.0, pos=array([0.5, 0. ]), rgb=array([1., 1., 1.]), text=str(...), units='norm', win=Window(...), wrapWidth=1)
49.7070 	EXP 	Created QA_intro_cont = TextStim(__class__=<class 'psychopy.visual.text.TextStim'>, alignHoriz='center', alignVert='center', antialias=True, autoLog=True, bold=False, color=array([1., 1., 1.]), colorSpace='rgb', contrast=1.0, depth=-4.0, flipHoriz=False, flipVert=False, font='Arial', fontFiles=[], height=0.06, italic=False, languageStyle='LTR', name='QA_intro_cont', opacity=1.0, ori=0.0, pos=array([0.5, 0. ]), rgb=array([1., 1., 1.]), text='          Press [space] key to continue.', units='norm', win=Window(...), wrapWidth=1)
49.7098 	EXP 	Created QA_rec_text = TextStim(__class__=<class 'psychopy.visual.text.TextStim'>, alignHoriz='center', alignVert='center', antialias=True, autoLog=True, bold=False, color=array([1., 1., 1.]), colorSpace='rgb', contrast=1.0, depth=-0.0, flipHoriz=False, flipVert=False, font='Arial', fontFiles=[], height=0.06, italic=False, languageStyle='LTR', name='QA_rec_text', opacity=1.0, ori=0.0, pos=array([0.5, 0. ]), rgb=array([1., 1., 1.]), text=str(...), units='norm', win=Window(...), wrapWidth=1)
49.7136 	EXP 	Created QA_rec_break = TextStim(__class__=<class 'psychopy.visual.text.TextStim'>, alignHoriz='center', alignVert='center', antialias=True, autoLog=True, bold=False, color=array([1., 1., 1.]), colorSpace='rgb', contrast=1.0, depth=-6.0, flipHoriz=False, flipVert=False, font='Arial', fontFiles=[], height=0.06, italic=False, languageStyle='LTR', name='QA_rec_break', opacity=1.0, ori=0.0, pos=array([ 0.5, -0.4]), rgb=array([1., 1., 1.]), text='Short break', units='norm', win=Window(...), wrapWidth=1)
49.7178 	EXP 	Created Pause_cont = TextStim(__class__=<class 'psychopy.visual.text.TextStim'>, alignHoriz='center', alignVert='center', antialias=True, autoLog=True, bold=False, color=array([1., 1., 1.]), colorSpace='rgb', contrast=1.0, depth=-2.0, flipHoriz=False, flipVert=False, font='Arial', fontFiles=[], height=0.06, italic=False, languageStyle='LTR', name='Pause_cont', opacity=1.0, ori=0.0, pos=array([0.5, 0. ]), rgb=array([1., 1., 1.]), text=str(...), units='norm', win=Window(...), wrapWidth=1)
49.7200 	EXP 	Created Cali_de_post_intro_title = TextStim(__class__=<class 'psychopy.visual.text.TextStim'>, alignHoriz='center', alignVert='center', antialias=True, autoLog=True, bold=False, color=array([1., 1., 1.]), colorSpace='rgb', contrast=1.0, depth=-0.0, flipHoriz=False, flipVert=False, font='Arial', fontFiles=[], height=0.06, italic=False, languageStyle='LTR', name='Cali_de_post_intro_title', opacity=1.0, ori=0.0, pos=array([0.5, 0.4]), rgb=array([1., 1., 1.]), text='READ OUT BLOCK (GERMAN)', units='norm', win=Window(...), wrapWidth=1)
49.7655 	EXP 	Created Cali_de_post_intro_text = TextStim(__class__=<class 'psychopy.visual.text.TextStim'>, alignHoriz='center', alignVert='center', antialias=True, autoLog=True, bold=False, color=array([1., 1., 1.]), colorSpace='rgb', contrast=1.0, depth=-1.0, flipHoriz=False, flipVert=False, font='Arial', fontFiles=[], height=0.06, italic=False, languageStyle='LTR', name='Cali_de_post_intro_text', opacity=1.0, ori=0.0, pos=array([0.5, 0. ]), rgb=array([1., 1., 1.]), text=str(...), units='norm', win=Window(...), wrapWidth=1)
49.7702 	EXP 	Created Cali_de_post_intro_cont = TextStim(__class__=<class 'psychopy.visual.text.TextStim'>, alignHoriz='center', alignVert='center', antialias=True, autoLog=True, bold=False, color=array([1., 1., 1.]), colorSpace='rgb', contrast=1.0, depth=-4.0, flipHoriz=False, flipVert=False, font='Arial', fontFiles=[], height=0.06, italic=False, languageStyle='LTR', name='Cali_de_post_intro_cont', opacity=1.0, ori=0.0, pos=array([0.5, 0. ]), rgb=array([1., 1., 1.]), text='          Press [space] key to continue.', units='norm', win=Window(...), wrapWidth=1)
49.7706 	EXP 	Created Cali_de_post_rec_text = TextStim(__class__=<class 'psychopy.visual.text.TextStim'>, alignHoriz='center', alignVert='center', antialias=True, autoLog=True, bold=False, color=array([1., 1., 1.]), colorSpace='rgb', contrast=1.0, depth=-0.0, flipHoriz=False, flipVert=False, font='Arial', fontFiles=[], height=0.06, italic=False, languageStyle='LTR', name='Cali_de_post_rec_text', opacity=1.0, ori=0.0, pos=array([0.5, 0.4]), rgb=array([1., 1., 1.]), text='', units='norm', win=Window(...), wrapWidth=1)
49.7714 	EXP 	Created Cali_de_post_rec_question_text = TextStim(__class__=<class 'psychopy.visual.text.TextStim'>, alignHoriz='center', alignVert='center', antialias=True, autoLog=True, bold=False, color=array([1., 1., 1.]), colorSpace='rgb', contrast=1.0, depth=-2.0, flipHoriz=False, flipVert=False, font='Arial', fontFiles=[], height=0.06, italic=False, languageStyle='LTR', name='Cali_de_post_rec_question_text', opacity=1.0, ori=0.0, pos=array([0.5, 0. ]), rgb=array([1., 1., 1.]), text='', units='norm', win=Window(...), wrapWidth=1)
49.7734 	EXP 	Created Cali_de_post_rec_break = TextStim(__class__=<class 'psychopy.visual.text.TextStim'>, alignHoriz='center', alignVert='center', antialias=True, autoLog=True, bold=False, color=array([1., 1., 1.]), colorSpace='rgb', contrast=1.0, depth=-6.0, flipHoriz=False, flipVert=False, font='Arial', fontFiles=[], height=0.06, italic=False, languageStyle='LTR', name='Cali_de_post_rec_break', opacity=1.0, ori=0.0, pos=array([ 0.5, -0.4]), rgb=array([1., 1., 1.]), text='Short break', units='norm', win=Window(...), wrapWidth=1)
49.7768 	EXP 	Created the_end_text = TextStim(__class__=<class 'psychopy.visual.text.TextStim'>, alignHoriz='center', alignVert='center', antialias=True, autoLog=True, bold=False, color=array([1., 1., 1.]), colorSpace='rgb', contrast=1.0, depth=-1.0, flipHoriz=False, flipVert=False, font='Arial', fontFiles=[], height=0.06, italic=False, languageStyle='LTR', name='the_end_text', opacity=1.0, ori=0.0, pos=array([0.7, 0. ]), rgb=array([1., 1., 1.]), text=str(...), units='norm', win=Window(...), wrapWidth=1)
51.7808 	EXP 	Created sequence: random, trialTypes=1, nReps=4, seed=None
51.7814 	EXP 	New trial (rep=0, index=0): None
51.7819 	EXP 	New trial (rep=1, index=0): None
56.8325 	EXP 	fade_in_text: text = 'Please remain seated until further instruction via the earphone.'
56.8325 	EXP 	fade_in_text: autoDraw = True
62.8321 	EXP 	fade_in_text: autoDraw = True
62.8488 	EXP 	fade_in_text: autoDraw = True
62.8654 	EXP 	fade_in_text: autoDraw = True
62.8822 	EXP 	fade_in_text: autoDraw = True
62.8990 	EXP 	fade_in_text: autoDraw = True
62.9154 	EXP 	fade_in_text: autoDraw = True
62.9321 	EXP 	fade_in_text: autoDraw = True
62.9488 	EXP 	fade_in_text: autoDraw = True
62.9654 	EXP 	fade_in_text: autoDraw = True
62.9822 	EXP 	fade_in_text: autoDraw = True
62.9990 	EXP 	fade_in_text: autoDraw = True
63.0154 	EXP 	fade_in_text: autoDraw = True
63.0321 	EXP 	fade_in_text: autoDraw = True
63.0488 	EXP 	fade_in_text: autoDraw = True
63.0654 	EXP 	fade_in_text: autoDraw = True
63.0822 	EXP 	fade_in_text: autoDraw = True
63.0990 	EXP 	fade_in_text: autoDraw = True
63.1154 	EXP 	fade_in_text: autoDraw = True
63.1321 	EXP 	fade_in_text: autoDraw = True
63.1488 	EXP 	fade_in_text: autoDraw = True
63.1654 	EXP 	fade_in_text: autoDraw = True
63.1821 	EXP 	fade_in_text: autoDraw = True
63.1988 	EXP 	fade_in_text: autoDraw = True
63.2154 	EXP 	fade_in_text: autoDraw = True
63.2321 	EXP 	fade_in_text: autoDraw = True
63.2488 	EXP 	fade_in_text: autoDraw = True
63.2654 	EXP 	fade_in_text: autoDraw = True
63.2822 	EXP 	fade_in_text: autoDraw = True
63.2988 	EXP 	fade_in_text: autoDraw = True
63.3154 	EXP 	fade_in_text: autoDraw = True
63.3321 	EXP 	fade_in_text: autoDraw = True
63.3488 	EXP 	fade_in_text: autoDraw = True
63.3655 	EXP 	fade_in_text: autoDraw = True
63.3823 	EXP 	fade_in_text: autoDraw = True
63.3988 	EXP 	fade_in_text: autoDraw = True
63.4155 	EXP 	fade_in_text: autoDraw = True
63.4321 	EXP 	fade_in_text: autoDraw = True
63.4488 	EXP 	fade_in_text: autoDraw = True
63.4655 	EXP 	fade_in_text: autoDraw = True
63.4824 	EXP 	fade_in_text: autoDraw = True
63.4988 	EXP 	fade_in_text: autoDraw = True
63.5155 	EXP 	fade_in_text: autoDraw = True
63.5321 	EXP 	fade_in_text: autoDraw = True
63.5488 	EXP 	fade_in_text: autoDraw = True
63.5655 	EXP 	fade_in_text: autoDraw = True
63.5824 	EXP 	fade_in_text: autoDraw = True
63.5989 	EXP 	fade_in_text: autoDraw = True
63.6155 	EXP 	fade_in_text: autoDraw = True
63.6321 	EXP 	fade_in_text: autoDraw = True
63.6488 	EXP 	fade_in_text: autoDraw = True
63.6655 	EXP 	fade_in_text: autoDraw = True
63.6823 	EXP 	fade_in_text: autoDraw = True
63.6990 	EXP 	fade_in_text: autoDraw = True
63.7155 	EXP 	fade_in_text: autoDraw = True
63.7321 	EXP 	fade_in_text: autoDraw = True
63.7488 	EXP 	fade_in_text: autoDraw = True
63.7655 	EXP 	fade_in_text: autoDraw = True
63.7821 	EXP 	fade_in_text: autoDraw = True
63.7987 	EXP 	fade_in_text: autoDraw = True
63.8155 	EXP 	fade_in_text: autoDraw = True
63.8322 	EXP 	fade_in_text: autoDraw = True
63.8488 	EXP 	fade_in_text: autoDraw = True
63.8655 	EXP 	fade_in_text: autoDraw = True
63.8821 	EXP 	fade_in_text: autoDraw = True
63.8988 	EXP 	fade_in_text: autoDraw = True
63.9155 	EXP 	fade_in_text: autoDraw = True
63.9322 	EXP 	fade_in_text: autoDraw = True
63.9488 	EXP 	fade_in_text: autoDraw = True
63.9657 	EXP 	fade_in_text: autoDraw = True
63.9821 	EXP 	fade_in_text: autoDraw = True
63.9988 	EXP 	fade_in_text: autoDraw = True
64.0155 	EXP 	fade_in_text: autoDraw = True
64.0322 	EXP 	fade_in_text: autoDraw = True
64.0488 	EXP 	fade_in_text: autoDraw = True
64.0657 	EXP 	fade_in_text: autoDraw = True
64.0821 	EXP 	fade_in_text: autoDraw = True
64.0988 	EXP 	fade_in_text: autoDraw = True
64.1155 	EXP 	fade_in_text: autoDraw = True
64.1322 	EXP 	fade_in_text: autoDraw = True
64.1488 	EXP 	fade_in_text: autoDraw = True
64.1657 	EXP 	fade_in_text: autoDraw = True
64.1821 	EXP 	fade_in_text: autoDraw = True
64.1988 	EXP 	fade_in_text: autoDraw = True
64.2155 	EXP 	fade_in_text: autoDraw = True
64.2322 	EXP 	fade_in_text: autoDraw = True
64.2488 	EXP 	fade_in_text: autoDraw = True
64.2657 	EXP 	fade_in_text: autoDraw = True
64.2821 	EXP 	fade_in_text: autoDraw = True
64.2988 	EXP 	fade_in_text: autoDraw = True
64.3155 	EXP 	fade_in_text: autoDraw = True
64.3322 	EXP 	fade_in_text: autoDraw = True
64.3488 	EXP 	fade_in_text: autoDraw = True
64.3656 	EXP 	fade_in_text: autoDraw = True
64.3821 	EXP 	fade_in_text: autoDraw = True
64.3988 	EXP 	fade_in_text: autoDraw = True
64.4155 	EXP 	fade_in_text: autoDraw = True
64.4322 	EXP 	fade_in_text: autoDraw = True
64.4488 	EXP 	fade_in_text: autoDraw = True
64.4654 	EXP 	fade_in_text: autoDraw = True
64.4822 	EXP 	fade_in_text: autoDraw = True
64.4989 	EXP 	fade_in_text: autoDraw = True
64.5155 	EXP 	fade_in_text: autoDraw = True
64.5322 	EXP 	fade_in_text: autoDraw = True
64.5489 	EXP 	fade_in_text: autoDraw = True
64.5654 	EXP 	fade_in_text: autoDraw = True
64.5822 	EXP 	fade_in_text: autoDraw = True
64.5989 	EXP 	fade_in_text: autoDraw = True
64.6155 	EXP 	fade_in_text: autoDraw = True
64.6322 	EXP 	fade_in_text: autoDraw = True
64.6491 	EXP 	fade_in_text: autoDraw = True
64.6654 	EXP 	fade_in_text: autoDraw = True
64.6822 	EXP 	fade_in_text: autoDraw = True
64.6989 	EXP 	fade_in_text: autoDraw = True
64.7155 	EXP 	fade_in_text: autoDraw = True
64.7322 	EXP 	fade_in_text: autoDraw = True
64.7491 	EXP 	fade_in_text: autoDraw = True
64.7655 	EXP 	fade_in_text: autoDraw = True
64.7822 	EXP 	fade_in_text: autoDraw = True
64.7989 	EXP 	fade_in_text: autoDraw = True
64.8155 	EXP 	fade_in_text: autoDraw = True
64.8322 	EXP 	fade_in_text: autoDraw = True
64.8492 	EXP 	fade_in_text: autoDraw = True
64.8655 	EXP 	fade_in_text: autoDraw = True
64.8822 	EXP 	fade_in_text: autoDraw = True
64.8989 	EXP 	fade_in_text: autoDraw = True
64.9156 	EXP 	fade_in_text: autoDraw = True
64.9322 	EXP 	fade_in_text: autoDraw = True
64.9491 	EXP 	fade_in_text: autoDraw = True
64.9655 	EXP 	fade_in_text: autoDraw = True
64.9822 	EXP 	fade_in_text: autoDraw = True
64.9989 	EXP 	fade_in_text: autoDraw = True
65.0156 	EXP 	fade_in_text: autoDraw = True
65.0322 	EXP 	fade_in_text: autoDraw = True
65.0488 	EXP 	fade_in_text: autoDraw = True
65.0655 	EXP 	fade_in_text: autoDraw = True
65.0822 	EXP 	fade_in_text: autoDraw = True
65.0989 	EXP 	fade_in_text: autoDraw = True
65.1156 	EXP 	fade_in_text: autoDraw = True
65.1322 	EXP 	fade_in_text: autoDraw = True
65.1488 	EXP 	fade_in_text: autoDraw = True
65.1655 	EXP 	fade_in_text: autoDraw = True
65.1822 	EXP 	fade_in_text: autoDraw = True
65.1989 	EXP 	fade_in_text: autoDraw = True
65.2156 	EXP 	fade_in_text: autoDraw = True
65.2324 	EXP 	fade_in_text: autoDraw = True
65.2488 	EXP 	fade_in_text: autoDraw = True
65.2656 	EXP 	fade_in_text: autoDraw = True
65.2822 	EXP 	fade_in_text: autoDraw = True
65.2989 	EXP 	fade_in_text: autoDraw = True
65.3156 	EXP 	fade_in_text: autoDraw = True
65.3324 	EXP 	fade_in_text: autoDraw = True
65.3488 	EXP 	fade_in_text: autoDraw = True
65.3656 	EXP 	fade_in_text: autoDraw = True
65.3822 	EXP 	fade_in_text: autoDraw = True
65.3989 	EXP 	fade_in_text: autoDraw = True
65.4156 	EXP 	fade_in_text: autoDraw = True
65.4324 	EXP 	fade_in_text: autoDraw = True
65.4489 	EXP 	fade_in_text: autoDraw = True
65.4656 	EXP 	fade_in_text: autoDraw = True
65.4822 	EXP 	fade_in_text: autoDraw = True
65.4989 	EXP 	fade_in_text: autoDraw = True
65.5156 	EXP 	fade_in_text: autoDraw = True
65.5324 	EXP 	fade_in_text: autoDraw = True
65.5488 	EXP 	fade_in_text: autoDraw = True
65.5656 	EXP 	fade_in_text: autoDraw = True
65.5822 	EXP 	fade_in_text: autoDraw = True
65.5989 	EXP 	fade_in_text: autoDraw = True
65.6156 	EXP 	fade_in_text: autoDraw = True
65.6322 	EXP 	fade_in_text: autoDraw = True
65.6488 	EXP 	fade_in_text: autoDraw = True
65.6656 	EXP 	fade_in_text: autoDraw = True
65.6823 	EXP 	fade_in_text: autoDraw = True
65.6989 	EXP 	fade_in_text: autoDraw = True
65.7156 	EXP 	fade_in_text: autoDraw = True
65.7322 	EXP 	fade_in_text: autoDraw = True
65.7488 	EXP 	fade_in_text: autoDraw = True
65.7656 	EXP 	fade_in_text: autoDraw = True
65.7822 	EXP 	fade_in_text: autoDraw = True
65.7989 	EXP 	fade_in_text: autoDraw = True
65.8156 	EXP 	fade_in_text: autoDraw = True
65.8322 	EXP 	fade_in_text: autoDraw = True
65.8489 	EXP 	fade_in_text: autoDraw = True
65.8656 	EXP 	fade_in_text: autoDraw = True
65.8823 	EXP 	fade_in_text: autoDraw = True
65.8989 	EXP 	fade_in_text: autoDraw = True
65.9158 	EXP 	fade_in_text: autoDraw = True
65.9322 	EXP 	fade_in_text: autoDraw = True
65.9490 	EXP 	fade_in_text: autoDraw = True
65.9656 	EXP 	fade_in_text: autoDraw = True
65.9823 	EXP 	fade_in_text: autoDraw = True
65.9989 	EXP 	fade_in_text: autoDraw = True
66.0158 	EXP 	fade_in_text: autoDraw = True
66.0322 	EXP 	fade_in_text: autoDraw = True
66.0489 	EXP 	fade_in_text: autoDraw = True
66.0656 	EXP 	fade_in_text: autoDraw = True
66.0823 	EXP 	fade_in_text: autoDraw = True
66.0989 	EXP 	fade_in_text: autoDraw = True
66.1159 	EXP 	fade_in_text: autoDraw = True
66.1323 	EXP 	fade_in_text: autoDraw = True
66.1490 	EXP 	fade_in_text: autoDraw = True
66.1656 	EXP 	fade_in_text: autoDraw = True
66.1823 	EXP 	fade_in_text: autoDraw = True
66.1989 	EXP 	fade_in_text: autoDraw = True
66.2159 	EXP 	fade_in_text: autoDraw = True
66.2323 	EXP 	fade_in_text: autoDraw = True
66.2489 	EXP 	fade_in_text: autoDraw = True
66.2656 	EXP 	fade_in_text: autoDraw = True
66.2823 	EXP 	fade_in_text: autoDraw = True
66.2990 	EXP 	fade_in_text: autoDraw = True
66.3156 	EXP 	fade_in_text: autoDraw = True
66.3322 	EXP 	fade_in_text: autoDraw = True
66.3490 	EXP 	fade_in_text: autoDraw = True
66.3656 	EXP 	fade_in_text: autoDraw = True
66.3823 	EXP 	fade_in_text: autoDraw = True
66.3990 	EXP 	fade_in_text: autoDraw = True
66.4156 	EXP 	fade_in_text: autoDraw = True
66.4322 	EXP 	fade_in_text: autoDraw = True
66.4490 	EXP 	fade_in_text: autoDraw = True
66.4656 	EXP 	fade_in_text: autoDraw = True
66.4823 	EXP 	fade_in_text: autoDraw = True
66.4991 	EXP 	fade_in_text: autoDraw = True
66.5156 	EXP 	fade_in_text: autoDraw = True
66.5323 	EXP 	fade_in_text: autoDraw = True
66.5490 	EXP 	fade_in_text: autoDraw = True
66.5656 	EXP 	fade_in_text: autoDraw = True
66.5823 	EXP 	fade_in_text: autoDraw = True
66.5991 	EXP 	fade_in_text: autoDraw = True
66.6157 	EXP 	fade_in_text: autoDraw = True
66.6323 	EXP 	fade_in_text: autoDraw = True
66.6490 	EXP 	fade_in_text: autoDraw = True
66.6656 	EXP 	fade_in_text: autoDraw = True
66.6823 	EXP 	fade_in_text: autoDraw = True
66.6993 	EXP 	fade_in_text: autoDraw = True
66.7156 	EXP 	fade_in_text: autoDraw = True
66.7323 	EXP 	fade_in_text: autoDraw = True
66.7490 	EXP 	fade_in_text: autoDraw = True
66.7656 	EXP 	fade_in_text: autoDraw = True
66.7823 	EXP 	fade_in_text: autoDraw = True
66.7991 	EXP 	fade_in_text: autoDraw = True
66.8157 	EXP 	fade_in_text: autoDraw = True
66.8323 	EXP 	fade_in_text: autoDraw = True
66.8490 	EXP 	fade_in_text: autoDraw = True
66.8656 	EXP 	fade_in_text: autoDraw = True
66.8823 	EXP 	fade_in_text: autoDraw = True
66.8989 	EXP 	fade_in_text: autoDraw = True
66.9158 	EXP 	fade_in_text: autoDraw = True
66.9323 	EXP 	fade_in_text: autoDraw = True
66.9490 	EXP 	fade_in_text: autoDraw = True
66.9656 	EXP 	fade_in_text: autoDraw = True
66.9823 	EXP 	fade_in_text: autoDraw = True
66.9990 	EXP 	fade_in_text: autoDraw = True
67.0157 	EXP 	fade_in_text: autoDraw = True
67.0323 	EXP 	fade_in_text: autoDraw = True
67.0490 	EXP 	fade_in_text: autoDraw = True
67.0656 	EXP 	fade_in_text: autoDraw = True
67.0825 	EXP 	fade_in_text: autoDraw = True
67.0989 	EXP 	fade_in_text: autoDraw = True
67.1157 	EXP 	fade_in_text: autoDraw = True
67.1323 	EXP 	fade_in_text: autoDraw = True
67.1490 	EXP 	fade_in_text: autoDraw = True
67.1657 	EXP 	fade_in_text: autoDraw = True
67.1825 	EXP 	fade_in_text: autoDraw = True
67.1989 	EXP 	fade_in_text: autoDraw = True
67.2156 	EXP 	fade_in_text: autoDraw = True
67.2324 	EXP 	fade_in_text: autoDraw = True
67.2490 	EXP 	fade_in_text: autoDraw = True
67.2657 	EXP 	fade_in_text: autoDraw = True
67.2826 	EXP 	fade_in_text: autoDraw = True
67.2989 	EXP 	fade_in_text: autoDraw = True
67.3157 	EXP 	fade_in_text: autoDraw = True
67.3323 	EXP 	fade_in_text: autoDraw = True
67.3490 	EXP 	fade_in_text: autoDraw = True
67.3657 	EXP 	fade_in_text: autoDraw = True
67.3824 	EXP 	fade_in_text: autoDraw = True
67.3991 	EXP 	fade_in_text: autoDraw = True
67.4157 	EXP 	fade_in_text: autoDraw = True
67.4323 	EXP 	fade_in_text: autoDraw = True
67.4490 	EXP 	fade_in_text: autoDraw = True
67.4657 	EXP 	fade_in_text: autoDraw = True
67.4822 	EXP 	fade_in_text: autoDraw = True
67.4989 	EXP 	fade_in_text: autoDraw = True
67.5157 	EXP 	fade_in_text: autoDraw = True
67.5324 	EXP 	fade_in_text: autoDraw = True
67.5490 	EXP 	fade_in_text: autoDraw = True
67.5657 	EXP 	fade_in_text: autoDraw = True
67.5822 	EXP 	fade_in_text: autoDraw = True
67.5990 	EXP 	fade_in_text: autoDraw = True
67.6157 	EXP 	fade_in_text: autoDraw = True
67.6324 	EXP 	fade_in_text: autoDraw = True
67.6490 	EXP 	fade_in_text: autoDraw = True
67.6659 	EXP 	fade_in_text: autoDraw = True
67.6823 	EXP 	fade_in_text: autoDraw = True
67.6990 	EXP 	fade_in_text: autoDraw = True
67.7157 	EXP 	fade_in_text: autoDraw = True
67.7324 	EXP 	fade_in_text: autoDraw = True
67.7490 	EXP 	fade_in_text: autoDraw = True
67.7659 	EXP 	fade_in_text: autoDraw = True
67.7823 	EXP 	fade_in_text: autoDraw = True
67.7990 	EXP 	fade_in_text: autoDraw = True
67.8157 	EXP 	fade_in_text: autoDraw = True
67.8324 	EXP 	fade_in_text: autoDraw = True
67.8490 	EXP 	fade_in_text: autoDraw = True
67.8659 	EXP 	fade_in_text: autoDraw = True
67.8823 	EXP 	fade_in_text: autoDraw = True
67.8990 	EXP 	fade_in_text: autoDraw = True
67.9157 	EXP 	fade_in_text: autoDraw = True
67.9324 	EXP 	fade_in_text: autoDraw = True
67.9490 	EXP 	fade_in_text: autoDraw = True
67.9659 	EXP 	fade_in_text: autoDraw = True
67.9823 	EXP 	fade_in_text: autoDraw = True
67.9990 	EXP 	fade_in_text: autoDraw = True
68.0157 	EXP 	fade_in_text: autoDraw = True
68.0324 	EXP 	fade_in_text: autoDraw = True
68.0490 	EXP 	fade_in_text: autoDraw = True
68.0656 	EXP 	fade_in_text: autoDraw = True
68.0823 	EXP 	fade_in_text: autoDraw = True
68.0990 	EXP 	fade_in_text: autoDraw = True
68.1157 	EXP 	fade_in_text: autoDraw = True
68.1324 	EXP 	fade_in_text: autoDraw = True
68.1490 	EXP 	fade_in_text: autoDraw = True
68.1656 	EXP 	fade_in_text: autoDraw = True
68.1823 	EXP 	fade_in_text: autoDraw = True
68.1990 	EXP 	fade_in_text: autoDraw = True
68.2157 	EXP 	fade_in_text: autoDraw = True
68.2324 	EXP 	fade_in_text: autoDraw = True
68.2492 	EXP 	fade_in_text: autoDraw = True
68.2656 	EXP 	fade_in_text: autoDraw = True
68.2824 	EXP 	fade_in_text: autoDraw = True
68.2990 	EXP 	fade_in_text: autoDraw = True
68.3157 	EXP 	fade_in_text: autoDraw = True
68.3324 	EXP 	fade_in_text: autoDraw = True
68.3492 	EXP 	fade_in_text: autoDraw = True
68.3656 	EXP 	fade_in_text: autoDraw = True
68.3824 	EXP 	fade_in_text: autoDraw = True
68.3990 	EXP 	fade_in_text: autoDraw = True
68.4157 	EXP 	fade_in_text: autoDraw = True
68.4324 	EXP 	fade_in_text: autoDraw = True
68.4492 	EXP 	fade_in_text: autoDraw = True
68.4656 	EXP 	fade_in_text: autoDraw = True
68.4824 	EXP 	fade_in_text: autoDraw = True
68.4991 	EXP 	fade_in_text: autoDraw = True
68.5157 	EXP 	fade_in_text: autoDraw = True
68.5324 	EXP 	fade_in_text: autoDraw = True
68.5493 	EXP 	fade_in_text: autoDraw = True
68.5657 	EXP 	fade_in_text: autoDraw = True
68.5824 	EXP 	fade_in_text: autoDraw = True
68.5991 	EXP 	fade_in_text: autoDraw = True
68.6157 	EXP 	fade_in_text: autoDraw = True
68.6324 	EXP 	fade_in_text: autoDraw = True
68.6490 	EXP 	fade_in_text: autoDraw = True
68.6657 	EXP 	fade_in_text: autoDraw = True
68.6824 	EXP 	fade_in_text: autoDraw = True
68.6991 	EXP 	fade_in_text: autoDraw = True
68.7158 	EXP 	fade_in_text: autoDraw = True
68.7324 	EXP 	fade_in_text: autoDraw = True
68.7489 	EXP 	fade_in_text: autoDraw = True
68.7655 	EXP 	fade_in_text: autoDraw = True
68.7822 	EXP 	fade_in_text: autoDraw = True
68.7988 	EXP 	fade_in_text: autoDraw = True
68.8156 	EXP 	fade_in_text: autoDraw = True
68.8323 	EXP 	fade_in_text: autoDraw = True
68.8488 	EXP 	fade_in_text: autoDraw = True
68.8655 	EXP 	fade_in_text: autoDraw = True
68.8822 	EXP 	fade_in_text: autoDraw = True
68.8989 	EXP 	fade_in_text: autoDraw = True
68.9156 	EXP 	fade_in_text: autoDraw = True
68.9324 	EXP 	fade_in_text: autoDraw = True
68.9489 	EXP 	fade_in_text: autoDraw = True
68.9655 	EXP 	fade_in_text: autoDraw = True
68.9822 	EXP 	fade_in_text: autoDraw = True
68.9989 	EXP 	fade_in_text: autoDraw = True
69.0156 	EXP 	fade_in_text: autoDraw = True
69.0324 	EXP 	fade_in_text: autoDraw = True
69.0489 	EXP 	fade_in_text: autoDraw = True
69.0655 	EXP 	fade_in_text: autoDraw = True
69.0822 	EXP 	fade_in_text: autoDraw = True
69.0989 	EXP 	fade_in_text: autoDraw = True
69.1156 	EXP 	fade_in_text: autoDraw = True
69.1324 	EXP 	fade_in_text: autoDraw = True
69.1489 	EXP 	fade_in_text: autoDraw = True
69.1655 	EXP 	fade_in_text: autoDraw = True
69.1822 	EXP 	fade_in_text: autoDraw = True
69.1989 	EXP 	fade_in_text: autoDraw = True
69.2156 	EXP 	fade_in_text: autoDraw = True
69.2323 	EXP 	fade_in_text: autoDraw = True
69.2489 	EXP 	fade_in_text: autoDraw = True
69.2655 	EXP 	fade_in_text: autoDraw = True
69.2822 	EXP 	fade_in_text: autoDraw = True
69.2990 	EXP 	fade_in_text: autoDraw = True
69.3159 	EXP 	fade_in_text: autoDraw = True
69.3323 	EXP 	fade_in_text: autoDraw = True
69.3489 	EXP 	fade_in_text: autoDraw = True
69.3655 	EXP 	fade_in_text: autoDraw = True
69.3823 	EXP 	fade_in_text: autoDraw = True
69.3990 	EXP 	fade_in_text: autoDraw = True
69.4157 	EXP 	fade_in_text: autoDraw = True
69.4323 	EXP 	fade_in_text: autoDraw = True
69.4489 	EXP 	fade_in_text: autoDraw = True
69.4655 	EXP 	fade_in_text: autoDraw = True
69.4823 	EXP 	fade_in_text: autoDraw = True
69.4990 	EXP 	fade_in_text: autoDraw = True
69.5159 	EXP 	fade_in_text: autoDraw = True
69.5323 	EXP 	fade_in_text: autoDraw = True
69.5489 	EXP 	fade_in_text: autoDraw = True
69.5655 	EXP 	fade_in_text: autoDraw = True
69.5823 	EXP 	fade_in_text: autoDraw = True
69.5990 	EXP 	fade_in_text: autoDraw = True
69.6158 	EXP 	fade_in_text: autoDraw = True
69.6323 	EXP 	fade_in_text: autoDraw = True
69.6489 	EXP 	fade_in_text: autoDraw = True
69.6656 	EXP 	fade_in_text: autoDraw = True
69.6823 	EXP 	fade_in_text: autoDraw = True
69.6990 	EXP 	fade_in_text: autoDraw = True
69.7156 	EXP 	fade_in_text: autoDraw = True
69.7323 	EXP 	fade_in_text: autoDraw = True
69.7489 	EXP 	fade_in_text: autoDraw = True
69.7656 	EXP 	fade_in_text: autoDraw = True
69.7823 	EXP 	fade_in_text: autoDraw = True
69.7990 	EXP 	fade_in_text: autoDraw = True
69.8156 	EXP 	fade_in_text: autoDraw = True
69.8323 	EXP 	fade_in_text: autoDraw = True
69.8489 	EXP 	fade_in_text: autoDraw = True
69.8656 	EXP 	fade_in_text: autoDraw = True
69.8823 	EXP 	fade_in_text: autoDraw = True
69.8990 	EXP 	fade_in_text: autoDraw = True
69.9156 	EXP 	fade_in_text: autoDraw = True
69.9323 	EXP 	fade_in_text: autoDraw = True
69.9489 	EXP 	fade_in_text: autoDraw = True
69.9656 	EXP 	fade_in_text: autoDraw = True
69.9823 	EXP 	fade_in_text: autoDraw = True
69.9990 	EXP 	fade_in_text: autoDraw = True
70.0156 	EXP 	fade_in_text: autoDraw = True
70.0324 	EXP 	fade_in_text: autoDraw = True
70.0489 	EXP 	fade_in_text: autoDraw = True
70.0656 	EXP 	fade_in_text: autoDraw = True
70.0823 	EXP 	fade_in_text: autoDraw = True
70.0991 	EXP 	fade_in_text: autoDraw = True
70.1156 	EXP 	fade_in_text: autoDraw = True
70.1322 	EXP 	fade_in_text: autoDraw = True
70.1489 	EXP 	fade_in_text: autoDraw = True
70.1657 	EXP 	fade_in_text: autoDraw = True
70.1823 	EXP 	fade_in_text: autoDraw = True
70.1991 	EXP 	fade_in_text: autoDraw = True
70.2156 	EXP 	fade_in_text: autoDraw = True
70.2323 	EXP 	fade_in_text: autoDraw = True
70.2489 	EXP 	fade_in_text: autoDraw = True
70.2657 	EXP 	fade_in_text: autoDraw = True
70.2823 	EXP 	fade_in_text: autoDraw = True
70.2991 	EXP 	fade_in_text: autoDraw = True
70.3156 	EXP 	fade_in_text: autoDraw = True
70.3323 	EXP 	fade_in_text: autoDraw = True
70.3489 	EXP 	fade_in_text: autoDraw = True
70.3657 	EXP 	fade_in_text: autoDraw = True
70.3823 	EXP 	fade_in_text: autoDraw = True
70.3990 	EXP 	fade_in_text: autoDraw = True
70.4156 	EXP 	fade_in_text: autoDraw = True
70.4323 	EXP 	fade_in_text: autoDraw = True
70.4489 	EXP 	fade_in_text: autoDraw = True
70.4657 	EXP 	fade_in_text: autoDraw = True
70.4824 	EXP 	fade_in_text: autoDraw = True
70.4989 	EXP 	fade_in_text: autoDraw = True
70.5156 	EXP 	fade_in_text: autoDraw = True
70.5323 	EXP 	fade_in_text: autoDraw = True
70.5489 	EXP 	fade_in_text: autoDraw = True
70.5657 	EXP 	fade_in_text: autoDraw = True
70.5824 	EXP 	fade_in_text: autoDraw = True
70.5989 	EXP 	fade_in_text: autoDraw = True
70.6156 	EXP 	fade_in_text: autoDraw = True
70.6323 	EXP 	fade_in_text: autoDraw = True
70.6489 	EXP 	fade_in_text: autoDraw = True
70.6657 	EXP 	fade_in_text: autoDraw = True
70.6824 	EXP 	fade_in_text: autoDraw = True
70.6989 	EXP 	fade_in_text: autoDraw = True
70.7156 	EXP 	fade_in_text: autoDraw = True
70.7323 	EXP 	fade_in_text: autoDraw = True
70.7490 	EXP 	fade_in_text: autoDraw = True
70.7657 	EXP 	fade_in_text: autoDraw = True
70.7825 	EXP 	fade_in_text: autoDraw = True
70.7989 	EXP 	fade_in_text: autoDraw = True
70.8156 	EXP 	fade_in_text: autoDraw = True
70.8323 	EXP 	fade_in_text: autoDraw = True
70.8491 	EXP 	fade_in_text: autoDraw = True
70.8657 	EXP 	fade_in_text: autoDraw = True
70.8825 	EXP 	fade_in_text: autoDraw = True
70.8989 	EXP 	fade_in_text: autoDraw = True
70.9156 	EXP 	fade_in_text: autoDraw = True
70.9323 	EXP 	fade_in_text: autoDraw = True
70.9490 	EXP 	fade_in_text: autoDraw = True
70.9657 	EXP 	fade_in_text: autoDraw = True
70.9825 	EXP 	fade_in_text: autoDraw = True
70.9990 	EXP 	fade_in_text: autoDraw = True
71.0156 	EXP 	fade_in_text: autoDraw = True
71.0323 	EXP 	fade_in_text: autoDraw = True
71.0490 	EXP 	fade_in_text: autoDraw = True
71.0657 	EXP 	fade_in_text: autoDraw = True
71.0823 	EXP 	fade_in_text: autoDraw = True
71.0989 	EXP 	fade_in_text: autoDraw = True
71.1156 	EXP 	fade_in_text: autoDraw = True
71.1323 	EXP 	fade_in_text: autoDraw = True
71.1490 	EXP 	fade_in_text: autoDraw = True
71.1657 	EXP 	fade_in_text: autoDraw = True
71.1823 	EXP 	fade_in_text: autoDraw = True
71.1989 	EXP 	fade_in_text: autoDraw = True
71.2156 	EXP 	fade_in_text: autoDraw = True
71.2323 	EXP 	fade_in_text: autoDraw = True
71.2490 	EXP 	fade_in_text: autoDraw = True
71.2657 	EXP 	fade_in_text: autoDraw = True
71.2823 	EXP 	fade_in_text: autoDraw = True
71.2990 	EXP 	fade_in_text: autoDraw = True
71.3156 	EXP 	fade_in_text: autoDraw = True
71.3323 	EXP 	fade_in_text: autoDraw = True
71.3491 	EXP 	fade_in_text: autoDraw = True
71.3657 	EXP 	fade_in_text: autoDraw = True
71.3823 	EXP 	fade_in_text: autoDraw = True
71.3990 	EXP 	fade_in_text: autoDraw = True
71.4156 	EXP 	fade_in_text: autoDraw = True
71.4324 	EXP 	fade_in_text: autoDraw = True
71.4491 	EXP 	fade_in_text: autoDraw = True
71.4658 	EXP 	fade_in_text: autoDraw = True
71.4823 	EXP 	fade_in_text: autoDraw = True
71.4990 	EXP 	fade_in_text: autoDraw = True
71.5156 	EXP 	fade_in_text: autoDraw = True
71.5324 	EXP 	fade_in_text: autoDraw = True
71.5491 	EXP 	fade_in_text: autoDraw = True
71.5658 	EXP 	fade_in_text: autoDraw = True
71.5823 	EXP 	fade_in_text: autoDraw = True
71.5990 	EXP 	fade_in_text: autoDraw = True
71.6156 	EXP 	fade_in_text: autoDraw = True
71.6324 	EXP 	fade_in_text: autoDraw = True
71.6490 	EXP 	fade_in_text: autoDraw = True
71.6659 	EXP 	fade_in_text: autoDraw = True
71.6823 	EXP 	fade_in_text: autoDraw = True
71.6990 	EXP 	fade_in_text: autoDraw = True
71.7156 	EXP 	fade_in_text: autoDraw = True
71.7324 	EXP 	fade_in_text: autoDraw = True
71.7491 	EXP 	fade_in_text: autoDraw = True
71.7657 	EXP 	fade_in_text: autoDraw = True
71.7823 	EXP 	fade_in_text: autoDraw = True
71.7990 	EXP 	fade_in_text: autoDraw = True
71.8156 	EXP 	fade_in_text: autoDraw = True
71.8324 	EXP 	fade_in_text: autoDraw = True
71.8490 	EXP 	fade_in_text: autoDraw = True
71.8656 	EXP 	fade_in_text: autoDraw = True
71.8823 	EXP 	fade_in_text: autoDraw = True
71.8990 	EXP 	fade_in_text: autoDraw = True
71.9157 	EXP 	fade_in_text: autoDraw = True
71.9324 	EXP 	fade_in_text: autoDraw = True
71.9491 	EXP 	fade_in_text: autoDraw = True
71.9657 	EXP 	fade_in_text: autoDraw = True
71.9823 	EXP 	fade_in_text: autoDraw = True
71.9990 	EXP 	fade_in_text: autoDraw = True
72.0157 	EXP 	fade_in_text: autoDraw = True
72.0324 	EXP 	fade_in_text: autoDraw = True
72.0492 	EXP 	fade_in_text: autoDraw = True
72.0657 	EXP 	fade_in_text: autoDraw = True
72.0823 	EXP 	fade_in_text: autoDraw = True
72.0990 	EXP 	fade_in_text: autoDraw = True
72.1157 	EXP 	fade_in_text: autoDraw = True
72.1324 	EXP 	fade_in_text: autoDraw = True
72.1492 	EXP 	fade_in_text: autoDraw = True
72.1657 	EXP 	fade_in_text: autoDraw = True
72.1823 	EXP 	fade_in_text: autoDraw = True
72.1990 	EXP 	fade_in_text: autoDraw = True
72.2158 	EXP 	fade_in_text: autoDraw = True
72.2324 	EXP 	fade_in_text: autoDraw = True
72.2493 	EXP 	fade_in_text: autoDraw = True
72.2657 	EXP 	fade_in_text: autoDraw = True
72.2823 	EXP 	fade_in_text: autoDraw = True
72.2990 	EXP 	fade_in_text: autoDraw = True
72.3158 	EXP 	fade_in_text: autoDraw = True
72.3324 	EXP 	fade_in_text: autoDraw = True
72.3491 	EXP 	fade_in_text: autoDraw = True
72.3657 	EXP 	fade_in_text: autoDraw = True
72.3824 	EXP 	fade_in_text: autoDraw = True
72.3990 	EXP 	fade_in_text: autoDraw = True
72.4158 	EXP 	fade_in_text: autoDraw = True
72.4324 	EXP 	fade_in_text: autoDraw = True
72.4491 	EXP 	fade_in_text: autoDraw = True
72.4657 	EXP 	fade_in_text: autoDraw = True
72.4824 	EXP 	fade_in_text: autoDraw = True
72.4990 	EXP 	fade_in_text: autoDraw = True
72.5158 	EXP 	fade_in_text: autoDraw = True
72.5324 	EXP 	fade_in_text: autoDraw = True
72.5491 	EXP 	fade_in_text: autoDraw = True
72.5657 	EXP 	fade_in_text: autoDraw = True
72.5824 	EXP 	fade_in_text: autoDraw = True
72.5991 	EXP 	fade_in_text: autoDraw = True
72.6158 	EXP 	fade_in_text: autoDraw = True
72.6326 	EXP 	fade_in_text: autoDraw = True
72.6491 	EXP 	fade_in_text: autoDraw = True
72.6657 	EXP 	fade_in_text: autoDraw = True
72.6824 	EXP 	fade_in_text: autoDraw = True
72.6991 	EXP 	fade_in_text: autoDraw = True
72.7158 	EXP 	fade_in_text: autoDraw = True
72.7326 	EXP 	fade_in_text: autoDraw = True
72.7491 	EXP 	fade_in_text: autoDraw = True
72.7657 	EXP 	fade_in_text: autoDraw = True
72.7824 	EXP 	fade_in_text: autoDraw = True
72.7991 	EXP 	fade_in_text: autoDraw = True
72.8158 	EXP 	fade_in_text: autoDraw = True
72.8326 	EXP 	fade_in_text: autoDraw = True
72.8491 	EXP 	fade_in_text: autoDraw = True
72.8657 	EXP 	fade_in_text: autoDraw = True
72.8824 	EXP 	fade_in_text: autoDraw = True
72.8991 	EXP 	fade_in_text: autoDraw = True
72.9158 	EXP 	fade_in_text: autoDraw = True
72.9326 	EXP 	fade_in_text: autoDraw = True
72.9491 	EXP 	fade_in_text: autoDraw = True
72.9657 	EXP 	fade_in_text: autoDraw = True
72.9824 	EXP 	fade_in_text: autoDraw = True
72.9991 	EXP 	fade_in_text: autoDraw = True
73.0158 	EXP 	fade_in_text: autoDraw = True
73.0324 	EXP 	fade_in_text: autoDraw = True
73.0491 	EXP 	fade_in_text: autoDraw = True
73.0657 	EXP 	fade_in_text: autoDraw = True
73.0824 	EXP 	fade_in_text: autoDraw = True
73.0991 	EXP 	fade_in_text: autoDraw = True
73.1158 	EXP 	fade_in_text: autoDraw = True
73.1324 	EXP 	fade_in_text: autoDraw = True
73.1492 	EXP 	fade_in_text: autoDraw = True
73.1657 	EXP 	fade_in_text: autoDraw = True
73.1824 	EXP 	fade_in_text: autoDraw = True
73.1991 	EXP 	fade_in_text: autoDraw = True
73.2158 	EXP 	fade_in_text: autoDraw = True
73.2324 	EXP 	fade_in_text: autoDraw = True
73.2491 	EXP 	fade_in_text: autoDraw = True
73.2657 	EXP 	fade_in_text: autoDraw = True
73.2825 	EXP 	fade_in_text: autoDraw = True
73.2992 	EXP 	fade_in_text: autoDraw = True
73.3159 	EXP 	fade_in_text: autoDraw = True
73.3324 	EXP 	fade_in_text: autoDraw = True
73.3491 	EXP 	fade_in_text: autoDraw = True
73.3657 	EXP 	fade_in_text: autoDraw = True
73.3825 	EXP 	fade_in_text: autoDraw = True
73.3992 	EXP 	fade_in_text: autoDraw = True
73.4159 	EXP 	fade_in_text: autoDraw = True
73.4324 	EXP 	fade_in_text: autoDraw = True
73.4491 	EXP 	fade_in_text: autoDraw = True
73.4657 	EXP 	fade_in_text: autoDraw = True
73.4825 	EXP 	fade_in_text: autoDraw = True
73.4992 	EXP 	fade_in_text: autoDraw = True
73.5159 	EXP 	fade_in_text: autoDraw = True
73.5324 	EXP 	fade_in_text: autoDraw = True
73.5492 	EXP 	fade_in_text: autoDraw = True
73.5657 	EXP 	fade_in_text: autoDraw = True
73.5825 	EXP 	fade_in_text: autoDraw = True
73.5992 	EXP 	fade_in_text: autoDraw = True
73.6159 	EXP 	fade_in_text: autoDraw = True
73.6324 	EXP 	fade_in_text: autoDraw = True
73.6491 	EXP 	fade_in_text: autoDraw = True
73.6657 	EXP 	fade_in_text: autoDraw = True
73.6825 	EXP 	fade_in_text: autoDraw = True
73.6992 	EXP 	fade_in_text: autoDraw = True
73.7157 	EXP 	fade_in_text: autoDraw = True
73.7325 	EXP 	fade_in_text: autoDraw = True
73.7491 	EXP 	fade_in_text: autoDraw = True
73.7657 	EXP 	fade_in_text: autoDraw = True
73.7825 	EXP 	fade_in_text: autoDraw = True
73.7992 	EXP 	fade_in_text: autoDraw = True
73.8157 	EXP 	fade_in_text: autoDraw = True
73.8324 	EXP 	fade_in_text: autoDraw = True
73.8491 	EXP 	fade_in_text: autoDraw = True
73.8658 	EXP 	fade_in_text: autoDraw = True
73.8825 	EXP 	fade_in_text: autoDraw = True
73.8992 	EXP 	fade_in_text: autoDraw = True
73.9157 	EXP 	fade_in_text: autoDraw = True
73.9324 	EXP 	fade_in_text: autoDraw = True
73.9491 	EXP 	fade_in_text: autoDraw = True
73.9658 	EXP 	fade_in_text: autoDraw = True
73.9825 	EXP 	fade_in_text: autoDraw = True
73.9993 	EXP 	fade_in_text: autoDraw = True
74.0158 	EXP 	fade_in_text: autoDraw = True
74.0324 	EXP 	fade_in_text: autoDraw = True
74.0491 	EXP 	fade_in_text: autoDraw = True
74.0659 	EXP 	fade_in_text: autoDraw = True
74.0825 	EXP 	fade_in_text: autoDraw = True
74.0993 	EXP 	fade_in_text: autoDraw = True
74.1158 	EXP 	fade_in_text: autoDraw = True
74.1324 	EXP 	fade_in_text: autoDraw = True
74.1491 	EXP 	fade_in_text: autoDraw = True
74.1659 	EXP 	fade_in_text: autoDraw = True
74.1825 	EXP 	fade_in_text: autoDraw = True
74.1993 	EXP 	fade_in_text: autoDraw = True
74.2158 	EXP 	fade_in_text: autoDraw = True
74.2324 	EXP 	fade_in_text: autoDraw = True
74.2491 	EXP 	fade_in_text: autoDraw = True
74.2659 	EXP 	fade_in_text: autoDraw = True
74.2825 	EXP 	fade_in_text: autoDraw = True
74.2993 	EXP 	fade_in_text: autoDraw = True
74.3158 	EXP 	fade_in_text: autoDraw = True
74.3324 	EXP 	fade_in_text: autoDraw = True
74.3491 	EXP 	fade_in_text: autoDraw = True
74.3659 	EXP 	fade_in_text: autoDraw = True
74.3825 	EXP 	fade_in_text: autoDraw = True
74.3991 	EXP 	fade_in_text: autoDraw = True
74.4158 	EXP 	fade_in_text: autoDraw = True
74.4325 	EXP 	fade_in_text: autoDraw = True
74.4491 	EXP 	fade_in_text: autoDraw = True
74.4659 	EXP 	fade_in_text: autoDraw = True
74.4825 	EXP 	fade_in_text: autoDraw = True
74.4991 	EXP 	fade_in_text: autoDraw = True
74.5158 	EXP 	fade_in_text: autoDraw = True
74.5325 	EXP 	fade_in_text: autoDraw = True
74.5492 	EXP 	fade_in_text: autoDraw = True
74.5659 	EXP 	fade_in_text: autoDraw = True
74.5825 	EXP 	fade_in_text: autoDraw = True
74.5991 	EXP 	fade_in_text: autoDraw = True
74.6158 	EXP 	fade_in_text: autoDraw = True
74.6325 	EXP 	fade_in_text: autoDraw = True
74.6492 	EXP 	fade_in_text: autoDraw = True
74.6659 	EXP 	fade_in_text: autoDraw = True
74.6827 	EXP 	fade_in_text: autoDraw = True
74.6991 	EXP 	fade_in_text: autoDraw = True
74.7158 	EXP 	fade_in_text: autoDraw = True
74.7325 	EXP 	fade_in_text: autoDraw = True
74.7492 	EXP 	fade_in_text: autoDraw = True
74.7659 	EXP 	fade_in_text: autoDraw = True
74.7827 	EXP 	fade_in_text: autoDraw = True
74.7991 	EXP 	fade_in_text: autoDraw = True
74.8158 	EXP 	fade_in_text: autoDraw = True
74.8325 	EXP 	fade_in_text: autoDraw = True
74.8492 	EXP 	fade_in_text: autoDraw = True
74.8659 	EXP 	fade_in_text: autoDraw = True
74.8827 	EXP 	fade_in_text: autoDraw = True
74.8992 	EXP 	fade_in_text: autoDraw = True
74.9158 	EXP 	fade_in_text: autoDraw = True
74.9325 	EXP 	fade_in_text: autoDraw = True
74.9493 	EXP 	fade_in_text: autoDraw = True
74.9659 	EXP 	fade_in_text: autoDraw = True
74.9825 	EXP 	fade_in_text: autoDraw = True
74.9992 	EXP 	fade_in_text: autoDraw = True
75.0158 	EXP 	fade_in_text: autoDraw = True
75.0325 	EXP 	fade_in_text: autoDraw = True
75.0492 	EXP 	fade_in_text: autoDraw = True
75.0659 	EXP 	fade_in_text: autoDraw = True
75.0825 	EXP 	fade_in_text: autoDraw = True
75.0992 	EXP 	fade_in_text: autoDraw = True
75.1158 	EXP 	fade_in_text: autoDraw = True
75.1325 	EXP 	fade_in_text: autoDraw = True
75.1492 	EXP 	fade_in_text: autoDraw = True
75.1659 	EXP 	fade_in_text: autoDraw = True
75.1825 	EXP 	fade_in_text: autoDraw = True
75.1992 	EXP 	fade_in_text: autoDraw = True
75.2159 	EXP 	fade_in_text: autoDraw = True
75.2326 	EXP 	fade_in_text: autoDraw = True
75.2493 	EXP 	fade_in_text: autoDraw = True
75.2659 	EXP 	fade_in_text: autoDraw = True
75.2825 	EXP 	fade_in_text: autoDraw = True
75.2992 	EXP 	fade_in_text: autoDraw = True
75.3158 	EXP 	fade_in_text: autoDraw = True
75.3326 	EXP 	fade_in_text: autoDraw = True
75.3493 	EXP 	fade_in_text: autoDraw = True
75.3660 	EXP 	fade_in_text: autoDraw = True
75.3825 	EXP 	fade_in_text: autoDraw = True
75.3992 	EXP 	fade_in_text: autoDraw = True
75.4159 	EXP 	fade_in_text: autoDraw = True
75.4326 	EXP 	fade_in_text: autoDraw = True
75.4493 	EXP 	fade_in_text: autoDraw = True
75.4660 	EXP 	fade_in_text: autoDraw = True
75.4825 	EXP 	fade_in_text: autoDraw = True
75.4992 	EXP 	fade_in_text: autoDraw = True
75.5159 	EXP 	fade_in_text: autoDraw = True
75.5326 	EXP 	fade_in_text: autoDraw = True
75.5493 	EXP 	fade_in_text: autoDraw = True
75.5661 	EXP 	fade_in_text: autoDraw = True
75.5825 	EXP 	fade_in_text: autoDraw = True
75.5992 	EXP 	fade_in_text: autoDraw = True
75.6159 	EXP 	fade_in_text: autoDraw = True
75.6326 	EXP 	fade_in_text: autoDraw = True
75.6493 	EXP 	fade_in_text: autoDraw = True
75.6659 	EXP 	fade_in_text: autoDraw = True
75.6825 	EXP 	fade_in_text: autoDraw = True
75.6992 	EXP 	fade_in_text: autoDraw = True
75.7159 	EXP 	fade_in_text: autoDraw = True
75.7327 	EXP 	fade_in_text: autoDraw = True
75.7493 	EXP 	fade_in_text: autoDraw = True
75.7661 	EXP 	fade_in_text: autoDraw = True
75.7827 	EXP 	fade_in_text: autoDraw = True
75.7994 	EXP 	fade_in_text: autoDraw = True
75.8162 	EXP 	fade_in_text: autoDraw = True
75.8328 	EXP 	fade_in_text: autoDraw = True
75.8495 	EXP 	fade_in_text: autoDraw = True
75.8661 	EXP 	fade_in_text: autoDraw = True
75.8828 	EXP 	fade_in_text: autoDraw = True
75.8995 	EXP 	fade_in_text: autoDraw = True
75.9162 	EXP 	fade_in_text: autoDraw = True
75.9328 	EXP 	fade_in_text: autoDraw = True
75.9496 	EXP 	fade_in_text: autoDraw = True
75.9661 	EXP 	fade_in_text: autoDraw = True
75.9828 	EXP 	fade_in_text: autoDraw = True
75.9995 	EXP 	fade_in_text: autoDraw = True
76.0162 	EXP 	fade_in_text: autoDraw = True
76.0328 	EXP 	fade_in_text: autoDraw = True
76.0497 	EXP 	fade_in_text: autoDraw = True
76.0661 	EXP 	fade_in_text: autoDraw = True
76.0828 	EXP 	fade_in_text: autoDraw = True
76.0995 	EXP 	fade_in_text: autoDraw = True
76.1162 	EXP 	fade_in_text: autoDraw = True
76.1328 	EXP 	fade_in_text: autoDraw = True
76.1498 	EXP 	fade_in_text: autoDraw = True
76.1661 	EXP 	fade_in_text: autoDraw = True
76.1828 	EXP 	fade_in_text: autoDraw = True
76.1995 	EXP 	fade_in_text: autoDraw = True
76.2161 	EXP 	fade_in_text: autoDraw = True
76.2329 	EXP 	fade_in_text: autoDraw = True
76.2497 	EXP 	fade_in_text: autoDraw = True
76.2662 	EXP 	fade_in_text: autoDraw = True
76.2828 	EXP 	fade_in_text: autoDraw = True
76.2995 	EXP 	fade_in_text: autoDraw = True
76.3163 	EXP 	fade_in_text: autoDraw = True
76.3328 	EXP 	fade_in_text: autoDraw = True
76.3496 	EXP 	fade_in_text: autoDraw = True
76.3662 	EXP 	fade_in_text: autoDraw = True
76.3829 	EXP 	fade_in_text: autoDraw = True
76.3996 	EXP 	fade_in_text: autoDraw = True
76.4162 	EXP 	fade_in_text: autoDraw = True
76.4328 	EXP 	fade_in_text: autoDraw = True
76.4494 	EXP 	fade_in_text: autoDraw = True
76.4661 	EXP 	fade_in_text: autoDraw = True
76.4829 	EXP 	fade_in_text: autoDraw = True
76.4996 	EXP 	fade_in_text: autoDraw = True
76.5162 	EXP 	fade_in_text: autoDraw = True
76.5330 	EXP 	fade_in_text: autoDraw = True
76.5495 	EXP 	fade_in_text: autoDraw = True
76.5662 	EXP 	fade_in_text: autoDraw = True
76.5828 	EXP 	fade_in_text: autoDraw = True
76.5995 	EXP 	fade_in_text: autoDraw = True
76.6163 	EXP 	fade_in_text: autoDraw = True
76.6331 	EXP 	fade_in_text: autoDraw = True
76.6495 	EXP 	fade_in_text: autoDraw = True
76.6662 	EXP 	fade_in_text: autoDraw = True
76.6829 	EXP 	fade_in_text: autoDraw = True
76.6996 	EXP 	fade_in_text: autoDraw = True
76.7162 	EXP 	fade_in_text: autoDraw = True
76.7331 	EXP 	fade_in_text: autoDraw = True
76.7496 	EXP 	fade_in_text: autoDraw = True
76.7662 	EXP 	fade_in_text: autoDraw = True
76.7829 	EXP 	fade_in_text: autoDraw = True
76.7995 	EXP 	fade_in_text: autoDraw = True
76.8163 	EXP 	fade_in_text: autoDraw = True
76.8330 	EXP 	fade_in_text: autoDraw = True
76.8496 	EXP 	fade_in_text: autoDraw = True
76.8662 	EXP 	fade_in_text: autoDraw = True
76.8829 	EXP 	fade_in_text: autoDraw = True
76.8996 	EXP 	fade_in_text: autoDraw = True
76.9163 	EXP 	fade_in_text: autoDraw = True
76.9330 	EXP 	fade_in_text: autoDraw = True
76.9496 	EXP 	fade_in_text: autoDraw = True
76.9663 	EXP 	fade_in_text: autoDraw = True
76.9830 	EXP 	fade_in_text: autoDraw = True
76.9996 	EXP 	fade_in_text: autoDraw = True
77.0162 	EXP 	fade_in_text: autoDraw = True
77.0328 	EXP 	fade_in_text: autoDraw = True
77.0494 	EXP 	fade_in_text: autoDraw = True
77.0664 	EXP 	fade_in_text: autoDraw = True
77.0829 	EXP 	fade_in_text: autoDraw = True
77.0996 	EXP 	fade_in_text: autoDraw = True
77.1162 	EXP 	fade_in_text: autoDraw = True
77.1328 	EXP 	fade_in_text: autoDraw = True
77.1496 	EXP 	fade_in_text: autoDraw = True
77.1662 	EXP 	fade_in_text: autoDraw = True
77.1829 	EXP 	fade_in_text: autoDraw = True
77.1996 	EXP 	fade_in_text: autoDraw = True
77.2163 	EXP 	fade_in_text: autoDraw = True
77.2329 	EXP 	fade_in_text: autoDraw = True
77.2495 	EXP 	fade_in_text: autoDraw = True
77.2663 	EXP 	fade_in_text: autoDraw = True
77.2829 	EXP 	fade_in_text: autoDraw = True
77.2995 	EXP 	fade_in_text: autoDraw = True
77.3164 	EXP 	fade_in_text: autoDraw = True
77.3328 	EXP 	fade_in_text: autoDraw = True
77.3496 	EXP 	fade_in_text: autoDraw = True
77.3663 	EXP 	fade_in_text: autoDraw = True
77.3829 	EXP 	fade_in_text: autoDraw = True
77.3995 	EXP 	fade_in_text: autoDraw = True
77.4164 	EXP 	fade_in_text: autoDraw = True
77.4329 	EXP 	fade_in_text: autoDraw = True
77.4496 	EXP 	fade_in_text: autoDraw = True
77.4662 	EXP 	fade_in_text: autoDraw = True
77.4829 	EXP 	fade_in_text: autoDraw = True
77.4996 	EXP 	fade_in_text: autoDraw = True
77.5165 	EXP 	fade_in_text: autoDraw = True
77.5329 	EXP 	fade_in_text: autoDraw = True
77.5496 	EXP 	fade_in_text: autoDraw = True
77.5663 	EXP 	fade_in_text: autoDraw = True
77.5829 	EXP 	fade_in_text: autoDraw = True
77.5996 	EXP 	fade_in_text: autoDraw = True
77.6163 	EXP 	fade_in_text: autoDraw = True
77.6329 	EXP 	fade_in_text: autoDraw = True
77.6496 	EXP 	fade_in_text: autoDraw = True
77.6663 	EXP 	fade_in_text: autoDraw = True
77.6830 	EXP 	fade_in_text: autoDraw = True
77.6996 	EXP 	fade_in_text: autoDraw = True
77.7162 	EXP 	fade_in_text: autoDraw = True
77.7329 	EXP 	fade_in_text: autoDraw = True
77.7496 	EXP 	fade_in_text: autoDraw = True
77.7663 	EXP 	fade_in_text: autoDraw = True
77.7829 	EXP 	fade_in_text: autoDraw = True
77.7996 	EXP 	fade_in_text: autoDraw = True
77.8161 	EXP 	fade_in_text: autoDraw = True
77.8329 	EXP 	fade_in_text: autoDraw = True
77.8496 	EXP 	fade_in_text: autoDraw = True
77.8663 	EXP 	fade_in_text: autoDraw = True
77.8829 	EXP 	fade_in_text: autoDraw = True
77.8997 	EXP 	fade_in_text: autoDraw = True
77.9162 	EXP 	fade_in_text: autoDraw = True
77.9329 	EXP 	fade_in_text: autoDraw = True
77.9496 	EXP 	fade_in_text: autoDraw = True
77.9662 	EXP 	fade_in_text: autoDraw = True
77.9830 	EXP 	fade_in_text: autoDraw = True
77.9998 	EXP 	fade_in_text: autoDraw = True
78.0163 	EXP 	fade_in_text: autoDraw = True
78.0329 	EXP 	fade_in_text: autoDraw = True
78.0496 	EXP 	fade_in_text: autoDraw = True
78.0662 	EXP 	fade_in_text: autoDraw = True
78.0830 	EXP 	fade_in_text: autoDraw = True
78.0998 	EXP 	fade_in_text: autoDraw = True
78.1163 	EXP 	fade_in_text: autoDraw = True
78.1329 	EXP 	fade_in_text: autoDraw = True
78.1496 	EXP 	fade_in_text: autoDraw = True
78.1663 	EXP 	fade_in_text: autoDraw = True
78.1829 	EXP 	fade_in_text: autoDraw = True
78.1999 	EXP 	fade_in_text: autoDraw = True
78.2163 	EXP 	fade_in_text: autoDraw = True
78.2330 	EXP 	fade_in_text: autoDraw = True
78.2496 	EXP 	fade_in_text: autoDraw = True
78.2663 	EXP 	fade_in_text: autoDraw = True
78.2829 	EXP 	fade_in_text: autoDraw = True
78.2997 	EXP 	fade_in_text: autoDraw = True
78.3162 	EXP 	fade_in_text: autoDraw = True
78.3330 	EXP 	fade_in_text: autoDraw = True
78.3496 	EXP 	fade_in_text: autoDraw = True
78.3663 	EXP 	fade_in_text: autoDraw = True
78.3829 	EXP 	fade_in_text: autoDraw = True
78.3995 	EXP 	fade_in_text: autoDraw = True
78.4162 	EXP 	fade_in_text: autoDraw = True
78.4330 	EXP 	fade_in_text: autoDraw = True
78.4496 	EXP 	fade_in_text: autoDraw = True
78.4663 	EXP 	fade_in_text: autoDraw = True
78.4829 	EXP 	fade_in_text: autoDraw = True
78.4995 	EXP 	fade_in_text: autoDraw = True
78.5162 	EXP 	fade_in_text: autoDraw = True
78.5330 	EXP 	fade_in_text: autoDraw = True
78.5496 	EXP 	fade_in_text: autoDraw = True
78.5663 	EXP 	fade_in_text: autoDraw = True
78.5832 	EXP 	fade_in_text: autoDraw = True
78.5995 	EXP 	fade_in_text: autoDraw = True
78.6163 	EXP 	fade_in_text: autoDraw = True
78.6330 	EXP 	fade_in_text: autoDraw = True
78.6496 	EXP 	fade_in_text: autoDraw = True
78.6663 	EXP 	fade_in_text: autoDraw = True
78.6832 	EXP 	fade_in_text: autoDraw = True
78.6995 	EXP 	fade_in_text: autoDraw = True
78.7163 	EXP 	fade_in_text: autoDraw = True
78.7330 	EXP 	fade_in_text: autoDraw = True
78.7496 	EXP 	fade_in_text: autoDraw = True
78.7663 	EXP 	fade_in_text: autoDraw = True
78.7831 	EXP 	fade_in_text: autoDraw = True
78.7995 	EXP 	fade_in_text: autoDraw = True
78.8163 	EXP 	fade_in_text: autoDraw = True
78.8329 	EXP 	fade_in_text: autoDraw = True
78.8495 	EXP 	fade_in_text: autoDraw = True
78.8664 	EXP 	fade_in_text: autoDraw = True
78.8832 	EXP 	fade_in_text: autoDraw = True
78.8995 	EXP 	fade_in_text: autoDraw = True
78.9163 	EXP 	fade_in_text: autoDraw = True
78.9330 	EXP 	fade_in_text: autoDraw = True
78.9496 	EXP 	fade_in_text: autoDraw = True
78.9663 	EXP 	fade_in_text: autoDraw = True
78.9831 	EXP 	fade_in_text: autoDraw = True
78.9995 	EXP 	fade_in_text: autoDraw = True
79.0163 	EXP 	fade_in_text: autoDraw = True
79.0330 	EXP 	fade_in_text: autoDraw = True
79.0496 	EXP 	fade_in_text: autoDraw = True
79.0663 	EXP 	fade_in_text: autoDraw = True
79.0830 	EXP 	fade_in_text: autoDraw = True
79.0996 	EXP 	fade_in_text: autoDraw = True
79.1163 	EXP 	fade_in_text: autoDraw = True
79.1330 	EXP 	fade_in_text: autoDraw = True
79.1496 	EXP 	fade_in_text: autoDraw = True
79.1663 	EXP 	fade_in_text: autoDraw = True
79.1830 	EXP 	fade_in_text: autoDraw = True
79.1996 	EXP 	fade_in_text: autoDraw = True
79.2163 	EXP 	fade_in_text: autoDraw = True
79.2330 	EXP 	fade_in_text: autoDraw = True
79.2496 	EXP 	fade_in_text: autoDraw = True
79.2665 	EXP 	fade_in_text: autoDraw = True
79.2830 	EXP 	fade_in_text: autoDraw = True
79.2996 	EXP 	fade_in_text: autoDraw = True
79.3163 	EXP 	fade_in_text: autoDraw = True
79.3330 	EXP 	fade_in_text: autoDraw = True
79.3496 	EXP 	fade_in_text: autoDraw = True
79.3665 	EXP 	fade_in_text: autoDraw = True
79.3830 	EXP 	fade_in_text: autoDraw = True
79.3996 	EXP 	fade_in_text: autoDraw = True
79.4164 	EXP 	fade_in_text: autoDraw = True
79.4330 	EXP 	fade_in_text: autoDraw = True
79.4497 	EXP 	fade_in_text: autoDraw = True
79.4666 	EXP 	fade_in_text: autoDraw = True
79.4830 	EXP 	fade_in_text: autoDraw = True
79.4997 	EXP 	fade_in_text: autoDraw = True
79.5165 	EXP 	fade_in_text: autoDraw = True
79.5330 	EXP 	fade_in_text: autoDraw = True
79.5497 	EXP 	fade_in_text: autoDraw = True
79.5666 	EXP 	fade_in_text: autoDraw = True
79.5830 	EXP 	fade_in_text: autoDraw = True
79.5997 	EXP 	fade_in_text: autoDraw = True
79.6163 	EXP 	fade_in_text: autoDraw = True
79.6330 	EXP 	fade_in_text: autoDraw = True
79.6497 	EXP 	fade_in_text: autoDraw = True
79.6663 	EXP 	fade_in_text: autoDraw = True
79.6830 	EXP 	fade_in_text: autoDraw = True
79.6997 	EXP 	fade_in_text: autoDraw = True
79.7164 	EXP 	fade_in_text: autoDraw = True
79.7330 	EXP 	fade_in_text: autoDraw = True
79.7497 	EXP 	fade_in_text: autoDraw = True
79.7664 	EXP 	fade_in_text: autoDraw = True
79.7830 	EXP 	fade_in_text: autoDraw = True
79.7997 	EXP 	fade_in_text: autoDraw = True
79.8164 	EXP 	fade_in_text: autoDraw = True
79.8330 	EXP 	fade_in_text: autoDraw = True
79.8497 	EXP 	fade_in_text: autoDraw = True
79.8663 	EXP 	fade_in_text: autoDraw = True
79.8830 	EXP 	fade_in_text: autoDraw = True
79.8997 	EXP 	fade_in_text: autoDraw = True
79.9164 	EXP 	fade_in_text: autoDraw = True
79.9330 	EXP 	fade_in_text: autoDraw = True
79.9499 	EXP 	fade_in_text: autoDraw = True
79.9663 	EXP 	fade_in_text: autoDraw = True
79.9830 	EXP 	fade_in_text: autoDraw = True
79.9997 	EXP 	fade_in_text: autoDraw = True
80.0163 	EXP 	fade_in_text: autoDraw = True
80.0330 	EXP 	fade_in_text: autoDraw = True
80.0498 	EXP 	fade_in_text: autoDraw = True
80.0663 	EXP 	fade_in_text: autoDraw = True
80.0830 	EXP 	fade_in_text: autoDraw = True
80.0997 	EXP 	fade_in_text: autoDraw = True
80.1163 	EXP 	fade_in_text: autoDraw = True
80.1330 	EXP 	fade_in_text: autoDraw = True
80.1499 	EXP 	fade_in_text: autoDraw = True
80.1663 	EXP 	fade_in_text: autoDraw = True
80.1830 	EXP 	fade_in_text: autoDraw = True
80.1997 	EXP 	fade_in_text: autoDraw = True
80.2163 	EXP 	fade_in_text: autoDraw = True
80.2330 	EXP 	fade_in_text: autoDraw = True
80.2498 	EXP 	fade_in_text: autoDraw = True
80.2662 	EXP 	fade_in_text: autoDraw = True
80.2830 	EXP 	fade_in_text: autoDraw = True
80.2997 	EXP 	fade_in_text: autoDraw = True
80.3163 	EXP 	fade_in_text: autoDraw = True
80.3330 	EXP 	fade_in_text: autoDraw = True
80.3496 	EXP 	fade_in_text: autoDraw = True
80.3664 	EXP 	fade_in_text: autoDraw = True
80.3830 	EXP 	fade_in_text: autoDraw = True
80.3997 	EXP 	fade_in_text: autoDraw = True
80.4163 	EXP 	fade_in_text: autoDraw = True
80.4330 	EXP 	fade_in_text: autoDraw = True
80.4496 	EXP 	fade_in_text: autoDraw = True
80.4663 	EXP 	fade_in_text: autoDraw = True
80.4831 	EXP 	fade_in_text: autoDraw = True
80.4997 	EXP 	fade_in_text: autoDraw = True
80.5164 	EXP 	fade_in_text: autoDraw = True
80.5330 	EXP 	fade_in_text: autoDraw = True
80.5496 	EXP 	fade_in_text: autoDraw = True
80.5665 	EXP 	fade_in_text: autoDraw = True
80.5831 	EXP 	fade_in_text: autoDraw = True
80.5997 	EXP 	fade_in_text: autoDraw = True
80.6164 	EXP 	fade_in_text: autoDraw = True
80.6332 	EXP 	fade_in_text: autoDraw = True
80.6496 	EXP 	fade_in_text: autoDraw = True
80.6663 	EXP 	fade_in_text: autoDraw = True
80.6833 	EXP 	fade_in_text: autoDraw = True
80.6997 	EXP 	fade_in_text: autoDraw = True
80.7164 	EXP 	fade_in_text: autoDraw = True
80.7332 	EXP 	fade_in_text: autoDraw = True
80.7496 	EXP 	fade_in_text: autoDraw = True
80.7664 	EXP 	fade_in_text: autoDraw = True
80.7830 	EXP 	fade_in_text: autoDraw = True
80.7997 	EXP 	fade_in_text: autoDraw = True
80.8164 	EXP 	fade_in_text: autoDraw = True
80.8333 	EXP 	fade_in_text: autoDraw = True
80.8496 	EXP 	fade_in_text: autoDraw = True
80.8664 	EXP 	fade_in_text: autoDraw = True
80.8830 	EXP 	fade_in_text: autoDraw = True
80.8997 	EXP 	fade_in_text: autoDraw = True
80.9164 	EXP 	fade_in_text: autoDraw = True
80.9332 	EXP 	fade_in_text: autoDraw = True
80.9496 	EXP 	fade_in_text: autoDraw = True
80.9664 	EXP 	fade_in_text: autoDraw = True
80.9831 	EXP 	fade_in_text: autoDraw = True
80.9997 	EXP 	fade_in_text: autoDraw = True
81.0164 	EXP 	fade_in_text: autoDraw = True
81.0330 	EXP 	fade_in_text: autoDraw = True
81.0496 	EXP 	fade_in_text: autoDraw = True
81.0664 	EXP 	fade_in_text: autoDraw = True
81.0831 	EXP 	fade_in_text: autoDraw = True
81.0997 	EXP 	fade_in_text: autoDraw = True
81.1164 	EXP 	fade_in_text: autoDraw = True
81.1330 	EXP 	fade_in_text: autoDraw = True
81.1496 	EXP 	fade_in_text: autoDraw = True
81.1664 	EXP 	fade_in_text: autoDraw = True
81.1831 	EXP 	fade_in_text: autoDraw = True
81.1997 	EXP 	fade_in_text: autoDraw = True
81.2164 	EXP 	fade_in_text: autoDraw = True
81.2330 	EXP 	fade_in_text: autoDraw = True
81.2497 	EXP 	fade_in_text: autoDraw = True
81.2664 	EXP 	fade_in_text: autoDraw = True
81.2831 	EXP 	fade_in_text: autoDraw = True
81.2997 	EXP 	fade_in_text: autoDraw = True
81.3166 	EXP 	fade_in_text: autoDraw = True
81.3330 	EXP 	fade_in_text: autoDraw = True
81.3497 	EXP 	fade_in_text: autoDraw = True
81.3664 	EXP 	fade_in_text: autoDraw = True
81.3831 	EXP 	fade_in_text: autoDraw = True
81.3998 	EXP 	fade_in_text: autoDraw = True
81.4166 	EXP 	fade_in_text: autoDraw = True
81.4330 	EXP 	fade_in_text: autoDraw = True
81.4497 	EXP 	fade_in_text: autoDraw = True
81.4664 	EXP 	fade_in_text: autoDraw = True
81.4831 	EXP 	fade_in_text: autoDraw = True
81.4997 	EXP 	fade_in_text: autoDraw = True
81.5166 	EXP 	fade_in_text: autoDraw = True
81.5330 	EXP 	fade_in_text: autoDraw = True
81.5497 	EXP 	fade_in_text: autoDraw = True
81.5664 	EXP 	fade_in_text: autoDraw = True
81.5831 	EXP 	fade_in_text: autoDraw = True
81.5998 	EXP 	fade_in_text: autoDraw = True
81.6165 	EXP 	fade_in_text: autoDraw = True
81.6330 	EXP 	fade_in_text: autoDraw = True
81.6497 	EXP 	fade_in_text: autoDraw = True
81.6664 	EXP 	fade_in_text: autoDraw = True
81.6831 	EXP 	fade_in_text: autoDraw = True
81.6998 	EXP 	fade_in_text: autoDraw = True
81.7164 	EXP 	fade_in_text: autoDraw = True
81.7330 	EXP 	fade_in_text: autoDraw = True
81.7498 	EXP 	fade_in_text: autoDraw = True
81.7664 	EXP 	fade_in_text: autoDraw = True
81.7831 	EXP 	fade_in_text: autoDraw = True
81.7998 	EXP 	fade_in_text: autoDraw = True
81.8164 	EXP 	fade_in_text: autoDraw = True
81.8331 	EXP 	fade_in_text: autoDraw = True
81.8498 	EXP 	fade_in_text: autoDraw = True
81.8664 	EXP 	fade_in_text: autoDraw = True
81.8831 	EXP 	fade_in_text: autoDraw = True
81.9000 	EXP 	fade_in_text: autoDraw = True
81.9164 	EXP 	fade_in_text: autoDraw = True
81.9331 	EXP 	fade_in_text: autoDraw = True
81.9498 	EXP 	fade_in_text: autoDraw = True
81.9664 	EXP 	fade_in_text: autoDraw = True
81.9831 	EXP 	fade_in_text: autoDraw = True
82.0000 	EXP 	fade_in_text: autoDraw = True
82.0164 	EXP 	fade_in_text: autoDraw = True
82.0331 	EXP 	fade_in_text: autoDraw = True
82.0498 	EXP 	fade_in_text: autoDraw = True
82.0664 	EXP 	fade_in_text: autoDraw = True
82.0831 	EXP 	fade_in_text: autoDraw = True
82.1000 	EXP 	fade_in_text: autoDraw = True
82.1164 	EXP 	fade_in_text: autoDraw = True
82.1331 	EXP 	fade_in_text: autoDraw = True
82.1498 	EXP 	fade_in_text: autoDraw = True
82.1664 	EXP 	fade_in_text: autoDraw = True
82.1831 	EXP 	fade_in_text: autoDraw = True
82.2000 	EXP 	fade_in_text: autoDraw = True
82.2164 	EXP 	fade_in_text: autoDraw = True
82.2331 	EXP 	fade_in_text: autoDraw = True
82.2498 	EXP 	fade_in_text: autoDraw = True
82.2664 	EXP 	fade_in_text: autoDraw = True
82.2831 	EXP 	fade_in_text: autoDraw = True
82.2998 	EXP 	fade_in_text: autoDraw = True
82.3164 	EXP 	fade_in_text: autoDraw = True
82.3331 	EXP 	fade_in_text: autoDraw = True
82.3498 	EXP 	fade_in_text: autoDraw = True
82.3664 	EXP 	fade_in_text: autoDraw = True
82.3831 	EXP 	fade_in_text: autoDraw = True
82.3998 	EXP 	fade_in_text: autoDraw = True
82.4165 	EXP 	fade_in_text: autoDraw = True
82.4332 	EXP 	fade_in_text: autoDraw = True
82.4498 	EXP 	fade_in_text: autoDraw = True
82.4665 	EXP 	fade_in_text: autoDraw = True
82.4833 	EXP 	fade_in_text: autoDraw = True
82.4998 	EXP 	fade_in_text: autoDraw = True
82.5165 	EXP 	fade_in_text: autoDraw = True
82.5332 	EXP 	fade_in_text: autoDraw = True
82.5498 	EXP 	fade_in_text: autoDraw = True
82.5665 	EXP 	fade_in_text: autoDraw = True
82.5833 	EXP 	fade_in_text: autoDraw = True
82.5998 	EXP 	fade_in_text: autoDraw = True
82.6165 	EXP 	fade_in_text: autoDraw = True
82.6331 	EXP 	fade_in_text: autoDraw = True
82.6498 	EXP 	fade_in_text: autoDraw = True
82.6665 	EXP 	fade_in_text: autoDraw = True
82.6834 	EXP 	fade_in_text: autoDraw = True
82.6998 	EXP 	fade_in_text: autoDraw = True
82.7165 	EXP 	fade_in_text: autoDraw = True
82.7331 	EXP 	fade_in_text: autoDraw = True
82.7498 	EXP 	fade_in_text: autoDraw = True
82.7665 	EXP 	fade_in_text: autoDraw = True
82.7834 	EXP 	fade_in_text: autoDraw = True
82.7998 	EXP 	fade_in_text: autoDraw = True
82.8165 	EXP 	fade_in_text: autoDraw = True
82.8331 	EXP 	fade_in_text: autoDraw = True
82.8498 	EXP 	fade_in_text: autoDraw = True
82.8665 	EXP 	fade_in_text: autoDraw = True
82.8831 	EXP 	fade_in_text: autoDraw = True
82.8998 	EXP 	fade_in_text: autoDraw = True
82.9165 	EXP 	fade_in_text: autoDraw = True
82.9331 	EXP 	fade_in_text: autoDraw = True
82.9498 	EXP 	fade_in_text: autoDraw = True
82.9665 	EXP 	fade_in_text: autoDraw = True
82.9832 	EXP 	fade_in_text: autoDraw = True
82.9998 	EXP 	fade_in_text: autoDraw = True
83.0165 	EXP 	fade_in_text: autoDraw = True
83.0332 	EXP 	fade_in_text: autoDraw = True
83.0498 	EXP 	fade_in_text: autoDraw = True
83.0667 	EXP 	fade_in_text: autoDraw = True
83.0831 	EXP 	fade_in_text: autoDraw = True
83.0999 	EXP 	fade_in_text: autoDraw = True
83.1165 	EXP 	fade_in_text: autoDraw = True
83.1331 	EXP 	fade_in_text: autoDraw = True
83.1498 	EXP 	fade_in_text: autoDraw = True
83.1667 	EXP 	fade_in_text: autoDraw = True
83.1832 	EXP 	fade_in_text: autoDraw = True
83.1998 	EXP 	fade_in_text: autoDraw = True
83.2165 	EXP 	fade_in_text: autoDraw = True
83.2332 	EXP 	fade_in_text: autoDraw = True
83.2498 	EXP 	fade_in_text: autoDraw = True
83.2667 	EXP 	fade_in_text: autoDraw = True
83.2832 	EXP 	fade_in_text: autoDraw = True
83.2998 	EXP 	fade_in_text: autoDraw = True
83.3165 	EXP 	fade_in_text: autoDraw = True
83.3332 	EXP 	fade_in_text: autoDraw = True
83.3499 	EXP 	fade_in_text: autoDraw = True
83.3666 	EXP 	fade_in_text: autoDraw = True
83.3832 	EXP 	fade_in_text: autoDraw = True
83.3999 	EXP 	fade_in_text: autoDraw = True
83.4165 	EXP 	fade_in_text: autoDraw = True
83.4332 	EXP 	fade_in_text: autoDraw = True
83.4498 	EXP 	fade_in_text: autoDraw = True
83.4666 	EXP 	fade_in_text: autoDraw = True
83.4831 	EXP 	fade_in_text: autoDraw = True
83.4999 	EXP 	fade_in_text: autoDraw = True
83.5165 	EXP 	fade_in_text: autoDraw = True
83.5332 	EXP 	fade_in_text: autoDraw = True
83.5499 	EXP 	fade_in_text: autoDraw = True
83.5664 	EXP 	fade_in_text: autoDraw = True
83.5832 	EXP 	fade_in_text: autoDraw = True
83.5999 	EXP 	fade_in_text: autoDraw = True
83.6166 	EXP 	fade_in_text: autoDraw = True
83.6332 	EXP 	fade_in_text: autoDraw = True
83.6498 	EXP 	fade_in_text: autoDraw = True
83.6664 	EXP 	fade_in_text: autoDraw = True
83.6831 	EXP 	fade_in_text: autoDraw = True
83.6999 	EXP 	fade_in_text: autoDraw = True
83.7165 	EXP 	fade_in_text: autoDraw = True
83.7332 	EXP 	fade_in_text: autoDraw = True
83.7499 	EXP 	fade_in_text: autoDraw = True
83.7664 	EXP 	fade_in_text: autoDraw = True
83.7832 	EXP 	fade_in_text: autoDraw = True
83.7999 	EXP 	fade_in_text: autoDraw = True
83.8165 	EXP 	fade_in_text: autoDraw = True
83.8332 	EXP 	fade_in_text: autoDraw = True
83.8500 	EXP 	fade_in_text: autoDraw = True
83.8664 	EXP 	fade_in_text: autoDraw = True
83.8832 	EXP 	fade_in_text: autoDraw = True
83.9001 	EXP 	fade_in_text: autoDraw = True
83.9165 	EXP 	fade_in_text: autoDraw = True
83.9332 	EXP 	fade_in_text: autoDraw = True
83.9500 	EXP 	fade_in_text: autoDraw = True
83.9665 	EXP 	fade_in_text: autoDraw = True
83.9833 	EXP 	fade_in_text: autoDraw = True
84.0000 	EXP 	fade_in_text: autoDraw = True
84.0165 	EXP 	fade_in_text: autoDraw = True
84.0332 	EXP 	fade_in_text: autoDraw = True
84.0502 	EXP 	fade_in_text: autoDraw = True
84.0665 	EXP 	fade_in_text: autoDraw = True
84.0832 	EXP 	fade_in_text: autoDraw = True
84.0999 	EXP 	fade_in_text: autoDraw = True
84.1166 	EXP 	fade_in_text: autoDraw = True
84.1332 	EXP 	fade_in_text: autoDraw = True
84.1501 	EXP 	fade_in_text: autoDraw = True
84.1665 	EXP 	fade_in_text: autoDraw = True
84.1832 	EXP 	fade_in_text: autoDraw = True
84.1999 	EXP 	fade_in_text: autoDraw = True
84.2166 	EXP 	fade_in_text: autoDraw = True
84.2332 	EXP 	fade_in_text: autoDraw = True
84.2498 	EXP 	fade_in_text: autoDraw = True
84.2665 	EXP 	fade_in_text: autoDraw = True
84.2832 	EXP 	fade_in_text: autoDraw = True
84.2999 	EXP 	fade_in_text: autoDraw = True
84.3167 	EXP 	fade_in_text: autoDraw = True
84.3332 	EXP 	fade_in_text: autoDraw = True
84.3498 	EXP 	fade_in_text: autoDraw = True
84.3665 	EXP 	fade_in_text: autoDraw = True
84.3832 	EXP 	fade_in_text: autoDraw = True
84.3999 	EXP 	fade_in_text: autoDraw = True
84.4166 	EXP 	fade_in_text: autoDraw = True
84.4332 	EXP 	fade_in_text: autoDraw = True
84.4498 	EXP 	fade_in_text: autoDraw = True
84.4666 	EXP 	fade_in_text: autoDraw = True
84.4832 	EXP 	fade_in_text: autoDraw = True
84.4999 	EXP 	fade_in_text: autoDraw = True
84.5166 	EXP 	fade_in_text: autoDraw = True
84.5334 	EXP 	fade_in_text: autoDraw = True
84.5498 	EXP 	fade_in_text: autoDraw = True
84.5666 	EXP 	fade_in_text: autoDraw = True
84.5832 	EXP 	fade_in_text: autoDraw = True
84.5999 	EXP 	fade_in_text: autoDraw = True
84.6166 	EXP 	fade_in_text: autoDraw = True
84.6334 	EXP 	fade_in_text: autoDraw = True
84.6498 	EXP 	fade_in_text: autoDraw = True
84.6666 	EXP 	fade_in_text: autoDraw = True
84.6833 	EXP 	fade_in_text: autoDraw = True
84.6999 	EXP 	fade_in_text: autoDraw = True
84.7166 	EXP 	fade_in_text: autoDraw = True
84.7335 	EXP 	fade_in_text: autoDraw = True
84.7498 	EXP 	fade_in_text: autoDraw = True
84.7666 	EXP 	fade_in_text: autoDraw = True
84.7832 	EXP 	fade_in_text: autoDraw = True
84.7999 	EXP 	fade_in_text: autoDraw = True
84.8166 	EXP 	fade_in_text: autoDraw = True
84.8334 	EXP 	fade_in_text: autoDraw = True
84.8498 	EXP 	fade_in_text: autoDraw = True
84.8666 	EXP 	fade_in_text: autoDraw = True
84.8833 	EXP 	fade_in_text: autoDraw = True
84.8999 	EXP 	fade_in_text: autoDraw = True
84.9166 	EXP 	fade_in_text: autoDraw = True
84.9332 	EXP 	fade_in_text: autoDraw = True
84.9498 	EXP 	fade_in_text: autoDraw = True
84.9666 	EXP 	fade_in_text: autoDraw = True
84.9833 	EXP 	fade_in_text: autoDraw = True
84.9999 	EXP 	fade_in_text: autoDraw = True
85.0166 	EXP 	fade_in_text: autoDraw = True
85.0332 	EXP 	fade_in_text: autoDraw = True
85.0499 	EXP 	fade_in_text: autoDraw = True
85.0666 	EXP 	fade_in_text: autoDraw = True
85.0833 	EXP 	fade_in_text: autoDraw = True
85.1000 	EXP 	fade_in_text: autoDraw = True
85.1166 	EXP 	fade_in_text: autoDraw = True
85.1332 	EXP 	fade_in_text: autoDraw = True
85.1499 	EXP 	fade_in_text: autoDraw = True
85.1666 	EXP 	fade_in_text: autoDraw = True
85.1833 	EXP 	fade_in_text: autoDraw = True
85.1999 	EXP 	fade_in_text: autoDraw = True
85.2168 	EXP 	fade_in_text: autoDraw = True
85.2332 	EXP 	fade_in_text: autoDraw = True
85.2499 	EXP 	fade_in_text: autoDraw = True
85.2666 	EXP 	fade_in_text: autoDraw = True
85.2833 	EXP 	fade_in_text: autoDraw = True
85.2999 	EXP 	fade_in_text: autoDraw = True
85.3168 	EXP 	fade_in_text: autoDraw = True
85.3332 	EXP 	fade_in_text: autoDraw = True
85.3500 	EXP 	fade_in_text: autoDraw = True
85.3666 	EXP 	fade_in_text: autoDraw = True
85.3833 	EXP 	fade_in_text: autoDraw = True
85.4000 	EXP 	fade_in_text: autoDraw = True
85.4169 	EXP 	fade_in_text: autoDraw = True
85.4332 	EXP 	fade_in_text: autoDraw = True
85.4499 	EXP 	fade_in_text: autoDraw = True
85.4666 	EXP 	fade_in_text: autoDraw = True
85.4833 	EXP 	fade_in_text: autoDraw = True
85.4999 	EXP 	fade_in_text: autoDraw = True
85.5169 	EXP 	fade_in_text: autoDraw = True
85.5333 	EXP 	fade_in_text: autoDraw = True
85.5500 	EXP 	fade_in_text: autoDraw = True
85.5666 	EXP 	fade_in_text: autoDraw = True
85.5833 	EXP 	fade_in_text: autoDraw = True
85.6000 	EXP 	fade_in_text: autoDraw = True
85.6166 	EXP 	fade_in_text: autoDraw = True
85.6332 	EXP 	fade_in_text: autoDraw = True
85.6499 	EXP 	fade_in_text: autoDraw = True
85.6666 	EXP 	fade_in_text: autoDraw = True
85.6833 	EXP 	fade_in_text: autoDraw = True
85.6999 	EXP 	fade_in_text: autoDraw = True
85.7166 	EXP 	fade_in_text: autoDraw = True
85.7332 	EXP 	fade_in_text: autoDraw = True
85.7500 	EXP 	fade_in_text: autoDraw = True
85.7666 	EXP 	fade_in_text: autoDraw = True
85.7833 	EXP 	fade_in_text: autoDraw = True
85.8002 	EXP 	fade_in_text: autoDraw = True
85.8166 	EXP 	fade_in_text: autoDraw = True
85.8333 	EXP 	fade_in_text: autoDraw = True
85.8500 	EXP 	fade_in_text: autoDraw = True
85.8666 	EXP 	fade_in_text: autoDraw = True
85.8833 	EXP 	fade_in_text: autoDraw = True
85.9001 	EXP 	fade_in_text: autoDraw = True
85.9167 	EXP 	fade_in_text: autoDraw = True
85.9333 	EXP 	fade_in_text: autoDraw = True
85.9500 	EXP 	fade_in_text: autoDraw = True
85.9666 	EXP 	fade_in_text: autoDraw = True
85.9833 	EXP 	fade_in_text: autoDraw = True
86.0003 	EXP 	fade_in_text: autoDraw = True
86.0167 	EXP 	fade_in_text: autoDraw = True
86.0333 	EXP 	fade_in_text: autoDraw = True
86.0500 	EXP 	fade_in_text: autoDraw = True
86.0666 	EXP 	fade_in_text: autoDraw = True
86.0833 	EXP 	fade_in_text: autoDraw = True
86.1000 	EXP 	fade_in_text: autoDraw = True
86.1167 	EXP 	fade_in_text: autoDraw = True
86.1333 	EXP 	fade_in_text: autoDraw = True
86.1500 	EXP 	fade_in_text: autoDraw = True
86.1666 	EXP 	fade_in_text: autoDraw = True
86.1833 	EXP 	fade_in_text: autoDraw = True
86.2000 	EXP 	fade_in_text: autoDraw = True
86.2166 	EXP 	fade_in_text: autoDraw = True
86.2333 	EXP 	fade_in_text: autoDraw = True
86.2500 	EXP 	fade_in_text: autoDraw = True
86.2666 	EXP 	fade_in_text: autoDraw = True
86.2833 	EXP 	fade_in_text: autoDraw = True
86.2999 	EXP 	fade_in_text: autoDraw = True
86.3167 	EXP 	fade_in_text: autoDraw = True
86.3333 	EXP 	fade_in_text: autoDraw = True
86.3500 	EXP 	fade_in_text: autoDraw = True
86.3667 	EXP 	fade_in_text: autoDraw = True
86.3835 	EXP 	fade_in_text: autoDraw = True
86.4000 	EXP 	fade_in_text: autoDraw = True
86.4167 	EXP 	fade_in_text: autoDraw = True
86.4333 	EXP 	fade_in_text: autoDraw = True
86.4500 	EXP 	fade_in_text: autoDraw = True
86.4667 	EXP 	fade_in_text: autoDraw = True
86.4835 	EXP 	fade_in_text: autoDraw = True
86.4999 	EXP 	fade_in_text: autoDraw = True
86.5167 	EXP 	fade_in_text: autoDraw = True
86.5333 	EXP 	fade_in_text: autoDraw = True
86.5500 	EXP 	fade_in_text: autoDraw = True
86.5667 	EXP 	fade_in_text: autoDraw = True
86.5835 	EXP 	fade_in_text: autoDraw = True
86.6000 	EXP 	fade_in_text: autoDraw = True
86.6167 	EXP 	fade_in_text: autoDraw = True
86.6333 	EXP 	fade_in_text: autoDraw = True
86.6500 	EXP 	fade_in_text: autoDraw = True
86.6667 	EXP 	fade_in_text: autoDraw = True
86.6835 	EXP 	fade_in_text: autoDraw = True
86.6999 	EXP 	fade_in_text: autoDraw = True
86.7167 	EXP 	fade_in_text: autoDraw = True
86.7333 	EXP 	fade_in_text: autoDraw = True
86.7500 	EXP 	fade_in_text: autoDraw = True
86.7667 	EXP 	fade_in_text: autoDraw = True
86.7835 	EXP 	fade_in_text: autoDraw = True
86.8000 	EXP 	fade_in_text: autoDraw = True
86.8167 	EXP 	fade_in_text: autoDraw = True
90.8501 	EXP 	fade_in_text: autoDraw = False
90.8501 	EXP 	RS_intro_title: autoDraw = True
90.8501 	EXP 	RS_intro_text: autoDraw = True
113.8680 	EXP 	RS_intro_title: autoDraw = False
113.8680 	EXP 	RS_intro_text: autoDraw = False
113.8680 	EXP 	RS_intro_title: autoDraw = False
113.8680 	EXP 	RS_intro_text: autoDraw = False
113.8680 	EXP 	RS_rec_text: text = 'Please keep relaxed and open your eyes.\nNote: Blinking is allowed.'
113.8680 	EXP 	RS_rec_text: autoDraw = True
293.8778 	EXP 	RS_rec_text: autoDraw = False
297.2620 	EXP 	RS_rec_text: autoDraw = False
297.2620 	EXP 	RS_intro_title: autoDraw = True
297.2620 	EXP 	RS_intro_text: autoDraw = True
320.2793 	EXP 	RS_intro_title: autoDraw = False
320.2793 	EXP 	RS_intro_text: autoDraw = False
320.2793 	EXP 	RS_intro_title: autoDraw = False
320.2793 	EXP 	RS_intro_text: autoDraw = False
320.2793 	EXP 	RS_rec_text: text = 'Please keep relaxed and close your eyes.\n'
320.2793 	EXP 	RS_rec_text: autoDraw = True
500.2882 	EXP 	RS_rec_text: autoDraw = False
503.6886 	EXP 	RS_rec_text: autoDraw = False
503.6886 	EXP 	Pause_cont: text = 'Press [space] key to continue.'
503.6886 	EXP 	Pause_cont: autoDraw = True
518.0648 	DATA 	Keypress: space
521.1395 	EXP 	Pause_cont: autoDraw = False
521.1395 	EXP 	QA_intro_title: autoDraw = True
521.1395 	EXP 	QA_intro_text: autoDraw = True
560.5247 	EXP 	QA_intro_cont: autoDraw = True
561.1581 	EXP 	QA_intro_title: autoDraw = False
561.1581 	EXP 	QA_intro_text: autoDraw = False
563.5787 	DATA 	Keypress: space
564.5955 	EXP 	Created sequence: random, trialTypes=1, nReps=2, seed=None
564.5962 	EXP 	New trial (rep=0, index=0): None
565.5993 	EXP 	Created sequence: random, trialTypes=1, nReps=25, seed=None
565.6003 	EXP 	New trial (rep=0, index=0): None
566.6585 	EXP 	QA_intro_title: autoDraw = False
566.6585 	EXP 	QA_intro_text: autoDraw = False
566.6585 	EXP 	QA_intro_cont: autoDraw = False
566.6585 	EXP 	QA_rec_text: autoDraw = True
584.6428 	EXP 	QA_rec_break: autoDraw = True
585.6429 	EXP 	QA_rec_break: autoDraw = False
586.6485 	EXP 	New trial (rep=1, index=0): None
587.6929 	EXP 	QA_rec_text: autoDraw = False
587.6929 	EXP 	QA_rec_break: autoDraw = False
587.6929 	EXP 	QA_rec_text: autoDraw = True
605.6773 	EXP 	QA_rec_break: autoDraw = True
606.6774 	EXP 	QA_rec_break: autoDraw = False
607.6826 	EXP 	New trial (rep=2, index=0): None
608.7441 	EXP 	QA_rec_text: autoDraw = False
608.7441 	EXP 	QA_rec_break: autoDraw = False
608.7441 	EXP 	QA_rec_text: autoDraw = True
626.7116 	EXP 	QA_rec_break: autoDraw = True
627.7118 	EXP 	QA_rec_break: autoDraw = False
628.7328 	EXP 	New trial (rep=3, index=0): None
629.7954 	EXP 	QA_rec_text: autoDraw = False
629.7954 	EXP 	QA_rec_break: autoDraw = False
629.7954 	EXP 	QA_rec_text: autoDraw = True
647.7628 	EXP 	QA_rec_break: autoDraw = True
648.7629 	EXP 	QA_rec_break: autoDraw = False
649.7849 	EXP 	New trial (rep=4, index=0): None
650.8470 	EXP 	QA_rec_text: autoDraw = False
650.8470 	EXP 	QA_rec_break: autoDraw = False
650.8470 	EXP 	QA_rec_text: autoDraw = True
668.8141 	EXP 	QA_rec_break: autoDraw = True
669.8139 	EXP 	QA_rec_break: autoDraw = False
670.8351 	EXP 	New trial (rep=5, index=0): None
671.8976 	EXP 	QA_rec_text: autoDraw = False
671.8976 	EXP 	QA_rec_break: autoDraw = False
671.8976 	EXP 	QA_rec_text: autoDraw = True
689.8653 	EXP 	QA_rec_break: autoDraw = True
690.8652 	EXP 	QA_rec_break: autoDraw = False
691.8915 	EXP 	New trial (rep=6, index=0): None
692.9485 	EXP 	QA_rec_text: autoDraw = False
692.9485 	EXP 	QA_rec_break: autoDraw = False
692.9485 	EXP 	QA_rec_text: autoDraw = True
710.9163 	EXP 	QA_rec_break: autoDraw = True
711.9162 	EXP 	QA_rec_break: autoDraw = False
712.9376 	EXP 	New trial (rep=7, index=0): None
713.9998 	EXP 	QA_rec_text: autoDraw = False
713.9998 	EXP 	QA_rec_break: autoDraw = False
713.9998 	EXP 	QA_rec_text: autoDraw = True
731.9841 	EXP 	QA_rec_break: autoDraw = True
732.9843 	EXP 	QA_rec_break: autoDraw = False
733.9894 	EXP 	New trial (rep=8, index=0): None
735.0505 	EXP 	QA_rec_text: autoDraw = False
735.0505 	EXP 	QA_rec_break: autoDraw = False
735.0505 	EXP 	QA_rec_text: autoDraw = True
753.0184 	EXP 	QA_rec_break: autoDraw = True
755.0234 	EXP 	New trial (rep=9, index=0): None
756.0856 	EXP 	QA_rec_text: autoDraw = False
756.0856 	EXP 	QA_rec_break: autoDraw = False
756.0856 	EXP 	QA_rec_text: autoDraw = True
774.0859 	EXP 	QA_rec_break: autoDraw = True
776.0904 	EXP 	New trial (rep=10, index=0): None
777.1533 	EXP 	QA_rec_text: autoDraw = False
777.1533 	EXP 	QA_rec_break: autoDraw = False
777.1533 	EXP 	QA_rec_text: autoDraw = True
795.1538 	EXP 	QA_rec_break: autoDraw = True
797.1249 	EXP 	New trial (rep=11, index=0): None
798.2040 	EXP 	QA_rec_text: autoDraw = False
798.2040 	EXP 	QA_rec_break: autoDraw = False
798.2040 	EXP 	QA_rec_text: autoDraw = True
816.1883 	EXP 	QA_rec_break: autoDraw = True
818.1928 	EXP 	New trial (rep=12, index=0): None
819.2389 	EXP 	QA_rec_text: autoDraw = False
819.2389 	EXP 	QA_rec_break: autoDraw = False
819.2389 	EXP 	QA_rec_text: autoDraw = True
837.2393 	EXP 	QA_rec_break: autoDraw = True
839.2436 	EXP 	New trial (rep=13, index=0): None
840.3072 	EXP 	QA_rec_text: autoDraw = False
840.3072 	EXP 	QA_rec_break: autoDraw = False
840.3072 	EXP 	QA_rec_text: autoDraw = True
858.3070 	EXP 	QA_rec_break: autoDraw = True
860.3116 	EXP 	New trial (rep=14, index=0): None
861.3748 	EXP 	QA_rec_text: autoDraw = False
861.3748 	EXP 	QA_rec_break: autoDraw = False
861.3748 	EXP 	QA_rec_text: autoDraw = True
879.3749 	EXP 	QA_rec_break: autoDraw = True
881.3793 	EXP 	New trial (rep=15, index=0): None
882.4426 	EXP 	QA_rec_text: autoDraw = False
882.4426 	EXP 	QA_rec_break: autoDraw = False
882.4426 	EXP 	QA_rec_text: autoDraw = True
900.4426 	EXP 	QA_rec_break: autoDraw = True
902.4134 	EXP 	New trial (rep=16, index=0): None
903.4601 	EXP 	QA_rec_text: autoDraw = False
903.4601 	EXP 	QA_rec_break: autoDraw = False
903.4601 	EXP 	QA_rec_text: autoDraw = True
921.4605 	EXP 	QA_rec_break: autoDraw = True
923.4647 	EXP 	New trial (rep=17, index=0): None
924.5108 	EXP 	QA_rec_text: autoDraw = False
924.5108 	EXP 	QA_rec_break: autoDraw = False
924.5108 	EXP 	QA_rec_text: autoDraw = True
942.5115 	EXP 	QA_rec_break: autoDraw = True
944.5169 	EXP 	New trial (rep=18, index=0): None
945.5620 	EXP 	QA_rec_text: autoDraw = False
945.5620 	EXP 	QA_rec_break: autoDraw = False
945.5620 	EXP 	QA_rec_text: autoDraw = True
963.5626 	EXP 	QA_rec_break: autoDraw = True
965.5338 	EXP 	New trial (rep=19, index=0): None
966.5795 	EXP 	QA_rec_text: autoDraw = False
966.5795 	EXP 	QA_rec_break: autoDraw = False
966.5795 	EXP 	QA_rec_text: autoDraw = True
984.5804 	EXP 	QA_rec_break: autoDraw = True
986.5521 	EXP 	New trial (rep=20, index=0): None
987.5987 	EXP 	QA_rec_text: autoDraw = False
987.5987 	EXP 	QA_rec_break: autoDraw = False
987.5987 	EXP 	QA_rec_text: autoDraw = True
1005.5982 	EXP 	QA_rec_break: autoDraw = True
1007.6026 	EXP 	New trial (rep=21, index=0): None
1008.6499 	EXP 	QA_rec_text: autoDraw = False
1008.6499 	EXP 	QA_rec_break: autoDraw = False
1008.6499 	EXP 	QA_rec_text: autoDraw = True
1026.6492 	EXP 	QA_rec_break: autoDraw = True
1028.6205 	EXP 	New trial (rep=22, index=0): None
1029.6836 	EXP 	QA_rec_text: autoDraw = False
1029.6836 	EXP 	QA_rec_break: autoDraw = False
1029.6836 	EXP 	QA_rec_text: autoDraw = True
1047.6836 	EXP 	QA_rec_break: autoDraw = True
1049.6882 	EXP 	New trial (rep=23, index=0): None
1050.7344 	EXP 	QA_rec_text: autoDraw = False
1050.7344 	EXP 	QA_rec_break: autoDraw = False
1050.7344 	EXP 	QA_rec_text: autoDraw = True
1068.7348 	EXP 	QA_rec_break: autoDraw = True
1070.7392 	EXP 	New trial (rep=24, index=0): None
1071.7856 	EXP 	QA_rec_text: autoDraw = False
1071.7856 	EXP 	QA_rec_break: autoDraw = False
1071.7856 	EXP 	QA_rec_text: autoDraw = True
1089.7859 	EXP 	QA_rec_break: autoDraw = True
1093.8361 	EXP 	QA_rec_text: autoDraw = False
1093.8361 	EXP 	QA_rec_break: autoDraw = False
1093.8361 	EXP 	Pause_cont: text = 'Press [space] key to continue.'
1093.8361 	EXP 	Pause_cont: autoDraw = True
1108.2678 	DATA 	Keypress: space
1109.2730 	EXP 	New trial (rep=1, index=0): None
1110.2763 	EXP 	Created sequence: random, trialTypes=1, nReps=25, seed=None
1110.2772 	EXP 	New trial (rep=0, index=0): None
1111.3215 	EXP 	Pause_cont: autoDraw = False
1111.3215 	EXP 	QA_rec_text: autoDraw = True
1129.3216 	EXP 	QA_rec_break: autoDraw = True
1131.2932 	EXP 	New trial (rep=1, index=0): None
1132.3554 	EXP 	QA_rec_text: autoDraw = False
1132.3554 	EXP 	QA_rec_break: autoDraw = False
1132.3554 	EXP 	QA_rec_text: autoDraw = True
1150.3223 	EXP 	QA_rec_break: autoDraw = True
1152.3269 	EXP 	New trial (rep=2, index=0): None
1153.3898 	EXP 	QA_rec_text: autoDraw = False
1153.3898 	EXP 	QA_rec_break: autoDraw = False
1153.3898 	EXP 	QA_rec_text: autoDraw = True
1171.3569 	EXP 	QA_rec_break: autoDraw = True
1173.3613 	EXP 	New trial (rep=3, index=0): None
1174.4246 	EXP 	QA_rec_text: autoDraw = False
1174.4246 	EXP 	QA_rec_break: autoDraw = False
1174.4246 	EXP 	QA_rec_text: autoDraw = True
1192.3913 	EXP 	QA_rec_break: autoDraw = True
1194.3957 	EXP 	New trial (rep=4, index=0): None
1195.4582 	EXP 	QA_rec_text: autoDraw = False
1195.4582 	EXP 	QA_rec_break: autoDraw = False
1195.4582 	EXP 	QA_rec_text: autoDraw = True
1213.4424 	EXP 	QA_rec_break: autoDraw = True
1215.4470 	EXP 	New trial (rep=5, index=0): None
1216.5093 	EXP 	QA_rec_text: autoDraw = False
1216.5093 	EXP 	QA_rec_break: autoDraw = False
1216.5093 	EXP 	QA_rec_text: autoDraw = True
1234.5102 	EXP 	QA_rec_break: autoDraw = True
1236.4840 	EXP 	New trial (rep=6, index=0): None
1237.6279 	EXP 	QA_rec_text: autoDraw = False
1237.6279 	EXP 	QA_rec_break: autoDraw = False
1237.6279 	EXP 	QA_rec_text: autoDraw = True
1255.6113 	EXP 	QA_rec_break: autoDraw = True
1257.6156 	EXP 	New trial (rep=7, index=0): None
1258.6786 	EXP 	QA_rec_text: autoDraw = False
1258.6786 	EXP 	QA_rec_break: autoDraw = False
1258.6786 	EXP 	QA_rec_text: autoDraw = True
1276.6791 	EXP 	QA_rec_break: autoDraw = True
1278.6513 	EXP 	New trial (rep=8, index=0): None
1279.7132 	EXP 	QA_rec_text: autoDraw = False
1279.7132 	EXP 	QA_rec_break: autoDraw = False
1279.7132 	EXP 	QA_rec_text: autoDraw = True
1297.6802 	EXP 	QA_rec_break: autoDraw = True
1299.6847 	EXP 	New trial (rep=9, index=0): None
1300.7475 	EXP 	QA_rec_text: autoDraw = False
1300.7475 	EXP 	QA_rec_break: autoDraw = False
1300.7475 	EXP 	QA_rec_text: autoDraw = True
1318.7146 	EXP 	QA_rec_break: autoDraw = True
1320.7192 	EXP 	New trial (rep=10, index=0): None
1321.7655 	EXP 	QA_rec_text: autoDraw = False
1321.7655 	EXP 	QA_rec_break: autoDraw = False
1321.7655 	EXP 	QA_rec_text: autoDraw = True
1339.7324 	EXP 	QA_rec_break: autoDraw = True
1341.7369 	EXP 	New trial (rep=11, index=0): None
1342.7843 	EXP 	QA_rec_text: autoDraw = False
1342.7843 	EXP 	QA_rec_break: autoDraw = False
1342.7843 	EXP 	QA_rec_text: autoDraw = True
1360.7501 	EXP 	QA_rec_break: autoDraw = True
1362.7553 	EXP 	New trial (rep=12, index=0): None
1363.8009 	EXP 	QA_rec_text: autoDraw = False
1363.8009 	EXP 	QA_rec_break: autoDraw = False
1363.8009 	EXP 	QA_rec_text: autoDraw = True
1381.7678 	EXP 	QA_rec_break: autoDraw = True
1383.7734 	EXP 	New trial (rep=13, index=0): None
1384.8354 	EXP 	QA_rec_text: autoDraw = False
1384.8354 	EXP 	QA_rec_break: autoDraw = False
1384.8354 	EXP 	QA_rec_text: autoDraw = True
1402.8360 	EXP 	QA_rec_break: autoDraw = True
1404.8079 	EXP 	New trial (rep=14, index=0): None
1405.8698 	EXP 	QA_rec_text: autoDraw = False
1405.8698 	EXP 	QA_rec_break: autoDraw = False
1405.8698 	EXP 	QA_rec_text: autoDraw = True
1423.8701 	EXP 	QA_rec_break: autoDraw = True
1425.8429 	EXP 	New trial (rep=15, index=0): None
1426.9043 	EXP 	QA_rec_text: autoDraw = False
1426.9043 	EXP 	QA_rec_break: autoDraw = False
1426.9043 	EXP 	QA_rec_text: autoDraw = True
1444.8712 	EXP 	QA_rec_break: autoDraw = True
1446.8766 	EXP 	New trial (rep=16, index=0): None
1447.9387 	EXP 	QA_rec_text: autoDraw = False
1447.9387 	EXP 	QA_rec_break: autoDraw = False
1447.9387 	EXP 	QA_rec_text: autoDraw = True
1465.9391 	EXP 	QA_rec_break: autoDraw = True
1467.9107 	EXP 	New trial (rep=17, index=0): None
1468.9734 	EXP 	QA_rec_text: autoDraw = False
1468.9734 	EXP 	QA_rec_break: autoDraw = False
1468.9734 	EXP 	QA_rec_text: autoDraw = True
1486.9735 	EXP 	QA_rec_break: autoDraw = True
1488.9447 	EXP 	New trial (rep=18, index=0): None
1489.9912 	EXP 	QA_rec_text: autoDraw = False
1489.9912 	EXP 	QA_rec_break: autoDraw = False
1489.9912 	EXP 	QA_rec_text: autoDraw = True
1507.9912 	EXP 	QA_rec_break: autoDraw = True
1509.9624 	EXP 	New trial (rep=19, index=0): None
1511.0247 	EXP 	QA_rec_text: autoDraw = False
1511.0247 	EXP 	QA_rec_break: autoDraw = False
1511.0247 	EXP 	QA_rec_text: autoDraw = True
1529.0257 	EXP 	QA_rec_break: autoDraw = True
1530.9968 	EXP 	New trial (rep=20, index=0): None
1532.0435 	EXP 	QA_rec_text: autoDraw = False
1532.0435 	EXP 	QA_rec_break: autoDraw = False
1532.0435 	EXP 	QA_rec_text: autoDraw = True
1550.0435 	EXP 	QA_rec_break: autoDraw = True
1552.0482 	EXP 	New trial (rep=21, index=0): None
1553.1104 	EXP 	QA_rec_text: autoDraw = False
1553.1104 	EXP 	QA_rec_break: autoDraw = False
1553.1104 	EXP 	QA_rec_text: autoDraw = True
1571.0779 	EXP 	QA_rec_break: autoDraw = True
1573.0831 	EXP 	New trial (rep=22, index=0): None
1574.1289 	EXP 	QA_rec_text: autoDraw = False
1574.1289 	EXP 	QA_rec_break: autoDraw = False
1574.1289 	EXP 	QA_rec_text: autoDraw = True
1592.1123 	EXP 	QA_rec_break: autoDraw = True
1594.1169 	EXP 	New trial (rep=23, index=0): None
1595.2628 	EXP 	QA_rec_text: autoDraw = False
1595.2628 	EXP 	QA_rec_break: autoDraw = False
1595.2628 	EXP 	QA_rec_text: autoDraw = True
1613.2301 	EXP 	QA_rec_break: autoDraw = True
1615.2345 	EXP 	New trial (rep=24, index=0): None
1616.2970 	EXP 	QA_rec_text: autoDraw = False
1616.2970 	EXP 	QA_rec_break: autoDraw = False
1616.2970 	EXP 	QA_rec_text: autoDraw = True
1634.2979 	EXP 	QA_rec_break: autoDraw = True
1638.3147 	EXP 	QA_rec_text: autoDraw = False
1638.3147 	EXP 	QA_rec_break: autoDraw = False
1638.3147 	EXP 	Pause_cont: text = 'Press [space] key to continue.'
1638.3147 	EXP 	Pause_cont: autoDraw = True
1642.5944 	EXP 	window1: mouseVisible = True
