20.0760 	EXP 	Created instruction_text = TextStim(__class__=<class 'psychopy.visual.text.TextStim'>, alignHoriz='center', alignVert='center', antialias=True, autoLog=True, bold=False, color=array([1., 1., 1.]), colorSpace='rgb', contrast=1.0, depth=-0.0, flipHoriz=False, flipVert=False, font='Arial', fontFiles=[], height=0.06, italic=False, languageStyle='LTR', name='instruction_text', opacity=1.0, ori=0.0, pos=array([0.5, 0.1]), rgb=array([1., 1., 1.]), text=str(...), units='norm', win=Window(...), wrapWidth=1)
20.3388 	EXP 	Created instruction_cont = TextStim(__class__=<class 'psychopy.visual.text.TextStim'>, alignHoriz='center', alignVert='center', antialias=True, autoLog=True, bold=False, color=array([1., 1., 1.]), colorSpace='rgb', contrast=1.0, depth=-3.0, flipHoriz=False, flipVert=False, font='Arial', fontFiles=[], height=0.06, italic=False, languageStyle='LTR', name='instruction_cont', opacity=1.0, ori=0.0, pos=array([ 0.5, -0.4]), rgb=array([1., 1., 1.]), text='          Press [space] key to continue.', units='norm', win=Window(...), wrapWidth=1)
20.3414 	EXP 	Created Artifact_intro_title = TextStim(__class__=<class 'psychopy.visual.text.TextStim'>, alignHoriz='center', alignVert='center', antialias=True, autoLog=True, bold=False, color=array([1., 1., 1.]), colorSpace='rgb', contrast=1.0, depth=-0.0, flipHoriz=False, flipVert=False, font='Arial', fontFiles=[], height=0.06, italic=False, languageStyle='LTR', name='Artifact_intro_title', opacity=1.0, ori=0.0, pos=array([0.5, 0.4]), rgb=array([1., 1., 1.]), text='Muscular signal recording', units='norm', win=Window(...), wrapWidth=1)
20.3453 	EXP 	Created Artifact_intro_text = TextStim(__class__=<class 'psychopy.visual.text.TextStim'>, alignHoriz='center', alignVert='center', antialias=True, autoLog=True, bold=False, color=array([1., 1., 1.]), colorSpace='rgb', contrast=1.0, depth=-1.0, flipHoriz=False, flipVert=False, font='Arial', fontFiles=[], height=0.06, italic=False, languageStyle='LTR', name='Artifact_intro_text', opacity=1.0, ori=0.0, pos=array([0.5, 0. ]), rgb=array([1., 1., 1.]), text=str(...), units='norm', win=Window(...), wrapWidth=1)
20.3531 	EXP 	Created Artifact_intro_cont = TextStim(__class__=<class 'psychopy.visual.text.TextStim'>, alignHoriz='center', alignVert='center', antialias=True, autoLog=True, bold=False, color=array([1., 1., 1.]), colorSpace='rgb', contrast=1.0, depth=-4.0, flipHoriz=False, flipVert=False, font='Arial', fontFiles=[], height=0.06, italic=False, languageStyle='LTR', name='Artifact_intro_cont', opacity=1.0, ori=0.0, pos=array([0.5, 0. ]), rgb=array([1., 1., 1.]), text='          Press [space] key to continue.', units='norm', win=Window(...), wrapWidth=1)
20.3535 	EXP 	Created Artifact_rec_text = TextStim(__class__=<class 'psychopy.visual.text.TextStim'>, alignHoriz='center', alignVert='center', antialias=True, autoLog=True, bold=False, color=array([1., 1., 1.]), colorSpace='rgb', contrast=1.0, depth=-0.0, flipHoriz=False, flipVert=False, font='Arial', fontFiles=[], height=0.06, italic=False, languageStyle='LTR', name='Artifact_rec_text', opacity=1.0, ori=0.0, pos=array([0.5, 0.4]), rgb=array([1., 1., 1.]), text='', units='norm', win=Window(...), wrapWidth=1)
20.3550 	EXP 	Created Artifact_rec_recording = TextStim(__class__=<class 'psychopy.visual.text.TextStim'>, alignHoriz='center', alignVert='center', antialias=True, autoLog=True, bold=False, color=array([1., 1., 1.]), colorSpace='rgb', contrast=1.0, depth=-4.0, flipHoriz=False, flipVert=False, font='Arial', fontFiles=[], height=0.06, italic=False, languageStyle='LTR', name='Artifact_rec_recording', opacity=1.0, ori=0.0, pos=array([ 0.5, -0.4]), rgb=array([1., 1., 1.]), text='', units='norm', win=Window(...), wrapWidth=1)
20.3572 	EXP 	Created Artifact_rec_break = TextStim(__class__=<class 'psychopy.visual.text.TextStim'>, alignHoriz='center', alignVert='center', antialias=True, autoLog=True, bold=False, color=array([1., 1., 1.]), colorSpace='rgb', contrast=1.0, depth=-6.0, flipHoriz=False, flipVert=False, font='Arial', fontFiles=[], height=0.06, italic=False, languageStyle='LTR', name='Artifact_rec_break', opacity=1.0, ori=0.0, pos=array([ 0.5, -0.4]), rgb=array([1., 1., 1.]), text='Short break', units='norm', win=Window(...), wrapWidth=1)
20.3731 	EXP 	Created Cali_de_pre_intro_title = TextStim(__class__=<class 'psychopy.visual.text.TextStim'>, alignHoriz='center', alignVert='center', antialias=True, autoLog=True, bold=False, color=array([1., 1., 1.]), colorSpace='rgb', contrast=1.0, depth=-0.0, flipHoriz=False, flipVert=False, font='Arial', fontFiles=[], height=0.06, italic=False, languageStyle='LTR', name='Cali_de_pre_intro_title', opacity=1.0, ori=0.0, pos=array([0.5, 0.4]), rgb=array([1., 1., 1.]), text='READ OUT BLOCK (GERMAN)', units='norm', win=Window(...), wrapWidth=1)
20.3805 	EXP 	Created Cali_de_pre_intro_text = TextStim(__class__=<class 'psychopy.visual.text.TextStim'>, alignHoriz='center', alignVert='center', antialias=True, autoLog=True, bold=False, color=array([1., 1., 1.]), colorSpace='rgb', contrast=1.0, depth=-1.0, flipHoriz=False, flipVert=False, font='Arial', fontFiles=[], height=0.06, italic=False, languageStyle='LTR', name='Cali_de_pre_intro_text', opacity=1.0, ori=0.0, pos=array([0.5, 0. ]), rgb=array([1., 1., 1.]), text=str(...), units='norm', win=Window(...), wrapWidth=1)
20.3855 	EXP 	Created Cali_de_pre_intro_cont = TextStim(__class__=<class 'psychopy.visual.text.TextStim'>, alignHoriz='center', alignVert='center', antialias=True, autoLog=True, bold=False, color=array([1., 1., 1.]), colorSpace='rgb', contrast=1.0, depth=-4.0, flipHoriz=False, flipVert=False, font='Arial', fontFiles=[], height=0.06, italic=False, languageStyle='LTR', name='Cali_de_pre_intro_cont', opacity=1.0, ori=0.0, pos=array([0.5, 0. ]), rgb=array([1., 1., 1.]), text='          Press [space] key to continue.', units='norm', win=Window(...), wrapWidth=1)
20.3859 	EXP 	Created Cali_de_pre_rec_text = TextStim(__class__=<class 'psychopy.visual.text.TextStim'>, alignHoriz='center', alignVert='center', antialias=True, autoLog=True, bold=False, color=array([1., 1., 1.]), colorSpace='rgb', contrast=1.0, depth=-0.0, flipHoriz=False, flipVert=False, font='Arial', fontFiles=[], height=0.06, italic=False, languageStyle='LTR', name='Cali_de_pre_rec_text', opacity=1.0, ori=0.0, pos=array([0.5, 0.4]), rgb=array([1., 1., 1.]), text='', units='norm', win=Window(...), wrapWidth=1)
20.3868 	EXP 	Created Cali_de_pre_rec_question_text = TextStim(__class__=<class 'psychopy.visual.text.TextStim'>, alignHoriz='center', alignVert='center', antialias=True, autoLog=True, bold=False, color=array([1., 1., 1.]), colorSpace='rgb', contrast=1.0, depth=-2.0, flipHoriz=False, flipVert=False, font='Arial', fontFiles=[], height=0.06, italic=False, languageStyle='LTR', name='Cali_de_pre_rec_question_text', opacity=1.0, ori=0.0, pos=array([0.5, 0. ]), rgb=array([1., 1., 1.]), text='', units='norm', win=Window(...), wrapWidth=1)
20.3889 	EXP 	Created Cali_de_pre_rec_break = TextStim(__class__=<class 'psychopy.visual.text.TextStim'>, alignHoriz='center', alignVert='center', antialias=True, autoLog=True, bold=False, color=array([1., 1., 1.]), colorSpace='rgb', contrast=1.0, depth=-6.0, flipHoriz=False, flipVert=False, font='Arial', fontFiles=[], height=0.06, italic=False, languageStyle='LTR', name='Cali_de_pre_rec_break', opacity=1.0, ori=0.0, pos=array([ 0.5, -0.4]), rgb=array([1., 1., 1.]), text='Short break', units='norm', win=Window(...), wrapWidth=1)
20.3893 	EXP 	Created fade_in_text = TextStim(__class__=<class 'psychopy.visual.text.TextStim'>, alignHoriz='center', alignVert='center', antialias=True, autoLog=True, bold=False, color=array([1., 1., 1.]), colorSpace='rgb', contrast=1.0, depth=-0.0, flipHoriz=False, flipVert=False, font='Arial', fontFiles=[], height=0.06, italic=False, languageStyle='LTR', name='fade_in_text', opacity=1.0, ori=0.0, pos=array([0.5, 0.4]), rgb=array([1., 1., 1.]), text='', units='norm', win=Window(...), wrapWidth=1)
20.3913 	EXP 	Created RS_intro_title = TextStim(__class__=<class 'psychopy.visual.text.TextStim'>, alignHoriz='center', alignVert='center', antialias=True, autoLog=True, bold=False, color=array([1., 1., 1.]), colorSpace='rgb', contrast=1.0, depth=-0.0, flipHoriz=False, flipVert=False, font='Arial', fontFiles=[], height=0.06, italic=False, languageStyle='LTR', name='RS_intro_title', opacity=1.0, ori=0.0, pos=array([0.5, 0.4]), rgb=array([1., 1., 1.]), text='REST STATE BLOCK', units='norm', win=Window(...), wrapWidth=1)
20.3987 	EXP 	Created RS_intro_text = TextStim(__class__=<class 'psychopy.visual.text.TextStim'>, alignHoriz='center', alignVert='center', antialias=True, autoLog=True, bold=False, color=array([1., 1., 1.]), colorSpace='rgb', contrast=1.0, depth=-1.0, flipHoriz=False, flipVert=False, font='Arial', fontFiles=[], height=0.06, italic=False, languageStyle='LTR', name='RS_intro_text', opacity=1.0, ori=0.0, pos=array([0.5, 0. ]), rgb=array([1., 1., 1.]), text=str(...), units='norm', win=Window(...), wrapWidth=1)
20.4038 	EXP 	Created RS_rec_text = TextStim(__class__=<class 'psychopy.visual.text.TextStim'>, alignHoriz='center', alignVert='center', antialias=True, autoLog=True, bold=False, color=array([1., 1., 1.]), colorSpace='rgb', contrast=1.0, depth=-0.0, flipHoriz=False, flipVert=False, font='Arial', fontFiles=[], height=0.06, italic=False, languageStyle='LTR', name='RS_rec_text', opacity=1.0, ori=0.0, pos=array([0.5, 0. ]), rgb=array([1., 1., 1.]), text=str(...), units='norm', win=Window(...), wrapWidth=1)
20.4062 	EXP 	Created QA_intro_title = TextStim(__class__=<class 'psychopy.visual.text.TextStim'>, alignHoriz='center', alignVert='center', antialias=True, autoLog=True, bold=False, color=array([1., 1., 1.]), colorSpace='rgb', contrast=1.0, depth=-0.0, flipHoriz=False, flipVert=False, font='Arial', fontFiles=[], height=0.06, italic=False, languageStyle='LTR', name='QA_intro_title', opacity=1.0, ori=0.0, pos=array([0.5, 0.5]), rgb=array([1., 1., 1.]), text='Q&A BLOCK', units='norm', win=Window(...), wrapWidth=1)
20.4158 	EXP 	Created QA_intro_text = TextStim(__class__=<class 'psychopy.visual.text.TextStim'>, alignHoriz='center', alignVert='center', antialias=True, autoLog=True, bold=False, color=array([1., 1., 1.]), colorSpace='rgb', contrast=1.0, depth=-1.0, flipHoriz=False, flipVert=False, font='Arial', fontFiles=[], height=0.06, italic=False, languageStyle='LTR', name='QA_intro_text', opacity=1.0, ori=0.0, pos=array([0.5, 0. ]), rgb=array([1., 1., 1.]), text=str(...), units='norm', win=Window(...), wrapWidth=1)
20.4201 	EXP 	Created QA_intro_cont = TextStim(__class__=<class 'psychopy.visual.text.TextStim'>, alignHoriz='center', alignVert='center', antialias=True, autoLog=True, bold=False, color=array([1., 1., 1.]), colorSpace='rgb', contrast=1.0, depth=-4.0, flipHoriz=False, flipVert=False, font='Arial', fontFiles=[], height=0.06, italic=False, languageStyle='LTR', name='QA_intro_cont', opacity=1.0, ori=0.0, pos=array([0.5, 0. ]), rgb=array([1., 1., 1.]), text='          Press [space] key to continue.', units='norm', win=Window(...), wrapWidth=1)
20.4230 	EXP 	Created QA_rec_text = TextStim(__class__=<class 'psychopy.visual.text.TextStim'>, alignHoriz='center', alignVert='center', antialias=True, autoLog=True, bold=False, color=array([1., 1., 1.]), colorSpace='rgb', contrast=1.0, depth=-0.0, flipHoriz=False, flipVert=False, font='Arial', fontFiles=[], height=0.06, italic=False, languageStyle='LTR', name='QA_rec_text', opacity=1.0, ori=0.0, pos=array([0.5, 0. ]), rgb=array([1., 1., 1.]), text=str(...), units='norm', win=Window(...), wrapWidth=1)
20.4268 	EXP 	Created QA_rec_break = TextStim(__class__=<class 'psychopy.visual.text.TextStim'>, alignHoriz='center', alignVert='center', antialias=True, autoLog=True, bold=False, color=array([1., 1., 1.]), colorSpace='rgb', contrast=1.0, depth=-6.0, flipHoriz=False, flipVert=False, font='Arial', fontFiles=[], height=0.06, italic=False, languageStyle='LTR', name='QA_rec_break', opacity=1.0, ori=0.0, pos=array([ 0.5, -0.4]), rgb=array([1., 1., 1.]), text='Short break', units='norm', win=Window(...), wrapWidth=1)
20.4310 	EXP 	Created Pause_cont = TextStim(__class__=<class 'psychopy.visual.text.TextStim'>, alignHoriz='center', alignVert='center', antialias=True, autoLog=True, bold=False, color=array([1., 1., 1.]), colorSpace='rgb', contrast=1.0, depth=-2.0, flipHoriz=False, flipVert=False, font='Arial', fontFiles=[], height=0.06, italic=False, languageStyle='LTR', name='Pause_cont', opacity=1.0, ori=0.0, pos=array([0.5, 0. ]), rgb=array([1., 1., 1.]), text=str(...), units='norm', win=Window(...), wrapWidth=1)
20.4331 	EXP 	Created Cali_de_post_intro_title = TextStim(__class__=<class 'psychopy.visual.text.TextStim'>, alignHoriz='center', alignVert='center', antialias=True, autoLog=True, bold=False, color=array([1., 1., 1.]), colorSpace='rgb', contrast=1.0, depth=-0.0, flipHoriz=False, flipVert=False, font='Arial', fontFiles=[], height=0.06, italic=False, languageStyle='LTR', name='Cali_de_post_intro_title', opacity=1.0, ori=0.0, pos=array([0.5, 0.4]), rgb=array([1., 1., 1.]), text='READ OUT BLOCK (GERMAN)', units='norm', win=Window(...), wrapWidth=1)
20.4792 	EXP 	Created Cali_de_post_intro_text = TextStim(__class__=<class 'psychopy.visual.text.TextStim'>, alignHoriz='center', alignVert='center', antialias=True, autoLog=True, bold=False, color=array([1., 1., 1.]), colorSpace='rgb', contrast=1.0, depth=-1.0, flipHoriz=False, flipVert=False, font='Arial', fontFiles=[], height=0.06, italic=False, languageStyle='LTR', name='Cali_de_post_intro_text', opacity=1.0, ori=0.0, pos=array([0.5, 0. ]), rgb=array([1., 1., 1.]), text=str(...), units='norm', win=Window(...), wrapWidth=1)
20.4842 	EXP 	Created Cali_de_post_intro_cont = TextStim(__class__=<class 'psychopy.visual.text.TextStim'>, alignHoriz='center', alignVert='center', antialias=True, autoLog=True, bold=False, color=array([1., 1., 1.]), colorSpace='rgb', contrast=1.0, depth=-4.0, flipHoriz=False, flipVert=False, font='Arial', fontFiles=[], height=0.06, italic=False, languageStyle='LTR', name='Cali_de_post_intro_cont', opacity=1.0, ori=0.0, pos=array([0.5, 0. ]), rgb=array([1., 1., 1.]), text='          Press [space] key to continue.', units='norm', win=Window(...), wrapWidth=1)
20.4846 	EXP 	Created Cali_de_post_rec_text = TextStim(__class__=<class 'psychopy.visual.text.TextStim'>, alignHoriz='center', alignVert='center', antialias=True, autoLog=True, bold=False, color=array([1., 1., 1.]), colorSpace='rgb', contrast=1.0, depth=-0.0, flipHoriz=False, flipVert=False, font='Arial', fontFiles=[], height=0.06, italic=False, languageStyle='LTR', name='Cali_de_post_rec_text', opacity=1.0, ori=0.0, pos=array([0.5, 0.4]), rgb=array([1., 1., 1.]), text='', units='norm', win=Window(...), wrapWidth=1)
20.4855 	EXP 	Created Cali_de_post_rec_question_text = TextStim(__class__=<class 'psychopy.visual.text.TextStim'>, alignHoriz='center', alignVert='center', antialias=True, autoLog=True, bold=False, color=array([1., 1., 1.]), colorSpace='rgb', contrast=1.0, depth=-2.0, flipHoriz=False, flipVert=False, font='Arial', fontFiles=[], height=0.06, italic=False, languageStyle='LTR', name='Cali_de_post_rec_question_text', opacity=1.0, ori=0.0, pos=array([0.5, 0. ]), rgb=array([1., 1., 1.]), text='', units='norm', win=Window(...), wrapWidth=1)
20.4875 	EXP 	Created Cali_de_post_rec_break = TextStim(__class__=<class 'psychopy.visual.text.TextStim'>, alignHoriz='center', alignVert='center', antialias=True, autoLog=True, bold=False, color=array([1., 1., 1.]), colorSpace='rgb', contrast=1.0, depth=-6.0, flipHoriz=False, flipVert=False, font='Arial', fontFiles=[], height=0.06, italic=False, languageStyle='LTR', name='Cali_de_post_rec_break', opacity=1.0, ori=0.0, pos=array([ 0.5, -0.4]), rgb=array([1., 1., 1.]), text='Short break', units='norm', win=Window(...), wrapWidth=1)
20.4912 	EXP 	Created the_end_text = TextStim(__class__=<class 'psychopy.visual.text.TextStim'>, alignHoriz='center', alignVert='center', antialias=True, autoLog=True, bold=False, color=array([1., 1., 1.]), colorSpace='rgb', contrast=1.0, depth=-1.0, flipHoriz=False, flipVert=False, font='Arial', fontFiles=[], height=0.06, italic=False, languageStyle='LTR', name='the_end_text', opacity=1.0, ori=0.0, pos=array([0.7, 0. ]), rgb=array([1., 1., 1.]), text=str(...), units='norm', win=Window(...), wrapWidth=1)
22.4956 	EXP 	Created sequence: random, trialTypes=1, nReps=4, seed=None
22.4964 	EXP 	New trial (rep=0, index=0): None
22.4969 	EXP 	New trial (rep=1, index=0): None
27.5361 	EXP 	fade_in_text: text = 'Please remain seated until further instruction via the earphone.'
27.5361 	EXP 	fade_in_text: autoDraw = True
33.5363 	EXP 	fade_in_text: autoDraw = True
33.5531 	EXP 	fade_in_text: autoDraw = True
33.5696 	EXP 	fade_in_text: autoDraw = True
33.5863 	EXP 	fade_in_text: autoDraw = True
33.6031 	EXP 	fade_in_text: autoDraw = True
33.6196 	EXP 	fade_in_text: autoDraw = True
33.6363 	EXP 	fade_in_text: autoDraw = True
33.6530 	EXP 	fade_in_text: autoDraw = True
33.6696 	EXP 	fade_in_text: autoDraw = True
33.6863 	EXP 	fade_in_text: autoDraw = True
33.7031 	EXP 	fade_in_text: autoDraw = True
33.7196 	EXP 	fade_in_text: autoDraw = True
33.7363 	EXP 	fade_in_text: autoDraw = True
33.7530 	EXP 	fade_in_text: autoDraw = True
33.7696 	EXP 	fade_in_text: autoDraw = True
33.7863 	EXP 	fade_in_text: autoDraw = True
33.8031 	EXP 	fade_in_text: autoDraw = True
33.8196 	EXP 	fade_in_text: autoDraw = True
33.8363 	EXP 	fade_in_text: autoDraw = True
33.8530 	EXP 	fade_in_text: autoDraw = True
33.8696 	EXP 	fade_in_text: autoDraw = True
33.8863 	EXP 	fade_in_text: autoDraw = True
33.9031 	EXP 	fade_in_text: autoDraw = True
33.9197 	EXP 	fade_in_text: autoDraw = True
33.9363 	EXP 	fade_in_text: autoDraw = True
33.9530 	EXP 	fade_in_text: autoDraw = True
33.9697 	EXP 	fade_in_text: autoDraw = True
33.9863 	EXP 	fade_in_text: autoDraw = True
34.0029 	EXP 	fade_in_text: autoDraw = True
34.0197 	EXP 	fade_in_text: autoDraw = True
34.0363 	EXP 	fade_in_text: autoDraw = True
34.0530 	EXP 	fade_in_text: autoDraw = True
34.0700 	EXP 	fade_in_text: autoDraw = True
34.0863 	EXP 	fade_in_text: autoDraw = True
34.1033 	EXP 	fade_in_text: autoDraw = True
34.1200 	EXP 	fade_in_text: autoDraw = True
34.1367 	EXP 	fade_in_text: autoDraw = True
34.1533 	EXP 	fade_in_text: autoDraw = True
34.1700 	EXP 	fade_in_text: autoDraw = True
34.1865 	EXP 	fade_in_text: autoDraw = True
34.2032 	EXP 	fade_in_text: autoDraw = True
34.2200 	EXP 	fade_in_text: autoDraw = True
34.2367 	EXP 	fade_in_text: autoDraw = True
34.2535 	EXP 	fade_in_text: autoDraw = True
34.2700 	EXP 	fade_in_text: autoDraw = True
34.2868 	EXP 	fade_in_text: autoDraw = True
34.3034 	EXP 	fade_in_text: autoDraw = True
34.3200 	EXP 	fade_in_text: autoDraw = True
34.3367 	EXP 	fade_in_text: autoDraw = True
34.3533 	EXP 	fade_in_text: autoDraw = True
34.3700 	EXP 	fade_in_text: autoDraw = True
34.3869 	EXP 	fade_in_text: autoDraw = True
34.4034 	EXP 	fade_in_text: autoDraw = True
34.4200 	EXP 	fade_in_text: autoDraw = True
34.4367 	EXP 	fade_in_text: autoDraw = True
34.4534 	EXP 	fade_in_text: autoDraw = True
34.4701 	EXP 	fade_in_text: autoDraw = True
34.4866 	EXP 	fade_in_text: autoDraw = True
34.5034 	EXP 	fade_in_text: autoDraw = True
34.5200 	EXP 	fade_in_text: autoDraw = True
34.5367 	EXP 	fade_in_text: autoDraw = True
34.5534 	EXP 	fade_in_text: autoDraw = True
34.5700 	EXP 	fade_in_text: autoDraw = True
34.5866 	EXP 	fade_in_text: autoDraw = True
34.6033 	EXP 	fade_in_text: autoDraw = True
34.6200 	EXP 	fade_in_text: autoDraw = True
34.6367 	EXP 	fade_in_text: autoDraw = True
34.6533 	EXP 	fade_in_text: autoDraw = True
34.6702 	EXP 	fade_in_text: autoDraw = True
34.6867 	EXP 	fade_in_text: autoDraw = True
34.7034 	EXP 	fade_in_text: autoDraw = True
34.7201 	EXP 	fade_in_text: autoDraw = True
34.7367 	EXP 	fade_in_text: autoDraw = True
34.7533 	EXP 	fade_in_text: autoDraw = True
34.7702 	EXP 	fade_in_text: autoDraw = True
34.7866 	EXP 	fade_in_text: autoDraw = True
34.8034 	EXP 	fade_in_text: autoDraw = True
34.8200 	EXP 	fade_in_text: autoDraw = True
34.8367 	EXP 	fade_in_text: autoDraw = True
34.8533 	EXP 	fade_in_text: autoDraw = True
34.8702 	EXP 	fade_in_text: autoDraw = True
34.8866 	EXP 	fade_in_text: autoDraw = True
34.9033 	EXP 	fade_in_text: autoDraw = True
34.9200 	EXP 	fade_in_text: autoDraw = True
34.9367 	EXP 	fade_in_text: autoDraw = True
34.9533 	EXP 	fade_in_text: autoDraw = True
34.9700 	EXP 	fade_in_text: autoDraw = True
34.9866 	EXP 	fade_in_text: autoDraw = True
35.0034 	EXP 	fade_in_text: autoDraw = True
35.0200 	EXP 	fade_in_text: autoDraw = True
35.0367 	EXP 	fade_in_text: autoDraw = True
35.0533 	EXP 	fade_in_text: autoDraw = True
35.0699 	EXP 	fade_in_text: autoDraw = True
35.0866 	EXP 	fade_in_text: autoDraw = True
35.1033 	EXP 	fade_in_text: autoDraw = True
35.1200 	EXP 	fade_in_text: autoDraw = True
35.1367 	EXP 	fade_in_text: autoDraw = True
35.1535 	EXP 	fade_in_text: autoDraw = True
35.1699 	EXP 	fade_in_text: autoDraw = True
35.1867 	EXP 	fade_in_text: autoDraw = True
35.2033 	EXP 	fade_in_text: autoDraw = True
35.2200 	EXP 	fade_in_text: autoDraw = True
35.2367 	EXP 	fade_in_text: autoDraw = True
35.2535 	EXP 	fade_in_text: autoDraw = True
35.2699 	EXP 	fade_in_text: autoDraw = True
35.2867 	EXP 	fade_in_text: autoDraw = True
35.3034 	EXP 	fade_in_text: autoDraw = True
35.3200 	EXP 	fade_in_text: autoDraw = True
35.3367 	EXP 	fade_in_text: autoDraw = True
35.3536 	EXP 	fade_in_text: autoDraw = True
35.3699 	EXP 	fade_in_text: autoDraw = True
35.3866 	EXP 	fade_in_text: autoDraw = True
35.4033 	EXP 	fade_in_text: autoDraw = True
35.4200 	EXP 	fade_in_text: autoDraw = True
35.4366 	EXP 	fade_in_text: autoDraw = True
35.4533 	EXP 	fade_in_text: autoDraw = True
35.4700 	EXP 	fade_in_text: autoDraw = True
35.4867 	EXP 	fade_in_text: autoDraw = True
35.5034 	EXP 	fade_in_text: autoDraw = True
35.5200 	EXP 	fade_in_text: autoDraw = True
35.5367 	EXP 	fade_in_text: autoDraw = True
35.5532 	EXP 	fade_in_text: autoDraw = True
35.5699 	EXP 	fade_in_text: autoDraw = True
35.5866 	EXP 	fade_in_text: autoDraw = True
35.6033 	EXP 	fade_in_text: autoDraw = True
35.6200 	EXP 	fade_in_text: autoDraw = True
35.6368 	EXP 	fade_in_text: autoDraw = True
35.6533 	EXP 	fade_in_text: autoDraw = True
35.6700 	EXP 	fade_in_text: autoDraw = True
35.6866 	EXP 	fade_in_text: autoDraw = True
35.7034 	EXP 	fade_in_text: autoDraw = True
35.7203 	EXP 	fade_in_text: autoDraw = True
35.7369 	EXP 	fade_in_text: autoDraw = True
35.7533 	EXP 	fade_in_text: autoDraw = True
35.7700 	EXP 	fade_in_text: autoDraw = True
35.7867 	EXP 	fade_in_text: autoDraw = True
35.8034 	EXP 	fade_in_text: autoDraw = True
35.8204 	EXP 	fade_in_text: autoDraw = True
35.8369 	EXP 	fade_in_text: autoDraw = True
35.8534 	EXP 	fade_in_text: autoDraw = True
35.8700 	EXP 	fade_in_text: autoDraw = True
35.8867 	EXP 	fade_in_text: autoDraw = True
35.9033 	EXP 	fade_in_text: autoDraw = True
35.9204 	EXP 	fade_in_text: autoDraw = True
35.9367 	EXP 	fade_in_text: autoDraw = True
35.9533 	EXP 	fade_in_text: autoDraw = True
35.9700 	EXP 	fade_in_text: autoDraw = True
35.9867 	EXP 	fade_in_text: autoDraw = True
36.0034 	EXP 	fade_in_text: autoDraw = True
36.0204 	EXP 	fade_in_text: autoDraw = True
36.0367 	EXP 	fade_in_text: autoDraw = True
36.0534 	EXP 	fade_in_text: autoDraw = True
36.0700 	EXP 	fade_in_text: autoDraw = True
36.0867 	EXP 	fade_in_text: autoDraw = True
36.1034 	EXP 	fade_in_text: autoDraw = True
36.1203 	EXP 	fade_in_text: autoDraw = True
36.1367 	EXP 	fade_in_text: autoDraw = True
36.1534 	EXP 	fade_in_text: autoDraw = True
36.1700 	EXP 	fade_in_text: autoDraw = True
36.1867 	EXP 	fade_in_text: autoDraw = True
36.2034 	EXP 	fade_in_text: autoDraw = True
36.2201 	EXP 	fade_in_text: autoDraw = True
36.2367 	EXP 	fade_in_text: autoDraw = True
36.2534 	EXP 	fade_in_text: autoDraw = True
36.2700 	EXP 	fade_in_text: autoDraw = True
36.2867 	EXP 	fade_in_text: autoDraw = True
36.3034 	EXP 	fade_in_text: autoDraw = True
36.3203 	EXP 	fade_in_text: autoDraw = True
36.3367 	EXP 	fade_in_text: autoDraw = True
36.3534 	EXP 	fade_in_text: autoDraw = True
36.3700 	EXP 	fade_in_text: autoDraw = True
36.3867 	EXP 	fade_in_text: autoDraw = True
36.4034 	EXP 	fade_in_text: autoDraw = True
36.4200 	EXP 	fade_in_text: autoDraw = True
36.4367 	EXP 	fade_in_text: autoDraw = True
36.4534 	EXP 	fade_in_text: autoDraw = True
36.4701 	EXP 	fade_in_text: autoDraw = True
36.4867 	EXP 	fade_in_text: autoDraw = True
36.5034 	EXP 	fade_in_text: autoDraw = True
36.5201 	EXP 	fade_in_text: autoDraw = True
36.5367 	EXP 	fade_in_text: autoDraw = True
36.5534 	EXP 	fade_in_text: autoDraw = True
36.5701 	EXP 	fade_in_text: autoDraw = True
36.5867 	EXP 	fade_in_text: autoDraw = True
36.6036 	EXP 	fade_in_text: autoDraw = True
36.6200 	EXP 	fade_in_text: autoDraw = True
36.6367 	EXP 	fade_in_text: autoDraw = True
36.6534 	EXP 	fade_in_text: autoDraw = True
36.6701 	EXP 	fade_in_text: autoDraw = True
36.6867 	EXP 	fade_in_text: autoDraw = True
36.7037 	EXP 	fade_in_text: autoDraw = True
36.7201 	EXP 	fade_in_text: autoDraw = True
36.7367 	EXP 	fade_in_text: autoDraw = True
36.7534 	EXP 	fade_in_text: autoDraw = True
36.7701 	EXP 	fade_in_text: autoDraw = True
36.7867 	EXP 	fade_in_text: autoDraw = True
36.8035 	EXP 	fade_in_text: autoDraw = True
36.8200 	EXP 	fade_in_text: autoDraw = True
36.8367 	EXP 	fade_in_text: autoDraw = True
36.8534 	EXP 	fade_in_text: autoDraw = True
36.8701 	EXP 	fade_in_text: autoDraw = True
36.8867 	EXP 	fade_in_text: autoDraw = True
36.9033 	EXP 	fade_in_text: autoDraw = True
36.9201 	EXP 	fade_in_text: autoDraw = True
36.9367 	EXP 	fade_in_text: autoDraw = True
36.9534 	EXP 	fade_in_text: autoDraw = True
36.9701 	EXP 	fade_in_text: autoDraw = True
36.9869 	EXP 	fade_in_text: autoDraw = True
37.0033 	EXP 	fade_in_text: autoDraw = True
37.0200 	EXP 	fade_in_text: autoDraw = True
37.0367 	EXP 	fade_in_text: autoDraw = True
37.0534 	EXP 	fade_in_text: autoDraw = True
37.0700 	EXP 	fade_in_text: autoDraw = True
37.0870 	EXP 	fade_in_text: autoDraw = True
37.1033 	EXP 	fade_in_text: autoDraw = True
37.1201 	EXP 	fade_in_text: autoDraw = True
37.1368 	EXP 	fade_in_text: autoDraw = True
37.1534 	EXP 	fade_in_text: autoDraw = True
37.1701 	EXP 	fade_in_text: autoDraw = True
37.1869 	EXP 	fade_in_text: autoDraw = True
37.2033 	EXP 	fade_in_text: autoDraw = True
37.2201 	EXP 	fade_in_text: autoDraw = True
37.2367 	EXP 	fade_in_text: autoDraw = True
37.2534 	EXP 	fade_in_text: autoDraw = True
37.2701 	EXP 	fade_in_text: autoDraw = True
37.2868 	EXP 	fade_in_text: autoDraw = True
37.3034 	EXP 	fade_in_text: autoDraw = True
37.3201 	EXP 	fade_in_text: autoDraw = True
37.3367 	EXP 	fade_in_text: autoDraw = True
37.3534 	EXP 	fade_in_text: autoDraw = True
37.3701 	EXP 	fade_in_text: autoDraw = True
37.3867 	EXP 	fade_in_text: autoDraw = True
37.4033 	EXP 	fade_in_text: autoDraw = True
37.4201 	EXP 	fade_in_text: autoDraw = True
37.4367 	EXP 	fade_in_text: autoDraw = True
37.4534 	EXP 	fade_in_text: autoDraw = True
37.4701 	EXP 	fade_in_text: autoDraw = True
37.4867 	EXP 	fade_in_text: autoDraw = True
37.5034 	EXP 	fade_in_text: autoDraw = True
37.5201 	EXP 	fade_in_text: autoDraw = True
37.5368 	EXP 	fade_in_text: autoDraw = True
37.5534 	EXP 	fade_in_text: autoDraw = True
37.5703 	EXP 	fade_in_text: autoDraw = True
37.5867 	EXP 	fade_in_text: autoDraw = True
37.6034 	EXP 	fade_in_text: autoDraw = True
37.6201 	EXP 	fade_in_text: autoDraw = True
37.6368 	EXP 	fade_in_text: autoDraw = True
37.6534 	EXP 	fade_in_text: autoDraw = True
37.6703 	EXP 	fade_in_text: autoDraw = True
37.6867 	EXP 	fade_in_text: autoDraw = True
37.7034 	EXP 	fade_in_text: autoDraw = True
37.7202 	EXP 	fade_in_text: autoDraw = True
37.7368 	EXP 	fade_in_text: autoDraw = True
37.7534 	EXP 	fade_in_text: autoDraw = True
37.7702 	EXP 	fade_in_text: autoDraw = True
37.7866 	EXP 	fade_in_text: autoDraw = True
37.8034 	EXP 	fade_in_text: autoDraw = True
37.8201 	EXP 	fade_in_text: autoDraw = True
37.8368 	EXP 	fade_in_text: autoDraw = True
37.8534 	EXP 	fade_in_text: autoDraw = True
37.8700 	EXP 	fade_in_text: autoDraw = True
37.8867 	EXP 	fade_in_text: autoDraw = True
37.9034 	EXP 	fade_in_text: autoDraw = True
37.9201 	EXP 	fade_in_text: autoDraw = True
37.9368 	EXP 	fade_in_text: autoDraw = True
37.9536 	EXP 	fade_in_text: autoDraw = True
37.9700 	EXP 	fade_in_text: autoDraw = True
37.9868 	EXP 	fade_in_text: autoDraw = True
38.0034 	EXP 	fade_in_text: autoDraw = True
38.0201 	EXP 	fade_in_text: autoDraw = True
38.0368 	EXP 	fade_in_text: autoDraw = True
38.0536 	EXP 	fade_in_text: autoDraw = True
38.0700 	EXP 	fade_in_text: autoDraw = True
38.0868 	EXP 	fade_in_text: autoDraw = True
38.1034 	EXP 	fade_in_text: autoDraw = True
38.1201 	EXP 	fade_in_text: autoDraw = True
38.1371 	EXP 	fade_in_text: autoDraw = True
38.1538 	EXP 	fade_in_text: autoDraw = True
38.1701 	EXP 	fade_in_text: autoDraw = True
38.1868 	EXP 	fade_in_text: autoDraw = True
38.2034 	EXP 	fade_in_text: autoDraw = True
38.2201 	EXP 	fade_in_text: autoDraw = True
38.2371 	EXP 	fade_in_text: autoDraw = True
38.2536 	EXP 	fade_in_text: autoDraw = True
38.2701 	EXP 	fade_in_text: autoDraw = True
38.2868 	EXP 	fade_in_text: autoDraw = True
38.3035 	EXP 	fade_in_text: autoDraw = True
38.3201 	EXP 	fade_in_text: autoDraw = True
38.3372 	EXP 	fade_in_text: autoDraw = True
38.3536 	EXP 	fade_in_text: autoDraw = True
38.3702 	EXP 	fade_in_text: autoDraw = True
38.3869 	EXP 	fade_in_text: autoDraw = True
38.4035 	EXP 	fade_in_text: autoDraw = True
38.4201 	EXP 	fade_in_text: autoDraw = True
38.4371 	EXP 	fade_in_text: autoDraw = True
38.4536 	EXP 	fade_in_text: autoDraw = True
38.4702 	EXP 	fade_in_text: autoDraw = True
38.4868 	EXP 	fade_in_text: autoDraw = True
38.5035 	EXP 	fade_in_text: autoDraw = True
38.5201 	EXP 	fade_in_text: autoDraw = True
38.5370 	EXP 	fade_in_text: autoDraw = True
38.5535 	EXP 	fade_in_text: autoDraw = True
38.5701 	EXP 	fade_in_text: autoDraw = True
38.5868 	EXP 	fade_in_text: autoDraw = True
38.6035 	EXP 	fade_in_text: autoDraw = True
38.6201 	EXP 	fade_in_text: autoDraw = True
38.6368 	EXP 	fade_in_text: autoDraw = True
38.6535 	EXP 	fade_in_text: autoDraw = True
38.6701 	EXP 	fade_in_text: autoDraw = True
38.6868 	EXP 	fade_in_text: autoDraw = True
38.7035 	EXP 	fade_in_text: autoDraw = True
38.7201 	EXP 	fade_in_text: autoDraw = True
38.7368 	EXP 	fade_in_text: autoDraw = True
38.7535 	EXP 	fade_in_text: autoDraw = True
38.7702 	EXP 	fade_in_text: autoDraw = True
38.7868 	EXP 	fade_in_text: autoDraw = True
38.8035 	EXP 	fade_in_text: autoDraw = True
38.8203 	EXP 	fade_in_text: autoDraw = True
38.8367 	EXP 	fade_in_text: autoDraw = True
38.8535 	EXP 	fade_in_text: autoDraw = True
38.8701 	EXP 	fade_in_text: autoDraw = True
38.8868 	EXP 	fade_in_text: autoDraw = True
38.9035 	EXP 	fade_in_text: autoDraw = True
38.9203 	EXP 	fade_in_text: autoDraw = True
38.9369 	EXP 	fade_in_text: autoDraw = True
38.9535 	EXP 	fade_in_text: autoDraw = True
38.9701 	EXP 	fade_in_text: autoDraw = True
38.9868 	EXP 	fade_in_text: autoDraw = True
39.0035 	EXP 	fade_in_text: autoDraw = True
39.0203 	EXP 	fade_in_text: autoDraw = True
39.0367 	EXP 	fade_in_text: autoDraw = True
39.0535 	EXP 	fade_in_text: autoDraw = True
39.0702 	EXP 	fade_in_text: autoDraw = True
39.0868 	EXP 	fade_in_text: autoDraw = True
39.1035 	EXP 	fade_in_text: autoDraw = True
39.1201 	EXP 	fade_in_text: autoDraw = True
39.1368 	EXP 	fade_in_text: autoDraw = True
39.1535 	EXP 	fade_in_text: autoDraw = True
39.1702 	EXP 	fade_in_text: autoDraw = True
39.1868 	EXP 	fade_in_text: autoDraw = True
39.2035 	EXP 	fade_in_text: autoDraw = True
39.2201 	EXP 	fade_in_text: autoDraw = True
39.2368 	EXP 	fade_in_text: autoDraw = True
39.2535 	EXP 	fade_in_text: autoDraw = True
39.2702 	EXP 	fade_in_text: autoDraw = True
39.2868 	EXP 	fade_in_text: autoDraw = True
39.3037 	EXP 	fade_in_text: autoDraw = True
39.3201 	EXP 	fade_in_text: autoDraw = True
39.3369 	EXP 	fade_in_text: autoDraw = True
39.3536 	EXP 	fade_in_text: autoDraw = True
39.3702 	EXP 	fade_in_text: autoDraw = True
39.3870 	EXP 	fade_in_text: autoDraw = True
39.4037 	EXP 	fade_in_text: autoDraw = True
39.4201 	EXP 	fade_in_text: autoDraw = True
39.4369 	EXP 	fade_in_text: autoDraw = True
39.4535 	EXP 	fade_in_text: autoDraw = True
39.4702 	EXP 	fade_in_text: autoDraw = True
39.4869 	EXP 	fade_in_text: autoDraw = True
39.5037 	EXP 	fade_in_text: autoDraw = True
39.5201 	EXP 	fade_in_text: autoDraw = True
39.5368 	EXP 	fade_in_text: autoDraw = True
39.5535 	EXP 	fade_in_text: autoDraw = True
39.5702 	EXP 	fade_in_text: autoDraw = True
39.5868 	EXP 	fade_in_text: autoDraw = True
39.6034 	EXP 	fade_in_text: autoDraw = True
39.6201 	EXP 	fade_in_text: autoDraw = True
39.6368 	EXP 	fade_in_text: autoDraw = True
39.6535 	EXP 	fade_in_text: autoDraw = True
39.6702 	EXP 	fade_in_text: autoDraw = True
39.6869 	EXP 	fade_in_text: autoDraw = True
39.7035 	EXP 	fade_in_text: autoDraw = True
39.7202 	EXP 	fade_in_text: autoDraw = True
39.7369 	EXP 	fade_in_text: autoDraw = True
39.7536 	EXP 	fade_in_text: autoDraw = True
39.7702 	EXP 	fade_in_text: autoDraw = True
39.7871 	EXP 	fade_in_text: autoDraw = True
39.8035 	EXP 	fade_in_text: autoDraw = True
39.8202 	EXP 	fade_in_text: autoDraw = True
39.8370 	EXP 	fade_in_text: autoDraw = True
39.8536 	EXP 	fade_in_text: autoDraw = True
39.8702 	EXP 	fade_in_text: autoDraw = True
39.8871 	EXP 	fade_in_text: autoDraw = True
39.9035 	EXP 	fade_in_text: autoDraw = True
39.9202 	EXP 	fade_in_text: autoDraw = True
39.9370 	EXP 	fade_in_text: autoDraw = True
39.9536 	EXP 	fade_in_text: autoDraw = True
39.9702 	EXP 	fade_in_text: autoDraw = True
39.9871 	EXP 	fade_in_text: autoDraw = True
40.0035 	EXP 	fade_in_text: autoDraw = True
40.0202 	EXP 	fade_in_text: autoDraw = True
40.0369 	EXP 	fade_in_text: autoDraw = True
40.0536 	EXP 	fade_in_text: autoDraw = True
40.0702 	EXP 	fade_in_text: autoDraw = True
40.0868 	EXP 	fade_in_text: autoDraw = True
40.1035 	EXP 	fade_in_text: autoDraw = True
40.1202 	EXP 	fade_in_text: autoDraw = True
40.1370 	EXP 	fade_in_text: autoDraw = True
40.1536 	EXP 	fade_in_text: autoDraw = True
40.1702 	EXP 	fade_in_text: autoDraw = True
40.1868 	EXP 	fade_in_text: autoDraw = True
40.2036 	EXP 	fade_in_text: autoDraw = True
40.2202 	EXP 	fade_in_text: autoDraw = True
40.2369 	EXP 	fade_in_text: autoDraw = True
40.2536 	EXP 	fade_in_text: autoDraw = True
40.2705 	EXP 	fade_in_text: autoDraw = True
40.2868 	EXP 	fade_in_text: autoDraw = True
40.3036 	EXP 	fade_in_text: autoDraw = True
40.3202 	EXP 	fade_in_text: autoDraw = True
40.3369 	EXP 	fade_in_text: autoDraw = True
40.3536 	EXP 	fade_in_text: autoDraw = True
40.3704 	EXP 	fade_in_text: autoDraw = True
40.3868 	EXP 	fade_in_text: autoDraw = True
40.4036 	EXP 	fade_in_text: autoDraw = True
40.4202 	EXP 	fade_in_text: autoDraw = True
40.4369 	EXP 	fade_in_text: autoDraw = True
40.4536 	EXP 	fade_in_text: autoDraw = True
40.4705 	EXP 	fade_in_text: autoDraw = True
40.4868 	EXP 	fade_in_text: autoDraw = True
40.5036 	EXP 	fade_in_text: autoDraw = True
40.5202 	EXP 	fade_in_text: autoDraw = True
40.5370 	EXP 	fade_in_text: autoDraw = True
40.5536 	EXP 	fade_in_text: autoDraw = True
40.5704 	EXP 	fade_in_text: autoDraw = True
40.5868 	EXP 	fade_in_text: autoDraw = True
40.6036 	EXP 	fade_in_text: autoDraw = True
40.6203 	EXP 	fade_in_text: autoDraw = True
40.6369 	EXP 	fade_in_text: autoDraw = True
40.6537 	EXP 	fade_in_text: autoDraw = True
40.6702 	EXP 	fade_in_text: autoDraw = True
40.6868 	EXP 	fade_in_text: autoDraw = True
40.7037 	EXP 	fade_in_text: autoDraw = True
40.7203 	EXP 	fade_in_text: autoDraw = True
40.7369 	EXP 	fade_in_text: autoDraw = True
40.7538 	EXP 	fade_in_text: autoDraw = True
40.7702 	EXP 	fade_in_text: autoDraw = True
40.7869 	EXP 	fade_in_text: autoDraw = True
40.8036 	EXP 	fade_in_text: autoDraw = True
40.8203 	EXP 	fade_in_text: autoDraw = True
40.8369 	EXP 	fade_in_text: autoDraw = True
40.8538 	EXP 	fade_in_text: autoDraw = True
40.8702 	EXP 	fade_in_text: autoDraw = True
40.8869 	EXP 	fade_in_text: autoDraw = True
40.9036 	EXP 	fade_in_text: autoDraw = True
40.9203 	EXP 	fade_in_text: autoDraw = True
40.9369 	EXP 	fade_in_text: autoDraw = True
40.9539 	EXP 	fade_in_text: autoDraw = True
40.9703 	EXP 	fade_in_text: autoDraw = True
40.9869 	EXP 	fade_in_text: autoDraw = True
41.0036 	EXP 	fade_in_text: autoDraw = True
41.0203 	EXP 	fade_in_text: autoDraw = True
41.0369 	EXP 	fade_in_text: autoDraw = True
41.0537 	EXP 	fade_in_text: autoDraw = True
41.0703 	EXP 	fade_in_text: autoDraw = True
41.0869 	EXP 	fade_in_text: autoDraw = True
41.1036 	EXP 	fade_in_text: autoDraw = True
41.1203 	EXP 	fade_in_text: autoDraw = True
41.1369 	EXP 	fade_in_text: autoDraw = True
41.1537 	EXP 	fade_in_text: autoDraw = True
41.1703 	EXP 	fade_in_text: autoDraw = True
41.1870 	EXP 	fade_in_text: autoDraw = True
41.2036 	EXP 	fade_in_text: autoDraw = True
41.2203 	EXP 	fade_in_text: autoDraw = True
41.2369 	EXP 	fade_in_text: autoDraw = True
41.2535 	EXP 	fade_in_text: autoDraw = True
41.2703 	EXP 	fade_in_text: autoDraw = True
41.2869 	EXP 	fade_in_text: autoDraw = True
41.3036 	EXP 	fade_in_text: autoDraw = True
41.3203 	EXP 	fade_in_text: autoDraw = True
41.3372 	EXP 	fade_in_text: autoDraw = True
41.3536 	EXP 	fade_in_text: autoDraw = True
41.3703 	EXP 	fade_in_text: autoDraw = True
41.3870 	EXP 	fade_in_text: autoDraw = True
41.4036 	EXP 	fade_in_text: autoDraw = True
41.4203 	EXP 	fade_in_text: autoDraw = True
41.4371 	EXP 	fade_in_text: autoDraw = True
41.4535 	EXP 	fade_in_text: autoDraw = True
41.4703 	EXP 	fade_in_text: autoDraw = True
41.4870 	EXP 	fade_in_text: autoDraw = True
41.5036 	EXP 	fade_in_text: autoDraw = True
41.5203 	EXP 	fade_in_text: autoDraw = True
41.5372 	EXP 	fade_in_text: autoDraw = True
41.5536 	EXP 	fade_in_text: autoDraw = True
41.5703 	EXP 	fade_in_text: autoDraw = True
41.5870 	EXP 	fade_in_text: autoDraw = True
41.6036 	EXP 	fade_in_text: autoDraw = True
41.6203 	EXP 	fade_in_text: autoDraw = True
41.6370 	EXP 	fade_in_text: autoDraw = True
41.6536 	EXP 	fade_in_text: autoDraw = True
41.6703 	EXP 	fade_in_text: autoDraw = True
41.6870 	EXP 	fade_in_text: autoDraw = True
41.7036 	EXP 	fade_in_text: autoDraw = True
41.7203 	EXP 	fade_in_text: autoDraw = True
41.7369 	EXP 	fade_in_text: autoDraw = True
41.7537 	EXP 	fade_in_text: autoDraw = True
41.7703 	EXP 	fade_in_text: autoDraw = True
41.7870 	EXP 	fade_in_text: autoDraw = True
41.8038 	EXP 	fade_in_text: autoDraw = True
41.8204 	EXP 	fade_in_text: autoDraw = True
41.8369 	EXP 	fade_in_text: autoDraw = True
41.8537 	EXP 	fade_in_text: autoDraw = True
41.8703 	EXP 	fade_in_text: autoDraw = True
41.8870 	EXP 	fade_in_text: autoDraw = True
41.9037 	EXP 	fade_in_text: autoDraw = True
41.9205 	EXP 	fade_in_text: autoDraw = True
41.9369 	EXP 	fade_in_text: autoDraw = True
41.9537 	EXP 	fade_in_text: autoDraw = True
41.9703 	EXP 	fade_in_text: autoDraw = True
41.9870 	EXP 	fade_in_text: autoDraw = True
42.0037 	EXP 	fade_in_text: autoDraw = True
42.0205 	EXP 	fade_in_text: autoDraw = True
42.0371 	EXP 	fade_in_text: autoDraw = True
42.0537 	EXP 	fade_in_text: autoDraw = True
42.0703 	EXP 	fade_in_text: autoDraw = True
42.0870 	EXP 	fade_in_text: autoDraw = True
42.1037 	EXP 	fade_in_text: autoDraw = True
42.1206 	EXP 	fade_in_text: autoDraw = True
42.1369 	EXP 	fade_in_text: autoDraw = True
42.1537 	EXP 	fade_in_text: autoDraw = True
42.1704 	EXP 	fade_in_text: autoDraw = True
42.1870 	EXP 	fade_in_text: autoDraw = True
42.2037 	EXP 	fade_in_text: autoDraw = True
42.2205 	EXP 	fade_in_text: autoDraw = True
42.2371 	EXP 	fade_in_text: autoDraw = True
42.2537 	EXP 	fade_in_text: autoDraw = True
42.2703 	EXP 	fade_in_text: autoDraw = True
42.2870 	EXP 	fade_in_text: autoDraw = True
42.3037 	EXP 	fade_in_text: autoDraw = True
42.3203 	EXP 	fade_in_text: autoDraw = True
42.3369 	EXP 	fade_in_text: autoDraw = True
42.3537 	EXP 	fade_in_text: autoDraw = True
42.3704 	EXP 	fade_in_text: autoDraw = True
42.3870 	EXP 	fade_in_text: autoDraw = True
42.4037 	EXP 	fade_in_text: autoDraw = True
42.4203 	EXP 	fade_in_text: autoDraw = True
42.4369 	EXP 	fade_in_text: autoDraw = True
42.4537 	EXP 	fade_in_text: autoDraw = True
42.4704 	EXP 	fade_in_text: autoDraw = True
42.4870 	EXP 	fade_in_text: autoDraw = True
42.5039 	EXP 	fade_in_text: autoDraw = True
42.5203 	EXP 	fade_in_text: autoDraw = True
42.5370 	EXP 	fade_in_text: autoDraw = True
42.5537 	EXP 	fade_in_text: autoDraw = True
42.5703 	EXP 	fade_in_text: autoDraw = True
42.5870 	EXP 	fade_in_text: autoDraw = True
42.6038 	EXP 	fade_in_text: autoDraw = True
42.6202 	EXP 	fade_in_text: autoDraw = True
42.6370 	EXP 	fade_in_text: autoDraw = True
42.6537 	EXP 	fade_in_text: autoDraw = True
42.6704 	EXP 	fade_in_text: autoDraw = True
42.6870 	EXP 	fade_in_text: autoDraw = True
42.7040 	EXP 	fade_in_text: autoDraw = True
42.7203 	EXP 	fade_in_text: autoDraw = True
42.7370 	EXP 	fade_in_text: autoDraw = True
42.7534 	EXP 	fade_in_text: autoDraw = True
42.7703 	EXP 	fade_in_text: autoDraw = True
42.7870 	EXP 	fade_in_text: autoDraw = True
42.8039 	EXP 	fade_in_text: autoDraw = True
42.8203 	EXP 	fade_in_text: autoDraw = True
42.8370 	EXP 	fade_in_text: autoDraw = True
42.8537 	EXP 	fade_in_text: autoDraw = True
42.8704 	EXP 	fade_in_text: autoDraw = True
42.8870 	EXP 	fade_in_text: autoDraw = True
42.9036 	EXP 	fade_in_text: autoDraw = True
42.9203 	EXP 	fade_in_text: autoDraw = True
42.9370 	EXP 	fade_in_text: autoDraw = True
42.9537 	EXP 	fade_in_text: autoDraw = True
42.9704 	EXP 	fade_in_text: autoDraw = True
42.9871 	EXP 	fade_in_text: autoDraw = True
43.0036 	EXP 	fade_in_text: autoDraw = True
43.0204 	EXP 	fade_in_text: autoDraw = True
43.0370 	EXP 	fade_in_text: autoDraw = True
43.0539 	EXP 	fade_in_text: autoDraw = True
43.0704 	EXP 	fade_in_text: autoDraw = True
43.0873 	EXP 	fade_in_text: autoDraw = True
43.1036 	EXP 	fade_in_text: autoDraw = True
43.1204 	EXP 	fade_in_text: autoDraw = True
43.1371 	EXP 	fade_in_text: autoDraw = True
43.1538 	EXP 	fade_in_text: autoDraw = True
43.1704 	EXP 	fade_in_text: autoDraw = True
43.1873 	EXP 	fade_in_text: autoDraw = True
43.2036 	EXP 	fade_in_text: autoDraw = True
43.2204 	EXP 	fade_in_text: autoDraw = True
43.2371 	EXP 	fade_in_text: autoDraw = True
43.2537 	EXP 	fade_in_text: autoDraw = True
43.2704 	EXP 	fade_in_text: autoDraw = True
43.2873 	EXP 	fade_in_text: autoDraw = True
43.3036 	EXP 	fade_in_text: autoDraw = True
43.3204 	EXP 	fade_in_text: autoDraw = True
43.3371 	EXP 	fade_in_text: autoDraw = True
43.3537 	EXP 	fade_in_text: autoDraw = True
43.3704 	EXP 	fade_in_text: autoDraw = True
43.3872 	EXP 	fade_in_text: autoDraw = True
43.4037 	EXP 	fade_in_text: autoDraw = True
43.4204 	EXP 	fade_in_text: autoDraw = True
43.4371 	EXP 	fade_in_text: autoDraw = True
43.4537 	EXP 	fade_in_text: autoDraw = True
43.4705 	EXP 	fade_in_text: autoDraw = True
43.4870 	EXP 	fade_in_text: autoDraw = True
43.5037 	EXP 	fade_in_text: autoDraw = True
43.5204 	EXP 	fade_in_text: autoDraw = True
43.5371 	EXP 	fade_in_text: autoDraw = True
43.5538 	EXP 	fade_in_text: autoDraw = True
43.5704 	EXP 	fade_in_text: autoDraw = True
43.5870 	EXP 	fade_in_text: autoDraw = True
43.6037 	EXP 	fade_in_text: autoDraw = True
43.6204 	EXP 	fade_in_text: autoDraw = True
43.6371 	EXP 	fade_in_text: autoDraw = True
43.6537 	EXP 	fade_in_text: autoDraw = True
43.6706 	EXP 	fade_in_text: autoDraw = True
43.6870 	EXP 	fade_in_text: autoDraw = True
43.7037 	EXP 	fade_in_text: autoDraw = True
43.7205 	EXP 	fade_in_text: autoDraw = True
43.7371 	EXP 	fade_in_text: autoDraw = True
43.7537 	EXP 	fade_in_text: autoDraw = True
43.7706 	EXP 	fade_in_text: autoDraw = True
43.7870 	EXP 	fade_in_text: autoDraw = True
43.8038 	EXP 	fade_in_text: autoDraw = True
43.8204 	EXP 	fade_in_text: autoDraw = True
43.8371 	EXP 	fade_in_text: autoDraw = True
43.8538 	EXP 	fade_in_text: autoDraw = True
43.8707 	EXP 	fade_in_text: autoDraw = True
43.8871 	EXP 	fade_in_text: autoDraw = True
43.9037 	EXP 	fade_in_text: autoDraw = True
43.9204 	EXP 	fade_in_text: autoDraw = True
43.9372 	EXP 	fade_in_text: autoDraw = True
43.9538 	EXP 	fade_in_text: autoDraw = True
43.9706 	EXP 	fade_in_text: autoDraw = True
43.9870 	EXP 	fade_in_text: autoDraw = True
44.0038 	EXP 	fade_in_text: autoDraw = True
44.0204 	EXP 	fade_in_text: autoDraw = True
44.0372 	EXP 	fade_in_text: autoDraw = True
44.0538 	EXP 	fade_in_text: autoDraw = True
44.0705 	EXP 	fade_in_text: autoDraw = True
44.0870 	EXP 	fade_in_text: autoDraw = True
44.1038 	EXP 	fade_in_text: autoDraw = True
44.1204 	EXP 	fade_in_text: autoDraw = True
44.1372 	EXP 	fade_in_text: autoDraw = True
44.1540 	EXP 	fade_in_text: autoDraw = True
44.1706 	EXP 	fade_in_text: autoDraw = True
44.1871 	EXP 	fade_in_text: autoDraw = True
44.2038 	EXP 	fade_in_text: autoDraw = True
44.2204 	EXP 	fade_in_text: autoDraw = True
44.2372 	EXP 	fade_in_text: autoDraw = True
44.2540 	EXP 	fade_in_text: autoDraw = True
44.2704 	EXP 	fade_in_text: autoDraw = True
44.2871 	EXP 	fade_in_text: autoDraw = True
44.3038 	EXP 	fade_in_text: autoDraw = True
44.3204 	EXP 	fade_in_text: autoDraw = True
44.3371 	EXP 	fade_in_text: autoDraw = True
44.3540 	EXP 	fade_in_text: autoDraw = True
44.3705 	EXP 	fade_in_text: autoDraw = True
44.3871 	EXP 	fade_in_text: autoDraw = True
44.4038 	EXP 	fade_in_text: autoDraw = True
44.4205 	EXP 	fade_in_text: autoDraw = True
44.4371 	EXP 	fade_in_text: autoDraw = True
44.4540 	EXP 	fade_in_text: autoDraw = True
44.4704 	EXP 	fade_in_text: autoDraw = True
44.4871 	EXP 	fade_in_text: autoDraw = True
44.5038 	EXP 	fade_in_text: autoDraw = True
44.5205 	EXP 	fade_in_text: autoDraw = True
44.5371 	EXP 	fade_in_text: autoDraw = True
44.5539 	EXP 	fade_in_text: autoDraw = True
44.5705 	EXP 	fade_in_text: autoDraw = True
44.5871 	EXP 	fade_in_text: autoDraw = True
44.6038 	EXP 	fade_in_text: autoDraw = True
44.6205 	EXP 	fade_in_text: autoDraw = True
44.6371 	EXP 	fade_in_text: autoDraw = True
44.6537 	EXP 	fade_in_text: autoDraw = True
44.6704 	EXP 	fade_in_text: autoDraw = True
44.6871 	EXP 	fade_in_text: autoDraw = True
44.7038 	EXP 	fade_in_text: autoDraw = True
44.7205 	EXP 	fade_in_text: autoDraw = True
44.7373 	EXP 	fade_in_text: autoDraw = True
44.7537 	EXP 	fade_in_text: autoDraw = True
44.7705 	EXP 	fade_in_text: autoDraw = True
44.7871 	EXP 	fade_in_text: autoDraw = True
44.8038 	EXP 	fade_in_text: autoDraw = True
44.8205 	EXP 	fade_in_text: autoDraw = True
44.8373 	EXP 	fade_in_text: autoDraw = True
44.8537 	EXP 	fade_in_text: autoDraw = True
44.8705 	EXP 	fade_in_text: autoDraw = True
44.8873 	EXP 	fade_in_text: autoDraw = True
44.9038 	EXP 	fade_in_text: autoDraw = True
44.9205 	EXP 	fade_in_text: autoDraw = True
44.9373 	EXP 	fade_in_text: autoDraw = True
44.9537 	EXP 	fade_in_text: autoDraw = True
44.9705 	EXP 	fade_in_text: autoDraw = True
44.9872 	EXP 	fade_in_text: autoDraw = True
45.0038 	EXP 	fade_in_text: autoDraw = True
45.0205 	EXP 	fade_in_text: autoDraw = True
45.0374 	EXP 	fade_in_text: autoDraw = True
45.0538 	EXP 	fade_in_text: autoDraw = True
45.0705 	EXP 	fade_in_text: autoDraw = True
45.0872 	EXP 	fade_in_text: autoDraw = True
45.1038 	EXP 	fade_in_text: autoDraw = True
45.1205 	EXP 	fade_in_text: autoDraw = True
45.1373 	EXP 	fade_in_text: autoDraw = True
45.1538 	EXP 	fade_in_text: autoDraw = True
45.1705 	EXP 	fade_in_text: autoDraw = True
45.1872 	EXP 	fade_in_text: autoDraw = True
45.2039 	EXP 	fade_in_text: autoDraw = True
45.2206 	EXP 	fade_in_text: autoDraw = True
45.2371 	EXP 	fade_in_text: autoDraw = True
45.2537 	EXP 	fade_in_text: autoDraw = True
45.2705 	EXP 	fade_in_text: autoDraw = True
45.2872 	EXP 	fade_in_text: autoDraw = True
45.3038 	EXP 	fade_in_text: autoDraw = True
45.3206 	EXP 	fade_in_text: autoDraw = True
45.3371 	EXP 	fade_in_text: autoDraw = True
45.3538 	EXP 	fade_in_text: autoDraw = True
45.3705 	EXP 	fade_in_text: autoDraw = True
45.3872 	EXP 	fade_in_text: autoDraw = True
45.4038 	EXP 	fade_in_text: autoDraw = True
45.4207 	EXP 	fade_in_text: autoDraw = True
45.4371 	EXP 	fade_in_text: autoDraw = True
45.4538 	EXP 	fade_in_text: autoDraw = True
45.4706 	EXP 	fade_in_text: autoDraw = True
45.4872 	EXP 	fade_in_text: autoDraw = True
45.5038 	EXP 	fade_in_text: autoDraw = True
45.5207 	EXP 	fade_in_text: autoDraw = True
45.5371 	EXP 	fade_in_text: autoDraw = True
45.5539 	EXP 	fade_in_text: autoDraw = True
45.5706 	EXP 	fade_in_text: autoDraw = True
45.5872 	EXP 	fade_in_text: autoDraw = True
45.6038 	EXP 	fade_in_text: autoDraw = True
45.6207 	EXP 	fade_in_text: autoDraw = True
45.6371 	EXP 	fade_in_text: autoDraw = True
45.6539 	EXP 	fade_in_text: autoDraw = True
45.6705 	EXP 	fade_in_text: autoDraw = True
45.6872 	EXP 	fade_in_text: autoDraw = True
45.7038 	EXP 	fade_in_text: autoDraw = True
45.7204 	EXP 	fade_in_text: autoDraw = True
45.7371 	EXP 	fade_in_text: autoDraw = True
45.7539 	EXP 	fade_in_text: autoDraw = True
45.7705 	EXP 	fade_in_text: autoDraw = True
45.7872 	EXP 	fade_in_text: autoDraw = True
45.8038 	EXP 	fade_in_text: autoDraw = True
45.8204 	EXP 	fade_in_text: autoDraw = True
45.8372 	EXP 	fade_in_text: autoDraw = True
45.8539 	EXP 	fade_in_text: autoDraw = True
45.8705 	EXP 	fade_in_text: autoDraw = True
45.8872 	EXP 	fade_in_text: autoDraw = True
45.9040 	EXP 	fade_in_text: autoDraw = True
45.9205 	EXP 	fade_in_text: autoDraw = True
45.9372 	EXP 	fade_in_text: autoDraw = True
45.9539 	EXP 	fade_in_text: autoDraw = True
45.9706 	EXP 	fade_in_text: autoDraw = True
45.9872 	EXP 	fade_in_text: autoDraw = True
46.0041 	EXP 	fade_in_text: autoDraw = True
46.0204 	EXP 	fade_in_text: autoDraw = True
46.0372 	EXP 	fade_in_text: autoDraw = True
46.0539 	EXP 	fade_in_text: autoDraw = True
46.0706 	EXP 	fade_in_text: autoDraw = True
46.0872 	EXP 	fade_in_text: autoDraw = True
46.1041 	EXP 	fade_in_text: autoDraw = True
46.1205 	EXP 	fade_in_text: autoDraw = True
46.1372 	EXP 	fade_in_text: autoDraw = True
46.1539 	EXP 	fade_in_text: autoDraw = True
46.1706 	EXP 	fade_in_text: autoDraw = True
46.1872 	EXP 	fade_in_text: autoDraw = True
46.2041 	EXP 	fade_in_text: autoDraw = True
46.2205 	EXP 	fade_in_text: autoDraw = True
46.2372 	EXP 	fade_in_text: autoDraw = True
46.2539 	EXP 	fade_in_text: autoDraw = True
46.2706 	EXP 	fade_in_text: autoDraw = True
46.2872 	EXP 	fade_in_text: autoDraw = True
46.3038 	EXP 	fade_in_text: autoDraw = True
46.3205 	EXP 	fade_in_text: autoDraw = True
46.3372 	EXP 	fade_in_text: autoDraw = True
46.3539 	EXP 	fade_in_text: autoDraw = True
46.3706 	EXP 	fade_in_text: autoDraw = True
46.3872 	EXP 	fade_in_text: autoDraw = True
46.4038 	EXP 	fade_in_text: autoDraw = True
46.4205 	EXP 	fade_in_text: autoDraw = True
46.4372 	EXP 	fade_in_text: autoDraw = True
46.4539 	EXP 	fade_in_text: autoDraw = True
46.4706 	EXP 	fade_in_text: autoDraw = True
46.4875 	EXP 	fade_in_text: autoDraw = True
46.5038 	EXP 	fade_in_text: autoDraw = True
46.5205 	EXP 	fade_in_text: autoDraw = True
46.5372 	EXP 	fade_in_text: autoDraw = True
46.5539 	EXP 	fade_in_text: autoDraw = True
46.5706 	EXP 	fade_in_text: autoDraw = True
46.5875 	EXP 	fade_in_text: autoDraw = True
46.6038 	EXP 	fade_in_text: autoDraw = True
46.6206 	EXP 	fade_in_text: autoDraw = True
46.6372 	EXP 	fade_in_text: autoDraw = True
46.6539 	EXP 	fade_in_text: autoDraw = True
46.6706 	EXP 	fade_in_text: autoDraw = True
46.6875 	EXP 	fade_in_text: autoDraw = True
46.7039 	EXP 	fade_in_text: autoDraw = True
46.7206 	EXP 	fade_in_text: autoDraw = True
46.7372 	EXP 	fade_in_text: autoDraw = True
46.7539 	EXP 	fade_in_text: autoDraw = True
46.7706 	EXP 	fade_in_text: autoDraw = True
46.7876 	EXP 	fade_in_text: autoDraw = True
46.8039 	EXP 	fade_in_text: autoDraw = True
46.8206 	EXP 	fade_in_text: autoDraw = True
46.8372 	EXP 	fade_in_text: autoDraw = True
46.8539 	EXP 	fade_in_text: autoDraw = True
46.8706 	EXP 	fade_in_text: autoDraw = True
46.8873 	EXP 	fade_in_text: autoDraw = True
46.9038 	EXP 	fade_in_text: autoDraw = True
46.9206 	EXP 	fade_in_text: autoDraw = True
46.9372 	EXP 	fade_in_text: autoDraw = True
46.9539 	EXP 	fade_in_text: autoDraw = True
46.9706 	EXP 	fade_in_text: autoDraw = True
46.9873 	EXP 	fade_in_text: autoDraw = True
47.0039 	EXP 	fade_in_text: autoDraw = True
47.0206 	EXP 	fade_in_text: autoDraw = True
47.0373 	EXP 	fade_in_text: autoDraw = True
47.0539 	EXP 	fade_in_text: autoDraw = True
47.0708 	EXP 	fade_in_text: autoDraw = True
47.0874 	EXP 	fade_in_text: autoDraw = True
47.1039 	EXP 	fade_in_text: autoDraw = True
47.1206 	EXP 	fade_in_text: autoDraw = True
47.1372 	EXP 	fade_in_text: autoDraw = True
47.1539 	EXP 	fade_in_text: autoDraw = True
47.1708 	EXP 	fade_in_text: autoDraw = True
47.1874 	EXP 	fade_in_text: autoDraw = True
47.2039 	EXP 	fade_in_text: autoDraw = True
47.2206 	EXP 	fade_in_text: autoDraw = True
47.2373 	EXP 	fade_in_text: autoDraw = True
47.2539 	EXP 	fade_in_text: autoDraw = True
47.2708 	EXP 	fade_in_text: autoDraw = True
47.2872 	EXP 	fade_in_text: autoDraw = True
47.3039 	EXP 	fade_in_text: autoDraw = True
47.3206 	EXP 	fade_in_text: autoDraw = True
47.3373 	EXP 	fade_in_text: autoDraw = True
47.3539 	EXP 	fade_in_text: autoDraw = True
47.3706 	EXP 	fade_in_text: autoDraw = True
47.3873 	EXP 	fade_in_text: autoDraw = True
47.4039 	EXP 	fade_in_text: autoDraw = True
47.4206 	EXP 	fade_in_text: autoDraw = True
47.4373 	EXP 	fade_in_text: autoDraw = True
47.4539 	EXP 	fade_in_text: autoDraw = True
47.4705 	EXP 	fade_in_text: autoDraw = True
47.4872 	EXP 	fade_in_text: autoDraw = True
47.5040 	EXP 	fade_in_text: autoDraw = True
47.5206 	EXP 	fade_in_text: autoDraw = True
47.5373 	EXP 	fade_in_text: autoDraw = True
47.5541 	EXP 	fade_in_text: autoDraw = True
47.5706 	EXP 	fade_in_text: autoDraw = True
47.5873 	EXP 	fade_in_text: autoDraw = True
47.6039 	EXP 	fade_in_text: autoDraw = True
47.6206 	EXP 	fade_in_text: autoDraw = True
47.6373 	EXP 	fade_in_text: autoDraw = True
47.6541 	EXP 	fade_in_text: autoDraw = True
47.6705 	EXP 	fade_in_text: autoDraw = True
47.6873 	EXP 	fade_in_text: autoDraw = True
47.7040 	EXP 	fade_in_text: autoDraw = True
47.7206 	EXP 	fade_in_text: autoDraw = True
47.7373 	EXP 	fade_in_text: autoDraw = True
47.7541 	EXP 	fade_in_text: autoDraw = True
47.7705 	EXP 	fade_in_text: autoDraw = True
47.7873 	EXP 	fade_in_text: autoDraw = True
47.8040 	EXP 	fade_in_text: autoDraw = True
47.8206 	EXP 	fade_in_text: autoDraw = True
47.8373 	EXP 	fade_in_text: autoDraw = True
47.8541 	EXP 	fade_in_text: autoDraw = True
47.8705 	EXP 	fade_in_text: autoDraw = True
47.8873 	EXP 	fade_in_text: autoDraw = True
47.9040 	EXP 	fade_in_text: autoDraw = True
47.9206 	EXP 	fade_in_text: autoDraw = True
47.9373 	EXP 	fade_in_text: autoDraw = True
47.9540 	EXP 	fade_in_text: autoDraw = True
47.9705 	EXP 	fade_in_text: autoDraw = True
47.9873 	EXP 	fade_in_text: autoDraw = True
48.0040 	EXP 	fade_in_text: autoDraw = True
48.0207 	EXP 	fade_in_text: autoDraw = True
48.0373 	EXP 	fade_in_text: autoDraw = True
48.0539 	EXP 	fade_in_text: autoDraw = True
48.0706 	EXP 	fade_in_text: autoDraw = True
48.0873 	EXP 	fade_in_text: autoDraw = True
48.1040 	EXP 	fade_in_text: autoDraw = True
48.1206 	EXP 	fade_in_text: autoDraw = True
48.1373 	EXP 	fade_in_text: autoDraw = True
48.1539 	EXP 	fade_in_text: autoDraw = True
48.1706 	EXP 	fade_in_text: autoDraw = True
48.1873 	EXP 	fade_in_text: autoDraw = True
48.2040 	EXP 	fade_in_text: autoDraw = True
48.2206 	EXP 	fade_in_text: autoDraw = True
48.2375 	EXP 	fade_in_text: autoDraw = True
48.2539 	EXP 	fade_in_text: autoDraw = True
48.2706 	EXP 	fade_in_text: autoDraw = True
48.2873 	EXP 	fade_in_text: autoDraw = True
48.3040 	EXP 	fade_in_text: autoDraw = True
48.3206 	EXP 	fade_in_text: autoDraw = True
48.3375 	EXP 	fade_in_text: autoDraw = True
48.3539 	EXP 	fade_in_text: autoDraw = True
48.3707 	EXP 	fade_in_text: autoDraw = True
48.3873 	EXP 	fade_in_text: autoDraw = True
48.4040 	EXP 	fade_in_text: autoDraw = True
48.4207 	EXP 	fade_in_text: autoDraw = True
48.4376 	EXP 	fade_in_text: autoDraw = True
48.4541 	EXP 	fade_in_text: autoDraw = True
48.4707 	EXP 	fade_in_text: autoDraw = True
48.4873 	EXP 	fade_in_text: autoDraw = True
48.5040 	EXP 	fade_in_text: autoDraw = True
48.5207 	EXP 	fade_in_text: autoDraw = True
48.5374 	EXP 	fade_in_text: autoDraw = True
48.5539 	EXP 	fade_in_text: autoDraw = True
48.5707 	EXP 	fade_in_text: autoDraw = True
48.5873 	EXP 	fade_in_text: autoDraw = True
48.6040 	EXP 	fade_in_text: autoDraw = True
48.6207 	EXP 	fade_in_text: autoDraw = True
48.6372 	EXP 	fade_in_text: autoDraw = True
48.6539 	EXP 	fade_in_text: autoDraw = True
48.6707 	EXP 	fade_in_text: autoDraw = True
48.6873 	EXP 	fade_in_text: autoDraw = True
48.7040 	EXP 	fade_in_text: autoDraw = True
48.7207 	EXP 	fade_in_text: autoDraw = True
48.7372 	EXP 	fade_in_text: autoDraw = True
48.7540 	EXP 	fade_in_text: autoDraw = True
48.7707 	EXP 	fade_in_text: autoDraw = True
48.7874 	EXP 	fade_in_text: autoDraw = True
48.8040 	EXP 	fade_in_text: autoDraw = True
48.8209 	EXP 	fade_in_text: autoDraw = True
48.8373 	EXP 	fade_in_text: autoDraw = True
48.8540 	EXP 	fade_in_text: autoDraw = True
48.8707 	EXP 	fade_in_text: autoDraw = True
48.8873 	EXP 	fade_in_text: autoDraw = True
48.9040 	EXP 	fade_in_text: autoDraw = True
48.9209 	EXP 	fade_in_text: autoDraw = True
48.9373 	EXP 	fade_in_text: autoDraw = True
48.9540 	EXP 	fade_in_text: autoDraw = True
48.9707 	EXP 	fade_in_text: autoDraw = True
48.9876 	EXP 	fade_in_text: autoDraw = True
49.0040 	EXP 	fade_in_text: autoDraw = True
49.0208 	EXP 	fade_in_text: autoDraw = True
49.0373 	EXP 	fade_in_text: autoDraw = True
49.0540 	EXP 	fade_in_text: autoDraw = True
49.0707 	EXP 	fade_in_text: autoDraw = True
49.0874 	EXP 	fade_in_text: autoDraw = True
49.1040 	EXP 	fade_in_text: autoDraw = True
49.1208 	EXP 	fade_in_text: autoDraw = True
49.1373 	EXP 	fade_in_text: autoDraw = True
49.1540 	EXP 	fade_in_text: autoDraw = True
49.1707 	EXP 	fade_in_text: autoDraw = True
49.1874 	EXP 	fade_in_text: autoDraw = True
49.2040 	EXP 	fade_in_text: autoDraw = True
49.2206 	EXP 	fade_in_text: autoDraw = True
49.2373 	EXP 	fade_in_text: autoDraw = True
49.2540 	EXP 	fade_in_text: autoDraw = True
49.2707 	EXP 	fade_in_text: autoDraw = True
49.2874 	EXP 	fade_in_text: autoDraw = True
49.3040 	EXP 	fade_in_text: autoDraw = True
49.3206 	EXP 	fade_in_text: autoDraw = True
49.3374 	EXP 	fade_in_text: autoDraw = True
49.3541 	EXP 	fade_in_text: autoDraw = True
49.3707 	EXP 	fade_in_text: autoDraw = True
49.3875 	EXP 	fade_in_text: autoDraw = True
49.4042 	EXP 	fade_in_text: autoDraw = True
49.4206 	EXP 	fade_in_text: autoDraw = True
49.4374 	EXP 	fade_in_text: autoDraw = True
49.4540 	EXP 	fade_in_text: autoDraw = True
49.4707 	EXP 	fade_in_text: autoDraw = True
49.4874 	EXP 	fade_in_text: autoDraw = True
49.5042 	EXP 	fade_in_text: autoDraw = True
49.5206 	EXP 	fade_in_text: autoDraw = True
49.5374 	EXP 	fade_in_text: autoDraw = True
49.5540 	EXP 	fade_in_text: autoDraw = True
49.5707 	EXP 	fade_in_text: autoDraw = True
49.5874 	EXP 	fade_in_text: autoDraw = True
49.6042 	EXP 	fade_in_text: autoDraw = True
49.6207 	EXP 	fade_in_text: autoDraw = True
49.6374 	EXP 	fade_in_text: autoDraw = True
49.6541 	EXP 	fade_in_text: autoDraw = True
49.6707 	EXP 	fade_in_text: autoDraw = True
49.6874 	EXP 	fade_in_text: autoDraw = True
49.7043 	EXP 	fade_in_text: autoDraw = True
49.7207 	EXP 	fade_in_text: autoDraw = True
49.7374 	EXP 	fade_in_text: autoDraw = True
49.7541 	EXP 	fade_in_text: autoDraw = True
49.7707 	EXP 	fade_in_text: autoDraw = True
49.7875 	EXP 	fade_in_text: autoDraw = True
49.8041 	EXP 	fade_in_text: autoDraw = True
49.8207 	EXP 	fade_in_text: autoDraw = True
49.8374 	EXP 	fade_in_text: autoDraw = True
49.8541 	EXP 	fade_in_text: autoDraw = True
49.8707 	EXP 	fade_in_text: autoDraw = True
49.8876 	EXP 	fade_in_text: autoDraw = True
49.9041 	EXP 	fade_in_text: autoDraw = True
49.9207 	EXP 	fade_in_text: autoDraw = True
49.9374 	EXP 	fade_in_text: autoDraw = True
49.9541 	EXP 	fade_in_text: autoDraw = True
49.9708 	EXP 	fade_in_text: autoDraw = True
49.9876 	EXP 	fade_in_text: autoDraw = True
50.0042 	EXP 	fade_in_text: autoDraw = True
50.0207 	EXP 	fade_in_text: autoDraw = True
50.0374 	EXP 	fade_in_text: autoDraw = True
50.0541 	EXP 	fade_in_text: autoDraw = True
50.0708 	EXP 	fade_in_text: autoDraw = True
50.0877 	EXP 	fade_in_text: autoDraw = True
50.1042 	EXP 	fade_in_text: autoDraw = True
50.1207 	EXP 	fade_in_text: autoDraw = True
50.1374 	EXP 	fade_in_text: autoDraw = True
50.1541 	EXP 	fade_in_text: autoDraw = True
50.1707 	EXP 	fade_in_text: autoDraw = True
50.1876 	EXP 	fade_in_text: autoDraw = True
50.2041 	EXP 	fade_in_text: autoDraw = True
50.2207 	EXP 	fade_in_text: autoDraw = True
50.2374 	EXP 	fade_in_text: autoDraw = True
50.2541 	EXP 	fade_in_text: autoDraw = True
50.2708 	EXP 	fade_in_text: autoDraw = True
50.2874 	EXP 	fade_in_text: autoDraw = True
50.3040 	EXP 	fade_in_text: autoDraw = True
50.3208 	EXP 	fade_in_text: autoDraw = True
50.3375 	EXP 	fade_in_text: autoDraw = True
50.3541 	EXP 	fade_in_text: autoDraw = True
50.3708 	EXP 	fade_in_text: autoDraw = True
50.3874 	EXP 	fade_in_text: autoDraw = True
50.4041 	EXP 	fade_in_text: autoDraw = True
50.4208 	EXP 	fade_in_text: autoDraw = True
50.4374 	EXP 	fade_in_text: autoDraw = True
50.4541 	EXP 	fade_in_text: autoDraw = True
50.4710 	EXP 	fade_in_text: autoDraw = True
50.4874 	EXP 	fade_in_text: autoDraw = True
50.5041 	EXP 	fade_in_text: autoDraw = True
50.5208 	EXP 	fade_in_text: autoDraw = True
50.5374 	EXP 	fade_in_text: autoDraw = True
50.5541 	EXP 	fade_in_text: autoDraw = True
50.5710 	EXP 	fade_in_text: autoDraw = True
50.5874 	EXP 	fade_in_text: autoDraw = True
50.6041 	EXP 	fade_in_text: autoDraw = True
50.6208 	EXP 	fade_in_text: autoDraw = True
50.6374 	EXP 	fade_in_text: autoDraw = True
50.6541 	EXP 	fade_in_text: autoDraw = True
50.6710 	EXP 	fade_in_text: autoDraw = True
50.6874 	EXP 	fade_in_text: autoDraw = True
50.7041 	EXP 	fade_in_text: autoDraw = True
50.7208 	EXP 	fade_in_text: autoDraw = True
50.7374 	EXP 	fade_in_text: autoDraw = True
50.7541 	EXP 	fade_in_text: autoDraw = True
50.7709 	EXP 	fade_in_text: autoDraw = True
50.7874 	EXP 	fade_in_text: autoDraw = True
50.8041 	EXP 	fade_in_text: autoDraw = True
50.8208 	EXP 	fade_in_text: autoDraw = True
50.8374 	EXP 	fade_in_text: autoDraw = True
50.8541 	EXP 	fade_in_text: autoDraw = True
50.8707 	EXP 	fade_in_text: autoDraw = True
50.8874 	EXP 	fade_in_text: autoDraw = True
50.9041 	EXP 	fade_in_text: autoDraw = True
50.9208 	EXP 	fade_in_text: autoDraw = True
50.9375 	EXP 	fade_in_text: autoDraw = True
50.9543 	EXP 	fade_in_text: autoDraw = True
50.9707 	EXP 	fade_in_text: autoDraw = True
50.9875 	EXP 	fade_in_text: autoDraw = True
51.0041 	EXP 	fade_in_text: autoDraw = True
51.0208 	EXP 	fade_in_text: autoDraw = True
51.0375 	EXP 	fade_in_text: autoDraw = True
51.0543 	EXP 	fade_in_text: autoDraw = True
51.0707 	EXP 	fade_in_text: autoDraw = True
51.0875 	EXP 	fade_in_text: autoDraw = True
51.1041 	EXP 	fade_in_text: autoDraw = True
51.1208 	EXP 	fade_in_text: autoDraw = True
51.1375 	EXP 	fade_in_text: autoDraw = True
51.1543 	EXP 	fade_in_text: autoDraw = True
51.1707 	EXP 	fade_in_text: autoDraw = True
51.1875 	EXP 	fade_in_text: autoDraw = True
51.2041 	EXP 	fade_in_text: autoDraw = True
51.2208 	EXP 	fade_in_text: autoDraw = True
51.2375 	EXP 	fade_in_text: autoDraw = True
51.2543 	EXP 	fade_in_text: autoDraw = True
51.2707 	EXP 	fade_in_text: autoDraw = True
51.2875 	EXP 	fade_in_text: autoDraw = True
51.3041 	EXP 	fade_in_text: autoDraw = True
51.3208 	EXP 	fade_in_text: autoDraw = True
51.3375 	EXP 	fade_in_text: autoDraw = True
51.3541 	EXP 	fade_in_text: autoDraw = True
51.3707 	EXP 	fade_in_text: autoDraw = True
51.3875 	EXP 	fade_in_text: autoDraw = True
51.4042 	EXP 	fade_in_text: autoDraw = True
51.4208 	EXP 	fade_in_text: autoDraw = True
51.4375 	EXP 	fade_in_text: autoDraw = True
51.4541 	EXP 	fade_in_text: autoDraw = True
51.4708 	EXP 	fade_in_text: autoDraw = True
51.4875 	EXP 	fade_in_text: autoDraw = True
51.5042 	EXP 	fade_in_text: autoDraw = True
51.5208 	EXP 	fade_in_text: autoDraw = True
51.5377 	EXP 	fade_in_text: autoDraw = True
51.5541 	EXP 	fade_in_text: autoDraw = True
51.5708 	EXP 	fade_in_text: autoDraw = True
51.5875 	EXP 	fade_in_text: autoDraw = True
51.6042 	EXP 	fade_in_text: autoDraw = True
51.6208 	EXP 	fade_in_text: autoDraw = True
51.6377 	EXP 	fade_in_text: autoDraw = True
51.6541 	EXP 	fade_in_text: autoDraw = True
51.6708 	EXP 	fade_in_text: autoDraw = True
51.6875 	EXP 	fade_in_text: autoDraw = True
51.7042 	EXP 	fade_in_text: autoDraw = True
51.7209 	EXP 	fade_in_text: autoDraw = True
51.7377 	EXP 	fade_in_text: autoDraw = True
51.7541 	EXP 	fade_in_text: autoDraw = True
51.7708 	EXP 	fade_in_text: autoDraw = True
51.7875 	EXP 	fade_in_text: autoDraw = True
51.8042 	EXP 	fade_in_text: autoDraw = True
51.8208 	EXP 	fade_in_text: autoDraw = True
51.8376 	EXP 	fade_in_text: autoDraw = True
51.8541 	EXP 	fade_in_text: autoDraw = True
51.8708 	EXP 	fade_in_text: autoDraw = True
51.8875 	EXP 	fade_in_text: autoDraw = True
51.9042 	EXP 	fade_in_text: autoDraw = True
51.9208 	EXP 	fade_in_text: autoDraw = True
51.9374 	EXP 	fade_in_text: autoDraw = True
51.9541 	EXP 	fade_in_text: autoDraw = True
51.9708 	EXP 	fade_in_text: autoDraw = True
51.9875 	EXP 	fade_in_text: autoDraw = True
52.0042 	EXP 	fade_in_text: autoDraw = True
52.0208 	EXP 	fade_in_text: autoDraw = True
52.0374 	EXP 	fade_in_text: autoDraw = True
52.0542 	EXP 	fade_in_text: autoDraw = True
52.0710 	EXP 	fade_in_text: autoDraw = True
52.0875 	EXP 	fade_in_text: autoDraw = True
52.1042 	EXP 	fade_in_text: autoDraw = True
52.1210 	EXP 	fade_in_text: autoDraw = True
52.1374 	EXP 	fade_in_text: autoDraw = True
52.1542 	EXP 	fade_in_text: autoDraw = True
52.1709 	EXP 	fade_in_text: autoDraw = True
52.1875 	EXP 	fade_in_text: autoDraw = True
52.2042 	EXP 	fade_in_text: autoDraw = True
52.2210 	EXP 	fade_in_text: autoDraw = True
52.2374 	EXP 	fade_in_text: autoDraw = True
52.2542 	EXP 	fade_in_text: autoDraw = True
52.2710 	EXP 	fade_in_text: autoDraw = True
52.2875 	EXP 	fade_in_text: autoDraw = True
52.3042 	EXP 	fade_in_text: autoDraw = True
52.3211 	EXP 	fade_in_text: autoDraw = True
52.3375 	EXP 	fade_in_text: autoDraw = True
52.3542 	EXP 	fade_in_text: autoDraw = True
52.3709 	EXP 	fade_in_text: autoDraw = True
52.3875 	EXP 	fade_in_text: autoDraw = True
52.4042 	EXP 	fade_in_text: autoDraw = True
52.4209 	EXP 	fade_in_text: autoDraw = True
52.4374 	EXP 	fade_in_text: autoDraw = True
52.4542 	EXP 	fade_in_text: autoDraw = True
52.4709 	EXP 	fade_in_text: autoDraw = True
52.4875 	EXP 	fade_in_text: autoDraw = True
52.5042 	EXP 	fade_in_text: autoDraw = True
52.5209 	EXP 	fade_in_text: autoDraw = True
52.5375 	EXP 	fade_in_text: autoDraw = True
52.5542 	EXP 	fade_in_text: autoDraw = True
52.5709 	EXP 	fade_in_text: autoDraw = True
52.5875 	EXP 	fade_in_text: autoDraw = True
52.6044 	EXP 	fade_in_text: autoDraw = True
52.6209 	EXP 	fade_in_text: autoDraw = True
52.6375 	EXP 	fade_in_text: autoDraw = True
52.6542 	EXP 	fade_in_text: autoDraw = True
52.6709 	EXP 	fade_in_text: autoDraw = True
52.6877 	EXP 	fade_in_text: autoDraw = True
52.7045 	EXP 	fade_in_text: autoDraw = True
52.7209 	EXP 	fade_in_text: autoDraw = True
52.7376 	EXP 	fade_in_text: autoDraw = True
52.7542 	EXP 	fade_in_text: autoDraw = True
52.7709 	EXP 	fade_in_text: autoDraw = True
52.7875 	EXP 	fade_in_text: autoDraw = True
52.8044 	EXP 	fade_in_text: autoDraw = True
52.8209 	EXP 	fade_in_text: autoDraw = True
52.8375 	EXP 	fade_in_text: autoDraw = True
52.8542 	EXP 	fade_in_text: autoDraw = True
52.8709 	EXP 	fade_in_text: autoDraw = True
52.8876 	EXP 	fade_in_text: autoDraw = True
52.9044 	EXP 	fade_in_text: autoDraw = True
52.9210 	EXP 	fade_in_text: autoDraw = True
52.9376 	EXP 	fade_in_text: autoDraw = True
52.9542 	EXP 	fade_in_text: autoDraw = True
52.9709 	EXP 	fade_in_text: autoDraw = True
52.9876 	EXP 	fade_in_text: autoDraw = True
53.0041 	EXP 	fade_in_text: autoDraw = True
53.0210 	EXP 	fade_in_text: autoDraw = True
53.0376 	EXP 	fade_in_text: autoDraw = True
53.0542 	EXP 	fade_in_text: autoDraw = True
53.0709 	EXP 	fade_in_text: autoDraw = True
53.0879 	EXP 	fade_in_text: autoDraw = True
53.1042 	EXP 	fade_in_text: autoDraw = True
53.1209 	EXP 	fade_in_text: autoDraw = True
53.1376 	EXP 	fade_in_text: autoDraw = True
53.1542 	EXP 	fade_in_text: autoDraw = True
53.1709 	EXP 	fade_in_text: autoDraw = True
53.1879 	EXP 	fade_in_text: autoDraw = True
53.2042 	EXP 	fade_in_text: autoDraw = True
53.2209 	EXP 	fade_in_text: autoDraw = True
53.2376 	EXP 	fade_in_text: autoDraw = True
53.2542 	EXP 	fade_in_text: autoDraw = True
53.2709 	EXP 	fade_in_text: autoDraw = True
53.2879 	EXP 	fade_in_text: autoDraw = True
53.3042 	EXP 	fade_in_text: autoDraw = True
53.3209 	EXP 	fade_in_text: autoDraw = True
53.3376 	EXP 	fade_in_text: autoDraw = True
53.3542 	EXP 	fade_in_text: autoDraw = True
53.3709 	EXP 	fade_in_text: autoDraw = True
53.3877 	EXP 	fade_in_text: autoDraw = True
53.4042 	EXP 	fade_in_text: autoDraw = True
53.4209 	EXP 	fade_in_text: autoDraw = True
53.4376 	EXP 	fade_in_text: autoDraw = True
53.4543 	EXP 	fade_in_text: autoDraw = True
53.4709 	EXP 	fade_in_text: autoDraw = True
53.4875 	EXP 	fade_in_text: autoDraw = True
53.5042 	EXP 	fade_in_text: autoDraw = True
53.5209 	EXP 	fade_in_text: autoDraw = True
53.5376 	EXP 	fade_in_text: autoDraw = True
53.5543 	EXP 	fade_in_text: autoDraw = True
53.5709 	EXP 	fade_in_text: autoDraw = True
53.5875 	EXP 	fade_in_text: autoDraw = True
53.6042 	EXP 	fade_in_text: autoDraw = True
53.6209 	EXP 	fade_in_text: autoDraw = True
53.6376 	EXP 	fade_in_text: autoDraw = True
53.6542 	EXP 	fade_in_text: autoDraw = True
53.6712 	EXP 	fade_in_text: autoDraw = True
53.6875 	EXP 	fade_in_text: autoDraw = True
53.7043 	EXP 	fade_in_text: autoDraw = True
53.7210 	EXP 	fade_in_text: autoDraw = True
53.7376 	EXP 	fade_in_text: autoDraw = True
53.7543 	EXP 	fade_in_text: autoDraw = True
53.7711 	EXP 	fade_in_text: autoDraw = True
53.7875 	EXP 	fade_in_text: autoDraw = True
53.8043 	EXP 	fade_in_text: autoDraw = True
53.8209 	EXP 	fade_in_text: autoDraw = True
53.8377 	EXP 	fade_in_text: autoDraw = True
53.8543 	EXP 	fade_in_text: autoDraw = True
53.8711 	EXP 	fade_in_text: autoDraw = True
53.8875 	EXP 	fade_in_text: autoDraw = True
53.9043 	EXP 	fade_in_text: autoDraw = True
53.9210 	EXP 	fade_in_text: autoDraw = True
53.9376 	EXP 	fade_in_text: autoDraw = True
53.9543 	EXP 	fade_in_text: autoDraw = True
53.9711 	EXP 	fade_in_text: autoDraw = True
53.9875 	EXP 	fade_in_text: autoDraw = True
54.0043 	EXP 	fade_in_text: autoDraw = True
54.0210 	EXP 	fade_in_text: autoDraw = True
54.0376 	EXP 	fade_in_text: autoDraw = True
54.0543 	EXP 	fade_in_text: autoDraw = True
54.0709 	EXP 	fade_in_text: autoDraw = True
54.0876 	EXP 	fade_in_text: autoDraw = True
54.1043 	EXP 	fade_in_text: autoDraw = True
54.1210 	EXP 	fade_in_text: autoDraw = True
54.1376 	EXP 	fade_in_text: autoDraw = True
54.1543 	EXP 	fade_in_text: autoDraw = True
54.1709 	EXP 	fade_in_text: autoDraw = True
54.1875 	EXP 	fade_in_text: autoDraw = True
54.2043 	EXP 	fade_in_text: autoDraw = True
54.2210 	EXP 	fade_in_text: autoDraw = True
54.2376 	EXP 	fade_in_text: autoDraw = True
54.2548 	EXP 	fade_in_text: autoDraw = True
54.2709 	EXP 	fade_in_text: autoDraw = True
54.2877 	EXP 	fade_in_text: autoDraw = True
54.3043 	EXP 	fade_in_text: autoDraw = True
54.3210 	EXP 	fade_in_text: autoDraw = True
54.3376 	EXP 	fade_in_text: autoDraw = True
54.3545 	EXP 	fade_in_text: autoDraw = True
54.3709 	EXP 	fade_in_text: autoDraw = True
54.3878 	EXP 	fade_in_text: autoDraw = True
54.4043 	EXP 	fade_in_text: autoDraw = True
54.4210 	EXP 	fade_in_text: autoDraw = True
54.4376 	EXP 	fade_in_text: autoDraw = True
54.4546 	EXP 	fade_in_text: autoDraw = True
54.4709 	EXP 	fade_in_text: autoDraw = True
54.4876 	EXP 	fade_in_text: autoDraw = True
54.5043 	EXP 	fade_in_text: autoDraw = True
54.5210 	EXP 	fade_in_text: autoDraw = True
54.5376 	EXP 	fade_in_text: autoDraw = True
54.5544 	EXP 	fade_in_text: autoDraw = True
54.5709 	EXP 	fade_in_text: autoDraw = True
54.5878 	EXP 	fade_in_text: autoDraw = True
54.6043 	EXP 	fade_in_text: autoDraw = True
54.6210 	EXP 	fade_in_text: autoDraw = True
54.6377 	EXP 	fade_in_text: autoDraw = True
54.6542 	EXP 	fade_in_text: autoDraw = True
54.6709 	EXP 	fade_in_text: autoDraw = True
54.6878 	EXP 	fade_in_text: autoDraw = True
54.7043 	EXP 	fade_in_text: autoDraw = True
54.7210 	EXP 	fade_in_text: autoDraw = True
54.7377 	EXP 	fade_in_text: autoDraw = True
54.7542 	EXP 	fade_in_text: autoDraw = True
54.7709 	EXP 	fade_in_text: autoDraw = True
54.7878 	EXP 	fade_in_text: autoDraw = True
54.8044 	EXP 	fade_in_text: autoDraw = True
54.8210 	EXP 	fade_in_text: autoDraw = True
54.8378 	EXP 	fade_in_text: autoDraw = True
54.8542 	EXP 	fade_in_text: autoDraw = True
54.8710 	EXP 	fade_in_text: autoDraw = True
54.8877 	EXP 	fade_in_text: autoDraw = True
54.9044 	EXP 	fade_in_text: autoDraw = True
54.9210 	EXP 	fade_in_text: autoDraw = True
54.9379 	EXP 	fade_in_text: autoDraw = True
54.9542 	EXP 	fade_in_text: autoDraw = True
54.9710 	EXP 	fade_in_text: autoDraw = True
54.9877 	EXP 	fade_in_text: autoDraw = True
55.0043 	EXP 	fade_in_text: autoDraw = True
55.0210 	EXP 	fade_in_text: autoDraw = True
55.0379 	EXP 	fade_in_text: autoDraw = True
55.0543 	EXP 	fade_in_text: autoDraw = True
55.0710 	EXP 	fade_in_text: autoDraw = True
55.0877 	EXP 	fade_in_text: autoDraw = True
55.1043 	EXP 	fade_in_text: autoDraw = True
55.1210 	EXP 	fade_in_text: autoDraw = True
55.1379 	EXP 	fade_in_text: autoDraw = True
55.1543 	EXP 	fade_in_text: autoDraw = True
55.1710 	EXP 	fade_in_text: autoDraw = True
55.1877 	EXP 	fade_in_text: autoDraw = True
55.2043 	EXP 	fade_in_text: autoDraw = True
55.2210 	EXP 	fade_in_text: autoDraw = True
55.2377 	EXP 	fade_in_text: autoDraw = True
55.2543 	EXP 	fade_in_text: autoDraw = True
55.2710 	EXP 	fade_in_text: autoDraw = True
55.2877 	EXP 	fade_in_text: autoDraw = True
55.3043 	EXP 	fade_in_text: autoDraw = True
55.3210 	EXP 	fade_in_text: autoDraw = True
55.3377 	EXP 	fade_in_text: autoDraw = True
55.3543 	EXP 	fade_in_text: autoDraw = True
55.3710 	EXP 	fade_in_text: autoDraw = True
55.3877 	EXP 	fade_in_text: autoDraw = True
55.4044 	EXP 	fade_in_text: autoDraw = True
55.4213 	EXP 	fade_in_text: autoDraw = True
55.4377 	EXP 	fade_in_text: autoDraw = True
55.4544 	EXP 	fade_in_text: autoDraw = True
55.4710 	EXP 	fade_in_text: autoDraw = True
55.4877 	EXP 	fade_in_text: autoDraw = True
55.5044 	EXP 	fade_in_text: autoDraw = True
55.5213 	EXP 	fade_in_text: autoDraw = True
55.5377 	EXP 	fade_in_text: autoDraw = True
55.5543 	EXP 	fade_in_text: autoDraw = True
55.5710 	EXP 	fade_in_text: autoDraw = True
55.5877 	EXP 	fade_in_text: autoDraw = True
55.6044 	EXP 	fade_in_text: autoDraw = True
55.6212 	EXP 	fade_in_text: autoDraw = True
55.6377 	EXP 	fade_in_text: autoDraw = True
55.6544 	EXP 	fade_in_text: autoDraw = True
55.6710 	EXP 	fade_in_text: autoDraw = True
55.6877 	EXP 	fade_in_text: autoDraw = True
55.7044 	EXP 	fade_in_text: autoDraw = True
55.7212 	EXP 	fade_in_text: autoDraw = True
55.7377 	EXP 	fade_in_text: autoDraw = True
55.7544 	EXP 	fade_in_text: autoDraw = True
55.7710 	EXP 	fade_in_text: autoDraw = True
55.7877 	EXP 	fade_in_text: autoDraw = True
55.8044 	EXP 	fade_in_text: autoDraw = True
55.8210 	EXP 	fade_in_text: autoDraw = True
55.8378 	EXP 	fade_in_text: autoDraw = True
55.8544 	EXP 	fade_in_text: autoDraw = True
55.8711 	EXP 	fade_in_text: autoDraw = True
55.8877 	EXP 	fade_in_text: autoDraw = True
55.9044 	EXP 	fade_in_text: autoDraw = True
55.9210 	EXP 	fade_in_text: autoDraw = True
55.9378 	EXP 	fade_in_text: autoDraw = True
55.9544 	EXP 	fade_in_text: autoDraw = True
55.9711 	EXP 	fade_in_text: autoDraw = True
55.9877 	EXP 	fade_in_text: autoDraw = True
56.0045 	EXP 	fade_in_text: autoDraw = True
56.0210 	EXP 	fade_in_text: autoDraw = True
56.0378 	EXP 	fade_in_text: autoDraw = True
56.0544 	EXP 	fade_in_text: autoDraw = True
56.0711 	EXP 	fade_in_text: autoDraw = True
56.0877 	EXP 	fade_in_text: autoDraw = True
56.1046 	EXP 	fade_in_text: autoDraw = True
56.1210 	EXP 	fade_in_text: autoDraw = True
56.1377 	EXP 	fade_in_text: autoDraw = True
56.1544 	EXP 	fade_in_text: autoDraw = True
56.1711 	EXP 	fade_in_text: autoDraw = True
56.1877 	EXP 	fade_in_text: autoDraw = True
56.2046 	EXP 	fade_in_text: autoDraw = True
56.2211 	EXP 	fade_in_text: autoDraw = True
56.2377 	EXP 	fade_in_text: autoDraw = True
56.2544 	EXP 	fade_in_text: autoDraw = True
56.2711 	EXP 	fade_in_text: autoDraw = True
56.2877 	EXP 	fade_in_text: autoDraw = True
56.3046 	EXP 	fade_in_text: autoDraw = True
56.3211 	EXP 	fade_in_text: autoDraw = True
56.3378 	EXP 	fade_in_text: autoDraw = True
56.3544 	EXP 	fade_in_text: autoDraw = True
56.3711 	EXP 	fade_in_text: autoDraw = True
56.3877 	EXP 	fade_in_text: autoDraw = True
56.4043 	EXP 	fade_in_text: autoDraw = True
56.4210 	EXP 	fade_in_text: autoDraw = True
56.4378 	EXP 	fade_in_text: autoDraw = True
56.4545 	EXP 	fade_in_text: autoDraw = True
56.4711 	EXP 	fade_in_text: autoDraw = True
56.4877 	EXP 	fade_in_text: autoDraw = True
56.5043 	EXP 	fade_in_text: autoDraw = True
56.5211 	EXP 	fade_in_text: autoDraw = True
56.5378 	EXP 	fade_in_text: autoDraw = True
56.5544 	EXP 	fade_in_text: autoDraw = True
56.5711 	EXP 	fade_in_text: autoDraw = True
56.5879 	EXP 	fade_in_text: autoDraw = True
56.6043 	EXP 	fade_in_text: autoDraw = True
56.6211 	EXP 	fade_in_text: autoDraw = True
56.6378 	EXP 	fade_in_text: autoDraw = True
56.6545 	EXP 	fade_in_text: autoDraw = True
56.6711 	EXP 	fade_in_text: autoDraw = True
56.6879 	EXP 	fade_in_text: autoDraw = True
56.7044 	EXP 	fade_in_text: autoDraw = True
56.7211 	EXP 	fade_in_text: autoDraw = True
56.7378 	EXP 	fade_in_text: autoDraw = True
56.7545 	EXP 	fade_in_text: autoDraw = True
56.7711 	EXP 	fade_in_text: autoDraw = True
56.7879 	EXP 	fade_in_text: autoDraw = True
56.8043 	EXP 	fade_in_text: autoDraw = True
56.8211 	EXP 	fade_in_text: autoDraw = True
56.8378 	EXP 	fade_in_text: autoDraw = True
56.8544 	EXP 	fade_in_text: autoDraw = True
56.8711 	EXP 	fade_in_text: autoDraw = True
56.8877 	EXP 	fade_in_text: autoDraw = True
56.9043 	EXP 	fade_in_text: autoDraw = True
56.9211 	EXP 	fade_in_text: autoDraw = True
56.9378 	EXP 	fade_in_text: autoDraw = True
56.9544 	EXP 	fade_in_text: autoDraw = True
56.9711 	EXP 	fade_in_text: autoDraw = True
56.9877 	EXP 	fade_in_text: autoDraw = True
57.0044 	EXP 	fade_in_text: autoDraw = True
57.0211 	EXP 	fade_in_text: autoDraw = True
57.0378 	EXP 	fade_in_text: autoDraw = True
57.0545 	EXP 	fade_in_text: autoDraw = True
57.0712 	EXP 	fade_in_text: autoDraw = True
57.0877 	EXP 	fade_in_text: autoDraw = True
57.1044 	EXP 	fade_in_text: autoDraw = True
57.1211 	EXP 	fade_in_text: autoDraw = True
57.1378 	EXP 	fade_in_text: autoDraw = True
57.1545 	EXP 	fade_in_text: autoDraw = True
57.1713 	EXP 	fade_in_text: autoDraw = True
57.1877 	EXP 	fade_in_text: autoDraw = True
57.2045 	EXP 	fade_in_text: autoDraw = True
57.2211 	EXP 	fade_in_text: autoDraw = True
57.2378 	EXP 	fade_in_text: autoDraw = True
57.2545 	EXP 	fade_in_text: autoDraw = True
57.2714 	EXP 	fade_in_text: autoDraw = True
57.2877 	EXP 	fade_in_text: autoDraw = True
57.3044 	EXP 	fade_in_text: autoDraw = True
57.3211 	EXP 	fade_in_text: autoDraw = True
57.3378 	EXP 	fade_in_text: autoDraw = True
57.3545 	EXP 	fade_in_text: autoDraw = True
57.3713 	EXP 	fade_in_text: autoDraw = True
57.3877 	EXP 	fade_in_text: autoDraw = True
57.4045 	EXP 	fade_in_text: autoDraw = True
57.4211 	EXP 	fade_in_text: autoDraw = True
57.4378 	EXP 	fade_in_text: autoDraw = True
57.4545 	EXP 	fade_in_text: autoDraw = True
57.4710 	EXP 	fade_in_text: autoDraw = True
57.4877 	EXP 	fade_in_text: autoDraw = True
57.5045 	EXP 	fade_in_text: autoDraw = True
57.5211 	EXP 	fade_in_text: autoDraw = True
61.5998 	EXP 	window1: mouseVisible = True
