26.8977 	EXP 	Created instruction_text = TextStim(__class__=<class 'psychopy.visual.text.TextStim'>, alignHoriz='center', alignVert='center', antialias=True, autoLog=True, bold=False, color=array([1., 1., 1.]), colorSpace='rgb', contrast=1.0, depth=-0.0, flipHoriz=False, flipVert=False, font='Arial', fontFiles=[], height=0.06, italic=False, languageStyle='LTR', name='instruction_text', opacity=1.0, ori=0.0, pos=array([0.5, 0.1]), rgb=array([1., 1., 1.]), text=str(...), units='norm', win=Window(...), wrapWidth=1)
27.1597 	EXP 	Created instruction_cont = TextStim(__class__=<class 'psychopy.visual.text.TextStim'>, alignHoriz='center', alignVert='center', antialias=True, autoLog=True, bold=False, color=array([1., 1., 1.]), colorSpace='rgb', contrast=1.0, depth=-3.0, flipHoriz=False, flipVert=False, font='Arial', fontFiles=[], height=0.06, italic=False, languageStyle='LTR', name='instruction_cont', opacity=1.0, ori=0.0, pos=array([ 0.5, -0.4]), rgb=array([1., 1., 1.]), text='          Press [space] key to continue.', units='norm', win=Window(...), wrapWidth=1)
27.1619 	EXP 	Created Artifact_intro_title = TextStim(__class__=<class 'psychopy.visual.text.TextStim'>, alignHoriz='center', alignVert='center', antialias=True, autoLog=True, bold=False, color=array([1., 1., 1.]), colorSpace='rgb', contrast=1.0, depth=-0.0, flipHoriz=False, flipVert=False, font='Arial', fontFiles=[], height=0.06, italic=False, languageStyle='LTR', name='Artifact_intro_title', opacity=1.0, ori=0.0, pos=array([0.5, 0.4]), rgb=array([1., 1., 1.]), text='Muscular signal recording', units='norm', win=Window(...), wrapWidth=1)
27.1659 	EXP 	Created Artifact_intro_text = TextStim(__class__=<class 'psychopy.visual.text.TextStim'>, alignHoriz='center', alignVert='center', antialias=True, autoLog=True, bold=False, color=array([1., 1., 1.]), colorSpace='rgb', contrast=1.0, depth=-1.0, flipHoriz=False, flipVert=False, font='Arial', fontFiles=[], height=0.06, italic=False, languageStyle='LTR', name='Artifact_intro_text', opacity=1.0, ori=0.0, pos=array([0.5, 0. ]), rgb=array([1., 1., 1.]), text=str(...), units='norm', win=Window(...), wrapWidth=1)
27.1735 	EXP 	Created Artifact_intro_cont = TextStim(__class__=<class 'psychopy.visual.text.TextStim'>, alignHoriz='center', alignVert='center', antialias=True, autoLog=True, bold=False, color=array([1., 1., 1.]), colorSpace='rgb', contrast=1.0, depth=-4.0, flipHoriz=False, flipVert=False, font='Arial', fontFiles=[], height=0.06, italic=False, languageStyle='LTR', name='Artifact_intro_cont', opacity=1.0, ori=0.0, pos=array([0.5, 0. ]), rgb=array([1., 1., 1.]), text='          Press [space] key to continue.', units='norm', win=Window(...), wrapWidth=1)
27.1739 	EXP 	Created Artifact_rec_text = TextStim(__class__=<class 'psychopy.visual.text.TextStim'>, alignHoriz='center', alignVert='center', antialias=True, autoLog=True, bold=False, color=array([1., 1., 1.]), colorSpace='rgb', contrast=1.0, depth=-0.0, flipHoriz=False, flipVert=False, font='Arial', fontFiles=[], height=0.06, italic=False, languageStyle='LTR', name='Artifact_rec_text', opacity=1.0, ori=0.0, pos=array([0.5, 0.4]), rgb=array([1., 1., 1.]), text='', units='norm', win=Window(...), wrapWidth=1)
27.1754 	EXP 	Created Artifact_rec_recording = TextStim(__class__=<class 'psychopy.visual.text.TextStim'>, alignHoriz='center', alignVert='center', antialias=True, autoLog=True, bold=False, color=array([1., 1., 1.]), colorSpace='rgb', contrast=1.0, depth=-4.0, flipHoriz=False, flipVert=False, font='Arial', fontFiles=[], height=0.06, italic=False, languageStyle='LTR', name='Artifact_rec_recording', opacity=1.0, ori=0.0, pos=array([ 0.5, -0.4]), rgb=array([1., 1., 1.]), text='', units='norm', win=Window(...), wrapWidth=1)
27.1775 	EXP 	Created Artifact_rec_break = TextStim(__class__=<class 'psychopy.visual.text.TextStim'>, alignHoriz='center', alignVert='center', antialias=True, autoLog=True, bold=False, color=array([1., 1., 1.]), colorSpace='rgb', contrast=1.0, depth=-6.0, flipHoriz=False, flipVert=False, font='Arial', fontFiles=[], height=0.06, italic=False, languageStyle='LTR', name='Artifact_rec_break', opacity=1.0, ori=0.0, pos=array([ 0.5, -0.4]), rgb=array([1., 1., 1.]), text='Short break', units='norm', win=Window(...), wrapWidth=1)
27.1816 	EXP 	Created Cali_de_pre_intro_title = TextStim(__class__=<class 'psychopy.visual.text.TextStim'>, alignHoriz='center', alignVert='center', antialias=True, autoLog=True, bold=False, color=array([1., 1., 1.]), colorSpace='rgb', contrast=1.0, depth=-0.0, flipHoriz=False, flipVert=False, font='Arial', fontFiles=[], height=0.06, italic=False, languageStyle='LTR', name='Cali_de_pre_intro_title', opacity=1.0, ori=0.0, pos=array([0.5, 0.4]), rgb=array([1., 1., 1.]), text='READ OUT BLOCK (GERMAN)', units='norm', win=Window(...), wrapWidth=1)
27.1890 	EXP 	Created Cali_de_pre_intro_text = TextStim(__class__=<class 'psychopy.visual.text.TextStim'>, alignHoriz='center', alignVert='center', antialias=True, autoLog=True, bold=False, color=array([1., 1., 1.]), colorSpace='rgb', contrast=1.0, depth=-1.0, flipHoriz=False, flipVert=False, font='Arial', fontFiles=[], height=0.06, italic=False, languageStyle='LTR', name='Cali_de_pre_intro_text', opacity=1.0, ori=0.0, pos=array([0.5, 0. ]), rgb=array([1., 1., 1.]), text=str(...), units='norm', win=Window(...), wrapWidth=1)
27.1940 	EXP 	Created Cali_de_pre_intro_cont = TextStim(__class__=<class 'psychopy.visual.text.TextStim'>, alignHoriz='center', alignVert='center', antialias=True, autoLog=True, bold=False, color=array([1., 1., 1.]), colorSpace='rgb', contrast=1.0, depth=-4.0, flipHoriz=False, flipVert=False, font='Arial', fontFiles=[], height=0.06, italic=False, languageStyle='LTR', name='Cali_de_pre_intro_cont', opacity=1.0, ori=0.0, pos=array([0.5, 0. ]), rgb=array([1., 1., 1.]), text='          Press [space] key to continue.', units='norm', win=Window(...), wrapWidth=1)
27.1944 	EXP 	Created Cali_de_pre_rec_text = TextStim(__class__=<class 'psychopy.visual.text.TextStim'>, alignHoriz='center', alignVert='center', antialias=True, autoLog=True, bold=False, color=array([1., 1., 1.]), colorSpace='rgb', contrast=1.0, depth=-0.0, flipHoriz=False, flipVert=False, font='Arial', fontFiles=[], height=0.06, italic=False, languageStyle='LTR', name='Cali_de_pre_rec_text', opacity=1.0, ori=0.0, pos=array([0.5, 0.4]), rgb=array([1., 1., 1.]), text='', units='norm', win=Window(...), wrapWidth=1)
27.1953 	EXP 	Created Cali_de_pre_rec_question_text = TextStim(__class__=<class 'psychopy.visual.text.TextStim'>, alignHoriz='center', alignVert='center', antialias=True, autoLog=True, bold=False, color=array([1., 1., 1.]), colorSpace='rgb', contrast=1.0, depth=-2.0, flipHoriz=False, flipVert=False, font='Arial', fontFiles=[], height=0.06, italic=False, languageStyle='LTR', name='Cali_de_pre_rec_question_text', opacity=1.0, ori=0.0, pos=array([0.5, 0. ]), rgb=array([1., 1., 1.]), text='', units='norm', win=Window(...), wrapWidth=1)
27.1973 	EXP 	Created Cali_de_pre_rec_break = TextStim(__class__=<class 'psychopy.visual.text.TextStim'>, alignHoriz='center', alignVert='center', antialias=True, autoLog=True, bold=False, color=array([1., 1., 1.]), colorSpace='rgb', contrast=1.0, depth=-6.0, flipHoriz=False, flipVert=False, font='Arial', fontFiles=[], height=0.06, italic=False, languageStyle='LTR', name='Cali_de_pre_rec_break', opacity=1.0, ori=0.0, pos=array([ 0.5, -0.4]), rgb=array([1., 1., 1.]), text='Short break', units='norm', win=Window(...), wrapWidth=1)
27.1978 	EXP 	Created fade_in_text = TextStim(__class__=<class 'psychopy.visual.text.TextStim'>, alignHoriz='center', alignVert='center', antialias=True, autoLog=True, bold=False, color=array([1., 1., 1.]), colorSpace='rgb', contrast=1.0, depth=-0.0, flipHoriz=False, flipVert=False, font='Arial', fontFiles=[], height=0.06, italic=False, languageStyle='LTR', name='fade_in_text', opacity=1.0, ori=0.0, pos=array([0.5, 0.4]), rgb=array([1., 1., 1.]), text='', units='norm', win=Window(...), wrapWidth=1)
27.1999 	EXP 	Created RS_intro_title = TextStim(__class__=<class 'psychopy.visual.text.TextStim'>, alignHoriz='center', alignVert='center', antialias=True, autoLog=True, bold=False, color=array([1., 1., 1.]), colorSpace='rgb', contrast=1.0, depth=-0.0, flipHoriz=False, flipVert=False, font='Arial', fontFiles=[], height=0.06, italic=False, languageStyle='LTR', name='RS_intro_title', opacity=1.0, ori=0.0, pos=array([0.5, 0.4]), rgb=array([1., 1., 1.]), text='REST STATE BLOCK', units='norm', win=Window(...), wrapWidth=1)
27.2072 	EXP 	Created RS_intro_text = TextStim(__class__=<class 'psychopy.visual.text.TextStim'>, alignHoriz='center', alignVert='center', antialias=True, autoLog=True, bold=False, color=array([1., 1., 1.]), colorSpace='rgb', contrast=1.0, depth=-1.0, flipHoriz=False, flipVert=False, font='Arial', fontFiles=[], height=0.06, italic=False, languageStyle='LTR', name='RS_intro_text', opacity=1.0, ori=0.0, pos=array([0.5, 0. ]), rgb=array([1., 1., 1.]), text=str(...), units='norm', win=Window(...), wrapWidth=1)
27.2127 	EXP 	Created RS_rec_text = TextStim(__class__=<class 'psychopy.visual.text.TextStim'>, alignHoriz='center', alignVert='center', antialias=True, autoLog=True, bold=False, color=array([1., 1., 1.]), colorSpace='rgb', contrast=1.0, depth=-0.0, flipHoriz=False, flipVert=False, font='Arial', fontFiles=[], height=0.06, italic=False, languageStyle='LTR', name='RS_rec_text', opacity=1.0, ori=0.0, pos=array([0.5, 0. ]), rgb=array([1., 1., 1.]), text=str(...), units='norm', win=Window(...), wrapWidth=1)
27.2149 	EXP 	Created QA_intro_title = TextStim(__class__=<class 'psychopy.visual.text.TextStim'>, alignHoriz='center', alignVert='center', antialias=True, autoLog=True, bold=False, color=array([1., 1., 1.]), colorSpace='rgb', contrast=1.0, depth=-0.0, flipHoriz=False, flipVert=False, font='Arial', fontFiles=[], height=0.06, italic=False, languageStyle='LTR', name='QA_intro_title', opacity=1.0, ori=0.0, pos=array([0.5, 0.5]), rgb=array([1., 1., 1.]), text='Q&A BLOCK', units='norm', win=Window(...), wrapWidth=1)
27.2241 	EXP 	Created QA_intro_text = TextStim(__class__=<class 'psychopy.visual.text.TextStim'>, alignHoriz='center', alignVert='center', antialias=True, autoLog=True, bold=False, color=array([1., 1., 1.]), colorSpace='rgb', contrast=1.0, depth=-1.0, flipHoriz=False, flipVert=False, font='Arial', fontFiles=[], height=0.06, italic=False, languageStyle='LTR', name='QA_intro_text', opacity=1.0, ori=0.0, pos=array([0.5, 0. ]), rgb=array([1., 1., 1.]), text=str(...), units='norm', win=Window(...), wrapWidth=1)
27.2286 	EXP 	Created QA_intro_cont = TextStim(__class__=<class 'psychopy.visual.text.TextStim'>, alignHoriz='center', alignVert='center', antialias=True, autoLog=True, bold=False, color=array([1., 1., 1.]), colorSpace='rgb', contrast=1.0, depth=-4.0, flipHoriz=False, flipVert=False, font='Arial', fontFiles=[], height=0.06, italic=False, languageStyle='LTR', name='QA_intro_cont', opacity=1.0, ori=0.0, pos=array([0.5, 0. ]), rgb=array([1., 1., 1.]), text='          Press [space] key to continue.', units='norm', win=Window(...), wrapWidth=1)
27.2314 	EXP 	Created QA_rec_text = TextStim(__class__=<class 'psychopy.visual.text.TextStim'>, alignHoriz='center', alignVert='center', antialias=True, autoLog=True, bold=False, color=array([1., 1., 1.]), colorSpace='rgb', contrast=1.0, depth=-0.0, flipHoriz=False, flipVert=False, font='Arial', fontFiles=[], height=0.06, italic=False, languageStyle='LTR', name='QA_rec_text', opacity=1.0, ori=0.0, pos=array([0.5, 0. ]), rgb=array([1., 1., 1.]), text=str(...), units='norm', win=Window(...), wrapWidth=1)
27.2352 	EXP 	Created QA_rec_break = TextStim(__class__=<class 'psychopy.visual.text.TextStim'>, alignHoriz='center', alignVert='center', antialias=True, autoLog=True, bold=False, color=array([1., 1., 1.]), colorSpace='rgb', contrast=1.0, depth=-6.0, flipHoriz=False, flipVert=False, font='Arial', fontFiles=[], height=0.06, italic=False, languageStyle='LTR', name='QA_rec_break', opacity=1.0, ori=0.0, pos=array([ 0.5, -0.4]), rgb=array([1., 1., 1.]), text='Short break', units='norm', win=Window(...), wrapWidth=1)
27.2394 	EXP 	Created Pause_cont = TextStim(__class__=<class 'psychopy.visual.text.TextStim'>, alignHoriz='center', alignVert='center', antialias=True, autoLog=True, bold=False, color=array([1., 1., 1.]), colorSpace='rgb', contrast=1.0, depth=-2.0, flipHoriz=False, flipVert=False, font='Arial', fontFiles=[], height=0.06, italic=False, languageStyle='LTR', name='Pause_cont', opacity=1.0, ori=0.0, pos=array([0.5, 0. ]), rgb=array([1., 1., 1.]), text=str(...), units='norm', win=Window(...), wrapWidth=1)
27.2415 	EXP 	Created Cali_de_post_intro_title = TextStim(__class__=<class 'psychopy.visual.text.TextStim'>, alignHoriz='center', alignVert='center', antialias=True, autoLog=True, bold=False, color=array([1., 1., 1.]), colorSpace='rgb', contrast=1.0, depth=-0.0, flipHoriz=False, flipVert=False, font='Arial', fontFiles=[], height=0.06, italic=False, languageStyle='LTR', name='Cali_de_post_intro_title', opacity=1.0, ori=0.0, pos=array([0.5, 0.4]), rgb=array([1., 1., 1.]), text='READ OUT BLOCK (GERMAN)', units='norm', win=Window(...), wrapWidth=1)
27.2870 	EXP 	Created Cali_de_post_intro_text = TextStim(__class__=<class 'psychopy.visual.text.TextStim'>, alignHoriz='center', alignVert='center', antialias=True, autoLog=True, bold=False, color=array([1., 1., 1.]), colorSpace='rgb', contrast=1.0, depth=-1.0, flipHoriz=False, flipVert=False, font='Arial', fontFiles=[], height=0.06, italic=False, languageStyle='LTR', name='Cali_de_post_intro_text', opacity=1.0, ori=0.0, pos=array([0.5, 0. ]), rgb=array([1., 1., 1.]), text=str(...), units='norm', win=Window(...), wrapWidth=1)
27.2920 	EXP 	Created Cali_de_post_intro_cont = TextStim(__class__=<class 'psychopy.visual.text.TextStim'>, alignHoriz='center', alignVert='center', antialias=True, autoLog=True, bold=False, color=array([1., 1., 1.]), colorSpace='rgb', contrast=1.0, depth=-4.0, flipHoriz=False, flipVert=False, font='Arial', fontFiles=[], height=0.06, italic=False, languageStyle='LTR', name='Cali_de_post_intro_cont', opacity=1.0, ori=0.0, pos=array([0.5, 0. ]), rgb=array([1., 1., 1.]), text='          Press [space] key to continue.', units='norm', win=Window(...), wrapWidth=1)
27.2925 	EXP 	Created Cali_de_post_rec_text = TextStim(__class__=<class 'psychopy.visual.text.TextStim'>, alignHoriz='center', alignVert='center', antialias=True, autoLog=True, bold=False, color=array([1., 1., 1.]), colorSpace='rgb', contrast=1.0, depth=-0.0, flipHoriz=False, flipVert=False, font='Arial', fontFiles=[], height=0.06, italic=False, languageStyle='LTR', name='Cali_de_post_rec_text', opacity=1.0, ori=0.0, pos=array([0.5, 0.4]), rgb=array([1., 1., 1.]), text='', units='norm', win=Window(...), wrapWidth=1)
27.2933 	EXP 	Created Cali_de_post_rec_question_text = TextStim(__class__=<class 'psychopy.visual.text.TextStim'>, alignHoriz='center', alignVert='center', antialias=True, autoLog=True, bold=False, color=array([1., 1., 1.]), colorSpace='rgb', contrast=1.0, depth=-2.0, flipHoriz=False, flipVert=False, font='Arial', fontFiles=[], height=0.06, italic=False, languageStyle='LTR', name='Cali_de_post_rec_question_text', opacity=1.0, ori=0.0, pos=array([0.5, 0. ]), rgb=array([1., 1., 1.]), text='', units='norm', win=Window(...), wrapWidth=1)
27.2954 	EXP 	Created Cali_de_post_rec_break = TextStim(__class__=<class 'psychopy.visual.text.TextStim'>, alignHoriz='center', alignVert='center', antialias=True, autoLog=True, bold=False, color=array([1., 1., 1.]), colorSpace='rgb', contrast=1.0, depth=-6.0, flipHoriz=False, flipVert=False, font='Arial', fontFiles=[], height=0.06, italic=False, languageStyle='LTR', name='Cali_de_post_rec_break', opacity=1.0, ori=0.0, pos=array([ 0.5, -0.4]), rgb=array([1., 1., 1.]), text='Short break', units='norm', win=Window(...), wrapWidth=1)
27.2990 	EXP 	Created the_end_text = TextStim(__class__=<class 'psychopy.visual.text.TextStim'>, alignHoriz='center', alignVert='center', antialias=True, autoLog=True, bold=False, color=array([1., 1., 1.]), colorSpace='rgb', contrast=1.0, depth=-1.0, flipHoriz=False, flipVert=False, font='Arial', fontFiles=[], height=0.06, italic=False, languageStyle='LTR', name='the_end_text', opacity=1.0, ori=0.0, pos=array([0.7, 0. ]), rgb=array([1., 1., 1.]), text=str(...), units='norm', win=Window(...), wrapWidth=1)
29.3030 	EXP 	Created sequence: random, trialTypes=1, nReps=4, seed=None
29.3038 	EXP 	New trial (rep=0, index=0): None
29.3043 	EXP 	New trial (rep=1, index=0): None
29.3047 	EXP 	New trial (rep=2, index=0): None
29.3053 	EXP 	New trial (rep=3, index=0): None
30.3374 	EXP 	fade_in_text: text = 'Please remain seated until further instruction via the earphone.'
30.3374 	EXP 	fade_in_text: autoDraw = True
36.3366 	EXP 	fade_in_text: autoDraw = True
36.3530 	EXP 	fade_in_text: autoDraw = True
36.3698 	EXP 	fade_in_text: autoDraw = True
36.3865 	EXP 	fade_in_text: autoDraw = True
36.4031 	EXP 	fade_in_text: autoDraw = True
36.4198 	EXP 	fade_in_text: autoDraw = True
36.4364 	EXP 	fade_in_text: autoDraw = True
36.4530 	EXP 	fade_in_text: autoDraw = True
36.4698 	EXP 	fade_in_text: autoDraw = True
36.4865 	EXP 	fade_in_text: autoDraw = True
36.5031 	EXP 	fade_in_text: autoDraw = True
36.5198 	EXP 	fade_in_text: autoDraw = True
36.5364 	EXP 	fade_in_text: autoDraw = True
36.5530 	EXP 	fade_in_text: autoDraw = True
36.5698 	EXP 	fade_in_text: autoDraw = True
36.5865 	EXP 	fade_in_text: autoDraw = True
36.6031 	EXP 	fade_in_text: autoDraw = True
36.6198 	EXP 	fade_in_text: autoDraw = True
36.6364 	EXP 	fade_in_text: autoDraw = True
36.6531 	EXP 	fade_in_text: autoDraw = True
36.6699 	EXP 	fade_in_text: autoDraw = True
36.6865 	EXP 	fade_in_text: autoDraw = True
36.7031 	EXP 	fade_in_text: autoDraw = True
36.7198 	EXP 	fade_in_text: autoDraw = True
36.7364 	EXP 	fade_in_text: autoDraw = True
36.7531 	EXP 	fade_in_text: autoDraw = True
36.7698 	EXP 	fade_in_text: autoDraw = True
36.7865 	EXP 	fade_in_text: autoDraw = True
36.8031 	EXP 	fade_in_text: autoDraw = True
36.8199 	EXP 	fade_in_text: autoDraw = True
36.8364 	EXP 	fade_in_text: autoDraw = True
36.8531 	EXP 	fade_in_text: autoDraw = True
36.8698 	EXP 	fade_in_text: autoDraw = True
36.8865 	EXP 	fade_in_text: autoDraw = True
36.9031 	EXP 	fade_in_text: autoDraw = True
36.9199 	EXP 	fade_in_text: autoDraw = True
36.9364 	EXP 	fade_in_text: autoDraw = True
36.9531 	EXP 	fade_in_text: autoDraw = True
36.9698 	EXP 	fade_in_text: autoDraw = True
36.9865 	EXP 	fade_in_text: autoDraw = True
37.0032 	EXP 	fade_in_text: autoDraw = True
37.0200 	EXP 	fade_in_text: autoDraw = True
37.0364 	EXP 	fade_in_text: autoDraw = True
37.0532 	EXP 	fade_in_text: autoDraw = True
37.0698 	EXP 	fade_in_text: autoDraw = True
37.0865 	EXP 	fade_in_text: autoDraw = True
37.1032 	EXP 	fade_in_text: autoDraw = True
37.1197 	EXP 	fade_in_text: autoDraw = True
37.1364 	EXP 	fade_in_text: autoDraw = True
37.1532 	EXP 	fade_in_text: autoDraw = True
37.1698 	EXP 	fade_in_text: autoDraw = True
37.1865 	EXP 	fade_in_text: autoDraw = True
37.2031 	EXP 	fade_in_text: autoDraw = True
37.2197 	EXP 	fade_in_text: autoDraw = True
37.2364 	EXP 	fade_in_text: autoDraw = True
37.2532 	EXP 	fade_in_text: autoDraw = True
37.2698 	EXP 	fade_in_text: autoDraw = True
37.2865 	EXP 	fade_in_text: autoDraw = True
37.3032 	EXP 	fade_in_text: autoDraw = True
37.3198 	EXP 	fade_in_text: autoDraw = True
37.3364 	EXP 	fade_in_text: autoDraw = True
37.3532 	EXP 	fade_in_text: autoDraw = True
37.3699 	EXP 	fade_in_text: autoDraw = True
37.3865 	EXP 	fade_in_text: autoDraw = True
37.4033 	EXP 	fade_in_text: autoDraw = True
37.4198 	EXP 	fade_in_text: autoDraw = True
37.4364 	EXP 	fade_in_text: autoDraw = True
37.4532 	EXP 	fade_in_text: autoDraw = True
37.4698 	EXP 	fade_in_text: autoDraw = True
37.4865 	EXP 	fade_in_text: autoDraw = True
37.5033 	EXP 	fade_in_text: autoDraw = True
37.5198 	EXP 	fade_in_text: autoDraw = True
37.5364 	EXP 	fade_in_text: autoDraw = True
37.5532 	EXP 	fade_in_text: autoDraw = True
37.5699 	EXP 	fade_in_text: autoDraw = True
37.5865 	EXP 	fade_in_text: autoDraw = True
37.6032 	EXP 	fade_in_text: autoDraw = True
37.6198 	EXP 	fade_in_text: autoDraw = True
37.6365 	EXP 	fade_in_text: autoDraw = True
37.6532 	EXP 	fade_in_text: autoDraw = True
37.6699 	EXP 	fade_in_text: autoDraw = True
37.6865 	EXP 	fade_in_text: autoDraw = True
37.7031 	EXP 	fade_in_text: autoDraw = True
37.7198 	EXP 	fade_in_text: autoDraw = True
37.7365 	EXP 	fade_in_text: autoDraw = True
37.7532 	EXP 	fade_in_text: autoDraw = True
37.7699 	EXP 	fade_in_text: autoDraw = True
37.7865 	EXP 	fade_in_text: autoDraw = True
37.8031 	EXP 	fade_in_text: autoDraw = True
37.8198 	EXP 	fade_in_text: autoDraw = True
37.8365 	EXP 	fade_in_text: autoDraw = True
37.8532 	EXP 	fade_in_text: autoDraw = True
37.8699 	EXP 	fade_in_text: autoDraw = True
37.8865 	EXP 	fade_in_text: autoDraw = True
37.9031 	EXP 	fade_in_text: autoDraw = True
37.9198 	EXP 	fade_in_text: autoDraw = True
37.9365 	EXP 	fade_in_text: autoDraw = True
37.9532 	EXP 	fade_in_text: autoDraw = True
37.9699 	EXP 	fade_in_text: autoDraw = True
37.9867 	EXP 	fade_in_text: autoDraw = True
38.0031 	EXP 	fade_in_text: autoDraw = True
38.0198 	EXP 	fade_in_text: autoDraw = True
38.0365 	EXP 	fade_in_text: autoDraw = True
38.0532 	EXP 	fade_in_text: autoDraw = True
38.0699 	EXP 	fade_in_text: autoDraw = True
38.0867 	EXP 	fade_in_text: autoDraw = True
38.1031 	EXP 	fade_in_text: autoDraw = True
38.1198 	EXP 	fade_in_text: autoDraw = True
38.1365 	EXP 	fade_in_text: autoDraw = True
38.1532 	EXP 	fade_in_text: autoDraw = True
38.1699 	EXP 	fade_in_text: autoDraw = True
38.1867 	EXP 	fade_in_text: autoDraw = True
38.2031 	EXP 	fade_in_text: autoDraw = True
38.2199 	EXP 	fade_in_text: autoDraw = True
38.2365 	EXP 	fade_in_text: autoDraw = True
38.2532 	EXP 	fade_in_text: autoDraw = True
38.2699 	EXP 	fade_in_text: autoDraw = True
38.2866 	EXP 	fade_in_text: autoDraw = True
38.3031 	EXP 	fade_in_text: autoDraw = True
38.3199 	EXP 	fade_in_text: autoDraw = True
38.3366 	EXP 	fade_in_text: autoDraw = True
38.3532 	EXP 	fade_in_text: autoDraw = True
38.3701 	EXP 	fade_in_text: autoDraw = True
38.3866 	EXP 	fade_in_text: autoDraw = True
38.4031 	EXP 	fade_in_text: autoDraw = True
38.4199 	EXP 	fade_in_text: autoDraw = True
38.4366 	EXP 	fade_in_text: autoDraw = True
38.4532 	EXP 	fade_in_text: autoDraw = True
38.4699 	EXP 	fade_in_text: autoDraw = True
38.4866 	EXP 	fade_in_text: autoDraw = True
38.5031 	EXP 	fade_in_text: autoDraw = True
38.5199 	EXP 	fade_in_text: autoDraw = True
38.5366 	EXP 	fade_in_text: autoDraw = True
38.5532 	EXP 	fade_in_text: autoDraw = True
38.5700 	EXP 	fade_in_text: autoDraw = True
38.5866 	EXP 	fade_in_text: autoDraw = True
38.6032 	EXP 	fade_in_text: autoDraw = True
38.6199 	EXP 	fade_in_text: autoDraw = True
38.6366 	EXP 	fade_in_text: autoDraw = True
38.6532 	EXP 	fade_in_text: autoDraw = True
38.6700 	EXP 	fade_in_text: autoDraw = True
38.6866 	EXP 	fade_in_text: autoDraw = True
38.7032 	EXP 	fade_in_text: autoDraw = True
38.7199 	EXP 	fade_in_text: autoDraw = True
38.7366 	EXP 	fade_in_text: autoDraw = True
38.7532 	EXP 	fade_in_text: autoDraw = True
38.7700 	EXP 	fade_in_text: autoDraw = True
38.7866 	EXP 	fade_in_text: autoDraw = True
38.8032 	EXP 	fade_in_text: autoDraw = True
38.8199 	EXP 	fade_in_text: autoDraw = True
38.8366 	EXP 	fade_in_text: autoDraw = True
38.8532 	EXP 	fade_in_text: autoDraw = True
38.8698 	EXP 	fade_in_text: autoDraw = True
38.8866 	EXP 	fade_in_text: autoDraw = True
38.9033 	EXP 	fade_in_text: autoDraw = True
38.9199 	EXP 	fade_in_text: autoDraw = True
38.9366 	EXP 	fade_in_text: autoDraw = True
38.9533 	EXP 	fade_in_text: autoDraw = True
38.9699 	EXP 	fade_in_text: autoDraw = True
38.9866 	EXP 	fade_in_text: autoDraw = True
39.0033 	EXP 	fade_in_text: autoDraw = True
39.0199 	EXP 	fade_in_text: autoDraw = True
39.0366 	EXP 	fade_in_text: autoDraw = True
39.0534 	EXP 	fade_in_text: autoDraw = True
39.0698 	EXP 	fade_in_text: autoDraw = True
39.0866 	EXP 	fade_in_text: autoDraw = True
39.1033 	EXP 	fade_in_text: autoDraw = True
39.1200 	EXP 	fade_in_text: autoDraw = True
39.1366 	EXP 	fade_in_text: autoDraw = True
39.1534 	EXP 	fade_in_text: autoDraw = True
39.1698 	EXP 	fade_in_text: autoDraw = True
39.1866 	EXP 	fade_in_text: autoDraw = True
39.2033 	EXP 	fade_in_text: autoDraw = True
39.2199 	EXP 	fade_in_text: autoDraw = True
39.2366 	EXP 	fade_in_text: autoDraw = True
39.2534 	EXP 	fade_in_text: autoDraw = True
39.2699 	EXP 	fade_in_text: autoDraw = True
39.2866 	EXP 	fade_in_text: autoDraw = True
39.3033 	EXP 	fade_in_text: autoDraw = True
39.3199 	EXP 	fade_in_text: autoDraw = True
39.3366 	EXP 	fade_in_text: autoDraw = True
39.3535 	EXP 	fade_in_text: autoDraw = True
39.3699 	EXP 	fade_in_text: autoDraw = True
39.3866 	EXP 	fade_in_text: autoDraw = True
39.4033 	EXP 	fade_in_text: autoDraw = True
39.4199 	EXP 	fade_in_text: autoDraw = True
39.4366 	EXP 	fade_in_text: autoDraw = True
39.4532 	EXP 	fade_in_text: autoDraw = True
39.4699 	EXP 	fade_in_text: autoDraw = True
39.4866 	EXP 	fade_in_text: autoDraw = True
39.5033 	EXP 	fade_in_text: autoDraw = True
39.5200 	EXP 	fade_in_text: autoDraw = True
39.5366 	EXP 	fade_in_text: autoDraw = True
39.5532 	EXP 	fade_in_text: autoDraw = True
39.5699 	EXP 	fade_in_text: autoDraw = True
39.5866 	EXP 	fade_in_text: autoDraw = True
39.6033 	EXP 	fade_in_text: autoDraw = True
39.6200 	EXP 	fade_in_text: autoDraw = True
39.6367 	EXP 	fade_in_text: autoDraw = True
39.6532 	EXP 	fade_in_text: autoDraw = True
39.6699 	EXP 	fade_in_text: autoDraw = True
39.6867 	EXP 	fade_in_text: autoDraw = True
39.7033 	EXP 	fade_in_text: autoDraw = True
39.7200 	EXP 	fade_in_text: autoDraw = True
39.7367 	EXP 	fade_in_text: autoDraw = True
39.7532 	EXP 	fade_in_text: autoDraw = True
39.7699 	EXP 	fade_in_text: autoDraw = True
39.7867 	EXP 	fade_in_text: autoDraw = True
39.8033 	EXP 	fade_in_text: autoDraw = True
39.8200 	EXP 	fade_in_text: autoDraw = True
39.8368 	EXP 	fade_in_text: autoDraw = True
39.8532 	EXP 	fade_in_text: autoDraw = True
39.8700 	EXP 	fade_in_text: autoDraw = True
39.8866 	EXP 	fade_in_text: autoDraw = True
39.9033 	EXP 	fade_in_text: autoDraw = True
39.9200 	EXP 	fade_in_text: autoDraw = True
39.9368 	EXP 	fade_in_text: autoDraw = True
39.9532 	EXP 	fade_in_text: autoDraw = True
39.9700 	EXP 	fade_in_text: autoDraw = True
39.9867 	EXP 	fade_in_text: autoDraw = True
40.0033 	EXP 	fade_in_text: autoDraw = True
40.0200 	EXP 	fade_in_text: autoDraw = True
40.0366 	EXP 	fade_in_text: autoDraw = True
40.0532 	EXP 	fade_in_text: autoDraw = True
40.0700 	EXP 	fade_in_text: autoDraw = True
40.0866 	EXP 	fade_in_text: autoDraw = True
40.1033 	EXP 	fade_in_text: autoDraw = True
40.1200 	EXP 	fade_in_text: autoDraw = True
40.1367 	EXP 	fade_in_text: autoDraw = True
40.1532 	EXP 	fade_in_text: autoDraw = True
40.1700 	EXP 	fade_in_text: autoDraw = True
40.1867 	EXP 	fade_in_text: autoDraw = True
40.2033 	EXP 	fade_in_text: autoDraw = True
40.2200 	EXP 	fade_in_text: autoDraw = True
40.2366 	EXP 	fade_in_text: autoDraw = True
40.2532 	EXP 	fade_in_text: autoDraw = True
40.2700 	EXP 	fade_in_text: autoDraw = True
40.2867 	EXP 	fade_in_text: autoDraw = True
40.3033 	EXP 	fade_in_text: autoDraw = True
40.3201 	EXP 	fade_in_text: autoDraw = True
40.3366 	EXP 	fade_in_text: autoDraw = True
40.3533 	EXP 	fade_in_text: autoDraw = True
40.3700 	EXP 	fade_in_text: autoDraw = True
40.3867 	EXP 	fade_in_text: autoDraw = True
40.4033 	EXP 	fade_in_text: autoDraw = True
40.4201 	EXP 	fade_in_text: autoDraw = True
40.4366 	EXP 	fade_in_text: autoDraw = True
40.4533 	EXP 	fade_in_text: autoDraw = True
40.4700 	EXP 	fade_in_text: autoDraw = True
40.4867 	EXP 	fade_in_text: autoDraw = True
40.5033 	EXP 	fade_in_text: autoDraw = True
40.5202 	EXP 	fade_in_text: autoDraw = True
40.5366 	EXP 	fade_in_text: autoDraw = True
40.5533 	EXP 	fade_in_text: autoDraw = True
40.5700 	EXP 	fade_in_text: autoDraw = True
40.5867 	EXP 	fade_in_text: autoDraw = True
40.6034 	EXP 	fade_in_text: autoDraw = True
40.6199 	EXP 	fade_in_text: autoDraw = True
40.6366 	EXP 	fade_in_text: autoDraw = True
40.6533 	EXP 	fade_in_text: autoDraw = True
40.6700 	EXP 	fade_in_text: autoDraw = True
40.6867 	EXP 	fade_in_text: autoDraw = True
40.7034 	EXP 	fade_in_text: autoDraw = True
40.7199 	EXP 	fade_in_text: autoDraw = True
40.7366 	EXP 	fade_in_text: autoDraw = True
40.7533 	EXP 	fade_in_text: autoDraw = True
40.7700 	EXP 	fade_in_text: autoDraw = True
40.7867 	EXP 	fade_in_text: autoDraw = True
40.8034 	EXP 	fade_in_text: autoDraw = True
40.8199 	EXP 	fade_in_text: autoDraw = True
40.8366 	EXP 	fade_in_text: autoDraw = True
40.8534 	EXP 	fade_in_text: autoDraw = True
40.8700 	EXP 	fade_in_text: autoDraw = True
40.8867 	EXP 	fade_in_text: autoDraw = True
40.9035 	EXP 	fade_in_text: autoDraw = True
40.9199 	EXP 	fade_in_text: autoDraw = True
40.9366 	EXP 	fade_in_text: autoDraw = True
40.9534 	EXP 	fade_in_text: autoDraw = True
40.9700 	EXP 	fade_in_text: autoDraw = True
40.9867 	EXP 	fade_in_text: autoDraw = True
41.0035 	EXP 	fade_in_text: autoDraw = True
41.0199 	EXP 	fade_in_text: autoDraw = True
41.0367 	EXP 	fade_in_text: autoDraw = True
41.0534 	EXP 	fade_in_text: autoDraw = True
41.0702 	EXP 	fade_in_text: autoDraw = True
41.0867 	EXP 	fade_in_text: autoDraw = True
41.1036 	EXP 	fade_in_text: autoDraw = True
41.1200 	EXP 	fade_in_text: autoDraw = True
41.1367 	EXP 	fade_in_text: autoDraw = True
41.1534 	EXP 	fade_in_text: autoDraw = True
41.1700 	EXP 	fade_in_text: autoDraw = True
41.1867 	EXP 	fade_in_text: autoDraw = True
41.2034 	EXP 	fade_in_text: autoDraw = True
41.2200 	EXP 	fade_in_text: autoDraw = True
41.2367 	EXP 	fade_in_text: autoDraw = True
41.2534 	EXP 	fade_in_text: autoDraw = True
41.2701 	EXP 	fade_in_text: autoDraw = True
41.2867 	EXP 	fade_in_text: autoDraw = True
41.3034 	EXP 	fade_in_text: autoDraw = True
41.3200 	EXP 	fade_in_text: autoDraw = True
41.3367 	EXP 	fade_in_text: autoDraw = True
41.3534 	EXP 	fade_in_text: autoDraw = True
41.3700 	EXP 	fade_in_text: autoDraw = True
41.3868 	EXP 	fade_in_text: autoDraw = True
41.4034 	EXP 	fade_in_text: autoDraw = True
41.4200 	EXP 	fade_in_text: autoDraw = True
41.4367 	EXP 	fade_in_text: autoDraw = True
41.4534 	EXP 	fade_in_text: autoDraw = True
41.4701 	EXP 	fade_in_text: autoDraw = True
41.4868 	EXP 	fade_in_text: autoDraw = True
41.5034 	EXP 	fade_in_text: autoDraw = True
41.5201 	EXP 	fade_in_text: autoDraw = True
41.5367 	EXP 	fade_in_text: autoDraw = True
41.5534 	EXP 	fade_in_text: autoDraw = True
41.5701 	EXP 	fade_in_text: autoDraw = True
41.5869 	EXP 	fade_in_text: autoDraw = True
41.6034 	EXP 	fade_in_text: autoDraw = True
41.6201 	EXP 	fade_in_text: autoDraw = True
41.6367 	EXP 	fade_in_text: autoDraw = True
41.6534 	EXP 	fade_in_text: autoDraw = True
41.6701 	EXP 	fade_in_text: autoDraw = True
41.6866 	EXP 	fade_in_text: autoDraw = True
41.7034 	EXP 	fade_in_text: autoDraw = True
41.7201 	EXP 	fade_in_text: autoDraw = True
41.7367 	EXP 	fade_in_text: autoDraw = True
41.7534 	EXP 	fade_in_text: autoDraw = True
41.7701 	EXP 	fade_in_text: autoDraw = True
41.7867 	EXP 	fade_in_text: autoDraw = True
41.8034 	EXP 	fade_in_text: autoDraw = True
41.8201 	EXP 	fade_in_text: autoDraw = True
41.8367 	EXP 	fade_in_text: autoDraw = True
41.8534 	EXP 	fade_in_text: autoDraw = True
41.8701 	EXP 	fade_in_text: autoDraw = True
41.8867 	EXP 	fade_in_text: autoDraw = True
41.9034 	EXP 	fade_in_text: autoDraw = True
41.9201 	EXP 	fade_in_text: autoDraw = True
41.9367 	EXP 	fade_in_text: autoDraw = True
41.9534 	EXP 	fade_in_text: autoDraw = True
41.9702 	EXP 	fade_in_text: autoDraw = True
41.9868 	EXP 	fade_in_text: autoDraw = True
42.0034 	EXP 	fade_in_text: autoDraw = True
42.0201 	EXP 	fade_in_text: autoDraw = True
42.0367 	EXP 	fade_in_text: autoDraw = True
42.0534 	EXP 	fade_in_text: autoDraw = True
42.0702 	EXP 	fade_in_text: autoDraw = True
42.0867 	EXP 	fade_in_text: autoDraw = True
42.1034 	EXP 	fade_in_text: autoDraw = True
42.1201 	EXP 	fade_in_text: autoDraw = True
42.1368 	EXP 	fade_in_text: autoDraw = True
42.1534 	EXP 	fade_in_text: autoDraw = True
42.1702 	EXP 	fade_in_text: autoDraw = True
42.1867 	EXP 	fade_in_text: autoDraw = True
42.2034 	EXP 	fade_in_text: autoDraw = True
42.2201 	EXP 	fade_in_text: autoDraw = True
42.2368 	EXP 	fade_in_text: autoDraw = True
42.2534 	EXP 	fade_in_text: autoDraw = True
42.2701 	EXP 	fade_in_text: autoDraw = True
42.2867 	EXP 	fade_in_text: autoDraw = True
42.3034 	EXP 	fade_in_text: autoDraw = True
42.3201 	EXP 	fade_in_text: autoDraw = True
42.3368 	EXP 	fade_in_text: autoDraw = True
42.3534 	EXP 	fade_in_text: autoDraw = True
42.3700 	EXP 	fade_in_text: autoDraw = True
42.3867 	EXP 	fade_in_text: autoDraw = True
42.4034 	EXP 	fade_in_text: autoDraw = True
42.4201 	EXP 	fade_in_text: autoDraw = True
42.4368 	EXP 	fade_in_text: autoDraw = True
42.4534 	EXP 	fade_in_text: autoDraw = True
42.4700 	EXP 	fade_in_text: autoDraw = True
42.4867 	EXP 	fade_in_text: autoDraw = True
42.5035 	EXP 	fade_in_text: autoDraw = True
42.5201 	EXP 	fade_in_text: autoDraw = True
42.5368 	EXP 	fade_in_text: autoDraw = True
42.5534 	EXP 	fade_in_text: autoDraw = True
42.5700 	EXP 	fade_in_text: autoDraw = True
42.5868 	EXP 	fade_in_text: autoDraw = True
42.6035 	EXP 	fade_in_text: autoDraw = True
42.6201 	EXP 	fade_in_text: autoDraw = True
42.6368 	EXP 	fade_in_text: autoDraw = True
42.6536 	EXP 	fade_in_text: autoDraw = True
42.6700 	EXP 	fade_in_text: autoDraw = True
42.6868 	EXP 	fade_in_text: autoDraw = True
42.7035 	EXP 	fade_in_text: autoDraw = True
42.7201 	EXP 	fade_in_text: autoDraw = True
42.7368 	EXP 	fade_in_text: autoDraw = True
42.7536 	EXP 	fade_in_text: autoDraw = True
42.7700 	EXP 	fade_in_text: autoDraw = True
42.7868 	EXP 	fade_in_text: autoDraw = True
42.8035 	EXP 	fade_in_text: autoDraw = True
42.8201 	EXP 	fade_in_text: autoDraw = True
42.8368 	EXP 	fade_in_text: autoDraw = True
42.8535 	EXP 	fade_in_text: autoDraw = True
42.8700 	EXP 	fade_in_text: autoDraw = True
42.8868 	EXP 	fade_in_text: autoDraw = True
42.9035 	EXP 	fade_in_text: autoDraw = True
42.9201 	EXP 	fade_in_text: autoDraw = True
42.9368 	EXP 	fade_in_text: autoDraw = True
42.9534 	EXP 	fade_in_text: autoDraw = True
42.9701 	EXP 	fade_in_text: autoDraw = True
42.9868 	EXP 	fade_in_text: autoDraw = True
43.0035 	EXP 	fade_in_text: autoDraw = True
43.0201 	EXP 	fade_in_text: autoDraw = True
43.0368 	EXP 	fade_in_text: autoDraw = True
43.0534 	EXP 	fade_in_text: autoDraw = True
43.0701 	EXP 	fade_in_text: autoDraw = True
43.0868 	EXP 	fade_in_text: autoDraw = True
43.1035 	EXP 	fade_in_text: autoDraw = True
43.1201 	EXP 	fade_in_text: autoDraw = True
43.1368 	EXP 	fade_in_text: autoDraw = True
43.1534 	EXP 	fade_in_text: autoDraw = True
43.1701 	EXP 	fade_in_text: autoDraw = True
43.1868 	EXP 	fade_in_text: autoDraw = True
43.2035 	EXP 	fade_in_text: autoDraw = True
43.2201 	EXP 	fade_in_text: autoDraw = True
43.2369 	EXP 	fade_in_text: autoDraw = True
43.2534 	EXP 	fade_in_text: autoDraw = True
43.2701 	EXP 	fade_in_text: autoDraw = True
43.2868 	EXP 	fade_in_text: autoDraw = True
43.3035 	EXP 	fade_in_text: autoDraw = True
43.3202 	EXP 	fade_in_text: autoDraw = True
43.3369 	EXP 	fade_in_text: autoDraw = True
43.3534 	EXP 	fade_in_text: autoDraw = True
43.3701 	EXP 	fade_in_text: autoDraw = True
43.3868 	EXP 	fade_in_text: autoDraw = True
43.4035 	EXP 	fade_in_text: autoDraw = True
43.4201 	EXP 	fade_in_text: autoDraw = True
43.4369 	EXP 	fade_in_text: autoDraw = True
43.4534 	EXP 	fade_in_text: autoDraw = True
43.4701 	EXP 	fade_in_text: autoDraw = True
43.4868 	EXP 	fade_in_text: autoDraw = True
43.5035 	EXP 	fade_in_text: autoDraw = True
43.5202 	EXP 	fade_in_text: autoDraw = True
43.5369 	EXP 	fade_in_text: autoDraw = True
43.5534 	EXP 	fade_in_text: autoDraw = True
43.5701 	EXP 	fade_in_text: autoDraw = True
43.5868 	EXP 	fade_in_text: autoDraw = True
43.6035 	EXP 	fade_in_text: autoDraw = True
43.6202 	EXP 	fade_in_text: autoDraw = True
43.6368 	EXP 	fade_in_text: autoDraw = True
43.6534 	EXP 	fade_in_text: autoDraw = True
43.6702 	EXP 	fade_in_text: autoDraw = True
43.6868 	EXP 	fade_in_text: autoDraw = True
43.7035 	EXP 	fade_in_text: autoDraw = True
43.7202 	EXP 	fade_in_text: autoDraw = True
43.7368 	EXP 	fade_in_text: autoDraw = True
43.7534 	EXP 	fade_in_text: autoDraw = True
43.7702 	EXP 	fade_in_text: autoDraw = True
43.7868 	EXP 	fade_in_text: autoDraw = True
43.8035 	EXP 	fade_in_text: autoDraw = True
43.8202 	EXP 	fade_in_text: autoDraw = True
43.8368 	EXP 	fade_in_text: autoDraw = True
43.8534 	EXP 	fade_in_text: autoDraw = True
43.8702 	EXP 	fade_in_text: autoDraw = True
43.8868 	EXP 	fade_in_text: autoDraw = True
43.9035 	EXP 	fade_in_text: autoDraw = True
43.9203 	EXP 	fade_in_text: autoDraw = True
43.9368 	EXP 	fade_in_text: autoDraw = True
43.9534 	EXP 	fade_in_text: autoDraw = True
43.9702 	EXP 	fade_in_text: autoDraw = True
43.9869 	EXP 	fade_in_text: autoDraw = True
44.0035 	EXP 	fade_in_text: autoDraw = True
44.0203 	EXP 	fade_in_text: autoDraw = True
44.0368 	EXP 	fade_in_text: autoDraw = True
44.0535 	EXP 	fade_in_text: autoDraw = True
44.0702 	EXP 	fade_in_text: autoDraw = True
44.0869 	EXP 	fade_in_text: autoDraw = True
44.1035 	EXP 	fade_in_text: autoDraw = True
44.1203 	EXP 	fade_in_text: autoDraw = True
44.1368 	EXP 	fade_in_text: autoDraw = True
44.1535 	EXP 	fade_in_text: autoDraw = True
44.1702 	EXP 	fade_in_text: autoDraw = True
44.1869 	EXP 	fade_in_text: autoDraw = True
44.2035 	EXP 	fade_in_text: autoDraw = True
44.2202 	EXP 	fade_in_text: autoDraw = True
44.2368 	EXP 	fade_in_text: autoDraw = True
44.2535 	EXP 	fade_in_text: autoDraw = True
44.2702 	EXP 	fade_in_text: autoDraw = True
44.2869 	EXP 	fade_in_text: autoDraw = True
44.3035 	EXP 	fade_in_text: autoDraw = True
44.3202 	EXP 	fade_in_text: autoDraw = True
44.3368 	EXP 	fade_in_text: autoDraw = True
44.3535 	EXP 	fade_in_text: autoDraw = True
44.3702 	EXP 	fade_in_text: autoDraw = True
44.3869 	EXP 	fade_in_text: autoDraw = True
44.4036 	EXP 	fade_in_text: autoDraw = True
44.4202 	EXP 	fade_in_text: autoDraw = True
44.4368 	EXP 	fade_in_text: autoDraw = True
44.4536 	EXP 	fade_in_text: autoDraw = True
44.4702 	EXP 	fade_in_text: autoDraw = True
44.4869 	EXP 	fade_in_text: autoDraw = True
44.5037 	EXP 	fade_in_text: autoDraw = True
44.5202 	EXP 	fade_in_text: autoDraw = True
44.5368 	EXP 	fade_in_text: autoDraw = True
44.5535 	EXP 	fade_in_text: autoDraw = True
44.5702 	EXP 	fade_in_text: autoDraw = True
44.5869 	EXP 	fade_in_text: autoDraw = True
44.6036 	EXP 	fade_in_text: autoDraw = True
44.6202 	EXP 	fade_in_text: autoDraw = True
44.6369 	EXP 	fade_in_text: autoDraw = True
44.6535 	EXP 	fade_in_text: autoDraw = True
44.6702 	EXP 	fade_in_text: autoDraw = True
44.6869 	EXP 	fade_in_text: autoDraw = True
44.7037 	EXP 	fade_in_text: autoDraw = True
44.7202 	EXP 	fade_in_text: autoDraw = True
44.7369 	EXP 	fade_in_text: autoDraw = True
44.7536 	EXP 	fade_in_text: autoDraw = True
44.7702 	EXP 	fade_in_text: autoDraw = True
44.7869 	EXP 	fade_in_text: autoDraw = True
44.8036 	EXP 	fade_in_text: autoDraw = True
44.8202 	EXP 	fade_in_text: autoDraw = True
44.8369 	EXP 	fade_in_text: autoDraw = True
44.8536 	EXP 	fade_in_text: autoDraw = True
44.8702 	EXP 	fade_in_text: autoDraw = True
44.8869 	EXP 	fade_in_text: autoDraw = True
44.9035 	EXP 	fade_in_text: autoDraw = True
44.9202 	EXP 	fade_in_text: autoDraw = True
44.9369 	EXP 	fade_in_text: autoDraw = True
44.9536 	EXP 	fade_in_text: autoDraw = True
44.9702 	EXP 	fade_in_text: autoDraw = True
44.9869 	EXP 	fade_in_text: autoDraw = True
45.0036 	EXP 	fade_in_text: autoDraw = True
45.0202 	EXP 	fade_in_text: autoDraw = True
45.0369 	EXP 	fade_in_text: autoDraw = True
45.0536 	EXP 	fade_in_text: autoDraw = True
45.0702 	EXP 	fade_in_text: autoDraw = True
45.0870 	EXP 	fade_in_text: autoDraw = True
45.1035 	EXP 	fade_in_text: autoDraw = True
45.1202 	EXP 	fade_in_text: autoDraw = True
45.1369 	EXP 	fade_in_text: autoDraw = True
45.1536 	EXP 	fade_in_text: autoDraw = True
45.1702 	EXP 	fade_in_text: autoDraw = True
45.1870 	EXP 	fade_in_text: autoDraw = True
45.2035 	EXP 	fade_in_text: autoDraw = True
45.2203 	EXP 	fade_in_text: autoDraw = True
45.2369 	EXP 	fade_in_text: autoDraw = True
45.2536 	EXP 	fade_in_text: autoDraw = True
45.2703 	EXP 	fade_in_text: autoDraw = True
45.2870 	EXP 	fade_in_text: autoDraw = True
45.3036 	EXP 	fade_in_text: autoDraw = True
45.3203 	EXP 	fade_in_text: autoDraw = True
45.3369 	EXP 	fade_in_text: autoDraw = True
45.3536 	EXP 	fade_in_text: autoDraw = True
45.3703 	EXP 	fade_in_text: autoDraw = True
45.3870 	EXP 	fade_in_text: autoDraw = True
45.4036 	EXP 	fade_in_text: autoDraw = True
45.4203 	EXP 	fade_in_text: autoDraw = True
45.4369 	EXP 	fade_in_text: autoDraw = True
45.4536 	EXP 	fade_in_text: autoDraw = True
45.4703 	EXP 	fade_in_text: autoDraw = True
45.4868 	EXP 	fade_in_text: autoDraw = True
45.5036 	EXP 	fade_in_text: autoDraw = True
45.5203 	EXP 	fade_in_text: autoDraw = True
45.5369 	EXP 	fade_in_text: autoDraw = True
45.5536 	EXP 	fade_in_text: autoDraw = True
45.5703 	EXP 	fade_in_text: autoDraw = True
45.5869 	EXP 	fade_in_text: autoDraw = True
45.6035 	EXP 	fade_in_text: autoDraw = True
45.6203 	EXP 	fade_in_text: autoDraw = True
45.6369 	EXP 	fade_in_text: autoDraw = True
45.6536 	EXP 	fade_in_text: autoDraw = True
45.6703 	EXP 	fade_in_text: autoDraw = True
45.6869 	EXP 	fade_in_text: autoDraw = True
45.7036 	EXP 	fade_in_text: autoDraw = True
45.7203 	EXP 	fade_in_text: autoDraw = True
45.7369 	EXP 	fade_in_text: autoDraw = True
45.7536 	EXP 	fade_in_text: autoDraw = True
45.7704 	EXP 	fade_in_text: autoDraw = True
45.7869 	EXP 	fade_in_text: autoDraw = True
45.8036 	EXP 	fade_in_text: autoDraw = True
45.8203 	EXP 	fade_in_text: autoDraw = True
45.8370 	EXP 	fade_in_text: autoDraw = True
45.8536 	EXP 	fade_in_text: autoDraw = True
45.8704 	EXP 	fade_in_text: autoDraw = True
45.8869 	EXP 	fade_in_text: autoDraw = True
45.9036 	EXP 	fade_in_text: autoDraw = True
45.9203 	EXP 	fade_in_text: autoDraw = True
45.9370 	EXP 	fade_in_text: autoDraw = True
45.9536 	EXP 	fade_in_text: autoDraw = True
45.9704 	EXP 	fade_in_text: autoDraw = True
45.9869 	EXP 	fade_in_text: autoDraw = True
46.0036 	EXP 	fade_in_text: autoDraw = True
46.0203 	EXP 	fade_in_text: autoDraw = True
46.0370 	EXP 	fade_in_text: autoDraw = True
46.0537 	EXP 	fade_in_text: autoDraw = True
46.0702 	EXP 	fade_in_text: autoDraw = True
46.0869 	EXP 	fade_in_text: autoDraw = True
46.1036 	EXP 	fade_in_text: autoDraw = True
46.1204 	EXP 	fade_in_text: autoDraw = True
46.1370 	EXP 	fade_in_text: autoDraw = True
46.1537 	EXP 	fade_in_text: autoDraw = True
46.1702 	EXP 	fade_in_text: autoDraw = True
46.1869 	EXP 	fade_in_text: autoDraw = True
46.2036 	EXP 	fade_in_text: autoDraw = True
46.2203 	EXP 	fade_in_text: autoDraw = True
46.2370 	EXP 	fade_in_text: autoDraw = True
46.2537 	EXP 	fade_in_text: autoDraw = True
46.2702 	EXP 	fade_in_text: autoDraw = True
46.2869 	EXP 	fade_in_text: autoDraw = True
46.3037 	EXP 	fade_in_text: autoDraw = True
46.3203 	EXP 	fade_in_text: autoDraw = True
46.3370 	EXP 	fade_in_text: autoDraw = True
46.3538 	EXP 	fade_in_text: autoDraw = True
46.3702 	EXP 	fade_in_text: autoDraw = True
46.3870 	EXP 	fade_in_text: autoDraw = True
46.4037 	EXP 	fade_in_text: autoDraw = True
46.4203 	EXP 	fade_in_text: autoDraw = True
46.4370 	EXP 	fade_in_text: autoDraw = True
46.4538 	EXP 	fade_in_text: autoDraw = True
46.4702 	EXP 	fade_in_text: autoDraw = True
46.4870 	EXP 	fade_in_text: autoDraw = True
46.5037 	EXP 	fade_in_text: autoDraw = True
46.5203 	EXP 	fade_in_text: autoDraw = True
46.5370 	EXP 	fade_in_text: autoDraw = True
46.5538 	EXP 	fade_in_text: autoDraw = True
46.5702 	EXP 	fade_in_text: autoDraw = True
46.5870 	EXP 	fade_in_text: autoDraw = True
46.6037 	EXP 	fade_in_text: autoDraw = True
46.6203 	EXP 	fade_in_text: autoDraw = True
46.6370 	EXP 	fade_in_text: autoDraw = True
46.6536 	EXP 	fade_in_text: autoDraw = True
46.6702 	EXP 	fade_in_text: autoDraw = True
46.6870 	EXP 	fade_in_text: autoDraw = True
46.7037 	EXP 	fade_in_text: autoDraw = True
46.7203 	EXP 	fade_in_text: autoDraw = True
46.7370 	EXP 	fade_in_text: autoDraw = True
46.7536 	EXP 	fade_in_text: autoDraw = True
46.7703 	EXP 	fade_in_text: autoDraw = True
46.7870 	EXP 	fade_in_text: autoDraw = True
46.8037 	EXP 	fade_in_text: autoDraw = True
46.8203 	EXP 	fade_in_text: autoDraw = True
46.8370 	EXP 	fade_in_text: autoDraw = True
46.8536 	EXP 	fade_in_text: autoDraw = True
46.8703 	EXP 	fade_in_text: autoDraw = True
46.8870 	EXP 	fade_in_text: autoDraw = True
46.9037 	EXP 	fade_in_text: autoDraw = True
46.9203 	EXP 	fade_in_text: autoDraw = True
46.9371 	EXP 	fade_in_text: autoDraw = True
46.9536 	EXP 	fade_in_text: autoDraw = True
46.9703 	EXP 	fade_in_text: autoDraw = True
46.9870 	EXP 	fade_in_text: autoDraw = True
47.0037 	EXP 	fade_in_text: autoDraw = True
47.0203 	EXP 	fade_in_text: autoDraw = True
47.0371 	EXP 	fade_in_text: autoDraw = True
47.0536 	EXP 	fade_in_text: autoDraw = True
47.0703 	EXP 	fade_in_text: autoDraw = True
47.0870 	EXP 	fade_in_text: autoDraw = True
47.1037 	EXP 	fade_in_text: autoDraw = True
47.1204 	EXP 	fade_in_text: autoDraw = True
47.1372 	EXP 	fade_in_text: autoDraw = True
47.1536 	EXP 	fade_in_text: autoDraw = True
47.1703 	EXP 	fade_in_text: autoDraw = True
47.1870 	EXP 	fade_in_text: autoDraw = True
47.2037 	EXP 	fade_in_text: autoDraw = True
47.2204 	EXP 	fade_in_text: autoDraw = True
47.2370 	EXP 	fade_in_text: autoDraw = True
47.2536 	EXP 	fade_in_text: autoDraw = True
47.2704 	EXP 	fade_in_text: autoDraw = True
47.2870 	EXP 	fade_in_text: autoDraw = True
47.3038 	EXP 	fade_in_text: autoDraw = True
47.3204 	EXP 	fade_in_text: autoDraw = True
47.3370 	EXP 	fade_in_text: autoDraw = True
47.3536 	EXP 	fade_in_text: autoDraw = True
47.3704 	EXP 	fade_in_text: autoDraw = True
47.3870 	EXP 	fade_in_text: autoDraw = True
47.4037 	EXP 	fade_in_text: autoDraw = True
47.4204 	EXP 	fade_in_text: autoDraw = True
47.4370 	EXP 	fade_in_text: autoDraw = True
47.4536 	EXP 	fade_in_text: autoDraw = True
47.4704 	EXP 	fade_in_text: autoDraw = True
47.4870 	EXP 	fade_in_text: autoDraw = True
47.5037 	EXP 	fade_in_text: autoDraw = True
47.5205 	EXP 	fade_in_text: autoDraw = True
47.5370 	EXP 	fade_in_text: autoDraw = True
47.5537 	EXP 	fade_in_text: autoDraw = True
47.5704 	EXP 	fade_in_text: autoDraw = True
47.5870 	EXP 	fade_in_text: autoDraw = True
47.6037 	EXP 	fade_in_text: autoDraw = True
47.6205 	EXP 	fade_in_text: autoDraw = True
47.6370 	EXP 	fade_in_text: autoDraw = True
47.6537 	EXP 	fade_in_text: autoDraw = True
47.6704 	EXP 	fade_in_text: autoDraw = True
47.6870 	EXP 	fade_in_text: autoDraw = True
47.7037 	EXP 	fade_in_text: autoDraw = True
47.7205 	EXP 	fade_in_text: autoDraw = True
47.7371 	EXP 	fade_in_text: autoDraw = True
47.7537 	EXP 	fade_in_text: autoDraw = True
47.7704 	EXP 	fade_in_text: autoDraw = True
47.7871 	EXP 	fade_in_text: autoDraw = True
47.8037 	EXP 	fade_in_text: autoDraw = True
47.8204 	EXP 	fade_in_text: autoDraw = True
47.8371 	EXP 	fade_in_text: autoDraw = True
47.8537 	EXP 	fade_in_text: autoDraw = True
47.8704 	EXP 	fade_in_text: autoDraw = True
47.8871 	EXP 	fade_in_text: autoDraw = True
47.9037 	EXP 	fade_in_text: autoDraw = True
47.9203 	EXP 	fade_in_text: autoDraw = True
47.9371 	EXP 	fade_in_text: autoDraw = True
47.9537 	EXP 	fade_in_text: autoDraw = True
47.9704 	EXP 	fade_in_text: autoDraw = True
47.9871 	EXP 	fade_in_text: autoDraw = True
48.0037 	EXP 	fade_in_text: autoDraw = True
48.0204 	EXP 	fade_in_text: autoDraw = True
48.0371 	EXP 	fade_in_text: autoDraw = True
48.0537 	EXP 	fade_in_text: autoDraw = True
48.0704 	EXP 	fade_in_text: autoDraw = True
48.0871 	EXP 	fade_in_text: autoDraw = True
48.1039 	EXP 	fade_in_text: autoDraw = True
48.1204 	EXP 	fade_in_text: autoDraw = True
48.1371 	EXP 	fade_in_text: autoDraw = True
48.1537 	EXP 	fade_in_text: autoDraw = True
48.1704 	EXP 	fade_in_text: autoDraw = True
48.1871 	EXP 	fade_in_text: autoDraw = True
48.2038 	EXP 	fade_in_text: autoDraw = True
48.2205 	EXP 	fade_in_text: autoDraw = True
48.2371 	EXP 	fade_in_text: autoDraw = True
48.2538 	EXP 	fade_in_text: autoDraw = True
48.2704 	EXP 	fade_in_text: autoDraw = True
48.2871 	EXP 	fade_in_text: autoDraw = True
48.3039 	EXP 	fade_in_text: autoDraw = True
48.3204 	EXP 	fade_in_text: autoDraw = True
48.3371 	EXP 	fade_in_text: autoDraw = True
48.3537 	EXP 	fade_in_text: autoDraw = True
48.3704 	EXP 	fade_in_text: autoDraw = True
48.3871 	EXP 	fade_in_text: autoDraw = True
48.4037 	EXP 	fade_in_text: autoDraw = True
48.4204 	EXP 	fade_in_text: autoDraw = True
48.4371 	EXP 	fade_in_text: autoDraw = True
48.4538 	EXP 	fade_in_text: autoDraw = True
48.4704 	EXP 	fade_in_text: autoDraw = True
48.4871 	EXP 	fade_in_text: autoDraw = True
48.5037 	EXP 	fade_in_text: autoDraw = True
48.5204 	EXP 	fade_in_text: autoDraw = True
48.5371 	EXP 	fade_in_text: autoDraw = True
48.5538 	EXP 	fade_in_text: autoDraw = True
48.5704 	EXP 	fade_in_text: autoDraw = True
48.5871 	EXP 	fade_in_text: autoDraw = True
48.6037 	EXP 	fade_in_text: autoDraw = True
48.6204 	EXP 	fade_in_text: autoDraw = True
48.6371 	EXP 	fade_in_text: autoDraw = True
48.6538 	EXP 	fade_in_text: autoDraw = True
48.6704 	EXP 	fade_in_text: autoDraw = True
48.6871 	EXP 	fade_in_text: autoDraw = True
48.7037 	EXP 	fade_in_text: autoDraw = True
48.7204 	EXP 	fade_in_text: autoDraw = True
48.7371 	EXP 	fade_in_text: autoDraw = True
48.7538 	EXP 	fade_in_text: autoDraw = True
48.7704 	EXP 	fade_in_text: autoDraw = True
48.7872 	EXP 	fade_in_text: autoDraw = True
48.8037 	EXP 	fade_in_text: autoDraw = True
48.8204 	EXP 	fade_in_text: autoDraw = True
48.8371 	EXP 	fade_in_text: autoDraw = True
48.8538 	EXP 	fade_in_text: autoDraw = True
48.8704 	EXP 	fade_in_text: autoDraw = True
48.8872 	EXP 	fade_in_text: autoDraw = True
48.9037 	EXP 	fade_in_text: autoDraw = True
48.9204 	EXP 	fade_in_text: autoDraw = True
48.9371 	EXP 	fade_in_text: autoDraw = True
48.9538 	EXP 	fade_in_text: autoDraw = True
48.9704 	EXP 	fade_in_text: autoDraw = True
48.9873 	EXP 	fade_in_text: autoDraw = True
49.0037 	EXP 	fade_in_text: autoDraw = True
49.0205 	EXP 	fade_in_text: autoDraw = True
49.0371 	EXP 	fade_in_text: autoDraw = True
49.0538 	EXP 	fade_in_text: autoDraw = True
49.0704 	EXP 	fade_in_text: autoDraw = True
49.0870 	EXP 	fade_in_text: autoDraw = True
49.1037 	EXP 	fade_in_text: autoDraw = True
49.1205 	EXP 	fade_in_text: autoDraw = True
49.1371 	EXP 	fade_in_text: autoDraw = True
49.1538 	EXP 	fade_in_text: autoDraw = True
49.1705 	EXP 	fade_in_text: autoDraw = True
49.1870 	EXP 	fade_in_text: autoDraw = True
49.2037 	EXP 	fade_in_text: autoDraw = True
49.2204 	EXP 	fade_in_text: autoDraw = True
49.2371 	EXP 	fade_in_text: autoDraw = True
49.2538 	EXP 	fade_in_text: autoDraw = True
49.2704 	EXP 	fade_in_text: autoDraw = True
49.2870 	EXP 	fade_in_text: autoDraw = True
49.3037 	EXP 	fade_in_text: autoDraw = True
49.3205 	EXP 	fade_in_text: autoDraw = True
49.3372 	EXP 	fade_in_text: autoDraw = True
49.3538 	EXP 	fade_in_text: autoDraw = True
49.3706 	EXP 	fade_in_text: autoDraw = True
49.3871 	EXP 	fade_in_text: autoDraw = True
49.4038 	EXP 	fade_in_text: autoDraw = True
49.4205 	EXP 	fade_in_text: autoDraw = True
49.4372 	EXP 	fade_in_text: autoDraw = True
49.4538 	EXP 	fade_in_text: autoDraw = True
49.4706 	EXP 	fade_in_text: autoDraw = True
49.4871 	EXP 	fade_in_text: autoDraw = True
49.5038 	EXP 	fade_in_text: autoDraw = True
49.5205 	EXP 	fade_in_text: autoDraw = True
49.5371 	EXP 	fade_in_text: autoDraw = True
49.5538 	EXP 	fade_in_text: autoDraw = True
49.5706 	EXP 	fade_in_text: autoDraw = True
49.5871 	EXP 	fade_in_text: autoDraw = True
49.6038 	EXP 	fade_in_text: autoDraw = True
49.6205 	EXP 	fade_in_text: autoDraw = True
49.6372 	EXP 	fade_in_text: autoDraw = True
49.6538 	EXP 	fade_in_text: autoDraw = True
49.6704 	EXP 	fade_in_text: autoDraw = True
49.6871 	EXP 	fade_in_text: autoDraw = True
49.7038 	EXP 	fade_in_text: autoDraw = True
49.7205 	EXP 	fade_in_text: autoDraw = True
49.7372 	EXP 	fade_in_text: autoDraw = True
49.7538 	EXP 	fade_in_text: autoDraw = True
49.7704 	EXP 	fade_in_text: autoDraw = True
49.7871 	EXP 	fade_in_text: autoDraw = True
49.8038 	EXP 	fade_in_text: autoDraw = True
49.8205 	EXP 	fade_in_text: autoDraw = True
49.8372 	EXP 	fade_in_text: autoDraw = True
49.8538 	EXP 	fade_in_text: autoDraw = True
49.8704 	EXP 	fade_in_text: autoDraw = True
49.8871 	EXP 	fade_in_text: autoDraw = True
49.9038 	EXP 	fade_in_text: autoDraw = True
49.9205 	EXP 	fade_in_text: autoDraw = True
49.9372 	EXP 	fade_in_text: autoDraw = True
49.9540 	EXP 	fade_in_text: autoDraw = True
49.9704 	EXP 	fade_in_text: autoDraw = True
49.9871 	EXP 	fade_in_text: autoDraw = True
50.0038 	EXP 	fade_in_text: autoDraw = True
50.0205 	EXP 	fade_in_text: autoDraw = True
50.0372 	EXP 	fade_in_text: autoDraw = True
50.0540 	EXP 	fade_in_text: autoDraw = True
50.0704 	EXP 	fade_in_text: autoDraw = True
50.0872 	EXP 	fade_in_text: autoDraw = True
50.1038 	EXP 	fade_in_text: autoDraw = True
50.1205 	EXP 	fade_in_text: autoDraw = True
50.1372 	EXP 	fade_in_text: autoDraw = True
50.1539 	EXP 	fade_in_text: autoDraw = True
50.1704 	EXP 	fade_in_text: autoDraw = True
50.1872 	EXP 	fade_in_text: autoDraw = True
50.2038 	EXP 	fade_in_text: autoDraw = True
50.2205 	EXP 	fade_in_text: autoDraw = True
50.2372 	EXP 	fade_in_text: autoDraw = True
50.2540 	EXP 	fade_in_text: autoDraw = True
50.2704 	EXP 	fade_in_text: autoDraw = True
50.2872 	EXP 	fade_in_text: autoDraw = True
50.3039 	EXP 	fade_in_text: autoDraw = True
50.3205 	EXP 	fade_in_text: autoDraw = True
50.3372 	EXP 	fade_in_text: autoDraw = True
50.3538 	EXP 	fade_in_text: autoDraw = True
50.3705 	EXP 	fade_in_text: autoDraw = True
50.3872 	EXP 	fade_in_text: autoDraw = True
50.4039 	EXP 	fade_in_text: autoDraw = True
50.4205 	EXP 	fade_in_text: autoDraw = True
50.4372 	EXP 	fade_in_text: autoDraw = True
50.4539 	EXP 	fade_in_text: autoDraw = True
50.4704 	EXP 	fade_in_text: autoDraw = True
50.4872 	EXP 	fade_in_text: autoDraw = True
50.5039 	EXP 	fade_in_text: autoDraw = True
50.5205 	EXP 	fade_in_text: autoDraw = True
50.5372 	EXP 	fade_in_text: autoDraw = True
50.5539 	EXP 	fade_in_text: autoDraw = True
50.5705 	EXP 	fade_in_text: autoDraw = True
50.5872 	EXP 	fade_in_text: autoDraw = True
50.6039 	EXP 	fade_in_text: autoDraw = True
50.6205 	EXP 	fade_in_text: autoDraw = True
50.6373 	EXP 	fade_in_text: autoDraw = True
50.6539 	EXP 	fade_in_text: autoDraw = True
50.6705 	EXP 	fade_in_text: autoDraw = True
50.6872 	EXP 	fade_in_text: autoDraw = True
50.7039 	EXP 	fade_in_text: autoDraw = True
50.7205 	EXP 	fade_in_text: autoDraw = True
50.7373 	EXP 	fade_in_text: autoDraw = True
50.7539 	EXP 	fade_in_text: autoDraw = True
50.7705 	EXP 	fade_in_text: autoDraw = True
50.7872 	EXP 	fade_in_text: autoDraw = True
50.8039 	EXP 	fade_in_text: autoDraw = True
50.8205 	EXP 	fade_in_text: autoDraw = True
50.8374 	EXP 	fade_in_text: autoDraw = True
50.8539 	EXP 	fade_in_text: autoDraw = True
50.8705 	EXP 	fade_in_text: autoDraw = True
50.8872 	EXP 	fade_in_text: autoDraw = True
50.9039 	EXP 	fade_in_text: autoDraw = True
50.9205 	EXP 	fade_in_text: autoDraw = True
50.9371 	EXP 	fade_in_text: autoDraw = True
50.9539 	EXP 	fade_in_text: autoDraw = True
50.9706 	EXP 	fade_in_text: autoDraw = True
50.9872 	EXP 	fade_in_text: autoDraw = True
51.0039 	EXP 	fade_in_text: autoDraw = True
51.0206 	EXP 	fade_in_text: autoDraw = True
51.0372 	EXP 	fade_in_text: autoDraw = True
51.0539 	EXP 	fade_in_text: autoDraw = True
51.0706 	EXP 	fade_in_text: autoDraw = True
51.0872 	EXP 	fade_in_text: autoDraw = True
51.1039 	EXP 	fade_in_text: autoDraw = True
51.1206 	EXP 	fade_in_text: autoDraw = True
51.1371 	EXP 	fade_in_text: autoDraw = True
51.1539 	EXP 	fade_in_text: autoDraw = True
51.1706 	EXP 	fade_in_text: autoDraw = True
51.1872 	EXP 	fade_in_text: autoDraw = True
51.2039 	EXP 	fade_in_text: autoDraw = True
51.2207 	EXP 	fade_in_text: autoDraw = True
51.2373 	EXP 	fade_in_text: autoDraw = True
51.2539 	EXP 	fade_in_text: autoDraw = True
51.2706 	EXP 	fade_in_text: autoDraw = True
51.2872 	EXP 	fade_in_text: autoDraw = True
51.3039 	EXP 	fade_in_text: autoDraw = True
51.3207 	EXP 	fade_in_text: autoDraw = True
51.3372 	EXP 	fade_in_text: autoDraw = True
51.3539 	EXP 	fade_in_text: autoDraw = True
51.3706 	EXP 	fade_in_text: autoDraw = True
51.3872 	EXP 	fade_in_text: autoDraw = True
51.4039 	EXP 	fade_in_text: autoDraw = True
51.4207 	EXP 	fade_in_text: autoDraw = True
51.4373 	EXP 	fade_in_text: autoDraw = True
51.4539 	EXP 	fade_in_text: autoDraw = True
51.4706 	EXP 	fade_in_text: autoDraw = True
51.4873 	EXP 	fade_in_text: autoDraw = True
51.5039 	EXP 	fade_in_text: autoDraw = True
51.5205 	EXP 	fade_in_text: autoDraw = True
51.5372 	EXP 	fade_in_text: autoDraw = True
51.5539 	EXP 	fade_in_text: autoDraw = True
51.5706 	EXP 	fade_in_text: autoDraw = True
51.5873 	EXP 	fade_in_text: autoDraw = True
51.6039 	EXP 	fade_in_text: autoDraw = True
51.6205 	EXP 	fade_in_text: autoDraw = True
51.6374 	EXP 	fade_in_text: autoDraw = True
51.6539 	EXP 	fade_in_text: autoDraw = True
51.6706 	EXP 	fade_in_text: autoDraw = True
51.6873 	EXP 	fade_in_text: autoDraw = True
51.7039 	EXP 	fade_in_text: autoDraw = True
51.7205 	EXP 	fade_in_text: autoDraw = True
51.7372 	EXP 	fade_in_text: autoDraw = True
51.7539 	EXP 	fade_in_text: autoDraw = True
51.7706 	EXP 	fade_in_text: autoDraw = True
51.7873 	EXP 	fade_in_text: autoDraw = True
51.8040 	EXP 	fade_in_text: autoDraw = True
51.8205 	EXP 	fade_in_text: autoDraw = True
51.8373 	EXP 	fade_in_text: autoDraw = True
51.8540 	EXP 	fade_in_text: autoDraw = True
51.8706 	EXP 	fade_in_text: autoDraw = True
51.8873 	EXP 	fade_in_text: autoDraw = True
51.9041 	EXP 	fade_in_text: autoDraw = True
51.9205 	EXP 	fade_in_text: autoDraw = True
51.9373 	EXP 	fade_in_text: autoDraw = True
51.9539 	EXP 	fade_in_text: autoDraw = True
51.9706 	EXP 	fade_in_text: autoDraw = True
51.9873 	EXP 	fade_in_text: autoDraw = True
52.0040 	EXP 	fade_in_text: autoDraw = True
52.0205 	EXP 	fade_in_text: autoDraw = True
52.0373 	EXP 	fade_in_text: autoDraw = True
52.0539 	EXP 	fade_in_text: autoDraw = True
52.0706 	EXP 	fade_in_text: autoDraw = True
52.0873 	EXP 	fade_in_text: autoDraw = True
52.1041 	EXP 	fade_in_text: autoDraw = True
52.1205 	EXP 	fade_in_text: autoDraw = True
52.1373 	EXP 	fade_in_text: autoDraw = True
52.1540 	EXP 	fade_in_text: autoDraw = True
52.1706 	EXP 	fade_in_text: autoDraw = True
52.1873 	EXP 	fade_in_text: autoDraw = True
52.2039 	EXP 	fade_in_text: autoDraw = True
52.2205 	EXP 	fade_in_text: autoDraw = True
52.2373 	EXP 	fade_in_text: autoDraw = True
52.2540 	EXP 	fade_in_text: autoDraw = True
52.2706 	EXP 	fade_in_text: autoDraw = True
52.2873 	EXP 	fade_in_text: autoDraw = True
52.3039 	EXP 	fade_in_text: autoDraw = True
52.3205 	EXP 	fade_in_text: autoDraw = True
52.3373 	EXP 	fade_in_text: autoDraw = True
52.3540 	EXP 	fade_in_text: autoDraw = True
52.3706 	EXP 	fade_in_text: autoDraw = True
52.3873 	EXP 	fade_in_text: autoDraw = True
52.4039 	EXP 	fade_in_text: autoDraw = True
52.4206 	EXP 	fade_in_text: autoDraw = True
52.4373 	EXP 	fade_in_text: autoDraw = True
52.4540 	EXP 	fade_in_text: autoDraw = True
52.4706 	EXP 	fade_in_text: autoDraw = True
52.4874 	EXP 	fade_in_text: autoDraw = True
52.5039 	EXP 	fade_in_text: autoDraw = True
52.5206 	EXP 	fade_in_text: autoDraw = True
52.5373 	EXP 	fade_in_text: autoDraw = True
52.5541 	EXP 	fade_in_text: autoDraw = True
52.5706 	EXP 	fade_in_text: autoDraw = True
52.5874 	EXP 	fade_in_text: autoDraw = True
52.6039 	EXP 	fade_in_text: autoDraw = True
52.6206 	EXP 	fade_in_text: autoDraw = True
52.6373 	EXP 	fade_in_text: autoDraw = True
52.6540 	EXP 	fade_in_text: autoDraw = True
52.6706 	EXP 	fade_in_text: autoDraw = True
52.6875 	EXP 	fade_in_text: autoDraw = True
52.7039 	EXP 	fade_in_text: autoDraw = True
52.7206 	EXP 	fade_in_text: autoDraw = True
52.7373 	EXP 	fade_in_text: autoDraw = True
52.7540 	EXP 	fade_in_text: autoDraw = True
52.7707 	EXP 	fade_in_text: autoDraw = True
52.7872 	EXP 	fade_in_text: autoDraw = True
52.8039 	EXP 	fade_in_text: autoDraw = True
52.8207 	EXP 	fade_in_text: autoDraw = True
52.8373 	EXP 	fade_in_text: autoDraw = True
52.8540 	EXP 	fade_in_text: autoDraw = True
52.8707 	EXP 	fade_in_text: autoDraw = True
52.8872 	EXP 	fade_in_text: autoDraw = True
52.9039 	EXP 	fade_in_text: autoDraw = True
52.9207 	EXP 	fade_in_text: autoDraw = True
52.9373 	EXP 	fade_in_text: autoDraw = True
52.9540 	EXP 	fade_in_text: autoDraw = True
52.9707 	EXP 	fade_in_text: autoDraw = True
52.9872 	EXP 	fade_in_text: autoDraw = True
53.0039 	EXP 	fade_in_text: autoDraw = True
53.0207 	EXP 	fade_in_text: autoDraw = True
53.0373 	EXP 	fade_in_text: autoDraw = True
53.0540 	EXP 	fade_in_text: autoDraw = True
53.0708 	EXP 	fade_in_text: autoDraw = True
53.0873 	EXP 	fade_in_text: autoDraw = True
53.1040 	EXP 	fade_in_text: autoDraw = True
53.1207 	EXP 	fade_in_text: autoDraw = True
53.1373 	EXP 	fade_in_text: autoDraw = True
53.1540 	EXP 	fade_in_text: autoDraw = True
53.1708 	EXP 	fade_in_text: autoDraw = True
53.1873 	EXP 	fade_in_text: autoDraw = True
53.2040 	EXP 	fade_in_text: autoDraw = True
53.2207 	EXP 	fade_in_text: autoDraw = True
53.2373 	EXP 	fade_in_text: autoDraw = True
53.2540 	EXP 	fade_in_text: autoDraw = True
53.2708 	EXP 	fade_in_text: autoDraw = True
53.2873 	EXP 	fade_in_text: autoDraw = True
53.3040 	EXP 	fade_in_text: autoDraw = True
53.3207 	EXP 	fade_in_text: autoDraw = True
53.3374 	EXP 	fade_in_text: autoDraw = True
53.3540 	EXP 	fade_in_text: autoDraw = True
53.3707 	EXP 	fade_in_text: autoDraw = True
53.3873 	EXP 	fade_in_text: autoDraw = True
53.4040 	EXP 	fade_in_text: autoDraw = True
53.4207 	EXP 	fade_in_text: autoDraw = True
53.4374 	EXP 	fade_in_text: autoDraw = True
53.4540 	EXP 	fade_in_text: autoDraw = True
53.4707 	EXP 	fade_in_text: autoDraw = True
53.4873 	EXP 	fade_in_text: autoDraw = True
53.5040 	EXP 	fade_in_text: autoDraw = True
53.5207 	EXP 	fade_in_text: autoDraw = True
53.5374 	EXP 	fade_in_text: autoDraw = True
53.5540 	EXP 	fade_in_text: autoDraw = True
53.5707 	EXP 	fade_in_text: autoDraw = True
53.5873 	EXP 	fade_in_text: autoDraw = True
53.6040 	EXP 	fade_in_text: autoDraw = True
53.6207 	EXP 	fade_in_text: autoDraw = True
53.6374 	EXP 	fade_in_text: autoDraw = True
53.6542 	EXP 	fade_in_text: autoDraw = True
53.6707 	EXP 	fade_in_text: autoDraw = True
53.6874 	EXP 	fade_in_text: autoDraw = True
53.7040 	EXP 	fade_in_text: autoDraw = True
53.7207 	EXP 	fade_in_text: autoDraw = True
53.7374 	EXP 	fade_in_text: autoDraw = True
53.7542 	EXP 	fade_in_text: autoDraw = True
53.7707 	EXP 	fade_in_text: autoDraw = True
53.7874 	EXP 	fade_in_text: autoDraw = True
53.8040 	EXP 	fade_in_text: autoDraw = True
53.8207 	EXP 	fade_in_text: autoDraw = True
53.8374 	EXP 	fade_in_text: autoDraw = True
53.8542 	EXP 	fade_in_text: autoDraw = True
53.8707 	EXP 	fade_in_text: autoDraw = True
53.8874 	EXP 	fade_in_text: autoDraw = True
53.9040 	EXP 	fade_in_text: autoDraw = True
53.9207 	EXP 	fade_in_text: autoDraw = True
53.9374 	EXP 	fade_in_text: autoDraw = True
53.9540 	EXP 	fade_in_text: autoDraw = True
53.9707 	EXP 	fade_in_text: autoDraw = True
53.9874 	EXP 	fade_in_text: autoDraw = True
54.0041 	EXP 	fade_in_text: autoDraw = True
54.0207 	EXP 	fade_in_text: autoDraw = True
54.0374 	EXP 	fade_in_text: autoDraw = True
54.0542 	EXP 	fade_in_text: autoDraw = True
54.0707 	EXP 	fade_in_text: autoDraw = True
54.0874 	EXP 	fade_in_text: autoDraw = True
54.1041 	EXP 	fade_in_text: autoDraw = True
54.1207 	EXP 	fade_in_text: autoDraw = True
54.1374 	EXP 	fade_in_text: autoDraw = True
54.1540 	EXP 	fade_in_text: autoDraw = True
54.1707 	EXP 	fade_in_text: autoDraw = True
54.1874 	EXP 	fade_in_text: autoDraw = True
54.2041 	EXP 	fade_in_text: autoDraw = True
54.2207 	EXP 	fade_in_text: autoDraw = True
54.2376 	EXP 	fade_in_text: autoDraw = True
54.2541 	EXP 	fade_in_text: autoDraw = True
54.2707 	EXP 	fade_in_text: autoDraw = True
54.2874 	EXP 	fade_in_text: autoDraw = True
54.3041 	EXP 	fade_in_text: autoDraw = True
54.3207 	EXP 	fade_in_text: autoDraw = True
54.3376 	EXP 	fade_in_text: autoDraw = True
54.3540 	EXP 	fade_in_text: autoDraw = True
54.3707 	EXP 	fade_in_text: autoDraw = True
54.3874 	EXP 	fade_in_text: autoDraw = True
54.4041 	EXP 	fade_in_text: autoDraw = True
54.4207 	EXP 	fade_in_text: autoDraw = True
54.4375 	EXP 	fade_in_text: autoDraw = True
54.4541 	EXP 	fade_in_text: autoDraw = True
54.4708 	EXP 	fade_in_text: autoDraw = True
54.4874 	EXP 	fade_in_text: autoDraw = True
54.5041 	EXP 	fade_in_text: autoDraw = True
54.5207 	EXP 	fade_in_text: autoDraw = True
54.5375 	EXP 	fade_in_text: autoDraw = True
54.5540 	EXP 	fade_in_text: autoDraw = True
54.5708 	EXP 	fade_in_text: autoDraw = True
54.5874 	EXP 	fade_in_text: autoDraw = True
54.6041 	EXP 	fade_in_text: autoDraw = True
54.6207 	EXP 	fade_in_text: autoDraw = True
54.6373 	EXP 	fade_in_text: autoDraw = True
54.6541 	EXP 	fade_in_text: autoDraw = True
54.6708 	EXP 	fade_in_text: autoDraw = True
54.6874 	EXP 	fade_in_text: autoDraw = True
54.7041 	EXP 	fade_in_text: autoDraw = True
54.7208 	EXP 	fade_in_text: autoDraw = True
54.7373 	EXP 	fade_in_text: autoDraw = True
54.7540 	EXP 	fade_in_text: autoDraw = True
54.7708 	EXP 	fade_in_text: autoDraw = True
54.7874 	EXP 	fade_in_text: autoDraw = True
54.8041 	EXP 	fade_in_text: autoDraw = True
54.8208 	EXP 	fade_in_text: autoDraw = True
54.8373 	EXP 	fade_in_text: autoDraw = True
54.8541 	EXP 	fade_in_text: autoDraw = True
54.8708 	EXP 	fade_in_text: autoDraw = True
54.8874 	EXP 	fade_in_text: autoDraw = True
54.9041 	EXP 	fade_in_text: autoDraw = True
54.9209 	EXP 	fade_in_text: autoDraw = True
54.9373 	EXP 	fade_in_text: autoDraw = True
54.9541 	EXP 	fade_in_text: autoDraw = True
54.9708 	EXP 	fade_in_text: autoDraw = True
54.9874 	EXP 	fade_in_text: autoDraw = True
55.0041 	EXP 	fade_in_text: autoDraw = True
55.0209 	EXP 	fade_in_text: autoDraw = True
55.0373 	EXP 	fade_in_text: autoDraw = True
55.0541 	EXP 	fade_in_text: autoDraw = True
55.0708 	EXP 	fade_in_text: autoDraw = True
55.0874 	EXP 	fade_in_text: autoDraw = True
55.1041 	EXP 	fade_in_text: autoDraw = True
55.1208 	EXP 	fade_in_text: autoDraw = True
55.1374 	EXP 	fade_in_text: autoDraw = True
55.1541 	EXP 	fade_in_text: autoDraw = True
55.1708 	EXP 	fade_in_text: autoDraw = True
55.1874 	EXP 	fade_in_text: autoDraw = True
55.2041 	EXP 	fade_in_text: autoDraw = True
55.2210 	EXP 	fade_in_text: autoDraw = True
55.2374 	EXP 	fade_in_text: autoDraw = True
55.2541 	EXP 	fade_in_text: autoDraw = True
55.2708 	EXP 	fade_in_text: autoDraw = True
55.2874 	EXP 	fade_in_text: autoDraw = True
55.3041 	EXP 	fade_in_text: autoDraw = True
55.3207 	EXP 	fade_in_text: autoDraw = True
55.3374 	EXP 	fade_in_text: autoDraw = True
55.3541 	EXP 	fade_in_text: autoDraw = True
55.3708 	EXP 	fade_in_text: autoDraw = True
55.3875 	EXP 	fade_in_text: autoDraw = True
55.4041 	EXP 	fade_in_text: autoDraw = True
55.4207 	EXP 	fade_in_text: autoDraw = True
55.4374 	EXP 	fade_in_text: autoDraw = True
55.4541 	EXP 	fade_in_text: autoDraw = True
55.4708 	EXP 	fade_in_text: autoDraw = True
55.4875 	EXP 	fade_in_text: autoDraw = True
55.5041 	EXP 	fade_in_text: autoDraw = True
55.5207 	EXP 	fade_in_text: autoDraw = True
55.5374 	EXP 	fade_in_text: autoDraw = True
55.5541 	EXP 	fade_in_text: autoDraw = True
55.5708 	EXP 	fade_in_text: autoDraw = True
55.5875 	EXP 	fade_in_text: autoDraw = True
55.6041 	EXP 	fade_in_text: autoDraw = True
55.6207 	EXP 	fade_in_text: autoDraw = True
55.6375 	EXP 	fade_in_text: autoDraw = True
55.6541 	EXP 	fade_in_text: autoDraw = True
55.6708 	EXP 	fade_in_text: autoDraw = True
55.6875 	EXP 	fade_in_text: autoDraw = True
55.7043 	EXP 	fade_in_text: autoDraw = True
55.7207 	EXP 	fade_in_text: autoDraw = True
55.7375 	EXP 	fade_in_text: autoDraw = True
55.7541 	EXP 	fade_in_text: autoDraw = True
55.7708 	EXP 	fade_in_text: autoDraw = True
55.7875 	EXP 	fade_in_text: autoDraw = True
55.8042 	EXP 	fade_in_text: autoDraw = True
55.8207 	EXP 	fade_in_text: autoDraw = True
55.8375 	EXP 	fade_in_text: autoDraw = True
55.8541 	EXP 	fade_in_text: autoDraw = True
55.8708 	EXP 	fade_in_text: autoDraw = True
55.8875 	EXP 	fade_in_text: autoDraw = True
55.9043 	EXP 	fade_in_text: autoDraw = True
55.9207 	EXP 	fade_in_text: autoDraw = True
55.9375 	EXP 	fade_in_text: autoDraw = True
55.9542 	EXP 	fade_in_text: autoDraw = True
55.9709 	EXP 	fade_in_text: autoDraw = True
55.9875 	EXP 	fade_in_text: autoDraw = True
56.0041 	EXP 	fade_in_text: autoDraw = True
56.0207 	EXP 	fade_in_text: autoDraw = True
56.0375 	EXP 	fade_in_text: autoDraw = True
56.0542 	EXP 	fade_in_text: autoDraw = True
56.0708 	EXP 	fade_in_text: autoDraw = True
56.0875 	EXP 	fade_in_text: autoDraw = True
56.1041 	EXP 	fade_in_text: autoDraw = True
56.1207 	EXP 	fade_in_text: autoDraw = True
56.1375 	EXP 	fade_in_text: autoDraw = True
56.1541 	EXP 	fade_in_text: autoDraw = True
56.1708 	EXP 	fade_in_text: autoDraw = True
56.1875 	EXP 	fade_in_text: autoDraw = True
56.2041 	EXP 	fade_in_text: autoDraw = True
56.2207 	EXP 	fade_in_text: autoDraw = True
56.2375 	EXP 	fade_in_text: autoDraw = True
56.2541 	EXP 	fade_in_text: autoDraw = True
56.2708 	EXP 	fade_in_text: autoDraw = True
56.2876 	EXP 	fade_in_text: autoDraw = True
56.3041 	EXP 	fade_in_text: autoDraw = True
56.3208 	EXP 	fade_in_text: autoDraw = True
56.3375 	EXP 	fade_in_text: autoDraw = True
56.3542 	EXP 	fade_in_text: autoDraw = True
56.3708 	EXP 	fade_in_text: autoDraw = True
56.3876 	EXP 	fade_in_text: autoDraw = True
56.4041 	EXP 	fade_in_text: autoDraw = True
56.4208 	EXP 	fade_in_text: autoDraw = True
56.4375 	EXP 	fade_in_text: autoDraw = True
56.4542 	EXP 	fade_in_text: autoDraw = True
56.4708 	EXP 	fade_in_text: autoDraw = True
56.4876 	EXP 	fade_in_text: autoDraw = True
56.5041 	EXP 	fade_in_text: autoDraw = True
56.5208 	EXP 	fade_in_text: autoDraw = True
56.5375 	EXP 	fade_in_text: autoDraw = True
56.5542 	EXP 	fade_in_text: autoDraw = True
56.5708 	EXP 	fade_in_text: autoDraw = True
56.5875 	EXP 	fade_in_text: autoDraw = True
56.6041 	EXP 	fade_in_text: autoDraw = True
56.6208 	EXP 	fade_in_text: autoDraw = True
56.6375 	EXP 	fade_in_text: autoDraw = True
56.6542 	EXP 	fade_in_text: autoDraw = True
56.6708 	EXP 	fade_in_text: autoDraw = True
56.6875 	EXP 	fade_in_text: autoDraw = True
56.7041 	EXP 	fade_in_text: autoDraw = True
56.7208 	EXP 	fade_in_text: autoDraw = True
56.7375 	EXP 	fade_in_text: autoDraw = True
56.7542 	EXP 	fade_in_text: autoDraw = True
56.7708 	EXP 	fade_in_text: autoDraw = True
56.7875 	EXP 	fade_in_text: autoDraw = True
56.8041 	EXP 	fade_in_text: autoDraw = True
56.8208 	EXP 	fade_in_text: autoDraw = True
56.8375 	EXP 	fade_in_text: autoDraw = True
56.8542 	EXP 	fade_in_text: autoDraw = True
56.8710 	EXP 	fade_in_text: autoDraw = True
56.8875 	EXP 	fade_in_text: autoDraw = True
56.9042 	EXP 	fade_in_text: autoDraw = True
56.9209 	EXP 	fade_in_text: autoDraw = True
56.9375 	EXP 	fade_in_text: autoDraw = True
56.9542 	EXP 	fade_in_text: autoDraw = True
56.9710 	EXP 	fade_in_text: autoDraw = True
56.9875 	EXP 	fade_in_text: autoDraw = True
57.0042 	EXP 	fade_in_text: autoDraw = True
57.0209 	EXP 	fade_in_text: autoDraw = True
57.0375 	EXP 	fade_in_text: autoDraw = True
57.0542 	EXP 	fade_in_text: autoDraw = True
57.0710 	EXP 	fade_in_text: autoDraw = True
57.0875 	EXP 	fade_in_text: autoDraw = True
57.1042 	EXP 	fade_in_text: autoDraw = True
57.1209 	EXP 	fade_in_text: autoDraw = True
57.1375 	EXP 	fade_in_text: autoDraw = True
57.1542 	EXP 	fade_in_text: autoDraw = True
57.1708 	EXP 	fade_in_text: autoDraw = True
57.1875 	EXP 	fade_in_text: autoDraw = True
57.2042 	EXP 	fade_in_text: autoDraw = True
57.2209 	EXP 	fade_in_text: autoDraw = True
57.2375 	EXP 	fade_in_text: autoDraw = True
57.2542 	EXP 	fade_in_text: autoDraw = True
57.2709 	EXP 	fade_in_text: autoDraw = True
57.2876 	EXP 	fade_in_text: autoDraw = True
57.3042 	EXP 	fade_in_text: autoDraw = True
57.3209 	EXP 	fade_in_text: autoDraw = True
57.3375 	EXP 	fade_in_text: autoDraw = True
57.3542 	EXP 	fade_in_text: autoDraw = True
57.3708 	EXP 	fade_in_text: autoDraw = True
57.3875 	EXP 	fade_in_text: autoDraw = True
57.4042 	EXP 	fade_in_text: autoDraw = True
57.4209 	EXP 	fade_in_text: autoDraw = True
57.4375 	EXP 	fade_in_text: autoDraw = True
57.4543 	EXP 	fade_in_text: autoDraw = True
57.4710 	EXP 	fade_in_text: autoDraw = True
57.4876 	EXP 	fade_in_text: autoDraw = True
57.5042 	EXP 	fade_in_text: autoDraw = True
57.5209 	EXP 	fade_in_text: autoDraw = True
57.5376 	EXP 	fade_in_text: autoDraw = True
57.5543 	EXP 	fade_in_text: autoDraw = True
57.5710 	EXP 	fade_in_text: autoDraw = True
57.5876 	EXP 	fade_in_text: autoDraw = True
57.6042 	EXP 	fade_in_text: autoDraw = True
57.6209 	EXP 	fade_in_text: autoDraw = True
57.6375 	EXP 	fade_in_text: autoDraw = True
57.6543 	EXP 	fade_in_text: autoDraw = True
57.6710 	EXP 	fade_in_text: autoDraw = True
57.6876 	EXP 	fade_in_text: autoDraw = True
57.7042 	EXP 	fade_in_text: autoDraw = True
57.7209 	EXP 	fade_in_text: autoDraw = True
57.7376 	EXP 	fade_in_text: autoDraw = True
57.7543 	EXP 	fade_in_text: autoDraw = True
57.7708 	EXP 	fade_in_text: autoDraw = True
57.7876 	EXP 	fade_in_text: autoDraw = True
57.8042 	EXP 	fade_in_text: autoDraw = True
57.8209 	EXP 	fade_in_text: autoDraw = True
57.8376 	EXP 	fade_in_text: autoDraw = True
57.8541 	EXP 	fade_in_text: autoDraw = True
57.8709 	EXP 	fade_in_text: autoDraw = True
57.8876 	EXP 	fade_in_text: autoDraw = True
57.9042 	EXP 	fade_in_text: autoDraw = True
57.9209 	EXP 	fade_in_text: autoDraw = True
57.9376 	EXP 	fade_in_text: autoDraw = True
57.9542 	EXP 	fade_in_text: autoDraw = True
57.9708 	EXP 	fade_in_text: autoDraw = True
57.9877 	EXP 	fade_in_text: autoDraw = True
58.0043 	EXP 	fade_in_text: autoDraw = True
58.0209 	EXP 	fade_in_text: autoDraw = True
58.0376 	EXP 	fade_in_text: autoDraw = True
58.0542 	EXP 	fade_in_text: autoDraw = True
58.0710 	EXP 	fade_in_text: autoDraw = True
58.0876 	EXP 	fade_in_text: autoDraw = True
58.1042 	EXP 	fade_in_text: autoDraw = True
58.1209 	EXP 	fade_in_text: autoDraw = True
58.1377 	EXP 	fade_in_text: autoDraw = True
58.1542 	EXP 	fade_in_text: autoDraw = True
58.1709 	EXP 	fade_in_text: autoDraw = True
58.1876 	EXP 	fade_in_text: autoDraw = True
58.2042 	EXP 	fade_in_text: autoDraw = True
58.2209 	EXP 	fade_in_text: autoDraw = True
58.2377 	EXP 	fade_in_text: autoDraw = True
58.2542 	EXP 	fade_in_text: autoDraw = True
58.2709 	EXP 	fade_in_text: autoDraw = True
58.2876 	EXP 	fade_in_text: autoDraw = True
58.3042 	EXP 	fade_in_text: autoDraw = True
58.3209 	EXP 	fade_in_text: autoDraw = True
58.3377 	EXP 	fade_in_text: autoDraw = True
58.3542 	EXP 	fade_in_text: autoDraw = True
58.3709 	EXP 	fade_in_text: autoDraw = True
58.3876 	EXP 	fade_in_text: autoDraw = True
58.4043 	EXP 	fade_in_text: autoDraw = True
58.4209 	EXP 	fade_in_text: autoDraw = True
58.4376 	EXP 	fade_in_text: autoDraw = True
58.4542 	EXP 	fade_in_text: autoDraw = True
58.4709 	EXP 	fade_in_text: autoDraw = True
58.4876 	EXP 	fade_in_text: autoDraw = True
58.5043 	EXP 	fade_in_text: autoDraw = True
58.5209 	EXP 	fade_in_text: autoDraw = True
58.5375 	EXP 	fade_in_text: autoDraw = True
58.5542 	EXP 	fade_in_text: autoDraw = True
58.5709 	EXP 	fade_in_text: autoDraw = True
58.5876 	EXP 	fade_in_text: autoDraw = True
58.6043 	EXP 	fade_in_text: autoDraw = True
58.6209 	EXP 	fade_in_text: autoDraw = True
58.6375 	EXP 	fade_in_text: autoDraw = True
58.6542 	EXP 	fade_in_text: autoDraw = True
58.6710 	EXP 	fade_in_text: autoDraw = True
58.6876 	EXP 	fade_in_text: autoDraw = True
58.7043 	EXP 	fade_in_text: autoDraw = True
58.7209 	EXP 	fade_in_text: autoDraw = True
58.7376 	EXP 	fade_in_text: autoDraw = True
58.7542 	EXP 	fade_in_text: autoDraw = True
58.7709 	EXP 	fade_in_text: autoDraw = True
58.7876 	EXP 	fade_in_text: autoDraw = True
58.8043 	EXP 	fade_in_text: autoDraw = True
58.8210 	EXP 	fade_in_text: autoDraw = True
58.8375 	EXP 	fade_in_text: autoDraw = True
58.8543 	EXP 	fade_in_text: autoDraw = True
58.8710 	EXP 	fade_in_text: autoDraw = True
58.8876 	EXP 	fade_in_text: autoDraw = True
58.9043 	EXP 	fade_in_text: autoDraw = True
58.9211 	EXP 	fade_in_text: autoDraw = True
58.9375 	EXP 	fade_in_text: autoDraw = True
58.9543 	EXP 	fade_in_text: autoDraw = True
58.9709 	EXP 	fade_in_text: autoDraw = True
58.9876 	EXP 	fade_in_text: autoDraw = True
59.0043 	EXP 	fade_in_text: autoDraw = True
59.0211 	EXP 	fade_in_text: autoDraw = True
59.0375 	EXP 	fade_in_text: autoDraw = True
59.0543 	EXP 	fade_in_text: autoDraw = True
59.0710 	EXP 	fade_in_text: autoDraw = True
59.0876 	EXP 	fade_in_text: autoDraw = True
59.1043 	EXP 	fade_in_text: autoDraw = True
59.1211 	EXP 	fade_in_text: autoDraw = True
59.1375 	EXP 	fade_in_text: autoDraw = True
59.1543 	EXP 	fade_in_text: autoDraw = True
59.1710 	EXP 	fade_in_text: autoDraw = True
59.1876 	EXP 	fade_in_text: autoDraw = True
59.2043 	EXP 	fade_in_text: autoDraw = True
59.2209 	EXP 	fade_in_text: autoDraw = True
59.2376 	EXP 	fade_in_text: autoDraw = True
59.2543 	EXP 	fade_in_text: autoDraw = True
59.2711 	EXP 	fade_in_text: autoDraw = True
59.2877 	EXP 	fade_in_text: autoDraw = True
59.3043 	EXP 	fade_in_text: autoDraw = True
59.3209 	EXP 	fade_in_text: autoDraw = True
59.3375 	EXP 	fade_in_text: autoDraw = True
59.3543 	EXP 	fade_in_text: autoDraw = True
59.3710 	EXP 	fade_in_text: autoDraw = True
59.3877 	EXP 	fade_in_text: autoDraw = True
59.4043 	EXP 	fade_in_text: autoDraw = True
59.4209 	EXP 	fade_in_text: autoDraw = True
59.4376 	EXP 	fade_in_text: autoDraw = True
59.4543 	EXP 	fade_in_text: autoDraw = True
59.4710 	EXP 	fade_in_text: autoDraw = True
59.4878 	EXP 	fade_in_text: autoDraw = True
59.5044 	EXP 	fade_in_text: autoDraw = True
59.5209 	EXP 	fade_in_text: autoDraw = True
59.5377 	EXP 	fade_in_text: autoDraw = True
59.5543 	EXP 	fade_in_text: autoDraw = True
59.5710 	EXP 	fade_in_text: autoDraw = True
59.5877 	EXP 	fade_in_text: autoDraw = True
59.6045 	EXP 	fade_in_text: autoDraw = True
59.6209 	EXP 	fade_in_text: autoDraw = True
59.6377 	EXP 	fade_in_text: autoDraw = True
59.6543 	EXP 	fade_in_text: autoDraw = True
59.6710 	EXP 	fade_in_text: autoDraw = True
59.6877 	EXP 	fade_in_text: autoDraw = True
59.7045 	EXP 	fade_in_text: autoDraw = True
59.7210 	EXP 	fade_in_text: autoDraw = True
59.7377 	EXP 	fade_in_text: autoDraw = True
59.7544 	EXP 	fade_in_text: autoDraw = True
59.7710 	EXP 	fade_in_text: autoDraw = True
59.7877 	EXP 	fade_in_text: autoDraw = True
59.8044 	EXP 	fade_in_text: autoDraw = True
59.8209 	EXP 	fade_in_text: autoDraw = True
59.8377 	EXP 	fade_in_text: autoDraw = True
59.8544 	EXP 	fade_in_text: autoDraw = True
59.8710 	EXP 	fade_in_text: autoDraw = True
59.8877 	EXP 	fade_in_text: autoDraw = True
59.9043 	EXP 	fade_in_text: autoDraw = True
59.9209 	EXP 	fade_in_text: autoDraw = True
59.9377 	EXP 	fade_in_text: autoDraw = True
59.9544 	EXP 	fade_in_text: autoDraw = True
59.9710 	EXP 	fade_in_text: autoDraw = True
59.9877 	EXP 	fade_in_text: autoDraw = True
60.0044 	EXP 	fade_in_text: autoDraw = True
60.0209 	EXP 	fade_in_text: autoDraw = True
60.0377 	EXP 	fade_in_text: autoDraw = True
60.0544 	EXP 	fade_in_text: autoDraw = True
60.0710 	EXP 	fade_in_text: autoDraw = True
60.0877 	EXP 	fade_in_text: autoDraw = True
60.1044 	EXP 	fade_in_text: autoDraw = True
60.1210 	EXP 	fade_in_text: autoDraw = True
60.1377 	EXP 	fade_in_text: autoDraw = True
60.1544 	EXP 	fade_in_text: autoDraw = True
60.1711 	EXP 	fade_in_text: autoDraw = True
60.1878 	EXP 	fade_in_text: autoDraw = True
60.2044 	EXP 	fade_in_text: autoDraw = True
60.2210 	EXP 	fade_in_text: autoDraw = True
60.2377 	EXP 	fade_in_text: autoDraw = True
60.2544 	EXP 	fade_in_text: autoDraw = True
60.2710 	EXP 	fade_in_text: autoDraw = True
60.2878 	EXP 	fade_in_text: autoDraw = True
60.3044 	EXP 	fade_in_text: autoDraw = True
60.3210 	EXP 	fade_in_text: autoDraw = True
63.3545 	EXP 	fade_in_text: autoDraw = False
63.3545 	EXP 	RS_intro_title: autoDraw = True
63.3545 	EXP 	RS_intro_text: autoDraw = True
86.3725 	EXP 	RS_intro_title: autoDraw = False
86.3725 	EXP 	RS_intro_text: autoDraw = False
86.3725 	EXP 	RS_intro_title: autoDraw = False
86.3725 	EXP 	RS_intro_text: autoDraw = False
86.3725 	EXP 	RS_rec_text: text = 'Please keep relaxed and open your eyes.\nNote: Blinking is allowed.'
86.3725 	EXP 	RS_rec_text: autoDraw = True
266.3820 	EXP 	RS_rec_text: autoDraw = False
269.7654 	EXP 	RS_rec_text: autoDraw = False
269.7654 	EXP 	RS_intro_title: autoDraw = True
269.7654 	EXP 	RS_intro_text: autoDraw = True
292.7833 	EXP 	RS_intro_title: autoDraw = False
292.7833 	EXP 	RS_intro_text: autoDraw = False
292.7833 	EXP 	RS_intro_title: autoDraw = False
292.7833 	EXP 	RS_intro_text: autoDraw = False
292.7833 	EXP 	RS_rec_text: text = 'Please keep relaxed and close your eyes.\n'
292.7833 	EXP 	RS_rec_text: autoDraw = True
472.7930 	EXP 	RS_rec_text: autoDraw = False
476.1932 	EXP 	RS_rec_text: autoDraw = False
476.1932 	EXP 	Pause_cont: text = 'Press [space] key to continue.'
476.1932 	EXP 	Pause_cont: autoDraw = True
536.3668 	DATA 	Keypress: space
539.4638 	EXP 	Pause_cont: autoDraw = False
539.4638 	EXP 	QA_intro_title: autoDraw = True
539.4638 	EXP 	QA_intro_text: autoDraw = True
578.8817 	EXP 	QA_intro_cont: autoDraw = True
579.4984 	EXP 	QA_intro_title: autoDraw = False
579.4984 	EXP 	QA_intro_text: autoDraw = False
611.9338 	DATA 	Keypress: space
612.9544 	EXP 	Created sequence: random, trialTypes=1, nReps=2, seed=None
612.9550 	EXP 	New trial (rep=0, index=0): None
613.9589 	EXP 	Created sequence: random, trialTypes=1, nReps=25, seed=None
613.9600 	EXP 	New trial (rep=0, index=0): None
615.0172 	EXP 	QA_intro_title: autoDraw = False
615.0172 	EXP 	QA_intro_text: autoDraw = False
615.0172 	EXP 	QA_intro_cont: autoDraw = False
615.0172 	EXP 	QA_rec_text: autoDraw = True
633.0179 	EXP 	QA_rec_break: autoDraw = True
635.0235 	EXP 	New trial (rep=1, index=0): None
636.0851 	EXP 	QA_rec_text: autoDraw = False
636.0851 	EXP 	QA_rec_break: autoDraw = False
636.0851 	EXP 	QA_rec_text: autoDraw = True
654.0858 	EXP 	QA_rec_break: autoDraw = True
656.0578 	EXP 	New trial (rep=2, index=0): None
657.1198 	EXP 	QA_rec_text: autoDraw = False
657.1198 	EXP 	QA_rec_break: autoDraw = False
657.1198 	EXP 	QA_rec_text: autoDraw = True
675.1035 	EXP 	QA_rec_break: autoDraw = True
677.1082 	EXP 	New trial (rep=3, index=0): None
678.1722 	EXP 	QA_rec_text: autoDraw = False
678.1722 	EXP 	QA_rec_break: autoDraw = False
678.1722 	EXP 	QA_rec_text: autoDraw = True
696.1712 	EXP 	QA_rec_break: autoDraw = True
698.1424 	EXP 	New trial (rep=4, index=0): None
699.2056 	EXP 	QA_rec_text: autoDraw = False
699.2056 	EXP 	QA_rec_break: autoDraw = False
699.2056 	EXP 	QA_rec_text: autoDraw = True
717.2057 	EXP 	QA_rec_break: autoDraw = True
719.2103 	EXP 	New trial (rep=5, index=0): None
720.2731 	EXP 	QA_rec_text: autoDraw = False
720.2731 	EXP 	QA_rec_break: autoDraw = False
720.2731 	EXP 	QA_rec_text: autoDraw = True
738.2734 	EXP 	QA_rec_break: autoDraw = True
740.2444 	EXP 	New trial (rep=6, index=0): None
741.3078 	EXP 	QA_rec_text: autoDraw = False
741.3078 	EXP 	QA_rec_break: autoDraw = False
741.3078 	EXP 	QA_rec_text: autoDraw = True
759.2745 	EXP 	QA_rec_break: autoDraw = True
761.2792 	EXP 	New trial (rep=7, index=0): None
762.3426 	EXP 	QA_rec_text: autoDraw = False
762.3426 	EXP 	QA_rec_break: autoDraw = False
762.3426 	EXP 	QA_rec_text: autoDraw = True
780.3423 	EXP 	QA_rec_break: autoDraw = True
782.3476 	EXP 	New trial (rep=8, index=0): None
783.4097 	EXP 	QA_rec_text: autoDraw = False
783.4097 	EXP 	QA_rec_break: autoDraw = False
783.4097 	EXP 	QA_rec_text: autoDraw = True
801.4101 	EXP 	QA_rec_break: autoDraw = True
803.3812 	EXP 	New trial (rep=9, index=0): None
804.4436 	EXP 	QA_rec_text: autoDraw = False
804.4436 	EXP 	QA_rec_break: autoDraw = False
804.4436 	EXP 	QA_rec_text: autoDraw = True
822.4446 	EXP 	QA_rec_break: autoDraw = True
824.4157 	EXP 	New trial (rep=10, index=0): None
825.4790 	EXP 	QA_rec_text: autoDraw = False
825.4790 	EXP 	QA_rec_break: autoDraw = False
825.4790 	EXP 	QA_rec_text: autoDraw = True
843.4790 	EXP 	QA_rec_break: autoDraw = True
845.4834 	EXP 	New trial (rep=11, index=0): None
846.5461 	EXP 	QA_rec_text: autoDraw = False
846.5461 	EXP 	QA_rec_break: autoDraw = False
846.5461 	EXP 	QA_rec_text: autoDraw = True
864.5301 	EXP 	QA_rec_break: autoDraw = True
866.5345 	EXP 	New trial (rep=12, index=0): None
867.5973 	EXP 	QA_rec_text: autoDraw = False
867.5973 	EXP 	QA_rec_break: autoDraw = False
867.5973 	EXP 	QA_rec_text: autoDraw = True
885.5979 	EXP 	QA_rec_break: autoDraw = True
887.5693 	EXP 	New trial (rep=13, index=0): None
888.6153 	EXP 	QA_rec_text: autoDraw = False
888.6153 	EXP 	QA_rec_break: autoDraw = False
888.6153 	EXP 	QA_rec_text: autoDraw = True
906.6155 	EXP 	QA_rec_break: autoDraw = True
908.6201 	EXP 	New trial (rep=14, index=0): None
909.6997 	EXP 	QA_rec_text: autoDraw = False
909.6997 	EXP 	QA_rec_break: autoDraw = False
909.6997 	EXP 	QA_rec_text: autoDraw = True
927.6668 	EXP 	QA_rec_break: autoDraw = True
929.6712 	EXP 	New trial (rep=15, index=0): None
930.7342 	EXP 	QA_rec_text: autoDraw = False
930.7342 	EXP 	QA_rec_break: autoDraw = False
930.7342 	EXP 	QA_rec_text: autoDraw = True
948.7345 	EXP 	QA_rec_break: autoDraw = True
950.7058 	EXP 	New trial (rep=16, index=0): None
951.7689 	EXP 	QA_rec_text: autoDraw = False
951.7689 	EXP 	QA_rec_break: autoDraw = False
951.7689 	EXP 	QA_rec_text: autoDraw = True
969.7691 	EXP 	QA_rec_break: autoDraw = True
971.7404 	EXP 	New trial (rep=17, index=0): None
972.8030 	EXP 	QA_rec_text: autoDraw = False
972.8030 	EXP 	QA_rec_break: autoDraw = False
972.8030 	EXP 	QA_rec_text: autoDraw = True
990.7701 	EXP 	QA_rec_break: autoDraw = True
992.7747 	EXP 	New trial (rep=18, index=0): None
993.8381 	EXP 	QA_rec_text: autoDraw = False
993.8381 	EXP 	QA_rec_break: autoDraw = False
993.8381 	EXP 	QA_rec_text: autoDraw = True
1011.8379 	EXP 	QA_rec_break: autoDraw = True
1013.8425 	EXP 	New trial (rep=19, index=0): None
1014.9066 	EXP 	QA_rec_text: autoDraw = False
1014.9066 	EXP 	QA_rec_break: autoDraw = False
1014.9066 	EXP 	QA_rec_text: autoDraw = True
1032.9056 	EXP 	QA_rec_break: autoDraw = True
1034.9100 	EXP 	New trial (rep=20, index=0): None
1035.9745 	EXP 	QA_rec_text: autoDraw = False
1035.9745 	EXP 	QA_rec_break: autoDraw = False
1035.9745 	EXP 	QA_rec_text: autoDraw = True
1053.9733 	EXP 	QA_rec_break: autoDraw = True
1055.9780 	EXP 	New trial (rep=21, index=0): None
1057.0405 	EXP 	QA_rec_text: autoDraw = False
1057.0405 	EXP 	QA_rec_break: autoDraw = False
1057.0405 	EXP 	QA_rec_text: autoDraw = True
1075.0412 	EXP 	QA_rec_break: autoDraw = True
1077.0126 	EXP 	New trial (rep=22, index=0): None
1078.0584 	EXP 	QA_rec_text: autoDraw = False
1078.0584 	EXP 	QA_rec_break: autoDraw = False
1078.0584 	EXP 	QA_rec_text: autoDraw = True
1096.0256 	EXP 	QA_rec_break: autoDraw = True
1098.0302 	EXP 	New trial (rep=23, index=0): None
1099.0927 	EXP 	QA_rec_text: autoDraw = False
1099.0927 	EXP 	QA_rec_break: autoDraw = False
1099.0927 	EXP 	QA_rec_text: autoDraw = True
1117.0936 	EXP 	QA_rec_break: autoDraw = True
1119.0987 	EXP 	New trial (rep=24, index=0): None
1120.1776 	EXP 	QA_rec_text: autoDraw = False
1120.1776 	EXP 	QA_rec_break: autoDraw = False
1120.1776 	EXP 	QA_rec_text: autoDraw = True
1138.1445 	EXP 	QA_rec_break: autoDraw = True
1142.1947 	EXP 	QA_rec_text: autoDraw = False
1142.1947 	EXP 	QA_rec_break: autoDraw = False
1142.1947 	EXP 	Pause_cont: text = 'Press [space] key to continue.'
1142.1947 	EXP 	Pause_cont: autoDraw = True
1155.5096 	DATA 	Keypress: space
1156.5147 	EXP 	New trial (rep=1, index=0): None
1157.5180 	EXP 	Created sequence: random, trialTypes=1, nReps=25, seed=None
1157.5189 	EXP 	New trial (rep=0, index=0): None
1158.5807 	EXP 	Pause_cont: autoDraw = False
1158.5807 	EXP 	QA_rec_text: autoDraw = True
1176.5632 	EXP 	QA_rec_break: autoDraw = True
1178.5691 	EXP 	New trial (rep=1, index=0): None
1179.6468 	EXP 	QA_rec_text: autoDraw = False
1179.6468 	EXP 	QA_rec_break: autoDraw = False
1179.6468 	EXP 	QA_rec_text: autoDraw = True
1197.6143 	EXP 	QA_rec_break: autoDraw = True
1199.6210 	EXP 	New trial (rep=2, index=0): None
1200.6983 	EXP 	QA_rec_text: autoDraw = False
1200.6983 	EXP 	QA_rec_break: autoDraw = False
1200.6983 	EXP 	QA_rec_text: autoDraw = True
1218.6654 	EXP 	QA_rec_break: autoDraw = True
1220.6710 	EXP 	New trial (rep=3, index=0): None
1221.7162 	EXP 	QA_rec_text: autoDraw = False
1221.7162 	EXP 	QA_rec_break: autoDraw = False
1221.7162 	EXP 	QA_rec_text: autoDraw = True
1239.6833 	EXP 	QA_rec_break: autoDraw = True
1241.6881 	EXP 	New trial (rep=4, index=0): None
1242.7512 	EXP 	QA_rec_text: autoDraw = False
1242.7512 	EXP 	QA_rec_break: autoDraw = False
1242.7512 	EXP 	QA_rec_text: autoDraw = True
1260.7343 	EXP 	QA_rec_break: autoDraw = True
1262.7396 	EXP 	New trial (rep=5, index=0): None
1263.8029 	EXP 	QA_rec_text: autoDraw = False
1263.8029 	EXP 	QA_rec_break: autoDraw = False
1263.8029 	EXP 	QA_rec_text: autoDraw = True
1281.8020 	EXP 	QA_rec_break: autoDraw = True
1283.7731 	EXP 	New trial (rep=6, index=0): None
1284.8191 	EXP 	QA_rec_text: autoDraw = False
1284.8191 	EXP 	QA_rec_break: autoDraw = False
1284.8191 	EXP 	QA_rec_text: autoDraw = True
1302.7865 	EXP 	QA_rec_break: autoDraw = True
1304.7911 	EXP 	New trial (rep=7, index=0): None
1305.8706 	EXP 	QA_rec_text: autoDraw = False
1305.8706 	EXP 	QA_rec_break: autoDraw = False
1305.8706 	EXP 	QA_rec_text: autoDraw = True
1323.8376 	EXP 	QA_rec_break: autoDraw = True
1325.8431 	EXP 	New trial (rep=8, index=0): None
1326.9051 	EXP 	QA_rec_text: autoDraw = False
1326.9051 	EXP 	QA_rec_break: autoDraw = False
1326.9051 	EXP 	QA_rec_text: autoDraw = True
1344.9053 	EXP 	QA_rec_break: autoDraw = True
1346.9098 	EXP 	New trial (rep=9, index=0): None
1347.9740 	EXP 	QA_rec_text: autoDraw = False
1347.9740 	EXP 	QA_rec_break: autoDraw = False
1347.9740 	EXP 	QA_rec_text: autoDraw = True
1365.9732 	EXP 	QA_rec_break: autoDraw = True
1367.9443 	EXP 	New trial (rep=10, index=0): None
1368.9917 	EXP 	QA_rec_text: autoDraw = False
1368.9917 	EXP 	QA_rec_break: autoDraw = False
1368.9917 	EXP 	QA_rec_text: autoDraw = True
1386.9909 	EXP 	QA_rec_break: autoDraw = True
1388.9963 	EXP 	New trial (rep=11, index=0): None
1390.0579 	EXP 	QA_rec_text: autoDraw = False
1390.0579 	EXP 	QA_rec_break: autoDraw = False
1390.0579 	EXP 	QA_rec_text: autoDraw = True
1408.0588 	EXP 	QA_rec_break: autoDraw = True
1410.0300 	EXP 	New trial (rep=12, index=0): None
1411.0928 	EXP 	QA_rec_text: autoDraw = False
1411.0928 	EXP 	QA_rec_break: autoDraw = False
1411.0928 	EXP 	QA_rec_text: autoDraw = True
1429.0598 	EXP 	QA_rec_break: autoDraw = True
1431.0650 	EXP 	New trial (rep=13, index=0): None
1432.1273 	EXP 	QA_rec_text: autoDraw = False
1432.1273 	EXP 	QA_rec_break: autoDraw = False
1432.1273 	EXP 	QA_rec_text: autoDraw = True
1450.0943 	EXP 	QA_rec_break: autoDraw = True
1452.1016 	EXP 	New trial (rep=14, index=0): None
1453.1616 	EXP 	QA_rec_text: autoDraw = False
1453.1616 	EXP 	QA_rec_break: autoDraw = False
1453.1616 	EXP 	QA_rec_text: autoDraw = True
1471.1287 	EXP 	QA_rec_break: autoDraw = True
1473.1331 	EXP 	New trial (rep=15, index=0): None
1474.1961 	EXP 	QA_rec_text: autoDraw = False
1474.1961 	EXP 	QA_rec_break: autoDraw = False
1474.1961 	EXP 	QA_rec_text: autoDraw = True
1492.1633 	EXP 	QA_rec_break: autoDraw = True
1494.1681 	EXP 	New trial (rep=16, index=0): None
1495.2305 	EXP 	QA_rec_text: autoDraw = False
1495.2305 	EXP 	QA_rec_break: autoDraw = False
1495.2305 	EXP 	QA_rec_text: autoDraw = True
1513.1978 	EXP 	QA_rec_break: autoDraw = True
1515.2022 	EXP 	New trial (rep=17, index=0): None
1516.2645 	EXP 	QA_rec_text: autoDraw = False
1516.2645 	EXP 	QA_rec_break: autoDraw = False
1516.2645 	EXP 	QA_rec_text: autoDraw = True
1534.2653 	EXP 	QA_rec_break: autoDraw = True
1536.2372 	EXP 	New trial (rep=18, index=0): None
1537.2834 	EXP 	QA_rec_text: autoDraw = False
1537.2834 	EXP 	QA_rec_break: autoDraw = False
1537.2834 	EXP 	QA_rec_text: autoDraw = True
1555.2831 	EXP 	QA_rec_break: autoDraw = True
1557.2876 	EXP 	New trial (rep=19, index=0): None
1558.3506 	EXP 	QA_rec_text: autoDraw = False
1558.3506 	EXP 	QA_rec_break: autoDraw = False
1558.3506 	EXP 	QA_rec_text: autoDraw = True
1576.3508 	EXP 	QA_rec_break: autoDraw = True
1578.3247 	EXP 	New trial (rep=20, index=0): None
1579.3863 	EXP 	QA_rec_text: autoDraw = False
1579.3863 	EXP 	QA_rec_break: autoDraw = False
1579.3863 	EXP 	QA_rec_text: autoDraw = True
1597.3854 	EXP 	QA_rec_break: autoDraw = True
1599.3565 	EXP 	New trial (rep=21, index=0): None
1600.4189 	EXP 	QA_rec_text: autoDraw = False
1600.4189 	EXP 	QA_rec_break: autoDraw = False
1600.4189 	EXP 	QA_rec_text: autoDraw = True
1618.4031 	EXP 	QA_rec_break: autoDraw = True
1620.4075 	EXP 	New trial (rep=22, index=0): None
1621.4541 	EXP 	QA_rec_text: autoDraw = False
1621.4541 	EXP 	QA_rec_break: autoDraw = False
1621.4541 	EXP 	QA_rec_text: autoDraw = True
1639.4542 	EXP 	QA_rec_break: autoDraw = True
1641.4263 	EXP 	New trial (rep=23, index=0): None
1642.4726 	EXP 	QA_rec_text: autoDraw = False
1642.4726 	EXP 	QA_rec_break: autoDraw = False
1642.4726 	EXP 	QA_rec_text: autoDraw = True
1660.4720 	EXP 	QA_rec_break: autoDraw = True
1662.4432 	EXP 	New trial (rep=24, index=0): None
1663.5063 	EXP 	QA_rec_text: autoDraw = False
1663.5063 	EXP 	QA_rec_break: autoDraw = False
1663.5063 	EXP 	QA_rec_text: autoDraw = True
1681.4731 	EXP 	QA_rec_break: autoDraw = True
1685.5234 	EXP 	QA_rec_text: autoDraw = False
1685.5234 	EXP 	QA_rec_break: autoDraw = False
1685.5234 	EXP 	Pause_cont: text = 'Press [space] key to continue.'
1685.5234 	EXP 	Pause_cont: autoDraw = True
1689.6994 	EXP 	window1: mouseVisible = True
