20.2601 	EXP 	Created instruction_text = TextStim(__class__=<class 'psychopy.visual.text.TextStim'>, alignHoriz='center', alignVert='center', antialias=True, autoLog=True, bold=False, color=array([1., 1., 1.]), colorSpace='rgb', contrast=1.0, depth=-0.0, flipHoriz=False, flipVert=False, font='Arial', fontFiles=[], height=0.06, italic=False, languageStyle='LTR', name='instruction_text', opacity=1.0, ori=0.0, pos=array([0.5, 0.1]), rgb=array([1., 1., 1.]), text=str(...), units='norm', win=Window(...), wrapWidth=1)
20.5316 	EXP 	Created instruction_cont = TextStim(__class__=<class 'psychopy.visual.text.TextStim'>, alignHoriz='center', alignVert='center', antialias=True, autoLog=True, bold=False, color=array([1., 1., 1.]), colorSpace='rgb', contrast=1.0, depth=-3.0, flipHoriz=False, flipVert=False, font='Arial', fontFiles=[], height=0.06, italic=False, languageStyle='LTR', name='instruction_cont', opacity=1.0, ori=0.0, pos=array([ 0.5, -0.4]), rgb=array([1., 1., 1.]), text='          Press [space] key to continue.', units='norm', win=Window(...), wrapWidth=1)
20.5339 	EXP 	Created Artifact_intro_title = TextStim(__class__=<class 'psychopy.visual.text.TextStim'>, alignHoriz='center', alignVert='center', antialias=True, autoLog=True, bold=False, color=array([1., 1., 1.]), colorSpace='rgb', contrast=1.0, depth=-0.0, flipHoriz=False, flipVert=False, font='Arial', fontFiles=[], height=0.06, italic=False, languageStyle='LTR', name='Artifact_intro_title', opacity=1.0, ori=0.0, pos=array([0.5, 0.4]), rgb=array([1., 1., 1.]), text='Muscular signal recording', units='norm', win=Window(...), wrapWidth=1)
20.5379 	EXP 	Created Artifact_intro_text = TextStim(__class__=<class 'psychopy.visual.text.TextStim'>, alignHoriz='center', alignVert='center', antialias=True, autoLog=True, bold=False, color=array([1., 1., 1.]), colorSpace='rgb', contrast=1.0, depth=-1.0, flipHoriz=False, flipVert=False, font='Arial', fontFiles=[], height=0.06, italic=False, languageStyle='LTR', name='Artifact_intro_text', opacity=1.0, ori=0.0, pos=array([0.5, 0. ]), rgb=array([1., 1., 1.]), text=str(...), units='norm', win=Window(...), wrapWidth=1)
20.5460 	EXP 	Created Artifact_intro_cont = TextStim(__class__=<class 'psychopy.visual.text.TextStim'>, alignHoriz='center', alignVert='center', antialias=True, autoLog=True, bold=False, color=array([1., 1., 1.]), colorSpace='rgb', contrast=1.0, depth=-4.0, flipHoriz=False, flipVert=False, font='Arial', fontFiles=[], height=0.06, italic=False, languageStyle='LTR', name='Artifact_intro_cont', opacity=1.0, ori=0.0, pos=array([0.5, 0. ]), rgb=array([1., 1., 1.]), text='          Press [space] key to continue.', units='norm', win=Window(...), wrapWidth=1)
20.5464 	EXP 	Created Artifact_rec_text = TextStim(__class__=<class 'psychopy.visual.text.TextStim'>, alignHoriz='center', alignVert='center', antialias=True, autoLog=True, bold=False, color=array([1., 1., 1.]), colorSpace='rgb', contrast=1.0, depth=-0.0, flipHoriz=False, flipVert=False, font='Arial', fontFiles=[], height=0.06, italic=False, languageStyle='LTR', name='Artifact_rec_text', opacity=1.0, ori=0.0, pos=array([0.5, 0.4]), rgb=array([1., 1., 1.]), text='', units='norm', win=Window(...), wrapWidth=1)
20.5479 	EXP 	Created Artifact_rec_recording = TextStim(__class__=<class 'psychopy.visual.text.TextStim'>, alignHoriz='center', alignVert='center', antialias=True, autoLog=True, bold=False, color=array([1., 1., 1.]), colorSpace='rgb', contrast=1.0, depth=-4.0, flipHoriz=False, flipVert=False, font='Arial', fontFiles=[], height=0.06, italic=False, languageStyle='LTR', name='Artifact_rec_recording', opacity=1.0, ori=0.0, pos=array([ 0.5, -0.4]), rgb=array([1., 1., 1.]), text='', units='norm', win=Window(...), wrapWidth=1)
20.5502 	EXP 	Created Artifact_rec_break = TextStim(__class__=<class 'psychopy.visual.text.TextStim'>, alignHoriz='center', alignVert='center', antialias=True, autoLog=True, bold=False, color=array([1., 1., 1.]), colorSpace='rgb', contrast=1.0, depth=-6.0, flipHoriz=False, flipVert=False, font='Arial', fontFiles=[], height=0.06, italic=False, languageStyle='LTR', name='Artifact_rec_break', opacity=1.0, ori=0.0, pos=array([ 0.5, -0.4]), rgb=array([1., 1., 1.]), text='Short break', units='norm', win=Window(...), wrapWidth=1)
20.5544 	EXP 	Created Cali_de_pre_intro_title = TextStim(__class__=<class 'psychopy.visual.text.TextStim'>, alignHoriz='center', alignVert='center', antialias=True, autoLog=True, bold=False, color=array([1., 1., 1.]), colorSpace='rgb', contrast=1.0, depth=-0.0, flipHoriz=False, flipVert=False, font='Arial', fontFiles=[], height=0.06, italic=False, languageStyle='LTR', name='Cali_de_pre_intro_title', opacity=1.0, ori=0.0, pos=array([0.5, 0.4]), rgb=array([1., 1., 1.]), text='READ OUT BLOCK (GERMAN)', units='norm', win=Window(...), wrapWidth=1)
20.5622 	EXP 	Created Cali_de_pre_intro_text = TextStim(__class__=<class 'psychopy.visual.text.TextStim'>, alignHoriz='center', alignVert='center', antialias=True, autoLog=True, bold=False, color=array([1., 1., 1.]), colorSpace='rgb', contrast=1.0, depth=-1.0, flipHoriz=False, flipVert=False, font='Arial', fontFiles=[], height=0.06, italic=False, languageStyle='LTR', name='Cali_de_pre_intro_text', opacity=1.0, ori=0.0, pos=array([0.5, 0. ]), rgb=array([1., 1., 1.]), text=str(...), units='norm', win=Window(...), wrapWidth=1)
20.5669 	EXP 	Created Cali_de_pre_intro_cont = TextStim(__class__=<class 'psychopy.visual.text.TextStim'>, alignHoriz='center', alignVert='center', antialias=True, autoLog=True, bold=False, color=array([1., 1., 1.]), colorSpace='rgb', contrast=1.0, depth=-4.0, flipHoriz=False, flipVert=False, font='Arial', fontFiles=[], height=0.06, italic=False, languageStyle='LTR', name='Cali_de_pre_intro_cont', opacity=1.0, ori=0.0, pos=array([0.5, 0. ]), rgb=array([1., 1., 1.]), text='          Press [space] key to continue.', units='norm', win=Window(...), wrapWidth=1)
20.5673 	EXP 	Created Cali_de_pre_rec_text = TextStim(__class__=<class 'psychopy.visual.text.TextStim'>, alignHoriz='center', alignVert='center', antialias=True, autoLog=True, bold=False, color=array([1., 1., 1.]), colorSpace='rgb', contrast=1.0, depth=-0.0, flipHoriz=False, flipVert=False, font='Arial', fontFiles=[], height=0.06, italic=False, languageStyle='LTR', name='Cali_de_pre_rec_text', opacity=1.0, ori=0.0, pos=array([0.5, 0.4]), rgb=array([1., 1., 1.]), text='', units='norm', win=Window(...), wrapWidth=1)
20.5682 	EXP 	Created Cali_de_pre_rec_question_text = TextStim(__class__=<class 'psychopy.visual.text.TextStim'>, alignHoriz='center', alignVert='center', antialias=True, autoLog=True, bold=False, color=array([1., 1., 1.]), colorSpace='rgb', contrast=1.0, depth=-2.0, flipHoriz=False, flipVert=False, font='Arial', fontFiles=[], height=0.06, italic=False, languageStyle='LTR', name='Cali_de_pre_rec_question_text', opacity=1.0, ori=0.0, pos=array([0.5, 0. ]), rgb=array([1., 1., 1.]), text='', units='norm', win=Window(...), wrapWidth=1)
20.5702 	EXP 	Created Cali_de_pre_rec_break = TextStim(__class__=<class 'psychopy.visual.text.TextStim'>, alignHoriz='center', alignVert='center', antialias=True, autoLog=True, bold=False, color=array([1., 1., 1.]), colorSpace='rgb', contrast=1.0, depth=-6.0, flipHoriz=False, flipVert=False, font='Arial', fontFiles=[], height=0.06, italic=False, languageStyle='LTR', name='Cali_de_pre_rec_break', opacity=1.0, ori=0.0, pos=array([ 0.5, -0.4]), rgb=array([1., 1., 1.]), text='Short break', units='norm', win=Window(...), wrapWidth=1)
20.5707 	EXP 	Created fade_in_text = TextStim(__class__=<class 'psychopy.visual.text.TextStim'>, alignHoriz='center', alignVert='center', antialias=True, autoLog=True, bold=False, color=array([1., 1., 1.]), colorSpace='rgb', contrast=1.0, depth=-0.0, flipHoriz=False, flipVert=False, font='Arial', fontFiles=[], height=0.06, italic=False, languageStyle='LTR', name='fade_in_text', opacity=1.0, ori=0.0, pos=array([0.5, 0.4]), rgb=array([1., 1., 1.]), text='', units='norm', win=Window(...), wrapWidth=1)
20.5730 	EXP 	Created RS_intro_title = TextStim(__class__=<class 'psychopy.visual.text.TextStim'>, alignHoriz='center', alignVert='center', antialias=True, autoLog=True, bold=False, color=array([1., 1., 1.]), colorSpace='rgb', contrast=1.0, depth=-0.0, flipHoriz=False, flipVert=False, font='Arial', fontFiles=[], height=0.06, italic=False, languageStyle='LTR', name='RS_intro_title', opacity=1.0, ori=0.0, pos=array([0.5, 0.4]), rgb=array([1., 1., 1.]), text='REST STATE BLOCK', units='norm', win=Window(...), wrapWidth=1)
20.5804 	EXP 	Created RS_intro_text = TextStim(__class__=<class 'psychopy.visual.text.TextStim'>, alignHoriz='center', alignVert='center', antialias=True, autoLog=True, bold=False, color=array([1., 1., 1.]), colorSpace='rgb', contrast=1.0, depth=-1.0, flipHoriz=False, flipVert=False, font='Arial', fontFiles=[], height=0.06, italic=False, languageStyle='LTR', name='RS_intro_text', opacity=1.0, ori=0.0, pos=array([0.5, 0. ]), rgb=array([1., 1., 1.]), text=str(...), units='norm', win=Window(...), wrapWidth=1)
20.5862 	EXP 	Created RS_rec_text = TextStim(__class__=<class 'psychopy.visual.text.TextStim'>, alignHoriz='center', alignVert='center', antialias=True, autoLog=True, bold=False, color=array([1., 1., 1.]), colorSpace='rgb', contrast=1.0, depth=-0.0, flipHoriz=False, flipVert=False, font='Arial', fontFiles=[], height=0.06, italic=False, languageStyle='LTR', name='RS_rec_text', opacity=1.0, ori=0.0, pos=array([0.5, 0. ]), rgb=array([1., 1., 1.]), text=str(...), units='norm', win=Window(...), wrapWidth=1)
20.5886 	EXP 	Created QA_intro_title = TextStim(__class__=<class 'psychopy.visual.text.TextStim'>, alignHoriz='center', alignVert='center', antialias=True, autoLog=True, bold=False, color=array([1., 1., 1.]), colorSpace='rgb', contrast=1.0, depth=-0.0, flipHoriz=False, flipVert=False, font='Arial', fontFiles=[], height=0.06, italic=False, languageStyle='LTR', name='QA_intro_title', opacity=1.0, ori=0.0, pos=array([0.5, 0.5]), rgb=array([1., 1., 1.]), text='Q&A BLOCK', units='norm', win=Window(...), wrapWidth=1)
20.5979 	EXP 	Created QA_intro_text = TextStim(__class__=<class 'psychopy.visual.text.TextStim'>, alignHoriz='center', alignVert='center', antialias=True, autoLog=True, bold=False, color=array([1., 1., 1.]), colorSpace='rgb', contrast=1.0, depth=-1.0, flipHoriz=False, flipVert=False, font='Arial', fontFiles=[], height=0.06, italic=False, languageStyle='LTR', name='QA_intro_text', opacity=1.0, ori=0.0, pos=array([0.5, 0. ]), rgb=array([1., 1., 1.]), text=str(...), units='norm', win=Window(...), wrapWidth=1)
20.6026 	EXP 	Created QA_intro_cont = TextStim(__class__=<class 'psychopy.visual.text.TextStim'>, alignHoriz='center', alignVert='center', antialias=True, autoLog=True, bold=False, color=array([1., 1., 1.]), colorSpace='rgb', contrast=1.0, depth=-4.0, flipHoriz=False, flipVert=False, font='Arial', fontFiles=[], height=0.06, italic=False, languageStyle='LTR', name='QA_intro_cont', opacity=1.0, ori=0.0, pos=array([0.5, 0. ]), rgb=array([1., 1., 1.]), text='          Press [space] key to continue.', units='norm', win=Window(...), wrapWidth=1)
20.6142 	EXP 	Created QA_rec_text = TextStim(__class__=<class 'psychopy.visual.text.TextStim'>, alignHoriz='center', alignVert='center', antialias=True, autoLog=True, bold=False, color=array([1., 1., 1.]), colorSpace='rgb', contrast=1.0, depth=-0.0, flipHoriz=False, flipVert=False, font='Arial', fontFiles=[], height=0.06, italic=False, languageStyle='LTR', name='QA_rec_text', opacity=1.0, ori=0.0, pos=array([0.5, 0. ]), rgb=array([1., 1., 1.]), text=str(...), units='norm', win=Window(...), wrapWidth=1)
20.6181 	EXP 	Created QA_rec_break = TextStim(__class__=<class 'psychopy.visual.text.TextStim'>, alignHoriz='center', alignVert='center', antialias=True, autoLog=True, bold=False, color=array([1., 1., 1.]), colorSpace='rgb', contrast=1.0, depth=-6.0, flipHoriz=False, flipVert=False, font='Arial', fontFiles=[], height=0.06, italic=False, languageStyle='LTR', name='QA_rec_break', opacity=1.0, ori=0.0, pos=array([ 0.5, -0.4]), rgb=array([1., 1., 1.]), text='Short break', units='norm', win=Window(...), wrapWidth=1)
20.6224 	EXP 	Created Pause_cont = TextStim(__class__=<class 'psychopy.visual.text.TextStim'>, alignHoriz='center', alignVert='center', antialias=True, autoLog=True, bold=False, color=array([1., 1., 1.]), colorSpace='rgb', contrast=1.0, depth=-2.0, flipHoriz=False, flipVert=False, font='Arial', fontFiles=[], height=0.06, italic=False, languageStyle='LTR', name='Pause_cont', opacity=1.0, ori=0.0, pos=array([0.5, 0. ]), rgb=array([1., 1., 1.]), text=str(...), units='norm', win=Window(...), wrapWidth=1)
20.6245 	EXP 	Created Cali_de_post_intro_title = TextStim(__class__=<class 'psychopy.visual.text.TextStim'>, alignHoriz='center', alignVert='center', antialias=True, autoLog=True, bold=False, color=array([1., 1., 1.]), colorSpace='rgb', contrast=1.0, depth=-0.0, flipHoriz=False, flipVert=False, font='Arial', fontFiles=[], height=0.06, italic=False, languageStyle='LTR', name='Cali_de_post_intro_title', opacity=1.0, ori=0.0, pos=array([0.5, 0.4]), rgb=array([1., 1., 1.]), text='READ OUT BLOCK (GERMAN)', units='norm', win=Window(...), wrapWidth=1)
20.6845 	EXP 	Created Cali_de_post_intro_text = TextStim(__class__=<class 'psychopy.visual.text.TextStim'>, alignHoriz='center', alignVert='center', antialias=True, autoLog=True, bold=False, color=array([1., 1., 1.]), colorSpace='rgb', contrast=1.0, depth=-1.0, flipHoriz=False, flipVert=False, font='Arial', fontFiles=[], height=0.06, italic=False, languageStyle='LTR', name='Cali_de_post_intro_text', opacity=1.0, ori=0.0, pos=array([0.5, 0. ]), rgb=array([1., 1., 1.]), text=str(...), units='norm', win=Window(...), wrapWidth=1)
20.6897 	EXP 	Created Cali_de_post_intro_cont = TextStim(__class__=<class 'psychopy.visual.text.TextStim'>, alignHoriz='center', alignVert='center', antialias=True, autoLog=True, bold=False, color=array([1., 1., 1.]), colorSpace='rgb', contrast=1.0, depth=-4.0, flipHoriz=False, flipVert=False, font='Arial', fontFiles=[], height=0.06, italic=False, languageStyle='LTR', name='Cali_de_post_intro_cont', opacity=1.0, ori=0.0, pos=array([0.5, 0. ]), rgb=array([1., 1., 1.]), text='          Press [space] key to continue.', units='norm', win=Window(...), wrapWidth=1)
20.6901 	EXP 	Created Cali_de_post_rec_text = TextStim(__class__=<class 'psychopy.visual.text.TextStim'>, alignHoriz='center', alignVert='center', antialias=True, autoLog=True, bold=False, color=array([1., 1., 1.]), colorSpace='rgb', contrast=1.0, depth=-0.0, flipHoriz=False, flipVert=False, font='Arial', fontFiles=[], height=0.06, italic=False, languageStyle='LTR', name='Cali_de_post_rec_text', opacity=1.0, ori=0.0, pos=array([0.5, 0.4]), rgb=array([1., 1., 1.]), text='', units='norm', win=Window(...), wrapWidth=1)
20.6910 	EXP 	Created Cali_de_post_rec_question_text = TextStim(__class__=<class 'psychopy.visual.text.TextStim'>, alignHoriz='center', alignVert='center', antialias=True, autoLog=True, bold=False, color=array([1., 1., 1.]), colorSpace='rgb', contrast=1.0, depth=-2.0, flipHoriz=False, flipVert=False, font='Arial', fontFiles=[], height=0.06, italic=False, languageStyle='LTR', name='Cali_de_post_rec_question_text', opacity=1.0, ori=0.0, pos=array([0.5, 0. ]), rgb=array([1., 1., 1.]), text='', units='norm', win=Window(...), wrapWidth=1)
20.6931 	EXP 	Created Cali_de_post_rec_break = TextStim(__class__=<class 'psychopy.visual.text.TextStim'>, alignHoriz='center', alignVert='center', antialias=True, autoLog=True, bold=False, color=array([1., 1., 1.]), colorSpace='rgb', contrast=1.0, depth=-6.0, flipHoriz=False, flipVert=False, font='Arial', fontFiles=[], height=0.06, italic=False, languageStyle='LTR', name='Cali_de_post_rec_break', opacity=1.0, ori=0.0, pos=array([ 0.5, -0.4]), rgb=array([1., 1., 1.]), text='Short break', units='norm', win=Window(...), wrapWidth=1)
20.6966 	EXP 	Created the_end_text = TextStim(__class__=<class 'psychopy.visual.text.TextStim'>, alignHoriz='center', alignVert='center', antialias=True, autoLog=True, bold=False, color=array([1., 1., 1.]), colorSpace='rgb', contrast=1.0, depth=-1.0, flipHoriz=False, flipVert=False, font='Arial', fontFiles=[], height=0.06, italic=False, languageStyle='LTR', name='the_end_text', opacity=1.0, ori=0.0, pos=array([0.7, 0. ]), rgb=array([1., 1., 1.]), text=str(...), units='norm', win=Window(...), wrapWidth=1)
22.7009 	EXP 	Created sequence: random, trialTypes=1, nReps=4, seed=None
22.7017 	EXP 	New trial (rep=0, index=0): None
23.7384 	EXP 	fade_in_text: text = 'Please remain seated until further instruction via the earphone.'
23.7384 	EXP 	fade_in_text: autoDraw = True
29.7389 	EXP 	fade_in_text: autoDraw = True
29.7554 	EXP 	fade_in_text: autoDraw = True
29.7720 	EXP 	fade_in_text: autoDraw = True
29.7888 	EXP 	fade_in_text: autoDraw = True
29.8054 	EXP 	fade_in_text: autoDraw = True
29.8221 	EXP 	fade_in_text: autoDraw = True
29.8389 	EXP 	fade_in_text: autoDraw = True
29.8554 	EXP 	fade_in_text: autoDraw = True
29.8720 	EXP 	fade_in_text: autoDraw = True
29.8888 	EXP 	fade_in_text: autoDraw = True
29.9054 	EXP 	fade_in_text: autoDraw = True
29.9222 	EXP 	fade_in_text: autoDraw = True
29.9389 	EXP 	fade_in_text: autoDraw = True
29.9554 	EXP 	fade_in_text: autoDraw = True
29.9720 	EXP 	fade_in_text: autoDraw = True
29.9888 	EXP 	fade_in_text: autoDraw = True
30.0054 	EXP 	fade_in_text: autoDraw = True
30.0222 	EXP 	fade_in_text: autoDraw = True
30.0387 	EXP 	fade_in_text: autoDraw = True
30.0553 	EXP 	fade_in_text: autoDraw = True
30.0720 	EXP 	fade_in_text: autoDraw = True
30.0888 	EXP 	fade_in_text: autoDraw = True
30.1055 	EXP 	fade_in_text: autoDraw = True
30.1221 	EXP 	fade_in_text: autoDraw = True
30.1387 	EXP 	fade_in_text: autoDraw = True
30.1554 	EXP 	fade_in_text: autoDraw = True
30.1720 	EXP 	fade_in_text: autoDraw = True
30.1888 	EXP 	fade_in_text: autoDraw = True
30.2054 	EXP 	fade_in_text: autoDraw = True
30.2221 	EXP 	fade_in_text: autoDraw = True
30.2387 	EXP 	fade_in_text: autoDraw = True
30.2553 	EXP 	fade_in_text: autoDraw = True
30.2720 	EXP 	fade_in_text: autoDraw = True
30.2888 	EXP 	fade_in_text: autoDraw = True
30.3054 	EXP 	fade_in_text: autoDraw = True
30.3221 	EXP 	fade_in_text: autoDraw = True
30.3387 	EXP 	fade_in_text: autoDraw = True
30.3554 	EXP 	fade_in_text: autoDraw = True
30.3721 	EXP 	fade_in_text: autoDraw = True
30.3888 	EXP 	fade_in_text: autoDraw = True
30.4055 	EXP 	fade_in_text: autoDraw = True
30.4223 	EXP 	fade_in_text: autoDraw = True
30.4387 	EXP 	fade_in_text: autoDraw = True
30.4554 	EXP 	fade_in_text: autoDraw = True
30.4722 	EXP 	fade_in_text: autoDraw = True
30.4888 	EXP 	fade_in_text: autoDraw = True
30.5055 	EXP 	fade_in_text: autoDraw = True
30.5223 	EXP 	fade_in_text: autoDraw = True
30.5387 	EXP 	fade_in_text: autoDraw = True
30.5554 	EXP 	fade_in_text: autoDraw = True
30.5722 	EXP 	fade_in_text: autoDraw = True
30.5888 	EXP 	fade_in_text: autoDraw = True
30.6055 	EXP 	fade_in_text: autoDraw = True
30.6223 	EXP 	fade_in_text: autoDraw = True
30.6387 	EXP 	fade_in_text: autoDraw = True
30.6554 	EXP 	fade_in_text: autoDraw = True
30.6722 	EXP 	fade_in_text: autoDraw = True
30.6888 	EXP 	fade_in_text: autoDraw = True
30.7055 	EXP 	fade_in_text: autoDraw = True
30.7222 	EXP 	fade_in_text: autoDraw = True
30.7387 	EXP 	fade_in_text: autoDraw = True
30.7554 	EXP 	fade_in_text: autoDraw = True
30.7722 	EXP 	fade_in_text: autoDraw = True
30.7888 	EXP 	fade_in_text: autoDraw = True
30.8055 	EXP 	fade_in_text: autoDraw = True
30.8221 	EXP 	fade_in_text: autoDraw = True
30.8387 	EXP 	fade_in_text: autoDraw = True
30.8554 	EXP 	fade_in_text: autoDraw = True
30.8722 	EXP 	fade_in_text: autoDraw = True
30.8888 	EXP 	fade_in_text: autoDraw = True
30.9055 	EXP 	fade_in_text: autoDraw = True
30.9222 	EXP 	fade_in_text: autoDraw = True
30.9387 	EXP 	fade_in_text: autoDraw = True
30.9555 	EXP 	fade_in_text: autoDraw = True
30.9722 	EXP 	fade_in_text: autoDraw = True
30.9888 	EXP 	fade_in_text: autoDraw = True
31.0055 	EXP 	fade_in_text: autoDraw = True
31.0221 	EXP 	fade_in_text: autoDraw = True
31.0388 	EXP 	fade_in_text: autoDraw = True
31.0555 	EXP 	fade_in_text: autoDraw = True
31.0722 	EXP 	fade_in_text: autoDraw = True
31.0888 	EXP 	fade_in_text: autoDraw = True
31.1056 	EXP 	fade_in_text: autoDraw = True
31.1222 	EXP 	fade_in_text: autoDraw = True
31.1387 	EXP 	fade_in_text: autoDraw = True
31.1555 	EXP 	fade_in_text: autoDraw = True
31.1722 	EXP 	fade_in_text: autoDraw = True
31.1888 	EXP 	fade_in_text: autoDraw = True
31.2056 	EXP 	fade_in_text: autoDraw = True
31.2221 	EXP 	fade_in_text: autoDraw = True
31.2388 	EXP 	fade_in_text: autoDraw = True
31.2555 	EXP 	fade_in_text: autoDraw = True
31.2722 	EXP 	fade_in_text: autoDraw = True
31.2888 	EXP 	fade_in_text: autoDraw = True
31.3057 	EXP 	fade_in_text: autoDraw = True
31.3222 	EXP 	fade_in_text: autoDraw = True
31.3388 	EXP 	fade_in_text: autoDraw = True
31.3555 	EXP 	fade_in_text: autoDraw = True
31.3722 	EXP 	fade_in_text: autoDraw = True
31.3888 	EXP 	fade_in_text: autoDraw = True
31.4054 	EXP 	fade_in_text: autoDraw = True
31.4221 	EXP 	fade_in_text: autoDraw = True
31.4389 	EXP 	fade_in_text: autoDraw = True
31.4555 	EXP 	fade_in_text: autoDraw = True
31.4722 	EXP 	fade_in_text: autoDraw = True
31.4888 	EXP 	fade_in_text: autoDraw = True
31.5054 	EXP 	fade_in_text: autoDraw = True
31.5222 	EXP 	fade_in_text: autoDraw = True
31.5389 	EXP 	fade_in_text: autoDraw = True
31.5555 	EXP 	fade_in_text: autoDraw = True
31.5722 	EXP 	fade_in_text: autoDraw = True
31.5888 	EXP 	fade_in_text: autoDraw = True
31.6054 	EXP 	fade_in_text: autoDraw = True
31.6221 	EXP 	fade_in_text: autoDraw = True
31.6389 	EXP 	fade_in_text: autoDraw = True
31.6555 	EXP 	fade_in_text: autoDraw = True
31.6722 	EXP 	fade_in_text: autoDraw = True
31.6889 	EXP 	fade_in_text: autoDraw = True
31.7054 	EXP 	fade_in_text: autoDraw = True
31.7222 	EXP 	fade_in_text: autoDraw = True
31.7389 	EXP 	fade_in_text: autoDraw = True
31.7555 	EXP 	fade_in_text: autoDraw = True
31.7723 	EXP 	fade_in_text: autoDraw = True
31.7890 	EXP 	fade_in_text: autoDraw = True
31.8055 	EXP 	fade_in_text: autoDraw = True
31.8221 	EXP 	fade_in_text: autoDraw = True
31.8389 	EXP 	fade_in_text: autoDraw = True
31.8556 	EXP 	fade_in_text: autoDraw = True
31.8722 	EXP 	fade_in_text: autoDraw = True
31.8890 	EXP 	fade_in_text: autoDraw = True
31.9055 	EXP 	fade_in_text: autoDraw = True
31.9222 	EXP 	fade_in_text: autoDraw = True
31.9389 	EXP 	fade_in_text: autoDraw = True
31.9556 	EXP 	fade_in_text: autoDraw = True
31.9722 	EXP 	fade_in_text: autoDraw = True
31.9891 	EXP 	fade_in_text: autoDraw = True
32.0055 	EXP 	fade_in_text: autoDraw = True
32.0221 	EXP 	fade_in_text: autoDraw = True
32.0389 	EXP 	fade_in_text: autoDraw = True
32.0556 	EXP 	fade_in_text: autoDraw = True
32.0722 	EXP 	fade_in_text: autoDraw = True
32.0889 	EXP 	fade_in_text: autoDraw = True
32.1055 	EXP 	fade_in_text: autoDraw = True
32.1222 	EXP 	fade_in_text: autoDraw = True
32.1389 	EXP 	fade_in_text: autoDraw = True
32.1555 	EXP 	fade_in_text: autoDraw = True
32.1722 	EXP 	fade_in_text: autoDraw = True
32.1888 	EXP 	fade_in_text: autoDraw = True
32.2055 	EXP 	fade_in_text: autoDraw = True
32.2221 	EXP 	fade_in_text: autoDraw = True
32.2389 	EXP 	fade_in_text: autoDraw = True
32.2556 	EXP 	fade_in_text: autoDraw = True
32.2723 	EXP 	fade_in_text: autoDraw = True
32.2888 	EXP 	fade_in_text: autoDraw = True
32.3055 	EXP 	fade_in_text: autoDraw = True
32.3222 	EXP 	fade_in_text: autoDraw = True
32.3389 	EXP 	fade_in_text: autoDraw = True
32.3556 	EXP 	fade_in_text: autoDraw = True
32.3723 	EXP 	fade_in_text: autoDraw = True
32.3889 	EXP 	fade_in_text: autoDraw = True
32.4055 	EXP 	fade_in_text: autoDraw = True
32.4222 	EXP 	fade_in_text: autoDraw = True
32.4389 	EXP 	fade_in_text: autoDraw = True
32.4556 	EXP 	fade_in_text: autoDraw = True
32.4724 	EXP 	fade_in_text: autoDraw = True
32.4888 	EXP 	fade_in_text: autoDraw = True
32.5055 	EXP 	fade_in_text: autoDraw = True
32.5222 	EXP 	fade_in_text: autoDraw = True
32.5389 	EXP 	fade_in_text: autoDraw = True
32.5556 	EXP 	fade_in_text: autoDraw = True
32.5724 	EXP 	fade_in_text: autoDraw = True
32.5888 	EXP 	fade_in_text: autoDraw = True
32.6055 	EXP 	fade_in_text: autoDraw = True
32.6223 	EXP 	fade_in_text: autoDraw = True
32.6389 	EXP 	fade_in_text: autoDraw = True
32.6556 	EXP 	fade_in_text: autoDraw = True
32.6724 	EXP 	fade_in_text: autoDraw = True
32.6888 	EXP 	fade_in_text: autoDraw = True
32.7055 	EXP 	fade_in_text: autoDraw = True
32.7223 	EXP 	fade_in_text: autoDraw = True
32.7389 	EXP 	fade_in_text: autoDraw = True
32.7556 	EXP 	fade_in_text: autoDraw = True
32.7724 	EXP 	fade_in_text: autoDraw = True
32.7889 	EXP 	fade_in_text: autoDraw = True
32.8055 	EXP 	fade_in_text: autoDraw = True
32.8223 	EXP 	fade_in_text: autoDraw = True
32.8389 	EXP 	fade_in_text: autoDraw = True
32.8556 	EXP 	fade_in_text: autoDraw = True
32.8722 	EXP 	fade_in_text: autoDraw = True
32.8888 	EXP 	fade_in_text: autoDraw = True
32.9055 	EXP 	fade_in_text: autoDraw = True
32.9223 	EXP 	fade_in_text: autoDraw = True
32.9389 	EXP 	fade_in_text: autoDraw = True
32.9556 	EXP 	fade_in_text: autoDraw = True
32.9722 	EXP 	fade_in_text: autoDraw = True
32.9889 	EXP 	fade_in_text: autoDraw = True
33.0056 	EXP 	fade_in_text: autoDraw = True
33.0223 	EXP 	fade_in_text: autoDraw = True
33.0389 	EXP 	fade_in_text: autoDraw = True
33.0556 	EXP 	fade_in_text: autoDraw = True
33.0722 	EXP 	fade_in_text: autoDraw = True
33.0889 	EXP 	fade_in_text: autoDraw = True
33.1056 	EXP 	fade_in_text: autoDraw = True
33.1223 	EXP 	fade_in_text: autoDraw = True
33.1389 	EXP 	fade_in_text: autoDraw = True
33.1557 	EXP 	fade_in_text: autoDraw = True
33.1722 	EXP 	fade_in_text: autoDraw = True
33.1889 	EXP 	fade_in_text: autoDraw = True
33.2056 	EXP 	fade_in_text: autoDraw = True
33.2223 	EXP 	fade_in_text: autoDraw = True
33.2390 	EXP 	fade_in_text: autoDraw = True
33.2557 	EXP 	fade_in_text: autoDraw = True
33.2722 	EXP 	fade_in_text: autoDraw = True
33.2889 	EXP 	fade_in_text: autoDraw = True
33.3056 	EXP 	fade_in_text: autoDraw = True
33.3223 	EXP 	fade_in_text: autoDraw = True
33.3389 	EXP 	fade_in_text: autoDraw = True
33.3557 	EXP 	fade_in_text: autoDraw = True
33.3722 	EXP 	fade_in_text: autoDraw = True
33.3889 	EXP 	fade_in_text: autoDraw = True
33.4056 	EXP 	fade_in_text: autoDraw = True
33.4223 	EXP 	fade_in_text: autoDraw = True
33.4390 	EXP 	fade_in_text: autoDraw = True
33.4557 	EXP 	fade_in_text: autoDraw = True
33.4721 	EXP 	fade_in_text: autoDraw = True
33.4889 	EXP 	fade_in_text: autoDraw = True
33.5056 	EXP 	fade_in_text: autoDraw = True
33.5223 	EXP 	fade_in_text: autoDraw = True
33.5390 	EXP 	fade_in_text: autoDraw = True
33.5555 	EXP 	fade_in_text: autoDraw = True
33.5722 	EXP 	fade_in_text: autoDraw = True
33.5889 	EXP 	fade_in_text: autoDraw = True
33.6056 	EXP 	fade_in_text: autoDraw = True
33.6223 	EXP 	fade_in_text: autoDraw = True
33.6391 	EXP 	fade_in_text: autoDraw = True
33.6556 	EXP 	fade_in_text: autoDraw = True
33.6723 	EXP 	fade_in_text: autoDraw = True
33.6889 	EXP 	fade_in_text: autoDraw = True
33.7056 	EXP 	fade_in_text: autoDraw = True
33.7222 	EXP 	fade_in_text: autoDraw = True
33.7391 	EXP 	fade_in_text: autoDraw = True
33.7556 	EXP 	fade_in_text: autoDraw = True
33.7722 	EXP 	fade_in_text: autoDraw = True
33.7890 	EXP 	fade_in_text: autoDraw = True
33.8055 	EXP 	fade_in_text: autoDraw = True
33.8223 	EXP 	fade_in_text: autoDraw = True
33.8391 	EXP 	fade_in_text: autoDraw = True
33.8556 	EXP 	fade_in_text: autoDraw = True
33.8723 	EXP 	fade_in_text: autoDraw = True
33.8890 	EXP 	fade_in_text: autoDraw = True
33.9056 	EXP 	fade_in_text: autoDraw = True
33.9223 	EXP 	fade_in_text: autoDraw = True
33.9391 	EXP 	fade_in_text: autoDraw = True
33.9556 	EXP 	fade_in_text: autoDraw = True
33.9723 	EXP 	fade_in_text: autoDraw = True
33.9890 	EXP 	fade_in_text: autoDraw = True
34.0057 	EXP 	fade_in_text: autoDraw = True
34.0223 	EXP 	fade_in_text: autoDraw = True
34.0391 	EXP 	fade_in_text: autoDraw = True
34.0556 	EXP 	fade_in_text: autoDraw = True
34.0723 	EXP 	fade_in_text: autoDraw = True
34.0890 	EXP 	fade_in_text: autoDraw = True
34.1057 	EXP 	fade_in_text: autoDraw = True
34.1223 	EXP 	fade_in_text: autoDraw = True
34.1390 	EXP 	fade_in_text: autoDraw = True
34.1556 	EXP 	fade_in_text: autoDraw = True
34.1723 	EXP 	fade_in_text: autoDraw = True
34.1890 	EXP 	fade_in_text: autoDraw = True
34.2057 	EXP 	fade_in_text: autoDraw = True
34.2223 	EXP 	fade_in_text: autoDraw = True
34.2389 	EXP 	fade_in_text: autoDraw = True
34.2556 	EXP 	fade_in_text: autoDraw = True
34.2723 	EXP 	fade_in_text: autoDraw = True
34.2890 	EXP 	fade_in_text: autoDraw = True
34.3057 	EXP 	fade_in_text: autoDraw = True
34.3223 	EXP 	fade_in_text: autoDraw = True
34.3390 	EXP 	fade_in_text: autoDraw = True
34.3556 	EXP 	fade_in_text: autoDraw = True
34.3723 	EXP 	fade_in_text: autoDraw = True
34.3890 	EXP 	fade_in_text: autoDraw = True
34.4057 	EXP 	fade_in_text: autoDraw = True
34.4225 	EXP 	fade_in_text: autoDraw = True
34.4389 	EXP 	fade_in_text: autoDraw = True
34.4557 	EXP 	fade_in_text: autoDraw = True
34.4724 	EXP 	fade_in_text: autoDraw = True
34.4890 	EXP 	fade_in_text: autoDraw = True
34.5057 	EXP 	fade_in_text: autoDraw = True
34.5225 	EXP 	fade_in_text: autoDraw = True
34.5390 	EXP 	fade_in_text: autoDraw = True
34.5557 	EXP 	fade_in_text: autoDraw = True
34.5724 	EXP 	fade_in_text: autoDraw = True
34.5890 	EXP 	fade_in_text: autoDraw = True
34.6057 	EXP 	fade_in_text: autoDraw = True
34.6225 	EXP 	fade_in_text: autoDraw = True
34.6389 	EXP 	fade_in_text: autoDraw = True
34.6556 	EXP 	fade_in_text: autoDraw = True
34.6724 	EXP 	fade_in_text: autoDraw = True
34.6890 	EXP 	fade_in_text: autoDraw = True
34.7057 	EXP 	fade_in_text: autoDraw = True
34.7223 	EXP 	fade_in_text: autoDraw = True
34.7390 	EXP 	fade_in_text: autoDraw = True
34.7557 	EXP 	fade_in_text: autoDraw = True
34.7724 	EXP 	fade_in_text: autoDraw = True
34.7890 	EXP 	fade_in_text: autoDraw = True
34.8057 	EXP 	fade_in_text: autoDraw = True
34.8224 	EXP 	fade_in_text: autoDraw = True
34.8389 	EXP 	fade_in_text: autoDraw = True
34.8557 	EXP 	fade_in_text: autoDraw = True
34.8724 	EXP 	fade_in_text: autoDraw = True
34.8890 	EXP 	fade_in_text: autoDraw = True
34.9058 	EXP 	fade_in_text: autoDraw = True
34.9223 	EXP 	fade_in_text: autoDraw = True
34.9390 	EXP 	fade_in_text: autoDraw = True
34.9557 	EXP 	fade_in_text: autoDraw = True
34.9724 	EXP 	fade_in_text: autoDraw = True
34.9891 	EXP 	fade_in_text: autoDraw = True
35.0058 	EXP 	fade_in_text: autoDraw = True
35.0224 	EXP 	fade_in_text: autoDraw = True
35.0390 	EXP 	fade_in_text: autoDraw = True
35.0557 	EXP 	fade_in_text: autoDraw = True
35.0725 	EXP 	fade_in_text: autoDraw = True
35.0890 	EXP 	fade_in_text: autoDraw = True
35.1058 	EXP 	fade_in_text: autoDraw = True
35.1223 	EXP 	fade_in_text: autoDraw = True
35.1391 	EXP 	fade_in_text: autoDraw = True
35.1557 	EXP 	fade_in_text: autoDraw = True
35.1724 	EXP 	fade_in_text: autoDraw = True
35.1890 	EXP 	fade_in_text: autoDraw = True
35.2059 	EXP 	fade_in_text: autoDraw = True
35.2223 	EXP 	fade_in_text: autoDraw = True
35.2390 	EXP 	fade_in_text: autoDraw = True
35.2557 	EXP 	fade_in_text: autoDraw = True
35.2724 	EXP 	fade_in_text: autoDraw = True
35.2890 	EXP 	fade_in_text: autoDraw = True
35.3057 	EXP 	fade_in_text: autoDraw = True
35.3223 	EXP 	fade_in_text: autoDraw = True
35.3390 	EXP 	fade_in_text: autoDraw = True
35.3557 	EXP 	fade_in_text: autoDraw = True
35.3724 	EXP 	fade_in_text: autoDraw = True
35.3891 	EXP 	fade_in_text: autoDraw = True
35.4057 	EXP 	fade_in_text: autoDraw = True
35.4223 	EXP 	fade_in_text: autoDraw = True
35.4390 	EXP 	fade_in_text: autoDraw = True
35.4557 	EXP 	fade_in_text: autoDraw = True
35.4724 	EXP 	fade_in_text: autoDraw = True
35.4891 	EXP 	fade_in_text: autoDraw = True
35.5056 	EXP 	fade_in_text: autoDraw = True
35.5223 	EXP 	fade_in_text: autoDraw = True
35.5391 	EXP 	fade_in_text: autoDraw = True
35.5557 	EXP 	fade_in_text: autoDraw = True
35.5724 	EXP 	fade_in_text: autoDraw = True
35.5892 	EXP 	fade_in_text: autoDraw = True
35.6057 	EXP 	fade_in_text: autoDraw = True
35.6223 	EXP 	fade_in_text: autoDraw = True
35.6391 	EXP 	fade_in_text: autoDraw = True
35.6558 	EXP 	fade_in_text: autoDraw = True
35.6724 	EXP 	fade_in_text: autoDraw = True
35.6892 	EXP 	fade_in_text: autoDraw = True
35.7057 	EXP 	fade_in_text: autoDraw = True
35.7223 	EXP 	fade_in_text: autoDraw = True
35.7391 	EXP 	fade_in_text: autoDraw = True
35.7557 	EXP 	fade_in_text: autoDraw = True
35.7724 	EXP 	fade_in_text: autoDraw = True
35.7893 	EXP 	fade_in_text: autoDraw = True
35.8057 	EXP 	fade_in_text: autoDraw = True
35.8223 	EXP 	fade_in_text: autoDraw = True
35.8391 	EXP 	fade_in_text: autoDraw = True
35.8558 	EXP 	fade_in_text: autoDraw = True
35.8724 	EXP 	fade_in_text: autoDraw = True
35.8890 	EXP 	fade_in_text: autoDraw = True
35.9057 	EXP 	fade_in_text: autoDraw = True
35.9224 	EXP 	fade_in_text: autoDraw = True
35.9391 	EXP 	fade_in_text: autoDraw = True
35.9558 	EXP 	fade_in_text: autoDraw = True
35.9724 	EXP 	fade_in_text: autoDraw = True
35.9890 	EXP 	fade_in_text: autoDraw = True
36.0057 	EXP 	fade_in_text: autoDraw = True
36.0223 	EXP 	fade_in_text: autoDraw = True
36.0391 	EXP 	fade_in_text: autoDraw = True
36.0558 	EXP 	fade_in_text: autoDraw = True
36.0725 	EXP 	fade_in_text: autoDraw = True
36.0890 	EXP 	fade_in_text: autoDraw = True
36.1057 	EXP 	fade_in_text: autoDraw = True
36.1224 	EXP 	fade_in_text: autoDraw = True
36.1391 	EXP 	fade_in_text: autoDraw = True
36.1558 	EXP 	fade_in_text: autoDraw = True
36.1726 	EXP 	fade_in_text: autoDraw = True
36.1890 	EXP 	fade_in_text: autoDraw = True
36.2057 	EXP 	fade_in_text: autoDraw = True
36.2224 	EXP 	fade_in_text: autoDraw = True
36.2391 	EXP 	fade_in_text: autoDraw = True
36.2559 	EXP 	fade_in_text: autoDraw = True
36.2726 	EXP 	fade_in_text: autoDraw = True
36.2890 	EXP 	fade_in_text: autoDraw = True
36.3057 	EXP 	fade_in_text: autoDraw = True
36.3224 	EXP 	fade_in_text: autoDraw = True
36.3391 	EXP 	fade_in_text: autoDraw = True
36.3561 	EXP 	fade_in_text: autoDraw = True
36.3724 	EXP 	fade_in_text: autoDraw = True
36.3890 	EXP 	fade_in_text: autoDraw = True
36.4057 	EXP 	fade_in_text: autoDraw = True
36.4225 	EXP 	fade_in_text: autoDraw = True
36.4391 	EXP 	fade_in_text: autoDraw = True
36.4558 	EXP 	fade_in_text: autoDraw = True
36.4724 	EXP 	fade_in_text: autoDraw = True
36.4891 	EXP 	fade_in_text: autoDraw = True
36.5057 	EXP 	fade_in_text: autoDraw = True
36.5225 	EXP 	fade_in_text: autoDraw = True
36.5391 	EXP 	fade_in_text: autoDraw = True
36.5561 	EXP 	fade_in_text: autoDraw = True
36.5723 	EXP 	fade_in_text: autoDraw = True
36.5890 	EXP 	fade_in_text: autoDraw = True
36.6058 	EXP 	fade_in_text: autoDraw = True
36.6225 	EXP 	fade_in_text: autoDraw = True
36.6391 	EXP 	fade_in_text: autoDraw = True
36.6560 	EXP 	fade_in_text: autoDraw = True
36.6723 	EXP 	fade_in_text: autoDraw = True
36.6890 	EXP 	fade_in_text: autoDraw = True
36.7058 	EXP 	fade_in_text: autoDraw = True
36.7225 	EXP 	fade_in_text: autoDraw = True
36.7391 	EXP 	fade_in_text: autoDraw = True
36.7560 	EXP 	fade_in_text: autoDraw = True
36.7724 	EXP 	fade_in_text: autoDraw = True
36.7890 	EXP 	fade_in_text: autoDraw = True
36.8058 	EXP 	fade_in_text: autoDraw = True
36.8225 	EXP 	fade_in_text: autoDraw = True
36.8391 	EXP 	fade_in_text: autoDraw = True
36.8560 	EXP 	fade_in_text: autoDraw = True
36.8723 	EXP 	fade_in_text: autoDraw = True
36.8891 	EXP 	fade_in_text: autoDraw = True
36.9058 	EXP 	fade_in_text: autoDraw = True
36.9225 	EXP 	fade_in_text: autoDraw = True
36.9391 	EXP 	fade_in_text: autoDraw = True
36.9558 	EXP 	fade_in_text: autoDraw = True
36.9724 	EXP 	fade_in_text: autoDraw = True
36.9891 	EXP 	fade_in_text: autoDraw = True
37.0058 	EXP 	fade_in_text: autoDraw = True
37.0225 	EXP 	fade_in_text: autoDraw = True
37.0392 	EXP 	fade_in_text: autoDraw = True
37.0557 	EXP 	fade_in_text: autoDraw = True
37.0725 	EXP 	fade_in_text: autoDraw = True
37.0891 	EXP 	fade_in_text: autoDraw = True
37.1058 	EXP 	fade_in_text: autoDraw = True
37.1225 	EXP 	fade_in_text: autoDraw = True
37.1392 	EXP 	fade_in_text: autoDraw = True
37.1558 	EXP 	fade_in_text: autoDraw = True
37.1725 	EXP 	fade_in_text: autoDraw = True
37.1891 	EXP 	fade_in_text: autoDraw = True
37.2058 	EXP 	fade_in_text: autoDraw = True
37.2225 	EXP 	fade_in_text: autoDraw = True
37.2393 	EXP 	fade_in_text: autoDraw = True
37.2557 	EXP 	fade_in_text: autoDraw = True
37.2725 	EXP 	fade_in_text: autoDraw = True
37.2892 	EXP 	fade_in_text: autoDraw = True
37.3058 	EXP 	fade_in_text: autoDraw = True
37.3225 	EXP 	fade_in_text: autoDraw = True
37.3393 	EXP 	fade_in_text: autoDraw = True
37.3558 	EXP 	fade_in_text: autoDraw = True
37.3725 	EXP 	fade_in_text: autoDraw = True
37.3892 	EXP 	fade_in_text: autoDraw = True
37.4058 	EXP 	fade_in_text: autoDraw = True
37.4225 	EXP 	fade_in_text: autoDraw = True
37.4391 	EXP 	fade_in_text: autoDraw = True
37.4557 	EXP 	fade_in_text: autoDraw = True
37.4725 	EXP 	fade_in_text: autoDraw = True
37.4892 	EXP 	fade_in_text: autoDraw = True
37.5058 	EXP 	fade_in_text: autoDraw = True
37.5225 	EXP 	fade_in_text: autoDraw = True
37.5391 	EXP 	fade_in_text: autoDraw = True
37.5559 	EXP 	fade_in_text: autoDraw = True
37.5725 	EXP 	fade_in_text: autoDraw = True
37.5891 	EXP 	fade_in_text: autoDraw = True
37.6058 	EXP 	fade_in_text: autoDraw = True
37.6225 	EXP 	fade_in_text: autoDraw = True
37.6391 	EXP 	fade_in_text: autoDraw = True
37.6558 	EXP 	fade_in_text: autoDraw = True
37.6725 	EXP 	fade_in_text: autoDraw = True
37.6892 	EXP 	fade_in_text: autoDraw = True
37.7058 	EXP 	fade_in_text: autoDraw = True
37.7227 	EXP 	fade_in_text: autoDraw = True
37.7391 	EXP 	fade_in_text: autoDraw = True
37.7559 	EXP 	fade_in_text: autoDraw = True
37.7725 	EXP 	fade_in_text: autoDraw = True
37.7892 	EXP 	fade_in_text: autoDraw = True
37.8058 	EXP 	fade_in_text: autoDraw = True
37.8227 	EXP 	fade_in_text: autoDraw = True
37.8390 	EXP 	fade_in_text: autoDraw = True
37.8558 	EXP 	fade_in_text: autoDraw = True
37.8725 	EXP 	fade_in_text: autoDraw = True
37.8892 	EXP 	fade_in_text: autoDraw = True
37.9059 	EXP 	fade_in_text: autoDraw = True
37.9224 	EXP 	fade_in_text: autoDraw = True
37.9391 	EXP 	fade_in_text: autoDraw = True
37.9559 	EXP 	fade_in_text: autoDraw = True
37.9725 	EXP 	fade_in_text: autoDraw = True
37.9892 	EXP 	fade_in_text: autoDraw = True
38.0059 	EXP 	fade_in_text: autoDraw = True
38.0224 	EXP 	fade_in_text: autoDraw = True
38.0391 	EXP 	fade_in_text: autoDraw = True
38.0559 	EXP 	fade_in_text: autoDraw = True
38.0725 	EXP 	fade_in_text: autoDraw = True
38.0892 	EXP 	fade_in_text: autoDraw = True
38.1060 	EXP 	fade_in_text: autoDraw = True
38.1224 	EXP 	fade_in_text: autoDraw = True
38.1391 	EXP 	fade_in_text: autoDraw = True
38.1559 	EXP 	fade_in_text: autoDraw = True
38.1726 	EXP 	fade_in_text: autoDraw = True
38.1892 	EXP 	fade_in_text: autoDraw = True
38.2060 	EXP 	fade_in_text: autoDraw = True
38.2224 	EXP 	fade_in_text: autoDraw = True
38.2391 	EXP 	fade_in_text: autoDraw = True
38.2559 	EXP 	fade_in_text: autoDraw = True
38.2726 	EXP 	fade_in_text: autoDraw = True
38.2892 	EXP 	fade_in_text: autoDraw = True
38.3059 	EXP 	fade_in_text: autoDraw = True
38.3225 	EXP 	fade_in_text: autoDraw = True
38.3391 	EXP 	fade_in_text: autoDraw = True
38.3559 	EXP 	fade_in_text: autoDraw = True
38.3726 	EXP 	fade_in_text: autoDraw = True
38.3891 	EXP 	fade_in_text: autoDraw = True
38.4058 	EXP 	fade_in_text: autoDraw = True
38.4225 	EXP 	fade_in_text: autoDraw = True
38.4391 	EXP 	fade_in_text: autoDraw = True
38.4559 	EXP 	fade_in_text: autoDraw = True
38.4726 	EXP 	fade_in_text: autoDraw = True
38.4892 	EXP 	fade_in_text: autoDraw = True
38.5058 	EXP 	fade_in_text: autoDraw = True
38.5225 	EXP 	fade_in_text: autoDraw = True
38.5392 	EXP 	fade_in_text: autoDraw = True
38.5559 	EXP 	fade_in_text: autoDraw = True
38.5726 	EXP 	fade_in_text: autoDraw = True
38.5893 	EXP 	fade_in_text: autoDraw = True
38.6058 	EXP 	fade_in_text: autoDraw = True
38.6225 	EXP 	fade_in_text: autoDraw = True
38.6392 	EXP 	fade_in_text: autoDraw = True
38.6560 	EXP 	fade_in_text: autoDraw = True
38.6726 	EXP 	fade_in_text: autoDraw = True
38.6894 	EXP 	fade_in_text: autoDraw = True
38.7057 	EXP 	fade_in_text: autoDraw = True
38.7225 	EXP 	fade_in_text: autoDraw = True
38.7393 	EXP 	fade_in_text: autoDraw = True
38.7559 	EXP 	fade_in_text: autoDraw = True
38.7727 	EXP 	fade_in_text: autoDraw = True
38.7891 	EXP 	fade_in_text: autoDraw = True
38.8058 	EXP 	fade_in_text: autoDraw = True
38.8225 	EXP 	fade_in_text: autoDraw = True
38.8392 	EXP 	fade_in_text: autoDraw = True
38.8559 	EXP 	fade_in_text: autoDraw = True
38.8728 	EXP 	fade_in_text: autoDraw = True
38.8891 	EXP 	fade_in_text: autoDraw = True
38.9060 	EXP 	fade_in_text: autoDraw = True
38.9225 	EXP 	fade_in_text: autoDraw = True
38.9392 	EXP 	fade_in_text: autoDraw = True
38.9559 	EXP 	fade_in_text: autoDraw = True
38.9727 	EXP 	fade_in_text: autoDraw = True
38.9892 	EXP 	fade_in_text: autoDraw = True
39.0058 	EXP 	fade_in_text: autoDraw = True
39.0226 	EXP 	fade_in_text: autoDraw = True
39.0393 	EXP 	fade_in_text: autoDraw = True
39.0558 	EXP 	fade_in_text: autoDraw = True
39.0728 	EXP 	fade_in_text: autoDraw = True
39.0891 	EXP 	fade_in_text: autoDraw = True
39.1058 	EXP 	fade_in_text: autoDraw = True
39.1226 	EXP 	fade_in_text: autoDraw = True
39.1392 	EXP 	fade_in_text: autoDraw = True
39.1560 	EXP 	fade_in_text: autoDraw = True
39.1728 	EXP 	fade_in_text: autoDraw = True
39.1891 	EXP 	fade_in_text: autoDraw = True
39.2058 	EXP 	fade_in_text: autoDraw = True
39.2226 	EXP 	fade_in_text: autoDraw = True
39.2393 	EXP 	fade_in_text: autoDraw = True
39.2558 	EXP 	fade_in_text: autoDraw = True
39.2726 	EXP 	fade_in_text: autoDraw = True
39.2892 	EXP 	fade_in_text: autoDraw = True
39.3058 	EXP 	fade_in_text: autoDraw = True
39.3226 	EXP 	fade_in_text: autoDraw = True
39.3392 	EXP 	fade_in_text: autoDraw = True
39.3559 	EXP 	fade_in_text: autoDraw = True
39.3726 	EXP 	fade_in_text: autoDraw = True
39.3893 	EXP 	fade_in_text: autoDraw = True
39.4060 	EXP 	fade_in_text: autoDraw = True
39.4225 	EXP 	fade_in_text: autoDraw = True
39.4393 	EXP 	fade_in_text: autoDraw = True
39.4560 	EXP 	fade_in_text: autoDraw = True
39.4724 	EXP 	fade_in_text: autoDraw = True
39.4893 	EXP 	fade_in_text: autoDraw = True
39.5059 	EXP 	fade_in_text: autoDraw = True
39.5226 	EXP 	fade_in_text: autoDraw = True
39.5393 	EXP 	fade_in_text: autoDraw = True
39.5560 	EXP 	fade_in_text: autoDraw = True
39.5726 	EXP 	fade_in_text: autoDraw = True
39.5893 	EXP 	fade_in_text: autoDraw = True
39.6059 	EXP 	fade_in_text: autoDraw = True
39.6226 	EXP 	fade_in_text: autoDraw = True
39.6393 	EXP 	fade_in_text: autoDraw = True
39.6561 	EXP 	fade_in_text: autoDraw = True
39.6724 	EXP 	fade_in_text: autoDraw = True
39.6893 	EXP 	fade_in_text: autoDraw = True
39.7060 	EXP 	fade_in_text: autoDraw = True
39.7226 	EXP 	fade_in_text: autoDraw = True
39.7393 	EXP 	fade_in_text: autoDraw = True
39.7560 	EXP 	fade_in_text: autoDraw = True
39.7726 	EXP 	fade_in_text: autoDraw = True
39.7893 	EXP 	fade_in_text: autoDraw = True
39.8059 	EXP 	fade_in_text: autoDraw = True
39.8227 	EXP 	fade_in_text: autoDraw = True
39.8392 	EXP 	fade_in_text: autoDraw = True
39.8559 	EXP 	fade_in_text: autoDraw = True
39.8725 	EXP 	fade_in_text: autoDraw = True
39.8893 	EXP 	fade_in_text: autoDraw = True
39.9060 	EXP 	fade_in_text: autoDraw = True
39.9225 	EXP 	fade_in_text: autoDraw = True
39.9393 	EXP 	fade_in_text: autoDraw = True
39.9559 	EXP 	fade_in_text: autoDraw = True
39.9726 	EXP 	fade_in_text: autoDraw = True
39.9893 	EXP 	fade_in_text: autoDraw = True
40.0059 	EXP 	fade_in_text: autoDraw = True
40.0226 	EXP 	fade_in_text: autoDraw = True
40.0394 	EXP 	fade_in_text: autoDraw = True
40.0558 	EXP 	fade_in_text: autoDraw = True
40.0726 	EXP 	fade_in_text: autoDraw = True
40.0893 	EXP 	fade_in_text: autoDraw = True
40.1059 	EXP 	fade_in_text: autoDraw = True
40.1226 	EXP 	fade_in_text: autoDraw = True
40.1395 	EXP 	fade_in_text: autoDraw = True
40.1558 	EXP 	fade_in_text: autoDraw = True
40.1727 	EXP 	fade_in_text: autoDraw = True
40.1892 	EXP 	fade_in_text: autoDraw = True
40.2060 	EXP 	fade_in_text: autoDraw = True
40.2226 	EXP 	fade_in_text: autoDraw = True
40.2395 	EXP 	fade_in_text: autoDraw = True
40.2558 	EXP 	fade_in_text: autoDraw = True
40.2726 	EXP 	fade_in_text: autoDraw = True
40.2893 	EXP 	fade_in_text: autoDraw = True
40.3059 	EXP 	fade_in_text: autoDraw = True
40.3227 	EXP 	fade_in_text: autoDraw = True
40.3392 	EXP 	fade_in_text: autoDraw = True
40.3560 	EXP 	fade_in_text: autoDraw = True
40.3727 	EXP 	fade_in_text: autoDraw = True
40.3893 	EXP 	fade_in_text: autoDraw = True
40.4060 	EXP 	fade_in_text: autoDraw = True
40.4226 	EXP 	fade_in_text: autoDraw = True
40.4392 	EXP 	fade_in_text: autoDraw = True
40.4559 	EXP 	fade_in_text: autoDraw = True
40.4727 	EXP 	fade_in_text: autoDraw = True
40.4893 	EXP 	fade_in_text: autoDraw = True
40.5059 	EXP 	fade_in_text: autoDraw = True
40.5228 	EXP 	fade_in_text: autoDraw = True
40.5392 	EXP 	fade_in_text: autoDraw = True
40.5560 	EXP 	fade_in_text: autoDraw = True
40.5727 	EXP 	fade_in_text: autoDraw = True
40.5893 	EXP 	fade_in_text: autoDraw = True
40.6060 	EXP 	fade_in_text: autoDraw = True
40.6227 	EXP 	fade_in_text: autoDraw = True
40.6392 	EXP 	fade_in_text: autoDraw = True
40.6559 	EXP 	fade_in_text: autoDraw = True
40.6726 	EXP 	fade_in_text: autoDraw = True
40.6894 	EXP 	fade_in_text: autoDraw = True
40.7059 	EXP 	fade_in_text: autoDraw = True
40.7229 	EXP 	fade_in_text: autoDraw = True
40.7392 	EXP 	fade_in_text: autoDraw = True
40.7560 	EXP 	fade_in_text: autoDraw = True
40.7726 	EXP 	fade_in_text: autoDraw = True
40.7893 	EXP 	fade_in_text: autoDraw = True
40.8059 	EXP 	fade_in_text: autoDraw = True
40.8226 	EXP 	fade_in_text: autoDraw = True
40.8393 	EXP 	fade_in_text: autoDraw = True
40.8560 	EXP 	fade_in_text: autoDraw = True
40.8726 	EXP 	fade_in_text: autoDraw = True
40.8894 	EXP 	fade_in_text: autoDraw = True
40.9059 	EXP 	fade_in_text: autoDraw = True
40.9225 	EXP 	fade_in_text: autoDraw = True
40.9393 	EXP 	fade_in_text: autoDraw = True
40.9560 	EXP 	fade_in_text: autoDraw = True
40.9726 	EXP 	fade_in_text: autoDraw = True
40.9893 	EXP 	fade_in_text: autoDraw = True
41.0061 	EXP 	fade_in_text: autoDraw = True
41.0225 	EXP 	fade_in_text: autoDraw = True
41.0393 	EXP 	fade_in_text: autoDraw = True
41.0560 	EXP 	fade_in_text: autoDraw = True
41.0726 	EXP 	fade_in_text: autoDraw = True
41.0893 	EXP 	fade_in_text: autoDraw = True
41.1061 	EXP 	fade_in_text: autoDraw = True
41.1225 	EXP 	fade_in_text: autoDraw = True
41.1393 	EXP 	fade_in_text: autoDraw = True
41.1560 	EXP 	fade_in_text: autoDraw = True
41.1726 	EXP 	fade_in_text: autoDraw = True
41.1894 	EXP 	fade_in_text: autoDraw = True
41.2059 	EXP 	fade_in_text: autoDraw = True
41.2226 	EXP 	fade_in_text: autoDraw = True
41.2393 	EXP 	fade_in_text: autoDraw = True
41.2560 	EXP 	fade_in_text: autoDraw = True
41.2726 	EXP 	fade_in_text: autoDraw = True
41.2894 	EXP 	fade_in_text: autoDraw = True
41.3059 	EXP 	fade_in_text: autoDraw = True
41.3226 	EXP 	fade_in_text: autoDraw = True
41.3393 	EXP 	fade_in_text: autoDraw = True
41.3560 	EXP 	fade_in_text: autoDraw = True
41.3726 	EXP 	fade_in_text: autoDraw = True
41.3895 	EXP 	fade_in_text: autoDraw = True
41.4059 	EXP 	fade_in_text: autoDraw = True
41.4226 	EXP 	fade_in_text: autoDraw = True
41.4394 	EXP 	fade_in_text: autoDraw = True
41.4560 	EXP 	fade_in_text: autoDraw = True
41.4727 	EXP 	fade_in_text: autoDraw = True
41.4894 	EXP 	fade_in_text: autoDraw = True
41.5059 	EXP 	fade_in_text: autoDraw = True
41.5226 	EXP 	fade_in_text: autoDraw = True
41.5394 	EXP 	fade_in_text: autoDraw = True
41.5560 	EXP 	fade_in_text: autoDraw = True
41.5726 	EXP 	fade_in_text: autoDraw = True
41.5896 	EXP 	fade_in_text: autoDraw = True
41.6059 	EXP 	fade_in_text: autoDraw = True
41.6226 	EXP 	fade_in_text: autoDraw = True
41.6393 	EXP 	fade_in_text: autoDraw = True
41.6561 	EXP 	fade_in_text: autoDraw = True
41.6726 	EXP 	fade_in_text: autoDraw = True
41.6893 	EXP 	fade_in_text: autoDraw = True
41.7060 	EXP 	fade_in_text: autoDraw = True
41.7226 	EXP 	fade_in_text: autoDraw = True
41.7393 	EXP 	fade_in_text: autoDraw = True
41.7560 	EXP 	fade_in_text: autoDraw = True
41.7727 	EXP 	fade_in_text: autoDraw = True
41.7894 	EXP 	fade_in_text: autoDraw = True
41.8059 	EXP 	fade_in_text: autoDraw = True
41.8227 	EXP 	fade_in_text: autoDraw = True
41.8393 	EXP 	fade_in_text: autoDraw = True
41.8560 	EXP 	fade_in_text: autoDraw = True
41.8727 	EXP 	fade_in_text: autoDraw = True
41.8892 	EXP 	fade_in_text: autoDraw = True
41.9060 	EXP 	fade_in_text: autoDraw = True
41.9226 	EXP 	fade_in_text: autoDraw = True
41.9393 	EXP 	fade_in_text: autoDraw = True
41.9560 	EXP 	fade_in_text: autoDraw = True
41.9728 	EXP 	fade_in_text: autoDraw = True
41.9893 	EXP 	fade_in_text: autoDraw = True
42.0059 	EXP 	fade_in_text: autoDraw = True
42.0227 	EXP 	fade_in_text: autoDraw = True
42.0393 	EXP 	fade_in_text: autoDraw = True
42.0560 	EXP 	fade_in_text: autoDraw = True
42.0728 	EXP 	fade_in_text: autoDraw = True
42.0892 	EXP 	fade_in_text: autoDraw = True
42.1061 	EXP 	fade_in_text: autoDraw = True
42.1227 	EXP 	fade_in_text: autoDraw = True
42.1393 	EXP 	fade_in_text: autoDraw = True
42.1560 	EXP 	fade_in_text: autoDraw = True
42.1726 	EXP 	fade_in_text: autoDraw = True
42.1894 	EXP 	fade_in_text: autoDraw = True
42.2060 	EXP 	fade_in_text: autoDraw = True
42.2227 	EXP 	fade_in_text: autoDraw = True
42.2393 	EXP 	fade_in_text: autoDraw = True
42.2560 	EXP 	fade_in_text: autoDraw = True
42.2726 	EXP 	fade_in_text: autoDraw = True
42.2893 	EXP 	fade_in_text: autoDraw = True
42.3061 	EXP 	fade_in_text: autoDraw = True
42.3227 	EXP 	fade_in_text: autoDraw = True
42.3393 	EXP 	fade_in_text: autoDraw = True
42.3560 	EXP 	fade_in_text: autoDraw = True
42.3726 	EXP 	fade_in_text: autoDraw = True
42.3894 	EXP 	fade_in_text: autoDraw = True
42.4060 	EXP 	fade_in_text: autoDraw = True
42.4227 	EXP 	fade_in_text: autoDraw = True
42.4393 	EXP 	fade_in_text: autoDraw = True
42.4561 	EXP 	fade_in_text: autoDraw = True
42.4726 	EXP 	fade_in_text: autoDraw = True
42.4894 	EXP 	fade_in_text: autoDraw = True
42.5060 	EXP 	fade_in_text: autoDraw = True
42.5227 	EXP 	fade_in_text: autoDraw = True
42.5394 	EXP 	fade_in_text: autoDraw = True
42.5562 	EXP 	fade_in_text: autoDraw = True
42.5726 	EXP 	fade_in_text: autoDraw = True
42.5894 	EXP 	fade_in_text: autoDraw = True
42.6061 	EXP 	fade_in_text: autoDraw = True
42.6227 	EXP 	fade_in_text: autoDraw = True
42.6394 	EXP 	fade_in_text: autoDraw = True
42.6562 	EXP 	fade_in_text: autoDraw = True
42.6726 	EXP 	fade_in_text: autoDraw = True
42.6894 	EXP 	fade_in_text: autoDraw = True
42.7060 	EXP 	fade_in_text: autoDraw = True
42.7227 	EXP 	fade_in_text: autoDraw = True
42.7394 	EXP 	fade_in_text: autoDraw = True
42.7560 	EXP 	fade_in_text: autoDraw = True
42.7726 	EXP 	fade_in_text: autoDraw = True
42.7895 	EXP 	fade_in_text: autoDraw = True
42.8060 	EXP 	fade_in_text: autoDraw = True
42.8227 	EXP 	fade_in_text: autoDraw = True
42.8394 	EXP 	fade_in_text: autoDraw = True
42.8559 	EXP 	fade_in_text: autoDraw = True
42.8727 	EXP 	fade_in_text: autoDraw = True
42.8894 	EXP 	fade_in_text: autoDraw = True
42.9060 	EXP 	fade_in_text: autoDraw = True
42.9227 	EXP 	fade_in_text: autoDraw = True
42.9394 	EXP 	fade_in_text: autoDraw = True
42.9560 	EXP 	fade_in_text: autoDraw = True
42.9727 	EXP 	fade_in_text: autoDraw = True
42.9895 	EXP 	fade_in_text: autoDraw = True
43.0061 	EXP 	fade_in_text: autoDraw = True
43.0227 	EXP 	fade_in_text: autoDraw = True
43.0395 	EXP 	fade_in_text: autoDraw = True
43.0560 	EXP 	fade_in_text: autoDraw = True
43.0728 	EXP 	fade_in_text: autoDraw = True
43.0894 	EXP 	fade_in_text: autoDraw = True
43.1061 	EXP 	fade_in_text: autoDraw = True
43.1227 	EXP 	fade_in_text: autoDraw = True
43.1395 	EXP 	fade_in_text: autoDraw = True
43.1560 	EXP 	fade_in_text: autoDraw = True
43.1727 	EXP 	fade_in_text: autoDraw = True
43.1895 	EXP 	fade_in_text: autoDraw = True
43.2061 	EXP 	fade_in_text: autoDraw = True
43.2227 	EXP 	fade_in_text: autoDraw = True
43.2395 	EXP 	fade_in_text: autoDraw = True
43.2560 	EXP 	fade_in_text: autoDraw = True
43.2728 	EXP 	fade_in_text: autoDraw = True
43.2894 	EXP 	fade_in_text: autoDraw = True
43.3061 	EXP 	fade_in_text: autoDraw = True
43.3227 	EXP 	fade_in_text: autoDraw = True
43.3395 	EXP 	fade_in_text: autoDraw = True
43.3560 	EXP 	fade_in_text: autoDraw = True
43.3727 	EXP 	fade_in_text: autoDraw = True
43.3895 	EXP 	fade_in_text: autoDraw = True
43.4061 	EXP 	fade_in_text: autoDraw = True
43.4227 	EXP 	fade_in_text: autoDraw = True
43.4393 	EXP 	fade_in_text: autoDraw = True
43.4561 	EXP 	fade_in_text: autoDraw = True
43.4728 	EXP 	fade_in_text: autoDraw = True
43.4894 	EXP 	fade_in_text: autoDraw = True
43.5061 	EXP 	fade_in_text: autoDraw = True
43.5227 	EXP 	fade_in_text: autoDraw = True
43.5393 	EXP 	fade_in_text: autoDraw = True
43.5561 	EXP 	fade_in_text: autoDraw = True
43.5728 	EXP 	fade_in_text: autoDraw = True
43.5894 	EXP 	fade_in_text: autoDraw = True
43.6061 	EXP 	fade_in_text: autoDraw = True
43.6229 	EXP 	fade_in_text: autoDraw = True
43.6393 	EXP 	fade_in_text: autoDraw = True
43.6561 	EXP 	fade_in_text: autoDraw = True
43.6728 	EXP 	fade_in_text: autoDraw = True
43.6894 	EXP 	fade_in_text: autoDraw = True
43.7061 	EXP 	fade_in_text: autoDraw = True
43.7229 	EXP 	fade_in_text: autoDraw = True
43.7393 	EXP 	fade_in_text: autoDraw = True
43.7560 	EXP 	fade_in_text: autoDraw = True
43.7728 	EXP 	fade_in_text: autoDraw = True
43.7895 	EXP 	fade_in_text: autoDraw = True
43.8061 	EXP 	fade_in_text: autoDraw = True
43.8229 	EXP 	fade_in_text: autoDraw = True
43.8393 	EXP 	fade_in_text: autoDraw = True
43.8561 	EXP 	fade_in_text: autoDraw = True
43.8728 	EXP 	fade_in_text: autoDraw = True
43.8894 	EXP 	fade_in_text: autoDraw = True
43.9061 	EXP 	fade_in_text: autoDraw = True
43.9227 	EXP 	fade_in_text: autoDraw = True
43.9394 	EXP 	fade_in_text: autoDraw = True
43.9561 	EXP 	fade_in_text: autoDraw = True
43.9728 	EXP 	fade_in_text: autoDraw = True
43.9895 	EXP 	fade_in_text: autoDraw = True
44.0061 	EXP 	fade_in_text: autoDraw = True
44.0227 	EXP 	fade_in_text: autoDraw = True
44.0394 	EXP 	fade_in_text: autoDraw = True
44.0562 	EXP 	fade_in_text: autoDraw = True
44.0728 	EXP 	fade_in_text: autoDraw = True
44.0895 	EXP 	fade_in_text: autoDraw = True
44.1061 	EXP 	fade_in_text: autoDraw = True
44.1227 	EXP 	fade_in_text: autoDraw = True
44.1395 	EXP 	fade_in_text: autoDraw = True
44.1561 	EXP 	fade_in_text: autoDraw = True
44.1728 	EXP 	fade_in_text: autoDraw = True
44.1895 	EXP 	fade_in_text: autoDraw = True
44.2061 	EXP 	fade_in_text: autoDraw = True
44.2227 	EXP 	fade_in_text: autoDraw = True
44.2395 	EXP 	fade_in_text: autoDraw = True
44.2561 	EXP 	fade_in_text: autoDraw = True
44.2728 	EXP 	fade_in_text: autoDraw = True
44.2895 	EXP 	fade_in_text: autoDraw = True
44.3062 	EXP 	fade_in_text: autoDraw = True
44.3227 	EXP 	fade_in_text: autoDraw = True
44.3394 	EXP 	fade_in_text: autoDraw = True
44.3562 	EXP 	fade_in_text: autoDraw = True
44.3728 	EXP 	fade_in_text: autoDraw = True
44.3895 	EXP 	fade_in_text: autoDraw = True
44.4062 	EXP 	fade_in_text: autoDraw = True
44.4227 	EXP 	fade_in_text: autoDraw = True
44.4395 	EXP 	fade_in_text: autoDraw = True
44.4562 	EXP 	fade_in_text: autoDraw = True
44.4728 	EXP 	fade_in_text: autoDraw = True
44.4895 	EXP 	fade_in_text: autoDraw = True
44.5063 	EXP 	fade_in_text: autoDraw = True
44.5227 	EXP 	fade_in_text: autoDraw = True
44.5394 	EXP 	fade_in_text: autoDraw = True
44.5562 	EXP 	fade_in_text: autoDraw = True
44.5728 	EXP 	fade_in_text: autoDraw = True
44.5895 	EXP 	fade_in_text: autoDraw = True
44.6062 	EXP 	fade_in_text: autoDraw = True
44.6227 	EXP 	fade_in_text: autoDraw = True
44.6395 	EXP 	fade_in_text: autoDraw = True
44.6561 	EXP 	fade_in_text: autoDraw = True
44.6728 	EXP 	fade_in_text: autoDraw = True
44.6895 	EXP 	fade_in_text: autoDraw = True
44.7062 	EXP 	fade_in_text: autoDraw = True
44.7227 	EXP 	fade_in_text: autoDraw = True
44.7395 	EXP 	fade_in_text: autoDraw = True
44.7562 	EXP 	fade_in_text: autoDraw = True
44.7728 	EXP 	fade_in_text: autoDraw = True
44.7895 	EXP 	fade_in_text: autoDraw = True
44.8061 	EXP 	fade_in_text: autoDraw = True
44.8227 	EXP 	fade_in_text: autoDraw = True
44.8395 	EXP 	fade_in_text: autoDraw = True
44.8562 	EXP 	fade_in_text: autoDraw = True
44.8728 	EXP 	fade_in_text: autoDraw = True
44.8896 	EXP 	fade_in_text: autoDraw = True
44.9061 	EXP 	fade_in_text: autoDraw = True
44.9227 	EXP 	fade_in_text: autoDraw = True
44.9395 	EXP 	fade_in_text: autoDraw = True
44.9562 	EXP 	fade_in_text: autoDraw = True
44.9728 	EXP 	fade_in_text: autoDraw = True
44.9896 	EXP 	fade_in_text: autoDraw = True
45.0062 	EXP 	fade_in_text: autoDraw = True
45.0227 	EXP 	fade_in_text: autoDraw = True
45.0395 	EXP 	fade_in_text: autoDraw = True
45.0562 	EXP 	fade_in_text: autoDraw = True
45.0728 	EXP 	fade_in_text: autoDraw = True
45.0897 	EXP 	fade_in_text: autoDraw = True
45.1061 	EXP 	fade_in_text: autoDraw = True
45.1227 	EXP 	fade_in_text: autoDraw = True
45.1395 	EXP 	fade_in_text: autoDraw = True
45.1562 	EXP 	fade_in_text: autoDraw = True
45.1728 	EXP 	fade_in_text: autoDraw = True
45.1894 	EXP 	fade_in_text: autoDraw = True
45.2062 	EXP 	fade_in_text: autoDraw = True
45.2228 	EXP 	fade_in_text: autoDraw = True
45.2395 	EXP 	fade_in_text: autoDraw = True
45.2562 	EXP 	fade_in_text: autoDraw = True
45.2728 	EXP 	fade_in_text: autoDraw = True
45.2894 	EXP 	fade_in_text: autoDraw = True
45.3061 	EXP 	fade_in_text: autoDraw = True
45.3228 	EXP 	fade_in_text: autoDraw = True
45.3395 	EXP 	fade_in_text: autoDraw = True
45.3562 	EXP 	fade_in_text: autoDraw = True
45.3729 	EXP 	fade_in_text: autoDraw = True
45.3894 	EXP 	fade_in_text: autoDraw = True
45.4062 	EXP 	fade_in_text: autoDraw = True
45.4229 	EXP 	fade_in_text: autoDraw = True
45.4395 	EXP 	fade_in_text: autoDraw = True
45.4562 	EXP 	fade_in_text: autoDraw = True
45.4730 	EXP 	fade_in_text: autoDraw = True
45.4894 	EXP 	fade_in_text: autoDraw = True
45.5061 	EXP 	fade_in_text: autoDraw = True
45.5229 	EXP 	fade_in_text: autoDraw = True
45.5395 	EXP 	fade_in_text: autoDraw = True
45.5562 	EXP 	fade_in_text: autoDraw = True
45.5730 	EXP 	fade_in_text: autoDraw = True
45.5895 	EXP 	fade_in_text: autoDraw = True
45.6062 	EXP 	fade_in_text: autoDraw = True
45.6229 	EXP 	fade_in_text: autoDraw = True
45.6395 	EXP 	fade_in_text: autoDraw = True
45.6562 	EXP 	fade_in_text: autoDraw = True
45.6730 	EXP 	fade_in_text: autoDraw = True
45.6894 	EXP 	fade_in_text: autoDraw = True
45.7061 	EXP 	fade_in_text: autoDraw = True
45.7229 	EXP 	fade_in_text: autoDraw = True
45.7395 	EXP 	fade_in_text: autoDraw = True
45.7562 	EXP 	fade_in_text: autoDraw = True
45.7728 	EXP 	fade_in_text: autoDraw = True
45.7895 	EXP 	fade_in_text: autoDraw = True
45.8062 	EXP 	fade_in_text: autoDraw = True
45.8229 	EXP 	fade_in_text: autoDraw = True
45.8395 	EXP 	fade_in_text: autoDraw = True
45.8562 	EXP 	fade_in_text: autoDraw = True
45.8728 	EXP 	fade_in_text: autoDraw = True
45.8895 	EXP 	fade_in_text: autoDraw = True
45.9062 	EXP 	fade_in_text: autoDraw = True
45.9229 	EXP 	fade_in_text: autoDraw = True
45.9396 	EXP 	fade_in_text: autoDraw = True
45.9562 	EXP 	fade_in_text: autoDraw = True
45.9728 	EXP 	fade_in_text: autoDraw = True
45.9895 	EXP 	fade_in_text: autoDraw = True
46.0062 	EXP 	fade_in_text: autoDraw = True
46.0229 	EXP 	fade_in_text: autoDraw = True
46.0395 	EXP 	fade_in_text: autoDraw = True
46.0563 	EXP 	fade_in_text: autoDraw = True
46.0728 	EXP 	fade_in_text: autoDraw = True
46.0895 	EXP 	fade_in_text: autoDraw = True
46.1062 	EXP 	fade_in_text: autoDraw = True
46.1229 	EXP 	fade_in_text: autoDraw = True
46.1396 	EXP 	fade_in_text: autoDraw = True
46.1563 	EXP 	fade_in_text: autoDraw = True
46.1728 	EXP 	fade_in_text: autoDraw = True
46.1895 	EXP 	fade_in_text: autoDraw = True
46.2062 	EXP 	fade_in_text: autoDraw = True
46.2229 	EXP 	fade_in_text: autoDraw = True
46.2396 	EXP 	fade_in_text: autoDraw = True
46.2564 	EXP 	fade_in_text: autoDraw = True
46.2729 	EXP 	fade_in_text: autoDraw = True
46.2895 	EXP 	fade_in_text: autoDraw = True
46.3062 	EXP 	fade_in_text: autoDraw = True
46.3229 	EXP 	fade_in_text: autoDraw = True
46.3396 	EXP 	fade_in_text: autoDraw = True
46.3562 	EXP 	fade_in_text: autoDraw = True
46.3728 	EXP 	fade_in_text: autoDraw = True
46.3895 	EXP 	fade_in_text: autoDraw = True
46.4062 	EXP 	fade_in_text: autoDraw = True
46.4229 	EXP 	fade_in_text: autoDraw = True
46.4396 	EXP 	fade_in_text: autoDraw = True
46.4562 	EXP 	fade_in_text: autoDraw = True
46.4728 	EXP 	fade_in_text: autoDraw = True
46.4896 	EXP 	fade_in_text: autoDraw = True
46.5062 	EXP 	fade_in_text: autoDraw = True
46.5229 	EXP 	fade_in_text: autoDraw = True
46.5396 	EXP 	fade_in_text: autoDraw = True
46.5562 	EXP 	fade_in_text: autoDraw = True
46.5728 	EXP 	fade_in_text: autoDraw = True
46.5896 	EXP 	fade_in_text: autoDraw = True
46.6063 	EXP 	fade_in_text: autoDraw = True
46.6229 	EXP 	fade_in_text: autoDraw = True
46.6397 	EXP 	fade_in_text: autoDraw = True
46.6562 	EXP 	fade_in_text: autoDraw = True
46.6728 	EXP 	fade_in_text: autoDraw = True
46.6896 	EXP 	fade_in_text: autoDraw = True
46.7063 	EXP 	fade_in_text: autoDraw = True
46.7229 	EXP 	fade_in_text: autoDraw = True
46.7397 	EXP 	fade_in_text: autoDraw = True
46.7562 	EXP 	fade_in_text: autoDraw = True
46.7728 	EXP 	fade_in_text: autoDraw = True
46.7896 	EXP 	fade_in_text: autoDraw = True
46.8063 	EXP 	fade_in_text: autoDraw = True
46.8229 	EXP 	fade_in_text: autoDraw = True
46.8398 	EXP 	fade_in_text: autoDraw = True
46.8562 	EXP 	fade_in_text: autoDraw = True
46.8729 	EXP 	fade_in_text: autoDraw = True
46.8896 	EXP 	fade_in_text: autoDraw = True
46.9063 	EXP 	fade_in_text: autoDraw = True
46.9230 	EXP 	fade_in_text: autoDraw = True
46.9396 	EXP 	fade_in_text: autoDraw = True
46.9562 	EXP 	fade_in_text: autoDraw = True
46.9729 	EXP 	fade_in_text: autoDraw = True
46.9896 	EXP 	fade_in_text: autoDraw = True
47.0063 	EXP 	fade_in_text: autoDraw = True
47.0229 	EXP 	fade_in_text: autoDraw = True
47.0395 	EXP 	fade_in_text: autoDraw = True
47.0562 	EXP 	fade_in_text: autoDraw = True
47.0729 	EXP 	fade_in_text: autoDraw = True
47.0896 	EXP 	fade_in_text: autoDraw = True
47.1063 	EXP 	fade_in_text: autoDraw = True
47.1230 	EXP 	fade_in_text: autoDraw = True
47.1395 	EXP 	fade_in_text: autoDraw = True
47.1562 	EXP 	fade_in_text: autoDraw = True
47.1729 	EXP 	fade_in_text: autoDraw = True
47.1896 	EXP 	fade_in_text: autoDraw = True
47.2063 	EXP 	fade_in_text: autoDraw = True
47.2230 	EXP 	fade_in_text: autoDraw = True
47.2395 	EXP 	fade_in_text: autoDraw = True
47.2562 	EXP 	fade_in_text: autoDraw = True
47.2730 	EXP 	fade_in_text: autoDraw = True
47.2896 	EXP 	fade_in_text: autoDraw = True
47.3063 	EXP 	fade_in_text: autoDraw = True
47.3231 	EXP 	fade_in_text: autoDraw = True
47.3395 	EXP 	fade_in_text: autoDraw = True
47.3562 	EXP 	fade_in_text: autoDraw = True
47.3730 	EXP 	fade_in_text: autoDraw = True
47.3896 	EXP 	fade_in_text: autoDraw = True
47.4063 	EXP 	fade_in_text: autoDraw = True
47.4231 	EXP 	fade_in_text: autoDraw = True
47.4395 	EXP 	fade_in_text: autoDraw = True
47.4562 	EXP 	fade_in_text: autoDraw = True
47.4730 	EXP 	fade_in_text: autoDraw = True
47.4896 	EXP 	fade_in_text: autoDraw = True
47.5063 	EXP 	fade_in_text: autoDraw = True
47.5231 	EXP 	fade_in_text: autoDraw = True
47.5395 	EXP 	fade_in_text: autoDraw = True
47.5562 	EXP 	fade_in_text: autoDraw = True
47.5730 	EXP 	fade_in_text: autoDraw = True
47.5896 	EXP 	fade_in_text: autoDraw = True
47.6063 	EXP 	fade_in_text: autoDraw = True
47.6230 	EXP 	fade_in_text: autoDraw = True
47.6395 	EXP 	fade_in_text: autoDraw = True
47.6562 	EXP 	fade_in_text: autoDraw = True
47.6730 	EXP 	fade_in_text: autoDraw = True
47.6897 	EXP 	fade_in_text: autoDraw = True
47.7063 	EXP 	fade_in_text: autoDraw = True
47.7230 	EXP 	fade_in_text: autoDraw = True
47.7396 	EXP 	fade_in_text: autoDraw = True
47.7563 	EXP 	fade_in_text: autoDraw = True
47.7730 	EXP 	fade_in_text: autoDraw = True
47.7896 	EXP 	fade_in_text: autoDraw = True
47.8063 	EXP 	fade_in_text: autoDraw = True
47.8230 	EXP 	fade_in_text: autoDraw = True
47.8396 	EXP 	fade_in_text: autoDraw = True
47.8563 	EXP 	fade_in_text: autoDraw = True
47.8730 	EXP 	fade_in_text: autoDraw = True
47.8897 	EXP 	fade_in_text: autoDraw = True
47.9063 	EXP 	fade_in_text: autoDraw = True
47.9231 	EXP 	fade_in_text: autoDraw = True
47.9396 	EXP 	fade_in_text: autoDraw = True
47.9563 	EXP 	fade_in_text: autoDraw = True
47.9730 	EXP 	fade_in_text: autoDraw = True
47.9897 	EXP 	fade_in_text: autoDraw = True
48.0064 	EXP 	fade_in_text: autoDraw = True
48.0230 	EXP 	fade_in_text: autoDraw = True
48.0396 	EXP 	fade_in_text: autoDraw = True
48.0563 	EXP 	fade_in_text: autoDraw = True
48.0730 	EXP 	fade_in_text: autoDraw = True
48.0897 	EXP 	fade_in_text: autoDraw = True
48.1064 	EXP 	fade_in_text: autoDraw = True
48.1229 	EXP 	fade_in_text: autoDraw = True
48.1396 	EXP 	fade_in_text: autoDraw = True
48.1563 	EXP 	fade_in_text: autoDraw = True
48.1730 	EXP 	fade_in_text: autoDraw = True
48.1897 	EXP 	fade_in_text: autoDraw = True
48.2065 	EXP 	fade_in_text: autoDraw = True
48.2230 	EXP 	fade_in_text: autoDraw = True
48.2396 	EXP 	fade_in_text: autoDraw = True
48.2563 	EXP 	fade_in_text: autoDraw = True
48.2730 	EXP 	fade_in_text: autoDraw = True
48.2897 	EXP 	fade_in_text: autoDraw = True
48.3063 	EXP 	fade_in_text: autoDraw = True
48.3229 	EXP 	fade_in_text: autoDraw = True
48.3396 	EXP 	fade_in_text: autoDraw = True
48.3563 	EXP 	fade_in_text: autoDraw = True
48.3730 	EXP 	fade_in_text: autoDraw = True
48.3897 	EXP 	fade_in_text: autoDraw = True
48.4063 	EXP 	fade_in_text: autoDraw = True
48.4230 	EXP 	fade_in_text: autoDraw = True
48.4397 	EXP 	fade_in_text: autoDraw = True
48.4563 	EXP 	fade_in_text: autoDraw = True
48.4730 	EXP 	fade_in_text: autoDraw = True
48.4897 	EXP 	fade_in_text: autoDraw = True
48.5063 	EXP 	fade_in_text: autoDraw = True
48.5230 	EXP 	fade_in_text: autoDraw = True
48.5397 	EXP 	fade_in_text: autoDraw = True
48.5564 	EXP 	fade_in_text: autoDraw = True
48.5730 	EXP 	fade_in_text: autoDraw = True
48.5898 	EXP 	fade_in_text: autoDraw = True
48.6063 	EXP 	fade_in_text: autoDraw = True
48.6230 	EXP 	fade_in_text: autoDraw = True
48.6397 	EXP 	fade_in_text: autoDraw = True
48.6564 	EXP 	fade_in_text: autoDraw = True
48.6730 	EXP 	fade_in_text: autoDraw = True
48.6898 	EXP 	fade_in_text: autoDraw = True
48.7063 	EXP 	fade_in_text: autoDraw = True
48.7229 	EXP 	fade_in_text: autoDraw = True
48.7397 	EXP 	fade_in_text: autoDraw = True
48.7564 	EXP 	fade_in_text: autoDraw = True
48.7730 	EXP 	fade_in_text: autoDraw = True
48.7898 	EXP 	fade_in_text: autoDraw = True
48.8063 	EXP 	fade_in_text: autoDraw = True
48.8230 	EXP 	fade_in_text: autoDraw = True
48.8397 	EXP 	fade_in_text: autoDraw = True
48.8564 	EXP 	fade_in_text: autoDraw = True
48.8730 	EXP 	fade_in_text: autoDraw = True
48.8896 	EXP 	fade_in_text: autoDraw = True
48.9063 	EXP 	fade_in_text: autoDraw = True
48.9230 	EXP 	fade_in_text: autoDraw = True
48.9397 	EXP 	fade_in_text: autoDraw = True
48.9564 	EXP 	fade_in_text: autoDraw = True
48.9730 	EXP 	fade_in_text: autoDraw = True
48.9896 	EXP 	fade_in_text: autoDraw = True
49.0064 	EXP 	fade_in_text: autoDraw = True
49.0231 	EXP 	fade_in_text: autoDraw = True
49.0397 	EXP 	fade_in_text: autoDraw = True
49.0564 	EXP 	fade_in_text: autoDraw = True
49.0730 	EXP 	fade_in_text: autoDraw = True
49.0896 	EXP 	fade_in_text: autoDraw = True
49.1063 	EXP 	fade_in_text: autoDraw = True
49.1231 	EXP 	fade_in_text: autoDraw = True
49.1397 	EXP 	fade_in_text: autoDraw = True
49.1564 	EXP 	fade_in_text: autoDraw = True
49.1731 	EXP 	fade_in_text: autoDraw = True
49.1896 	EXP 	fade_in_text: autoDraw = True
49.2064 	EXP 	fade_in_text: autoDraw = True
49.2231 	EXP 	fade_in_text: autoDraw = True
49.2397 	EXP 	fade_in_text: autoDraw = True
49.2564 	EXP 	fade_in_text: autoDraw = True
49.2732 	EXP 	fade_in_text: autoDraw = True
49.2896 	EXP 	fade_in_text: autoDraw = True
49.3063 	EXP 	fade_in_text: autoDraw = True
49.3231 	EXP 	fade_in_text: autoDraw = True
49.3397 	EXP 	fade_in_text: autoDraw = True
49.3564 	EXP 	fade_in_text: autoDraw = True
49.3732 	EXP 	fade_in_text: autoDraw = True
49.3896 	EXP 	fade_in_text: autoDraw = True
49.4063 	EXP 	fade_in_text: autoDraw = True
49.4231 	EXP 	fade_in_text: autoDraw = True
49.4397 	EXP 	fade_in_text: autoDraw = True
49.4564 	EXP 	fade_in_text: autoDraw = True
49.4732 	EXP 	fade_in_text: autoDraw = True
49.4897 	EXP 	fade_in_text: autoDraw = True
49.5063 	EXP 	fade_in_text: autoDraw = True
49.5231 	EXP 	fade_in_text: autoDraw = True
49.5397 	EXP 	fade_in_text: autoDraw = True
49.5564 	EXP 	fade_in_text: autoDraw = True
49.5730 	EXP 	fade_in_text: autoDraw = True
49.5897 	EXP 	fade_in_text: autoDraw = True
49.6064 	EXP 	fade_in_text: autoDraw = True
49.6231 	EXP 	fade_in_text: autoDraw = True
49.6398 	EXP 	fade_in_text: autoDraw = True
49.6564 	EXP 	fade_in_text: autoDraw = True
49.6730 	EXP 	fade_in_text: autoDraw = True
49.6897 	EXP 	fade_in_text: autoDraw = True
49.7064 	EXP 	fade_in_text: autoDraw = True
49.7231 	EXP 	fade_in_text: autoDraw = True
49.7398 	EXP 	fade_in_text: autoDraw = True
49.7564 	EXP 	fade_in_text: autoDraw = True
49.7730 	EXP 	fade_in_text: autoDraw = True
49.7897 	EXP 	fade_in_text: autoDraw = True
49.8064 	EXP 	fade_in_text: autoDraw = True
49.8231 	EXP 	fade_in_text: autoDraw = True
49.8398 	EXP 	fade_in_text: autoDraw = True
49.8565 	EXP 	fade_in_text: autoDraw = True
49.8730 	EXP 	fade_in_text: autoDraw = True
49.8897 	EXP 	fade_in_text: autoDraw = True
49.9064 	EXP 	fade_in_text: autoDraw = True
49.9231 	EXP 	fade_in_text: autoDraw = True
49.9398 	EXP 	fade_in_text: autoDraw = True
49.9566 	EXP 	fade_in_text: autoDraw = True
49.9730 	EXP 	fade_in_text: autoDraw = True
49.9897 	EXP 	fade_in_text: autoDraw = True
50.0064 	EXP 	fade_in_text: autoDraw = True
50.0231 	EXP 	fade_in_text: autoDraw = True
50.0398 	EXP 	fade_in_text: autoDraw = True
50.0565 	EXP 	fade_in_text: autoDraw = True
50.0730 	EXP 	fade_in_text: autoDraw = True
50.0897 	EXP 	fade_in_text: autoDraw = True
50.1064 	EXP 	fade_in_text: autoDraw = True
50.1231 	EXP 	fade_in_text: autoDraw = True
50.1398 	EXP 	fade_in_text: autoDraw = True
50.1565 	EXP 	fade_in_text: autoDraw = True
50.1730 	EXP 	fade_in_text: autoDraw = True
50.1897 	EXP 	fade_in_text: autoDraw = True
50.2064 	EXP 	fade_in_text: autoDraw = True
50.2231 	EXP 	fade_in_text: autoDraw = True
50.2398 	EXP 	fade_in_text: autoDraw = True
50.2564 	EXP 	fade_in_text: autoDraw = True
50.2730 	EXP 	fade_in_text: autoDraw = True
50.2898 	EXP 	fade_in_text: autoDraw = True
50.3065 	EXP 	fade_in_text: autoDraw = True
50.3231 	EXP 	fade_in_text: autoDraw = True
50.3398 	EXP 	fade_in_text: autoDraw = True
50.3564 	EXP 	fade_in_text: autoDraw = True
50.3730 	EXP 	fade_in_text: autoDraw = True
50.3898 	EXP 	fade_in_text: autoDraw = True
50.4064 	EXP 	fade_in_text: autoDraw = True
50.4231 	EXP 	fade_in_text: autoDraw = True
50.4399 	EXP 	fade_in_text: autoDraw = True
50.4564 	EXP 	fade_in_text: autoDraw = True
50.4730 	EXP 	fade_in_text: autoDraw = True
50.4898 	EXP 	fade_in_text: autoDraw = True
50.5065 	EXP 	fade_in_text: autoDraw = True
50.5231 	EXP 	fade_in_text: autoDraw = True
50.5399 	EXP 	fade_in_text: autoDraw = True
50.5564 	EXP 	fade_in_text: autoDraw = True
50.5730 	EXP 	fade_in_text: autoDraw = True
50.5898 	EXP 	fade_in_text: autoDraw = True
50.6065 	EXP 	fade_in_text: autoDraw = True
50.6231 	EXP 	fade_in_text: autoDraw = True
50.6399 	EXP 	fade_in_text: autoDraw = True
50.6564 	EXP 	fade_in_text: autoDraw = True
50.6730 	EXP 	fade_in_text: autoDraw = True
50.6898 	EXP 	fade_in_text: autoDraw = True
50.7065 	EXP 	fade_in_text: autoDraw = True
50.7231 	EXP 	fade_in_text: autoDraw = True
50.7399 	EXP 	fade_in_text: autoDraw = True
50.7564 	EXP 	fade_in_text: autoDraw = True
50.7731 	EXP 	fade_in_text: autoDraw = True
50.7898 	EXP 	fade_in_text: autoDraw = True
50.8065 	EXP 	fade_in_text: autoDraw = True
50.8232 	EXP 	fade_in_text: autoDraw = True
50.8398 	EXP 	fade_in_text: autoDraw = True
50.8564 	EXP 	fade_in_text: autoDraw = True
50.8731 	EXP 	fade_in_text: autoDraw = True
50.8898 	EXP 	fade_in_text: autoDraw = True
50.9065 	EXP 	fade_in_text: autoDraw = True
50.9231 	EXP 	fade_in_text: autoDraw = True
50.9398 	EXP 	fade_in_text: autoDraw = True
50.9564 	EXP 	fade_in_text: autoDraw = True
50.9731 	EXP 	fade_in_text: autoDraw = True
50.9898 	EXP 	fade_in_text: autoDraw = True
51.0065 	EXP 	fade_in_text: autoDraw = True
51.0232 	EXP 	fade_in_text: autoDraw = True
51.0398 	EXP 	fade_in_text: autoDraw = True
51.0564 	EXP 	fade_in_text: autoDraw = True
51.0731 	EXP 	fade_in_text: autoDraw = True
51.0898 	EXP 	fade_in_text: autoDraw = True
51.1065 	EXP 	fade_in_text: autoDraw = True
51.1232 	EXP 	fade_in_text: autoDraw = True
51.1398 	EXP 	fade_in_text: autoDraw = True
51.1564 	EXP 	fade_in_text: autoDraw = True
51.1732 	EXP 	fade_in_text: autoDraw = True
51.1898 	EXP 	fade_in_text: autoDraw = True
51.2065 	EXP 	fade_in_text: autoDraw = True
51.2233 	EXP 	fade_in_text: autoDraw = True
51.2398 	EXP 	fade_in_text: autoDraw = True
51.2564 	EXP 	fade_in_text: autoDraw = True
51.2732 	EXP 	fade_in_text: autoDraw = True
51.2898 	EXP 	fade_in_text: autoDraw = True
51.3065 	EXP 	fade_in_text: autoDraw = True
51.3233 	EXP 	fade_in_text: autoDraw = True
51.3399 	EXP 	fade_in_text: autoDraw = True
51.3564 	EXP 	fade_in_text: autoDraw = True
51.3732 	EXP 	fade_in_text: autoDraw = True
51.3898 	EXP 	fade_in_text: autoDraw = True
51.4065 	EXP 	fade_in_text: autoDraw = True
51.4233 	EXP 	fade_in_text: autoDraw = True
51.4398 	EXP 	fade_in_text: autoDraw = True
51.4565 	EXP 	fade_in_text: autoDraw = True
51.4732 	EXP 	fade_in_text: autoDraw = True
51.4898 	EXP 	fade_in_text: autoDraw = True
51.5065 	EXP 	fade_in_text: autoDraw = True
51.5231 	EXP 	fade_in_text: autoDraw = True
51.5398 	EXP 	fade_in_text: autoDraw = True
51.5565 	EXP 	fade_in_text: autoDraw = True
51.5732 	EXP 	fade_in_text: autoDraw = True
51.5899 	EXP 	fade_in_text: autoDraw = True
51.6065 	EXP 	fade_in_text: autoDraw = True
51.6231 	EXP 	fade_in_text: autoDraw = True
51.6398 	EXP 	fade_in_text: autoDraw = True
51.6565 	EXP 	fade_in_text: autoDraw = True
51.6732 	EXP 	fade_in_text: autoDraw = True
51.6899 	EXP 	fade_in_text: autoDraw = True
51.7065 	EXP 	fade_in_text: autoDraw = True
51.7231 	EXP 	fade_in_text: autoDraw = True
51.7398 	EXP 	fade_in_text: autoDraw = True
51.7565 	EXP 	fade_in_text: autoDraw = True
51.7732 	EXP 	fade_in_text: autoDraw = True
51.7899 	EXP 	fade_in_text: autoDraw = True
51.8067 	EXP 	fade_in_text: autoDraw = True
51.8231 	EXP 	fade_in_text: autoDraw = True
51.8398 	EXP 	fade_in_text: autoDraw = True
51.8565 	EXP 	fade_in_text: autoDraw = True
51.8732 	EXP 	fade_in_text: autoDraw = True
51.8899 	EXP 	fade_in_text: autoDraw = True
51.9066 	EXP 	fade_in_text: autoDraw = True
51.9231 	EXP 	fade_in_text: autoDraw = True
51.9398 	EXP 	fade_in_text: autoDraw = True
51.9565 	EXP 	fade_in_text: autoDraw = True
51.9732 	EXP 	fade_in_text: autoDraw = True
51.9899 	EXP 	fade_in_text: autoDraw = True
52.0067 	EXP 	fade_in_text: autoDraw = True
52.0231 	EXP 	fade_in_text: autoDraw = True
52.0399 	EXP 	fade_in_text: autoDraw = True
52.0565 	EXP 	fade_in_text: autoDraw = True
52.0732 	EXP 	fade_in_text: autoDraw = True
52.0899 	EXP 	fade_in_text: autoDraw = True
52.1065 	EXP 	fade_in_text: autoDraw = True
52.1231 	EXP 	fade_in_text: autoDraw = True
52.1399 	EXP 	fade_in_text: autoDraw = True
52.1565 	EXP 	fade_in_text: autoDraw = True
52.1732 	EXP 	fade_in_text: autoDraw = True
52.1899 	EXP 	fade_in_text: autoDraw = True
52.2065 	EXP 	fade_in_text: autoDraw = True
52.2231 	EXP 	fade_in_text: autoDraw = True
52.2399 	EXP 	fade_in_text: autoDraw = True
52.2565 	EXP 	fade_in_text: autoDraw = True
52.2732 	EXP 	fade_in_text: autoDraw = True
52.2900 	EXP 	fade_in_text: autoDraw = True
52.3065 	EXP 	fade_in_text: autoDraw = True
52.3231 	EXP 	fade_in_text: autoDraw = True
52.3399 	EXP 	fade_in_text: autoDraw = True
52.3566 	EXP 	fade_in_text: autoDraw = True
52.3732 	EXP 	fade_in_text: autoDraw = True
52.3900 	EXP 	fade_in_text: autoDraw = True
52.4065 	EXP 	fade_in_text: autoDraw = True
52.4231 	EXP 	fade_in_text: autoDraw = True
52.4399 	EXP 	fade_in_text: autoDraw = True
52.4566 	EXP 	fade_in_text: autoDraw = True
52.4732 	EXP 	fade_in_text: autoDraw = True
52.4900 	EXP 	fade_in_text: autoDraw = True
52.5065 	EXP 	fade_in_text: autoDraw = True
52.5232 	EXP 	fade_in_text: autoDraw = True
52.5399 	EXP 	fade_in_text: autoDraw = True
52.5566 	EXP 	fade_in_text: autoDraw = True
52.5732 	EXP 	fade_in_text: autoDraw = True
52.5898 	EXP 	fade_in_text: autoDraw = True
52.6065 	EXP 	fade_in_text: autoDraw = True
52.6232 	EXP 	fade_in_text: autoDraw = True
52.6399 	EXP 	fade_in_text: autoDraw = True
52.6566 	EXP 	fade_in_text: autoDraw = True
52.6732 	EXP 	fade_in_text: autoDraw = True
52.6899 	EXP 	fade_in_text: autoDraw = True
52.7065 	EXP 	fade_in_text: autoDraw = True
52.7232 	EXP 	fade_in_text: autoDraw = True
52.7399 	EXP 	fade_in_text: autoDraw = True
52.7566 	EXP 	fade_in_text: autoDraw = True
52.7732 	EXP 	fade_in_text: autoDraw = True
52.7898 	EXP 	fade_in_text: autoDraw = True
52.8065 	EXP 	fade_in_text: autoDraw = True
52.8233 	EXP 	fade_in_text: autoDraw = True
52.8399 	EXP 	fade_in_text: autoDraw = True
52.8566 	EXP 	fade_in_text: autoDraw = True
52.8734 	EXP 	fade_in_text: autoDraw = True
52.8898 	EXP 	fade_in_text: autoDraw = True
52.9065 	EXP 	fade_in_text: autoDraw = True
52.9233 	EXP 	fade_in_text: autoDraw = True
52.9399 	EXP 	fade_in_text: autoDraw = True
52.9566 	EXP 	fade_in_text: autoDraw = True
52.9734 	EXP 	fade_in_text: autoDraw = True
52.9898 	EXP 	fade_in_text: autoDraw = True
53.0065 	EXP 	fade_in_text: autoDraw = True
53.0233 	EXP 	fade_in_text: autoDraw = True
53.0399 	EXP 	fade_in_text: autoDraw = True
53.0566 	EXP 	fade_in_text: autoDraw = True
53.0734 	EXP 	fade_in_text: autoDraw = True
53.0898 	EXP 	fade_in_text: autoDraw = True
53.1065 	EXP 	fade_in_text: autoDraw = True
53.1233 	EXP 	fade_in_text: autoDraw = True
53.1399 	EXP 	fade_in_text: autoDraw = True
53.1566 	EXP 	fade_in_text: autoDraw = True
53.1734 	EXP 	fade_in_text: autoDraw = True
53.1899 	EXP 	fade_in_text: autoDraw = True
53.2065 	EXP 	fade_in_text: autoDraw = True
53.2233 	EXP 	fade_in_text: autoDraw = True
53.2399 	EXP 	fade_in_text: autoDraw = True
53.2566 	EXP 	fade_in_text: autoDraw = True
53.2732 	EXP 	fade_in_text: autoDraw = True
53.2899 	EXP 	fade_in_text: autoDraw = True
53.3066 	EXP 	fade_in_text: autoDraw = True
53.3233 	EXP 	fade_in_text: autoDraw = True
53.3399 	EXP 	fade_in_text: autoDraw = True
53.3566 	EXP 	fade_in_text: autoDraw = True
53.3732 	EXP 	fade_in_text: autoDraw = True
53.3899 	EXP 	fade_in_text: autoDraw = True
53.4066 	EXP 	fade_in_text: autoDraw = True
53.4233 	EXP 	fade_in_text: autoDraw = True
53.4400 	EXP 	fade_in_text: autoDraw = True
53.4566 	EXP 	fade_in_text: autoDraw = True
53.4732 	EXP 	fade_in_text: autoDraw = True
53.4899 	EXP 	fade_in_text: autoDraw = True
53.5066 	EXP 	fade_in_text: autoDraw = True
53.5233 	EXP 	fade_in_text: autoDraw = True
53.5399 	EXP 	fade_in_text: autoDraw = True
53.5567 	EXP 	fade_in_text: autoDraw = True
53.5732 	EXP 	fade_in_text: autoDraw = True
53.5899 	EXP 	fade_in_text: autoDraw = True
53.6066 	EXP 	fade_in_text: autoDraw = True
53.6233 	EXP 	fade_in_text: autoDraw = True
53.6400 	EXP 	fade_in_text: autoDraw = True
53.6567 	EXP 	fade_in_text: autoDraw = True
53.6732 	EXP 	fade_in_text: autoDraw = True
53.6899 	EXP 	fade_in_text: autoDraw = True
53.7066 	EXP 	fade_in_text: autoDraw = True
53.7233 	EXP 	fade_in_text: autoDraw = True
56.7736 	EXP 	fade_in_text: autoDraw = False
56.7736 	EXP 	RS_intro_title: autoDraw = True
56.7736 	EXP 	RS_intro_text: autoDraw = True
79.7914 	EXP 	RS_intro_title: autoDraw = False
79.7914 	EXP 	RS_intro_text: autoDraw = False
79.7914 	EXP 	RS_intro_title: autoDraw = False
79.7914 	EXP 	RS_intro_text: autoDraw = False
79.7914 	EXP 	RS_rec_text: text = 'Please keep relaxed and close your eyes.\n'
79.7914 	EXP 	RS_rec_text: autoDraw = True
259.8011 	EXP 	RS_rec_text: autoDraw = False
263.1511 	EXP 	RS_rec_text: autoDraw = False
263.1511 	EXP 	RS_intro_title: autoDraw = True
263.1511 	EXP 	RS_intro_text: autoDraw = True
286.1692 	EXP 	RS_intro_title: autoDraw = False
286.1692 	EXP 	RS_intro_text: autoDraw = False
286.1692 	EXP 	RS_intro_title: autoDraw = False
286.1692 	EXP 	RS_intro_text: autoDraw = False
286.1692 	EXP 	RS_rec_text: text = 'Please keep relaxed and open your eyes.\nNote: Blinking is allowed.'
286.1692 	EXP 	RS_rec_text: autoDraw = True
466.1786 	EXP 	RS_rec_text: autoDraw = False
469.5621 	EXP 	RS_rec_text: autoDraw = False
469.5621 	EXP 	Pause_cont: text = 'Press [space] key to continue.'
469.5621 	EXP 	Pause_cont: autoDraw = True
483.5506 	DATA 	Keypress: space
486.5963 	EXP 	Pause_cont: autoDraw = False
486.5963 	EXP 	QA_intro_title: autoDraw = True
486.5963 	EXP 	QA_intro_text: autoDraw = True
525.9813 	EXP 	QA_intro_cont: autoDraw = True
526.6147 	EXP 	QA_intro_title: autoDraw = False
526.6147 	EXP 	QA_intro_text: autoDraw = False
527.1353 	DATA 	Keypress: space
528.1853 	EXP 	Created sequence: random, trialTypes=1, nReps=2, seed=None
528.1859 	EXP 	New trial (rep=0, index=0): None
529.1892 	EXP 	Created sequence: random, trialTypes=1, nReps=25, seed=None
529.1901 	EXP 	New trial (rep=0, index=0): None
530.2485 	EXP 	QA_intro_title: autoDraw = False
530.2485 	EXP 	QA_intro_text: autoDraw = False
530.2485 	EXP 	QA_intro_cont: autoDraw = False
530.2485 	EXP 	QA_rec_text: autoDraw = True
548.2162 	EXP 	QA_rec_break: autoDraw = True
549.2160 	EXP 	QA_rec_break: autoDraw = False
550.2385 	EXP 	New trial (rep=1, index=0): None
551.2831 	EXP 	QA_rec_text: autoDraw = False
551.2831 	EXP 	QA_rec_break: autoDraw = False
551.2831 	EXP 	QA_rec_text: autoDraw = True
569.2671 	EXP 	QA_rec_break: autoDraw = True
570.2671 	EXP 	QA_rec_break: autoDraw = False
571.2722 	EXP 	New trial (rep=2, index=0): None
572.3169 	EXP 	QA_rec_text: autoDraw = False
572.3169 	EXP 	QA_rec_break: autoDraw = False
572.3169 	EXP 	QA_rec_text: autoDraw = True
590.3014 	EXP 	QA_rec_break: autoDraw = True
591.3015 	EXP 	QA_rec_break: autoDraw = False
592.3065 	EXP 	New trial (rep=3, index=0): None
593.3514 	EXP 	QA_rec_text: autoDraw = False
593.3514 	EXP 	QA_rec_break: autoDraw = False
593.3514 	EXP 	QA_rec_text: autoDraw = True
611.3358 	EXP 	QA_rec_break: autoDraw = True
612.3361 	EXP 	QA_rec_break: autoDraw = False
613.3416 	EXP 	New trial (rep=4, index=0): None
614.3860 	EXP 	QA_rec_text: autoDraw = False
614.3860 	EXP 	QA_rec_break: autoDraw = False
614.3860 	EXP 	QA_rec_text: autoDraw = True
632.3536 	EXP 	QA_rec_break: autoDraw = True
633.3535 	EXP 	QA_rec_break: autoDraw = False
634.3756 	EXP 	New trial (rep=5, index=0): None
635.4368 	EXP 	QA_rec_text: autoDraw = False
635.4368 	EXP 	QA_rec_break: autoDraw = False
635.4368 	EXP 	QA_rec_text: autoDraw = True
653.4044 	EXP 	QA_rec_break: autoDraw = True
654.4045 	EXP 	QA_rec_break: autoDraw = False
655.4254 	EXP 	New trial (rep=6, index=0): None
656.4714 	EXP 	QA_rec_text: autoDraw = False
656.4714 	EXP 	QA_rec_break: autoDraw = False
656.4714 	EXP 	QA_rec_text: autoDraw = True
674.4555 	EXP 	QA_rec_break: autoDraw = True
675.4555 	EXP 	QA_rec_break: autoDraw = False
676.4608 	EXP 	New trial (rep=7, index=0): None
677.5056 	EXP 	QA_rec_text: autoDraw = False
677.5056 	EXP 	QA_rec_break: autoDraw = False
677.5056 	EXP 	QA_rec_text: autoDraw = True
695.4899 	EXP 	QA_rec_break: autoDraw = True
696.4899 	EXP 	QA_rec_break: autoDraw = False
697.4954 	EXP 	New trial (rep=8, index=0): None
698.5569 	EXP 	QA_rec_text: autoDraw = False
698.5569 	EXP 	QA_rec_break: autoDraw = False
698.5569 	EXP 	QA_rec_text: autoDraw = True
716.5243 	EXP 	QA_rec_break: autoDraw = True
717.5243 	EXP 	QA_rec_break: autoDraw = False
718.5453 	EXP 	New trial (rep=9, index=0): None
719.6096 	EXP 	QA_rec_text: autoDraw = False
719.6096 	EXP 	QA_rec_break: autoDraw = False
719.6096 	EXP 	QA_rec_text: autoDraw = True
737.5753 	EXP 	QA_rec_break: autoDraw = True
738.5754 	EXP 	QA_rec_break: autoDraw = False
739.6025 	EXP 	New trial (rep=10, index=0): None
740.6596 	EXP 	QA_rec_text: autoDraw = False
740.6596 	EXP 	QA_rec_break: autoDraw = False
740.6596 	EXP 	QA_rec_text: autoDraw = True
758.6266 	EXP 	QA_rec_break: autoDraw = True
759.6267 	EXP 	QA_rec_break: autoDraw = False
760.6477 	EXP 	New trial (rep=11, index=0): None
761.6941 	EXP 	QA_rec_text: autoDraw = False
761.6941 	EXP 	QA_rec_break: autoDraw = False
761.6941 	EXP 	QA_rec_text: autoDraw = True
779.6611 	EXP 	QA_rec_break: autoDraw = True
780.6610 	EXP 	QA_rec_break: autoDraw = False
781.6830 	EXP 	New trial (rep=12, index=0): None
782.7282 	EXP 	QA_rec_text: autoDraw = False
782.7282 	EXP 	QA_rec_break: autoDraw = False
782.7282 	EXP 	QA_rec_text: autoDraw = True
800.7121 	EXP 	QA_rec_break: autoDraw = True
801.7122 	EXP 	QA_rec_break: autoDraw = False
802.7171 	EXP 	New trial (rep=13, index=0): None
803.7628 	EXP 	QA_rec_text: autoDraw = False
803.7628 	EXP 	QA_rec_break: autoDraw = False
803.7628 	EXP 	QA_rec_text: autoDraw = True
821.7463 	EXP 	QA_rec_break: autoDraw = True
822.7464 	EXP 	QA_rec_break: autoDraw = False
823.7522 	EXP 	New trial (rep=14, index=0): None
824.7974 	EXP 	QA_rec_text: autoDraw = False
824.7974 	EXP 	QA_rec_break: autoDraw = False
824.7974 	EXP 	QA_rec_text: autoDraw = True
842.7810 	EXP 	QA_rec_break: autoDraw = True
843.7810 	EXP 	QA_rec_break: autoDraw = False
844.7860 	EXP 	New trial (rep=15, index=0): None
845.8315 	EXP 	QA_rec_text: autoDraw = False
845.8315 	EXP 	QA_rec_break: autoDraw = False
845.8315 	EXP 	QA_rec_text: autoDraw = True
863.8154 	EXP 	QA_rec_break: autoDraw = True
864.8157 	EXP 	QA_rec_break: autoDraw = False
865.8208 	EXP 	New trial (rep=16, index=0): None
866.8656 	EXP 	QA_rec_text: autoDraw = False
866.8656 	EXP 	QA_rec_break: autoDraw = False
866.8656 	EXP 	QA_rec_text: autoDraw = True
884.8330 	EXP 	QA_rec_break: autoDraw = True
885.8332 	EXP 	QA_rec_break: autoDraw = False
886.8545 	EXP 	New trial (rep=17, index=0): None
887.8997 	EXP 	QA_rec_text: autoDraw = False
887.8997 	EXP 	QA_rec_break: autoDraw = False
887.8997 	EXP 	QA_rec_text: autoDraw = True
905.8841 	EXP 	QA_rec_break: autoDraw = True
906.8844 	EXP 	QA_rec_break: autoDraw = False
907.8905 	EXP 	New trial (rep=18, index=0): None
908.9510 	EXP 	QA_rec_text: autoDraw = False
908.9510 	EXP 	QA_rec_break: autoDraw = False
908.9510 	EXP 	QA_rec_text: autoDraw = True
926.9018 	EXP 	QA_rec_break: autoDraw = True
927.9020 	EXP 	QA_rec_break: autoDraw = False
928.9235 	EXP 	New trial (rep=19, index=0): None
929.9853 	EXP 	QA_rec_text: autoDraw = False
929.9853 	EXP 	QA_rec_break: autoDraw = False
929.9853 	EXP 	QA_rec_text: autoDraw = True
947.9528 	EXP 	QA_rec_break: autoDraw = True
948.9528 	EXP 	QA_rec_break: autoDraw = False
949.9740 	EXP 	New trial (rep=20, index=0): None
951.0196 	EXP 	QA_rec_text: autoDraw = False
951.0196 	EXP 	QA_rec_break: autoDraw = False
951.0196 	EXP 	QA_rec_text: autoDraw = True
969.0039 	EXP 	QA_rec_break: autoDraw = True
970.0039 	EXP 	QA_rec_break: autoDraw = False
971.0091 	EXP 	New trial (rep=21, index=0): None
972.0712 	EXP 	QA_rec_text: autoDraw = False
972.0712 	EXP 	QA_rec_break: autoDraw = False
972.0712 	EXP 	QA_rec_text: autoDraw = True
990.0383 	EXP 	QA_rec_break: autoDraw = True
991.0384 	EXP 	QA_rec_break: autoDraw = False
992.0595 	EXP 	New trial (rep=22, index=0): None
993.1051 	EXP 	QA_rec_text: autoDraw = False
993.1051 	EXP 	QA_rec_break: autoDraw = False
993.1051 	EXP 	QA_rec_text: autoDraw = True
1011.0894 	EXP 	QA_rec_break: autoDraw = True
1012.0894 	EXP 	QA_rec_break: autoDraw = False
1013.0948 	EXP 	New trial (rep=23, index=0): None
1014.1401 	EXP 	QA_rec_text: autoDraw = False
1014.1401 	EXP 	QA_rec_break: autoDraw = False
1014.1401 	EXP 	QA_rec_text: autoDraw = True
1032.1238 	EXP 	QA_rec_break: autoDraw = True
1033.1239 	EXP 	QA_rec_break: autoDraw = False
1034.1288 	EXP 	New trial (rep=24, index=0): None
1035.1750 	EXP 	QA_rec_text: autoDraw = False
1035.1750 	EXP 	QA_rec_break: autoDraw = False
1035.1750 	EXP 	QA_rec_text: autoDraw = True
1053.1585 	EXP 	QA_rec_break: autoDraw = True
1054.1585 	EXP 	QA_rec_break: autoDraw = False
1057.1920 	EXP 	QA_rec_text: autoDraw = False
1057.1920 	EXP 	QA_rec_break: autoDraw = False
1057.1920 	EXP 	Pause_cont: text = 'Press [space] key to continue.'
1057.1920 	EXP 	Pause_cont: autoDraw = True
1070.1485 	DATA 	Keypress: space
1071.1645 	EXP 	New trial (rep=1, index=0): None
1072.1676 	EXP 	Created sequence: random, trialTypes=1, nReps=25, seed=None
1072.1686 	EXP 	New trial (rep=0, index=0): None
1073.2262 	EXP 	Pause_cont: autoDraw = False
1073.2262 	EXP 	QA_rec_text: autoDraw = True
1091.1936 	EXP 	QA_rec_break: autoDraw = True
1092.1938 	EXP 	QA_rec_break: autoDraw = False
1093.2154 	EXP 	New trial (rep=1, index=0): None
1094.2613 	EXP 	QA_rec_text: autoDraw = False
1094.2613 	EXP 	QA_rec_break: autoDraw = False
1094.2613 	EXP 	QA_rec_text: autoDraw = True
1112.2281 	EXP 	QA_rec_break: autoDraw = True
1113.2282 	EXP 	QA_rec_break: autoDraw = False
1114.2502 	EXP 	New trial (rep=2, index=0): None
1115.3118 	EXP 	QA_rec_text: autoDraw = False
1115.3118 	EXP 	QA_rec_break: autoDraw = False
1115.3118 	EXP 	QA_rec_text: autoDraw = True
1133.2791 	EXP 	QA_rec_break: autoDraw = True
1134.2791 	EXP 	QA_rec_break: autoDraw = False
1135.3002 	EXP 	New trial (rep=3, index=0): None
1136.3461 	EXP 	QA_rec_text: autoDraw = False
1136.3461 	EXP 	QA_rec_break: autoDraw = False
1136.3461 	EXP 	QA_rec_text: autoDraw = True
1154.3301 	EXP 	QA_rec_break: autoDraw = True
1155.3301 	EXP 	QA_rec_break: autoDraw = False
1156.3364 	EXP 	New trial (rep=4, index=0): None
1157.3979 	EXP 	QA_rec_text: autoDraw = False
1157.3979 	EXP 	QA_rec_break: autoDraw = False
1157.3979 	EXP 	QA_rec_text: autoDraw = True
1175.3648 	EXP 	QA_rec_break: autoDraw = True
1176.3651 	EXP 	QA_rec_break: autoDraw = False
1177.3854 	EXP 	New trial (rep=5, index=0): None
1178.4483 	EXP 	QA_rec_text: autoDraw = False
1178.4483 	EXP 	QA_rec_break: autoDraw = False
1178.4483 	EXP 	QA_rec_text: autoDraw = True
1196.4159 	EXP 	QA_rec_break: autoDraw = True
1197.4160 	EXP 	QA_rec_break: autoDraw = False
1198.4371 	EXP 	New trial (rep=6, index=0): None
1199.4826 	EXP 	QA_rec_text: autoDraw = False
1199.4826 	EXP 	QA_rec_break: autoDraw = False
1199.4826 	EXP 	QA_rec_text: autoDraw = True
1217.4503 	EXP 	QA_rec_break: autoDraw = True
1218.4506 	EXP 	QA_rec_break: autoDraw = False
1219.4714 	EXP 	New trial (rep=7, index=0): None
1220.5176 	EXP 	QA_rec_text: autoDraw = False
1220.5176 	EXP 	QA_rec_break: autoDraw = False
1220.5176 	EXP 	QA_rec_text: autoDraw = True
1238.5014 	EXP 	QA_rec_break: autoDraw = True
1239.5017 	EXP 	QA_rec_break: autoDraw = False
1240.5070 	EXP 	New trial (rep=8, index=0): None
1241.5681 	EXP 	QA_rec_text: autoDraw = False
1241.5681 	EXP 	QA_rec_break: autoDraw = False
1241.5681 	EXP 	QA_rec_text: autoDraw = True
1259.5358 	EXP 	QA_rec_break: autoDraw = True
1260.5357 	EXP 	QA_rec_break: autoDraw = False
1261.5568 	EXP 	New trial (rep=9, index=0): None
1262.5858 	EXP 	QA_rec_text: autoDraw = False
1262.5858 	EXP 	QA_rec_break: autoDraw = False
1262.5858 	EXP 	QA_rec_text: autoDraw = True
1280.5534 	EXP 	QA_rec_break: autoDraw = True
1281.5534 	EXP 	QA_rec_break: autoDraw = False
1282.5746 	EXP 	New trial (rep=10, index=0): None
1283.6380 	EXP 	QA_rec_text: autoDraw = False
1283.6380 	EXP 	QA_rec_break: autoDraw = False
1283.6380 	EXP 	QA_rec_text: autoDraw = True
1301.6044 	EXP 	QA_rec_break: autoDraw = True
1302.6045 	EXP 	QA_rec_break: autoDraw = False
1303.6255 	EXP 	New trial (rep=11, index=0): None
1304.6713 	EXP 	QA_rec_text: autoDraw = False
1304.6713 	EXP 	QA_rec_break: autoDraw = False
1304.6713 	EXP 	QA_rec_text: autoDraw = True
1322.6556 	EXP 	QA_rec_break: autoDraw = True
1323.6555 	EXP 	QA_rec_break: autoDraw = False
1324.6769 	EXP 	New trial (rep=12, index=0): None
1325.7229 	EXP 	QA_rec_text: autoDraw = False
1325.7229 	EXP 	QA_rec_break: autoDraw = False
1325.7229 	EXP 	QA_rec_text: autoDraw = True
1343.7400 	EXP 	QA_rec_break: autoDraw = True
1345.7113 	EXP 	New trial (rep=13, index=0): None
1346.7752 	EXP 	QA_rec_text: autoDraw = False
1346.7752 	EXP 	QA_rec_break: autoDraw = False
1346.7752 	EXP 	QA_rec_text: autoDraw = True
1364.7744 	EXP 	QA_rec_break: autoDraw = True
1366.7463 	EXP 	New trial (rep=14, index=0): None
1367.7917 	EXP 	QA_rec_text: autoDraw = False
1367.7917 	EXP 	QA_rec_break: autoDraw = False
1367.7917 	EXP 	QA_rec_text: autoDraw = True
1385.7922 	EXP 	QA_rec_break: autoDraw = True
1387.7968 	EXP 	New trial (rep=15, index=0): None
1388.8591 	EXP 	QA_rec_text: autoDraw = False
1388.8591 	EXP 	QA_rec_break: autoDraw = False
1388.8591 	EXP 	QA_rec_text: autoDraw = True
1406.8601 	EXP 	QA_rec_break: autoDraw = True
1408.8320 	EXP 	New trial (rep=16, index=0): None
1409.8604 	EXP 	QA_rec_text: autoDraw = False
1409.8604 	EXP 	QA_rec_break: autoDraw = False
1409.8604 	EXP 	QA_rec_text: autoDraw = True
1427.8611 	EXP 	QA_rec_break: autoDraw = True
1429.8656 	EXP 	New trial (rep=17, index=0): None
1430.9121 	EXP 	QA_rec_text: autoDraw = False
1430.9121 	EXP 	QA_rec_break: autoDraw = False
1430.9121 	EXP 	QA_rec_text: autoDraw = True
1448.9122 	EXP 	QA_rec_break: autoDraw = True
1450.9168 	EXP 	New trial (rep=18, index=0): None
1451.9793 	EXP 	QA_rec_text: autoDraw = False
1451.9793 	EXP 	QA_rec_break: autoDraw = False
1451.9793 	EXP 	QA_rec_text: autoDraw = True
1469.9799 	EXP 	QA_rec_break: autoDraw = True
1471.9512 	EXP 	New trial (rep=19, index=0): None
1473.0143 	EXP 	QA_rec_text: autoDraw = False
1473.0143 	EXP 	QA_rec_break: autoDraw = False
1473.0143 	EXP 	QA_rec_text: autoDraw = True
1491.0144 	EXP 	QA_rec_break: autoDraw = True
1492.9857 	EXP 	New trial (rep=20, index=0): None
1494.0646 	EXP 	QA_rec_text: autoDraw = False
1494.0646 	EXP 	QA_rec_break: autoDraw = False
1494.0646 	EXP 	QA_rec_text: autoDraw = True
1512.0654 	EXP 	QA_rec_break: autoDraw = True
1514.0366 	EXP 	New trial (rep=21, index=0): None
1515.0659 	EXP 	QA_rec_text: autoDraw = False
1515.0659 	EXP 	QA_rec_break: autoDraw = False
1515.0659 	EXP 	QA_rec_text: autoDraw = True
1533.0667 	EXP 	QA_rec_break: autoDraw = True
1535.0711 	EXP 	New trial (rep=22, index=0): None
1536.1334 	EXP 	QA_rec_text: autoDraw = False
1536.1334 	EXP 	QA_rec_break: autoDraw = False
1536.1334 	EXP 	QA_rec_text: autoDraw = True
1554.1343 	EXP 	QA_rec_break: autoDraw = True
1556.1388 	EXP 	New trial (rep=23, index=0): None
1557.2012 	EXP 	QA_rec_text: autoDraw = False
1557.2012 	EXP 	QA_rec_break: autoDraw = False
1557.2012 	EXP 	QA_rec_text: autoDraw = True
1575.2021 	EXP 	QA_rec_break: autoDraw = True
1577.1733 	EXP 	New trial (rep=24, index=0): None
1578.2361 	EXP 	QA_rec_text: autoDraw = False
1578.2361 	EXP 	QA_rec_break: autoDraw = False
1578.2361 	EXP 	QA_rec_text: autoDraw = True
1596.2365 	EXP 	QA_rec_break: autoDraw = True
1600.2869 	EXP 	QA_rec_text: autoDraw = False
1600.2869 	EXP 	QA_rec_break: autoDraw = False
1600.2869 	EXP 	Pause_cont: text = 'Press [space] key to continue.'
1600.2869 	EXP 	Pause_cont: autoDraw = True
1606.2694 	EXP 	window1: mouseVisible = True
