Do, 06 Aug 2020 11:23:06 +0000  Instruction 1 None None None
Do, 06 Aug 2020 11:23:21 +0000  Instruction 0 None None None
Do, 06 Aug 2020 11:23:21 +0000  Artifact_intro 1 None None None
Do, 06 Aug 2020 11:23:50 +0000  Artifact_intro 0 None None None
Do, 06 Aug 2020 11:23:50 +0000  Artifact_rec 1 None None 0
Do, 06 Aug 2020 11:24:12 +0000  Artifact_rec 0 None None 0
Do, 06 Aug 2020 11:24:12 +0000  Artifact_rec 1 None None 1
Do, 06 Aug 2020 11:24:34 +0000  Artifact_rec 0 None None 1
Do, 06 Aug 2020 11:24:34 +0000  Artifact_rec 1 None None 2
Do, 06 Aug 2020 11:24:56 +0000  Artifact_rec 0 None None 2
Do, 06 Aug 2020 11:24:56 +0000  Artifact_rec 1 None None 3
Do, 06 Aug 2020 11:25:18 +0000  Artifact_rec 0 None None 3
Do, 06 Aug 2020 11:25:18 +0000  Artifact_rec 1 None None 4
Do, 06 Aug 2020 11:25:40 +0000  Artifact_rec 0 None None 4
Do, 06 Aug 2020 11:25:40 +0000  Artifact_rec 1 None None 5
Do, 06 Aug 2020 11:26:02 +0000  Artifact_rec 0 None None 5
Do, 06 Aug 2020 11:26:02 +0000  Artifact_rec 1 None None 6
Do, 06 Aug 2020 11:26:24 +0000  Artifact_rec 0 None None 6
Do, 06 Aug 2020 11:26:24 +0000  Artifact_rec 1 None None 7
Do, 06 Aug 2020 11:26:46 +0000  Artifact_rec 0 None None 7
Do, 06 Aug 2020 11:26:46 +0000  Artifact_rec 1 None None 8
Do, 06 Aug 2020 11:27:08 +0000  Artifact_rec 0 None None 8
Do, 06 Aug 2020 11:27:08 +0000  Artifact_rec 1 None None 9
Do, 06 Aug 2020 11:27:30 +0000  Artifact_rec 0 None None 9
Do, 06 Aug 2020 11:27:30 +0000  Artifact_rec 1 None None 10
Do, 06 Aug 2020 11:27:52 +0000  Artifact_rec 0 None None 10
Do, 06 Aug 2020 11:27:52 +0000  Artifact_rec 1 None None 11
Do, 06 Aug 2020 11:28:15 +0000  Artifact_rec 0 None None 11
Do, 06 Aug 2020 11:28:15 +0000  Artifact_rec 1 None None 12
Do, 06 Aug 2020 11:28:37 +0000  Artifact_rec 0 None None 12
Do, 06 Aug 2020 11:28:37 +0000  Artifact_rec 1 None None 13
Do, 06 Aug 2020 11:28:59 +0000  Artifact_rec 0 None None 13
Do, 06 Aug 2020 11:28:59 +0000  Artifact_rec 1 None None 14
Do, 06 Aug 2020 11:29:21 +0000  Artifact_rec 0 None None 14
Do, 06 Aug 2020 11:29:22 +0000  Cali_de_pre_intro 1 None None None
Do, 06 Aug 2020 11:29:53 +0000  Cali_de_pre_intro 0 None None None
Do, 06 Aug 2020 11:29:53 +0000  Cali_de_pre_rec 1 None None 0
Do, 06 Aug 2020 11:30:15 +0000  Cali_de_pre_rec 0 None None 0
Do, 06 Aug 2020 11:30:15 +0000  Cali_de_pre_rec 1 None None 1
Do, 06 Aug 2020 11:30:37 +0000  Cali_de_pre_rec 0 None None 1
Do, 06 Aug 2020 11:30:37 +0000  Cali_de_pre_rec 1 None None 2
Do, 06 Aug 2020 11:30:59 +0000  Cali_de_pre_rec 0 None None 2
Do, 06 Aug 2020 11:30:59 +0000  Cali_de_pre_rec 1 None None 3
Do, 06 Aug 2020 11:31:21 +0000  Cali_de_pre_rec 0 None None 3
Do, 06 Aug 2020 11:31:21 +0000  Cali_de_pre_rec 1 None None 4
Do, 06 Aug 2020 11:31:43 +0000  Cali_de_pre_rec 0 None None 4
Do, 06 Aug 2020 11:31:43 +0000  Cali_de_pre_rec 1 None None 5
Do, 06 Aug 2020 11:32:05 +0000  Cali_de_pre_rec 0 None None 5
Do, 06 Aug 2020 11:32:05 +0000  Cali_de_pre_rec 1 None None 6
Do, 06 Aug 2020 11:32:27 +0000  Cali_de_pre_rec 0 None None 6
Do, 06 Aug 2020 11:32:27 +0000  Cali_de_pre_rec 1 None None 7
Do, 06 Aug 2020 11:32:49 +0000  Cali_de_pre_rec 0 None None 7
Do, 06 Aug 2020 11:32:49 +0000  Cali_de_pre_rec 1 None None 8
Do, 06 Aug 2020 11:33:11 +0000  Cali_de_pre_rec 0 None None 8
Do, 06 Aug 2020 11:33:11 +0000  Cali_de_pre_rec 1 None None 9
Do, 06 Aug 2020 11:33:33 +0000  Cali_de_pre_rec 0 None None 9
