Fr, 07 Aug 2020 10:34:08 +0000  Instruction 1 None None None
Fr, 07 Aug 2020 10:34:26 +0000  Instruction 0 None None None
Fr, 07 Aug 2020 10:34:26 +0000  Artifact_intro 1 None None None
Fr, 07 Aug 2020 10:34:56 +0000  Artifact_intro 0 None None None
Fr, 07 Aug 2020 10:34:56 +0000  Artifact_rec 1 None None 0
Fr, 07 Aug 2020 10:35:18 +0000  Artifact_rec 0 None None 0
Fr, 07 Aug 2020 10:35:18 +0000  Artifact_rec 1 None None 1
Fr, 07 Aug 2020 10:35:40 +0000  Artifact_rec 0 None None 1
Fr, 07 Aug 2020 10:35:40 +0000  Artifact_rec 1 None None 2
Fr, 07 Aug 2020 10:36:02 +0000  Artifact_rec 0 None None 2
Fr, 07 Aug 2020 10:36:02 +0000  Artifact_rec 1 None None 3
Fr, 07 Aug 2020 10:36:24 +0000  Artifact_rec 0 None None 3
Fr, 07 Aug 2020 10:36:24 +0000  Artifact_rec 1 None None 4
Fr, 07 Aug 2020 10:36:46 +0000  Artifact_rec 0 None None 4
Fr, 07 Aug 2020 10:36:46 +0000  Artifact_rec 1 None None 5
Fr, 07 Aug 2020 10:37:08 +0000  Artifact_rec 0 None None 5
Fr, 07 Aug 2020 10:37:08 +0000  Artifact_rec 1 None None 6
Fr, 07 Aug 2020 10:37:30 +0000  Artifact_rec 0 None None 6
Fr, 07 Aug 2020 10:37:30 +0000  Artifact_rec 1 None None 7
Fr, 07 Aug 2020 10:37:52 +0000  Artifact_rec 0 None None 7
Fr, 07 Aug 2020 10:37:52 +0000  Artifact_rec 1 None None 8
Fr, 07 Aug 2020 10:38:14 +0000  Artifact_rec 0 None None 8
Fr, 07 Aug 2020 10:38:14 +0000  Artifact_rec 1 None None 9
Fr, 07 Aug 2020 10:38:36 +0000  Artifact_rec 0 None None 9
Fr, 07 Aug 2020 10:38:36 +0000  Artifact_rec 1 None None 10
Fr, 07 Aug 2020 10:38:58 +0000  Artifact_rec 0 None None 10
Fr, 07 Aug 2020 10:38:58 +0000  Artifact_rec 1 None None 11
Fr, 07 Aug 2020 10:39:20 +0000  Artifact_rec 0 None None 11
Fr, 07 Aug 2020 10:39:20 +0000  Artifact_rec 1 None None 12
Fr, 07 Aug 2020 10:39:43 +0000  Artifact_rec 0 None None 12
Fr, 07 Aug 2020 10:39:43 +0000  Artifact_rec 1 None None 13
Fr, 07 Aug 2020 10:40:05 +0000  Artifact_rec 0 None None 13
Fr, 07 Aug 2020 10:40:05 +0000  Artifact_rec 1 None None 14
Fr, 07 Aug 2020 10:40:27 +0000  Artifact_rec 0 None None 14
Fr, 07 Aug 2020 10:40:28 +0000  Cali_de_pre_intro 1 None None None
Fr, 07 Aug 2020 10:40:59 +0000  Cali_de_pre_intro 0 None None None
Fr, 07 Aug 2020 10:40:59 +0000  Cali_de_pre_rec 1 None None 0
Fr, 07 Aug 2020 10:41:21 +0000  Cali_de_pre_rec 0 None None 0
Fr, 07 Aug 2020 10:41:21 +0000  Cali_de_pre_rec 1 None None 1
Fr, 07 Aug 2020 10:41:43 +0000  Cali_de_pre_rec 0 None None 1
Fr, 07 Aug 2020 10:41:43 +0000  Cali_de_pre_rec 1 None None 2
Fr, 07 Aug 2020 10:42:05 +0000  Cali_de_pre_rec 0 None None 2
Fr, 07 Aug 2020 10:42:05 +0000  Cali_de_pre_rec 1 None None 3
Fr, 07 Aug 2020 10:42:27 +0000  Cali_de_pre_rec 0 None None 3
Fr, 07 Aug 2020 10:42:27 +0000  Cali_de_pre_rec 1 None None 4
Fr, 07 Aug 2020 10:42:49 +0000  Cali_de_pre_rec 0 None None 4
Fr, 07 Aug 2020 10:42:49 +0000  Cali_de_pre_rec 1 None None 5
Fr, 07 Aug 2020 10:43:11 +0000  Cali_de_pre_rec 0 None None 5
Fr, 07 Aug 2020 10:43:11 +0000  Cali_de_pre_rec 1 None None 6
Fr, 07 Aug 2020 10:43:33 +0000  Cali_de_pre_rec 0 None None 6
Fr, 07 Aug 2020 10:43:33 +0000  Cali_de_pre_rec 1 None None 7
Fr, 07 Aug 2020 10:43:55 +0000  Cali_de_pre_rec 0 None None 7
Fr, 07 Aug 2020 10:43:55 +0000  Cali_de_pre_rec 1 None None 8
Fr, 07 Aug 2020 10:44:17 +0000  Cali_de_pre_rec 0 None None 8
Fr, 07 Aug 2020 10:44:17 +0000  Cali_de_pre_rec 1 None None 9
Fr, 07 Aug 2020 10:44:39 +0000  Cali_de_pre_rec 0 None None 9
