Di, 30 Jun 2020 18:05:50 +0000  Instruction 1 None None None
Di, 30 Jun 2020 18:06:06 +0000  Instruction 0 None None None
Di, 30 Jun 2020 18:06:06 +0000  Artifact_intro 1 None None None
Di, 30 Jun 2020 18:06:36 +0000  Artifact_intro 0 None None None
Di, 30 Jun 2020 18:06:36 +0000  Artifact_rec 1 None None 0
Di, 30 Jun 2020 18:06:57 +0000  Artifact_rec 0 None None 0
Di, 30 Jun 2020 18:06:57 +0000  Artifact_rec 1 None None 1
Di, 30 Jun 2020 18:07:18 +0000  Artifact_rec 0 None None 1
Di, 30 Jun 2020 18:07:18 +0000  Artifact_rec 1 None None 2
Di, 30 Jun 2020 18:07:39 +0000  Artifact_rec 0 None None 2
Di, 30 Jun 2020 18:07:39 +0000  Artifact_rec 1 None None 3
Di, 30 Jun 2020 18:08:00 +0000  Artifact_rec 0 None None 3
Di, 30 Jun 2020 18:08:00 +0000  Artifact_rec 1 None None 4
Di, 30 Jun 2020 18:08:21 +0000  Artifact_rec 0 None None 4
Di, 30 Jun 2020 18:08:21 +0000  Artifact_rec 1 None None 5
Di, 30 Jun 2020 18:08:42 +0000  Artifact_rec 0 None None 5
Di, 30 Jun 2020 18:08:42 +0000  Artifact_rec 1 None None 6
Di, 30 Jun 2020 18:09:03 +0000  Artifact_rec 0 None None 6
Di, 30 Jun 2020 18:09:03 +0000  Artifact_rec 1 None None 7
Di, 30 Jun 2020 18:09:24 +0000  Artifact_rec 0 None None 7
Di, 30 Jun 2020 18:09:24 +0000  Artifact_rec 1 None None 8
Di, 30 Jun 2020 18:09:45 +0000  Artifact_rec 0 None None 8
Di, 30 Jun 2020 18:09:45 +0000  Artifact_rec 1 None None 9
Di, 30 Jun 2020 18:10:06 +0000  Artifact_rec 0 None None 9
Di, 30 Jun 2020 18:10:06 +0000  Artifact_rec 1 None None 10
Di, 30 Jun 2020 18:10:27 +0000  Artifact_rec 0 None None 10
Di, 30 Jun 2020 18:10:27 +0000  Artifact_rec 1 None None 11
Di, 30 Jun 2020 18:10:48 +0000  Artifact_rec 0 None None 11
Di, 30 Jun 2020 18:10:48 +0000  Artifact_rec 1 None None 12
Di, 30 Jun 2020 18:11:09 +0000  Artifact_rec 0 None None 12
Di, 30 Jun 2020 18:11:09 +0000  Artifact_rec 1 None None 13
Di, 30 Jun 2020 18:11:30 +0000  Artifact_rec 0 None None 13
Di, 30 Jun 2020 18:11:30 +0000  Artifact_rec 1 None None 14
Di, 30 Jun 2020 18:11:51 +0000  Artifact_rec 0 None None 14
Di, 30 Jun 2020 18:11:52 +0000  Cali_de_pre_intro 1 None None None
Di, 30 Jun 2020 18:12:25 +0000  Cali_de_pre_intro 0 None None None
Di, 30 Jun 2020 18:12:25 +0000  Cali_de_pre_rec 1 None None 0
Di, 30 Jun 2020 18:12:46 +0000  Cali_de_pre_rec 0 None None 0
Di, 30 Jun 2020 18:12:46 +0000  Cali_de_pre_rec 1 None None 1
Di, 30 Jun 2020 18:13:07 +0000  Cali_de_pre_rec 0 None None 1
Di, 30 Jun 2020 18:13:07 +0000  Cali_de_pre_rec 1 None None 2
Di, 30 Jun 2020 18:13:28 +0000  Cali_de_pre_rec 0 None None 2
Di, 30 Jun 2020 18:13:28 +0000  Cali_de_pre_rec 1 None None 3
Di, 30 Jun 2020 18:13:49 +0000  Cali_de_pre_rec 0 None None 3
Di, 30 Jun 2020 18:13:49 +0000  Cali_de_pre_rec 1 None None 4
Di, 30 Jun 2020 18:14:10 +0000  Cali_de_pre_rec 0 None None 4
Di, 30 Jun 2020 18:14:10 +0000  Cali_de_pre_rec 1 None None 5
Di, 30 Jun 2020 18:14:31 +0000  Cali_de_pre_rec 0 None None 5
Di, 30 Jun 2020 18:14:31 +0000  Cali_de_pre_rec 1 None None 6
Di, 30 Jun 2020 18:14:52 +0000  Cali_de_pre_rec 0 None None 6
Di, 30 Jun 2020 18:14:52 +0000  Cali_de_pre_rec 1 None None 7
Di, 30 Jun 2020 18:15:13 +0000  Cali_de_pre_rec 0 None None 7
Di, 30 Jun 2020 18:15:13 +0000  Cali_de_pre_rec 1 None None 8
Di, 30 Jun 2020 18:15:34 +0000  Cali_de_pre_rec 0 None None 8
Di, 30 Jun 2020 18:15:34 +0000  Cali_de_pre_rec 1 None None 9
Di, 30 Jun 2020 18:15:55 +0000  Cali_de_pre_rec 0 None None 9
Di, 30 Jun 2020 18:16:11 +0000  fade_in 1 0 None None
