Mo, 06 Jul 2020 10:43:43 +0000  Instruction 1 None None None
Mo, 06 Jul 2020 10:44:30 +0000  Instruction 0 None None None
Mo, 06 Jul 2020 10:44:30 +0000  Artifact_intro 1 None None None
Mo, 06 Jul 2020 10:44:58 +0000  Artifact_intro 0 None None None
Mo, 06 Jul 2020 10:44:58 +0000  Artifact_rec 1 None None 0
Mo, 06 Jul 2020 10:45:19 +0000  Artifact_rec 0 None None 0
Mo, 06 Jul 2020 10:45:19 +0000  Artifact_rec 1 None None 1
Mo, 06 Jul 2020 10:45:40 +0000  Artifact_rec 0 None None 1
Mo, 06 Jul 2020 10:45:40 +0000  Artifact_rec 1 None None 2
Mo, 06 Jul 2020 10:46:01 +0000  Artifact_rec 0 None None 2
Mo, 06 Jul 2020 10:46:02 +0000  Cali_de_pre_intro 1 None None None
Mo, 06 Jul 2020 10:46:34 +0000  Cali_de_pre_intro 0 None None None
Mo, 06 Jul 2020 10:46:34 +0000  Cali_de_pre_rec 1 None None 0
Mo, 06 Jul 2020 10:46:55 +0000  Cali_de_pre_rec 0 None None 0
Mo, 06 Jul 2020 10:46:55 +0000  Cali_de_pre_rec 1 None None 1
Mo, 06 Jul 2020 10:47:16 +0000  Cali_de_pre_rec 0 None None 1
Mo, 06 Jul 2020 10:47:20 +0000  RS_intro 1 0 0 None
Mo, 06 Jul 2020 10:47:43 +0000  RS_intro 0 0 0 None
Mo, 06 Jul 2020 10:47:43 +0000  RS_rec 1 0 0 None
Mo, 06 Jul 2020 10:47:57 +0000  RS_rec 0 0 close None
Mo, 06 Jul 2020 10:47:57 +0000  RS_intro 1 0 1 None
Mo, 06 Jul 2020 10:48:20 +0000  RS_intro 0 0 1 None
Mo, 06 Jul 2020 10:48:20 +0000  RS_rec 1 0 1 None
Mo, 06 Jul 2020 10:48:33 +0000  RS_rec 0 0 open None
Mo, 06 Jul 2020 10:48:34 +0000  QA_intro 1 0 None None
Mo, 06 Jul 2020 10:49:15 +0000  QA_intro 0 0 None None
Mo, 06 Jul 2020 10:49:17 +0000  QA_rec 1 0 0 0
Mo, 06 Jul 2020 10:49:35 +0000  QA_rec 0 0 0 0
Mo, 06 Jul 2020 10:49:35 +0000  Run-0, Block-0, Trial-0, Q_cnt-0, Q_sen-Ich muss mein Versprechen halten., Q_cen-halten
Mo, 06 Jul 2020 10:49:36 +0000  QA_rec 1 0 0 1
Mo, 06 Jul 2020 10:49:55 +0000  QA_rec 0 0 0 1
Mo, 06 Jul 2020 10:49:55 +0000  Run-0, Block-0, Trial-1, Q_cnt-1, Q_sen-Es ist nicht erlaubt für alle Autos, vor dem Notausgang zu parken., Q_cen-parken
Mo, 06 Jul 2020 10:49:59 +0000  Cali_de_post_rec 1 None None None
Mo, 06 Jul 2020 10:50:31 +0000  Cali_de_post_rec 0 None None None
Mo, 06 Jul 2020 10:50:31 +0000  Cali_de_post_rec 1 None None 0
Mo, 06 Jul 2020 10:50:51 +0000  Cali_de_post_rec 0 None None 0
Mo, 06 Jul 2020 10:50:52 +0000  Cali_de_post_rec 1 None None 1
Mo, 06 Jul 2020 10:51:11 +0000  Cali_de_post_rec 0 None None 1
Mo, 06 Jul 2020 10:51:13 +0000  Artifact_intro 1 None None None
Mo, 06 Jul 2020 10:51:41 +0000  Artifact_intro 0 None None None
Mo, 06 Jul 2020 10:51:41 +0000  Artifact_rec 1 None None 0
Mo, 06 Jul 2020 10:52:02 +0000  Artifact_rec 0 None None 0
Mo, 06 Jul 2020 10:52:02 +0000  Artifact_rec 1 None None 1
Mo, 06 Jul 2020 10:52:23 +0000  Artifact_rec 0 None None 1
Mo, 06 Jul 2020 10:52:23 +0000  Artifact_rec 1 None None 2
Mo, 06 Jul 2020 10:52:44 +0000  Artifact_rec 0 None None 2
