Mo, 10 Aug 2020 10:19:24 +0000  Instruction 1 None None None
Mo, 10 Aug 2020 10:19:39 +0000  Instruction 0 None None None
Mo, 10 Aug 2020 10:19:39 +0000  Artifact_intro 1 None None None
Mo, 10 Aug 2020 10:20:07 +0000  Artifact_intro 0 None None None
Mo, 10 Aug 2020 10:20:07 +0000  Artifact_rec 1 None None 0
Mo, 10 Aug 2020 10:20:29 +0000  Artifact_rec 0 None None 0
Mo, 10 Aug 2020 10:20:29 +0000  Artifact_rec 1 None None 1
Mo, 10 Aug 2020 10:20:51 +0000  Artifact_rec 0 None None 1
Mo, 10 Aug 2020 10:20:51 +0000  Artifact_rec 1 None None 2
Mo, 10 Aug 2020 10:21:13 +0000  Artifact_rec 0 None None 2
Mo, 10 Aug 2020 10:21:13 +0000  Artifact_rec 1 None None 3
Mo, 10 Aug 2020 10:21:35 +0000  Artifact_rec 0 None None 3
Mo, 10 Aug 2020 10:21:35 +0000  Artifact_rec 1 None None 4
Mo, 10 Aug 2020 10:21:57 +0000  Artifact_rec 0 None None 4
Mo, 10 Aug 2020 10:21:57 +0000  Artifact_rec 1 None None 5
Mo, 10 Aug 2020 10:22:19 +0000  Artifact_rec 0 None None 5
Mo, 10 Aug 2020 10:22:19 +0000  Artifact_rec 1 None None 6
Mo, 10 Aug 2020 10:22:41 +0000  Artifact_rec 0 None None 6
Mo, 10 Aug 2020 10:22:41 +0000  Artifact_rec 1 None None 7
Mo, 10 Aug 2020 10:23:03 +0000  Artifact_rec 0 None None 7
Mo, 10 Aug 2020 10:23:03 +0000  Artifact_rec 1 None None 8
Mo, 10 Aug 2020 10:23:25 +0000  Artifact_rec 0 None None 8
Mo, 10 Aug 2020 10:23:25 +0000  Artifact_rec 1 None None 9
Mo, 10 Aug 2020 10:23:47 +0000  Artifact_rec 0 None None 9
Mo, 10 Aug 2020 10:23:47 +0000  Artifact_rec 1 None None 10
Mo, 10 Aug 2020 10:24:09 +0000  Artifact_rec 0 None None 10
Mo, 10 Aug 2020 10:24:09 +0000  Artifact_rec 1 None None 11
Mo, 10 Aug 2020 10:24:31 +0000  Artifact_rec 0 None None 11
Mo, 10 Aug 2020 10:24:31 +0000  Artifact_rec 1 None None 12
Mo, 10 Aug 2020 10:24:53 +0000  Artifact_rec 0 None None 12
Mo, 10 Aug 2020 10:24:53 +0000  Artifact_rec 1 None None 13
Mo, 10 Aug 2020 10:25:15 +0000  Artifact_rec 0 None None 13
Mo, 10 Aug 2020 10:25:15 +0000  Artifact_rec 1 None None 14
Mo, 10 Aug 2020 10:25:37 +0000  Artifact_rec 0 None None 14
Mo, 10 Aug 2020 10:25:38 +0000  Cali_de_pre_intro 1 None None None
Mo, 10 Aug 2020 10:26:10 +0000  Cali_de_pre_intro 0 None None None
Mo, 10 Aug 2020 10:26:10 +0000  Cali_de_pre_rec 1 None None 0
Mo, 10 Aug 2020 10:26:32 +0000  Cali_de_pre_rec 0 None None 0
Mo, 10 Aug 2020 10:26:32 +0000  Cali_de_pre_rec 1 None None 1
Mo, 10 Aug 2020 10:26:54 +0000  Cali_de_pre_rec 0 None None 1
Mo, 10 Aug 2020 10:26:54 +0000  Cali_de_pre_rec 1 None None 2
Mo, 10 Aug 2020 10:27:16 +0000  Cali_de_pre_rec 0 None None 2
Mo, 10 Aug 2020 10:27:16 +0000  Cali_de_pre_rec 1 None None 3
Mo, 10 Aug 2020 10:27:38 +0000  Cali_de_pre_rec 0 None None 3
Mo, 10 Aug 2020 10:27:38 +0000  Cali_de_pre_rec 1 None None 4
Mo, 10 Aug 2020 10:28:00 +0000  Cali_de_pre_rec 0 None None 4
Mo, 10 Aug 2020 10:28:00 +0000  Cali_de_pre_rec 1 None None 5
Mo, 10 Aug 2020 10:28:22 +0000  Cali_de_pre_rec 0 None None 5
Mo, 10 Aug 2020 10:28:22 +0000  Cali_de_pre_rec 1 None None 6
Mo, 10 Aug 2020 10:28:44 +0000  Cali_de_pre_rec 0 None None 6
Mo, 10 Aug 2020 10:28:44 +0000  Cali_de_pre_rec 1 None None 7
Mo, 10 Aug 2020 10:29:06 +0000  Cali_de_pre_rec 0 None None 7
Mo, 10 Aug 2020 10:29:06 +0000  Cali_de_pre_rec 1 None None 8
Mo, 10 Aug 2020 10:29:28 +0000  Cali_de_pre_rec 0 None None 8
Mo, 10 Aug 2020 10:29:28 +0000  Cali_de_pre_rec 1 None None 9
Mo, 10 Aug 2020 10:29:50 +0000  Cali_de_pre_rec 0 None None 9
