Thu, 28 May 2020 17:41:59 +0000  Instruction 1 None None None
Thu, 28 May 2020 17:42:16 +0000  Instruction 0 None None None
Thu, 28 May 2020 17:42:16 +0000  Cali_de_pre_intro 1 None None None
Thu, 28 May 2020 17:42:46 +0000  Cali_de_pre_intro 0 None None None
Thu, 28 May 2020 17:42:46 +0000  Cali_de_pre_rec 1 None None 0
Thu, 28 May 2020 17:43:06 +0000  Cali_de_pre_rec 0 None None 0
Thu, 28 May 2020 17:43:06 +0000  Cali_de_pre_rec 1 None None 1
Thu, 28 May 2020 17:43:27 +0000  Cali_de_pre_rec 0 None None 1
Thu, 28 May 2020 17:43:41 +0000  RS_intro 1 0 0 None
Thu, 28 May 2020 17:44:02 +0000  RS_intro 0 0 0 None
Thu, 28 May 2020 17:44:02 +0000  RS_rec 1 0 0 None
Thu, 28 May 2020 17:44:33 +0000  RS_rec 0 0 open None
Thu, 28 May 2020 17:44:33 +0000  RS_intro 1 0 1 None
Thu, 28 May 2020 17:44:54 +0000  RS_intro 0 0 1 None
Thu, 28 May 2020 17:44:54 +0000  RS_rec 1 0 1 None
Thu, 28 May 2020 17:45:16 +0000  RS_rec 0 0 close None
Thu, 28 May 2020 17:45:32 +0000  QA_intro 1 0 None None
Thu, 28 May 2020 17:46:13 +0000  QA_intro 0 0 None None
Thu, 28 May 2020 17:46:13 +0000  QA_rec 1 0 0 0
Thu, 28 May 2020 17:46:33 +0000  QA_rec 0 0 0 0
Thu, 28 May 2020 17:46:33 +0000  Run-0, Block-0, Trial-0, Q_cnt-0, Q_sen-Ich muss mein Versprechen halten., Q_cen-halten
Thu, 28 May 2020 17:46:33 +0000  QA_rec 1 0 0 1
Thu, 28 May 2020 17:46:53 +0000  QA_rec 0 0 0 1
Thu, 28 May 2020 17:46:53 +0000  Run-0, Block-0, Trial-1, Q_cnt-1, Q_sen-Es ist nicht erlaubt f체r alle Autos, vor dem Notausgang zu parken., Q_cen-parken
Thu, 28 May 2020 17:47:06 +0000  QA_rec 1 0 1 0
Thu, 28 May 2020 17:47:26 +0000  QA_rec 0 0 1 0
Thu, 28 May 2020 17:47:26 +0000  Run-0, Block-1, Trial-0, Q_cnt-2, Q_sen-Ein rotes Signal bedeutet, dass ich warten muss., Q_cen-bedeutet
Thu, 28 May 2020 17:47:26 +0000  QA_rec 1 0 1 1
Thu, 28 May 2020 17:47:46 +0000  QA_rec 0 0 1 1
Thu, 28 May 2020 17:47:46 +0000  Run-0, Block-1, Trial-1, Q_cnt-3, Q_sen-Wir haben w채hrend des Urlaubs ein gem체tliches Zimmer in Meeresn채he gemietet., Q_cen-gemietet
Thu, 28 May 2020 17:48:06 +0000  RS_intro 1 1 0 None
Thu, 28 May 2020 17:48:27 +0000  RS_intro 0 1 0 None
Thu, 28 May 2020 17:48:27 +0000  RS_rec 1 1 0 None
