Fr, 14 Aug 2020 10:36:55 +0000  Instruction 1 None None None
Fr, 14 Aug 2020 10:37:10 +0000  Instruction 0 None None None
Fr, 14 Aug 2020 10:37:10 +0000  Artifact_intro 1 None None None
Fr, 14 Aug 2020 10:37:39 +0000  Artifact_intro 0 None None None
Fr, 14 Aug 2020 10:37:39 +0000  Artifact_rec 1 None None 0
Fr, 14 Aug 2020 10:38:01 +0000  Artifact_rec 0 None None 0
Fr, 14 Aug 2020 10:38:01 +0000  Artifact_rec 1 None None 1
Fr, 14 Aug 2020 10:38:23 +0000  Artifact_rec 0 None None 1
Fr, 14 Aug 2020 10:38:23 +0000  Artifact_rec 1 None None 2
Fr, 14 Aug 2020 10:38:45 +0000  Artifact_rec 0 None None 2
Fr, 14 Aug 2020 10:38:45 +0000  Artifact_rec 1 None None 3
Fr, 14 Aug 2020 10:39:07 +0000  Artifact_rec 0 None None 3
Fr, 14 Aug 2020 10:39:07 +0000  Artifact_rec 1 None None 4
Fr, 14 Aug 2020 10:39:29 +0000  Artifact_rec 0 None None 4
Fr, 14 Aug 2020 10:39:29 +0000  Artifact_rec 1 None None 5
Fr, 14 Aug 2020 10:39:51 +0000  Artifact_rec 0 None None 5
Fr, 14 Aug 2020 10:39:51 +0000  Artifact_rec 1 None None 6
Fr, 14 Aug 2020 10:40:13 +0000  Artifact_rec 0 None None 6
Fr, 14 Aug 2020 10:40:13 +0000  Artifact_rec 1 None None 7
Fr, 14 Aug 2020 10:40:35 +0000  Artifact_rec 0 None None 7
Fr, 14 Aug 2020 10:40:35 +0000  Artifact_rec 1 None None 8
Fr, 14 Aug 2020 10:40:57 +0000  Artifact_rec 0 None None 8
Fr, 14 Aug 2020 10:40:57 +0000  Artifact_rec 1 None None 9
Fr, 14 Aug 2020 10:41:19 +0000  Artifact_rec 0 None None 9
Fr, 14 Aug 2020 10:41:19 +0000  Artifact_rec 1 None None 10
Fr, 14 Aug 2020 10:41:41 +0000  Artifact_rec 0 None None 10
Fr, 14 Aug 2020 10:41:41 +0000  Artifact_rec 1 None None 11
Fr, 14 Aug 2020 10:42:03 +0000  Artifact_rec 0 None None 11
Fr, 14 Aug 2020 10:42:03 +0000  Artifact_rec 1 None None 12
Fr, 14 Aug 2020 10:42:25 +0000  Artifact_rec 0 None None 12
Fr, 14 Aug 2020 10:42:25 +0000  Artifact_rec 1 None None 13
Fr, 14 Aug 2020 10:42:47 +0000  Artifact_rec 0 None None 13
Fr, 14 Aug 2020 10:42:47 +0000  Artifact_rec 1 None None 14
Fr, 14 Aug 2020 10:43:09 +0000  Artifact_rec 0 None None 14
Fr, 14 Aug 2020 10:43:10 +0000  Cali_de_pre_intro 1 None None None
Fr, 14 Aug 2020 10:43:42 +0000  Cali_de_pre_intro 0 None None None
Fr, 14 Aug 2020 10:43:42 +0000  Cali_de_pre_rec 1 None None 0
Fr, 14 Aug 2020 10:44:04 +0000  Cali_de_pre_rec 0 None None 0
Fr, 14 Aug 2020 10:44:04 +0000  Cali_de_pre_rec 1 None None 1
Fr, 14 Aug 2020 10:44:26 +0000  Cali_de_pre_rec 0 None None 1
Fr, 14 Aug 2020 10:44:26 +0000  Cali_de_pre_rec 1 None None 2
Fr, 14 Aug 2020 10:44:48 +0000  Cali_de_pre_rec 0 None None 2
Fr, 14 Aug 2020 10:44:48 +0000  Cali_de_pre_rec 1 None None 3
Fr, 14 Aug 2020 10:45:10 +0000  Cali_de_pre_rec 0 None None 3
Fr, 14 Aug 2020 10:45:10 +0000  Cali_de_pre_rec 1 None None 4
Fr, 14 Aug 2020 10:45:32 +0000  Cali_de_pre_rec 0 None None 4
Fr, 14 Aug 2020 10:45:32 +0000  Cali_de_pre_rec 1 None None 5
Fr, 14 Aug 2020 10:45:54 +0000  Cali_de_pre_rec 0 None None 5
Fr, 14 Aug 2020 10:45:54 +0000  Cali_de_pre_rec 1 None None 6
Fr, 14 Aug 2020 10:46:16 +0000  Cali_de_pre_rec 0 None None 6
Fr, 14 Aug 2020 10:46:16 +0000  Cali_de_pre_rec 1 None None 7
Fr, 14 Aug 2020 10:46:38 +0000  Cali_de_pre_rec 0 None None 7
Fr, 14 Aug 2020 10:46:38 +0000  Cali_de_pre_rec 1 None None 8
Fr, 14 Aug 2020 10:47:00 +0000  Cali_de_pre_rec 0 None None 8
Fr, 14 Aug 2020 10:47:00 +0000  Cali_de_pre_rec 1 None None 9
Fr, 14 Aug 2020 10:47:22 +0000  Cali_de_pre_rec 0 None None 9
