Mi, 29 Jul 2020 18:12:54 +0000  fade_in 1 3 None None
Mi, 29 Jul 2020 18:13:24 +0000  fade_in 0 3 None None
Mi, 29 Jul 2020 18:13:26 +0000  RS_intro 1 3 0 None
Mi, 29 Jul 2020 18:13:49 +0000  RS_intro 0 3 0 None
Mi, 29 Jul 2020 18:13:49 +0000  RS_rec 1 3 0 None
Mi, 29 Jul 2020 18:16:53 +0000  RS_rec 0 3 open None
Mi, 29 Jul 2020 18:16:53 +0000  RS_intro 1 3 1 None
Mi, 29 Jul 2020 18:17:16 +0000  RS_intro 0 3 1 None
Mi, 29 Jul 2020 18:17:16 +0000  RS_rec 1 3 1 None
Mi, 29 Jul 2020 18:20:19 +0000  RS_rec 0 3 close None
Mi, 29 Jul 2020 18:20:33 +0000  QA_intro 1 3 None None
Mi, 29 Jul 2020 18:21:14 +0000  QA_intro 0 3 None None
Mi, 29 Jul 2020 18:21:16 +0000  QA_rec 1 3 0 0
Mi, 29 Jul 2020 18:21:36 +0000  QA_rec 0 3 0 0
Mi, 29 Jul 2020 18:21:36 +0000  Run-3, Block-0, Trial-0, Q_cnt-150, Q_sen-Es ist vorstellbar, dass er diese schwierige Prüfung nicht bestehen kann. , Q_cen-bestehen
Mi, 29 Jul 2020 18:21:37 +0000  QA_rec 1 3 0 1
Mi, 29 Jul 2020 18:21:57 +0000  QA_rec 0 3 0 1
Mi, 29 Jul 2020 18:21:57 +0000  Run-3, Block-0, Trial-1, Q_cnt-151, Q_sen-Im Kaffeehaus sitzen und Zeitung lesen, das gefällt den Österreichern., Q_cen-gefällt
Mi, 29 Jul 2020 18:21:58 +0000  QA_rec 1 3 0 2
Mi, 29 Jul 2020 18:22:18 +0000  QA_rec 0 3 0 2
Mi, 29 Jul 2020 18:22:18 +0000  Run-3, Block-0, Trial-2, Q_cnt-152, Q_sen-Wenn es am Sonntag Morgen regnet, bleibt Franz den ganzen Tag im Bett., Q_cen-bleibt
Mi, 29 Jul 2020 18:22:19 +0000  QA_rec 1 3 0 3
Mi, 29 Jul 2020 18:22:39 +0000  QA_rec 0 3 0 3
Mi, 29 Jul 2020 18:22:39 +0000  Run-3, Block-0, Trial-3, Q_cnt-153, Q_sen-Sie schulden mir noch Geld von gestern., Q_cen-schulden
Mi, 29 Jul 2020 18:22:40 +0000  QA_rec 1 3 0 4
Mi, 29 Jul 2020 18:23:00 +0000  QA_rec 0 3 0 4
Mi, 29 Jul 2020 18:23:00 +0000  Run-3, Block-0, Trial-4, Q_cnt-154, Q_sen-Die Gäste gratulieren dem jungen Paar herzlich zur Hochzeit., Q_cen-gratulieren
Mi, 29 Jul 2020 18:23:01 +0000  QA_rec 1 3 0 5
Mi, 29 Jul 2020 18:23:21 +0000  QA_rec 0 3 0 5
Mi, 29 Jul 2020 18:23:21 +0000  Run-3, Block-0, Trial-5, Q_cnt-155, Q_sen-Alle Schüler müssen die Vorschrift halten., Q_cen-halten
Mi, 29 Jul 2020 18:23:22 +0000  QA_rec 1 3 0 6
Mi, 29 Jul 2020 18:23:42 +0000  QA_rec 0 3 0 6
Mi, 29 Jul 2020 18:23:42 +0000  Run-3, Block-0, Trial-6, Q_cnt-156, Q_sen-Toni fliegt mit dem Flugzeug nach., Q_cen-fliegt
Mi, 29 Jul 2020 18:23:43 +0000  QA_rec 1 3 0 7
Mi, 29 Jul 2020 18:24:03 +0000  QA_rec 0 3 0 7
Mi, 29 Jul 2020 18:24:03 +0000  Run-3, Block-0, Trial-7, Q_cnt-157, Q_sen-Ich arbeite normalerweise von Montag bis Freitag., Q_cen-arbeite
Mi, 29 Jul 2020 18:24:04 +0000  QA_rec 1 3 0 8
Mi, 29 Jul 2020 18:24:24 +0000  QA_rec 0 3 0 8
Mi, 29 Jul 2020 18:24:24 +0000  Run-3, Block-0, Trial-8, Q_cnt-158, Q_sen-Ich kann nicht mit dem Auto fahren., Q_cen-fahren
Mi, 29 Jul 2020 18:24:25 +0000  QA_rec 1 3 0 9
Mi, 29 Jul 2020 18:24:45 +0000  QA_rec 0 3 0 9
Mi, 29 Jul 2020 18:24:45 +0000  Run-3, Block-0, Trial-9, Q_cnt-159, Q_sen-Sie brauchen ein ärztliches Zeugnis., Q_cen-brauchen
Mi, 29 Jul 2020 18:24:46 +0000  QA_rec 1 3 0 10
Mi, 29 Jul 2020 18:25:06 +0000  QA_rec 0 3 0 10
Mi, 29 Jul 2020 18:25:06 +0000  Run-3, Block-0, Trial-10, Q_cnt-160, Q_sen-Ich nehme lieber den Bus, da gibt es nicht so viele Haltestellen., Q_cen-gibt
Mi, 29 Jul 2020 18:25:07 +0000  QA_rec 1 3 0 11
Mi, 29 Jul 2020 18:25:27 +0000  QA_rec 0 3 0 11
Mi, 29 Jul 2020 18:25:27 +0000  Run-3, Block-0, Trial-11, Q_cnt-161, Q_sen-Ein Flüchtling ist jemand , der aus Not seine Heimat verlässt., Q_cen-verlässt
Mi, 29 Jul 2020 18:25:28 +0000  QA_rec 1 3 0 12
Mi, 29 Jul 2020 18:25:48 +0000  QA_rec 0 3 0 12
Mi, 29 Jul 2020 18:25:48 +0000  Run-3, Block-0, Trial-12, Q_cnt-162, Q_sen-Ihre Kleider riechen nach Rauch., Q_cen-riechen
Mi, 29 Jul 2020 18:25:49 +0000  QA_rec 1 3 0 13
Mi, 29 Jul 2020 18:26:09 +0000  QA_rec 0 3 0 13
Mi, 29 Jul 2020 18:26:09 +0000  Run-3, Block-0, Trial-13, Q_cnt-163, Q_sen-Im gleichen Jahr hat der amerikanische Bürgerkrieg begonnen., Q_cen-begonnen
Mi, 29 Jul 2020 18:26:10 +0000  QA_rec 1 3 0 14
Mi, 29 Jul 2020 18:26:30 +0000  QA_rec 0 3 0 14
Mi, 29 Jul 2020 18:26:30 +0000  Run-3, Block-0, Trial-14, Q_cnt-164, Q_sen-Ich habe meinen Sohn für den Kurs angemeldet., Q_cen-angemeldet
Mi, 29 Jul 2020 18:26:31 +0000  QA_rec 1 3 0 15
Mi, 29 Jul 2020 18:26:51 +0000  QA_rec 0 3 0 15
Mi, 29 Jul 2020 18:26:51 +0000  Run-3, Block-0, Trial-15, Q_cnt-165, Q_sen-In der Therapie lernte er, mit Angst und Stress umzugehen., Q_cen-umzugehen
Mi, 29 Jul 2020 18:26:52 +0000  QA_rec 1 3 0 16
Mi, 29 Jul 2020 18:27:12 +0000  QA_rec 0 3 0 16
Mi, 29 Jul 2020 18:27:12 +0000  Run-3, Block-0, Trial-16, Q_cnt-166, Q_sen-Ich musste heute Morgen richtig schnell nach der Busstation laufen., Q_cen-laufen
Mi, 29 Jul 2020 18:27:13 +0000  QA_rec 1 3 0 17
Mi, 29 Jul 2020 18:27:33 +0000  QA_rec 0 3 0 17
Mi, 29 Jul 2020 18:27:33 +0000  Run-3, Block-0, Trial-17, Q_cnt-167, Q_sen-Kannst du bitte die Wäsche in die Sonne hängen?, Q_cen-hängen
Mi, 29 Jul 2020 18:27:34 +0000  QA_rec 1 3 0 18
Mi, 29 Jul 2020 18:27:55 +0000  QA_rec 0 3 0 18
Mi, 29 Jul 2020 18:27:55 +0000  Run-3, Block-0, Trial-18, Q_cnt-168, Q_sen-Sebastian mag lieber ein schwarzes Brot mit Butter und Marmelade., Q_cen-mag
Mi, 29 Jul 2020 18:27:56 +0000  QA_rec 1 3 0 19
Mi, 29 Jul 2020 18:28:16 +0000  QA_rec 0 3 0 19
Mi, 29 Jul 2020 18:28:16 +0000  Run-3, Block-0, Trial-19, Q_cnt-169, Q_sen-Einige Eltern haben ihren Töchtern rosa Kleider gekauft., Q_cen-gekauft
Mi, 29 Jul 2020 18:28:17 +0000  QA_rec 1 3 0 20
Mi, 29 Jul 2020 18:28:37 +0000  QA_rec 0 3 0 20
Mi, 29 Jul 2020 18:28:37 +0000  Run-3, Block-0, Trial-20, Q_cnt-170, Q_sen-Der Detektiv ist ihm bis zu seinem Haus gefolgt., Q_cen-gefolgt
Mi, 29 Jul 2020 18:28:38 +0000  QA_rec 1 3 0 21
Mi, 29 Jul 2020 18:28:58 +0000  QA_rec 0 3 0 21
Mi, 29 Jul 2020 18:28:58 +0000  Run-3, Block-0, Trial-21, Q_cnt-171, Q_sen-Das Brot vom Bäcker schmeckt viel besser., Q_cen-schmeckt
Mi, 29 Jul 2020 18:28:59 +0000  QA_rec 1 3 0 22
Mi, 29 Jul 2020 18:29:19 +0000  QA_rec 0 3 0 22
Mi, 29 Jul 2020 18:29:19 +0000  Run-3, Block-0, Trial-22, Q_cnt-172, Q_sen-Ich habe das Formular ausgefüllt, um mich für den Kurs anzumelden., Q_cen-ausgefüllt
Mi, 29 Jul 2020 18:29:20 +0000  QA_rec 1 3 0 23
Mi, 29 Jul 2020 18:29:40 +0000  QA_rec 0 3 0 23
Mi, 29 Jul 2020 18:29:40 +0000  Run-3, Block-0, Trial-23, Q_cnt-173, Q_sen-Aus Fehlern kann man lernen., Q_cen-lernen
Mi, 29 Jul 2020 18:29:41 +0000  QA_rec 1 3 0 24
Mi, 29 Jul 2020 18:30:01 +0000  QA_rec 0 3 0 24
Mi, 29 Jul 2020 18:30:01 +0000  Run-3, Block-0, Trial-24, Q_cnt-174, Q_sen-Wir haben einige sehr schöne Orte besucht., Q_cen-besucht
Mi, 29 Jul 2020 18:30:17 +0000  QA_rec 1 3 1 0
Mi, 29 Jul 2020 18:30:37 +0000  QA_rec 0 3 1 0
Mi, 29 Jul 2020 18:30:37 +0000  Run-3, Block-1, Trial-0, Q_cnt-175, Q_sen-Er beschäftigt sich damit, diese kaputte Maschine zu reparieren., Q_cen-reparieren
Mi, 29 Jul 2020 18:30:38 +0000  QA_rec 1 3 1 1
Mi, 29 Jul 2020 18:30:58 +0000  QA_rec 0 3 1 1
Mi, 29 Jul 2020 18:30:58 +0000  Run-3, Block-1, Trial-1, Q_cnt-176, Q_sen-Die Ergebnisse werden auf einer Skala von eins bis zehn angezeigt., Q_cen-angezeigt
Mi, 29 Jul 2020 18:30:59 +0000  QA_rec 1 3 1 2
Mi, 29 Jul 2020 18:31:19 +0000  QA_rec 0 3 1 2
Mi, 29 Jul 2020 18:31:19 +0000  Run-3, Block-1, Trial-2, Q_cnt-177, Q_sen-Bald wird in den USA ein neuer Präsident gewählt., Q_cen-gewählt
Mi, 29 Jul 2020 18:31:20 +0000  QA_rec 1 3 1 3
Mi, 29 Jul 2020 18:31:41 +0000  QA_rec 0 3 1 3
Mi, 29 Jul 2020 18:31:41 +0000  Run-3, Block-1, Trial-3, Q_cnt-178, Q_sen-Mir ist etwas Unangenehmes passiert., Q_cen-passiert
Mi, 29 Jul 2020 18:31:42 +0000  QA_rec 1 3 1 4
Mi, 29 Jul 2020 18:32:02 +0000  QA_rec 0 3 1 4
Mi, 29 Jul 2020 18:32:02 +0000  Run-3, Block-1, Trial-4, Q_cnt-179, Q_sen-Wenn das Klima immer wärmer wird, werden auch die Gletscher schmelzen., Q_cen-schmelzen
Mi, 29 Jul 2020 18:32:03 +0000  QA_rec 1 3 1 5
Mi, 29 Jul 2020 18:32:23 +0000  QA_rec 0 3 1 5
Mi, 29 Jul 2020 18:32:23 +0000  Run-3, Block-1, Trial-5, Q_cnt-180, Q_sen-Ich hoffe, dass ich und meine Tante gute Freunde für immer bleiben können., Q_cen-hoffe
Mi, 29 Jul 2020 18:32:24 +0000  QA_rec 1 3 1 6
Mi, 29 Jul 2020 18:32:44 +0000  QA_rec 0 3 1 6
Mi, 29 Jul 2020 18:32:44 +0000  Run-3, Block-1, Trial-6, Q_cnt-181, Q_sen-Ich konnte die Lärmquelle finden., Q_cen-finden
Mi, 29 Jul 2020 18:32:45 +0000  QA_rec 1 3 1 7
Mi, 29 Jul 2020 18:33:05 +0000  QA_rec 0 3 1 7
Mi, 29 Jul 2020 18:33:05 +0000  Run-3, Block-1, Trial-7, Q_cnt-182, Q_sen-Afrika liegt südlich von Europa ., Q_cen-liegt
Mi, 29 Jul 2020 18:33:06 +0000  QA_rec 1 3 1 8
Mi, 29 Jul 2020 18:33:26 +0000  QA_rec 0 3 1 8
Mi, 29 Jul 2020 18:33:26 +0000  Run-3, Block-1, Trial-8, Q_cnt-183, Q_sen-Keine Sorge, ich werde mich um Ihr Kind kümmern., Q_cen-kümmern
Mi, 29 Jul 2020 18:33:27 +0000  QA_rec 1 3 1 9
Mi, 29 Jul 2020 18:33:47 +0000  QA_rec 0 3 1 9
Mi, 29 Jul 2020 18:33:47 +0000  Run-3, Block-1, Trial-9, Q_cnt-184, Q_sen-Howard Carter hat viele Schätze im Grab von Tutanchamun gefunden., Q_cen-gefunden
Mi, 29 Jul 2020 18:33:48 +0000  QA_rec 1 3 1 10
Mi, 29 Jul 2020 18:34:08 +0000  QA_rec 0 3 1 10
Mi, 29 Jul 2020 18:34:08 +0000  Run-3, Block-1, Trial-10, Q_cnt-185, Q_sen-Der Konzern kontrolliert die Mehrheit der Aktion., Q_cen-kontrolliert
Mi, 29 Jul 2020 18:34:09 +0000  QA_rec 1 3 1 11
Mi, 29 Jul 2020 18:34:29 +0000  QA_rec 0 3 1 11
Mi, 29 Jul 2020 18:34:29 +0000  Run-3, Block-1, Trial-11, Q_cnt-186, Q_sen-Vater trägt den großen Rucksack auf dem Rücken., Q_cen-trägt
Mi, 29 Jul 2020 18:34:30 +0000  QA_rec 1 3 1 12
Mi, 29 Jul 2020 18:34:50 +0000  QA_rec 0 3 1 12
Mi, 29 Jul 2020 18:34:50 +0000  Run-3, Block-1, Trial-12, Q_cnt-187, Q_sen-Der Tourist fragte nach dem Weg zum Opernhaus., Q_cen-fragte
Mi, 29 Jul 2020 18:34:51 +0000  QA_rec 1 3 1 13
Mi, 29 Jul 2020 18:35:11 +0000  QA_rec 0 3 1 13
Mi, 29 Jul 2020 18:35:11 +0000  Run-3, Block-1, Trial-13, Q_cnt-188, Q_sen-Sarah badet lieber abends in der Wanne., Q_cen-badet
Mi, 29 Jul 2020 18:35:12 +0000  QA_rec 1 3 1 14
Mi, 29 Jul 2020 18:35:32 +0000  QA_rec 0 3 1 14
Mi, 29 Jul 2020 18:35:32 +0000  Run-3, Block-1, Trial-14, Q_cnt-189, Q_sen-Habt ihr eine Ahnung, wie der Unfall passiert ist?, Q_cen-passiert
Mi, 29 Jul 2020 18:35:33 +0000  QA_rec 1 3 1 15
Mi, 29 Jul 2020 18:35:53 +0000  QA_rec 0 3 1 15
Mi, 29 Jul 2020 18:35:53 +0000  Run-3, Block-1, Trial-15, Q_cnt-190, Q_sen-Die Eltern haben das Geburtstagsgeschenk ihrer Tochter eingepackt., Q_cen-eingepackt
Mi, 29 Jul 2020 18:35:54 +0000  QA_rec 1 3 1 16
Mi, 29 Jul 2020 18:36:14 +0000  QA_rec 0 3 1 16
Mi, 29 Jul 2020 18:36:14 +0000  Run-3, Block-1, Trial-16, Q_cnt-191, Q_sen-Der Zahnarzt untersuchte meine Zunge genau., Q_cen-untersuchte
Mi, 29 Jul 2020 18:36:15 +0000  QA_rec 1 3 1 17
Mi, 29 Jul 2020 18:36:35 +0000  QA_rec 0 3 1 17
Mi, 29 Jul 2020 18:36:35 +0000  Run-3, Block-1, Trial-17, Q_cnt-192, Q_sen-Im Sommer gehen Alice und Tom gerne in die Bäder schwimmen., Q_cen-schwimmen
Mi, 29 Jul 2020 18:36:36 +0000  QA_rec 1 3 1 18
Mi, 29 Jul 2020 18:36:56 +0000  QA_rec 0 3 1 18
Mi, 29 Jul 2020 18:36:56 +0000  Run-3, Block-1, Trial-18, Q_cnt-193, Q_sen-Planeten kreisen um eine Sonne., Q_cen-kreisen
Mi, 29 Jul 2020 18:36:57 +0000  QA_rec 1 3 1 19
Mi, 29 Jul 2020 18:37:17 +0000  QA_rec 0 3 1 19
Mi, 29 Jul 2020 18:37:17 +0000  Run-3, Block-1, Trial-19, Q_cnt-194, Q_sen-Es gibt viele Vorteile, wenn man die öffentlichen Verkehrsmittel benutzt., Q_cen-benutzt
Mi, 29 Jul 2020 18:37:18 +0000  QA_rec 1 3 1 20
Mi, 29 Jul 2020 18:37:38 +0000  QA_rec 0 3 1 20
Mi, 29 Jul 2020 18:37:38 +0000  Run-3, Block-1, Trial-20, Q_cnt-195, Q_sen-In wenigen Minuten erreichen wir Hamburg., Q_cen-erreichen
Mi, 29 Jul 2020 18:37:39 +0000  QA_rec 1 3 1 21
Mi, 29 Jul 2020 18:37:59 +0000  QA_rec 0 3 1 21
Mi, 29 Jul 2020 18:37:59 +0000  Run-3, Block-1, Trial-21, Q_cnt-196, Q_sen-Das verstehe ich nicht, was meinst du damit?, Q_cen-meinst
Mi, 29 Jul 2020 18:38:00 +0000  QA_rec 1 3 1 22
Mi, 29 Jul 2020 18:38:20 +0000  QA_rec 0 3 1 22
Mi, 29 Jul 2020 18:38:20 +0000  Run-3, Block-1, Trial-22, Q_cnt-197, Q_sen-Wir sind mit dem Jeep auf Safari in Kenia gefahren., Q_cen-gefahren
Mi, 29 Jul 2020 18:38:21 +0000  QA_rec 1 3 1 23
Mi, 29 Jul 2020 18:38:41 +0000  QA_rec 0 3 1 23
Mi, 29 Jul 2020 18:38:41 +0000  Run-3, Block-1, Trial-23, Q_cnt-198, Q_sen-Chris hat Zahnschmerzen, aber er fürchtet sich vor dem Zahnarzt., Q_cen-fürchtet
Mi, 29 Jul 2020 18:38:42 +0000  QA_rec 1 3 1 24
Mi, 29 Jul 2020 18:39:02 +0000  QA_rec 0 3 1 24
Mi, 29 Jul 2020 18:39:02 +0000  Run-3, Block-1, Trial-24, Q_cnt-199, Q_sen-Mein älterer Bruder mag Rock spielen und hören., Q_cen-hören
