Fr, 24 Jul 2020 13:10:45 +0000  fade_in 1 3 None None
Fr, 24 Jul 2020 13:11:15 +0000  fade_in 0 3 None None
Fr, 24 Jul 2020 13:11:17 +0000  RS_intro 1 3 0 None
Fr, 24 Jul 2020 13:11:40 +0000  RS_intro 0 3 0 None
Fr, 24 Jul 2020 13:11:40 +0000  RS_rec 1 3 0 None
Fr, 24 Jul 2020 13:14:44 +0000  RS_rec 0 3 close None
Fr, 24 Jul 2020 13:14:44 +0000  RS_intro 1 3 1 None
Fr, 24 Jul 2020 13:15:07 +0000  RS_intro 0 3 1 None
Fr, 24 Jul 2020 13:15:07 +0000  RS_rec 1 3 1 None
Fr, 24 Jul 2020 13:18:10 +0000  RS_rec 0 3 open None
Fr, 24 Jul 2020 13:18:33 +0000  QA_intro 1 3 None None
Fr, 24 Jul 2020 13:19:16 +0000  QA_intro 0 3 None None
Fr, 24 Jul 2020 13:19:18 +0000  QA_rec 1 3 0 0
Fr, 24 Jul 2020 13:19:38 +0000  QA_rec 0 3 0 0
Fr, 24 Jul 2020 13:19:38 +0000  Run-3, Block-0, Trial-0, Q_cnt-150, Q_sen-Das Abendessen wird pünktlich um 12 Uhr auf den Tisch stehen., Q_cen-stehen
Fr, 24 Jul 2020 13:19:39 +0000  QA_rec 1 3 0 1
Fr, 24 Jul 2020 13:19:59 +0000  QA_rec 0 3 0 1
Fr, 24 Jul 2020 13:19:59 +0000  Run-3, Block-0, Trial-1, Q_cnt-151, Q_sen-Er ist ein Experte für Computer und kennt alle technischen Details., Q_cen-kennt
Fr, 24 Jul 2020 13:20:00 +0000  QA_rec 1 3 0 2
Fr, 24 Jul 2020 13:20:20 +0000  QA_rec 0 3 0 2
Fr, 24 Jul 2020 13:20:20 +0000  Run-3, Block-0, Trial-2, Q_cnt-152, Q_sen-Seine Großmutter kann ganz spannend erzählen., Q_cen-erzählen
Fr, 24 Jul 2020 13:20:21 +0000  QA_rec 1 3 0 3
Fr, 24 Jul 2020 13:20:41 +0000  QA_rec 0 3 0 3
Fr, 24 Jul 2020 13:20:41 +0000  Run-3, Block-0, Trial-3, Q_cnt-153, Q_sen-Man wird damit bargeldlos bezahlen können., Q_cen-bezahlen
Fr, 24 Jul 2020 13:20:42 +0000  QA_rec 1 3 0 4
Fr, 24 Jul 2020 13:21:02 +0000  QA_rec 0 3 0 4
Fr, 24 Jul 2020 13:21:02 +0000  Run-3, Block-0, Trial-4, Q_cnt-154, Q_sen-Die Sonne scheint durch die grauen Wolken., Q_cen-scheint
Fr, 24 Jul 2020 13:21:03 +0000  QA_rec 1 3 0 5
Fr, 24 Jul 2020 13:21:23 +0000  QA_rec 0 3 0 5
Fr, 24 Jul 2020 13:21:23 +0000  Run-3, Block-0, Trial-5, Q_cnt-155, Q_sen-Die Deutschen sind immer organisiert und werden alles planen, bevor sie irgendetwas tun., Q_cen-planen
Fr, 24 Jul 2020 13:21:24 +0000  QA_rec 1 3 0 6
Fr, 24 Jul 2020 13:21:44 +0000  QA_rec 0 3 0 6
Fr, 24 Jul 2020 13:21:44 +0000  Run-3, Block-0, Trial-6, Q_cnt-156, Q_sen-Dieser Bus bringt dich zum Strand., Q_cen-bringt
Fr, 24 Jul 2020 13:21:45 +0000  QA_rec 1 3 0 7
Fr, 24 Jul 2020 13:22:05 +0000  QA_rec 0 3 0 7
Fr, 24 Jul 2020 13:22:05 +0000  Run-3, Block-0, Trial-7, Q_cnt-157, Q_sen-Ich hielt das Küken vorsichtig in beiden Händen., Q_cen-hielt
Fr, 24 Jul 2020 13:22:06 +0000  QA_rec 1 3 0 8
Fr, 24 Jul 2020 13:22:26 +0000  QA_rec 0 3 0 8
Fr, 24 Jul 2020 13:22:26 +0000  Run-3, Block-0, Trial-8, Q_cnt-158, Q_sen-Das Brot schmeckt lecker. , Q_cen-schmeckt
Fr, 24 Jul 2020 13:22:27 +0000  QA_rec 1 3 0 9
Fr, 24 Jul 2020 13:22:47 +0000  QA_rec 0 3 0 9
Fr, 24 Jul 2020 13:22:47 +0000  Run-3, Block-0, Trial-9, Q_cnt-159, Q_sen-Ein König wohnt in einem Schloss., Q_cen-wohnt
Fr, 24 Jul 2020 13:22:48 +0000  QA_rec 1 3 0 10
Fr, 24 Jul 2020 13:23:08 +0000  QA_rec 0 3 0 10
Fr, 24 Jul 2020 13:23:08 +0000  Run-3, Block-0, Trial-10, Q_cnt-160, Q_sen-Keine Sorge, du wirst für diesen Fehler nicht die Schuld tragen., Q_cen-tragen
Fr, 24 Jul 2020 13:23:09 +0000  QA_rec 1 3 0 11
Fr, 24 Jul 2020 13:23:30 +0000  QA_rec 0 3 0 11
Fr, 24 Jul 2020 13:23:30 +0000  Run-3, Block-0, Trial-11, Q_cnt-161, Q_sen-Wir hoffen, dass die Verhandlungen zu einem erfolgreichen Abschluss kommen., Q_cen-hoffen
Fr, 24 Jul 2020 13:23:31 +0000  QA_rec 1 3 0 12
Fr, 24 Jul 2020 13:23:51 +0000  QA_rec 0 3 0 12
Fr, 24 Jul 2020 13:23:51 +0000  Run-3, Block-0, Trial-12, Q_cnt-162, Q_sen-Können Sie fünfzig Euro wechseln?, Q_cen-wechseln
Fr, 24 Jul 2020 13:23:52 +0000  QA_rec 1 3 0 13
Fr, 24 Jul 2020 13:24:12 +0000  QA_rec 0 3 0 13
Fr, 24 Jul 2020 13:24:12 +0000  Run-3, Block-0, Trial-13, Q_cnt-163, Q_sen-Sam verkauft in diesem Geschäft Herren- und Damenschuhe., Q_cen-verkauft
Fr, 24 Jul 2020 13:24:13 +0000  QA_rec 1 3 0 14
Fr, 24 Jul 2020 13:24:33 +0000  QA_rec 0 3 0 14
Fr, 24 Jul 2020 13:24:33 +0000  Run-3, Block-0, Trial-14, Q_cnt-164, Q_sen-Der Prüfer hat die Erfüllung gesetzlicher Auflagen durch das Unternehmen kontrolliert., Q_cen-kontrolliert
Fr, 24 Jul 2020 13:24:34 +0000  QA_rec 1 3 0 15
Fr, 24 Jul 2020 13:24:54 +0000  QA_rec 0 3 0 15
Fr, 24 Jul 2020 13:24:54 +0000  Run-3, Block-0, Trial-15, Q_cnt-165, Q_sen-Ich habe den Knopf gedrückt, um die Kaffeemaschine einzuschalten., Q_cen-gedrückt
Fr, 24 Jul 2020 13:24:55 +0000  QA_rec 1 3 0 16
Fr, 24 Jul 2020 13:25:15 +0000  QA_rec 0 3 0 16
Fr, 24 Jul 2020 13:25:15 +0000  Run-3, Block-0, Trial-16, Q_cnt-166, Q_sen-Sie benutzt die Arbeit als Vorwand., Q_cen-benutzt
Fr, 24 Jul 2020 13:25:16 +0000  QA_rec 1 3 0 17
Fr, 24 Jul 2020 13:25:36 +0000  QA_rec 0 3 0 17
Fr, 24 Jul 2020 13:25:36 +0000  Run-3, Block-0, Trial-17, Q_cnt-167, Q_sen-Der Schmied klopft immer wieder mit dem Hammer auf das heiße Eisen., Q_cen-klopft
Fr, 24 Jul 2020 13:25:37 +0000  QA_rec 1 3 0 18
Fr, 24 Jul 2020 13:25:57 +0000  QA_rec 0 3 0 18
Fr, 24 Jul 2020 13:25:57 +0000  Run-3, Block-0, Trial-18, Q_cnt-168, Q_sen-Es ist nicht erlaubt für alle Autos, vor dem Notausgang zu parken., Q_cen-parken
Fr, 24 Jul 2020 13:25:58 +0000  QA_rec 1 3 0 19
Fr, 24 Jul 2020 13:26:18 +0000  QA_rec 0 3 0 19
Fr, 24 Jul 2020 13:26:18 +0000  Run-3, Block-0, Trial-19, Q_cnt-169, Q_sen-Die Geheimzahl sollte nicht notiert werden, vor allem nicht auf der Bankomatkarte., Q_cen-notiert
Fr, 24 Jul 2020 13:26:19 +0000  QA_rec 1 3 0 20
Fr, 24 Jul 2020 13:26:39 +0000  QA_rec 0 3 0 20
Fr, 24 Jul 2020 13:26:39 +0000  Run-3, Block-0, Trial-20, Q_cnt-170, Q_sen-Der Dieb wurde für sein Verbrechen bestraft., Q_cen-bestraft
Fr, 24 Jul 2020 13:26:40 +0000  QA_rec 1 3 0 21
Fr, 24 Jul 2020 13:27:00 +0000  QA_rec 0 3 0 21
Fr, 24 Jul 2020 13:27:00 +0000  Run-3, Block-0, Trial-21, Q_cnt-171, Q_sen-Die Flasche steht auf dem Tisch., Q_cen-steht
Fr, 24 Jul 2020 13:27:01 +0000  QA_rec 1 3 0 22
Fr, 24 Jul 2020 13:27:21 +0000  QA_rec 0 3 0 22
Fr, 24 Jul 2020 13:27:21 +0000  Run-3, Block-0, Trial-22, Q_cnt-172, Q_sen-Um Omeltte zu machen, werde ich die Eier verrühren und dann braten., Q_cen-braten
Fr, 24 Jul 2020 13:27:22 +0000  QA_rec 1 3 0 23
Fr, 24 Jul 2020 13:27:42 +0000  QA_rec 0 3 0 23
Fr, 24 Jul 2020 13:27:42 +0000  Run-3, Block-0, Trial-23, Q_cnt-173, Q_sen-Kann ich mich um das Stipendium bewerben?, Q_cen-bewerben
Fr, 24 Jul 2020 13:27:43 +0000  QA_rec 1 3 0 24
Fr, 24 Jul 2020 13:28:03 +0000  QA_rec 0 3 0 24
Fr, 24 Jul 2020 13:28:03 +0000  Run-3, Block-0, Trial-24, Q_cnt-174, Q_sen-Nikolaus Kopernikus beschreibt das heliozentrische Weltbild., Q_cen-beschreibt
Fr, 24 Jul 2020 13:28:32 +0000  QA_rec 1 3 1 0
Fr, 24 Jul 2020 13:28:52 +0000  QA_rec 0 3 1 0
Fr, 24 Jul 2020 13:28:52 +0000  Run-3, Block-1, Trial-0, Q_cnt-175, Q_sen-Wir sind mit dem Jeep auf Safari in Kenia gefahren., Q_cen-gefahren
Fr, 24 Jul 2020 13:28:53 +0000  QA_rec 1 3 1 1
Fr, 24 Jul 2020 13:29:13 +0000  QA_rec 0 3 1 1
Fr, 24 Jul 2020 13:29:13 +0000  Run-3, Block-1, Trial-1, Q_cnt-176, Q_sen-Wir müssen Mittel und Wege finden, um das zu ändern., Q_cen-finden
Fr, 24 Jul 2020 13:29:14 +0000  QA_rec 1 3 1 2
Fr, 24 Jul 2020 13:29:34 +0000  QA_rec 0 3 1 2
Fr, 24 Jul 2020 13:29:34 +0000  Run-3, Block-1, Trial-2, Q_cnt-177, Q_sen-Wir bleiben heute zu Hause, weil wir zu müde sind., Q_cen-bleiben
Fr, 24 Jul 2020 13:29:35 +0000  QA_rec 1 3 1 3
Fr, 24 Jul 2020 13:29:55 +0000  QA_rec 0 3 1 3
Fr, 24 Jul 2020 13:29:55 +0000  Run-3, Block-1, Trial-3, Q_cnt-178, Q_sen-Da er sehr reich ist, hat der Club ihn als Mitglied aufgenommen. , Q_cen-aufgenommen
Fr, 24 Jul 2020 13:29:56 +0000  QA_rec 1 3 1 4
Fr, 24 Jul 2020 13:30:16 +0000  QA_rec 0 3 1 4
Fr, 24 Jul 2020 13:30:16 +0000  Run-3, Block-1, Trial-4, Q_cnt-179, Q_sen-Er hat den Vorgang im Tagebuch beschrieben., Q_cen-beschrieben
Fr, 24 Jul 2020 13:30:17 +0000  QA_rec 1 3 1 5
Fr, 24 Jul 2020 13:30:37 +0000  QA_rec 0 3 1 5
Fr, 24 Jul 2020 13:30:37 +0000  Run-3, Block-1, Trial-5, Q_cnt-180, Q_sen-Alle Passagiere müssen an der Endstation aus dem Zug aussteigen., Q_cen-aussteigen
Fr, 24 Jul 2020 13:30:38 +0000  QA_rec 1 3 1 6
Fr, 24 Jul 2020 13:30:58 +0000  QA_rec 0 3 1 6
Fr, 24 Jul 2020 13:30:58 +0000  Run-3, Block-1, Trial-6, Q_cnt-181, Q_sen-Es ist ratsam, auch das Urteil anderer zu hören., Q_cen-hören
Fr, 24 Jul 2020 13:30:59 +0000  QA_rec 1 3 1 7
Fr, 24 Jul 2020 13:31:19 +0000  QA_rec 0 3 1 7
Fr, 24 Jul 2020 13:31:19 +0000  Run-3, Block-1, Trial-7, Q_cnt-182, Q_sen-Viele Zettel sind an der Wand gehängt., Q_cen-gehängt
Fr, 24 Jul 2020 13:31:20 +0000  QA_rec 1 3 1 8
Fr, 24 Jul 2020 13:31:40 +0000  QA_rec 0 3 1 8
Fr, 24 Jul 2020 13:31:40 +0000  Run-3, Block-1, Trial-8, Q_cnt-183, Q_sen-Man kann sich Bilder und Videos von anderen Menschen auf Instagram anschauen., Q_cen-anschauen
Fr, 24 Jul 2020 13:31:41 +0000  QA_rec 1 3 1 9
Fr, 24 Jul 2020 13:32:01 +0000  QA_rec 0 3 1 9
Fr, 24 Jul 2020 13:32:01 +0000  Run-3, Block-1, Trial-9, Q_cnt-184, Q_sen-Ich glaube nicht, dass es regnen wird, aber ich werde für alle Fälle einen Schirm mitnehmen., Q_cen-glaube
Fr, 24 Jul 2020 13:32:02 +0000  QA_rec 1 3 1 10
Fr, 24 Jul 2020 13:32:22 +0000  QA_rec 0 3 1 10
Fr, 24 Jul 2020 13:32:22 +0000  Run-3, Block-1, Trial-10, Q_cnt-185, Q_sen-Du solltest deiner Geliebten Blumen zum Geburtstag schenken., Q_cen-schenken
Fr, 24 Jul 2020 13:32:23 +0000  QA_rec 1 3 1 11
Fr, 24 Jul 2020 13:32:43 +0000  QA_rec 0 3 1 11
Fr, 24 Jul 2020 13:32:43 +0000  Run-3, Block-1, Trial-11, Q_cnt-186, Q_sen-Kannst du mir das mit einem konkreten Beispiel erklären?, Q_cen-erklären
Fr, 24 Jul 2020 13:32:44 +0000  QA_rec 1 3 1 12
Fr, 24 Jul 2020 13:33:04 +0000  QA_rec 0 3 1 12
Fr, 24 Jul 2020 13:33:04 +0000  Run-3, Block-1, Trial-12, Q_cnt-187, Q_sen-Plastikabfälle werden die Meere verschmutzen., Q_cen-verschmutzen
Fr, 24 Jul 2020 13:33:05 +0000  QA_rec 1 3 1 13
Fr, 24 Jul 2020 13:33:25 +0000  QA_rec 0 3 1 13
Fr, 24 Jul 2020 13:33:25 +0000  Run-3, Block-1, Trial-13, Q_cnt-188, Q_sen-Vater trinkt morgens eine Tasse Kaffee., Q_cen-trinkt
Fr, 24 Jul 2020 13:33:26 +0000  QA_rec 1 3 1 14
Fr, 24 Jul 2020 13:33:46 +0000  QA_rec 0 3 1 14
Fr, 24 Jul 2020 13:33:46 +0000  Run-3, Block-1, Trial-14, Q_cnt-189, Q_sen-Zu Beginn der Konferenz wird der Präsident eine Rede halten., Q_cen-halten
Fr, 24 Jul 2020 13:33:47 +0000  QA_rec 1 3 1 15
Fr, 24 Jul 2020 13:34:07 +0000  QA_rec 0 3 1 15
Fr, 24 Jul 2020 13:34:07 +0000  Run-3, Block-1, Trial-15, Q_cnt-190, Q_sen-Marco hat gestern einen Brief an seine Eltern geschrieben., Q_cen-geschrieben
Fr, 24 Jul 2020 13:34:08 +0000  QA_rec 1 3 1 16
Fr, 24 Jul 2020 13:34:28 +0000  QA_rec 0 3 1 16
Fr, 24 Jul 2020 13:34:28 +0000  Run-3, Block-1, Trial-16, Q_cnt-191, Q_sen-Im Herbst verfärben sich die Blätter gelb und fallen auf den Boden., Q_cen-fallen
Fr, 24 Jul 2020 13:34:29 +0000  QA_rec 1 3 1 17
Fr, 24 Jul 2020 13:34:49 +0000  QA_rec 0 3 1 17
Fr, 24 Jul 2020 13:34:49 +0000  Run-3, Block-1, Trial-17, Q_cnt-192, Q_sen-Salz und Pfeffer machten das Steak genießbar., Q_cen-machten
Fr, 24 Jul 2020 13:34:50 +0000  QA_rec 1 3 1 18
Fr, 24 Jul 2020 13:35:10 +0000  QA_rec 0 3 1 18
Fr, 24 Jul 2020 13:35:10 +0000  Run-3, Block-1, Trial-18, Q_cnt-193, Q_sen-Bist du schon mal auf einem Pony geritten? , Q_cen-geritten
Fr, 24 Jul 2020 13:35:11 +0000  QA_rec 1 3 1 19
Fr, 24 Jul 2020 13:35:31 +0000  QA_rec 0 3 1 19
Fr, 24 Jul 2020 13:35:31 +0000  Run-3, Block-1, Trial-19, Q_cnt-194, Q_sen-Der Aufzug ist repariert, jetzt funktioniert er wieder., Q_cen-repariert
Fr, 24 Jul 2020 13:35:32 +0000  QA_rec 1 3 1 20
Fr, 24 Jul 2020 13:35:52 +0000  QA_rec 0 3 1 20
Fr, 24 Jul 2020 13:35:52 +0000  Run-3, Block-1, Trial-20, Q_cnt-195, Q_sen-Sam ist ein ehrlicher Mann und sagt immer die Wahrheit., Q_cen-sagt
Fr, 24 Jul 2020 13:35:53 +0000  QA_rec 1 3 1 21
Fr, 24 Jul 2020 13:36:13 +0000  QA_rec 0 3 1 21
Fr, 24 Jul 2020 13:36:13 +0000  Run-3, Block-1, Trial-21, Q_cnt-196, Q_sen-Toni fliegt mit dem Flugzeug nach., Q_cen-fliegt
Fr, 24 Jul 2020 13:36:14 +0000  QA_rec 1 3 1 22
Fr, 24 Jul 2020 13:36:34 +0000  QA_rec 0 3 1 22
Fr, 24 Jul 2020 13:36:34 +0000  Run-3, Block-1, Trial-22, Q_cnt-197, Q_sen-Beim Spinat und Kohl wird man die Blätter essen., Q_cen-essen
Fr, 24 Jul 2020 13:36:35 +0000  QA_rec 1 3 1 23
Fr, 24 Jul 2020 13:36:55 +0000  QA_rec 0 3 1 23
Fr, 24 Jul 2020 13:36:55 +0000  Run-3, Block-1, Trial-23, Q_cnt-198, Q_sen-Ich möchte einen weiteren Test durchführen, um die Ergebnisse zu prüfen., Q_cen-prüfen
Fr, 24 Jul 2020 13:36:56 +0000  QA_rec 1 3 1 24
Fr, 24 Jul 2020 13:37:16 +0000  QA_rec 0 3 1 24
Fr, 24 Jul 2020 13:37:16 +0000  Run-3, Block-1, Trial-24, Q_cnt-199, Q_sen-Man kann die salzige Luft riechen., Q_cen-riechen
