Mi, 05 Aug 2020 11:03:10 +0000  Instruction 1 None None None
Mi, 05 Aug 2020 11:03:28 +0000  Instruction 0 None None None
Mi, 05 Aug 2020 11:03:28 +0000  Artifact_intro 1 None None None
Mi, 05 Aug 2020 11:04:13 +0000  Artifact_intro 0 None None None
Mi, 05 Aug 2020 11:04:13 +0000  Artifact_rec 1 None None 0
Mi, 05 Aug 2020 11:04:35 +0000  Artifact_rec 0 None None 0
Mi, 05 Aug 2020 11:04:35 +0000  Artifact_rec 1 None None 1
Mi, 05 Aug 2020 11:04:57 +0000  Artifact_rec 0 None None 1
Mi, 05 Aug 2020 11:04:57 +0000  Artifact_rec 1 None None 2
Mi, 05 Aug 2020 11:05:19 +0000  Artifact_rec 0 None None 2
Mi, 05 Aug 2020 11:05:19 +0000  Artifact_rec 1 None None 3
Mi, 05 Aug 2020 11:05:41 +0000  Artifact_rec 0 None None 3
Mi, 05 Aug 2020 11:05:41 +0000  Artifact_rec 1 None None 4
Mi, 05 Aug 2020 11:06:03 +0000  Artifact_rec 0 None None 4
Mi, 05 Aug 2020 11:06:03 +0000  Artifact_rec 1 None None 5
Mi, 05 Aug 2020 11:06:25 +0000  Artifact_rec 0 None None 5
Mi, 05 Aug 2020 11:06:25 +0000  Artifact_rec 1 None None 6
Mi, 05 Aug 2020 11:06:48 +0000  Artifact_rec 0 None None 6
Mi, 05 Aug 2020 11:06:48 +0000  Artifact_rec 1 None None 7
Mi, 05 Aug 2020 11:07:10 +0000  Artifact_rec 0 None None 7
Mi, 05 Aug 2020 11:07:10 +0000  Artifact_rec 1 None None 8
Mi, 05 Aug 2020 11:07:32 +0000  Artifact_rec 0 None None 8
Mi, 05 Aug 2020 11:07:32 +0000  Artifact_rec 1 None None 9
Mi, 05 Aug 2020 11:07:54 +0000  Artifact_rec 0 None None 9
Mi, 05 Aug 2020 11:07:54 +0000  Artifact_rec 1 None None 10
Mi, 05 Aug 2020 11:08:16 +0000  Artifact_rec 0 None None 10
Mi, 05 Aug 2020 11:08:16 +0000  Artifact_rec 1 None None 11
Mi, 05 Aug 2020 11:08:38 +0000  Artifact_rec 0 None None 11
Mi, 05 Aug 2020 11:08:38 +0000  Artifact_rec 1 None None 12
Mi, 05 Aug 2020 11:09:00 +0000  Artifact_rec 0 None None 12
Mi, 05 Aug 2020 11:09:00 +0000  Artifact_rec 1 None None 13
Mi, 05 Aug 2020 11:09:22 +0000  Artifact_rec 0 None None 13
Mi, 05 Aug 2020 11:09:22 +0000  Artifact_rec 1 None None 14
Mi, 05 Aug 2020 11:09:44 +0000  Artifact_rec 0 None None 14
Mi, 05 Aug 2020 11:09:45 +0000  Cali_de_pre_intro 1 None None None
Mi, 05 Aug 2020 11:10:20 +0000  Cali_de_pre_intro 0 None None None
Mi, 05 Aug 2020 11:10:20 +0000  Cali_de_pre_rec 1 None None 0
Mi, 05 Aug 2020 11:10:42 +0000  Cali_de_pre_rec 0 None None 0
Mi, 05 Aug 2020 11:10:42 +0000  Cali_de_pre_rec 1 None None 1
Mi, 05 Aug 2020 11:11:04 +0000  Cali_de_pre_rec 0 None None 1
Mi, 05 Aug 2020 11:11:04 +0000  Cali_de_pre_rec 1 None None 2
Mi, 05 Aug 2020 11:11:26 +0000  Cali_de_pre_rec 0 None None 2
Mi, 05 Aug 2020 11:11:26 +0000  Cali_de_pre_rec 1 None None 3
Mi, 05 Aug 2020 11:11:48 +0000  Cali_de_pre_rec 0 None None 3
Mi, 05 Aug 2020 11:11:48 +0000  Cali_de_pre_rec 1 None None 4
Mi, 05 Aug 2020 11:12:10 +0000  Cali_de_pre_rec 0 None None 4
Mi, 05 Aug 2020 11:12:10 +0000  Cali_de_pre_rec 1 None None 5
Mi, 05 Aug 2020 11:12:32 +0000  Cali_de_pre_rec 0 None None 5
Mi, 05 Aug 2020 11:12:32 +0000  Cali_de_pre_rec 1 None None 6
Mi, 05 Aug 2020 11:12:54 +0000  Cali_de_pre_rec 0 None None 6
Mi, 05 Aug 2020 11:12:54 +0000  Cali_de_pre_rec 1 None None 7
Mi, 05 Aug 2020 11:13:16 +0000  Cali_de_pre_rec 0 None None 7
Mi, 05 Aug 2020 11:13:16 +0000  Cali_de_pre_rec 1 None None 8
Mi, 05 Aug 2020 11:13:38 +0000  Cali_de_pre_rec 0 None None 8
Mi, 05 Aug 2020 11:13:38 +0000  Cali_de_pre_rec 1 None None 9
Mi, 05 Aug 2020 11:14:00 +0000  Cali_de_pre_rec 0 None None 9
