Fr, 24 Jul 2020 10:52:45 +0000  Instruction 1 None None None
Fr, 24 Jul 2020 10:53:01 +0000  Instruction 0 None None None
Fr, 24 Jul 2020 10:53:01 +0000  Artifact_intro 1 None None None
Fr, 24 Jul 2020 10:53:32 +0000  Artifact_intro 0 None None None
Fr, 24 Jul 2020 10:53:32 +0000  Artifact_rec 1 None None 0
Fr, 24 Jul 2020 10:53:54 +0000  Artifact_rec 0 None None 0
Fr, 24 Jul 2020 10:53:54 +0000  Artifact_rec 1 None None 1
Fr, 24 Jul 2020 10:54:16 +0000  Artifact_rec 0 None None 1
Fr, 24 Jul 2020 10:54:16 +0000  Artifact_rec 1 None None 2
Fr, 24 Jul 2020 10:54:38 +0000  Artifact_rec 0 None None 2
Fr, 24 Jul 2020 10:54:38 +0000  Artifact_rec 1 None None 3
Fr, 24 Jul 2020 10:55:00 +0000  Artifact_rec 0 None None 3
Fr, 24 Jul 2020 10:55:00 +0000  Artifact_rec 1 None None 4
Fr, 24 Jul 2020 10:55:22 +0000  Artifact_rec 0 None None 4
Fr, 24 Jul 2020 10:55:22 +0000  Artifact_rec 1 None None 5
Fr, 24 Jul 2020 10:55:44 +0000  Artifact_rec 0 None None 5
Fr, 24 Jul 2020 10:55:44 +0000  Artifact_rec 1 None None 6
Fr, 24 Jul 2020 10:56:06 +0000  Artifact_rec 0 None None 6
Fr, 24 Jul 2020 10:56:06 +0000  Artifact_rec 1 None None 7
Fr, 24 Jul 2020 10:56:28 +0000  Artifact_rec 0 None None 7
Fr, 24 Jul 2020 10:56:28 +0000  Artifact_rec 1 None None 8
Fr, 24 Jul 2020 10:56:50 +0000  Artifact_rec 0 None None 8
Fr, 24 Jul 2020 10:56:50 +0000  Artifact_rec 1 None None 9
Fr, 24 Jul 2020 10:57:12 +0000  Artifact_rec 0 None None 9
Fr, 24 Jul 2020 10:57:12 +0000  Artifact_rec 1 None None 10
Fr, 24 Jul 2020 10:57:34 +0000  Artifact_rec 0 None None 10
Fr, 24 Jul 2020 10:57:34 +0000  Artifact_rec 1 None None 11
Fr, 24 Jul 2020 10:57:56 +0000  Artifact_rec 0 None None 11
Fr, 24 Jul 2020 10:57:56 +0000  Artifact_rec 1 None None 12
Fr, 24 Jul 2020 10:58:18 +0000  Artifact_rec 0 None None 12
Fr, 24 Jul 2020 10:58:18 +0000  Artifact_rec 1 None None 13
Fr, 24 Jul 2020 10:58:40 +0000  Artifact_rec 0 None None 13
Fr, 24 Jul 2020 10:58:40 +0000  Artifact_rec 1 None None 14
Fr, 24 Jul 2020 10:59:02 +0000  Artifact_rec 0 None None 14
Fr, 24 Jul 2020 10:59:03 +0000  Cali_de_pre_intro 1 None None None
Fr, 24 Jul 2020 10:59:37 +0000  Cali_de_pre_intro 0 None None None
Fr, 24 Jul 2020 10:59:37 +0000  Cali_de_pre_rec 1 None None 0
Fr, 24 Jul 2020 10:59:59 +0000  Cali_de_pre_rec 0 None None 0
Fr, 24 Jul 2020 10:59:59 +0000  Cali_de_pre_rec 1 None None 1
Fr, 24 Jul 2020 11:00:21 +0000  Cali_de_pre_rec 0 None None 1
Fr, 24 Jul 2020 11:00:21 +0000  Cali_de_pre_rec 1 None None 2
Fr, 24 Jul 2020 11:00:43 +0000  Cali_de_pre_rec 0 None None 2
Fr, 24 Jul 2020 11:00:43 +0000  Cali_de_pre_rec 1 None None 3
Fr, 24 Jul 2020 11:01:05 +0000  Cali_de_pre_rec 0 None None 3
Fr, 24 Jul 2020 11:01:05 +0000  Cali_de_pre_rec 1 None None 4
Fr, 24 Jul 2020 11:01:27 +0000  Cali_de_pre_rec 0 None None 4
Fr, 24 Jul 2020 11:01:27 +0000  Cali_de_pre_rec 1 None None 5
Fr, 24 Jul 2020 11:01:49 +0000  Cali_de_pre_rec 0 None None 5
Fr, 24 Jul 2020 11:01:49 +0000  Cali_de_pre_rec 1 None None 6
Fr, 24 Jul 2020 11:02:11 +0000  Cali_de_pre_rec 0 None None 6
Fr, 24 Jul 2020 11:02:11 +0000  Cali_de_pre_rec 1 None None 7
Fr, 24 Jul 2020 11:02:33 +0000  Cali_de_pre_rec 0 None None 7
Fr, 24 Jul 2020 11:02:33 +0000  Cali_de_pre_rec 1 None None 8
Fr, 24 Jul 2020 11:02:55 +0000  Cali_de_pre_rec 0 None None 8
Fr, 24 Jul 2020 11:02:55 +0000  Cali_de_pre_rec 1 None None 9
Fr, 24 Jul 2020 11:03:17 +0000  Cali_de_pre_rec 0 None None 9
