Mo, 10 Aug 2020 10:59:59 +0000  fade_in 1 1 None None
Mo, 10 Aug 2020 11:00:34 +0000  fade_in 0 1 None None
Mo, 10 Aug 2020 11:00:36 +0000  RS_intro 1 1 0 None
Mo, 10 Aug 2020 11:00:59 +0000  RS_intro 0 1 0 None
Mo, 10 Aug 2020 11:00:59 +0000  RS_rec 1 1 0 None
Mo, 10 Aug 2020 11:04:02 +0000  RS_rec 0 1 close None
Mo, 10 Aug 2020 11:04:02 +0000  RS_intro 1 1 1 None
Mo, 10 Aug 2020 11:04:25 +0000  RS_intro 0 1 1 None
Mo, 10 Aug 2020 11:04:25 +0000  RS_rec 1 1 1 None
Mo, 10 Aug 2020 11:07:29 +0000  RS_rec 0 1 open None
Mo, 10 Aug 2020 11:07:44 +0000  QA_intro 1 1 None None
Mo, 10 Aug 2020 11:08:26 +0000  QA_intro 0 1 None None
Mo, 10 Aug 2020 11:08:28 +0000  QA_rec 1 1 0 0
Mo, 10 Aug 2020 11:08:48 +0000  QA_rec 0 1 0 0
Mo, 10 Aug 2020 11:08:48 +0000  Run-1, Block-0, Trial-0, Q_cnt-50, Q_sen-Wie feiern die Deutschen Weihnachten?, Q_cen-feiern
Mo, 10 Aug 2020 11:08:49 +0000  QA_rec 1 1 0 1
Mo, 10 Aug 2020 11:09:09 +0000  QA_rec 0 1 0 1
Mo, 10 Aug 2020 11:09:09 +0000  Run-1, Block-0, Trial-1, Q_cnt-51, Q_sen-Ob die bereitgestellte Information korrekt ist, müssen wir prüfen., Q_cen-prüfen
Mo, 10 Aug 2020 11:09:10 +0000  QA_rec 1 1 0 2
Mo, 10 Aug 2020 11:09:30 +0000  QA_rec 0 1 0 2
Mo, 10 Aug 2020 11:09:30 +0000  Run-1, Block-0, Trial-2, Q_cnt-52, Q_sen-Das Bild kann mir die Uhrzeitangabe verstehen helfen., Q_cen-helfen
Mo, 10 Aug 2020 11:09:31 +0000  QA_rec 1 1 0 3
Mo, 10 Aug 2020 11:09:51 +0000  QA_rec 0 1 0 3
Mo, 10 Aug 2020 11:09:51 +0000  Run-1, Block-0, Trial-3, Q_cnt-53, Q_sen-Das Eingreifen des Lehrers beendete den Streit., Q_cen-beendete
Mo, 10 Aug 2020 11:09:52 +0000  QA_rec 1 1 0 4
Mo, 10 Aug 2020 11:10:12 +0000  QA_rec 0 1 0 4
Mo, 10 Aug 2020 11:10:12 +0000  Run-1, Block-0, Trial-4, Q_cnt-54, Q_sen-Die Anlage arbeitet vollautomatisch., Q_cen-arbeitet
Mo, 10 Aug 2020 11:10:13 +0000  QA_rec 1 1 0 5
Mo, 10 Aug 2020 11:10:33 +0000  QA_rec 0 1 0 5
Mo, 10 Aug 2020 11:10:33 +0000  Run-1, Block-0, Trial-5, Q_cnt-55, Q_sen-Ihm ist jedes Mittel recht, um sein Ziel zu erreichen., Q_cen-erreichen
Mo, 10 Aug 2020 11:10:34 +0000  QA_rec 1 1 0 6
Mo, 10 Aug 2020 11:10:54 +0000  QA_rec 0 1 0 6
Mo, 10 Aug 2020 11:10:54 +0000  Run-1, Block-0, Trial-6, Q_cnt-56, Q_sen-Ich wusste die Antwort nicht, also musste ich raten., Q_cen-raten
Mo, 10 Aug 2020 11:10:55 +0000  QA_rec 1 1 0 7
Mo, 10 Aug 2020 11:11:15 +0000  QA_rec 0 1 0 7
Mo, 10 Aug 2020 11:11:15 +0000  Run-1, Block-0, Trial-7, Q_cnt-57, Q_sen-Deine Haare sind so kurz, warst du beim Friseur?, Q_cen-warst
Mo, 10 Aug 2020 11:11:16 +0000  QA_rec 1 1 0 8
Mo, 10 Aug 2020 11:11:36 +0000  QA_rec 0 1 0 8
Mo, 10 Aug 2020 11:11:36 +0000  Run-1, Block-0, Trial-8, Q_cnt-58, Q_sen-Er konnte auf alle Fragen des Quiz antworten., Q_cen-antworten
Mo, 10 Aug 2020 11:11:37 +0000  QA_rec 1 1 0 9
Mo, 10 Aug 2020 11:11:58 +0000  QA_rec 0 1 0 9
Mo, 10 Aug 2020 11:11:58 +0000  Run-1, Block-0, Trial-9, Q_cnt-59, Q_sen-Man wird damit bargeldlos bezahlen können., Q_cen-bezahlen
Mo, 10 Aug 2020 11:11:59 +0000  QA_rec 1 1 0 10
Mo, 10 Aug 2020 11:12:19 +0000  QA_rec 0 1 0 10
Mo, 10 Aug 2020 11:12:19 +0000  Run-1, Block-0, Trial-10, Q_cnt-60, Q_sen-Alle Schüler müssen die Vorschrift halten., Q_cen-halten
Mo, 10 Aug 2020 11:12:20 +0000  QA_rec 1 1 0 11
Mo, 10 Aug 2020 11:12:40 +0000  QA_rec 0 1 0 11
Mo, 10 Aug 2020 11:12:40 +0000  Run-1, Block-0, Trial-11, Q_cnt-61, Q_sen-Josi hat letzte Nacht nur wenig Schlaf gefunden., Q_cen-gefunden
Mo, 10 Aug 2020 11:12:41 +0000  QA_rec 1 1 0 12
Mo, 10 Aug 2020 11:13:01 +0000  QA_rec 0 1 0 12
Mo, 10 Aug 2020 11:13:01 +0000  Run-1, Block-0, Trial-12, Q_cnt-62, Q_sen-Sam hat gerade das Abitur bestanden und wird sich für die Universität Wien bewerben. , Q_cen-bewerben
Mo, 10 Aug 2020 11:13:02 +0000  QA_rec 1 1 0 13
Mo, 10 Aug 2020 11:13:22 +0000  QA_rec 0 1 0 13
Mo, 10 Aug 2020 11:13:22 +0000  Run-1, Block-0, Trial-13, Q_cnt-63, Q_sen-Nachdem mein erster Versuch gescheitert war, probierte ich es noch einmal., Q_cen-probierte
Mo, 10 Aug 2020 11:13:23 +0000  QA_rec 1 1 0 14
Mo, 10 Aug 2020 11:13:43 +0000  QA_rec 0 1 0 14
Mo, 10 Aug 2020 11:13:43 +0000  Run-1, Block-0, Trial-14, Q_cnt-64, Q_sen-Der Hotelier buchte zwei Übernachtungen für uns, Q_cen-buchte
Mo, 10 Aug 2020 11:13:44 +0000  QA_rec 1 1 0 15
Mo, 10 Aug 2020 11:14:04 +0000  QA_rec 0 1 0 15
Mo, 10 Aug 2020 11:14:04 +0000  Run-1, Block-0, Trial-15, Q_cnt-65, Q_sen-Sein Versprechen klingt glaubwürdig., Q_cen-klingt
Mo, 10 Aug 2020 11:14:05 +0000  QA_rec 1 1 0 16
Mo, 10 Aug 2020 11:14:25 +0000  QA_rec 0 1 0 16
Mo, 10 Aug 2020 11:14:25 +0000  Run-1, Block-0, Trial-16, Q_cnt-66, Q_sen-Die meisten Jugendlichen hören gerne Musik., Q_cen-hören
Mo, 10 Aug 2020 11:14:26 +0000  QA_rec 1 1 0 17
Mo, 10 Aug 2020 11:14:46 +0000  QA_rec 0 1 0 17
Mo, 10 Aug 2020 11:14:46 +0000  Run-1, Block-0, Trial-17, Q_cnt-67, Q_sen-Mein Vater arbeitet in einer Papierfabrik., Q_cen-arbeitet
Mo, 10 Aug 2020 11:14:47 +0000  QA_rec 1 1 0 18
Mo, 10 Aug 2020 11:15:07 +0000  QA_rec 0 1 0 18
Mo, 10 Aug 2020 11:15:07 +0000  Run-1, Block-0, Trial-18, Q_cnt-68, Q_sen-Dem Patienten geht es viel besser, so dass der Arzt ihm das Rauchen erlaubte., Q_cen-erlaubte
Mo, 10 Aug 2020 11:15:08 +0000  QA_rec 1 1 0 19
Mo, 10 Aug 2020 11:15:28 +0000  QA_rec 0 1 0 19
Mo, 10 Aug 2020 11:15:28 +0000  Run-1, Block-0, Trial-19, Q_cnt-69, Q_sen-Diese Dame ist US-Bürgerin, wurde aber in Deutschland geboren., Q_cen-geboren
Mo, 10 Aug 2020 11:15:29 +0000  QA_rec 1 1 0 20
Mo, 10 Aug 2020 11:15:49 +0000  QA_rec 0 1 0 20
Mo, 10 Aug 2020 11:15:49 +0000  Run-1, Block-0, Trial-20, Q_cnt-70, Q_sen-Bei dem Gewitter letzte Woche hat der Blitz in ein Boot eingeschlagen., Q_cen-eingeschlagen
Mo, 10 Aug 2020 11:15:50 +0000  QA_rec 1 1 0 21
Mo, 10 Aug 2020 11:16:10 +0000  QA_rec 0 1 0 21
Mo, 10 Aug 2020 11:16:10 +0000  Run-1, Block-0, Trial-21, Q_cnt-71, Q_sen-Ihre Freundlichkeit gab mir ein Gefühl von Sicherheit., Q_cen-gab
Mo, 10 Aug 2020 11:16:11 +0000  QA_rec 1 1 0 22
Mo, 10 Aug 2020 11:16:31 +0000  QA_rec 0 1 0 22
Mo, 10 Aug 2020 11:16:31 +0000  Run-1, Block-0, Trial-22, Q_cnt-72, Q_sen-Wenn das Klima immer wärmer wird, werden auch die Gletscher schmelzen., Q_cen-schmelzen
Mo, 10 Aug 2020 11:16:32 +0000  QA_rec 1 1 0 23
Mo, 10 Aug 2020 11:16:52 +0000  QA_rec 0 1 0 23
Mo, 10 Aug 2020 11:16:52 +0000  Run-1, Block-0, Trial-23, Q_cnt-73, Q_sen-Du kannst auf meine Unterstützung rechnen., Q_cen-rechnen
Mo, 10 Aug 2020 11:16:53 +0000  QA_rec 1 1 0 24
Mo, 10 Aug 2020 11:17:13 +0000  QA_rec 0 1 0 24
Mo, 10 Aug 2020 11:17:13 +0000  Run-1, Block-0, Trial-24, Q_cnt-74, Q_sen-Das Radio informiert Autofahrer über Staus., Q_cen-informiert
Mo, 10 Aug 2020 11:17:32 +0000  QA_rec 1 1 1 0
Mo, 10 Aug 2020 11:17:52 +0000  QA_rec 0 1 1 0
Mo, 10 Aug 2020 11:17:52 +0000  Run-1, Block-1, Trial-0, Q_cnt-75, Q_sen-Ein Flüchtling ist jemand , der aus Not seine Heimat verlässt., Q_cen-verlässt
Mo, 10 Aug 2020 11:17:53 +0000  QA_rec 1 1 1 1
Mo, 10 Aug 2020 11:18:13 +0000  QA_rec 0 1 1 1
Mo, 10 Aug 2020 11:18:13 +0000  Run-1, Block-1, Trial-1, Q_cnt-76, Q_sen-Das Friedensabkommen hat den Krieg beendet., Q_cen-beendet
Mo, 10 Aug 2020 11:18:14 +0000  QA_rec 1 1 1 2
Mo, 10 Aug 2020 11:18:34 +0000  QA_rec 0 1 1 2
Mo, 10 Aug 2020 11:18:34 +0000  Run-1, Block-1, Trial-2, Q_cnt-77, Q_sen-Ich habe mich dieses Semester für einen sehr einfachen Kurs angemeldet., Q_cen-angemeldet
Mo, 10 Aug 2020 11:18:35 +0000  QA_rec 1 1 1 3
Mo, 10 Aug 2020 11:18:55 +0000  QA_rec 0 1 1 3
Mo, 10 Aug 2020 11:18:55 +0000  Run-1, Block-1, Trial-3, Q_cnt-78, Q_sen-Das Brot vom Bäcker schmeckt viel besser., Q_cen-schmeckt
Mo, 10 Aug 2020 11:18:56 +0000  QA_rec 1 1 1 4
Mo, 10 Aug 2020 11:19:16 +0000  QA_rec 0 1 1 4
Mo, 10 Aug 2020 11:19:16 +0000  Run-1, Block-1, Trial-4, Q_cnt-79, Q_sen-Wir werden später bestellen, denn es fehlen noch einige Gäste., Q_cen-fehlen
Mo, 10 Aug 2020 11:19:17 +0000  QA_rec 1 1 1 5
Mo, 10 Aug 2020 11:19:37 +0000  QA_rec 0 1 1 5
Mo, 10 Aug 2020 11:19:37 +0000  Run-1, Block-1, Trial-5, Q_cnt-80, Q_sen-Der Arbeiter repariert eine Panne., Q_cen-repariert
Mo, 10 Aug 2020 11:19:38 +0000  QA_rec 1 1 1 6
Mo, 10 Aug 2020 11:19:58 +0000  QA_rec 0 1 1 6
Mo, 10 Aug 2020 11:19:58 +0000  Run-1, Block-1, Trial-6, Q_cnt-81, Q_sen-Mit dem Rezept kann man die Medizin in der Apotheke kaufen., Q_cen-kaufen
Mo, 10 Aug 2020 11:19:59 +0000  QA_rec 1 1 1 7
Mo, 10 Aug 2020 11:20:19 +0000  QA_rec 0 1 1 7
Mo, 10 Aug 2020 11:20:19 +0000  Run-1, Block-1, Trial-7, Q_cnt-82, Q_sen-Meine Oma hat mir Frühstück gekocht., Q_cen-gekocht
Mo, 10 Aug 2020 11:20:20 +0000  QA_rec 1 1 1 8
Mo, 10 Aug 2020 11:20:40 +0000  QA_rec 0 1 1 8
Mo, 10 Aug 2020 11:20:40 +0000  Run-1, Block-1, Trial-8, Q_cnt-83, Q_sen-Ich habe dieses Fach als mein Hauptfach gewählt, weil es mich interessiert., Q_cen-interessiert
Mo, 10 Aug 2020 11:20:41 +0000  QA_rec 1 1 1 9
Mo, 10 Aug 2020 11:21:01 +0000  QA_rec 0 1 1 9
Mo, 10 Aug 2020 11:21:01 +0000  Run-1, Block-1, Trial-9, Q_cnt-84, Q_sen-Finden Sie nicht, er hat sich nach dem Tod seines Kindes völlig verändert?, Q_cen-verändert
Mo, 10 Aug 2020 11:21:02 +0000  QA_rec 1 1 1 10
Mo, 10 Aug 2020 11:21:22 +0000  QA_rec 0 1 1 10
Mo, 10 Aug 2020 11:21:22 +0000  Run-1, Block-1, Trial-10, Q_cnt-85, Q_sen-Es ist nicht zulässig, bei der Prüfung Hilfsmittel zu benutzen., Q_cen-benutzen
Mo, 10 Aug 2020 11:21:23 +0000  QA_rec 1 1 1 11
Mo, 10 Aug 2020 11:21:43 +0000  QA_rec 0 1 1 11
Mo, 10 Aug 2020 11:21:43 +0000  Run-1, Block-1, Trial-11, Q_cnt-86, Q_sen-Kunden sollten Produkte sorgfältig prüfen, bevor sie sie kaufen., Q_cen-prüfen
Mo, 10 Aug 2020 11:21:44 +0000  QA_rec 1 1 1 12
Mo, 10 Aug 2020 11:22:04 +0000  QA_rec 0 1 1 12
Mo, 10 Aug 2020 11:22:04 +0000  Run-1, Block-1, Trial-12, Q_cnt-87, Q_sen-Der Zahnarzt untersuchte meine Zunge genau., Q_cen-untersuchte
Mo, 10 Aug 2020 11:22:05 +0000  QA_rec 1 1 1 13
Mo, 10 Aug 2020 11:22:25 +0000  QA_rec 0 1 1 13
Mo, 10 Aug 2020 11:22:25 +0000  Run-1, Block-1, Trial-13, Q_cnt-88, Q_sen-Doris ist leider zu spät gekommen, die Apotheke hat heute schon geschlossen., Q_cen-geschlossen
Mo, 10 Aug 2020 11:22:26 +0000  QA_rec 1 1 1 14
Mo, 10 Aug 2020 11:22:46 +0000  QA_rec 0 1 1 14
Mo, 10 Aug 2020 11:22:46 +0000  Run-1, Block-1, Trial-14, Q_cnt-89, Q_sen-Wir mussten ein amtliches Formular ausfüllen, als wir geheiratet haben., Q_cen-ausfüllen
Mo, 10 Aug 2020 11:22:47 +0000  QA_rec 1 1 1 15
Mo, 10 Aug 2020 11:23:07 +0000  QA_rec 0 1 1 15
Mo, 10 Aug 2020 11:23:07 +0000  Run-1, Block-1, Trial-15, Q_cnt-90, Q_sen-Die Ausbildung besteht aus mehreren Modulen., Q_cen-besteht
Mo, 10 Aug 2020 11:23:08 +0000  QA_rec 1 1 1 16
Mo, 10 Aug 2020 11:23:28 +0000  QA_rec 0 1 1 16
Mo, 10 Aug 2020 11:23:28 +0000  Run-1, Block-1, Trial-16, Q_cnt-91, Q_sen-Die Gäste gratulieren dem jungen Paar herzlich zur Hochzeit., Q_cen-gratulieren
Mo, 10 Aug 2020 11:23:29 +0000  QA_rec 1 1 1 17
Mo, 10 Aug 2020 11:23:50 +0000  QA_rec 0 1 1 17
Mo, 10 Aug 2020 11:23:50 +0000  Run-1, Block-1, Trial-17, Q_cnt-92, Q_sen-Er hat den Vorgang im Tagebuch beschrieben., Q_cen-beschrieben
Mo, 10 Aug 2020 11:23:51 +0000  QA_rec 1 1 1 18
Mo, 10 Aug 2020 11:24:11 +0000  QA_rec 0 1 1 18
Mo, 10 Aug 2020 11:24:11 +0000  Run-1, Block-1, Trial-18, Q_cnt-93, Q_sen-Während meines Urlaubs werde ich nach China und Japan reisen., Q_cen-reisen
Mo, 10 Aug 2020 11:24:12 +0000  QA_rec 1 1 1 19
Mo, 10 Aug 2020 11:24:32 +0000  QA_rec 0 1 1 19
Mo, 10 Aug 2020 11:24:32 +0000  Run-1, Block-1, Trial-19, Q_cnt-94, Q_sen-Floras Eltern machen eine Kreuzfahrt mit einem riesigen Schiff auf dem Meer., Q_cen-machen
Mo, 10 Aug 2020 11:24:33 +0000  QA_rec 1 1 1 20
Mo, 10 Aug 2020 11:24:53 +0000  QA_rec 0 1 1 20
Mo, 10 Aug 2020 11:24:53 +0000  Run-1, Block-1, Trial-20, Q_cnt-95, Q_sen-Da drüben raucht es, wir sollten die Feuerwehr holen., Q_cen-raucht
Mo, 10 Aug 2020 11:24:54 +0000  QA_rec 1 1 1 21
Mo, 10 Aug 2020 11:25:14 +0000  QA_rec 0 1 1 21
Mo, 10 Aug 2020 11:25:14 +0000  Run-1, Block-1, Trial-21, Q_cnt-96, Q_sen-Du kannst den Hund streicheln, er wird dich nicht beißen., Q_cen-beißen
Mo, 10 Aug 2020 11:25:15 +0000  QA_rec 1 1 1 22
Mo, 10 Aug 2020 11:25:35 +0000  QA_rec 0 1 1 22
Mo, 10 Aug 2020 11:25:35 +0000  Run-1, Block-1, Trial-22, Q_cnt-97, Q_sen-Bewegung und gesunde Ernährung gehören zu einer gesunden Lebensweise., Q_cen-gehören
Mo, 10 Aug 2020 11:25:36 +0000  QA_rec 1 1 1 23
Mo, 10 Aug 2020 11:25:56 +0000  QA_rec 0 1 1 23
Mo, 10 Aug 2020 11:25:56 +0000  Run-1, Block-1, Trial-23, Q_cnt-98, Q_sen-An unserem Baum hängen viele reife Birnen, Q_cen-hängen
Mo, 10 Aug 2020 11:25:57 +0000  QA_rec 1 1 1 24
Mo, 10 Aug 2020 11:26:17 +0000  QA_rec 0 1 1 24
Mo, 10 Aug 2020 11:26:17 +0000  Run-1, Block-1, Trial-24, Q_cnt-99, Q_sen-Ein Fußball Team besteht aus zehn Spielern und einem Tormann., Q_cen-besteht
