So, 26 Jul 2020 16:12:03 +0000  Instruction 1 None None None
So, 26 Jul 2020 16:12:18 +0000  Instruction 0 None None None
So, 26 Jul 2020 16:12:18 +0000  Artifact_intro 1 None None None
So, 26 Jul 2020 16:12:46 +0000  Artifact_intro 0 None None None
So, 26 Jul 2020 16:12:46 +0000  Artifact_rec 1 None None 0
So, 26 Jul 2020 16:13:08 +0000  Artifact_rec 0 None None 0
So, 26 Jul 2020 16:13:08 +0000  Artifact_rec 1 None None 1
So, 26 Jul 2020 16:13:30 +0000  Artifact_rec 0 None None 1
So, 26 Jul 2020 16:13:30 +0000  Artifact_rec 1 None None 2
So, 26 Jul 2020 16:13:52 +0000  Artifact_rec 0 None None 2
So, 26 Jul 2020 16:13:52 +0000  Artifact_rec 1 None None 3
So, 26 Jul 2020 16:14:14 +0000  Artifact_rec 0 None None 3
So, 26 Jul 2020 16:14:14 +0000  Artifact_rec 1 None None 4
So, 26 Jul 2020 16:14:36 +0000  Artifact_rec 0 None None 4
So, 26 Jul 2020 16:14:36 +0000  Artifact_rec 1 None None 5
So, 26 Jul 2020 16:14:58 +0000  Artifact_rec 0 None None 5
So, 26 Jul 2020 16:14:58 +0000  Artifact_rec 1 None None 6
So, 26 Jul 2020 16:15:20 +0000  Artifact_rec 0 None None 6
So, 26 Jul 2020 16:15:20 +0000  Artifact_rec 1 None None 7
So, 26 Jul 2020 16:15:42 +0000  Artifact_rec 0 None None 7
So, 26 Jul 2020 16:15:42 +0000  Artifact_rec 1 None None 8
So, 26 Jul 2020 16:16:04 +0000  Artifact_rec 0 None None 8
So, 26 Jul 2020 16:16:04 +0000  Artifact_rec 1 None None 9
So, 26 Jul 2020 16:16:26 +0000  Artifact_rec 0 None None 9
So, 26 Jul 2020 16:16:26 +0000  Artifact_rec 1 None None 10
So, 26 Jul 2020 16:16:48 +0000  Artifact_rec 0 None None 10
So, 26 Jul 2020 16:16:48 +0000  Artifact_rec 1 None None 11
So, 26 Jul 2020 16:17:10 +0000  Artifact_rec 0 None None 11
So, 26 Jul 2020 16:17:10 +0000  Artifact_rec 1 None None 12
So, 26 Jul 2020 16:17:32 +0000  Artifact_rec 0 None None 12
So, 26 Jul 2020 16:17:32 +0000  Artifact_rec 1 None None 13
So, 26 Jul 2020 16:17:54 +0000  Artifact_rec 0 None None 13
So, 26 Jul 2020 16:17:54 +0000  Artifact_rec 1 None None 14
So, 26 Jul 2020 16:18:16 +0000  Artifact_rec 0 None None 14
So, 26 Jul 2020 16:18:17 +0000  Cali_de_pre_intro 1 None None None
So, 26 Jul 2020 16:18:49 +0000  Cali_de_pre_intro 0 None None None
So, 26 Jul 2020 16:18:49 +0000  Cali_de_pre_rec 1 None None 0
So, 26 Jul 2020 16:19:11 +0000  Cali_de_pre_rec 0 None None 0
So, 26 Jul 2020 16:19:11 +0000  Cali_de_pre_rec 1 None None 1
So, 26 Jul 2020 16:19:33 +0000  Cali_de_pre_rec 0 None None 1
So, 26 Jul 2020 16:19:33 +0000  Cali_de_pre_rec 1 None None 2
So, 26 Jul 2020 16:19:55 +0000  Cali_de_pre_rec 0 None None 2
So, 26 Jul 2020 16:19:55 +0000  Cali_de_pre_rec 1 None None 3
So, 26 Jul 2020 16:20:17 +0000  Cali_de_pre_rec 0 None None 3
So, 26 Jul 2020 16:20:17 +0000  Cali_de_pre_rec 1 None None 4
So, 26 Jul 2020 16:20:39 +0000  Cali_de_pre_rec 0 None None 4
So, 26 Jul 2020 16:20:39 +0000  Cali_de_pre_rec 1 None None 5
