Mo, 27 Jul 2020 15:24:07 +0000  Instruction 1 None None None
Mo, 27 Jul 2020 15:24:22 +0000  Instruction 0 None None None
Mo, 27 Jul 2020 15:24:22 +0000  Artifact_intro 1 None None None
Mo, 27 Jul 2020 15:24:53 +0000  Artifact_intro 0 None None None
Mo, 27 Jul 2020 15:24:53 +0000  Artifact_rec 1 None None 0
Mo, 27 Jul 2020 15:25:15 +0000  Artifact_rec 0 None None 0
Mo, 27 Jul 2020 15:25:15 +0000  Artifact_rec 1 None None 1
Mo, 27 Jul 2020 15:25:37 +0000  Artifact_rec 0 None None 1
Mo, 27 Jul 2020 15:25:37 +0000  Artifact_rec 1 None None 2
Mo, 27 Jul 2020 15:25:59 +0000  Artifact_rec 0 None None 2
Mo, 27 Jul 2020 15:25:59 +0000  Artifact_rec 1 None None 3
Mo, 27 Jul 2020 15:26:21 +0000  Artifact_rec 0 None None 3
Mo, 27 Jul 2020 15:26:21 +0000  Artifact_rec 1 None None 4
Mo, 27 Jul 2020 15:26:43 +0000  Artifact_rec 0 None None 4
Mo, 27 Jul 2020 15:26:43 +0000  Artifact_rec 1 None None 5
Mo, 27 Jul 2020 15:27:05 +0000  Artifact_rec 0 None None 5
Mo, 27 Jul 2020 15:27:05 +0000  Artifact_rec 1 None None 6
Mo, 27 Jul 2020 15:27:27 +0000  Artifact_rec 0 None None 6
Mo, 27 Jul 2020 15:27:27 +0000  Artifact_rec 1 None None 7
Mo, 27 Jul 2020 15:27:49 +0000  Artifact_rec 0 None None 7
Mo, 27 Jul 2020 15:27:49 +0000  Artifact_rec 1 None None 8
Mo, 27 Jul 2020 15:28:11 +0000  Artifact_rec 0 None None 8
Mo, 27 Jul 2020 15:28:11 +0000  Artifact_rec 1 None None 9
Mo, 27 Jul 2020 15:28:33 +0000  Artifact_rec 0 None None 9
Mo, 27 Jul 2020 15:28:33 +0000  Artifact_rec 1 None None 10
Mo, 27 Jul 2020 15:28:55 +0000  Artifact_rec 0 None None 10
Mo, 27 Jul 2020 15:28:55 +0000  Artifact_rec 1 None None 11
Mo, 27 Jul 2020 15:29:17 +0000  Artifact_rec 0 None None 11
Mo, 27 Jul 2020 15:29:17 +0000  Artifact_rec 1 None None 12
Mo, 27 Jul 2020 15:29:39 +0000  Artifact_rec 0 None None 12
Mo, 27 Jul 2020 15:29:39 +0000  Artifact_rec 1 None None 13
Mo, 27 Jul 2020 15:30:01 +0000  Artifact_rec 0 None None 13
Mo, 27 Jul 2020 15:30:01 +0000  Artifact_rec 1 None None 14
Mo, 27 Jul 2020 15:30:23 +0000  Artifact_rec 0 None None 14
Mo, 27 Jul 2020 15:30:24 +0000  Cali_de_pre_intro 1 None None None
Mo, 27 Jul 2020 15:31:00 +0000  Cali_de_pre_intro 0 None None None
Mo, 27 Jul 2020 15:31:00 +0000  Cali_de_pre_rec 1 None None 0
Mo, 27 Jul 2020 15:31:22 +0000  Cali_de_pre_rec 0 None None 0
Mo, 27 Jul 2020 15:31:22 +0000  Cali_de_pre_rec 1 None None 1
Mo, 27 Jul 2020 15:31:44 +0000  Cali_de_pre_rec 0 None None 1
Mo, 27 Jul 2020 15:31:44 +0000  Cali_de_pre_rec 1 None None 2
Mo, 27 Jul 2020 15:32:06 +0000  Cali_de_pre_rec 0 None None 2
Mo, 27 Jul 2020 15:32:06 +0000  Cali_de_pre_rec 1 None None 3
Mo, 27 Jul 2020 15:32:28 +0000  Cali_de_pre_rec 0 None None 3
Mo, 27 Jul 2020 15:32:28 +0000  Cali_de_pre_rec 1 None None 4
Mo, 27 Jul 2020 15:32:51 +0000  Cali_de_pre_rec 0 None None 4
Mo, 27 Jul 2020 15:32:51 +0000  Cali_de_pre_rec 1 None None 5
Mo, 27 Jul 2020 15:33:13 +0000  Cali_de_pre_rec 0 None None 5
Mo, 27 Jul 2020 15:33:13 +0000  Cali_de_pre_rec 1 None None 6
Mo, 27 Jul 2020 15:33:35 +0000  Cali_de_pre_rec 0 None None 6
Mo, 27 Jul 2020 15:33:35 +0000  Cali_de_pre_rec 1 None None 7
Mo, 27 Jul 2020 15:33:57 +0000  Cali_de_pre_rec 0 None None 7
Mo, 27 Jul 2020 15:33:57 +0000  Cali_de_pre_rec 1 None None 8
Mo, 27 Jul 2020 15:34:19 +0000  Cali_de_pre_rec 0 None None 8
Mo, 27 Jul 2020 15:34:19 +0000  Cali_de_pre_rec 1 None None 9
Mo, 27 Jul 2020 15:34:41 +0000  Cali_de_pre_rec 0 None None 9
