Fr, 03 Jul 2020 13:10:44 +0000  fade_in 1 0 None None
Fr, 03 Jul 2020 13:11:14 +0000  fade_in 0 0 None None
Fr, 03 Jul 2020 13:11:16 +0000  RS_rec 1 0 0 None
Fr, 03 Jul 2020 13:14:19 +0000  RS_rec 0 0 close None
Fr, 03 Jul 2020 13:14:19 +0000  RS_rec 1 0 1 None
Fr, 03 Jul 2020 13:17:22 +0000  RS_rec 0 0 open None
Fr, 03 Jul 2020 13:17:51 +0000  QA_rec 1 0 0 0
Fr, 03 Jul 2020 13:18:11 +0000  QA_rec 0 0 0 0
Fr, 03 Jul 2020 13:18:11 +0000  Run-0, Block-0, Trial-0, Q_cnt-0, Q_sen-Es besteht eine starke Verbindung zwischen Musik und Kunst., Q_cen-besteht
Fr, 03 Jul 2020 13:18:12 +0000  QA_rec 1 0 0 1
Fr, 03 Jul 2020 13:18:32 +0000  QA_rec 0 0 0 1
Fr, 03 Jul 2020 13:18:32 +0000  Run-0, Block-0, Trial-1, Q_cnt-1, Q_sen-Wir leben in dem universalen Weltall., Q_cen-leben
Fr, 03 Jul 2020 13:18:33 +0000  QA_rec 1 0 0 2
Fr, 03 Jul 2020 13:18:53 +0000  QA_rec 0 0 0 2
Fr, 03 Jul 2020 13:18:53 +0000  Run-0, Block-0, Trial-2, Q_cnt-2, Q_sen-Sonja nimmt ihren Tee mit Milch und Zucker., Q_cen-nimmt
Fr, 03 Jul 2020 13:18:54 +0000  QA_rec 1 0 0 3
Fr, 03 Jul 2020 13:19:14 +0000  QA_rec 0 0 0 3
Fr, 03 Jul 2020 13:19:14 +0000  Run-0, Block-0, Trial-3, Q_cnt-3, Q_sen-Du darfst diese Bücher aufeinander liegen., Q_cen-liegen
Fr, 03 Jul 2020 13:19:15 +0000  QA_rec 1 0 0 4
Fr, 03 Jul 2020 13:19:35 +0000  QA_rec 0 0 0 4
Fr, 03 Jul 2020 13:19:35 +0000  Run-0, Block-0, Trial-4, Q_cnt-4, Q_sen-Da hier nur sehr wenige Parkplätze sind, nur Anwohner dürfen in dieser Straße parken., Q_cen-parken
Fr, 03 Jul 2020 13:19:36 +0000  QA_rec 1 0 0 5
Fr, 03 Jul 2020 13:19:56 +0000  QA_rec 0 0 0 5
Fr, 03 Jul 2020 13:19:56 +0000  Run-0, Block-0, Trial-5, Q_cnt-5, Q_sen-Das Zimmer kostet ein Hundert Euro pro Nacht., Q_cen-kostet
Fr, 03 Jul 2020 13:19:57 +0000  QA_rec 1 0 0 6
Fr, 03 Jul 2020 13:20:17 +0000  QA_rec 0 0 0 6
Fr, 03 Jul 2020 13:20:17 +0000  Run-0, Block-0, Trial-6, Q_cnt-6, Q_sen-An der Tankstelle kann man Benzin in den Tank füllen., Q_cen-füllen
Fr, 03 Jul 2020 13:20:18 +0000  QA_rec 1 0 0 7
Fr, 03 Jul 2020 13:20:38 +0000  QA_rec 0 0 0 7
Fr, 03 Jul 2020 13:20:38 +0000  Run-0, Block-0, Trial-7, Q_cnt-7, Q_sen-Ich habe das Formular ausgefüllt, um mich für den Kurs anzumelden., Q_cen-ausgefüllt
Fr, 03 Jul 2020 13:20:39 +0000  QA_rec 1 0 0 8
Fr, 03 Jul 2020 13:20:59 +0000  QA_rec 0 0 0 8
Fr, 03 Jul 2020 13:20:59 +0000  Run-0, Block-0, Trial-8, Q_cnt-8, Q_sen-Bald wird in den USA ein neuer Präsident gewählt., Q_cen-gewählt
Fr, 03 Jul 2020 13:21:00 +0000  QA_rec 1 0 0 9
Fr, 03 Jul 2020 13:21:21 +0000  QA_rec 0 0 0 9
Fr, 03 Jul 2020 13:21:21 +0000  Run-0, Block-0, Trial-9, Q_cnt-9, Q_sen-Mein Ziel ist, in der Prüfung gute Ergebnisse zu bekommen., Q_cen-bekommen
Fr, 03 Jul 2020 13:21:22 +0000  QA_rec 1 0 0 10
Fr, 03 Jul 2020 13:21:42 +0000  QA_rec 0 0 0 10
Fr, 03 Jul 2020 13:21:42 +0000  Run-0, Block-0, Trial-10, Q_cnt-10, Q_sen-Wir freuen uns von Herzen über seine ausgezeichnete Leistung., Q_cen-freuen
Fr, 03 Jul 2020 13:21:43 +0000  QA_rec 1 0 0 11
Fr, 03 Jul 2020 13:22:03 +0000  QA_rec 0 0 0 11
Fr, 03 Jul 2020 13:22:03 +0000  Run-0, Block-0, Trial-11, Q_cnt-11, Q_sen-Diese Speise schmeckt sauer., Q_cen-schmeckt
Fr, 03 Jul 2020 13:22:04 +0000  QA_rec 1 0 0 12
Fr, 03 Jul 2020 13:22:24 +0000  QA_rec 0 0 0 12
Fr, 03 Jul 2020 13:22:24 +0000  Run-0, Block-0, Trial-12, Q_cnt-12, Q_sen-Der Unterricht dauert meistens bis um dreizehn Uhr., Q_cen-dauert
Fr, 03 Jul 2020 13:22:25 +0000  QA_rec 1 0 0 13
Fr, 03 Jul 2020 13:22:45 +0000  QA_rec 0 0 0 13
Fr, 03 Jul 2020 13:22:45 +0000  Run-0, Block-0, Trial-13, Q_cnt-13, Q_sen-Die sieben kleinen Äpfel sollen ungefähr zwei Kilo wiegen., Q_cen-wiegen
Fr, 03 Jul 2020 13:22:46 +0000  QA_rec 1 0 0 14
Fr, 03 Jul 2020 13:23:06 +0000  QA_rec 0 0 0 14
Fr, 03 Jul 2020 13:23:06 +0000  Run-0, Block-0, Trial-14, Q_cnt-14, Q_sen-Danke für den Smoothie, den Sie mir machten., Q_cen-machten
Fr, 03 Jul 2020 13:23:07 +0000  QA_rec 1 0 0 15
Fr, 03 Jul 2020 13:23:27 +0000  QA_rec 0 0 0 15
Fr, 03 Jul 2020 13:23:27 +0000  Run-0, Block-0, Trial-15, Q_cnt-15, Q_sen-Eltern kümmern sich um ihre Kinder., Q_cen-kümmern
Fr, 03 Jul 2020 13:23:28 +0000  QA_rec 1 0 0 16
Fr, 03 Jul 2020 13:23:48 +0000  QA_rec 0 0 0 16
Fr, 03 Jul 2020 13:23:48 +0000  Run-0, Block-0, Trial-16, Q_cnt-16, Q_sen-Es dauerte lange, alle nötigen Informationen zu sammeln., Q_cen-sammeln
Fr, 03 Jul 2020 13:23:49 +0000  QA_rec 1 0 0 17
Fr, 03 Jul 2020 13:24:09 +0000  QA_rec 0 0 0 17
Fr, 03 Jul 2020 13:24:09 +0000  Run-0, Block-0, Trial-17, Q_cnt-17, Q_sen-Mani ist ins Kino gegangen und hat sich einen guten Film angesehen., Q_cen-angesehen
Fr, 03 Jul 2020 13:24:10 +0000  QA_rec 1 0 0 18
Fr, 03 Jul 2020 13:24:30 +0000  QA_rec 0 0 0 18
Fr, 03 Jul 2020 13:24:30 +0000  Run-0, Block-0, Trial-18, Q_cnt-18, Q_sen-Bevor man eine Orange essen kann, muss man sie erst schneiden oder schälen., Q_cen-schälen
Fr, 03 Jul 2020 13:24:31 +0000  QA_rec 1 0 0 19
Fr, 03 Jul 2020 13:24:51 +0000  QA_rec 0 0 0 19
Fr, 03 Jul 2020 13:24:51 +0000  Run-0, Block-0, Trial-19, Q_cnt-19, Q_sen-Die Ergebnisse werden auf einer Skala von eins bis zehn angezeigt., Q_cen-angezeigt
Fr, 03 Jul 2020 13:24:52 +0000  QA_rec 1 0 0 20
Fr, 03 Jul 2020 13:25:12 +0000  QA_rec 0 0 0 20
Fr, 03 Jul 2020 13:25:12 +0000  Run-0, Block-0, Trial-20, Q_cnt-20, Q_sen-Das Auto wurde in Deutschland hergestellt., Q_cen-hergestellt
Fr, 03 Jul 2020 13:25:13 +0000  QA_rec 1 0 0 21
Fr, 03 Jul 2020 13:25:33 +0000  QA_rec 0 0 0 21
Fr, 03 Jul 2020 13:25:33 +0000  Run-0, Block-0, Trial-21, Q_cnt-21, Q_sen-Das Friedensabkommen hat den Krieg beendet., Q_cen-beendet
Fr, 03 Jul 2020 13:25:34 +0000  QA_rec 1 0 0 22
Fr, 03 Jul 2020 13:25:54 +0000  QA_rec 0 0 0 22
Fr, 03 Jul 2020 13:25:54 +0000  Run-0, Block-0, Trial-22, Q_cnt-22, Q_sen-Lange dünne Nudeln nennt man Spaghetti., Q_cen-nennt
Fr, 03 Jul 2020 13:25:55 +0000  QA_rec 1 0 0 23
Fr, 03 Jul 2020 13:26:15 +0000  QA_rec 0 0 0 23
Fr, 03 Jul 2020 13:26:15 +0000  Run-0, Block-0, Trial-23, Q_cnt-23, Q_sen-Ich nehme zwei Bücher aus dem Regal., Q_cen-nehme
Fr, 03 Jul 2020 13:26:16 +0000  QA_rec 1 0 0 24
Fr, 03 Jul 2020 13:26:36 +0000  QA_rec 0 0 0 24
Fr, 03 Jul 2020 13:26:36 +0000  Run-0, Block-0, Trial-24, Q_cnt-24, Q_sen-Ich bin der Überzeugung, dass er es rechtzeitig schaffen kann., Q_cen-schaffen
Fr, 03 Jul 2020 13:28:18 +0000  QA_rec 1 0 1 0
Fr, 03 Jul 2020 13:28:38 +0000  QA_rec 0 0 1 0
Fr, 03 Jul 2020 13:28:38 +0000  Run-0, Block-1, Trial-0, Q_cnt-25, Q_sen-Neue Sterne entstehen in den Magellan-Wolken., Q_cen-entstehen
Fr, 03 Jul 2020 13:28:39 +0000  QA_rec 1 0 1 1
Fr, 03 Jul 2020 13:28:59 +0000  QA_rec 0 0 1 1
Fr, 03 Jul 2020 13:28:59 +0000  Run-0, Block-1, Trial-1, Q_cnt-26, Q_sen-Er antwortete schnell auf meine Frage., Q_cen-antwortete
Fr, 03 Jul 2020 13:29:00 +0000  QA_rec 1 0 1 2
Fr, 03 Jul 2020 13:29:20 +0000  QA_rec 0 0 1 2
Fr, 03 Jul 2020 13:29:20 +0000  Run-0, Block-1, Trial-2, Q_cnt-27, Q_sen-Er legte das Messer und die Gabel neben den Teller., Q_cen-legte
Fr, 03 Jul 2020 13:29:21 +0000  QA_rec 1 0 1 3
Fr, 03 Jul 2020 13:29:41 +0000  QA_rec 0 0 1 3
Fr, 03 Jul 2020 13:29:41 +0000  Run-0, Block-1, Trial-3, Q_cnt-28, Q_sen-Die Meere sollte man nicht so leer fischen., Q_cen-fischen
Fr, 03 Jul 2020 13:29:42 +0000  QA_rec 1 0 1 4
Fr, 03 Jul 2020 13:30:02 +0000  QA_rec 0 0 1 4
Fr, 03 Jul 2020 13:30:02 +0000  Run-0, Block-1, Trial-4, Q_cnt-29, Q_sen-Die Lampe hängt über dem Bett., Q_cen-hängt
Fr, 03 Jul 2020 13:30:03 +0000  QA_rec 1 0 1 5
Fr, 03 Jul 2020 13:30:23 +0000  QA_rec 0 0 1 5
Fr, 03 Jul 2020 13:30:23 +0000  Run-0, Block-1, Trial-5, Q_cnt-30, Q_sen-Die Präsentation dauert eine halbe Stunde., Q_cen-dauert
Fr, 03 Jul 2020 13:30:24 +0000  QA_rec 1 0 1 6
Fr, 03 Jul 2020 13:30:44 +0000  QA_rec 0 0 1 6
Fr, 03 Jul 2020 13:30:44 +0000  Run-0, Block-1, Trial-6, Q_cnt-31, Q_sen-Das Fleisch wird klein geschnitten, und dann in der Pfanne gebraten., Q_cen-gebraten
Fr, 03 Jul 2020 13:30:45 +0000  QA_rec 1 0 1 7
Fr, 03 Jul 2020 13:31:05 +0000  QA_rec 0 0 1 7
Fr, 03 Jul 2020 13:31:05 +0000  Run-0, Block-1, Trial-7, Q_cnt-32, Q_sen-Obst sollte man täglich essen, weil es wegen den Vitaminen sehr gesund ist., Q_cen-essen
Fr, 03 Jul 2020 13:31:06 +0000  QA_rec 1 0 1 8
Fr, 03 Jul 2020 13:31:26 +0000  QA_rec 0 0 1 8
Fr, 03 Jul 2020 13:31:26 +0000  Run-0, Block-1, Trial-8, Q_cnt-33, Q_sen-Da Sie keine andere Wahl haben, können Sie nicht wählen., Q_cen-wählen
Fr, 03 Jul 2020 13:31:27 +0000  QA_rec 1 0 1 9
Fr, 03 Jul 2020 13:31:47 +0000  QA_rec 0 0 1 9
Fr, 03 Jul 2020 13:31:47 +0000  Run-0, Block-1, Trial-9, Q_cnt-34, Q_sen-Um die Prüfung zu bestehen, hat er viel gelernt., Q_cen-gelernt
Fr, 03 Jul 2020 13:31:48 +0000  QA_rec 1 0 1 10
Fr, 03 Jul 2020 13:32:08 +0000  QA_rec 0 0 1 10
Fr, 03 Jul 2020 13:32:08 +0000  Run-0, Block-1, Trial-10, Q_cnt-35, Q_sen-In der Bibliothek kann man viele seltsame Bücher lesen., Q_cen-lesen
Fr, 03 Jul 2020 13:32:09 +0000  QA_rec 1 0 1 11
Fr, 03 Jul 2020 13:32:29 +0000  QA_rec 0 0 1 11
Fr, 03 Jul 2020 13:32:29 +0000  Run-0, Block-1, Trial-11, Q_cnt-36, Q_sen-Sie war zu stolz, um ihn um Hilfe zu bitten., Q_cen-bitten
Fr, 03 Jul 2020 13:32:30 +0000  QA_rec 1 0 1 12
Fr, 03 Jul 2020 13:32:50 +0000  QA_rec 0 0 1 12
Fr, 03 Jul 2020 13:32:50 +0000  Run-0, Block-1, Trial-12, Q_cnt-37, Q_sen-Wenn ich einmal angefangen habe, kann mich nichts mehr aufhalten., Q_cen-aufhalten
Fr, 03 Jul 2020 13:32:51 +0000  QA_rec 1 0 1 13
Fr, 03 Jul 2020 13:33:11 +0000  QA_rec 0 0 1 13
Fr, 03 Jul 2020 13:33:11 +0000  Run-0, Block-1, Trial-13, Q_cnt-38, Q_sen-Die Sonne brennt im Sommer auf der Haut., Q_cen-brennt
Fr, 03 Jul 2020 13:33:12 +0000  QA_rec 1 0 1 14
Fr, 03 Jul 2020 13:33:32 +0000  QA_rec 0 0 1 14
Fr, 03 Jul 2020 13:33:32 +0000  Run-0, Block-1, Trial-14, Q_cnt-39, Q_sen-Einige NGOs schützen die Rechte der Menschen., Q_cen-schützen
Fr, 03 Jul 2020 13:33:33 +0000  QA_rec 1 0 1 15
Fr, 03 Jul 2020 13:33:54 +0000  QA_rec 0 0 1 15
Fr, 03 Jul 2020 13:33:54 +0000  Run-0, Block-1, Trial-15, Q_cnt-40, Q_sen-Bitte zahlen Sie sofort, wir nehmen keinen Kredit., Q_cen-zahlen
Fr, 03 Jul 2020 13:33:55 +0000  QA_rec 1 0 1 16
Fr, 03 Jul 2020 13:34:15 +0000  QA_rec 0 0 1 16
Fr, 03 Jul 2020 13:34:15 +0000  Run-0, Block-1, Trial-16, Q_cnt-41, Q_sen-Planeten kreisen um eine Sonne., Q_cen-kreisen
Fr, 03 Jul 2020 13:34:16 +0000  QA_rec 1 0 1 17
Fr, 03 Jul 2020 13:34:36 +0000  QA_rec 0 0 1 17
Fr, 03 Jul 2020 13:34:36 +0000  Run-0, Block-1, Trial-17, Q_cnt-42, Q_sen-Dieser Supermarkt hat nur am Tage geöffnet., Q_cen-geöffnet
Fr, 03 Jul 2020 13:34:37 +0000  QA_rec 1 0 1 18
Fr, 03 Jul 2020 13:34:57 +0000  QA_rec 0 0 1 18
Fr, 03 Jul 2020 13:34:57 +0000  Run-0, Block-1, Trial-18, Q_cnt-43, Q_sen-Im ganzen Umkreis war kein Haus zu finden., Q_cen-finden
Fr, 03 Jul 2020 13:34:58 +0000  QA_rec 1 0 1 19
Fr, 03 Jul 2020 13:35:18 +0000  QA_rec 0 0 1 19
Fr, 03 Jul 2020 13:35:18 +0000  Run-0, Block-1, Trial-19, Q_cnt-44, Q_sen-Wenn es wärmer wird, werde ich die Fenster öffnen., Q_cen-öffnen
Fr, 03 Jul 2020 13:35:19 +0000  QA_rec 1 0 1 20
Fr, 03 Jul 2020 13:35:39 +0000  QA_rec 0 0 1 20
Fr, 03 Jul 2020 13:35:39 +0000  Run-0, Block-1, Trial-20, Q_cnt-45, Q_sen-Er lieh mir Geld, ohne Zinsen zu verlangen., Q_cen-lieh
Fr, 03 Jul 2020 13:35:40 +0000  QA_rec 1 0 1 21
Fr, 03 Jul 2020 13:36:00 +0000  QA_rec 0 0 1 21
Fr, 03 Jul 2020 13:36:00 +0000  Run-0, Block-1, Trial-21, Q_cnt-46, Q_sen-Bananen können wir in der Obstabteilung finden., Q_cen-finden
Fr, 03 Jul 2020 13:36:01 +0000  QA_rec 1 0 1 22
Fr, 03 Jul 2020 13:36:21 +0000  QA_rec 0 0 1 22
Fr, 03 Jul 2020 13:36:21 +0000  Run-0, Block-1, Trial-22, Q_cnt-47, Q_sen-Bitte zahlen Sie an Kasse Nummer Zwei., Q_cen-zahlen
Fr, 03 Jul 2020 13:36:22 +0000  QA_rec 1 0 1 23
Fr, 03 Jul 2020 13:36:42 +0000  QA_rec 0 0 1 23
Fr, 03 Jul 2020 13:36:42 +0000  Run-0, Block-1, Trial-23, Q_cnt-48, Q_sen-Mein Vater arbeitet in einer Papierfabrik., Q_cen-arbeitet
Fr, 03 Jul 2020 13:36:43 +0000  QA_rec 1 0 1 24
Fr, 03 Jul 2020 13:37:03 +0000  QA_rec 0 0 1 24
Fr, 03 Jul 2020 13:37:03 +0000  Run-0, Block-1, Trial-24, Q_cnt-49, Q_sen-In der Vergangenheit war Berlin in zwei Hälften geteilt., Q_cen-geteilt
