Di, 14 Jul 2020 12:15:47 +0000  fade_in 1 2 None None
Di, 14 Jul 2020 12:16:17 +0000  fade_in 0 2 None None
Di, 14 Jul 2020 12:16:18 +0000  Artifact_intro 1 None None None
Di, 14 Jul 2020 12:16:46 +0000  Artifact_intro 0 None None None
Di, 14 Jul 2020 12:16:46 +0000  Artifact_rec 1 None None 0
Di, 14 Jul 2020 12:17:09 +0000  Artifact_rec 0 None None 0
Di, 14 Jul 2020 12:17:09 +0000  Artifact_rec 1 None None 1
Di, 14 Jul 2020 12:17:31 +0000  Artifact_rec 0 None None 1
Di, 14 Jul 2020 12:17:31 +0000  Artifact_rec 1 None None 2
Di, 14 Jul 2020 12:17:53 +0000  Artifact_rec 0 None None 2
Di, 14 Jul 2020 12:17:53 +0000  Artifact_rec 1 None None 3
Di, 14 Jul 2020 12:18:15 +0000  Artifact_rec 0 None None 3
Di, 14 Jul 2020 12:18:15 +0000  Artifact_rec 1 None None 4
Di, 14 Jul 2020 12:18:37 +0000  Artifact_rec 0 None None 4
Di, 14 Jul 2020 12:18:37 +0000  Artifact_rec 1 None None 5
Di, 14 Jul 2020 12:18:59 +0000  Artifact_rec 0 None None 5
Di, 14 Jul 2020 12:18:59 +0000  Artifact_rec 1 None None 6
Di, 14 Jul 2020 12:19:21 +0000  Artifact_rec 0 None None 6
Di, 14 Jul 2020 12:19:21 +0000  Artifact_rec 1 None None 7
Di, 14 Jul 2020 12:19:43 +0000  Artifact_rec 0 None None 7
Di, 14 Jul 2020 12:19:43 +0000  Artifact_rec 1 None None 8
Di, 14 Jul 2020 12:20:05 +0000  Artifact_rec 0 None None 8
Di, 14 Jul 2020 12:20:05 +0000  Artifact_rec 1 None None 9
Di, 14 Jul 2020 12:20:27 +0000  Artifact_rec 0 None None 9
Di, 14 Jul 2020 12:20:27 +0000  Artifact_rec 1 None None 10
Di, 14 Jul 2020 12:20:49 +0000  Artifact_rec 0 None None 10
Di, 14 Jul 2020 12:20:49 +0000  Artifact_rec 1 None None 11
Di, 14 Jul 2020 12:21:11 +0000  Artifact_rec 0 None None 11
Di, 14 Jul 2020 12:21:11 +0000  Artifact_rec 1 None None 12
Di, 14 Jul 2020 12:21:33 +0000  Artifact_rec 0 None None 12
Di, 14 Jul 2020 12:21:33 +0000  Artifact_rec 1 None None 13
Di, 14 Jul 2020 12:21:55 +0000  Artifact_rec 0 None None 13
Di, 14 Jul 2020 12:21:55 +0000  Artifact_rec 1 None None 14
Di, 14 Jul 2020 12:22:17 +0000  Artifact_rec 0 None None 14
Di, 14 Jul 2020 12:22:18 +0000  RS_intro 1 2 0 None
Di, 14 Jul 2020 12:22:41 +0000  RS_intro 0 2 0 None
Di, 14 Jul 2020 12:22:41 +0000  RS_rec 1 2 0 None
Di, 14 Jul 2020 12:25:44 +0000  RS_rec 0 2 open None
Di, 14 Jul 2020 12:25:44 +0000  RS_intro 1 2 1 None
Di, 14 Jul 2020 12:26:07 +0000  RS_intro 0 2 1 None
Di, 14 Jul 2020 12:26:07 +0000  RS_rec 1 2 1 None
Di, 14 Jul 2020 12:29:10 +0000  RS_rec 0 2 close None
Di, 14 Jul 2020 12:29:25 +0000  QA_intro 1 2 None None
Di, 14 Jul 2020 12:30:06 +0000  QA_intro 0 2 None None
Di, 14 Jul 2020 12:30:08 +0000  QA_rec 1 2 0 0
Di, 14 Jul 2020 12:30:28 +0000  QA_rec 0 2 0 0
Di, 14 Jul 2020 12:30:28 +0000  Run-2, Block-0, Trial-0, Q_cnt-100, Q_sen-Wir planen eine Route durch das ganze Land, von Westen bis Osten., Q_cen-planen
Di, 14 Jul 2020 12:30:29 +0000  QA_rec 1 2 0 1
Di, 14 Jul 2020 12:30:49 +0000  QA_rec 0 2 0 1
Di, 14 Jul 2020 12:30:49 +0000  Run-2, Block-0, Trial-1, Q_cnt-101, Q_sen-Die Zähne werden geputzt und der Bart rasiert., Q_cen-rasiert
Di, 14 Jul 2020 12:30:50 +0000  QA_rec 1 2 0 2
Di, 14 Jul 2020 12:31:10 +0000  QA_rec 0 2 0 2
Di, 14 Jul 2020 12:31:10 +0000  Run-2, Block-0, Trial-2, Q_cnt-102, Q_sen-Das gute Wetter wird halten, weil ich keine Wolken sehe., Q_cen-halten
Di, 14 Jul 2020 12:31:11 +0000  QA_rec 1 2 0 3
Di, 14 Jul 2020 12:31:31 +0000  QA_rec 0 2 0 3
Di, 14 Jul 2020 12:31:31 +0000  Run-2, Block-0, Trial-3, Q_cnt-103, Q_sen-Er ist ein ehrlicher Mann, der nie lügt., Q_cen-lügt
Di, 14 Jul 2020 12:31:32 +0000  QA_rec 1 2 0 4
Di, 14 Jul 2020 12:31:52 +0000  QA_rec 0 2 0 4
Di, 14 Jul 2020 12:31:52 +0000  Run-2, Block-0, Trial-4, Q_cnt-104, Q_sen-Bienen liefern Honig., Q_cen-liefern
Di, 14 Jul 2020 12:31:53 +0000  QA_rec 1 2 0 5
Di, 14 Jul 2020 12:32:13 +0000  QA_rec 0 2 0 5
Di, 14 Jul 2020 12:32:13 +0000  Run-2, Block-0, Trial-5, Q_cnt-105, Q_sen-Die kluge Gebäudekonstruktion kann das Haus vor Windschäden schützen., Q_cen-schützen
Di, 14 Jul 2020 12:32:14 +0000  QA_rec 1 2 0 6
Di, 14 Jul 2020 12:32:34 +0000  QA_rec 0 2 0 6
Di, 14 Jul 2020 12:32:34 +0000  Run-2, Block-0, Trial-6, Q_cnt-106, Q_sen-Nachdem mein erster Versuch gescheitert war, probierte ich es noch einmal., Q_cen-probierte
Di, 14 Jul 2020 12:32:35 +0000  QA_rec 1 2 0 7
Di, 14 Jul 2020 12:32:55 +0000  QA_rec 0 2 0 7
Di, 14 Jul 2020 12:32:55 +0000  Run-2, Block-0, Trial-7, Q_cnt-107, Q_sen-Kann ich mich um das Stipendium bewerben?, Q_cen-bewerben
Di, 14 Jul 2020 12:32:56 +0000  QA_rec 1 2 0 8
Di, 14 Jul 2020 12:33:16 +0000  QA_rec 0 2 0 8
Di, 14 Jul 2020 12:33:16 +0000  Run-2, Block-0, Trial-8, Q_cnt-108, Q_sen-Wir sind verlobt und wollen nächstes Jahr heiraten., Q_cen-heiraten
Di, 14 Jul 2020 12:33:17 +0000  QA_rec 1 2 0 9
Di, 14 Jul 2020 12:33:37 +0000  QA_rec 0 2 0 9
Di, 14 Jul 2020 12:33:37 +0000  Run-2, Block-0, Trial-9, Q_cnt-109, Q_sen-Florian habe so lange Beine, deshalb trage er nur lange Hosen., Q_cen-trage
Di, 14 Jul 2020 12:33:38 +0000  QA_rec 1 2 0 10
Di, 14 Jul 2020 12:33:58 +0000  QA_rec 0 2 0 10
Di, 14 Jul 2020 12:33:58 +0000  Run-2, Block-0, Trial-10, Q_cnt-110, Q_sen-Jeden Tag lesen wir die Zeitung., Q_cen-lesen
Di, 14 Jul 2020 12:33:59 +0000  QA_rec 1 2 0 11
Di, 14 Jul 2020 12:34:19 +0000  QA_rec 0 2 0 11
Di, 14 Jul 2020 12:34:19 +0000  Run-2, Block-0, Trial-11, Q_cnt-111, Q_sen-Der Arzt wollte ihm verwehren, seinen Vater zu besuchen., Q_cen-besuchen
Di, 14 Jul 2020 12:34:21 +0000  QA_rec 1 2 0 12
Di, 14 Jul 2020 12:34:41 +0000  QA_rec 0 2 0 12
Di, 14 Jul 2020 12:34:41 +0000  Run-2, Block-0, Trial-12, Q_cnt-112, Q_sen-Ich ging zum Arzt, weil ich mich unangenehm fühlte., Q_cen-fühlte
Di, 14 Jul 2020 12:34:42 +0000  QA_rec 1 2 0 13
Di, 14 Jul 2020 12:35:02 +0000  QA_rec 0 2 0 13
Di, 14 Jul 2020 12:35:02 +0000  Run-2, Block-0, Trial-13, Q_cnt-113, Q_sen-Das verstehe ich nicht, was meinst du damit?, Q_cen-meinst
Di, 14 Jul 2020 12:35:03 +0000  QA_rec 1 2 0 14
Di, 14 Jul 2020 12:35:23 +0000  QA_rec 0 2 0 14
Di, 14 Jul 2020 12:35:23 +0000  Run-2, Block-0, Trial-14, Q_cnt-114, Q_sen-Ob die bereitgestellte Information korrekt ist, müssen wir prüfen., Q_cen-prüfen
Di, 14 Jul 2020 12:35:24 +0000  QA_rec 1 2 0 15
Di, 14 Jul 2020 12:35:44 +0000  QA_rec 0 2 0 15
Di, 14 Jul 2020 12:35:44 +0000  Run-2, Block-0, Trial-15, Q_cnt-115, Q_sen-Sie hat den Kuchen in einer runden Form gebacken., Q_cen-gebacken
Di, 14 Jul 2020 12:35:45 +0000  QA_rec 1 2 0 16
Di, 14 Jul 2020 12:36:05 +0000  QA_rec 0 2 0 16
Di, 14 Jul 2020 12:36:05 +0000  Run-2, Block-0, Trial-16, Q_cnt-116, Q_sen-Ich bin von New York nach München geflogen., Q_cen-geflogen
Di, 14 Jul 2020 12:36:06 +0000  QA_rec 1 2 0 17
Di, 14 Jul 2020 12:36:26 +0000  QA_rec 0 2 0 17
Di, 14 Jul 2020 12:36:26 +0000  Run-2, Block-0, Trial-17, Q_cnt-117, Q_sen-Dieser Bus bringt dich zum Strand., Q_cen-bringt
Di, 14 Jul 2020 12:36:27 +0000  QA_rec 1 2 0 18
Di, 14 Jul 2020 12:36:47 +0000  QA_rec 0 2 0 18
Di, 14 Jul 2020 12:36:47 +0000  Run-2, Block-0, Trial-18, Q_cnt-118, Q_sen-Wenn es kalt wird, muss ich einen warmen Pullover tragen., Q_cen-tragen
Di, 14 Jul 2020 12:36:48 +0000  QA_rec 1 2 0 19
Di, 14 Jul 2020 12:37:08 +0000  QA_rec 0 2 0 19
Di, 14 Jul 2020 12:37:08 +0000  Run-2, Block-0, Trial-19, Q_cnt-119, Q_sen-Ich koche die Kartoffeln für die Kartoffelsuppe., Q_cen-koche
Di, 14 Jul 2020 12:37:09 +0000  QA_rec 1 2 0 20
Di, 14 Jul 2020 12:37:29 +0000  QA_rec 0 2 0 20
Di, 14 Jul 2020 12:37:29 +0000  Run-2, Block-0, Trial-20, Q_cnt-120, Q_sen-Er hat Kartoffeln mit der Schale gekocht., Q_cen-gekocht
Di, 14 Jul 2020 12:37:30 +0000  QA_rec 1 2 0 21
Di, 14 Jul 2020 12:37:50 +0000  QA_rec 0 2 0 21
Di, 14 Jul 2020 12:37:50 +0000  Run-2, Block-0, Trial-21, Q_cnt-121, Q_sen-Mutters Einkäufe sind so schwer, deshalb bittet sie Jon, die Tasche zu tragen., Q_cen-tragen
Di, 14 Jul 2020 12:37:51 +0000  QA_rec 1 2 0 22
Di, 14 Jul 2020 12:38:11 +0000  QA_rec 0 2 0 22
Di, 14 Jul 2020 12:38:11 +0000  Run-2, Block-0, Trial-22, Q_cnt-122, Q_sen-Wir freuen uns sehr über Ihren Besuch., Q_cen-freuen
Di, 14 Jul 2020 12:38:12 +0000  QA_rec 1 2 0 23
Di, 14 Jul 2020 12:38:32 +0000  QA_rec 0 2 0 23
Di, 14 Jul 2020 12:38:32 +0000  Run-2, Block-0, Trial-23, Q_cnt-123, Q_sen-Aus Fehlern kann man lernen., Q_cen-lernen
Di, 14 Jul 2020 12:38:33 +0000  QA_rec 1 2 0 24
Di, 14 Jul 2020 12:38:53 +0000  QA_rec 0 2 0 24
Di, 14 Jul 2020 12:38:53 +0000  Run-2, Block-0, Trial-24, Q_cnt-124, Q_sen-Im Sommer brauchen wir ein Moskitonetz, damit wir nicht gestochen werden., Q_cen-brauchen
Di, 14 Jul 2020 12:39:10 +0000  QA_rec 1 2 1 0
Di, 14 Jul 2020 12:39:30 +0000  QA_rec 0 2 1 0
Di, 14 Jul 2020 12:39:30 +0000  Run-2, Block-1, Trial-0, Q_cnt-125, Q_sen-Sebastian mag lieber ein schwarzes Brot mit Butter und Marmelade., Q_cen-mag
Di, 14 Jul 2020 12:39:31 +0000  QA_rec 1 2 1 1
Di, 14 Jul 2020 12:39:51 +0000  QA_rec 0 2 1 1
Di, 14 Jul 2020 12:39:51 +0000  Run-2, Block-1, Trial-1, Q_cnt-126, Q_sen-Ein Flüchtling ist jemand , der aus Not seine Heimat verlässt., Q_cen-verlässt
Di, 14 Jul 2020 12:39:52 +0000  QA_rec 1 2 1 2
Di, 14 Jul 2020 12:40:12 +0000  QA_rec 0 2 1 2
Di, 14 Jul 2020 12:40:12 +0000  Run-2, Block-1, Trial-2, Q_cnt-127, Q_sen-Der Zahnarzt untersuchte meine Zunge genau., Q_cen-untersuchte
Di, 14 Jul 2020 12:40:13 +0000  QA_rec 1 2 1 3
Di, 14 Jul 2020 12:40:33 +0000  QA_rec 0 2 1 3
Di, 14 Jul 2020 12:40:33 +0000  Run-2, Block-1, Trial-3, Q_cnt-128, Q_sen-Ich berichtete der Polizei alles, was ich gesehen hatte., Q_cen-berichtete
Di, 14 Jul 2020 12:40:34 +0000  QA_rec 1 2 1 4
Di, 14 Jul 2020 12:40:54 +0000  QA_rec 0 2 1 4
Di, 14 Jul 2020 12:40:54 +0000  Run-2, Block-1, Trial-4, Q_cnt-129, Q_sen-Jetzt will ich eine Vorstellung machen., Q_cen-machen
Di, 14 Jul 2020 12:40:55 +0000  QA_rec 1 2 1 5
Di, 14 Jul 2020 12:41:15 +0000  QA_rec 0 2 1 5
Di, 14 Jul 2020 12:41:15 +0000  Run-2, Block-1, Trial-5, Q_cnt-130, Q_sen-Der Vogel flog zurück zu seinem Nest., Q_cen-flog
Di, 14 Jul 2020 12:41:16 +0000  QA_rec 1 2 1 6
Di, 14 Jul 2020 12:41:36 +0000  QA_rec 0 2 1 6
Di, 14 Jul 2020 12:41:36 +0000  Run-2, Block-1, Trial-6, Q_cnt-131, Q_sen-Das Essen riecht so gut, was kochst du heute?, Q_cen-kochst
Di, 14 Jul 2020 12:41:37 +0000  QA_rec 1 2 1 7
Di, 14 Jul 2020 12:41:57 +0000  QA_rec 0 2 1 7
Di, 14 Jul 2020 12:41:57 +0000  Run-2, Block-1, Trial-7, Q_cnt-132, Q_sen-Peter sitzt den ganzen Tag am Computer., Q_cen-sitzt
Di, 14 Jul 2020 12:41:58 +0000  QA_rec 1 2 1 8
Di, 14 Jul 2020 12:42:18 +0000  QA_rec 0 2 1 8
Di, 14 Jul 2020 12:42:18 +0000  Run-2, Block-1, Trial-8, Q_cnt-133, Q_sen-Ich möchte einen Flug nach Spanien buchen., Q_cen-buchen
Di, 14 Jul 2020 12:42:19 +0000  QA_rec 1 2 1 9
Di, 14 Jul 2020 12:42:39 +0000  QA_rec 0 2 1 9
Di, 14 Jul 2020 12:42:39 +0000  Run-2, Block-1, Trial-9, Q_cnt-134, Q_sen-Ich male sehr gerne Ölbilder., Q_cen-male
Di, 14 Jul 2020 12:42:40 +0000  QA_rec 1 2 1 10
Di, 14 Jul 2020 12:43:00 +0000  QA_rec 0 2 1 10
Di, 14 Jul 2020 12:43:00 +0000  Run-2, Block-1, Trial-10, Q_cnt-135, Q_sen-Er verwendet einen Bleistift auf der Wand zu malen., Q_cen-malen
Di, 14 Jul 2020 12:43:01 +0000  QA_rec 1 2 1 11
Di, 14 Jul 2020 12:43:21 +0000  QA_rec 0 2 1 11
Di, 14 Jul 2020 12:43:21 +0000  Run-2, Block-1, Trial-11, Q_cnt-136, Q_sen-Sie fühlt sich während der Quarantäne sehr langweilig., Q_cen-fühlt
Di, 14 Jul 2020 12:43:22 +0000  QA_rec 1 2 1 12
Di, 14 Jul 2020 12:43:42 +0000  QA_rec 0 2 1 12
Di, 14 Jul 2020 12:43:42 +0000  Run-2, Block-1, Trial-12, Q_cnt-137, Q_sen-Dieses Zelt wurde für extreme Wetterlagen, z.B. Sturm, Schneesturm, gebaut., Q_cen-gebaut
Di, 14 Jul 2020 12:43:43 +0000  QA_rec 1 2 1 13
Di, 14 Jul 2020 12:44:03 +0000  QA_rec 0 2 1 13
Di, 14 Jul 2020 12:44:03 +0000  Run-2, Block-1, Trial-13, Q_cnt-138, Q_sen-Zuhause erzählt er seiner kleinen Schwester davon., Q_cen-erzählt
Di, 14 Jul 2020 12:44:04 +0000  QA_rec 1 2 1 14
Di, 14 Jul 2020 12:44:24 +0000  QA_rec 0 2 1 14
Di, 14 Jul 2020 12:44:24 +0000  Run-2, Block-1, Trial-14, Q_cnt-139, Q_sen-Wir sollten in den Bus einsteigen, bevor er abfährt., Q_cen-einsteigen
Di, 14 Jul 2020 12:44:25 +0000  QA_rec 1 2 1 15
Di, 14 Jul 2020 12:44:45 +0000  QA_rec 0 2 1 15
Di, 14 Jul 2020 12:44:45 +0000  Run-2, Block-1, Trial-15, Q_cnt-140, Q_sen-Auf einer CD sind der Musik oder gesprochener Text gespeichert., Q_cen-gespeichert
Di, 14 Jul 2020 12:44:46 +0000  QA_rec 1 2 1 16
Di, 14 Jul 2020 12:45:06 +0000  QA_rec 0 2 1 16
Di, 14 Jul 2020 12:45:06 +0000  Run-2, Block-1, Trial-16, Q_cnt-141, Q_sen-Wir sollen unsere Hände täglich aus Hygiene waschen., Q_cen-waschen
Di, 14 Jul 2020 12:45:07 +0000  QA_rec 1 2 1 17
Di, 14 Jul 2020 12:45:27 +0000  QA_rec 0 2 1 17
Di, 14 Jul 2020 12:45:27 +0000  Run-2, Block-1, Trial-17, Q_cnt-142, Q_sen-Die Polizei hat die Einzelheiten des gestohlenen Autos auf einem Zettel notiert., Q_cen-notiert
Di, 14 Jul 2020 12:45:28 +0000  QA_rec 1 2 1 18
Di, 14 Jul 2020 12:45:49 +0000  QA_rec 0 2 1 18
Di, 14 Jul 2020 12:45:49 +0000  Run-2, Block-1, Trial-18, Q_cnt-143, Q_sen-Die Reparatur wird um ein hundert Euro kosten., Q_cen-kosten
Di, 14 Jul 2020 12:45:50 +0000  QA_rec 1 2 1 19
Di, 14 Jul 2020 12:46:10 +0000  QA_rec 0 2 1 19
Di, 14 Jul 2020 12:46:10 +0000  Run-2, Block-1, Trial-19, Q_cnt-144, Q_sen-Bevor es Autos gab, sind die Leute mit der Eisenbahn gefahren., Q_cen-gefahren
Di, 14 Jul 2020 12:46:11 +0000  QA_rec 1 2 1 20
Di, 14 Jul 2020 12:46:31 +0000  QA_rec 0 2 1 20
Di, 14 Jul 2020 12:46:31 +0000  Run-2, Block-1, Trial-20, Q_cnt-145, Q_sen-Das Thema interessierte sie, daher hörte sie genau zu., Q_cen-interessierte
Di, 14 Jul 2020 12:46:32 +0000  QA_rec 1 2 1 21
Di, 14 Jul 2020 12:46:52 +0000  QA_rec 0 2 1 21
Di, 14 Jul 2020 12:46:52 +0000  Run-2, Block-1, Trial-21, Q_cnt-146, Q_sen-Lisa tanzt im Ballett., Q_cen-tanzt
Di, 14 Jul 2020 12:46:53 +0000  QA_rec 1 2 1 22
Di, 14 Jul 2020 12:47:13 +0000  QA_rec 0 2 1 22
Di, 14 Jul 2020 12:47:13 +0000  Run-2, Block-1, Trial-22, Q_cnt-147, Q_sen-Ich muss das Buch zurückgeben, das mir ein Freund geliehen hat., Q_cen-geliehen
Di, 14 Jul 2020 12:47:14 +0000  QA_rec 1 2 1 23
Di, 14 Jul 2020 12:47:34 +0000  QA_rec 0 2 1 23
Di, 14 Jul 2020 12:47:34 +0000  Run-2, Block-1, Trial-23, Q_cnt-148, Q_sen-Ich musste heute Morgen richtig schnell nach der Busstation laufen., Q_cen-laufen
Di, 14 Jul 2020 12:47:35 +0000  QA_rec 1 2 1 24
Di, 14 Jul 2020 12:47:55 +0000  QA_rec 0 2 1 24
Di, 14 Jul 2020 12:47:55 +0000  Run-2, Block-1, Trial-24, Q_cnt-149, Q_sen-Bitte waschen Sie Ihre Hände mit Seife., Q_cen-waschen
Di, 14 Jul 2020 12:48:11 +0000  fade_out 1 2 None None
Di, 14 Jul 2020 12:48:14 +0000  fade_out 0 2 None None
Di, 14 Jul 2020 12:48:16 +0000  fade_in 1 3 None None
