28.2954 	EXP 	Created instruction_text = TextStim(__class__=<class 'psychopy.visual.text.TextStim'>, alignHoriz='center', alignVert='center', antialias=True, autoLog=True, bold=False, color=array([1., 1., 1.]), colorSpace='rgb', contrast=1.0, depth=-0.0, flipHoriz=False, flipVert=False, font='Arial', fontFiles=[], height=0.06, italic=False, languageStyle='LTR', name='instruction_text', opacity=1.0, ori=0.0, pos=array([0.5, 0.1]), rgb=array([1., 1., 1.]), text=str(...), units='norm', win=Window(...), wrapWidth=1)
28.5748 	EXP 	Created instruction_cont = TextStim(__class__=<class 'psychopy.visual.text.TextStim'>, alignHoriz='center', alignVert='center', antialias=True, autoLog=True, bold=False, color=array([1., 1., 1.]), colorSpace='rgb', contrast=1.0, depth=-3.0, flipHoriz=False, flipVert=False, font='Arial', fontFiles=[], height=0.06, italic=False, languageStyle='LTR', name='instruction_cont', opacity=1.0, ori=0.0, pos=array([ 0.5, -0.4]), rgb=array([1., 1., 1.]), text='          Press [space] key to continue.', units='norm', win=Window(...), wrapWidth=1)
28.5872 	EXP 	Created Artifact_intro_title = TextStim(__class__=<class 'psychopy.visual.text.TextStim'>, alignHoriz='center', alignVert='center', antialias=True, autoLog=True, bold=False, color=array([1., 1., 1.]), colorSpace='rgb', contrast=1.0, depth=-0.0, flipHoriz=False, flipVert=False, font='Arial', fontFiles=[], height=0.06, italic=False, languageStyle='LTR', name='Artifact_intro_title', opacity=1.0, ori=0.0, pos=array([0.5, 0.4]), rgb=array([1., 1., 1.]), text='Muscular signal recording', units='norm', win=Window(...), wrapWidth=1)
28.6007 	EXP 	Created Artifact_intro_text = TextStim(__class__=<class 'psychopy.visual.text.TextStim'>, alignHoriz='center', alignVert='center', antialias=True, autoLog=True, bold=False, color=array([1., 1., 1.]), colorSpace='rgb', contrast=1.0, depth=-1.0, flipHoriz=False, flipVert=False, font='Arial', fontFiles=[], height=0.06, italic=False, languageStyle='LTR', name='Artifact_intro_text', opacity=1.0, ori=0.0, pos=array([0.5, 0. ]), rgb=array([1., 1., 1.]), text=str(...), units='norm', win=Window(...), wrapWidth=1)
28.6131 	EXP 	Created Artifact_intro_cont = TextStim(__class__=<class 'psychopy.visual.text.TextStim'>, alignHoriz='center', alignVert='center', antialias=True, autoLog=True, bold=False, color=array([1., 1., 1.]), colorSpace='rgb', contrast=1.0, depth=-4.0, flipHoriz=False, flipVert=False, font='Arial', fontFiles=[], height=0.06, italic=False, languageStyle='LTR', name='Artifact_intro_cont', opacity=1.0, ori=0.0, pos=array([0.5, 0. ]), rgb=array([1., 1., 1.]), text='          Press [space] key to continue.', units='norm', win=Window(...), wrapWidth=1)
28.6137 	EXP 	Created Artifact_rec_text = TextStim(__class__=<class 'psychopy.visual.text.TextStim'>, alignHoriz='center', alignVert='center', antialias=True, autoLog=True, bold=False, color=array([1., 1., 1.]), colorSpace='rgb', contrast=1.0, depth=-0.0, flipHoriz=False, flipVert=False, font='Arial', fontFiles=[], height=0.06, italic=False, languageStyle='LTR', name='Artifact_rec_text', opacity=1.0, ori=0.0, pos=array([0.5, 0.4]), rgb=array([1., 1., 1.]), text='', units='norm', win=Window(...), wrapWidth=1)
28.6158 	EXP 	Created Artifact_rec_recording = TextStim(__class__=<class 'psychopy.visual.text.TextStim'>, alignHoriz='center', alignVert='center', antialias=True, autoLog=True, bold=False, color=array([1., 1., 1.]), colorSpace='rgb', contrast=1.0, depth=-4.0, flipHoriz=False, flipVert=False, font='Arial', fontFiles=[], height=0.06, italic=False, languageStyle='LTR', name='Artifact_rec_recording', opacity=1.0, ori=0.0, pos=array([ 0.5, -0.4]), rgb=array([1., 1., 1.]), text='', units='norm', win=Window(...), wrapWidth=1)
28.6187 	EXP 	Created Artifact_rec_break = TextStim(__class__=<class 'psychopy.visual.text.TextStim'>, alignHoriz='center', alignVert='center', antialias=True, autoLog=True, bold=False, color=array([1., 1., 1.]), colorSpace='rgb', contrast=1.0, depth=-6.0, flipHoriz=False, flipVert=False, font='Arial', fontFiles=[], height=0.06, italic=False, languageStyle='LTR', name='Artifact_rec_break', opacity=1.0, ori=0.0, pos=array([ 0.5, -0.4]), rgb=array([1., 1., 1.]), text='Short break', units='norm', win=Window(...), wrapWidth=1)
28.6238 	EXP 	Created Cali_de_pre_intro_title = TextStim(__class__=<class 'psychopy.visual.text.TextStim'>, alignHoriz='center', alignVert='center', antialias=True, autoLog=True, bold=False, color=array([1., 1., 1.]), colorSpace='rgb', contrast=1.0, depth=-0.0, flipHoriz=False, flipVert=False, font='Arial', fontFiles=[], height=0.06, italic=False, languageStyle='LTR', name='Cali_de_pre_intro_title', opacity=1.0, ori=0.0, pos=array([0.5, 0.4]), rgb=array([1., 1., 1.]), text='READ OUT BLOCK (GERMAN)', units='norm', win=Window(...), wrapWidth=1)
28.6318 	EXP 	Created Cali_de_pre_intro_text = TextStim(__class__=<class 'psychopy.visual.text.TextStim'>, alignHoriz='center', alignVert='center', antialias=True, autoLog=True, bold=False, color=array([1., 1., 1.]), colorSpace='rgb', contrast=1.0, depth=-1.0, flipHoriz=False, flipVert=False, font='Arial', fontFiles=[], height=0.06, italic=False, languageStyle='LTR', name='Cali_de_pre_intro_text', opacity=1.0, ori=0.0, pos=array([0.5, 0. ]), rgb=array([1., 1., 1.]), text=str(...), units='norm', win=Window(...), wrapWidth=1)
28.6368 	EXP 	Created Cali_de_pre_intro_cont = TextStim(__class__=<class 'psychopy.visual.text.TextStim'>, alignHoriz='center', alignVert='center', antialias=True, autoLog=True, bold=False, color=array([1., 1., 1.]), colorSpace='rgb', contrast=1.0, depth=-4.0, flipHoriz=False, flipVert=False, font='Arial', fontFiles=[], height=0.06, italic=False, languageStyle='LTR', name='Cali_de_pre_intro_cont', opacity=1.0, ori=0.0, pos=array([0.5, 0. ]), rgb=array([1., 1., 1.]), text='          Press [space] key to continue.', units='norm', win=Window(...), wrapWidth=1)
28.6372 	EXP 	Created Cali_de_pre_rec_text = TextStim(__class__=<class 'psychopy.visual.text.TextStim'>, alignHoriz='center', alignVert='center', antialias=True, autoLog=True, bold=False, color=array([1., 1., 1.]), colorSpace='rgb', contrast=1.0, depth=-0.0, flipHoriz=False, flipVert=False, font='Arial', fontFiles=[], height=0.06, italic=False, languageStyle='LTR', name='Cali_de_pre_rec_text', opacity=1.0, ori=0.0, pos=array([0.5, 0.4]), rgb=array([1., 1., 1.]), text='', units='norm', win=Window(...), wrapWidth=1)
28.6380 	EXP 	Created Cali_de_pre_rec_question_text = TextStim(__class__=<class 'psychopy.visual.text.TextStim'>, alignHoriz='center', alignVert='center', antialias=True, autoLog=True, bold=False, color=array([1., 1., 1.]), colorSpace='rgb', contrast=1.0, depth=-2.0, flipHoriz=False, flipVert=False, font='Arial', fontFiles=[], height=0.06, italic=False, languageStyle='LTR', name='Cali_de_pre_rec_question_text', opacity=1.0, ori=0.0, pos=array([0.5, 0. ]), rgb=array([1., 1., 1.]), text='', units='norm', win=Window(...), wrapWidth=1)
28.6401 	EXP 	Created Cali_de_pre_rec_break = TextStim(__class__=<class 'psychopy.visual.text.TextStim'>, alignHoriz='center', alignVert='center', antialias=True, autoLog=True, bold=False, color=array([1., 1., 1.]), colorSpace='rgb', contrast=1.0, depth=-6.0, flipHoriz=False, flipVert=False, font='Arial', fontFiles=[], height=0.06, italic=False, languageStyle='LTR', name='Cali_de_pre_rec_break', opacity=1.0, ori=0.0, pos=array([ 0.5, -0.4]), rgb=array([1., 1., 1.]), text='Short break', units='norm', win=Window(...), wrapWidth=1)
28.6405 	EXP 	Created fade_in_text = TextStim(__class__=<class 'psychopy.visual.text.TextStim'>, alignHoriz='center', alignVert='center', antialias=True, autoLog=True, bold=False, color=array([1., 1., 1.]), colorSpace='rgb', contrast=1.0, depth=-0.0, flipHoriz=False, flipVert=False, font='Arial', fontFiles=[], height=0.06, italic=False, languageStyle='LTR', name='fade_in_text', opacity=1.0, ori=0.0, pos=array([0.5, 0.4]), rgb=array([1., 1., 1.]), text='', units='norm', win=Window(...), wrapWidth=1)
28.6425 	EXP 	Created RS_intro_title = TextStim(__class__=<class 'psychopy.visual.text.TextStim'>, alignHoriz='center', alignVert='center', antialias=True, autoLog=True, bold=False, color=array([1., 1., 1.]), colorSpace='rgb', contrast=1.0, depth=-0.0, flipHoriz=False, flipVert=False, font='Arial', fontFiles=[], height=0.06, italic=False, languageStyle='LTR', name='RS_intro_title', opacity=1.0, ori=0.0, pos=array([0.5, 0.4]), rgb=array([1., 1., 1.]), text='REST STATE BLOCK', units='norm', win=Window(...), wrapWidth=1)
28.6482 	EXP 	Created RS_intro_text = TextStim(__class__=<class 'psychopy.visual.text.TextStim'>, alignHoriz='center', alignVert='center', antialias=True, autoLog=True, bold=False, color=array([1., 1., 1.]), colorSpace='rgb', contrast=1.0, depth=-1.0, flipHoriz=False, flipVert=False, font='Arial', fontFiles=[], height=0.06, italic=False, languageStyle='LTR', name='RS_intro_text', opacity=1.0, ori=0.0, pos=array([0.5, 0. ]), rgb=array([1., 1., 1.]), text=str(...), units='norm', win=Window(...), wrapWidth=1)
28.6530 	EXP 	Created RS_rec_text = TextStim(__class__=<class 'psychopy.visual.text.TextStim'>, alignHoriz='center', alignVert='center', antialias=True, autoLog=True, bold=False, color=array([1., 1., 1.]), colorSpace='rgb', contrast=1.0, depth=-0.0, flipHoriz=False, flipVert=False, font='Arial', fontFiles=[], height=0.06, italic=False, languageStyle='LTR', name='RS_rec_text', opacity=1.0, ori=0.0, pos=array([0.5, 0. ]), rgb=array([1., 1., 1.]), text=str(...), units='norm', win=Window(...), wrapWidth=1)
28.6551 	EXP 	Created QA_intro_title = TextStim(__class__=<class 'psychopy.visual.text.TextStim'>, alignHoriz='center', alignVert='center', antialias=True, autoLog=True, bold=False, color=array([1., 1., 1.]), colorSpace='rgb', contrast=1.0, depth=-0.0, flipHoriz=False, flipVert=False, font='Arial', fontFiles=[], height=0.06, italic=False, languageStyle='LTR', name='QA_intro_title', opacity=1.0, ori=0.0, pos=array([0.5, 0.5]), rgb=array([1., 1., 1.]), text='Q&A BLOCK', units='norm', win=Window(...), wrapWidth=1)
28.6642 	EXP 	Created QA_intro_text = TextStim(__class__=<class 'psychopy.visual.text.TextStim'>, alignHoriz='center', alignVert='center', antialias=True, autoLog=True, bold=False, color=array([1., 1., 1.]), colorSpace='rgb', contrast=1.0, depth=-1.0, flipHoriz=False, flipVert=False, font='Arial', fontFiles=[], height=0.06, italic=False, languageStyle='LTR', name='QA_intro_text', opacity=1.0, ori=0.0, pos=array([0.5, 0. ]), rgb=array([1., 1., 1.]), text=str(...), units='norm', win=Window(...), wrapWidth=1)
28.6683 	EXP 	Created QA_intro_cont = TextStim(__class__=<class 'psychopy.visual.text.TextStim'>, alignHoriz='center', alignVert='center', antialias=True, autoLog=True, bold=False, color=array([1., 1., 1.]), colorSpace='rgb', contrast=1.0, depth=-4.0, flipHoriz=False, flipVert=False, font='Arial', fontFiles=[], height=0.06, italic=False, languageStyle='LTR', name='QA_intro_cont', opacity=1.0, ori=0.0, pos=array([0.5, 0. ]), rgb=array([1., 1., 1.]), text='          Press [space] key to continue.', units='norm', win=Window(...), wrapWidth=1)
28.6710 	EXP 	Created QA_rec_text = TextStim(__class__=<class 'psychopy.visual.text.TextStim'>, alignHoriz='center', alignVert='center', antialias=True, autoLog=True, bold=False, color=array([1., 1., 1.]), colorSpace='rgb', contrast=1.0, depth=-0.0, flipHoriz=False, flipVert=False, font='Arial', fontFiles=[], height=0.06, italic=False, languageStyle='LTR', name='QA_rec_text', opacity=1.0, ori=0.0, pos=array([0.5, 0. ]), rgb=array([1., 1., 1.]), text=str(...), units='norm', win=Window(...), wrapWidth=1)
28.6746 	EXP 	Created QA_rec_break = TextStim(__class__=<class 'psychopy.visual.text.TextStim'>, alignHoriz='center', alignVert='center', antialias=True, autoLog=True, bold=False, color=array([1., 1., 1.]), colorSpace='rgb', contrast=1.0, depth=-6.0, flipHoriz=False, flipVert=False, font='Arial', fontFiles=[], height=0.06, italic=False, languageStyle='LTR', name='QA_rec_break', opacity=1.0, ori=0.0, pos=array([ 0.5, -0.4]), rgb=array([1., 1., 1.]), text='Short break', units='norm', win=Window(...), wrapWidth=1)
28.6787 	EXP 	Created Pause_cont = TextStim(__class__=<class 'psychopy.visual.text.TextStim'>, alignHoriz='center', alignVert='center', antialias=True, autoLog=True, bold=False, color=array([1., 1., 1.]), colorSpace='rgb', contrast=1.0, depth=-2.0, flipHoriz=False, flipVert=False, font='Arial', fontFiles=[], height=0.06, italic=False, languageStyle='LTR', name='Pause_cont', opacity=1.0, ori=0.0, pos=array([0.5, 0. ]), rgb=array([1., 1., 1.]), text=str(...), units='norm', win=Window(...), wrapWidth=1)
28.6808 	EXP 	Created Cali_de_post_intro_title = TextStim(__class__=<class 'psychopy.visual.text.TextStim'>, alignHoriz='center', alignVert='center', antialias=True, autoLog=True, bold=False, color=array([1., 1., 1.]), colorSpace='rgb', contrast=1.0, depth=-0.0, flipHoriz=False, flipVert=False, font='Arial', fontFiles=[], height=0.06, italic=False, languageStyle='LTR', name='Cali_de_post_intro_title', opacity=1.0, ori=0.0, pos=array([0.5, 0.4]), rgb=array([1., 1., 1.]), text='READ OUT BLOCK (GERMAN)', units='norm', win=Window(...), wrapWidth=1)
28.7226 	EXP 	Created Cali_de_post_intro_text = TextStim(__class__=<class 'psychopy.visual.text.TextStim'>, alignHoriz='center', alignVert='center', antialias=True, autoLog=True, bold=False, color=array([1., 1., 1.]), colorSpace='rgb', contrast=1.0, depth=-1.0, flipHoriz=False, flipVert=False, font='Arial', fontFiles=[], height=0.06, italic=False, languageStyle='LTR', name='Cali_de_post_intro_text', opacity=1.0, ori=0.0, pos=array([0.5, 0. ]), rgb=array([1., 1., 1.]), text=str(...), units='norm', win=Window(...), wrapWidth=1)
28.7275 	EXP 	Created Cali_de_post_intro_cont = TextStim(__class__=<class 'psychopy.visual.text.TextStim'>, alignHoriz='center', alignVert='center', antialias=True, autoLog=True, bold=False, color=array([1., 1., 1.]), colorSpace='rgb', contrast=1.0, depth=-4.0, flipHoriz=False, flipVert=False, font='Arial', fontFiles=[], height=0.06, italic=False, languageStyle='LTR', name='Cali_de_post_intro_cont', opacity=1.0, ori=0.0, pos=array([0.5, 0. ]), rgb=array([1., 1., 1.]), text='          Press [space] key to continue.', units='norm', win=Window(...), wrapWidth=1)
28.7280 	EXP 	Created Cali_de_post_rec_text = TextStim(__class__=<class 'psychopy.visual.text.TextStim'>, alignHoriz='center', alignVert='center', antialias=True, autoLog=True, bold=False, color=array([1., 1., 1.]), colorSpace='rgb', contrast=1.0, depth=-0.0, flipHoriz=False, flipVert=False, font='Arial', fontFiles=[], height=0.06, italic=False, languageStyle='LTR', name='Cali_de_post_rec_text', opacity=1.0, ori=0.0, pos=array([0.5, 0.4]), rgb=array([1., 1., 1.]), text='', units='norm', win=Window(...), wrapWidth=1)
28.7288 	EXP 	Created Cali_de_post_rec_question_text = TextStim(__class__=<class 'psychopy.visual.text.TextStim'>, alignHoriz='center', alignVert='center', antialias=True, autoLog=True, bold=False, color=array([1., 1., 1.]), colorSpace='rgb', contrast=1.0, depth=-2.0, flipHoriz=False, flipVert=False, font='Arial', fontFiles=[], height=0.06, italic=False, languageStyle='LTR', name='Cali_de_post_rec_question_text', opacity=1.0, ori=0.0, pos=array([0.5, 0. ]), rgb=array([1., 1., 1.]), text='', units='norm', win=Window(...), wrapWidth=1)
28.7308 	EXP 	Created Cali_de_post_rec_break = TextStim(__class__=<class 'psychopy.visual.text.TextStim'>, alignHoriz='center', alignVert='center', antialias=True, autoLog=True, bold=False, color=array([1., 1., 1.]), colorSpace='rgb', contrast=1.0, depth=-6.0, flipHoriz=False, flipVert=False, font='Arial', fontFiles=[], height=0.06, italic=False, languageStyle='LTR', name='Cali_de_post_rec_break', opacity=1.0, ori=0.0, pos=array([ 0.5, -0.4]), rgb=array([1., 1., 1.]), text='Short break', units='norm', win=Window(...), wrapWidth=1)
28.7342 	EXP 	Created the_end_text = TextStim(__class__=<class 'psychopy.visual.text.TextStim'>, alignHoriz='center', alignVert='center', antialias=True, autoLog=True, bold=False, color=array([1., 1., 1.]), colorSpace='rgb', contrast=1.0, depth=-1.0, flipHoriz=False, flipVert=False, font='Arial', fontFiles=[], height=0.06, italic=False, languageStyle='LTR', name='the_end_text', opacity=1.0, ori=0.0, pos=array([0.7, 0. ]), rgb=array([1., 1., 1.]), text=str(...), units='norm', win=Window(...), wrapWidth=1)
30.7370 	EXP 	Created sequence: random, trialTypes=1, nReps=4, seed=None
30.7372 	EXP 	New trial (rep=0, index=0): None
30.7373 	EXP 	New trial (rep=1, index=0): None
35.7797 	EXP 	fade_in_text: text = 'Please remain seated until further instruction via the earphone.'
35.7797 	EXP 	fade_in_text: autoDraw = True
41.7801 	EXP 	fade_in_text: autoDraw = True
41.7966 	EXP 	fade_in_text: autoDraw = True
41.8133 	EXP 	fade_in_text: autoDraw = True
41.8300 	EXP 	fade_in_text: autoDraw = True
41.8467 	EXP 	fade_in_text: autoDraw = True
41.8634 	EXP 	fade_in_text: autoDraw = True
41.8802 	EXP 	fade_in_text: autoDraw = True
41.8966 	EXP 	fade_in_text: autoDraw = True
41.9134 	EXP 	fade_in_text: autoDraw = True
41.9300 	EXP 	fade_in_text: autoDraw = True
41.9467 	EXP 	fade_in_text: autoDraw = True
41.9634 	EXP 	fade_in_text: autoDraw = True
41.9802 	EXP 	fade_in_text: autoDraw = True
41.9966 	EXP 	fade_in_text: autoDraw = True
42.0134 	EXP 	fade_in_text: autoDraw = True
42.0300 	EXP 	fade_in_text: autoDraw = True
42.0467 	EXP 	fade_in_text: autoDraw = True
42.0636 	EXP 	fade_in_text: autoDraw = True
42.0800 	EXP 	fade_in_text: autoDraw = True
42.0966 	EXP 	fade_in_text: autoDraw = True
42.1134 	EXP 	fade_in_text: autoDraw = True
42.1300 	EXP 	fade_in_text: autoDraw = True
42.1467 	EXP 	fade_in_text: autoDraw = True
42.1637 	EXP 	fade_in_text: autoDraw = True
42.1800 	EXP 	fade_in_text: autoDraw = True
42.1966 	EXP 	fade_in_text: autoDraw = True
42.2134 	EXP 	fade_in_text: autoDraw = True
42.2301 	EXP 	fade_in_text: autoDraw = True
42.2467 	EXP 	fade_in_text: autoDraw = True
42.2637 	EXP 	fade_in_text: autoDraw = True
42.2800 	EXP 	fade_in_text: autoDraw = True
42.2967 	EXP 	fade_in_text: autoDraw = True
42.3134 	EXP 	fade_in_text: autoDraw = True
42.3301 	EXP 	fade_in_text: autoDraw = True
42.3467 	EXP 	fade_in_text: autoDraw = True
42.3638 	EXP 	fade_in_text: autoDraw = True
42.3801 	EXP 	fade_in_text: autoDraw = True
42.3967 	EXP 	fade_in_text: autoDraw = True
42.4134 	EXP 	fade_in_text: autoDraw = True
42.4301 	EXP 	fade_in_text: autoDraw = True
42.4467 	EXP 	fade_in_text: autoDraw = True
42.4636 	EXP 	fade_in_text: autoDraw = True
42.4801 	EXP 	fade_in_text: autoDraw = True
42.4968 	EXP 	fade_in_text: autoDraw = True
42.5134 	EXP 	fade_in_text: autoDraw = True
42.5302 	EXP 	fade_in_text: autoDraw = True
42.5467 	EXP 	fade_in_text: autoDraw = True
42.5637 	EXP 	fade_in_text: autoDraw = True
42.5801 	EXP 	fade_in_text: autoDraw = True
42.5967 	EXP 	fade_in_text: autoDraw = True
42.6134 	EXP 	fade_in_text: autoDraw = True
42.6301 	EXP 	fade_in_text: autoDraw = True
42.6467 	EXP 	fade_in_text: autoDraw = True
42.6633 	EXP 	fade_in_text: autoDraw = True
42.6801 	EXP 	fade_in_text: autoDraw = True
42.6968 	EXP 	fade_in_text: autoDraw = True
42.7134 	EXP 	fade_in_text: autoDraw = True
42.7301 	EXP 	fade_in_text: autoDraw = True
42.7467 	EXP 	fade_in_text: autoDraw = True
42.7634 	EXP 	fade_in_text: autoDraw = True
42.7801 	EXP 	fade_in_text: autoDraw = True
42.7967 	EXP 	fade_in_text: autoDraw = True
42.8134 	EXP 	fade_in_text: autoDraw = True
42.8301 	EXP 	fade_in_text: autoDraw = True
42.8469 	EXP 	fade_in_text: autoDraw = True
42.8633 	EXP 	fade_in_text: autoDraw = True
42.8801 	EXP 	fade_in_text: autoDraw = True
42.8967 	EXP 	fade_in_text: autoDraw = True
42.9134 	EXP 	fade_in_text: autoDraw = True
42.9301 	EXP 	fade_in_text: autoDraw = True
42.9469 	EXP 	fade_in_text: autoDraw = True
42.9634 	EXP 	fade_in_text: autoDraw = True
42.9801 	EXP 	fade_in_text: autoDraw = True
42.9968 	EXP 	fade_in_text: autoDraw = True
43.0134 	EXP 	fade_in_text: autoDraw = True
43.0301 	EXP 	fade_in_text: autoDraw = True
43.0469 	EXP 	fade_in_text: autoDraw = True
43.0633 	EXP 	fade_in_text: autoDraw = True
43.0801 	EXP 	fade_in_text: autoDraw = True
43.0968 	EXP 	fade_in_text: autoDraw = True
43.1134 	EXP 	fade_in_text: autoDraw = True
43.1301 	EXP 	fade_in_text: autoDraw = True
43.1467 	EXP 	fade_in_text: autoDraw = True
43.1634 	EXP 	fade_in_text: autoDraw = True
43.1801 	EXP 	fade_in_text: autoDraw = True
43.1968 	EXP 	fade_in_text: autoDraw = True
43.2134 	EXP 	fade_in_text: autoDraw = True
43.2301 	EXP 	fade_in_text: autoDraw = True
43.2467 	EXP 	fade_in_text: autoDraw = True
43.2634 	EXP 	fade_in_text: autoDraw = True
43.2801 	EXP 	fade_in_text: autoDraw = True
43.2968 	EXP 	fade_in_text: autoDraw = True
43.3134 	EXP 	fade_in_text: autoDraw = True
43.3303 	EXP 	fade_in_text: autoDraw = True
43.3467 	EXP 	fade_in_text: autoDraw = True
43.3635 	EXP 	fade_in_text: autoDraw = True
43.3801 	EXP 	fade_in_text: autoDraw = True
43.3968 	EXP 	fade_in_text: autoDraw = True
43.4134 	EXP 	fade_in_text: autoDraw = True
43.4303 	EXP 	fade_in_text: autoDraw = True
43.4467 	EXP 	fade_in_text: autoDraw = True
43.4635 	EXP 	fade_in_text: autoDraw = True
43.4801 	EXP 	fade_in_text: autoDraw = True
43.4968 	EXP 	fade_in_text: autoDraw = True
43.5135 	EXP 	fade_in_text: autoDraw = True
43.5303 	EXP 	fade_in_text: autoDraw = True
43.5468 	EXP 	fade_in_text: autoDraw = True
43.5635 	EXP 	fade_in_text: autoDraw = True
43.5801 	EXP 	fade_in_text: autoDraw = True
43.5968 	EXP 	fade_in_text: autoDraw = True
43.6135 	EXP 	fade_in_text: autoDraw = True
43.6300 	EXP 	fade_in_text: autoDraw = True
43.6467 	EXP 	fade_in_text: autoDraw = True
43.6635 	EXP 	fade_in_text: autoDraw = True
43.6801 	EXP 	fade_in_text: autoDraw = True
43.6968 	EXP 	fade_in_text: autoDraw = True
43.7135 	EXP 	fade_in_text: autoDraw = True
43.7301 	EXP 	fade_in_text: autoDraw = True
43.7467 	EXP 	fade_in_text: autoDraw = True
43.7635 	EXP 	fade_in_text: autoDraw = True
43.7801 	EXP 	fade_in_text: autoDraw = True
43.7968 	EXP 	fade_in_text: autoDraw = True
43.8135 	EXP 	fade_in_text: autoDraw = True
43.8301 	EXP 	fade_in_text: autoDraw = True
43.8467 	EXP 	fade_in_text: autoDraw = True
43.8635 	EXP 	fade_in_text: autoDraw = True
43.8801 	EXP 	fade_in_text: autoDraw = True
43.8968 	EXP 	fade_in_text: autoDraw = True
43.9135 	EXP 	fade_in_text: autoDraw = True
43.9301 	EXP 	fade_in_text: autoDraw = True
43.9468 	EXP 	fade_in_text: autoDraw = True
43.9635 	EXP 	fade_in_text: autoDraw = True
43.9801 	EXP 	fade_in_text: autoDraw = True
43.9968 	EXP 	fade_in_text: autoDraw = True
44.0136 	EXP 	fade_in_text: autoDraw = True
44.0301 	EXP 	fade_in_text: autoDraw = True
44.0468 	EXP 	fade_in_text: autoDraw = True
44.0635 	EXP 	fade_in_text: autoDraw = True
44.0802 	EXP 	fade_in_text: autoDraw = True
44.0968 	EXP 	fade_in_text: autoDraw = True
44.1136 	EXP 	fade_in_text: autoDraw = True
44.1301 	EXP 	fade_in_text: autoDraw = True
44.1468 	EXP 	fade_in_text: autoDraw = True
44.1635 	EXP 	fade_in_text: autoDraw = True
44.1802 	EXP 	fade_in_text: autoDraw = True
44.1968 	EXP 	fade_in_text: autoDraw = True
44.2136 	EXP 	fade_in_text: autoDraw = True
44.2301 	EXP 	fade_in_text: autoDraw = True
44.2468 	EXP 	fade_in_text: autoDraw = True
44.2635 	EXP 	fade_in_text: autoDraw = True
44.2802 	EXP 	fade_in_text: autoDraw = True
44.2968 	EXP 	fade_in_text: autoDraw = True
44.3134 	EXP 	fade_in_text: autoDraw = True
44.3301 	EXP 	fade_in_text: autoDraw = True
44.3468 	EXP 	fade_in_text: autoDraw = True
44.3636 	EXP 	fade_in_text: autoDraw = True
44.3802 	EXP 	fade_in_text: autoDraw = True
44.3968 	EXP 	fade_in_text: autoDraw = True
44.4134 	EXP 	fade_in_text: autoDraw = True
44.4301 	EXP 	fade_in_text: autoDraw = True
44.4468 	EXP 	fade_in_text: autoDraw = True
44.4635 	EXP 	fade_in_text: autoDraw = True
44.4802 	EXP 	fade_in_text: autoDraw = True
44.4969 	EXP 	fade_in_text: autoDraw = True
44.5134 	EXP 	fade_in_text: autoDraw = True
44.5302 	EXP 	fade_in_text: autoDraw = True
44.5469 	EXP 	fade_in_text: autoDraw = True
44.5635 	EXP 	fade_in_text: autoDraw = True
44.5802 	EXP 	fade_in_text: autoDraw = True
44.5970 	EXP 	fade_in_text: autoDraw = True
44.6134 	EXP 	fade_in_text: autoDraw = True
44.6302 	EXP 	fade_in_text: autoDraw = True
44.6468 	EXP 	fade_in_text: autoDraw = True
44.6635 	EXP 	fade_in_text: autoDraw = True
44.6802 	EXP 	fade_in_text: autoDraw = True
44.6970 	EXP 	fade_in_text: autoDraw = True
44.7134 	EXP 	fade_in_text: autoDraw = True
44.7302 	EXP 	fade_in_text: autoDraw = True
44.7468 	EXP 	fade_in_text: autoDraw = True
44.7635 	EXP 	fade_in_text: autoDraw = True
44.7802 	EXP 	fade_in_text: autoDraw = True
44.7971 	EXP 	fade_in_text: autoDraw = True
44.8135 	EXP 	fade_in_text: autoDraw = True
44.8302 	EXP 	fade_in_text: autoDraw = True
44.8468 	EXP 	fade_in_text: autoDraw = True
44.8635 	EXP 	fade_in_text: autoDraw = True
44.8802 	EXP 	fade_in_text: autoDraw = True
44.8970 	EXP 	fade_in_text: autoDraw = True
44.9134 	EXP 	fade_in_text: autoDraw = True
44.9302 	EXP 	fade_in_text: autoDraw = True
44.9469 	EXP 	fade_in_text: autoDraw = True
44.9635 	EXP 	fade_in_text: autoDraw = True
44.9802 	EXP 	fade_in_text: autoDraw = True
44.9968 	EXP 	fade_in_text: autoDraw = True
45.0135 	EXP 	fade_in_text: autoDraw = True
45.0302 	EXP 	fade_in_text: autoDraw = True
45.0469 	EXP 	fade_in_text: autoDraw = True
45.0635 	EXP 	fade_in_text: autoDraw = True
45.0802 	EXP 	fade_in_text: autoDraw = True
45.0968 	EXP 	fade_in_text: autoDraw = True
45.1134 	EXP 	fade_in_text: autoDraw = True
45.1302 	EXP 	fade_in_text: autoDraw = True
45.1469 	EXP 	fade_in_text: autoDraw = True
45.1635 	EXP 	fade_in_text: autoDraw = True
45.1803 	EXP 	fade_in_text: autoDraw = True
45.1968 	EXP 	fade_in_text: autoDraw = True
45.2135 	EXP 	fade_in_text: autoDraw = True
45.2302 	EXP 	fade_in_text: autoDraw = True
45.2469 	EXP 	fade_in_text: autoDraw = True
45.2635 	EXP 	fade_in_text: autoDraw = True
45.2804 	EXP 	fade_in_text: autoDraw = True
45.2968 	EXP 	fade_in_text: autoDraw = True
45.3136 	EXP 	fade_in_text: autoDraw = True
45.3302 	EXP 	fade_in_text: autoDraw = True
45.3469 	EXP 	fade_in_text: autoDraw = True
45.3635 	EXP 	fade_in_text: autoDraw = True
45.3804 	EXP 	fade_in_text: autoDraw = True
45.3968 	EXP 	fade_in_text: autoDraw = True
45.4135 	EXP 	fade_in_text: autoDraw = True
45.4302 	EXP 	fade_in_text: autoDraw = True
45.4469 	EXP 	fade_in_text: autoDraw = True
45.4635 	EXP 	fade_in_text: autoDraw = True
45.4805 	EXP 	fade_in_text: autoDraw = True
45.4969 	EXP 	fade_in_text: autoDraw = True
45.5136 	EXP 	fade_in_text: autoDraw = True
45.5302 	EXP 	fade_in_text: autoDraw = True
45.5469 	EXP 	fade_in_text: autoDraw = True
45.5636 	EXP 	fade_in_text: autoDraw = True
45.5805 	EXP 	fade_in_text: autoDraw = True
45.5969 	EXP 	fade_in_text: autoDraw = True
45.6136 	EXP 	fade_in_text: autoDraw = True
45.6302 	EXP 	fade_in_text: autoDraw = True
45.6469 	EXP 	fade_in_text: autoDraw = True
45.6636 	EXP 	fade_in_text: autoDraw = True
45.6802 	EXP 	fade_in_text: autoDraw = True
45.6969 	EXP 	fade_in_text: autoDraw = True
45.7136 	EXP 	fade_in_text: autoDraw = True
45.7302 	EXP 	fade_in_text: autoDraw = True
45.7469 	EXP 	fade_in_text: autoDraw = True
45.7636 	EXP 	fade_in_text: autoDraw = True
45.7802 	EXP 	fade_in_text: autoDraw = True
45.7969 	EXP 	fade_in_text: autoDraw = True
45.8136 	EXP 	fade_in_text: autoDraw = True
45.8302 	EXP 	fade_in_text: autoDraw = True
45.8469 	EXP 	fade_in_text: autoDraw = True
45.8637 	EXP 	fade_in_text: autoDraw = True
45.8802 	EXP 	fade_in_text: autoDraw = True
45.8969 	EXP 	fade_in_text: autoDraw = True
45.9136 	EXP 	fade_in_text: autoDraw = True
45.9302 	EXP 	fade_in_text: autoDraw = True
45.9469 	EXP 	fade_in_text: autoDraw = True
45.9637 	EXP 	fade_in_text: autoDraw = True
45.9803 	EXP 	fade_in_text: autoDraw = True
45.9969 	EXP 	fade_in_text: autoDraw = True
46.0136 	EXP 	fade_in_text: autoDraw = True
46.0302 	EXP 	fade_in_text: autoDraw = True
46.0469 	EXP 	fade_in_text: autoDraw = True
46.0638 	EXP 	fade_in_text: autoDraw = True
46.0802 	EXP 	fade_in_text: autoDraw = True
46.0969 	EXP 	fade_in_text: autoDraw = True
46.1136 	EXP 	fade_in_text: autoDraw = True
46.1303 	EXP 	fade_in_text: autoDraw = True
46.1469 	EXP 	fade_in_text: autoDraw = True
46.1637 	EXP 	fade_in_text: autoDraw = True
46.1803 	EXP 	fade_in_text: autoDraw = True
46.1970 	EXP 	fade_in_text: autoDraw = True
46.2136 	EXP 	fade_in_text: autoDraw = True
46.2303 	EXP 	fade_in_text: autoDraw = True
46.2469 	EXP 	fade_in_text: autoDraw = True
46.2636 	EXP 	fade_in_text: autoDraw = True
46.2802 	EXP 	fade_in_text: autoDraw = True
46.2970 	EXP 	fade_in_text: autoDraw = True
46.3136 	EXP 	fade_in_text: autoDraw = True
46.3303 	EXP 	fade_in_text: autoDraw = True
46.3469 	EXP 	fade_in_text: autoDraw = True
46.3635 	EXP 	fade_in_text: autoDraw = True
46.3803 	EXP 	fade_in_text: autoDraw = True
46.3970 	EXP 	fade_in_text: autoDraw = True
46.4137 	EXP 	fade_in_text: autoDraw = True
46.4303 	EXP 	fade_in_text: autoDraw = True
46.4469 	EXP 	fade_in_text: autoDraw = True
46.4635 	EXP 	fade_in_text: autoDraw = True
46.4802 	EXP 	fade_in_text: autoDraw = True
46.4970 	EXP 	fade_in_text: autoDraw = True
46.5136 	EXP 	fade_in_text: autoDraw = True
46.5303 	EXP 	fade_in_text: autoDraw = True
46.5471 	EXP 	fade_in_text: autoDraw = True
46.5635 	EXP 	fade_in_text: autoDraw = True
46.5803 	EXP 	fade_in_text: autoDraw = True
46.5970 	EXP 	fade_in_text: autoDraw = True
46.6136 	EXP 	fade_in_text: autoDraw = True
46.6303 	EXP 	fade_in_text: autoDraw = True
46.6471 	EXP 	fade_in_text: autoDraw = True
46.6635 	EXP 	fade_in_text: autoDraw = True
46.6803 	EXP 	fade_in_text: autoDraw = True
46.6970 	EXP 	fade_in_text: autoDraw = True
46.7136 	EXP 	fade_in_text: autoDraw = True
46.7303 	EXP 	fade_in_text: autoDraw = True
46.7471 	EXP 	fade_in_text: autoDraw = True
46.7635 	EXP 	fade_in_text: autoDraw = True
46.7803 	EXP 	fade_in_text: autoDraw = True
46.7970 	EXP 	fade_in_text: autoDraw = True
46.8136 	EXP 	fade_in_text: autoDraw = True
46.8303 	EXP 	fade_in_text: autoDraw = True
46.8471 	EXP 	fade_in_text: autoDraw = True
46.8635 	EXP 	fade_in_text: autoDraw = True
46.8803 	EXP 	fade_in_text: autoDraw = True
46.8970 	EXP 	fade_in_text: autoDraw = True
46.9136 	EXP 	fade_in_text: autoDraw = True
46.9303 	EXP 	fade_in_text: autoDraw = True
46.9470 	EXP 	fade_in_text: autoDraw = True
46.9635 	EXP 	fade_in_text: autoDraw = True
46.9803 	EXP 	fade_in_text: autoDraw = True
46.9970 	EXP 	fade_in_text: autoDraw = True
47.0137 	EXP 	fade_in_text: autoDraw = True
47.0303 	EXP 	fade_in_text: autoDraw = True
47.0469 	EXP 	fade_in_text: autoDraw = True
47.0636 	EXP 	fade_in_text: autoDraw = True
47.0803 	EXP 	fade_in_text: autoDraw = True
47.0970 	EXP 	fade_in_text: autoDraw = True
47.1136 	EXP 	fade_in_text: autoDraw = True
47.1303 	EXP 	fade_in_text: autoDraw = True
47.1469 	EXP 	fade_in_text: autoDraw = True
47.1636 	EXP 	fade_in_text: autoDraw = True
47.1803 	EXP 	fade_in_text: autoDraw = True
47.1970 	EXP 	fade_in_text: autoDraw = True
47.2136 	EXP 	fade_in_text: autoDraw = True
47.2305 	EXP 	fade_in_text: autoDraw = True
47.2469 	EXP 	fade_in_text: autoDraw = True
47.2637 	EXP 	fade_in_text: autoDraw = True
47.2803 	EXP 	fade_in_text: autoDraw = True
47.2970 	EXP 	fade_in_text: autoDraw = True
47.3136 	EXP 	fade_in_text: autoDraw = True
47.3305 	EXP 	fade_in_text: autoDraw = True
47.3469 	EXP 	fade_in_text: autoDraw = True
47.3637 	EXP 	fade_in_text: autoDraw = True
47.3803 	EXP 	fade_in_text: autoDraw = True
47.3970 	EXP 	fade_in_text: autoDraw = True
47.4136 	EXP 	fade_in_text: autoDraw = True
47.4305 	EXP 	fade_in_text: autoDraw = True
47.4469 	EXP 	fade_in_text: autoDraw = True
47.4637 	EXP 	fade_in_text: autoDraw = True
47.4803 	EXP 	fade_in_text: autoDraw = True
47.4970 	EXP 	fade_in_text: autoDraw = True
47.5135 	EXP 	fade_in_text: autoDraw = True
47.5303 	EXP 	fade_in_text: autoDraw = True
47.5468 	EXP 	fade_in_text: autoDraw = True
47.5634 	EXP 	fade_in_text: autoDraw = True
47.5802 	EXP 	fade_in_text: autoDraw = True
47.5969 	EXP 	fade_in_text: autoDraw = True
47.6135 	EXP 	fade_in_text: autoDraw = True
47.6301 	EXP 	fade_in_text: autoDraw = True
47.6468 	EXP 	fade_in_text: autoDraw = True
47.6634 	EXP 	fade_in_text: autoDraw = True
47.6801 	EXP 	fade_in_text: autoDraw = True
47.6969 	EXP 	fade_in_text: autoDraw = True
47.7135 	EXP 	fade_in_text: autoDraw = True
47.7301 	EXP 	fade_in_text: autoDraw = True
47.7468 	EXP 	fade_in_text: autoDraw = True
47.7634 	EXP 	fade_in_text: autoDraw = True
47.7802 	EXP 	fade_in_text: autoDraw = True
47.7969 	EXP 	fade_in_text: autoDraw = True
47.8135 	EXP 	fade_in_text: autoDraw = True
47.8301 	EXP 	fade_in_text: autoDraw = True
47.8468 	EXP 	fade_in_text: autoDraw = True
47.8635 	EXP 	fade_in_text: autoDraw = True
47.8801 	EXP 	fade_in_text: autoDraw = True
47.8969 	EXP 	fade_in_text: autoDraw = True
47.9135 	EXP 	fade_in_text: autoDraw = True
47.9301 	EXP 	fade_in_text: autoDraw = True
47.9468 	EXP 	fade_in_text: autoDraw = True
47.9635 	EXP 	fade_in_text: autoDraw = True
47.9802 	EXP 	fade_in_text: autoDraw = True
47.9969 	EXP 	fade_in_text: autoDraw = True
48.0136 	EXP 	fade_in_text: autoDraw = True
48.0301 	EXP 	fade_in_text: autoDraw = True
48.0468 	EXP 	fade_in_text: autoDraw = True
48.0635 	EXP 	fade_in_text: autoDraw = True
48.0802 	EXP 	fade_in_text: autoDraw = True
48.0969 	EXP 	fade_in_text: autoDraw = True
48.1136 	EXP 	fade_in_text: autoDraw = True
48.1301 	EXP 	fade_in_text: autoDraw = True
48.1468 	EXP 	fade_in_text: autoDraw = True
48.1635 	EXP 	fade_in_text: autoDraw = True
48.1802 	EXP 	fade_in_text: autoDraw = True
48.1969 	EXP 	fade_in_text: autoDraw = True
48.2136 	EXP 	fade_in_text: autoDraw = True
48.2301 	EXP 	fade_in_text: autoDraw = True
48.2468 	EXP 	fade_in_text: autoDraw = True
48.2635 	EXP 	fade_in_text: autoDraw = True
48.2802 	EXP 	fade_in_text: autoDraw = True
48.2969 	EXP 	fade_in_text: autoDraw = True
48.3136 	EXP 	fade_in_text: autoDraw = True
48.3301 	EXP 	fade_in_text: autoDraw = True
48.3468 	EXP 	fade_in_text: autoDraw = True
48.3635 	EXP 	fade_in_text: autoDraw = True
48.3803 	EXP 	fade_in_text: autoDraw = True
48.3970 	EXP 	fade_in_text: autoDraw = True
48.4135 	EXP 	fade_in_text: autoDraw = True
48.4302 	EXP 	fade_in_text: autoDraw = True
48.4468 	EXP 	fade_in_text: autoDraw = True
48.4635 	EXP 	fade_in_text: autoDraw = True
48.4802 	EXP 	fade_in_text: autoDraw = True
48.4970 	EXP 	fade_in_text: autoDraw = True
48.5135 	EXP 	fade_in_text: autoDraw = True
48.5302 	EXP 	fade_in_text: autoDraw = True
48.5468 	EXP 	fade_in_text: autoDraw = True
48.5635 	EXP 	fade_in_text: autoDraw = True
48.5802 	EXP 	fade_in_text: autoDraw = True
48.5969 	EXP 	fade_in_text: autoDraw = True
48.6135 	EXP 	fade_in_text: autoDraw = True
48.6302 	EXP 	fade_in_text: autoDraw = True
48.6468 	EXP 	fade_in_text: autoDraw = True
48.6635 	EXP 	fade_in_text: autoDraw = True
48.6803 	EXP 	fade_in_text: autoDraw = True
48.6970 	EXP 	fade_in_text: autoDraw = True
48.7135 	EXP 	fade_in_text: autoDraw = True
48.7302 	EXP 	fade_in_text: autoDraw = True
48.7468 	EXP 	fade_in_text: autoDraw = True
48.7636 	EXP 	fade_in_text: autoDraw = True
48.7803 	EXP 	fade_in_text: autoDraw = True
48.7970 	EXP 	fade_in_text: autoDraw = True
48.8135 	EXP 	fade_in_text: autoDraw = True
48.8302 	EXP 	fade_in_text: autoDraw = True
48.8468 	EXP 	fade_in_text: autoDraw = True
48.8636 	EXP 	fade_in_text: autoDraw = True
48.8803 	EXP 	fade_in_text: autoDraw = True
48.8970 	EXP 	fade_in_text: autoDraw = True
48.9135 	EXP 	fade_in_text: autoDraw = True
48.9302 	EXP 	fade_in_text: autoDraw = True
48.9468 	EXP 	fade_in_text: autoDraw = True
48.9636 	EXP 	fade_in_text: autoDraw = True
48.9803 	EXP 	fade_in_text: autoDraw = True
48.9971 	EXP 	fade_in_text: autoDraw = True
49.0135 	EXP 	fade_in_text: autoDraw = True
49.0302 	EXP 	fade_in_text: autoDraw = True
49.0469 	EXP 	fade_in_text: autoDraw = True
49.0636 	EXP 	fade_in_text: autoDraw = True
49.0803 	EXP 	fade_in_text: autoDraw = True
49.0969 	EXP 	fade_in_text: autoDraw = True
49.1135 	EXP 	fade_in_text: autoDraw = True
49.1302 	EXP 	fade_in_text: autoDraw = True
49.1469 	EXP 	fade_in_text: autoDraw = True
49.1636 	EXP 	fade_in_text: autoDraw = True
49.1803 	EXP 	fade_in_text: autoDraw = True
49.1969 	EXP 	fade_in_text: autoDraw = True
49.2135 	EXP 	fade_in_text: autoDraw = True
49.2302 	EXP 	fade_in_text: autoDraw = True
49.2469 	EXP 	fade_in_text: autoDraw = True
49.2636 	EXP 	fade_in_text: autoDraw = True
49.2803 	EXP 	fade_in_text: autoDraw = True
49.2970 	EXP 	fade_in_text: autoDraw = True
49.3135 	EXP 	fade_in_text: autoDraw = True
49.3302 	EXP 	fade_in_text: autoDraw = True
49.3469 	EXP 	fade_in_text: autoDraw = True
49.3636 	EXP 	fade_in_text: autoDraw = True
49.3804 	EXP 	fade_in_text: autoDraw = True
49.3969 	EXP 	fade_in_text: autoDraw = True
49.4135 	EXP 	fade_in_text: autoDraw = True
49.4302 	EXP 	fade_in_text: autoDraw = True
49.4469 	EXP 	fade_in_text: autoDraw = True
49.4636 	EXP 	fade_in_text: autoDraw = True
49.4804 	EXP 	fade_in_text: autoDraw = True
49.4969 	EXP 	fade_in_text: autoDraw = True
49.5135 	EXP 	fade_in_text: autoDraw = True
49.5302 	EXP 	fade_in_text: autoDraw = True
49.5470 	EXP 	fade_in_text: autoDraw = True
49.5636 	EXP 	fade_in_text: autoDraw = True
49.5804 	EXP 	fade_in_text: autoDraw = True
49.5969 	EXP 	fade_in_text: autoDraw = True
49.6136 	EXP 	fade_in_text: autoDraw = True
49.6302 	EXP 	fade_in_text: autoDraw = True
49.6470 	EXP 	fade_in_text: autoDraw = True
49.6636 	EXP 	fade_in_text: autoDraw = True
49.6802 	EXP 	fade_in_text: autoDraw = True
49.6969 	EXP 	fade_in_text: autoDraw = True
49.7136 	EXP 	fade_in_text: autoDraw = True
49.7302 	EXP 	fade_in_text: autoDraw = True
49.7470 	EXP 	fade_in_text: autoDraw = True
49.7636 	EXP 	fade_in_text: autoDraw = True
49.7802 	EXP 	fade_in_text: autoDraw = True
49.7969 	EXP 	fade_in_text: autoDraw = True
49.8136 	EXP 	fade_in_text: autoDraw = True
49.8302 	EXP 	fade_in_text: autoDraw = True
49.8470 	EXP 	fade_in_text: autoDraw = True
49.8636 	EXP 	fade_in_text: autoDraw = True
49.8802 	EXP 	fade_in_text: autoDraw = True
49.8969 	EXP 	fade_in_text: autoDraw = True
49.9136 	EXP 	fade_in_text: autoDraw = True
49.9303 	EXP 	fade_in_text: autoDraw = True
49.9470 	EXP 	fade_in_text: autoDraw = True
49.9638 	EXP 	fade_in_text: autoDraw = True
49.9802 	EXP 	fade_in_text: autoDraw = True
49.9970 	EXP 	fade_in_text: autoDraw = True
50.0136 	EXP 	fade_in_text: autoDraw = True
50.0303 	EXP 	fade_in_text: autoDraw = True
50.0470 	EXP 	fade_in_text: autoDraw = True
50.0638 	EXP 	fade_in_text: autoDraw = True
50.0802 	EXP 	fade_in_text: autoDraw = True
50.0969 	EXP 	fade_in_text: autoDraw = True
50.1136 	EXP 	fade_in_text: autoDraw = True
50.1303 	EXP 	fade_in_text: autoDraw = True
50.1470 	EXP 	fade_in_text: autoDraw = True
50.1637 	EXP 	fade_in_text: autoDraw = True
50.1803 	EXP 	fade_in_text: autoDraw = True
50.1970 	EXP 	fade_in_text: autoDraw = True
50.2136 	EXP 	fade_in_text: autoDraw = True
50.2303 	EXP 	fade_in_text: autoDraw = True
50.2470 	EXP 	fade_in_text: autoDraw = True
50.2637 	EXP 	fade_in_text: autoDraw = True
50.2803 	EXP 	fade_in_text: autoDraw = True
50.2969 	EXP 	fade_in_text: autoDraw = True
50.3136 	EXP 	fade_in_text: autoDraw = True
50.3303 	EXP 	fade_in_text: autoDraw = True
50.3470 	EXP 	fade_in_text: autoDraw = True
50.3636 	EXP 	fade_in_text: autoDraw = True
50.3802 	EXP 	fade_in_text: autoDraw = True
50.3970 	EXP 	fade_in_text: autoDraw = True
50.4136 	EXP 	fade_in_text: autoDraw = True
50.4303 	EXP 	fade_in_text: autoDraw = True
50.4470 	EXP 	fade_in_text: autoDraw = True
50.4636 	EXP 	fade_in_text: autoDraw = True
50.4803 	EXP 	fade_in_text: autoDraw = True
50.4969 	EXP 	fade_in_text: autoDraw = True
50.5136 	EXP 	fade_in_text: autoDraw = True
50.5303 	EXP 	fade_in_text: autoDraw = True
50.5470 	EXP 	fade_in_text: autoDraw = True
50.5636 	EXP 	fade_in_text: autoDraw = True
50.5803 	EXP 	fade_in_text: autoDraw = True
50.5970 	EXP 	fade_in_text: autoDraw = True
50.6136 	EXP 	fade_in_text: autoDraw = True
50.6304 	EXP 	fade_in_text: autoDraw = True
50.6471 	EXP 	fade_in_text: autoDraw = True
50.6636 	EXP 	fade_in_text: autoDraw = True
50.6803 	EXP 	fade_in_text: autoDraw = True
50.6969 	EXP 	fade_in_text: autoDraw = True
50.7137 	EXP 	fade_in_text: autoDraw = True
50.7304 	EXP 	fade_in_text: autoDraw = True
50.7471 	EXP 	fade_in_text: autoDraw = True
50.7636 	EXP 	fade_in_text: autoDraw = True
50.7803 	EXP 	fade_in_text: autoDraw = True
50.7970 	EXP 	fade_in_text: autoDraw = True
50.8137 	EXP 	fade_in_text: autoDraw = True
50.8304 	EXP 	fade_in_text: autoDraw = True
50.8471 	EXP 	fade_in_text: autoDraw = True
50.8636 	EXP 	fade_in_text: autoDraw = True
50.8803 	EXP 	fade_in_text: autoDraw = True
50.8970 	EXP 	fade_in_text: autoDraw = True
50.9137 	EXP 	fade_in_text: autoDraw = True
50.9304 	EXP 	fade_in_text: autoDraw = True
50.9471 	EXP 	fade_in_text: autoDraw = True
50.9636 	EXP 	fade_in_text: autoDraw = True
50.9803 	EXP 	fade_in_text: autoDraw = True
50.9971 	EXP 	fade_in_text: autoDraw = True
51.0137 	EXP 	fade_in_text: autoDraw = True
51.0304 	EXP 	fade_in_text: autoDraw = True
51.0470 	EXP 	fade_in_text: autoDraw = True
51.0637 	EXP 	fade_in_text: autoDraw = True
51.0803 	EXP 	fade_in_text: autoDraw = True
51.0970 	EXP 	fade_in_text: autoDraw = True
51.1137 	EXP 	fade_in_text: autoDraw = True
51.1304 	EXP 	fade_in_text: autoDraw = True
51.1470 	EXP 	fade_in_text: autoDraw = True
51.1636 	EXP 	fade_in_text: autoDraw = True
51.1803 	EXP 	fade_in_text: autoDraw = True
51.1971 	EXP 	fade_in_text: autoDraw = True
51.2137 	EXP 	fade_in_text: autoDraw = True
51.2304 	EXP 	fade_in_text: autoDraw = True
51.2470 	EXP 	fade_in_text: autoDraw = True
51.2636 	EXP 	fade_in_text: autoDraw = True
51.2803 	EXP 	fade_in_text: autoDraw = True
51.2971 	EXP 	fade_in_text: autoDraw = True
51.3138 	EXP 	fade_in_text: autoDraw = True
51.3305 	EXP 	fade_in_text: autoDraw = True
51.3470 	EXP 	fade_in_text: autoDraw = True
51.3636 	EXP 	fade_in_text: autoDraw = True
51.3803 	EXP 	fade_in_text: autoDraw = True
51.3971 	EXP 	fade_in_text: autoDraw = True
51.4137 	EXP 	fade_in_text: autoDraw = True
51.4305 	EXP 	fade_in_text: autoDraw = True
51.4470 	EXP 	fade_in_text: autoDraw = True
51.4637 	EXP 	fade_in_text: autoDraw = True
51.4804 	EXP 	fade_in_text: autoDraw = True
51.4971 	EXP 	fade_in_text: autoDraw = True
51.5138 	EXP 	fade_in_text: autoDraw = True
51.5305 	EXP 	fade_in_text: autoDraw = True
51.5470 	EXP 	fade_in_text: autoDraw = True
51.5637 	EXP 	fade_in_text: autoDraw = True
51.5803 	EXP 	fade_in_text: autoDraw = True
51.5971 	EXP 	fade_in_text: autoDraw = True
51.6137 	EXP 	fade_in_text: autoDraw = True
51.6304 	EXP 	fade_in_text: autoDraw = True
51.6471 	EXP 	fade_in_text: autoDraw = True
51.6637 	EXP 	fade_in_text: autoDraw = True
51.6803 	EXP 	fade_in_text: autoDraw = True
51.6971 	EXP 	fade_in_text: autoDraw = True
51.7138 	EXP 	fade_in_text: autoDraw = True
51.7304 	EXP 	fade_in_text: autoDraw = True
51.7470 	EXP 	fade_in_text: autoDraw = True
51.7637 	EXP 	fade_in_text: autoDraw = True
51.7803 	EXP 	fade_in_text: autoDraw = True
51.7971 	EXP 	fade_in_text: autoDraw = True
51.8138 	EXP 	fade_in_text: autoDraw = True
51.8303 	EXP 	fade_in_text: autoDraw = True
51.8470 	EXP 	fade_in_text: autoDraw = True
51.8637 	EXP 	fade_in_text: autoDraw = True
51.8803 	EXP 	fade_in_text: autoDraw = True
51.8971 	EXP 	fade_in_text: autoDraw = True
51.9138 	EXP 	fade_in_text: autoDraw = True
51.9304 	EXP 	fade_in_text: autoDraw = True
51.9470 	EXP 	fade_in_text: autoDraw = True
51.9637 	EXP 	fade_in_text: autoDraw = True
51.9804 	EXP 	fade_in_text: autoDraw = True
51.9971 	EXP 	fade_in_text: autoDraw = True
52.0139 	EXP 	fade_in_text: autoDraw = True
52.0303 	EXP 	fade_in_text: autoDraw = True
52.0470 	EXP 	fade_in_text: autoDraw = True
52.0637 	EXP 	fade_in_text: autoDraw = True
52.0804 	EXP 	fade_in_text: autoDraw = True
52.0971 	EXP 	fade_in_text: autoDraw = True
52.1139 	EXP 	fade_in_text: autoDraw = True
52.1304 	EXP 	fade_in_text: autoDraw = True
52.1470 	EXP 	fade_in_text: autoDraw = True
52.1637 	EXP 	fade_in_text: autoDraw = True
52.1804 	EXP 	fade_in_text: autoDraw = True
52.1971 	EXP 	fade_in_text: autoDraw = True
52.2139 	EXP 	fade_in_text: autoDraw = True
52.2305 	EXP 	fade_in_text: autoDraw = True
52.2470 	EXP 	fade_in_text: autoDraw = True
52.2637 	EXP 	fade_in_text: autoDraw = True
52.2804 	EXP 	fade_in_text: autoDraw = True
52.2971 	EXP 	fade_in_text: autoDraw = True
52.3138 	EXP 	fade_in_text: autoDraw = True
52.3304 	EXP 	fade_in_text: autoDraw = True
52.3470 	EXP 	fade_in_text: autoDraw = True
52.3637 	EXP 	fade_in_text: autoDraw = True
52.3805 	EXP 	fade_in_text: autoDraw = True
52.3971 	EXP 	fade_in_text: autoDraw = True
52.4138 	EXP 	fade_in_text: autoDraw = True
52.4304 	EXP 	fade_in_text: autoDraw = True
52.4470 	EXP 	fade_in_text: autoDraw = True
52.4637 	EXP 	fade_in_text: autoDraw = True
52.4805 	EXP 	fade_in_text: autoDraw = True
52.4971 	EXP 	fade_in_text: autoDraw = True
52.5138 	EXP 	fade_in_text: autoDraw = True
52.5304 	EXP 	fade_in_text: autoDraw = True
52.5470 	EXP 	fade_in_text: autoDraw = True
52.5637 	EXP 	fade_in_text: autoDraw = True
52.5805 	EXP 	fade_in_text: autoDraw = True
52.5971 	EXP 	fade_in_text: autoDraw = True
52.6138 	EXP 	fade_in_text: autoDraw = True
52.6304 	EXP 	fade_in_text: autoDraw = True
52.6470 	EXP 	fade_in_text: autoDraw = True
52.6638 	EXP 	fade_in_text: autoDraw = True
52.6805 	EXP 	fade_in_text: autoDraw = True
52.6972 	EXP 	fade_in_text: autoDraw = True
52.7138 	EXP 	fade_in_text: autoDraw = True
52.7304 	EXP 	fade_in_text: autoDraw = True
52.7471 	EXP 	fade_in_text: autoDraw = True
52.7638 	EXP 	fade_in_text: autoDraw = True
52.7805 	EXP 	fade_in_text: autoDraw = True
52.7972 	EXP 	fade_in_text: autoDraw = True
52.8138 	EXP 	fade_in_text: autoDraw = True
52.8304 	EXP 	fade_in_text: autoDraw = True
52.8471 	EXP 	fade_in_text: autoDraw = True
52.8638 	EXP 	fade_in_text: autoDraw = True
52.8805 	EXP 	fade_in_text: autoDraw = True
52.8973 	EXP 	fade_in_text: autoDraw = True
52.9137 	EXP 	fade_in_text: autoDraw = True
52.9304 	EXP 	fade_in_text: autoDraw = True
52.9471 	EXP 	fade_in_text: autoDraw = True
52.9638 	EXP 	fade_in_text: autoDraw = True
52.9805 	EXP 	fade_in_text: autoDraw = True
52.9971 	EXP 	fade_in_text: autoDraw = True
53.0137 	EXP 	fade_in_text: autoDraw = True
53.0304 	EXP 	fade_in_text: autoDraw = True
53.0471 	EXP 	fade_in_text: autoDraw = True
53.0639 	EXP 	fade_in_text: autoDraw = True
53.0805 	EXP 	fade_in_text: autoDraw = True
53.0971 	EXP 	fade_in_text: autoDraw = True
53.1137 	EXP 	fade_in_text: autoDraw = True
53.1304 	EXP 	fade_in_text: autoDraw = True
53.1471 	EXP 	fade_in_text: autoDraw = True
53.1638 	EXP 	fade_in_text: autoDraw = True
53.1805 	EXP 	fade_in_text: autoDraw = True
53.1971 	EXP 	fade_in_text: autoDraw = True
53.2137 	EXP 	fade_in_text: autoDraw = True
53.2304 	EXP 	fade_in_text: autoDraw = True
53.2471 	EXP 	fade_in_text: autoDraw = True
53.2638 	EXP 	fade_in_text: autoDraw = True
53.2806 	EXP 	fade_in_text: autoDraw = True
53.2971 	EXP 	fade_in_text: autoDraw = True
53.3138 	EXP 	fade_in_text: autoDraw = True
53.3304 	EXP 	fade_in_text: autoDraw = True
53.3472 	EXP 	fade_in_text: autoDraw = True
53.3638 	EXP 	fade_in_text: autoDraw = True
53.3806 	EXP 	fade_in_text: autoDraw = True
53.3971 	EXP 	fade_in_text: autoDraw = True
53.4138 	EXP 	fade_in_text: autoDraw = True
53.4304 	EXP 	fade_in_text: autoDraw = True
53.4472 	EXP 	fade_in_text: autoDraw = True
53.4638 	EXP 	fade_in_text: autoDraw = True
53.4806 	EXP 	fade_in_text: autoDraw = True
53.4971 	EXP 	fade_in_text: autoDraw = True
53.5137 	EXP 	fade_in_text: autoDraw = True
53.5307 	EXP 	fade_in_text: autoDraw = True
53.5473 	EXP 	fade_in_text: autoDraw = True
53.5640 	EXP 	fade_in_text: autoDraw = True
53.5806 	EXP 	fade_in_text: autoDraw = True
53.5972 	EXP 	fade_in_text: autoDraw = True
53.6140 	EXP 	fade_in_text: autoDraw = True
53.6307 	EXP 	fade_in_text: autoDraw = True
53.6473 	EXP 	fade_in_text: autoDraw = True
53.6640 	EXP 	fade_in_text: autoDraw = True
53.6806 	EXP 	fade_in_text: autoDraw = True
53.6972 	EXP 	fade_in_text: autoDraw = True
53.7140 	EXP 	fade_in_text: autoDraw = True
53.7307 	EXP 	fade_in_text: autoDraw = True
53.7473 	EXP 	fade_in_text: autoDraw = True
53.7640 	EXP 	fade_in_text: autoDraw = True
53.7806 	EXP 	fade_in_text: autoDraw = True
53.7973 	EXP 	fade_in_text: autoDraw = True
53.8140 	EXP 	fade_in_text: autoDraw = True
53.8307 	EXP 	fade_in_text: autoDraw = True
53.8473 	EXP 	fade_in_text: autoDraw = True
53.8642 	EXP 	fade_in_text: autoDraw = True
53.8806 	EXP 	fade_in_text: autoDraw = True
53.8973 	EXP 	fade_in_text: autoDraw = True
53.9140 	EXP 	fade_in_text: autoDraw = True
53.9307 	EXP 	fade_in_text: autoDraw = True
53.9473 	EXP 	fade_in_text: autoDraw = True
53.9642 	EXP 	fade_in_text: autoDraw = True
53.9806 	EXP 	fade_in_text: autoDraw = True
53.9973 	EXP 	fade_in_text: autoDraw = True
54.0140 	EXP 	fade_in_text: autoDraw = True
54.0307 	EXP 	fade_in_text: autoDraw = True
54.0474 	EXP 	fade_in_text: autoDraw = True
54.0642 	EXP 	fade_in_text: autoDraw = True
54.0807 	EXP 	fade_in_text: autoDraw = True
54.0973 	EXP 	fade_in_text: autoDraw = True
54.1140 	EXP 	fade_in_text: autoDraw = True
54.1307 	EXP 	fade_in_text: autoDraw = True
54.1474 	EXP 	fade_in_text: autoDraw = True
54.1641 	EXP 	fade_in_text: autoDraw = True
54.1806 	EXP 	fade_in_text: autoDraw = True
54.1973 	EXP 	fade_in_text: autoDraw = True
54.2140 	EXP 	fade_in_text: autoDraw = True
54.2307 	EXP 	fade_in_text: autoDraw = True
54.2474 	EXP 	fade_in_text: autoDraw = True
54.2639 	EXP 	fade_in_text: autoDraw = True
54.2806 	EXP 	fade_in_text: autoDraw = True
54.2974 	EXP 	fade_in_text: autoDraw = True
54.3140 	EXP 	fade_in_text: autoDraw = True
54.3307 	EXP 	fade_in_text: autoDraw = True
54.3474 	EXP 	fade_in_text: autoDraw = True
54.3640 	EXP 	fade_in_text: autoDraw = True
54.3806 	EXP 	fade_in_text: autoDraw = True
54.3974 	EXP 	fade_in_text: autoDraw = True
54.4140 	EXP 	fade_in_text: autoDraw = True
54.4307 	EXP 	fade_in_text: autoDraw = True
54.4474 	EXP 	fade_in_text: autoDraw = True
54.4639 	EXP 	fade_in_text: autoDraw = True
54.4808 	EXP 	fade_in_text: autoDraw = True
54.4974 	EXP 	fade_in_text: autoDraw = True
54.5140 	EXP 	fade_in_text: autoDraw = True
54.5307 	EXP 	fade_in_text: autoDraw = True
54.5476 	EXP 	fade_in_text: autoDraw = True
54.5640 	EXP 	fade_in_text: autoDraw = True
54.5807 	EXP 	fade_in_text: autoDraw = True
54.5974 	EXP 	fade_in_text: autoDraw = True
54.6141 	EXP 	fade_in_text: autoDraw = True
54.6307 	EXP 	fade_in_text: autoDraw = True
54.6476 	EXP 	fade_in_text: autoDraw = True
54.6640 	EXP 	fade_in_text: autoDraw = True
54.6807 	EXP 	fade_in_text: autoDraw = True
54.6974 	EXP 	fade_in_text: autoDraw = True
54.7140 	EXP 	fade_in_text: autoDraw = True
54.7308 	EXP 	fade_in_text: autoDraw = True
54.7475 	EXP 	fade_in_text: autoDraw = True
54.7640 	EXP 	fade_in_text: autoDraw = True
54.7807 	EXP 	fade_in_text: autoDraw = True
54.7974 	EXP 	fade_in_text: autoDraw = True
54.8141 	EXP 	fade_in_text: autoDraw = True
54.8307 	EXP 	fade_in_text: autoDraw = True
54.8475 	EXP 	fade_in_text: autoDraw = True
54.8640 	EXP 	fade_in_text: autoDraw = True
54.8807 	EXP 	fade_in_text: autoDraw = True
54.8975 	EXP 	fade_in_text: autoDraw = True
54.9141 	EXP 	fade_in_text: autoDraw = True
54.9307 	EXP 	fade_in_text: autoDraw = True
54.9473 	EXP 	fade_in_text: autoDraw = True
54.9640 	EXP 	fade_in_text: autoDraw = True
54.9808 	EXP 	fade_in_text: autoDraw = True
54.9974 	EXP 	fade_in_text: autoDraw = True
55.0141 	EXP 	fade_in_text: autoDraw = True
55.0307 	EXP 	fade_in_text: autoDraw = True
55.0473 	EXP 	fade_in_text: autoDraw = True
55.0640 	EXP 	fade_in_text: autoDraw = True
55.0807 	EXP 	fade_in_text: autoDraw = True
55.0974 	EXP 	fade_in_text: autoDraw = True
55.1141 	EXP 	fade_in_text: autoDraw = True
55.1307 	EXP 	fade_in_text: autoDraw = True
55.1473 	EXP 	fade_in_text: autoDraw = True
55.1640 	EXP 	fade_in_text: autoDraw = True
55.1807 	EXP 	fade_in_text: autoDraw = True
55.1974 	EXP 	fade_in_text: autoDraw = True
55.2141 	EXP 	fade_in_text: autoDraw = True
55.2309 	EXP 	fade_in_text: autoDraw = True
55.2473 	EXP 	fade_in_text: autoDraw = True
55.2641 	EXP 	fade_in_text: autoDraw = True
55.2808 	EXP 	fade_in_text: autoDraw = True
55.2974 	EXP 	fade_in_text: autoDraw = True
55.3142 	EXP 	fade_in_text: autoDraw = True
55.3309 	EXP 	fade_in_text: autoDraw = True
55.3473 	EXP 	fade_in_text: autoDraw = True
55.3641 	EXP 	fade_in_text: autoDraw = True
55.3808 	EXP 	fade_in_text: autoDraw = True
55.3974 	EXP 	fade_in_text: autoDraw = True
55.4141 	EXP 	fade_in_text: autoDraw = True
55.4309 	EXP 	fade_in_text: autoDraw = True
55.4474 	EXP 	fade_in_text: autoDraw = True
55.4641 	EXP 	fade_in_text: autoDraw = True
55.4807 	EXP 	fade_in_text: autoDraw = True
55.4974 	EXP 	fade_in_text: autoDraw = True
55.5141 	EXP 	fade_in_text: autoDraw = True
55.5310 	EXP 	fade_in_text: autoDraw = True
55.5473 	EXP 	fade_in_text: autoDraw = True
55.5641 	EXP 	fade_in_text: autoDraw = True
55.5808 	EXP 	fade_in_text: autoDraw = True
55.5975 	EXP 	fade_in_text: autoDraw = True
55.6141 	EXP 	fade_in_text: autoDraw = True
55.6308 	EXP 	fade_in_text: autoDraw = True
55.6474 	EXP 	fade_in_text: autoDraw = True
55.6641 	EXP 	fade_in_text: autoDraw = True
55.6808 	EXP 	fade_in_text: autoDraw = True
55.6974 	EXP 	fade_in_text: autoDraw = True
55.7141 	EXP 	fade_in_text: autoDraw = True
55.7308 	EXP 	fade_in_text: autoDraw = True
55.7473 	EXP 	fade_in_text: autoDraw = True
55.7641 	EXP 	fade_in_text: autoDraw = True
55.7808 	EXP 	fade_in_text: autoDraw = True
55.7974 	EXP 	fade_in_text: autoDraw = True
55.8142 	EXP 	fade_in_text: autoDraw = True
55.8308 	EXP 	fade_in_text: autoDraw = True
55.8474 	EXP 	fade_in_text: autoDraw = True
55.8641 	EXP 	fade_in_text: autoDraw = True
55.8808 	EXP 	fade_in_text: autoDraw = True
55.8974 	EXP 	fade_in_text: autoDraw = True
55.9143 	EXP 	fade_in_text: autoDraw = True
55.9308 	EXP 	fade_in_text: autoDraw = True
55.9474 	EXP 	fade_in_text: autoDraw = True
55.9641 	EXP 	fade_in_text: autoDraw = True
55.9808 	EXP 	fade_in_text: autoDraw = True
55.9974 	EXP 	fade_in_text: autoDraw = True
56.0143 	EXP 	fade_in_text: autoDraw = True
56.0308 	EXP 	fade_in_text: autoDraw = True
56.0474 	EXP 	fade_in_text: autoDraw = True
56.0641 	EXP 	fade_in_text: autoDraw = True
56.0808 	EXP 	fade_in_text: autoDraw = True
56.0974 	EXP 	fade_in_text: autoDraw = True
56.1143 	EXP 	fade_in_text: autoDraw = True
56.1308 	EXP 	fade_in_text: autoDraw = True
56.1475 	EXP 	fade_in_text: autoDraw = True
56.1641 	EXP 	fade_in_text: autoDraw = True
56.1808 	EXP 	fade_in_text: autoDraw = True
56.1974 	EXP 	fade_in_text: autoDraw = True
56.2143 	EXP 	fade_in_text: autoDraw = True
56.2309 	EXP 	fade_in_text: autoDraw = True
56.2475 	EXP 	fade_in_text: autoDraw = True
56.2641 	EXP 	fade_in_text: autoDraw = True
56.2808 	EXP 	fade_in_text: autoDraw = True
56.2975 	EXP 	fade_in_text: autoDraw = True
56.3140 	EXP 	fade_in_text: autoDraw = True
56.3308 	EXP 	fade_in_text: autoDraw = True
56.3475 	EXP 	fade_in_text: autoDraw = True
56.3641 	EXP 	fade_in_text: autoDraw = True
56.3808 	EXP 	fade_in_text: autoDraw = True
56.3975 	EXP 	fade_in_text: autoDraw = True
56.4141 	EXP 	fade_in_text: autoDraw = True
56.4309 	EXP 	fade_in_text: autoDraw = True
56.4475 	EXP 	fade_in_text: autoDraw = True
56.4641 	EXP 	fade_in_text: autoDraw = True
56.4808 	EXP 	fade_in_text: autoDraw = True
56.4975 	EXP 	fade_in_text: autoDraw = True
56.5141 	EXP 	fade_in_text: autoDraw = True
56.5308 	EXP 	fade_in_text: autoDraw = True
56.5475 	EXP 	fade_in_text: autoDraw = True
56.5641 	EXP 	fade_in_text: autoDraw = True
56.5808 	EXP 	fade_in_text: autoDraw = True
56.5976 	EXP 	fade_in_text: autoDraw = True
56.6141 	EXP 	fade_in_text: autoDraw = True
56.6308 	EXP 	fade_in_text: autoDraw = True
56.6475 	EXP 	fade_in_text: autoDraw = True
56.6641 	EXP 	fade_in_text: autoDraw = True
56.6808 	EXP 	fade_in_text: autoDraw = True
56.6976 	EXP 	fade_in_text: autoDraw = True
56.7141 	EXP 	fade_in_text: autoDraw = True
56.7308 	EXP 	fade_in_text: autoDraw = True
56.7475 	EXP 	fade_in_text: autoDraw = True
56.7642 	EXP 	fade_in_text: autoDraw = True
56.7808 	EXP 	fade_in_text: autoDraw = True
56.7976 	EXP 	fade_in_text: autoDraw = True
56.8141 	EXP 	fade_in_text: autoDraw = True
56.8308 	EXP 	fade_in_text: autoDraw = True
56.8475 	EXP 	fade_in_text: autoDraw = True
56.8642 	EXP 	fade_in_text: autoDraw = True
56.8808 	EXP 	fade_in_text: autoDraw = True
56.8976 	EXP 	fade_in_text: autoDraw = True
56.9141 	EXP 	fade_in_text: autoDraw = True
56.9308 	EXP 	fade_in_text: autoDraw = True
56.9475 	EXP 	fade_in_text: autoDraw = True
56.9642 	EXP 	fade_in_text: autoDraw = True
56.9808 	EXP 	fade_in_text: autoDraw = True
56.9974 	EXP 	fade_in_text: autoDraw = True
57.0141 	EXP 	fade_in_text: autoDraw = True
57.0308 	EXP 	fade_in_text: autoDraw = True
57.0475 	EXP 	fade_in_text: autoDraw = True
57.0642 	EXP 	fade_in_text: autoDraw = True
57.0808 	EXP 	fade_in_text: autoDraw = True
57.0974 	EXP 	fade_in_text: autoDraw = True
57.1141 	EXP 	fade_in_text: autoDraw = True
57.1309 	EXP 	fade_in_text: autoDraw = True
57.1475 	EXP 	fade_in_text: autoDraw = True
57.1642 	EXP 	fade_in_text: autoDraw = True
57.1809 	EXP 	fade_in_text: autoDraw = True
57.1974 	EXP 	fade_in_text: autoDraw = True
57.2141 	EXP 	fade_in_text: autoDraw = True
57.2309 	EXP 	fade_in_text: autoDraw = True
57.2475 	EXP 	fade_in_text: autoDraw = True
57.2642 	EXP 	fade_in_text: autoDraw = True
57.2810 	EXP 	fade_in_text: autoDraw = True
57.2974 	EXP 	fade_in_text: autoDraw = True
57.3142 	EXP 	fade_in_text: autoDraw = True
57.3309 	EXP 	fade_in_text: autoDraw = True
57.3475 	EXP 	fade_in_text: autoDraw = True
57.3642 	EXP 	fade_in_text: autoDraw = True
57.3810 	EXP 	fade_in_text: autoDraw = True
57.3975 	EXP 	fade_in_text: autoDraw = True
57.4142 	EXP 	fade_in_text: autoDraw = True
57.4309 	EXP 	fade_in_text: autoDraw = True
57.4475 	EXP 	fade_in_text: autoDraw = True
57.4642 	EXP 	fade_in_text: autoDraw = True
57.4810 	EXP 	fade_in_text: autoDraw = True
57.4974 	EXP 	fade_in_text: autoDraw = True
57.5142 	EXP 	fade_in_text: autoDraw = True
57.5309 	EXP 	fade_in_text: autoDraw = True
57.5475 	EXP 	fade_in_text: autoDraw = True
57.5642 	EXP 	fade_in_text: autoDraw = True
57.5810 	EXP 	fade_in_text: autoDraw = True
57.5975 	EXP 	fade_in_text: autoDraw = True
57.6142 	EXP 	fade_in_text: autoDraw = True
57.6309 	EXP 	fade_in_text: autoDraw = True
57.6475 	EXP 	fade_in_text: autoDraw = True
57.6642 	EXP 	fade_in_text: autoDraw = True
57.6808 	EXP 	fade_in_text: autoDraw = True
57.6975 	EXP 	fade_in_text: autoDraw = True
57.7142 	EXP 	fade_in_text: autoDraw = True
57.7309 	EXP 	fade_in_text: autoDraw = True
57.7475 	EXP 	fade_in_text: autoDraw = True
57.7642 	EXP 	fade_in_text: autoDraw = True
57.7808 	EXP 	fade_in_text: autoDraw = True
57.7976 	EXP 	fade_in_text: autoDraw = True
57.8142 	EXP 	fade_in_text: autoDraw = True
57.8309 	EXP 	fade_in_text: autoDraw = True
57.8476 	EXP 	fade_in_text: autoDraw = True
57.8642 	EXP 	fade_in_text: autoDraw = True
57.8808 	EXP 	fade_in_text: autoDraw = True
57.8975 	EXP 	fade_in_text: autoDraw = True
57.9142 	EXP 	fade_in_text: autoDraw = True
57.9309 	EXP 	fade_in_text: autoDraw = True
57.9476 	EXP 	fade_in_text: autoDraw = True
57.9644 	EXP 	fade_in_text: autoDraw = True
57.9808 	EXP 	fade_in_text: autoDraw = True
57.9976 	EXP 	fade_in_text: autoDraw = True
58.0142 	EXP 	fade_in_text: autoDraw = True
58.0309 	EXP 	fade_in_text: autoDraw = True
58.0476 	EXP 	fade_in_text: autoDraw = True
58.0644 	EXP 	fade_in_text: autoDraw = True
58.0808 	EXP 	fade_in_text: autoDraw = True
58.0976 	EXP 	fade_in_text: autoDraw = True
58.1142 	EXP 	fade_in_text: autoDraw = True
58.1310 	EXP 	fade_in_text: autoDraw = True
58.1476 	EXP 	fade_in_text: autoDraw = True
58.1644 	EXP 	fade_in_text: autoDraw = True
58.1808 	EXP 	fade_in_text: autoDraw = True
58.1976 	EXP 	fade_in_text: autoDraw = True
58.2142 	EXP 	fade_in_text: autoDraw = True
58.2309 	EXP 	fade_in_text: autoDraw = True
58.2476 	EXP 	fade_in_text: autoDraw = True
58.2644 	EXP 	fade_in_text: autoDraw = True
58.2808 	EXP 	fade_in_text: autoDraw = True
58.2976 	EXP 	fade_in_text: autoDraw = True
58.3143 	EXP 	fade_in_text: autoDraw = True
58.3309 	EXP 	fade_in_text: autoDraw = True
58.3476 	EXP 	fade_in_text: autoDraw = True
58.3642 	EXP 	fade_in_text: autoDraw = True
58.3808 	EXP 	fade_in_text: autoDraw = True
58.3976 	EXP 	fade_in_text: autoDraw = True
58.4142 	EXP 	fade_in_text: autoDraw = True
58.4309 	EXP 	fade_in_text: autoDraw = True
58.4476 	EXP 	fade_in_text: autoDraw = True
58.4642 	EXP 	fade_in_text: autoDraw = True
58.4809 	EXP 	fade_in_text: autoDraw = True
58.4976 	EXP 	fade_in_text: autoDraw = True
58.5143 	EXP 	fade_in_text: autoDraw = True
58.5309 	EXP 	fade_in_text: autoDraw = True
58.5476 	EXP 	fade_in_text: autoDraw = True
58.5642 	EXP 	fade_in_text: autoDraw = True
58.5809 	EXP 	fade_in_text: autoDraw = True
58.5976 	EXP 	fade_in_text: autoDraw = True
58.6143 	EXP 	fade_in_text: autoDraw = True
58.6309 	EXP 	fade_in_text: autoDraw = True
58.6478 	EXP 	fade_in_text: autoDraw = True
58.6642 	EXP 	fade_in_text: autoDraw = True
58.6809 	EXP 	fade_in_text: autoDraw = True
58.6976 	EXP 	fade_in_text: autoDraw = True
58.7143 	EXP 	fade_in_text: autoDraw = True
58.7309 	EXP 	fade_in_text: autoDraw = True
58.7478 	EXP 	fade_in_text: autoDraw = True
58.7642 	EXP 	fade_in_text: autoDraw = True
58.7809 	EXP 	fade_in_text: autoDraw = True
58.7976 	EXP 	fade_in_text: autoDraw = True
58.8143 	EXP 	fade_in_text: autoDraw = True
58.8310 	EXP 	fade_in_text: autoDraw = True
58.8478 	EXP 	fade_in_text: autoDraw = True
58.8642 	EXP 	fade_in_text: autoDraw = True
58.8809 	EXP 	fade_in_text: autoDraw = True
58.8976 	EXP 	fade_in_text: autoDraw = True
58.9143 	EXP 	fade_in_text: autoDraw = True
58.9309 	EXP 	fade_in_text: autoDraw = True
58.9478 	EXP 	fade_in_text: autoDraw = True
58.9644 	EXP 	fade_in_text: autoDraw = True
58.9810 	EXP 	fade_in_text: autoDraw = True
58.9976 	EXP 	fade_in_text: autoDraw = True
59.0143 	EXP 	fade_in_text: autoDraw = True
59.0310 	EXP 	fade_in_text: autoDraw = True
59.0476 	EXP 	fade_in_text: autoDraw = True
59.0642 	EXP 	fade_in_text: autoDraw = True
59.0810 	EXP 	fade_in_text: autoDraw = True
59.0976 	EXP 	fade_in_text: autoDraw = True
59.1143 	EXP 	fade_in_text: autoDraw = True
59.1309 	EXP 	fade_in_text: autoDraw = True
59.1476 	EXP 	fade_in_text: autoDraw = True
59.1642 	EXP 	fade_in_text: autoDraw = True
59.1809 	EXP 	fade_in_text: autoDraw = True
59.1976 	EXP 	fade_in_text: autoDraw = True
59.2143 	EXP 	fade_in_text: autoDraw = True
59.2311 	EXP 	fade_in_text: autoDraw = True
59.2476 	EXP 	fade_in_text: autoDraw = True
59.2643 	EXP 	fade_in_text: autoDraw = True
59.2810 	EXP 	fade_in_text: autoDraw = True
59.2976 	EXP 	fade_in_text: autoDraw = True
59.3143 	EXP 	fade_in_text: autoDraw = True
59.3311 	EXP 	fade_in_text: autoDraw = True
59.3476 	EXP 	fade_in_text: autoDraw = True
59.3643 	EXP 	fade_in_text: autoDraw = True
59.3810 	EXP 	fade_in_text: autoDraw = True
59.3976 	EXP 	fade_in_text: autoDraw = True
59.4143 	EXP 	fade_in_text: autoDraw = True
59.4313 	EXP 	fade_in_text: autoDraw = True
59.4476 	EXP 	fade_in_text: autoDraw = True
59.4643 	EXP 	fade_in_text: autoDraw = True
59.4810 	EXP 	fade_in_text: autoDraw = True
59.4977 	EXP 	fade_in_text: autoDraw = True
59.5143 	EXP 	fade_in_text: autoDraw = True
59.5311 	EXP 	fade_in_text: autoDraw = True
59.5476 	EXP 	fade_in_text: autoDraw = True
59.5643 	EXP 	fade_in_text: autoDraw = True
59.5810 	EXP 	fade_in_text: autoDraw = True
59.5976 	EXP 	fade_in_text: autoDraw = True
59.6143 	EXP 	fade_in_text: autoDraw = True
59.6311 	EXP 	fade_in_text: autoDraw = True
59.6476 	EXP 	fade_in_text: autoDraw = True
59.6643 	EXP 	fade_in_text: autoDraw = True
59.6810 	EXP 	fade_in_text: autoDraw = True
59.6976 	EXP 	fade_in_text: autoDraw = True
59.7143 	EXP 	fade_in_text: autoDraw = True
59.7309 	EXP 	fade_in_text: autoDraw = True
59.7476 	EXP 	fade_in_text: autoDraw = True
59.7643 	EXP 	fade_in_text: autoDraw = True
59.7810 	EXP 	fade_in_text: autoDraw = True
59.7977 	EXP 	fade_in_text: autoDraw = True
59.8143 	EXP 	fade_in_text: autoDraw = True
59.8309 	EXP 	fade_in_text: autoDraw = True
59.8477 	EXP 	fade_in_text: autoDraw = True
59.8643 	EXP 	fade_in_text: autoDraw = True
59.8811 	EXP 	fade_in_text: autoDraw = True
59.8977 	EXP 	fade_in_text: autoDraw = True
59.9144 	EXP 	fade_in_text: autoDraw = True
59.9309 	EXP 	fade_in_text: autoDraw = True
59.9478 	EXP 	fade_in_text: autoDraw = True
59.9645 	EXP 	fade_in_text: autoDraw = True
59.9810 	EXP 	fade_in_text: autoDraw = True
59.9976 	EXP 	fade_in_text: autoDraw = True
60.0145 	EXP 	fade_in_text: autoDraw = True
60.0309 	EXP 	fade_in_text: autoDraw = True
60.0478 	EXP 	fade_in_text: autoDraw = True
60.0643 	EXP 	fade_in_text: autoDraw = True
60.0810 	EXP 	fade_in_text: autoDraw = True
60.0977 	EXP 	fade_in_text: autoDraw = True
60.1145 	EXP 	fade_in_text: autoDraw = True
60.1309 	EXP 	fade_in_text: autoDraw = True
60.1477 	EXP 	fade_in_text: autoDraw = True
60.1643 	EXP 	fade_in_text: autoDraw = True
60.1810 	EXP 	fade_in_text: autoDraw = True
60.1977 	EXP 	fade_in_text: autoDraw = True
60.2145 	EXP 	fade_in_text: autoDraw = True
60.2309 	EXP 	fade_in_text: autoDraw = True
60.2477 	EXP 	fade_in_text: autoDraw = True
60.2643 	EXP 	fade_in_text: autoDraw = True
60.2810 	EXP 	fade_in_text: autoDraw = True
60.2977 	EXP 	fade_in_text: autoDraw = True
60.3144 	EXP 	fade_in_text: autoDraw = True
60.3309 	EXP 	fade_in_text: autoDraw = True
60.3477 	EXP 	fade_in_text: autoDraw = True
60.3643 	EXP 	fade_in_text: autoDraw = True
60.3810 	EXP 	fade_in_text: autoDraw = True
60.3977 	EXP 	fade_in_text: autoDraw = True
60.4143 	EXP 	fade_in_text: autoDraw = True
60.4309 	EXP 	fade_in_text: autoDraw = True
60.4477 	EXP 	fade_in_text: autoDraw = True
60.4643 	EXP 	fade_in_text: autoDraw = True
60.4810 	EXP 	fade_in_text: autoDraw = True
60.4977 	EXP 	fade_in_text: autoDraw = True
60.5143 	EXP 	fade_in_text: autoDraw = True
60.5309 	EXP 	fade_in_text: autoDraw = True
60.5477 	EXP 	fade_in_text: autoDraw = True
60.5644 	EXP 	fade_in_text: autoDraw = True
60.5810 	EXP 	fade_in_text: autoDraw = True
60.5978 	EXP 	fade_in_text: autoDraw = True
60.6143 	EXP 	fade_in_text: autoDraw = True
60.6310 	EXP 	fade_in_text: autoDraw = True
60.6477 	EXP 	fade_in_text: autoDraw = True
60.6644 	EXP 	fade_in_text: autoDraw = True
60.6810 	EXP 	fade_in_text: autoDraw = True
60.6979 	EXP 	fade_in_text: autoDraw = True
60.7143 	EXP 	fade_in_text: autoDraw = True
60.7310 	EXP 	fade_in_text: autoDraw = True
60.7477 	EXP 	fade_in_text: autoDraw = True
60.7644 	EXP 	fade_in_text: autoDraw = True
60.7810 	EXP 	fade_in_text: autoDraw = True
60.7979 	EXP 	fade_in_text: autoDraw = True
60.8143 	EXP 	fade_in_text: autoDraw = True
60.8310 	EXP 	fade_in_text: autoDraw = True
60.8477 	EXP 	fade_in_text: autoDraw = True
60.8644 	EXP 	fade_in_text: autoDraw = True
60.8810 	EXP 	fade_in_text: autoDraw = True
60.8979 	EXP 	fade_in_text: autoDraw = True
60.9143 	EXP 	fade_in_text: autoDraw = True
60.9310 	EXP 	fade_in_text: autoDraw = True
60.9477 	EXP 	fade_in_text: autoDraw = True
60.9644 	EXP 	fade_in_text: autoDraw = True
60.9811 	EXP 	fade_in_text: autoDraw = True
60.9978 	EXP 	fade_in_text: autoDraw = True
61.0143 	EXP 	fade_in_text: autoDraw = True
61.0310 	EXP 	fade_in_text: autoDraw = True
61.0477 	EXP 	fade_in_text: autoDraw = True
61.0644 	EXP 	fade_in_text: autoDraw = True
61.0811 	EXP 	fade_in_text: autoDraw = True
61.0977 	EXP 	fade_in_text: autoDraw = True
61.1143 	EXP 	fade_in_text: autoDraw = True
61.1311 	EXP 	fade_in_text: autoDraw = True
61.1477 	EXP 	fade_in_text: autoDraw = True
61.1644 	EXP 	fade_in_text: autoDraw = True
61.1811 	EXP 	fade_in_text: autoDraw = True
61.1977 	EXP 	fade_in_text: autoDraw = True
61.2144 	EXP 	fade_in_text: autoDraw = True
61.2311 	EXP 	fade_in_text: autoDraw = True
61.2477 	EXP 	fade_in_text: autoDraw = True
61.2644 	EXP 	fade_in_text: autoDraw = True
61.2813 	EXP 	fade_in_text: autoDraw = True
61.2977 	EXP 	fade_in_text: autoDraw = True
61.3144 	EXP 	fade_in_text: autoDraw = True
61.3311 	EXP 	fade_in_text: autoDraw = True
61.3478 	EXP 	fade_in_text: autoDraw = True
61.3644 	EXP 	fade_in_text: autoDraw = True
61.3812 	EXP 	fade_in_text: autoDraw = True
61.3977 	EXP 	fade_in_text: autoDraw = True
61.4144 	EXP 	fade_in_text: autoDraw = True
61.4311 	EXP 	fade_in_text: autoDraw = True
61.4477 	EXP 	fade_in_text: autoDraw = True
61.4644 	EXP 	fade_in_text: autoDraw = True
61.4812 	EXP 	fade_in_text: autoDraw = True
61.4977 	EXP 	fade_in_text: autoDraw = True
61.5144 	EXP 	fade_in_text: autoDraw = True
61.5311 	EXP 	fade_in_text: autoDraw = True
61.5478 	EXP 	fade_in_text: autoDraw = True
61.5645 	EXP 	fade_in_text: autoDraw = True
61.5812 	EXP 	fade_in_text: autoDraw = True
61.5977 	EXP 	fade_in_text: autoDraw = True
61.6144 	EXP 	fade_in_text: autoDraw = True
61.6311 	EXP 	fade_in_text: autoDraw = True
61.6478 	EXP 	fade_in_text: autoDraw = True
61.6644 	EXP 	fade_in_text: autoDraw = True
61.6810 	EXP 	fade_in_text: autoDraw = True
61.6977 	EXP 	fade_in_text: autoDraw = True
61.7144 	EXP 	fade_in_text: autoDraw = True
61.7311 	EXP 	fade_in_text: autoDraw = True
61.7478 	EXP 	fade_in_text: autoDraw = True
61.7644 	EXP 	fade_in_text: autoDraw = True
61.7810 	EXP 	fade_in_text: autoDraw = True
61.7977 	EXP 	fade_in_text: autoDraw = True
61.8145 	EXP 	fade_in_text: autoDraw = True
61.8311 	EXP 	fade_in_text: autoDraw = True
61.8478 	EXP 	fade_in_text: autoDraw = True
61.8646 	EXP 	fade_in_text: autoDraw = True
61.8811 	EXP 	fade_in_text: autoDraw = True
61.8978 	EXP 	fade_in_text: autoDraw = True
61.9144 	EXP 	fade_in_text: autoDraw = True
61.9311 	EXP 	fade_in_text: autoDraw = True
61.9478 	EXP 	fade_in_text: autoDraw = True
61.9646 	EXP 	fade_in_text: autoDraw = True
61.9810 	EXP 	fade_in_text: autoDraw = True
61.9978 	EXP 	fade_in_text: autoDraw = True
62.0144 	EXP 	fade_in_text: autoDraw = True
62.0311 	EXP 	fade_in_text: autoDraw = True
62.0478 	EXP 	fade_in_text: autoDraw = True
62.0646 	EXP 	fade_in_text: autoDraw = True
62.0811 	EXP 	fade_in_text: autoDraw = True
62.0978 	EXP 	fade_in_text: autoDraw = True
62.1144 	EXP 	fade_in_text: autoDraw = True
62.1311 	EXP 	fade_in_text: autoDraw = True
62.1478 	EXP 	fade_in_text: autoDraw = True
62.1647 	EXP 	fade_in_text: autoDraw = True
62.1811 	EXP 	fade_in_text: autoDraw = True
62.1978 	EXP 	fade_in_text: autoDraw = True
62.2144 	EXP 	fade_in_text: autoDraw = True
62.2311 	EXP 	fade_in_text: autoDraw = True
62.2478 	EXP 	fade_in_text: autoDraw = True
62.2647 	EXP 	fade_in_text: autoDraw = True
62.2812 	EXP 	fade_in_text: autoDraw = True
62.2978 	EXP 	fade_in_text: autoDraw = True
62.3145 	EXP 	fade_in_text: autoDraw = True
62.3311 	EXP 	fade_in_text: autoDraw = True
62.3478 	EXP 	fade_in_text: autoDraw = True
62.3645 	EXP 	fade_in_text: autoDraw = True
62.3810 	EXP 	fade_in_text: autoDraw = True
62.3978 	EXP 	fade_in_text: autoDraw = True
62.4145 	EXP 	fade_in_text: autoDraw = True
62.4311 	EXP 	fade_in_text: autoDraw = True
62.4482 	EXP 	fade_in_text: autoDraw = True
62.4645 	EXP 	fade_in_text: autoDraw = True
62.4811 	EXP 	fade_in_text: autoDraw = True
62.4978 	EXP 	fade_in_text: autoDraw = True
62.5145 	EXP 	fade_in_text: autoDraw = True
62.5311 	EXP 	fade_in_text: autoDraw = True
62.5480 	EXP 	fade_in_text: autoDraw = True
62.5645 	EXP 	fade_in_text: autoDraw = True
62.5811 	EXP 	fade_in_text: autoDraw = True
62.5978 	EXP 	fade_in_text: autoDraw = True
62.6145 	EXP 	fade_in_text: autoDraw = True
62.6313 	EXP 	fade_in_text: autoDraw = True
62.6482 	EXP 	fade_in_text: autoDraw = True
62.6645 	EXP 	fade_in_text: autoDraw = True
62.6812 	EXP 	fade_in_text: autoDraw = True
62.6978 	EXP 	fade_in_text: autoDraw = True
62.7145 	EXP 	fade_in_text: autoDraw = True
62.7311 	EXP 	fade_in_text: autoDraw = True
62.7480 	EXP 	fade_in_text: autoDraw = True
62.7645 	EXP 	fade_in_text: autoDraw = True
62.7812 	EXP 	fade_in_text: autoDraw = True
62.7978 	EXP 	fade_in_text: autoDraw = True
62.8145 	EXP 	fade_in_text: autoDraw = True
62.8312 	EXP 	fade_in_text: autoDraw = True
62.8479 	EXP 	fade_in_text: autoDraw = True
62.8645 	EXP 	fade_in_text: autoDraw = True
62.8811 	EXP 	fade_in_text: autoDraw = True
62.8978 	EXP 	fade_in_text: autoDraw = True
62.9145 	EXP 	fade_in_text: autoDraw = True
62.9312 	EXP 	fade_in_text: autoDraw = True
62.9478 	EXP 	fade_in_text: autoDraw = True
62.9645 	EXP 	fade_in_text: autoDraw = True
62.9813 	EXP 	fade_in_text: autoDraw = True
62.9978 	EXP 	fade_in_text: autoDraw = True
63.0145 	EXP 	fade_in_text: autoDraw = True
63.0313 	EXP 	fade_in_text: autoDraw = True
63.0478 	EXP 	fade_in_text: autoDraw = True
63.0646 	EXP 	fade_in_text: autoDraw = True
63.0812 	EXP 	fade_in_text: autoDraw = True
63.0978 	EXP 	fade_in_text: autoDraw = True
63.1145 	EXP 	fade_in_text: autoDraw = True
63.1313 	EXP 	fade_in_text: autoDraw = True
63.1478 	EXP 	fade_in_text: autoDraw = True
63.1645 	EXP 	fade_in_text: autoDraw = True
63.1812 	EXP 	fade_in_text: autoDraw = True
63.1979 	EXP 	fade_in_text: autoDraw = True
63.2145 	EXP 	fade_in_text: autoDraw = True
63.2314 	EXP 	fade_in_text: autoDraw = True
63.2477 	EXP 	fade_in_text: autoDraw = True
63.2646 	EXP 	fade_in_text: autoDraw = True
63.2813 	EXP 	fade_in_text: autoDraw = True
63.2979 	EXP 	fade_in_text: autoDraw = True
63.3145 	EXP 	fade_in_text: autoDraw = True
63.3313 	EXP 	fade_in_text: autoDraw = True
63.3478 	EXP 	fade_in_text: autoDraw = True
63.3647 	EXP 	fade_in_text: autoDraw = True
63.3813 	EXP 	fade_in_text: autoDraw = True
63.3979 	EXP 	fade_in_text: autoDraw = True
63.4145 	EXP 	fade_in_text: autoDraw = True
63.4314 	EXP 	fade_in_text: autoDraw = True
63.4479 	EXP 	fade_in_text: autoDraw = True
63.4647 	EXP 	fade_in_text: autoDraw = True
63.4812 	EXP 	fade_in_text: autoDraw = True
63.4980 	EXP 	fade_in_text: autoDraw = True
63.5143 	EXP 	fade_in_text: autoDraw = True
63.5313 	EXP 	fade_in_text: autoDraw = True
63.5478 	EXP 	fade_in_text: autoDraw = True
63.5645 	EXP 	fade_in_text: autoDraw = True
63.5812 	EXP 	fade_in_text: autoDraw = True
63.5979 	EXP 	fade_in_text: autoDraw = True
63.6145 	EXP 	fade_in_text: autoDraw = True
63.6311 	EXP 	fade_in_text: autoDraw = True
63.6478 	EXP 	fade_in_text: autoDraw = True
63.6645 	EXP 	fade_in_text: autoDraw = True
63.6812 	EXP 	fade_in_text: autoDraw = True
63.6979 	EXP 	fade_in_text: autoDraw = True
63.7145 	EXP 	fade_in_text: autoDraw = True
63.7312 	EXP 	fade_in_text: autoDraw = True
63.7479 	EXP 	fade_in_text: autoDraw = True
63.7645 	EXP 	fade_in_text: autoDraw = True
63.7812 	EXP 	fade_in_text: autoDraw = True
63.7979 	EXP 	fade_in_text: autoDraw = True
63.8147 	EXP 	fade_in_text: autoDraw = True
63.8311 	EXP 	fade_in_text: autoDraw = True
63.8479 	EXP 	fade_in_text: autoDraw = True
63.8646 	EXP 	fade_in_text: autoDraw = True
63.8812 	EXP 	fade_in_text: autoDraw = True
63.8980 	EXP 	fade_in_text: autoDraw = True
63.9147 	EXP 	fade_in_text: autoDraw = True
63.9312 	EXP 	fade_in_text: autoDraw = True
63.9479 	EXP 	fade_in_text: autoDraw = True
63.9646 	EXP 	fade_in_text: autoDraw = True
63.9812 	EXP 	fade_in_text: autoDraw = True
63.9980 	EXP 	fade_in_text: autoDraw = True
64.0147 	EXP 	fade_in_text: autoDraw = True
64.0312 	EXP 	fade_in_text: autoDraw = True
64.0479 	EXP 	fade_in_text: autoDraw = True
64.0646 	EXP 	fade_in_text: autoDraw = True
64.0813 	EXP 	fade_in_text: autoDraw = True
64.0979 	EXP 	fade_in_text: autoDraw = True
64.1146 	EXP 	fade_in_text: autoDraw = True
64.1311 	EXP 	fade_in_text: autoDraw = True
64.1479 	EXP 	fade_in_text: autoDraw = True
64.1646 	EXP 	fade_in_text: autoDraw = True
64.1814 	EXP 	fade_in_text: autoDraw = True
64.1979 	EXP 	fade_in_text: autoDraw = True
64.2147 	EXP 	fade_in_text: autoDraw = True
64.2313 	EXP 	fade_in_text: autoDraw = True
64.2479 	EXP 	fade_in_text: autoDraw = True
64.2646 	EXP 	fade_in_text: autoDraw = True
64.2812 	EXP 	fade_in_text: autoDraw = True
64.2979 	EXP 	fade_in_text: autoDraw = True
64.3146 	EXP 	fade_in_text: autoDraw = True
64.3312 	EXP 	fade_in_text: autoDraw = True
64.3479 	EXP 	fade_in_text: autoDraw = True
64.3646 	EXP 	fade_in_text: autoDraw = True
64.3812 	EXP 	fade_in_text: autoDraw = True
64.3980 	EXP 	fade_in_text: autoDraw = True
64.4145 	EXP 	fade_in_text: autoDraw = True
64.4312 	EXP 	fade_in_text: autoDraw = True
64.4479 	EXP 	fade_in_text: autoDraw = True
64.4646 	EXP 	fade_in_text: autoDraw = True
64.4813 	EXP 	fade_in_text: autoDraw = True
64.4980 	EXP 	fade_in_text: autoDraw = True
64.5145 	EXP 	fade_in_text: autoDraw = True
64.5313 	EXP 	fade_in_text: autoDraw = True
64.5479 	EXP 	fade_in_text: autoDraw = True
64.5646 	EXP 	fade_in_text: autoDraw = True
64.5813 	EXP 	fade_in_text: autoDraw = True
64.5981 	EXP 	fade_in_text: autoDraw = True
64.6145 	EXP 	fade_in_text: autoDraw = True
64.6314 	EXP 	fade_in_text: autoDraw = True
64.6479 	EXP 	fade_in_text: autoDraw = True
64.6646 	EXP 	fade_in_text: autoDraw = True
64.6813 	EXP 	fade_in_text: autoDraw = True
64.6980 	EXP 	fade_in_text: autoDraw = True
64.7145 	EXP 	fade_in_text: autoDraw = True
64.7313 	EXP 	fade_in_text: autoDraw = True
64.7480 	EXP 	fade_in_text: autoDraw = True
64.7646 	EXP 	fade_in_text: autoDraw = True
64.7814 	EXP 	fade_in_text: autoDraw = True
64.7982 	EXP 	fade_in_text: autoDraw = True
64.8147 	EXP 	fade_in_text: autoDraw = True
64.8312 	EXP 	fade_in_text: autoDraw = True
64.8479 	EXP 	fade_in_text: autoDraw = True
64.8646 	EXP 	fade_in_text: autoDraw = True
64.8813 	EXP 	fade_in_text: autoDraw = True
64.8982 	EXP 	fade_in_text: autoDraw = True
64.9146 	EXP 	fade_in_text: autoDraw = True
64.9313 	EXP 	fade_in_text: autoDraw = True
64.9480 	EXP 	fade_in_text: autoDraw = True
64.9646 	EXP 	fade_in_text: autoDraw = True
64.9813 	EXP 	fade_in_text: autoDraw = True
64.9978 	EXP 	fade_in_text: autoDraw = True
65.0145 	EXP 	fade_in_text: autoDraw = True
65.0314 	EXP 	fade_in_text: autoDraw = True
65.0479 	EXP 	fade_in_text: autoDraw = True
65.0646 	EXP 	fade_in_text: autoDraw = True
65.0813 	EXP 	fade_in_text: autoDraw = True
65.0978 	EXP 	fade_in_text: autoDraw = True
65.1145 	EXP 	fade_in_text: autoDraw = True
65.1313 	EXP 	fade_in_text: autoDraw = True
65.1479 	EXP 	fade_in_text: autoDraw = True
65.1646 	EXP 	fade_in_text: autoDraw = True
65.1813 	EXP 	fade_in_text: autoDraw = True
65.1979 	EXP 	fade_in_text: autoDraw = True
65.2146 	EXP 	fade_in_text: autoDraw = True
65.2313 	EXP 	fade_in_text: autoDraw = True
65.2480 	EXP 	fade_in_text: autoDraw = True
65.2646 	EXP 	fade_in_text: autoDraw = True
65.2815 	EXP 	fade_in_text: autoDraw = True
65.2979 	EXP 	fade_in_text: autoDraw = True
65.3146 	EXP 	fade_in_text: autoDraw = True
65.3313 	EXP 	fade_in_text: autoDraw = True
65.3480 	EXP 	fade_in_text: autoDraw = True
65.3646 	EXP 	fade_in_text: autoDraw = True
65.3815 	EXP 	fade_in_text: autoDraw = True
65.3979 	EXP 	fade_in_text: autoDraw = True
65.4147 	EXP 	fade_in_text: autoDraw = True
65.4313 	EXP 	fade_in_text: autoDraw = True
65.4480 	EXP 	fade_in_text: autoDraw = True
65.4647 	EXP 	fade_in_text: autoDraw = True
65.4815 	EXP 	fade_in_text: autoDraw = True
65.4979 	EXP 	fade_in_text: autoDraw = True
65.5146 	EXP 	fade_in_text: autoDraw = True
65.5313 	EXP 	fade_in_text: autoDraw = True
65.5480 	EXP 	fade_in_text: autoDraw = True
65.5646 	EXP 	fade_in_text: autoDraw = True
65.5815 	EXP 	fade_in_text: autoDraw = True
65.5979 	EXP 	fade_in_text: autoDraw = True
65.6147 	EXP 	fade_in_text: autoDraw = True
65.6313 	EXP 	fade_in_text: autoDraw = True
65.6480 	EXP 	fade_in_text: autoDraw = True
65.6647 	EXP 	fade_in_text: autoDraw = True
65.6813 	EXP 	fade_in_text: autoDraw = True
65.6979 	EXP 	fade_in_text: autoDraw = True
65.7146 	EXP 	fade_in_text: autoDraw = True
65.7313 	EXP 	fade_in_text: autoDraw = True
65.7480 	EXP 	fade_in_text: autoDraw = True
65.7647 	EXP 	fade_in_text: autoDraw = True
69.7982 	EXP 	fade_in_text: autoDraw = False
69.7982 	EXP 	RS_intro_title: autoDraw = True
69.7982 	EXP 	RS_intro_text: autoDraw = True
92.8160 	EXP 	RS_intro_title: autoDraw = False
92.8160 	EXP 	RS_intro_text: autoDraw = False
92.8160 	EXP 	RS_intro_title: autoDraw = False
92.8160 	EXP 	RS_intro_text: autoDraw = False
92.8160 	EXP 	RS_rec_text: text = 'Please keep relaxed and close your eyes.\n'
92.8160 	EXP 	RS_rec_text: autoDraw = True
272.8256 	EXP 	RS_rec_text: autoDraw = False
276.2089 	EXP 	RS_rec_text: autoDraw = False
276.2089 	EXP 	RS_intro_title: autoDraw = True
276.2089 	EXP 	RS_intro_text: autoDraw = True
299.2272 	EXP 	RS_intro_title: autoDraw = False
299.2272 	EXP 	RS_intro_text: autoDraw = False
299.2272 	EXP 	RS_intro_title: autoDraw = False
299.2272 	EXP 	RS_intro_text: autoDraw = False
299.2272 	EXP 	RS_rec_text: text = 'Please keep relaxed and open your eyes.\nNote: Blinking is allowed.'
299.2272 	EXP 	RS_rec_text: autoDraw = True
479.2364 	EXP 	RS_rec_text: autoDraw = False
482.6197 	EXP 	RS_rec_text: autoDraw = False
482.6197 	EXP 	Pause_cont: text = 'Press [space] key to continue.'
482.6197 	EXP 	Pause_cont: autoDraw = True
497.3843 	DATA 	Keypress: space
500.4375 	EXP 	Pause_cont: autoDraw = False
500.4375 	EXP 	QA_intro_title: autoDraw = True
500.4375 	EXP 	QA_intro_text: autoDraw = True
539.8063 	EXP 	QA_intro_cont: autoDraw = True
540.4396 	EXP 	QA_intro_title: autoDraw = False
540.4396 	EXP 	QA_intro_text: autoDraw = False
542.5180 	DATA 	Keypress: space
543.5263 	EXP 	Created sequence: random, trialTypes=1, nReps=2, seed=None
543.5265 	EXP 	New trial (rep=0, index=0): None
544.5295 	EXP 	Created sequence: random, trialTypes=1, nReps=25, seed=None
544.5305 	EXP 	New trial (rep=0, index=0): None
545.5732 	EXP 	QA_intro_title: autoDraw = False
545.5732 	EXP 	QA_intro_text: autoDraw = False
545.5732 	EXP 	QA_intro_cont: autoDraw = False
545.5732 	EXP 	QA_rec_text: autoDraw = True
563.5576 	EXP 	QA_rec_break: autoDraw = True
564.5576 	EXP 	QA_rec_break: autoDraw = False
565.5801 	EXP 	New trial (rep=1, index=0): None
566.6251 	EXP 	QA_rec_text: autoDraw = False
566.6251 	EXP 	QA_rec_break: autoDraw = False
566.6251 	EXP 	QA_rec_text: autoDraw = True
584.5919 	EXP 	QA_rec_break: autoDraw = True
585.5921 	EXP 	QA_rec_break: autoDraw = False
586.6132 	EXP 	New trial (rep=2, index=0): None
587.6587 	EXP 	QA_rec_text: autoDraw = False
587.6587 	EXP 	QA_rec_break: autoDraw = False
587.6587 	EXP 	QA_rec_text: autoDraw = True
605.6264 	EXP 	QA_rec_break: autoDraw = True
606.6265 	EXP 	QA_rec_break: autoDraw = False
607.6476 	EXP 	New trial (rep=3, index=0): None
608.6934 	EXP 	QA_rec_text: autoDraw = False
608.6934 	EXP 	QA_rec_break: autoDraw = False
608.6934 	EXP 	QA_rec_text: autoDraw = True
626.6609 	EXP 	QA_rec_break: autoDraw = True
627.6610 	EXP 	QA_rec_break: autoDraw = False
628.6821 	EXP 	New trial (rep=4, index=0): None
629.7278 	EXP 	QA_rec_text: autoDraw = False
629.7278 	EXP 	QA_rec_break: autoDraw = False
629.7278 	EXP 	QA_rec_text: autoDraw = True
647.7120 	EXP 	QA_rec_break: autoDraw = True
648.7121 	EXP 	QA_rec_break: autoDraw = False
649.7172 	EXP 	New trial (rep=5, index=0): None
650.7625 	EXP 	QA_rec_text: autoDraw = False
650.7625 	EXP 	QA_rec_break: autoDraw = False
650.7625 	EXP 	QA_rec_text: autoDraw = True
668.7464 	EXP 	QA_rec_break: autoDraw = True
669.7465 	EXP 	QA_rec_break: autoDraw = False
670.7522 	EXP 	New trial (rep=6, index=0): None
671.7970 	EXP 	QA_rec_text: autoDraw = False
671.7970 	EXP 	QA_rec_break: autoDraw = False
671.7970 	EXP 	QA_rec_text: autoDraw = True
689.7642 	EXP 	QA_rec_break: autoDraw = True
690.7643 	EXP 	QA_rec_break: autoDraw = False
691.7856 	EXP 	New trial (rep=7, index=0): None
692.8147 	EXP 	QA_rec_text: autoDraw = False
692.8147 	EXP 	QA_rec_break: autoDraw = False
692.8147 	EXP 	QA_rec_text: autoDraw = True
710.7986 	EXP 	QA_rec_break: autoDraw = True
711.7987 	EXP 	QA_rec_break: autoDraw = False
712.8037 	EXP 	New trial (rep=8, index=0): None
713.8487 	EXP 	QA_rec_text: autoDraw = False
713.8487 	EXP 	QA_rec_break: autoDraw = False
713.8487 	EXP 	QA_rec_text: autoDraw = True
731.8328 	EXP 	QA_rec_break: autoDraw = True
732.8329 	EXP 	QA_rec_break: autoDraw = False
733.8391 	EXP 	New trial (rep=9, index=0): None
734.8830 	EXP 	QA_rec_text: autoDraw = False
734.8830 	EXP 	QA_rec_break: autoDraw = False
734.8830 	EXP 	QA_rec_text: autoDraw = True
752.8506 	EXP 	QA_rec_break: autoDraw = True
753.8507 	EXP 	QA_rec_break: autoDraw = False
754.8718 	EXP 	New trial (rep=10, index=0): None
755.9013 	EXP 	QA_rec_text: autoDraw = False
755.9013 	EXP 	QA_rec_break: autoDraw = False
755.9013 	EXP 	QA_rec_text: autoDraw = True
773.8850 	EXP 	QA_rec_break: autoDraw = True
774.8851 	EXP 	QA_rec_break: autoDraw = False
775.8903 	EXP 	New trial (rep=11, index=0): None
776.9353 	EXP 	QA_rec_text: autoDraw = False
776.9353 	EXP 	QA_rec_break: autoDraw = False
776.9353 	EXP 	QA_rec_text: autoDraw = True
794.9196 	EXP 	QA_rec_break: autoDraw = True
795.9201 	EXP 	QA_rec_break: autoDraw = False
796.9300 	EXP 	New trial (rep=12, index=0): None
797.9707 	EXP 	QA_rec_text: autoDraw = False
797.9707 	EXP 	QA_rec_break: autoDraw = False
797.9707 	EXP 	QA_rec_text: autoDraw = True
815.9539 	EXP 	QA_rec_break: autoDraw = True
816.9539 	EXP 	QA_rec_break: autoDraw = False
817.9590 	EXP 	New trial (rep=13, index=0): None
818.9875 	EXP 	QA_rec_text: autoDraw = False
818.9875 	EXP 	QA_rec_break: autoDraw = False
818.9875 	EXP 	QA_rec_text: autoDraw = True
836.9552 	EXP 	QA_rec_break: autoDraw = True
837.9552 	EXP 	QA_rec_break: autoDraw = False
838.9772 	EXP 	New trial (rep=14, index=0): None
840.0226 	EXP 	QA_rec_text: autoDraw = False
840.0226 	EXP 	QA_rec_break: autoDraw = False
840.0226 	EXP 	QA_rec_text: autoDraw = True
857.9897 	EXP 	QA_rec_break: autoDraw = True
858.9898 	EXP 	QA_rec_break: autoDraw = False
860.0114 	EXP 	New trial (rep=15, index=0): None
861.0565 	EXP 	QA_rec_text: autoDraw = False
861.0565 	EXP 	QA_rec_break: autoDraw = False
861.0565 	EXP 	QA_rec_text: autoDraw = True
879.0241 	EXP 	QA_rec_break: autoDraw = True
880.0242 	EXP 	QA_rec_break: autoDraw = False
881.0454 	EXP 	New trial (rep=16, index=0): None
882.0741 	EXP 	QA_rec_text: autoDraw = False
882.0741 	EXP 	QA_rec_break: autoDraw = False
882.0741 	EXP 	QA_rec_text: autoDraw = True
900.0583 	EXP 	QA_rec_break: autoDraw = True
901.0584 	EXP 	QA_rec_break: autoDraw = False
902.0646 	EXP 	New trial (rep=17, index=0): None
903.1255 	EXP 	QA_rec_text: autoDraw = False
903.1255 	EXP 	QA_rec_break: autoDraw = False
903.1255 	EXP 	QA_rec_text: autoDraw = True
921.0930 	EXP 	QA_rec_break: autoDraw = True
922.0930 	EXP 	QA_rec_break: autoDraw = False
923.1147 	EXP 	New trial (rep=18, index=0): None
924.1601 	EXP 	QA_rec_text: autoDraw = False
924.1601 	EXP 	QA_rec_break: autoDraw = False
924.1601 	EXP 	QA_rec_text: autoDraw = True
942.1440 	EXP 	QA_rec_break: autoDraw = True
943.1441 	EXP 	QA_rec_break: autoDraw = False
944.1492 	EXP 	New trial (rep=19, index=0): None
945.1940 	EXP 	QA_rec_text: autoDraw = False
945.1940 	EXP 	QA_rec_break: autoDraw = False
945.1940 	EXP 	QA_rec_text: autoDraw = True
963.1785 	EXP 	QA_rec_break: autoDraw = True
964.1786 	EXP 	QA_rec_break: autoDraw = False
965.1836 	EXP 	New trial (rep=20, index=0): None
966.2287 	EXP 	QA_rec_text: autoDraw = False
966.2287 	EXP 	QA_rec_break: autoDraw = False
966.2287 	EXP 	QA_rec_text: autoDraw = True
984.1963 	EXP 	QA_rec_break: autoDraw = True
985.1963 	EXP 	QA_rec_break: autoDraw = False
986.2177 	EXP 	New trial (rep=21, index=0): None
987.2631 	EXP 	QA_rec_text: autoDraw = False
987.2631 	EXP 	QA_rec_break: autoDraw = False
987.2631 	EXP 	QA_rec_text: autoDraw = True
1005.2474 	EXP 	QA_rec_break: autoDraw = True
1006.2474 	EXP 	QA_rec_break: autoDraw = False
1007.2525 	EXP 	New trial (rep=22, index=0): None
1008.2974 	EXP 	QA_rec_text: autoDraw = False
1008.2974 	EXP 	QA_rec_break: autoDraw = False
1008.2974 	EXP 	QA_rec_text: autoDraw = True
1026.2652 	EXP 	QA_rec_break: autoDraw = True
1027.2652 	EXP 	QA_rec_break: autoDraw = False
1028.2867 	EXP 	New trial (rep=23, index=0): None
1029.3318 	EXP 	QA_rec_text: autoDraw = False
1029.3318 	EXP 	QA_rec_break: autoDraw = False
1029.3318 	EXP 	QA_rec_text: autoDraw = True
1047.3159 	EXP 	QA_rec_break: autoDraw = True
1049.3209 	EXP 	New trial (rep=24, index=0): None
1050.3668 	EXP 	QA_rec_text: autoDraw = False
1050.3668 	EXP 	QA_rec_break: autoDraw = False
1050.3668 	EXP 	QA_rec_text: autoDraw = True
1068.3672 	EXP 	QA_rec_break: autoDraw = True
1072.4174 	EXP 	QA_rec_text: autoDraw = False
1072.4174 	EXP 	QA_rec_break: autoDraw = False
1072.4174 	EXP 	Pause_cont: text = 'Press [space] key to continue.'
1072.4174 	EXP 	Pause_cont: autoDraw = True
1274.3452 	DATA 	Keypress: space
1275.4137 	EXP 	New trial (rep=1, index=0): None
1276.4170 	EXP 	Created sequence: random, trialTypes=1, nReps=25, seed=None
1276.4179 	EXP 	New trial (rep=0, index=0): None
1277.4796 	EXP 	Pause_cont: autoDraw = False
1277.4796 	EXP 	QA_rec_text: autoDraw = True
1295.4790 	EXP 	QA_rec_break: autoDraw = True
1297.4851 	EXP 	New trial (rep=1, index=0): None
1298.5459 	EXP 	QA_rec_text: autoDraw = False
1298.5459 	EXP 	QA_rec_break: autoDraw = False
1298.5459 	EXP 	QA_rec_text: autoDraw = True
1316.5467 	EXP 	QA_rec_break: autoDraw = True
1318.5180 	EXP 	New trial (rep=2, index=0): None
1319.6970 	EXP 	QA_rec_text: autoDraw = False
1319.6970 	EXP 	QA_rec_break: autoDraw = False
1319.6970 	EXP 	QA_rec_text: autoDraw = True
1337.6978 	EXP 	QA_rec_break: autoDraw = True
1339.6693 	EXP 	New trial (rep=3, index=0): None
1340.7146 	EXP 	QA_rec_text: autoDraw = False
1340.7146 	EXP 	QA_rec_break: autoDraw = False
1340.7146 	EXP 	QA_rec_text: autoDraw = True
1358.7157 	EXP 	QA_rec_break: autoDraw = True
1360.7204 	EXP 	New trial (rep=4, index=0): None
1361.7658 	EXP 	QA_rec_text: autoDraw = False
1361.7658 	EXP 	QA_rec_break: autoDraw = False
1361.7658 	EXP 	QA_rec_text: autoDraw = True
1379.7334 	EXP 	QA_rec_break: autoDraw = True
1381.7379 	EXP 	New trial (rep=5, index=0): None
1382.8005 	EXP 	QA_rec_text: autoDraw = False
1382.8005 	EXP 	QA_rec_break: autoDraw = False
1382.8005 	EXP 	QA_rec_text: autoDraw = True
1400.8012 	EXP 	QA_rec_break: autoDraw = True
1402.7732 	EXP 	New trial (rep=6, index=0): None
1403.8186 	EXP 	QA_rec_text: autoDraw = False
1403.8186 	EXP 	QA_rec_break: autoDraw = False
1403.8186 	EXP 	QA_rec_text: autoDraw = True
1421.7856 	EXP 	QA_rec_break: autoDraw = True
1423.7908 	EXP 	New trial (rep=7, index=0): None
1424.8374 	EXP 	QA_rec_text: autoDraw = False
1424.8374 	EXP 	QA_rec_break: autoDraw = False
1424.8374 	EXP 	QA_rec_text: autoDraw = True
1442.8366 	EXP 	QA_rec_break: autoDraw = True
1444.8413 	EXP 	New trial (rep=8, index=0): None
1445.9050 	EXP 	QA_rec_text: autoDraw = False
1445.9050 	EXP 	QA_rec_break: autoDraw = False
1445.9050 	EXP 	QA_rec_text: autoDraw = True
1463.9044 	EXP 	QA_rec_break: autoDraw = True
1465.9092 	EXP 	New trial (rep=9, index=0): None
1466.9714 	EXP 	QA_rec_text: autoDraw = False
1466.9714 	EXP 	QA_rec_break: autoDraw = False
1466.9714 	EXP 	QA_rec_text: autoDraw = True
1484.9722 	EXP 	QA_rec_break: autoDraw = True
1486.9442 	EXP 	New trial (rep=10, index=0): None
1488.0074 	EXP 	QA_rec_text: autoDraw = False
1488.0074 	EXP 	QA_rec_break: autoDraw = False
1488.0074 	EXP 	QA_rec_text: autoDraw = True
1505.9733 	EXP 	QA_rec_break: autoDraw = True
1507.9776 	EXP 	New trial (rep=11, index=0): None
1509.0241 	EXP 	QA_rec_text: autoDraw = False
1509.0241 	EXP 	QA_rec_break: autoDraw = False
1509.0241 	EXP 	QA_rec_text: autoDraw = True
1526.9911 	EXP 	QA_rec_break: autoDraw = True
1528.9956 	EXP 	New trial (rep=12, index=0): None
1530.0580 	EXP 	QA_rec_text: autoDraw = False
1530.0580 	EXP 	QA_rec_break: autoDraw = False
1530.0580 	EXP 	QA_rec_text: autoDraw = True
1548.0255 	EXP 	QA_rec_break: autoDraw = True
1550.0301 	EXP 	New trial (rep=13, index=0): None
1551.0930 	EXP 	QA_rec_text: autoDraw = False
1551.0930 	EXP 	QA_rec_break: autoDraw = False
1551.0930 	EXP 	QA_rec_text: autoDraw = True
1569.0599 	EXP 	QA_rec_break: autoDraw = True
1571.0670 	EXP 	New trial (rep=14, index=0): None
1572.1274 	EXP 	QA_rec_text: autoDraw = False
1572.1274 	EXP 	QA_rec_break: autoDraw = False
1572.1274 	EXP 	QA_rec_text: autoDraw = True
1590.1277 	EXP 	QA_rec_break: autoDraw = True
1592.0998 	EXP 	New trial (rep=15, index=0): None
1593.1616 	EXP 	QA_rec_text: autoDraw = False
1593.1616 	EXP 	QA_rec_break: autoDraw = False
1593.1616 	EXP 	QA_rec_text: autoDraw = True
1611.1621 	EXP 	QA_rec_break: autoDraw = True
1613.1667 	EXP 	New trial (rep=16, index=0): None
1614.2132 	EXP 	QA_rec_text: autoDraw = False
1614.2132 	EXP 	QA_rec_break: autoDraw = False
1614.2132 	EXP 	QA_rec_text: autoDraw = True
1632.2132 	EXP 	QA_rec_break: autoDraw = True
1634.1853 	EXP 	New trial (rep=17, index=0): None
1635.2468 	EXP 	QA_rec_text: autoDraw = False
1635.2468 	EXP 	QA_rec_break: autoDraw = False
1635.2468 	EXP 	QA_rec_text: autoDraw = True
1653.2143 	EXP 	QA_rec_break: autoDraw = True
1655.2193 	EXP 	New trial (rep=18, index=0): None
1656.2823 	EXP 	QA_rec_text: autoDraw = False
1656.2823 	EXP 	QA_rec_break: autoDraw = False
1656.2823 	EXP 	QA_rec_text: autoDraw = True
1674.2821 	EXP 	QA_rec_break: autoDraw = True
1676.2860 	EXP 	New trial (rep=19, index=0): None
1677.3496 	EXP 	QA_rec_text: autoDraw = False
1677.3496 	EXP 	QA_rec_break: autoDraw = False
1677.3496 	EXP 	QA_rec_text: autoDraw = True
1695.3499 	EXP 	QA_rec_break: autoDraw = True
1697.3215 	EXP 	New trial (rep=20, index=0): None
1698.3840 	EXP 	QA_rec_text: autoDraw = False
1698.3840 	EXP 	QA_rec_break: autoDraw = False
1698.3840 	EXP 	QA_rec_text: autoDraw = True
1716.3843 	EXP 	QA_rec_break: autoDraw = True
1718.3549 	EXP 	New trial (rep=21, index=0): None
1719.4178 	EXP 	QA_rec_text: autoDraw = False
1719.4178 	EXP 	QA_rec_break: autoDraw = False
1719.4178 	EXP 	QA_rec_text: autoDraw = True
1737.4187 	EXP 	QA_rec_break: autoDraw = True
1739.3899 	EXP 	New trial (rep=22, index=0): None
1740.4376 	EXP 	QA_rec_text: autoDraw = False
1740.4376 	EXP 	QA_rec_break: autoDraw = False
1740.4376 	EXP 	QA_rec_text: autoDraw = True
1758.4365 	EXP 	QA_rec_break: autoDraw = True
1760.4411 	EXP 	New trial (rep=23, index=0): None
1761.5039 	EXP 	QA_rec_text: autoDraw = False
1761.5039 	EXP 	QA_rec_break: autoDraw = False
1761.5039 	EXP 	QA_rec_text: autoDraw = True
1779.4709 	EXP 	QA_rec_break: autoDraw = True
1781.4755 	EXP 	New trial (rep=24, index=0): None
1782.5379 	EXP 	QA_rec_text: autoDraw = False
1782.5379 	EXP 	QA_rec_break: autoDraw = False
1782.5379 	EXP 	QA_rec_text: autoDraw = True
1800.5387 	EXP 	QA_rec_break: autoDraw = True
1804.5555 	EXP 	QA_rec_text: autoDraw = False
1804.5555 	EXP 	QA_rec_break: autoDraw = False
1804.5555 	EXP 	Pause_cont: text = 'Press [space] key to continue.'
1804.5555 	EXP 	Pause_cont: autoDraw = True
1809.7280 	EXP 	window1: mouseVisible = True
