33.0949 	EXP 	Created instruction_text = TextStim(__class__=<class 'psychopy.visual.text.TextStim'>, alignHoriz='center', alignVert='center', antialias=True, autoLog=True, bold=False, color=array([1., 1., 1.]), colorSpace='rgb', contrast=1.0, depth=-0.0, flipHoriz=False, flipVert=False, font='Arial', fontFiles=[], height=0.06, italic=False, languageStyle='LTR', name='instruction_text', opacity=1.0, ori=0.0, pos=array([0.5, 0.1]), rgb=array([1., 1., 1.]), text=str(...), units='norm', win=Window(...), wrapWidth=1)
33.3535 	EXP 	Created instruction_cont = TextStim(__class__=<class 'psychopy.visual.text.TextStim'>, alignHoriz='center', alignVert='center', antialias=True, autoLog=True, bold=False, color=array([1., 1., 1.]), colorSpace='rgb', contrast=1.0, depth=-3.0, flipHoriz=False, flipVert=False, font='Arial', fontFiles=[], height=0.06, italic=False, languageStyle='LTR', name='instruction_cont', opacity=1.0, ori=0.0, pos=array([ 0.5, -0.4]), rgb=array([1., 1., 1.]), text='          Press [space] key to continue.', units='norm', win=Window(...), wrapWidth=1)
33.3558 	EXP 	Created Artifact_intro_title = TextStim(__class__=<class 'psychopy.visual.text.TextStim'>, alignHoriz='center', alignVert='center', antialias=True, autoLog=True, bold=False, color=array([1., 1., 1.]), colorSpace='rgb', contrast=1.0, depth=-0.0, flipHoriz=False, flipVert=False, font='Arial', fontFiles=[], height=0.06, italic=False, languageStyle='LTR', name='Artifact_intro_title', opacity=1.0, ori=0.0, pos=array([0.5, 0.4]), rgb=array([1., 1., 1.]), text='Muscular signal recording', units='norm', win=Window(...), wrapWidth=1)
33.3605 	EXP 	Created Artifact_intro_text = TextStim(__class__=<class 'psychopy.visual.text.TextStim'>, alignHoriz='center', alignVert='center', antialias=True, autoLog=True, bold=False, color=array([1., 1., 1.]), colorSpace='rgb', contrast=1.0, depth=-1.0, flipHoriz=False, flipVert=False, font='Arial', fontFiles=[], height=0.06, italic=False, languageStyle='LTR', name='Artifact_intro_text', opacity=1.0, ori=0.0, pos=array([0.5, 0. ]), rgb=array([1., 1., 1.]), text=str(...), units='norm', win=Window(...), wrapWidth=1)
33.3683 	EXP 	Created Artifact_intro_cont = TextStim(__class__=<class 'psychopy.visual.text.TextStim'>, alignHoriz='center', alignVert='center', antialias=True, autoLog=True, bold=False, color=array([1., 1., 1.]), colorSpace='rgb', contrast=1.0, depth=-4.0, flipHoriz=False, flipVert=False, font='Arial', fontFiles=[], height=0.06, italic=False, languageStyle='LTR', name='Artifact_intro_cont', opacity=1.0, ori=0.0, pos=array([0.5, 0. ]), rgb=array([1., 1., 1.]), text='          Press [space] key to continue.', units='norm', win=Window(...), wrapWidth=1)
33.3687 	EXP 	Created Artifact_rec_text = TextStim(__class__=<class 'psychopy.visual.text.TextStim'>, alignHoriz='center', alignVert='center', antialias=True, autoLog=True, bold=False, color=array([1., 1., 1.]), colorSpace='rgb', contrast=1.0, depth=-0.0, flipHoriz=False, flipVert=False, font='Arial', fontFiles=[], height=0.06, italic=False, languageStyle='LTR', name='Artifact_rec_text', opacity=1.0, ori=0.0, pos=array([0.5, 0.4]), rgb=array([1., 1., 1.]), text='', units='norm', win=Window(...), wrapWidth=1)
33.3701 	EXP 	Created Artifact_rec_recording = TextStim(__class__=<class 'psychopy.visual.text.TextStim'>, alignHoriz='center', alignVert='center', antialias=True, autoLog=True, bold=False, color=array([1., 1., 1.]), colorSpace='rgb', contrast=1.0, depth=-4.0, flipHoriz=False, flipVert=False, font='Arial', fontFiles=[], height=0.06, italic=False, languageStyle='LTR', name='Artifact_rec_recording', opacity=1.0, ori=0.0, pos=array([ 0.5, -0.4]), rgb=array([1., 1., 1.]), text='', units='norm', win=Window(...), wrapWidth=1)
33.3722 	EXP 	Created Artifact_rec_break = TextStim(__class__=<class 'psychopy.visual.text.TextStim'>, alignHoriz='center', alignVert='center', antialias=True, autoLog=True, bold=False, color=array([1., 1., 1.]), colorSpace='rgb', contrast=1.0, depth=-6.0, flipHoriz=False, flipVert=False, font='Arial', fontFiles=[], height=0.06, italic=False, languageStyle='LTR', name='Artifact_rec_break', opacity=1.0, ori=0.0, pos=array([ 0.5, -0.4]), rgb=array([1., 1., 1.]), text='Short break', units='norm', win=Window(...), wrapWidth=1)
33.3763 	EXP 	Created Cali_de_pre_intro_title = TextStim(__class__=<class 'psychopy.visual.text.TextStim'>, alignHoriz='center', alignVert='center', antialias=True, autoLog=True, bold=False, color=array([1., 1., 1.]), colorSpace='rgb', contrast=1.0, depth=-0.0, flipHoriz=False, flipVert=False, font='Arial', fontFiles=[], height=0.06, italic=False, languageStyle='LTR', name='Cali_de_pre_intro_title', opacity=1.0, ori=0.0, pos=array([0.5, 0.4]), rgb=array([1., 1., 1.]), text='READ OUT BLOCK (GERMAN)', units='norm', win=Window(...), wrapWidth=1)
33.3837 	EXP 	Created Cali_de_pre_intro_text = TextStim(__class__=<class 'psychopy.visual.text.TextStim'>, alignHoriz='center', alignVert='center', antialias=True, autoLog=True, bold=False, color=array([1., 1., 1.]), colorSpace='rgb', contrast=1.0, depth=-1.0, flipHoriz=False, flipVert=False, font='Arial', fontFiles=[], height=0.06, italic=False, languageStyle='LTR', name='Cali_de_pre_intro_text', opacity=1.0, ori=0.0, pos=array([0.5, 0. ]), rgb=array([1., 1., 1.]), text=str(...), units='norm', win=Window(...), wrapWidth=1)
33.3883 	EXP 	Created Cali_de_pre_intro_cont = TextStim(__class__=<class 'psychopy.visual.text.TextStim'>, alignHoriz='center', alignVert='center', antialias=True, autoLog=True, bold=False, color=array([1., 1., 1.]), colorSpace='rgb', contrast=1.0, depth=-4.0, flipHoriz=False, flipVert=False, font='Arial', fontFiles=[], height=0.06, italic=False, languageStyle='LTR', name='Cali_de_pre_intro_cont', opacity=1.0, ori=0.0, pos=array([0.5, 0. ]), rgb=array([1., 1., 1.]), text='          Press [space] key to continue.', units='norm', win=Window(...), wrapWidth=1)
33.3887 	EXP 	Created Cali_de_pre_rec_text = TextStim(__class__=<class 'psychopy.visual.text.TextStim'>, alignHoriz='center', alignVert='center', antialias=True, autoLog=True, bold=False, color=array([1., 1., 1.]), colorSpace='rgb', contrast=1.0, depth=-0.0, flipHoriz=False, flipVert=False, font='Arial', fontFiles=[], height=0.06, italic=False, languageStyle='LTR', name='Cali_de_pre_rec_text', opacity=1.0, ori=0.0, pos=array([0.5, 0.4]), rgb=array([1., 1., 1.]), text='', units='norm', win=Window(...), wrapWidth=1)
33.3895 	EXP 	Created Cali_de_pre_rec_question_text = TextStim(__class__=<class 'psychopy.visual.text.TextStim'>, alignHoriz='center', alignVert='center', antialias=True, autoLog=True, bold=False, color=array([1., 1., 1.]), colorSpace='rgb', contrast=1.0, depth=-2.0, flipHoriz=False, flipVert=False, font='Arial', fontFiles=[], height=0.06, italic=False, languageStyle='LTR', name='Cali_de_pre_rec_question_text', opacity=1.0, ori=0.0, pos=array([0.5, 0. ]), rgb=array([1., 1., 1.]), text='', units='norm', win=Window(...), wrapWidth=1)
33.3917 	EXP 	Created Cali_de_pre_rec_break = TextStim(__class__=<class 'psychopy.visual.text.TextStim'>, alignHoriz='center', alignVert='center', antialias=True, autoLog=True, bold=False, color=array([1., 1., 1.]), colorSpace='rgb', contrast=1.0, depth=-6.0, flipHoriz=False, flipVert=False, font='Arial', fontFiles=[], height=0.06, italic=False, languageStyle='LTR', name='Cali_de_pre_rec_break', opacity=1.0, ori=0.0, pos=array([ 0.5, -0.4]), rgb=array([1., 1., 1.]), text='Short break', units='norm', win=Window(...), wrapWidth=1)
33.3921 	EXP 	Created fade_in_text = TextStim(__class__=<class 'psychopy.visual.text.TextStim'>, alignHoriz='center', alignVert='center', antialias=True, autoLog=True, bold=False, color=array([1., 1., 1.]), colorSpace='rgb', contrast=1.0, depth=-0.0, flipHoriz=False, flipVert=False, font='Arial', fontFiles=[], height=0.06, italic=False, languageStyle='LTR', name='fade_in_text', opacity=1.0, ori=0.0, pos=array([0.5, 0.4]), rgb=array([1., 1., 1.]), text='', units='norm', win=Window(...), wrapWidth=1)
33.3941 	EXP 	Created RS_intro_title = TextStim(__class__=<class 'psychopy.visual.text.TextStim'>, alignHoriz='center', alignVert='center', antialias=True, autoLog=True, bold=False, color=array([1., 1., 1.]), colorSpace='rgb', contrast=1.0, depth=-0.0, flipHoriz=False, flipVert=False, font='Arial', fontFiles=[], height=0.06, italic=False, languageStyle='LTR', name='RS_intro_title', opacity=1.0, ori=0.0, pos=array([0.5, 0.4]), rgb=array([1., 1., 1.]), text='REST STATE BLOCK', units='norm', win=Window(...), wrapWidth=1)
33.4001 	EXP 	Created RS_intro_text = TextStim(__class__=<class 'psychopy.visual.text.TextStim'>, alignHoriz='center', alignVert='center', antialias=True, autoLog=True, bold=False, color=array([1., 1., 1.]), colorSpace='rgb', contrast=1.0, depth=-1.0, flipHoriz=False, flipVert=False, font='Arial', fontFiles=[], height=0.06, italic=False, languageStyle='LTR', name='RS_intro_text', opacity=1.0, ori=0.0, pos=array([0.5, 0. ]), rgb=array([1., 1., 1.]), text=str(...), units='norm', win=Window(...), wrapWidth=1)
33.4050 	EXP 	Created RS_rec_text = TextStim(__class__=<class 'psychopy.visual.text.TextStim'>, alignHoriz='center', alignVert='center', antialias=True, autoLog=True, bold=False, color=array([1., 1., 1.]), colorSpace='rgb', contrast=1.0, depth=-0.0, flipHoriz=False, flipVert=False, font='Arial', fontFiles=[], height=0.06, italic=False, languageStyle='LTR', name='RS_rec_text', opacity=1.0, ori=0.0, pos=array([0.5, 0. ]), rgb=array([1., 1., 1.]), text=str(...), units='norm', win=Window(...), wrapWidth=1)
33.4073 	EXP 	Created QA_intro_title = TextStim(__class__=<class 'psychopy.visual.text.TextStim'>, alignHoriz='center', alignVert='center', antialias=True, autoLog=True, bold=False, color=array([1., 1., 1.]), colorSpace='rgb', contrast=1.0, depth=-0.0, flipHoriz=False, flipVert=False, font='Arial', fontFiles=[], height=0.06, italic=False, languageStyle='LTR', name='QA_intro_title', opacity=1.0, ori=0.0, pos=array([0.5, 0.5]), rgb=array([1., 1., 1.]), text='Q&A BLOCK', units='norm', win=Window(...), wrapWidth=1)
33.4163 	EXP 	Created QA_intro_text = TextStim(__class__=<class 'psychopy.visual.text.TextStim'>, alignHoriz='center', alignVert='center', antialias=True, autoLog=True, bold=False, color=array([1., 1., 1.]), colorSpace='rgb', contrast=1.0, depth=-1.0, flipHoriz=False, flipVert=False, font='Arial', fontFiles=[], height=0.06, italic=False, languageStyle='LTR', name='QA_intro_text', opacity=1.0, ori=0.0, pos=array([0.5, 0. ]), rgb=array([1., 1., 1.]), text=str(...), units='norm', win=Window(...), wrapWidth=1)
33.4205 	EXP 	Created QA_intro_cont = TextStim(__class__=<class 'psychopy.visual.text.TextStim'>, alignHoriz='center', alignVert='center', antialias=True, autoLog=True, bold=False, color=array([1., 1., 1.]), colorSpace='rgb', contrast=1.0, depth=-4.0, flipHoriz=False, flipVert=False, font='Arial', fontFiles=[], height=0.06, italic=False, languageStyle='LTR', name='QA_intro_cont', opacity=1.0, ori=0.0, pos=array([0.5, 0. ]), rgb=array([1., 1., 1.]), text='          Press [space] key to continue.', units='norm', win=Window(...), wrapWidth=1)
33.4235 	EXP 	Created QA_rec_text = TextStim(__class__=<class 'psychopy.visual.text.TextStim'>, alignHoriz='center', alignVert='center', antialias=True, autoLog=True, bold=False, color=array([1., 1., 1.]), colorSpace='rgb', contrast=1.0, depth=-0.0, flipHoriz=False, flipVert=False, font='Arial', fontFiles=[], height=0.06, italic=False, languageStyle='LTR', name='QA_rec_text', opacity=1.0, ori=0.0, pos=array([0.5, 0. ]), rgb=array([1., 1., 1.]), text=str(...), units='norm', win=Window(...), wrapWidth=1)
33.4274 	EXP 	Created QA_rec_break = TextStim(__class__=<class 'psychopy.visual.text.TextStim'>, alignHoriz='center', alignVert='center', antialias=True, autoLog=True, bold=False, color=array([1., 1., 1.]), colorSpace='rgb', contrast=1.0, depth=-6.0, flipHoriz=False, flipVert=False, font='Arial', fontFiles=[], height=0.06, italic=False, languageStyle='LTR', name='QA_rec_break', opacity=1.0, ori=0.0, pos=array([ 0.5, -0.4]), rgb=array([1., 1., 1.]), text='Short break', units='norm', win=Window(...), wrapWidth=1)
33.4316 	EXP 	Created Pause_cont = TextStim(__class__=<class 'psychopy.visual.text.TextStim'>, alignHoriz='center', alignVert='center', antialias=True, autoLog=True, bold=False, color=array([1., 1., 1.]), colorSpace='rgb', contrast=1.0, depth=-2.0, flipHoriz=False, flipVert=False, font='Arial', fontFiles=[], height=0.06, italic=False, languageStyle='LTR', name='Pause_cont', opacity=1.0, ori=0.0, pos=array([0.5, 0. ]), rgb=array([1., 1., 1.]), text=str(...), units='norm', win=Window(...), wrapWidth=1)
33.4337 	EXP 	Created Cali_de_post_intro_title = TextStim(__class__=<class 'psychopy.visual.text.TextStim'>, alignHoriz='center', alignVert='center', antialias=True, autoLog=True, bold=False, color=array([1., 1., 1.]), colorSpace='rgb', contrast=1.0, depth=-0.0, flipHoriz=False, flipVert=False, font='Arial', fontFiles=[], height=0.06, italic=False, languageStyle='LTR', name='Cali_de_post_intro_title', opacity=1.0, ori=0.0, pos=array([0.5, 0.4]), rgb=array([1., 1., 1.]), text='READ OUT BLOCK (GERMAN)', units='norm', win=Window(...), wrapWidth=1)
33.4757 	EXP 	Created Cali_de_post_intro_text = TextStim(__class__=<class 'psychopy.visual.text.TextStim'>, alignHoriz='center', alignVert='center', antialias=True, autoLog=True, bold=False, color=array([1., 1., 1.]), colorSpace='rgb', contrast=1.0, depth=-1.0, flipHoriz=False, flipVert=False, font='Arial', fontFiles=[], height=0.06, italic=False, languageStyle='LTR', name='Cali_de_post_intro_text', opacity=1.0, ori=0.0, pos=array([0.5, 0. ]), rgb=array([1., 1., 1.]), text=str(...), units='norm', win=Window(...), wrapWidth=1)
33.4807 	EXP 	Created Cali_de_post_intro_cont = TextStim(__class__=<class 'psychopy.visual.text.TextStim'>, alignHoriz='center', alignVert='center', antialias=True, autoLog=True, bold=False, color=array([1., 1., 1.]), colorSpace='rgb', contrast=1.0, depth=-4.0, flipHoriz=False, flipVert=False, font='Arial', fontFiles=[], height=0.06, italic=False, languageStyle='LTR', name='Cali_de_post_intro_cont', opacity=1.0, ori=0.0, pos=array([0.5, 0. ]), rgb=array([1., 1., 1.]), text='          Press [space] key to continue.', units='norm', win=Window(...), wrapWidth=1)
33.4811 	EXP 	Created Cali_de_post_rec_text = TextStim(__class__=<class 'psychopy.visual.text.TextStim'>, alignHoriz='center', alignVert='center', antialias=True, autoLog=True, bold=False, color=array([1., 1., 1.]), colorSpace='rgb', contrast=1.0, depth=-0.0, flipHoriz=False, flipVert=False, font='Arial', fontFiles=[], height=0.06, italic=False, languageStyle='LTR', name='Cali_de_post_rec_text', opacity=1.0, ori=0.0, pos=array([0.5, 0.4]), rgb=array([1., 1., 1.]), text='', units='norm', win=Window(...), wrapWidth=1)
33.4819 	EXP 	Created Cali_de_post_rec_question_text = TextStim(__class__=<class 'psychopy.visual.text.TextStim'>, alignHoriz='center', alignVert='center', antialias=True, autoLog=True, bold=False, color=array([1., 1., 1.]), colorSpace='rgb', contrast=1.0, depth=-2.0, flipHoriz=False, flipVert=False, font='Arial', fontFiles=[], height=0.06, italic=False, languageStyle='LTR', name='Cali_de_post_rec_question_text', opacity=1.0, ori=0.0, pos=array([0.5, 0. ]), rgb=array([1., 1., 1.]), text='', units='norm', win=Window(...), wrapWidth=1)
33.4840 	EXP 	Created Cali_de_post_rec_break = TextStim(__class__=<class 'psychopy.visual.text.TextStim'>, alignHoriz='center', alignVert='center', antialias=True, autoLog=True, bold=False, color=array([1., 1., 1.]), colorSpace='rgb', contrast=1.0, depth=-6.0, flipHoriz=False, flipVert=False, font='Arial', fontFiles=[], height=0.06, italic=False, languageStyle='LTR', name='Cali_de_post_rec_break', opacity=1.0, ori=0.0, pos=array([ 0.5, -0.4]), rgb=array([1., 1., 1.]), text='Short break', units='norm', win=Window(...), wrapWidth=1)
33.4874 	EXP 	Created the_end_text = TextStim(__class__=<class 'psychopy.visual.text.TextStim'>, alignHoriz='center', alignVert='center', antialias=True, autoLog=True, bold=False, color=array([1., 1., 1.]), colorSpace='rgb', contrast=1.0, depth=-1.0, flipHoriz=False, flipVert=False, font='Arial', fontFiles=[], height=0.06, italic=False, languageStyle='LTR', name='the_end_text', opacity=1.0, ori=0.0, pos=array([0.7, 0. ]), rgb=array([1., 1., 1.]), text=str(...), units='norm', win=Window(...), wrapWidth=1)
35.4922 	EXP 	Created sequence: random, trialTypes=1, nReps=4, seed=None
35.4929 	EXP 	New trial (rep=0, index=0): None
35.4934 	EXP 	New trial (rep=1, index=0): None
35.4940 	EXP 	New trial (rep=2, index=0): None
36.5187 	EXP 	fade_in_text: text = 'Please remain seated until further instruction via the earphone.'
36.5187 	EXP 	fade_in_text: autoDraw = True
42.5190 	EXP 	fade_in_text: autoDraw = False
42.5357 	EXP 	fade_in_text: autoDraw = True
48.5360 	EXP 	fade_in_text: autoDraw = True
48.5527 	EXP 	fade_in_text: autoDraw = True
48.5693 	EXP 	fade_in_text: autoDraw = True
48.5862 	EXP 	fade_in_text: autoDraw = True
48.6027 	EXP 	fade_in_text: autoDraw = True
48.6194 	EXP 	fade_in_text: autoDraw = True
48.6360 	EXP 	fade_in_text: autoDraw = True
48.6527 	EXP 	fade_in_text: autoDraw = True
48.6693 	EXP 	fade_in_text: autoDraw = True
48.6862 	EXP 	fade_in_text: autoDraw = True
48.7026 	EXP 	fade_in_text: autoDraw = True
48.7194 	EXP 	fade_in_text: autoDraw = True
48.7360 	EXP 	fade_in_text: autoDraw = True
48.7527 	EXP 	fade_in_text: autoDraw = True
48.7694 	EXP 	fade_in_text: autoDraw = True
48.7861 	EXP 	fade_in_text: autoDraw = True
48.8026 	EXP 	fade_in_text: autoDraw = True
48.8194 	EXP 	fade_in_text: autoDraw = True
48.8360 	EXP 	fade_in_text: autoDraw = True
48.8527 	EXP 	fade_in_text: autoDraw = True
48.8694 	EXP 	fade_in_text: autoDraw = True
48.8860 	EXP 	fade_in_text: autoDraw = True
48.9026 	EXP 	fade_in_text: autoDraw = True
48.9193 	EXP 	fade_in_text: autoDraw = True
48.9360 	EXP 	fade_in_text: autoDraw = True
48.9527 	EXP 	fade_in_text: autoDraw = True
48.9694 	EXP 	fade_in_text: autoDraw = True
48.9860 	EXP 	fade_in_text: autoDraw = True
49.0026 	EXP 	fade_in_text: autoDraw = True
49.0193 	EXP 	fade_in_text: autoDraw = True
49.0360 	EXP 	fade_in_text: autoDraw = True
49.0527 	EXP 	fade_in_text: autoDraw = True
49.0695 	EXP 	fade_in_text: autoDraw = True
49.0861 	EXP 	fade_in_text: autoDraw = True
49.1027 	EXP 	fade_in_text: autoDraw = True
49.1194 	EXP 	fade_in_text: autoDraw = True
49.1360 	EXP 	fade_in_text: autoDraw = True
49.1527 	EXP 	fade_in_text: autoDraw = True
49.1695 	EXP 	fade_in_text: autoDraw = True
49.1861 	EXP 	fade_in_text: autoDraw = True
49.2027 	EXP 	fade_in_text: autoDraw = True
49.2194 	EXP 	fade_in_text: autoDraw = True
49.2360 	EXP 	fade_in_text: autoDraw = True
49.2527 	EXP 	fade_in_text: autoDraw = True
49.2695 	EXP 	fade_in_text: autoDraw = True
49.2861 	EXP 	fade_in_text: autoDraw = True
49.3027 	EXP 	fade_in_text: autoDraw = True
49.3194 	EXP 	fade_in_text: autoDraw = True
49.3360 	EXP 	fade_in_text: autoDraw = True
49.3527 	EXP 	fade_in_text: autoDraw = True
49.3695 	EXP 	fade_in_text: autoDraw = True
49.3860 	EXP 	fade_in_text: autoDraw = True
49.4027 	EXP 	fade_in_text: autoDraw = True
49.4193 	EXP 	fade_in_text: autoDraw = True
49.4360 	EXP 	fade_in_text: autoDraw = True
49.4527 	EXP 	fade_in_text: autoDraw = True
49.4693 	EXP 	fade_in_text: autoDraw = True
49.4861 	EXP 	fade_in_text: autoDraw = True
49.5027 	EXP 	fade_in_text: autoDraw = True
49.5193 	EXP 	fade_in_text: autoDraw = True
49.5360 	EXP 	fade_in_text: autoDraw = True
49.5527 	EXP 	fade_in_text: autoDraw = True
49.5693 	EXP 	fade_in_text: autoDraw = True
49.5860 	EXP 	fade_in_text: autoDraw = True
49.6027 	EXP 	fade_in_text: autoDraw = True
49.6194 	EXP 	fade_in_text: autoDraw = True
49.6360 	EXP 	fade_in_text: autoDraw = True
49.6527 	EXP 	fade_in_text: autoDraw = True
49.6693 	EXP 	fade_in_text: autoDraw = True
49.6860 	EXP 	fade_in_text: autoDraw = True
49.7027 	EXP 	fade_in_text: autoDraw = True
49.7194 	EXP 	fade_in_text: autoDraw = True
49.7360 	EXP 	fade_in_text: autoDraw = True
49.7529 	EXP 	fade_in_text: autoDraw = True
49.7693 	EXP 	fade_in_text: autoDraw = True
49.7860 	EXP 	fade_in_text: autoDraw = True
49.8027 	EXP 	fade_in_text: autoDraw = True
49.8194 	EXP 	fade_in_text: autoDraw = True
49.8361 	EXP 	fade_in_text: autoDraw = True
49.8529 	EXP 	fade_in_text: autoDraw = True
49.8693 	EXP 	fade_in_text: autoDraw = True
49.8861 	EXP 	fade_in_text: autoDraw = True
49.9027 	EXP 	fade_in_text: autoDraw = True
49.9194 	EXP 	fade_in_text: autoDraw = True
49.9360 	EXP 	fade_in_text: autoDraw = True
49.9529 	EXP 	fade_in_text: autoDraw = True
49.9693 	EXP 	fade_in_text: autoDraw = True
49.9860 	EXP 	fade_in_text: autoDraw = True
50.0027 	EXP 	fade_in_text: autoDraw = True
50.0194 	EXP 	fade_in_text: autoDraw = True
50.0361 	EXP 	fade_in_text: autoDraw = True
50.0530 	EXP 	fade_in_text: autoDraw = True
50.0694 	EXP 	fade_in_text: autoDraw = True
50.0861 	EXP 	fade_in_text: autoDraw = True
50.1027 	EXP 	fade_in_text: autoDraw = True
50.1194 	EXP 	fade_in_text: autoDraw = True
50.1361 	EXP 	fade_in_text: autoDraw = True
50.1528 	EXP 	fade_in_text: autoDraw = True
50.1693 	EXP 	fade_in_text: autoDraw = True
50.1861 	EXP 	fade_in_text: autoDraw = True
50.2028 	EXP 	fade_in_text: autoDraw = True
50.2194 	EXP 	fade_in_text: autoDraw = True
50.2361 	EXP 	fade_in_text: autoDraw = True
50.2527 	EXP 	fade_in_text: autoDraw = True
50.2693 	EXP 	fade_in_text: autoDraw = True
50.2861 	EXP 	fade_in_text: autoDraw = True
50.3027 	EXP 	fade_in_text: autoDraw = True
50.3194 	EXP 	fade_in_text: autoDraw = True
50.3361 	EXP 	fade_in_text: autoDraw = True
50.3527 	EXP 	fade_in_text: autoDraw = True
50.3693 	EXP 	fade_in_text: autoDraw = True
50.3861 	EXP 	fade_in_text: autoDraw = True
50.4028 	EXP 	fade_in_text: autoDraw = True
50.4194 	EXP 	fade_in_text: autoDraw = True
50.4361 	EXP 	fade_in_text: autoDraw = True
50.4527 	EXP 	fade_in_text: autoDraw = True
50.4694 	EXP 	fade_in_text: autoDraw = True
50.4861 	EXP 	fade_in_text: autoDraw = True
50.5028 	EXP 	fade_in_text: autoDraw = True
50.5194 	EXP 	fade_in_text: autoDraw = True
50.5363 	EXP 	fade_in_text: autoDraw = True
50.5527 	EXP 	fade_in_text: autoDraw = True
50.5694 	EXP 	fade_in_text: autoDraw = True
50.5861 	EXP 	fade_in_text: autoDraw = True
50.6028 	EXP 	fade_in_text: autoDraw = True
50.6194 	EXP 	fade_in_text: autoDraw = True
50.6363 	EXP 	fade_in_text: autoDraw = True
50.6527 	EXP 	fade_in_text: autoDraw = True
50.6694 	EXP 	fade_in_text: autoDraw = True
50.6861 	EXP 	fade_in_text: autoDraw = True
50.7028 	EXP 	fade_in_text: autoDraw = True
50.7194 	EXP 	fade_in_text: autoDraw = True
50.7364 	EXP 	fade_in_text: autoDraw = True
50.7527 	EXP 	fade_in_text: autoDraw = True
50.7694 	EXP 	fade_in_text: autoDraw = True
50.7861 	EXP 	fade_in_text: autoDraw = True
50.8028 	EXP 	fade_in_text: autoDraw = True
50.8194 	EXP 	fade_in_text: autoDraw = True
50.8361 	EXP 	fade_in_text: autoDraw = True
50.8527 	EXP 	fade_in_text: autoDraw = True
50.8694 	EXP 	fade_in_text: autoDraw = True
50.8861 	EXP 	fade_in_text: autoDraw = True
50.9028 	EXP 	fade_in_text: autoDraw = True
50.9194 	EXP 	fade_in_text: autoDraw = True
50.9360 	EXP 	fade_in_text: autoDraw = True
50.9527 	EXP 	fade_in_text: autoDraw = True
50.9694 	EXP 	fade_in_text: autoDraw = True
50.9861 	EXP 	fade_in_text: autoDraw = True
51.0028 	EXP 	fade_in_text: autoDraw = True
51.0195 	EXP 	fade_in_text: autoDraw = True
51.0360 	EXP 	fade_in_text: autoDraw = True
51.0527 	EXP 	fade_in_text: autoDraw = True
51.0695 	EXP 	fade_in_text: autoDraw = True
51.0861 	EXP 	fade_in_text: autoDraw = True
51.1028 	EXP 	fade_in_text: autoDraw = True
51.1196 	EXP 	fade_in_text: autoDraw = True
51.1360 	EXP 	fade_in_text: autoDraw = True
51.1528 	EXP 	fade_in_text: autoDraw = True
51.1695 	EXP 	fade_in_text: autoDraw = True
51.1861 	EXP 	fade_in_text: autoDraw = True
51.2028 	EXP 	fade_in_text: autoDraw = True
51.2196 	EXP 	fade_in_text: autoDraw = True
51.2360 	EXP 	fade_in_text: autoDraw = True
51.2528 	EXP 	fade_in_text: autoDraw = True
51.2694 	EXP 	fade_in_text: autoDraw = True
51.2861 	EXP 	fade_in_text: autoDraw = True
51.3028 	EXP 	fade_in_text: autoDraw = True
51.3196 	EXP 	fade_in_text: autoDraw = True
51.3360 	EXP 	fade_in_text: autoDraw = True
51.3528 	EXP 	fade_in_text: autoDraw = True
51.3695 	EXP 	fade_in_text: autoDraw = True
51.3861 	EXP 	fade_in_text: autoDraw = True
51.4028 	EXP 	fade_in_text: autoDraw = True
51.4196 	EXP 	fade_in_text: autoDraw = True
51.4361 	EXP 	fade_in_text: autoDraw = True
51.4528 	EXP 	fade_in_text: autoDraw = True
51.4695 	EXP 	fade_in_text: autoDraw = True
51.4861 	EXP 	fade_in_text: autoDraw = True
51.5028 	EXP 	fade_in_text: autoDraw = True
51.5194 	EXP 	fade_in_text: autoDraw = True
51.5360 	EXP 	fade_in_text: autoDraw = True
51.5528 	EXP 	fade_in_text: autoDraw = True
51.5695 	EXP 	fade_in_text: autoDraw = True
51.5861 	EXP 	fade_in_text: autoDraw = True
51.6028 	EXP 	fade_in_text: autoDraw = True
51.6194 	EXP 	fade_in_text: autoDraw = True
51.6361 	EXP 	fade_in_text: autoDraw = True
51.6528 	EXP 	fade_in_text: autoDraw = True
51.6695 	EXP 	fade_in_text: autoDraw = True
51.6862 	EXP 	fade_in_text: autoDraw = True
51.7028 	EXP 	fade_in_text: autoDraw = True
51.7194 	EXP 	fade_in_text: autoDraw = True
51.7361 	EXP 	fade_in_text: autoDraw = True
51.7528 	EXP 	fade_in_text: autoDraw = True
51.7695 	EXP 	fade_in_text: autoDraw = True
51.7861 	EXP 	fade_in_text: autoDraw = True
51.8030 	EXP 	fade_in_text: autoDraw = True
51.8194 	EXP 	fade_in_text: autoDraw = True
51.8362 	EXP 	fade_in_text: autoDraw = True
51.8528 	EXP 	fade_in_text: autoDraw = True
51.8695 	EXP 	fade_in_text: autoDraw = True
51.8862 	EXP 	fade_in_text: autoDraw = True
51.9030 	EXP 	fade_in_text: autoDraw = True
51.9194 	EXP 	fade_in_text: autoDraw = True
51.9362 	EXP 	fade_in_text: autoDraw = True
51.9528 	EXP 	fade_in_text: autoDraw = True
51.9695 	EXP 	fade_in_text: autoDraw = True
51.9862 	EXP 	fade_in_text: autoDraw = True
52.0030 	EXP 	fade_in_text: autoDraw = True
52.0194 	EXP 	fade_in_text: autoDraw = True
52.0362 	EXP 	fade_in_text: autoDraw = True
52.0528 	EXP 	fade_in_text: autoDraw = True
52.0695 	EXP 	fade_in_text: autoDraw = True
52.0863 	EXP 	fade_in_text: autoDraw = True
52.1031 	EXP 	fade_in_text: autoDraw = True
52.1194 	EXP 	fade_in_text: autoDraw = True
52.1362 	EXP 	fade_in_text: autoDraw = True
52.1528 	EXP 	fade_in_text: autoDraw = True
52.1695 	EXP 	fade_in_text: autoDraw = True
52.1862 	EXP 	fade_in_text: autoDraw = True
52.2028 	EXP 	fade_in_text: autoDraw = True
52.2194 	EXP 	fade_in_text: autoDraw = True
52.2362 	EXP 	fade_in_text: autoDraw = True
52.2529 	EXP 	fade_in_text: autoDraw = True
52.2695 	EXP 	fade_in_text: autoDraw = True
52.2862 	EXP 	fade_in_text: autoDraw = True
52.3028 	EXP 	fade_in_text: autoDraw = True
52.3195 	EXP 	fade_in_text: autoDraw = True
52.3362 	EXP 	fade_in_text: autoDraw = True
52.3529 	EXP 	fade_in_text: autoDraw = True
52.3694 	EXP 	fade_in_text: autoDraw = True
52.3860 	EXP 	fade_in_text: autoDraw = True
52.4027 	EXP 	fade_in_text: autoDraw = True
52.4193 	EXP 	fade_in_text: autoDraw = True
52.4360 	EXP 	fade_in_text: autoDraw = True
52.4526 	EXP 	fade_in_text: autoDraw = True
52.4693 	EXP 	fade_in_text: autoDraw = True
52.4861 	EXP 	fade_in_text: autoDraw = True
52.5027 	EXP 	fade_in_text: autoDraw = True
52.5193 	EXP 	fade_in_text: autoDraw = True
52.5360 	EXP 	fade_in_text: autoDraw = True
52.5526 	EXP 	fade_in_text: autoDraw = True
52.5694 	EXP 	fade_in_text: autoDraw = True
52.5861 	EXP 	fade_in_text: autoDraw = True
52.6027 	EXP 	fade_in_text: autoDraw = True
52.6193 	EXP 	fade_in_text: autoDraw = True
52.6360 	EXP 	fade_in_text: autoDraw = True
52.6526 	EXP 	fade_in_text: autoDraw = True
52.6694 	EXP 	fade_in_text: autoDraw = True
52.6862 	EXP 	fade_in_text: autoDraw = True
52.7027 	EXP 	fade_in_text: autoDraw = True
52.7193 	EXP 	fade_in_text: autoDraw = True
52.7360 	EXP 	fade_in_text: autoDraw = True
52.7526 	EXP 	fade_in_text: autoDraw = True
52.7694 	EXP 	fade_in_text: autoDraw = True
52.7860 	EXP 	fade_in_text: autoDraw = True
52.8027 	EXP 	fade_in_text: autoDraw = True
52.8193 	EXP 	fade_in_text: autoDraw = True
52.8360 	EXP 	fade_in_text: autoDraw = True
52.8526 	EXP 	fade_in_text: autoDraw = True
52.8694 	EXP 	fade_in_text: autoDraw = True
52.8860 	EXP 	fade_in_text: autoDraw = True
52.9027 	EXP 	fade_in_text: autoDraw = True
52.9193 	EXP 	fade_in_text: autoDraw = True
52.9360 	EXP 	fade_in_text: autoDraw = True
52.9527 	EXP 	fade_in_text: autoDraw = True
52.9694 	EXP 	fade_in_text: autoDraw = True
52.9860 	EXP 	fade_in_text: autoDraw = True
53.0027 	EXP 	fade_in_text: autoDraw = True
53.0193 	EXP 	fade_in_text: autoDraw = True
53.0360 	EXP 	fade_in_text: autoDraw = True
53.0527 	EXP 	fade_in_text: autoDraw = True
53.0694 	EXP 	fade_in_text: autoDraw = True
53.0860 	EXP 	fade_in_text: autoDraw = True
53.1027 	EXP 	fade_in_text: autoDraw = True
53.1193 	EXP 	fade_in_text: autoDraw = True
53.1360 	EXP 	fade_in_text: autoDraw = True
53.1527 	EXP 	fade_in_text: autoDraw = True
53.1695 	EXP 	fade_in_text: autoDraw = True
53.1860 	EXP 	fade_in_text: autoDraw = True
53.2027 	EXP 	fade_in_text: autoDraw = True
53.2193 	EXP 	fade_in_text: autoDraw = True
53.2360 	EXP 	fade_in_text: autoDraw = True
53.2527 	EXP 	fade_in_text: autoDraw = True
53.2695 	EXP 	fade_in_text: autoDraw = True
53.2860 	EXP 	fade_in_text: autoDraw = True
53.3027 	EXP 	fade_in_text: autoDraw = True
53.3193 	EXP 	fade_in_text: autoDraw = True
53.3360 	EXP 	fade_in_text: autoDraw = True
53.3527 	EXP 	fade_in_text: autoDraw = True
53.3695 	EXP 	fade_in_text: autoDraw = True
53.3862 	EXP 	fade_in_text: autoDraw = True
53.4029 	EXP 	fade_in_text: autoDraw = True
53.4196 	EXP 	fade_in_text: autoDraw = True
53.4362 	EXP 	fade_in_text: autoDraw = True
53.4529 	EXP 	fade_in_text: autoDraw = True
53.4697 	EXP 	fade_in_text: autoDraw = True
53.4861 	EXP 	fade_in_text: autoDraw = True
53.5029 	EXP 	fade_in_text: autoDraw = True
53.5196 	EXP 	fade_in_text: autoDraw = True
53.5362 	EXP 	fade_in_text: autoDraw = True
53.5529 	EXP 	fade_in_text: autoDraw = True
53.5695 	EXP 	fade_in_text: autoDraw = True
53.5862 	EXP 	fade_in_text: autoDraw = True
53.6029 	EXP 	fade_in_text: autoDraw = True
53.6196 	EXP 	fade_in_text: autoDraw = True
53.6363 	EXP 	fade_in_text: autoDraw = True
53.6529 	EXP 	fade_in_text: autoDraw = True
53.6695 	EXP 	fade_in_text: autoDraw = True
53.6862 	EXP 	fade_in_text: autoDraw = True
53.7029 	EXP 	fade_in_text: autoDraw = True
53.7196 	EXP 	fade_in_text: autoDraw = True
53.7362 	EXP 	fade_in_text: autoDraw = True
53.7531 	EXP 	fade_in_text: autoDraw = True
53.7695 	EXP 	fade_in_text: autoDraw = True
53.7862 	EXP 	fade_in_text: autoDraw = True
53.8029 	EXP 	fade_in_text: autoDraw = True
53.8196 	EXP 	fade_in_text: autoDraw = True
53.8363 	EXP 	fade_in_text: autoDraw = True
53.8531 	EXP 	fade_in_text: autoDraw = True
53.8695 	EXP 	fade_in_text: autoDraw = True
53.8863 	EXP 	fade_in_text: autoDraw = True
53.9029 	EXP 	fade_in_text: autoDraw = True
53.9196 	EXP 	fade_in_text: autoDraw = True
53.9363 	EXP 	fade_in_text: autoDraw = True
53.9531 	EXP 	fade_in_text: autoDraw = True
53.9696 	EXP 	fade_in_text: autoDraw = True
53.9863 	EXP 	fade_in_text: autoDraw = True
54.0029 	EXP 	fade_in_text: autoDraw = True
54.0196 	EXP 	fade_in_text: autoDraw = True
54.0363 	EXP 	fade_in_text: autoDraw = True
54.0530 	EXP 	fade_in_text: autoDraw = True
54.0695 	EXP 	fade_in_text: autoDraw = True
54.0863 	EXP 	fade_in_text: autoDraw = True
54.1029 	EXP 	fade_in_text: autoDraw = True
54.1197 	EXP 	fade_in_text: autoDraw = True
54.1363 	EXP 	fade_in_text: autoDraw = True
54.1528 	EXP 	fade_in_text: autoDraw = True
54.1695 	EXP 	fade_in_text: autoDraw = True
54.1863 	EXP 	fade_in_text: autoDraw = True
54.2029 	EXP 	fade_in_text: autoDraw = True
54.2197 	EXP 	fade_in_text: autoDraw = True
54.2363 	EXP 	fade_in_text: autoDraw = True
54.2529 	EXP 	fade_in_text: autoDraw = True
54.2695 	EXP 	fade_in_text: autoDraw = True
54.2863 	EXP 	fade_in_text: autoDraw = True
54.3030 	EXP 	fade_in_text: autoDraw = True
54.3196 	EXP 	fade_in_text: autoDraw = True
54.3363 	EXP 	fade_in_text: autoDraw = True
54.3529 	EXP 	fade_in_text: autoDraw = True
54.3696 	EXP 	fade_in_text: autoDraw = True
54.3863 	EXP 	fade_in_text: autoDraw = True
54.4029 	EXP 	fade_in_text: autoDraw = True
54.4196 	EXP 	fade_in_text: autoDraw = True
54.4365 	EXP 	fade_in_text: autoDraw = True
54.4529 	EXP 	fade_in_text: autoDraw = True
54.4696 	EXP 	fade_in_text: autoDraw = True
54.4863 	EXP 	fade_in_text: autoDraw = True
54.5030 	EXP 	fade_in_text: autoDraw = True
54.5196 	EXP 	fade_in_text: autoDraw = True
54.5365 	EXP 	fade_in_text: autoDraw = True
54.5529 	EXP 	fade_in_text: autoDraw = True
54.5696 	EXP 	fade_in_text: autoDraw = True
54.5863 	EXP 	fade_in_text: autoDraw = True
54.6030 	EXP 	fade_in_text: autoDraw = True
54.6197 	EXP 	fade_in_text: autoDraw = True
54.6365 	EXP 	fade_in_text: autoDraw = True
54.6529 	EXP 	fade_in_text: autoDraw = True
54.6696 	EXP 	fade_in_text: autoDraw = True
54.6863 	EXP 	fade_in_text: autoDraw = True
54.7030 	EXP 	fade_in_text: autoDraw = True
54.7197 	EXP 	fade_in_text: autoDraw = True
54.7364 	EXP 	fade_in_text: autoDraw = True
54.7529 	EXP 	fade_in_text: autoDraw = True
54.7696 	EXP 	fade_in_text: autoDraw = True
54.7863 	EXP 	fade_in_text: autoDraw = True
54.8030 	EXP 	fade_in_text: autoDraw = True
54.8196 	EXP 	fade_in_text: autoDraw = True
54.8362 	EXP 	fade_in_text: autoDraw = True
54.8529 	EXP 	fade_in_text: autoDraw = True
54.8696 	EXP 	fade_in_text: autoDraw = True
54.8863 	EXP 	fade_in_text: autoDraw = True
54.9030 	EXP 	fade_in_text: autoDraw = True
54.9196 	EXP 	fade_in_text: autoDraw = True
54.9363 	EXP 	fade_in_text: autoDraw = True
54.9529 	EXP 	fade_in_text: autoDraw = True
54.9697 	EXP 	fade_in_text: autoDraw = True
54.9863 	EXP 	fade_in_text: autoDraw = True
55.0030 	EXP 	fade_in_text: autoDraw = True
55.0197 	EXP 	fade_in_text: autoDraw = True
55.0363 	EXP 	fade_in_text: autoDraw = True
55.0530 	EXP 	fade_in_text: autoDraw = True
55.0696 	EXP 	fade_in_text: autoDraw = True
55.0863 	EXP 	fade_in_text: autoDraw = True
55.1030 	EXP 	fade_in_text: autoDraw = True
55.1199 	EXP 	fade_in_text: autoDraw = True
55.1363 	EXP 	fade_in_text: autoDraw = True
55.1530 	EXP 	fade_in_text: autoDraw = True
55.1697 	EXP 	fade_in_text: autoDraw = True
55.1863 	EXP 	fade_in_text: autoDraw = True
55.2030 	EXP 	fade_in_text: autoDraw = True
55.2198 	EXP 	fade_in_text: autoDraw = True
55.2363 	EXP 	fade_in_text: autoDraw = True
55.2530 	EXP 	fade_in_text: autoDraw = True
55.2697 	EXP 	fade_in_text: autoDraw = True
55.2863 	EXP 	fade_in_text: autoDraw = True
55.3031 	EXP 	fade_in_text: autoDraw = True
55.3199 	EXP 	fade_in_text: autoDraw = True
55.3363 	EXP 	fade_in_text: autoDraw = True
55.3530 	EXP 	fade_in_text: autoDraw = True
55.3697 	EXP 	fade_in_text: autoDraw = True
55.3863 	EXP 	fade_in_text: autoDraw = True
55.4030 	EXP 	fade_in_text: autoDraw = True
55.4199 	EXP 	fade_in_text: autoDraw = True
55.4363 	EXP 	fade_in_text: autoDraw = True
55.4530 	EXP 	fade_in_text: autoDraw = True
55.4697 	EXP 	fade_in_text: autoDraw = True
55.4864 	EXP 	fade_in_text: autoDraw = True
55.5030 	EXP 	fade_in_text: autoDraw = True
55.5197 	EXP 	fade_in_text: autoDraw = True
55.5363 	EXP 	fade_in_text: autoDraw = True
55.5530 	EXP 	fade_in_text: autoDraw = True
55.5697 	EXP 	fade_in_text: autoDraw = True
55.5864 	EXP 	fade_in_text: autoDraw = True
55.6030 	EXP 	fade_in_text: autoDraw = True
55.6197 	EXP 	fade_in_text: autoDraw = True
55.6363 	EXP 	fade_in_text: autoDraw = True
55.6530 	EXP 	fade_in_text: autoDraw = True
55.6697 	EXP 	fade_in_text: autoDraw = True
55.6863 	EXP 	fade_in_text: autoDraw = True
55.7031 	EXP 	fade_in_text: autoDraw = True
55.7197 	EXP 	fade_in_text: autoDraw = True
55.7364 	EXP 	fade_in_text: autoDraw = True
55.7530 	EXP 	fade_in_text: autoDraw = True
55.7697 	EXP 	fade_in_text: autoDraw = True
55.7864 	EXP 	fade_in_text: autoDraw = True
55.8032 	EXP 	fade_in_text: autoDraw = True
55.8197 	EXP 	fade_in_text: autoDraw = True
55.8364 	EXP 	fade_in_text: autoDraw = True
55.8530 	EXP 	fade_in_text: autoDraw = True
55.8697 	EXP 	fade_in_text: autoDraw = True
55.8864 	EXP 	fade_in_text: autoDraw = True
55.9032 	EXP 	fade_in_text: autoDraw = True
55.9197 	EXP 	fade_in_text: autoDraw = True
55.9364 	EXP 	fade_in_text: autoDraw = True
55.9530 	EXP 	fade_in_text: autoDraw = True
55.9697 	EXP 	fade_in_text: autoDraw = True
55.9864 	EXP 	fade_in_text: autoDraw = True
56.0032 	EXP 	fade_in_text: autoDraw = True
56.0197 	EXP 	fade_in_text: autoDraw = True
56.0364 	EXP 	fade_in_text: autoDraw = True
56.0530 	EXP 	fade_in_text: autoDraw = True
56.0697 	EXP 	fade_in_text: autoDraw = True
56.0864 	EXP 	fade_in_text: autoDraw = True
56.1031 	EXP 	fade_in_text: autoDraw = True
56.1198 	EXP 	fade_in_text: autoDraw = True
56.1365 	EXP 	fade_in_text: autoDraw = True
56.1531 	EXP 	fade_in_text: autoDraw = True
56.1697 	EXP 	fade_in_text: autoDraw = True
56.1864 	EXP 	fade_in_text: autoDraw = True
56.2030 	EXP 	fade_in_text: autoDraw = True
56.2198 	EXP 	fade_in_text: autoDraw = True
56.2364 	EXP 	fade_in_text: autoDraw = True
56.2531 	EXP 	fade_in_text: autoDraw = True
56.2697 	EXP 	fade_in_text: autoDraw = True
56.2864 	EXP 	fade_in_text: autoDraw = True
56.3030 	EXP 	fade_in_text: autoDraw = True
56.3198 	EXP 	fade_in_text: autoDraw = True
56.3364 	EXP 	fade_in_text: autoDraw = True
56.3530 	EXP 	fade_in_text: autoDraw = True
56.3697 	EXP 	fade_in_text: autoDraw = True
56.3866 	EXP 	fade_in_text: autoDraw = True
56.4030 	EXP 	fade_in_text: autoDraw = True
56.4197 	EXP 	fade_in_text: autoDraw = True
56.4364 	EXP 	fade_in_text: autoDraw = True
56.4531 	EXP 	fade_in_text: autoDraw = True
56.4697 	EXP 	fade_in_text: autoDraw = True
56.4866 	EXP 	fade_in_text: autoDraw = True
56.5030 	EXP 	fade_in_text: autoDraw = True
56.5197 	EXP 	fade_in_text: autoDraw = True
56.5364 	EXP 	fade_in_text: autoDraw = True
56.5531 	EXP 	fade_in_text: autoDraw = True
56.5697 	EXP 	fade_in_text: autoDraw = True
56.5866 	EXP 	fade_in_text: autoDraw = True
56.6030 	EXP 	fade_in_text: autoDraw = True
56.6197 	EXP 	fade_in_text: autoDraw = True
56.6364 	EXP 	fade_in_text: autoDraw = True
56.6531 	EXP 	fade_in_text: autoDraw = True
56.6697 	EXP 	fade_in_text: autoDraw = True
56.6865 	EXP 	fade_in_text: autoDraw = True
56.7030 	EXP 	fade_in_text: autoDraw = True
56.7197 	EXP 	fade_in_text: autoDraw = True
56.7364 	EXP 	fade_in_text: autoDraw = True
56.7531 	EXP 	fade_in_text: autoDraw = True
56.7697 	EXP 	fade_in_text: autoDraw = True
56.7863 	EXP 	fade_in_text: autoDraw = True
56.8030 	EXP 	fade_in_text: autoDraw = True
56.8197 	EXP 	fade_in_text: autoDraw = True
56.8364 	EXP 	fade_in_text: autoDraw = True
56.8531 	EXP 	fade_in_text: autoDraw = True
56.8697 	EXP 	fade_in_text: autoDraw = True
56.8864 	EXP 	fade_in_text: autoDraw = True
56.9030 	EXP 	fade_in_text: autoDraw = True
56.9197 	EXP 	fade_in_text: autoDraw = True
56.9364 	EXP 	fade_in_text: autoDraw = True
56.9531 	EXP 	fade_in_text: autoDraw = True
56.9697 	EXP 	fade_in_text: autoDraw = True
56.9863 	EXP 	fade_in_text: autoDraw = True
57.0031 	EXP 	fade_in_text: autoDraw = True
57.0198 	EXP 	fade_in_text: autoDraw = True
57.0364 	EXP 	fade_in_text: autoDraw = True
57.0531 	EXP 	fade_in_text: autoDraw = True
57.0699 	EXP 	fade_in_text: autoDraw = True
57.0863 	EXP 	fade_in_text: autoDraw = True
57.1031 	EXP 	fade_in_text: autoDraw = True
57.1198 	EXP 	fade_in_text: autoDraw = True
57.1364 	EXP 	fade_in_text: autoDraw = True
57.1531 	EXP 	fade_in_text: autoDraw = True
57.1699 	EXP 	fade_in_text: autoDraw = True
57.1863 	EXP 	fade_in_text: autoDraw = True
57.2031 	EXP 	fade_in_text: autoDraw = True
57.2198 	EXP 	fade_in_text: autoDraw = True
57.2365 	EXP 	fade_in_text: autoDraw = True
57.2531 	EXP 	fade_in_text: autoDraw = True
57.2699 	EXP 	fade_in_text: autoDraw = True
57.2863 	EXP 	fade_in_text: autoDraw = True
57.3031 	EXP 	fade_in_text: autoDraw = True
57.3198 	EXP 	fade_in_text: autoDraw = True
57.3364 	EXP 	fade_in_text: autoDraw = True
57.3531 	EXP 	fade_in_text: autoDraw = True
57.3699 	EXP 	fade_in_text: autoDraw = True
57.3863 	EXP 	fade_in_text: autoDraw = True
57.4031 	EXP 	fade_in_text: autoDraw = True
57.4198 	EXP 	fade_in_text: autoDraw = True
57.4364 	EXP 	fade_in_text: autoDraw = True
57.4531 	EXP 	fade_in_text: autoDraw = True
57.4697 	EXP 	fade_in_text: autoDraw = True
57.4864 	EXP 	fade_in_text: autoDraw = True
57.5031 	EXP 	fade_in_text: autoDraw = True
57.5198 	EXP 	fade_in_text: autoDraw = True
57.5365 	EXP 	fade_in_text: autoDraw = True
57.5531 	EXP 	fade_in_text: autoDraw = True
57.5697 	EXP 	fade_in_text: autoDraw = True
57.5864 	EXP 	fade_in_text: autoDraw = True
57.6031 	EXP 	fade_in_text: autoDraw = True
57.6198 	EXP 	fade_in_text: autoDraw = True
57.6365 	EXP 	fade_in_text: autoDraw = True
57.6531 	EXP 	fade_in_text: autoDraw = True
57.6697 	EXP 	fade_in_text: autoDraw = True
57.6864 	EXP 	fade_in_text: autoDraw = True
57.7031 	EXP 	fade_in_text: autoDraw = True
57.7198 	EXP 	fade_in_text: autoDraw = True
57.7365 	EXP 	fade_in_text: autoDraw = True
57.7533 	EXP 	fade_in_text: autoDraw = True
57.7697 	EXP 	fade_in_text: autoDraw = True
57.7865 	EXP 	fade_in_text: autoDraw = True
57.8031 	EXP 	fade_in_text: autoDraw = True
57.8198 	EXP 	fade_in_text: autoDraw = True
57.8365 	EXP 	fade_in_text: autoDraw = True
57.8533 	EXP 	fade_in_text: autoDraw = True
57.8697 	EXP 	fade_in_text: autoDraw = True
57.8865 	EXP 	fade_in_text: autoDraw = True
57.9031 	EXP 	fade_in_text: autoDraw = True
57.9198 	EXP 	fade_in_text: autoDraw = True
57.9365 	EXP 	fade_in_text: autoDraw = True
57.9533 	EXP 	fade_in_text: autoDraw = True
57.9697 	EXP 	fade_in_text: autoDraw = True
57.9865 	EXP 	fade_in_text: autoDraw = True
58.0031 	EXP 	fade_in_text: autoDraw = True
58.0198 	EXP 	fade_in_text: autoDraw = True
58.0365 	EXP 	fade_in_text: autoDraw = True
58.0533 	EXP 	fade_in_text: autoDraw = True
58.0697 	EXP 	fade_in_text: autoDraw = True
58.0865 	EXP 	fade_in_text: autoDraw = True
58.1031 	EXP 	fade_in_text: autoDraw = True
58.1198 	EXP 	fade_in_text: autoDraw = True
58.1365 	EXP 	fade_in_text: autoDraw = True
58.1532 	EXP 	fade_in_text: autoDraw = True
58.1697 	EXP 	fade_in_text: autoDraw = True
58.1865 	EXP 	fade_in_text: autoDraw = True
58.2031 	EXP 	fade_in_text: autoDraw = True
58.2198 	EXP 	fade_in_text: autoDraw = True
58.2365 	EXP 	fade_in_text: autoDraw = True
58.2531 	EXP 	fade_in_text: autoDraw = True
58.2697 	EXP 	fade_in_text: autoDraw = True
58.2865 	EXP 	fade_in_text: autoDraw = True
58.3032 	EXP 	fade_in_text: autoDraw = True
58.3198 	EXP 	fade_in_text: autoDraw = True
58.3365 	EXP 	fade_in_text: autoDraw = True
58.3531 	EXP 	fade_in_text: autoDraw = True
58.3697 	EXP 	fade_in_text: autoDraw = True
58.3865 	EXP 	fade_in_text: autoDraw = True
58.4032 	EXP 	fade_in_text: autoDraw = True
58.4198 	EXP 	fade_in_text: autoDraw = True
58.4366 	EXP 	fade_in_text: autoDraw = True
58.4531 	EXP 	fade_in_text: autoDraw = True
58.4698 	EXP 	fade_in_text: autoDraw = True
58.4865 	EXP 	fade_in_text: autoDraw = True
58.5032 	EXP 	fade_in_text: autoDraw = True
58.5199 	EXP 	fade_in_text: autoDraw = True
58.5367 	EXP 	fade_in_text: autoDraw = True
58.5531 	EXP 	fade_in_text: autoDraw = True
58.5698 	EXP 	fade_in_text: autoDraw = True
58.5865 	EXP 	fade_in_text: autoDraw = True
58.6032 	EXP 	fade_in_text: autoDraw = True
58.6198 	EXP 	fade_in_text: autoDraw = True
58.6367 	EXP 	fade_in_text: autoDraw = True
58.6531 	EXP 	fade_in_text: autoDraw = True
58.6698 	EXP 	fade_in_text: autoDraw = True
58.6865 	EXP 	fade_in_text: autoDraw = True
58.7032 	EXP 	fade_in_text: autoDraw = True
58.7199 	EXP 	fade_in_text: autoDraw = True
58.7367 	EXP 	fade_in_text: autoDraw = True
58.7531 	EXP 	fade_in_text: autoDraw = True
58.7699 	EXP 	fade_in_text: autoDraw = True
58.7865 	EXP 	fade_in_text: autoDraw = True
58.8032 	EXP 	fade_in_text: autoDraw = True
58.8198 	EXP 	fade_in_text: autoDraw = True
58.8367 	EXP 	fade_in_text: autoDraw = True
58.8531 	EXP 	fade_in_text: autoDraw = True
58.8699 	EXP 	fade_in_text: autoDraw = True
58.8865 	EXP 	fade_in_text: autoDraw = True
58.9032 	EXP 	fade_in_text: autoDraw = True
58.9200 	EXP 	fade_in_text: autoDraw = True
58.9365 	EXP 	fade_in_text: autoDraw = True
58.9531 	EXP 	fade_in_text: autoDraw = True
58.9699 	EXP 	fade_in_text: autoDraw = True
58.9865 	EXP 	fade_in_text: autoDraw = True
59.0032 	EXP 	fade_in_text: autoDraw = True
59.0199 	EXP 	fade_in_text: autoDraw = True
59.0365 	EXP 	fade_in_text: autoDraw = True
59.0531 	EXP 	fade_in_text: autoDraw = True
59.0699 	EXP 	fade_in_text: autoDraw = True
59.0865 	EXP 	fade_in_text: autoDraw = True
59.1032 	EXP 	fade_in_text: autoDraw = True
59.1199 	EXP 	fade_in_text: autoDraw = True
59.1365 	EXP 	fade_in_text: autoDraw = True
59.1532 	EXP 	fade_in_text: autoDraw = True
59.1699 	EXP 	fade_in_text: autoDraw = True
59.1865 	EXP 	fade_in_text: autoDraw = True
59.2032 	EXP 	fade_in_text: autoDraw = True
59.2200 	EXP 	fade_in_text: autoDraw = True
59.2365 	EXP 	fade_in_text: autoDraw = True
59.2532 	EXP 	fade_in_text: autoDraw = True
59.2700 	EXP 	fade_in_text: autoDraw = True
59.2866 	EXP 	fade_in_text: autoDraw = True
59.3032 	EXP 	fade_in_text: autoDraw = True
59.3201 	EXP 	fade_in_text: autoDraw = True
59.3365 	EXP 	fade_in_text: autoDraw = True
59.3532 	EXP 	fade_in_text: autoDraw = True
59.3700 	EXP 	fade_in_text: autoDraw = True
59.3865 	EXP 	fade_in_text: autoDraw = True
59.4032 	EXP 	fade_in_text: autoDraw = True
59.4200 	EXP 	fade_in_text: autoDraw = True
59.4365 	EXP 	fade_in_text: autoDraw = True
59.4532 	EXP 	fade_in_text: autoDraw = True
59.4700 	EXP 	fade_in_text: autoDraw = True
59.4866 	EXP 	fade_in_text: autoDraw = True
59.5032 	EXP 	fade_in_text: autoDraw = True
59.5199 	EXP 	fade_in_text: autoDraw = True
59.5366 	EXP 	fade_in_text: autoDraw = True
59.5532 	EXP 	fade_in_text: autoDraw = True
59.5699 	EXP 	fade_in_text: autoDraw = True
59.5865 	EXP 	fade_in_text: autoDraw = True
59.6032 	EXP 	fade_in_text: autoDraw = True
59.6198 	EXP 	fade_in_text: autoDraw = True
59.6366 	EXP 	fade_in_text: autoDraw = True
59.6532 	EXP 	fade_in_text: autoDraw = True
59.6699 	EXP 	fade_in_text: autoDraw = True
59.6866 	EXP 	fade_in_text: autoDraw = True
59.7032 	EXP 	fade_in_text: autoDraw = True
59.7198 	EXP 	fade_in_text: autoDraw = True
59.7366 	EXP 	fade_in_text: autoDraw = True
59.7532 	EXP 	fade_in_text: autoDraw = True
59.7699 	EXP 	fade_in_text: autoDraw = True
59.7866 	EXP 	fade_in_text: autoDraw = True
59.8034 	EXP 	fade_in_text: autoDraw = True
59.8198 	EXP 	fade_in_text: autoDraw = True
59.8367 	EXP 	fade_in_text: autoDraw = True
59.8532 	EXP 	fade_in_text: autoDraw = True
59.8699 	EXP 	fade_in_text: autoDraw = True
59.8866 	EXP 	fade_in_text: autoDraw = True
59.9034 	EXP 	fade_in_text: autoDraw = True
59.9198 	EXP 	fade_in_text: autoDraw = True
59.9366 	EXP 	fade_in_text: autoDraw = True
59.9532 	EXP 	fade_in_text: autoDraw = True
59.9699 	EXP 	fade_in_text: autoDraw = True
59.9866 	EXP 	fade_in_text: autoDraw = True
60.0034 	EXP 	fade_in_text: autoDraw = True
60.0198 	EXP 	fade_in_text: autoDraw = True
60.0366 	EXP 	fade_in_text: autoDraw = True
60.0533 	EXP 	fade_in_text: autoDraw = True
60.0699 	EXP 	fade_in_text: autoDraw = True
60.0866 	EXP 	fade_in_text: autoDraw = True
60.1033 	EXP 	fade_in_text: autoDraw = True
60.1198 	EXP 	fade_in_text: autoDraw = True
60.1366 	EXP 	fade_in_text: autoDraw = True
60.1532 	EXP 	fade_in_text: autoDraw = True
60.1699 	EXP 	fade_in_text: autoDraw = True
60.1866 	EXP 	fade_in_text: autoDraw = True
60.2032 	EXP 	fade_in_text: autoDraw = True
60.2198 	EXP 	fade_in_text: autoDraw = True
60.2366 	EXP 	fade_in_text: autoDraw = True
60.2532 	EXP 	fade_in_text: autoDraw = True
60.2699 	EXP 	fade_in_text: autoDraw = True
60.2867 	EXP 	fade_in_text: autoDraw = True
60.3032 	EXP 	fade_in_text: autoDraw = True
60.3198 	EXP 	fade_in_text: autoDraw = True
60.3366 	EXP 	fade_in_text: autoDraw = True
60.3533 	EXP 	fade_in_text: autoDraw = True
60.3699 	EXP 	fade_in_text: autoDraw = True
60.3868 	EXP 	fade_in_text: autoDraw = True
60.4032 	EXP 	fade_in_text: autoDraw = True
60.4199 	EXP 	fade_in_text: autoDraw = True
60.4366 	EXP 	fade_in_text: autoDraw = True
60.4533 	EXP 	fade_in_text: autoDraw = True
60.4699 	EXP 	fade_in_text: autoDraw = True
60.4868 	EXP 	fade_in_text: autoDraw = True
60.5032 	EXP 	fade_in_text: autoDraw = True
60.5199 	EXP 	fade_in_text: autoDraw = True
60.5366 	EXP 	fade_in_text: autoDraw = True
60.5533 	EXP 	fade_in_text: autoDraw = True
60.5700 	EXP 	fade_in_text: autoDraw = True
60.5868 	EXP 	fade_in_text: autoDraw = True
60.6032 	EXP 	fade_in_text: autoDraw = True
60.6199 	EXP 	fade_in_text: autoDraw = True
60.6366 	EXP 	fade_in_text: autoDraw = True
60.6533 	EXP 	fade_in_text: autoDraw = True
60.6699 	EXP 	fade_in_text: autoDraw = True
60.6867 	EXP 	fade_in_text: autoDraw = True
60.7032 	EXP 	fade_in_text: autoDraw = True
60.7200 	EXP 	fade_in_text: autoDraw = True
60.7367 	EXP 	fade_in_text: autoDraw = True
60.7533 	EXP 	fade_in_text: autoDraw = True
60.7699 	EXP 	fade_in_text: autoDraw = True
60.7865 	EXP 	fade_in_text: autoDraw = True
60.8032 	EXP 	fade_in_text: autoDraw = True
60.8200 	EXP 	fade_in_text: autoDraw = True
60.8366 	EXP 	fade_in_text: autoDraw = True
60.8533 	EXP 	fade_in_text: autoDraw = True
60.8699 	EXP 	fade_in_text: autoDraw = True
60.8866 	EXP 	fade_in_text: autoDraw = True
60.9032 	EXP 	fade_in_text: autoDraw = True
60.9199 	EXP 	fade_in_text: autoDraw = True
60.9366 	EXP 	fade_in_text: autoDraw = True
60.9533 	EXP 	fade_in_text: autoDraw = True
60.9700 	EXP 	fade_in_text: autoDraw = True
60.9866 	EXP 	fade_in_text: autoDraw = True
61.0033 	EXP 	fade_in_text: autoDraw = True
61.0200 	EXP 	fade_in_text: autoDraw = True
61.0366 	EXP 	fade_in_text: autoDraw = True
61.0533 	EXP 	fade_in_text: autoDraw = True
61.0701 	EXP 	fade_in_text: autoDraw = True
61.0866 	EXP 	fade_in_text: autoDraw = True
61.1033 	EXP 	fade_in_text: autoDraw = True
61.1200 	EXP 	fade_in_text: autoDraw = True
61.1367 	EXP 	fade_in_text: autoDraw = True
61.1533 	EXP 	fade_in_text: autoDraw = True
61.1702 	EXP 	fade_in_text: autoDraw = True
61.1865 	EXP 	fade_in_text: autoDraw = True
61.2033 	EXP 	fade_in_text: autoDraw = True
61.2200 	EXP 	fade_in_text: autoDraw = True
61.2368 	EXP 	fade_in_text: autoDraw = True
61.2534 	EXP 	fade_in_text: autoDraw = True
61.2701 	EXP 	fade_in_text: autoDraw = True
61.2866 	EXP 	fade_in_text: autoDraw = True
61.3033 	EXP 	fade_in_text: autoDraw = True
61.3200 	EXP 	fade_in_text: autoDraw = True
61.3367 	EXP 	fade_in_text: autoDraw = True
61.3533 	EXP 	fade_in_text: autoDraw = True
61.3701 	EXP 	fade_in_text: autoDraw = True
61.3866 	EXP 	fade_in_text: autoDraw = True
61.4033 	EXP 	fade_in_text: autoDraw = True
61.4200 	EXP 	fade_in_text: autoDraw = True
61.4367 	EXP 	fade_in_text: autoDraw = True
61.4533 	EXP 	fade_in_text: autoDraw = True
61.4701 	EXP 	fade_in_text: autoDraw = True
61.4866 	EXP 	fade_in_text: autoDraw = True
61.5033 	EXP 	fade_in_text: autoDraw = True
61.5200 	EXP 	fade_in_text: autoDraw = True
61.5367 	EXP 	fade_in_text: autoDraw = True
61.5533 	EXP 	fade_in_text: autoDraw = True
61.5699 	EXP 	fade_in_text: autoDraw = True
61.5866 	EXP 	fade_in_text: autoDraw = True
61.6033 	EXP 	fade_in_text: autoDraw = True
61.6200 	EXP 	fade_in_text: autoDraw = True
61.6367 	EXP 	fade_in_text: autoDraw = True
61.6533 	EXP 	fade_in_text: autoDraw = True
61.6699 	EXP 	fade_in_text: autoDraw = True
61.6866 	EXP 	fade_in_text: autoDraw = True
61.7033 	EXP 	fade_in_text: autoDraw = True
61.7200 	EXP 	fade_in_text: autoDraw = True
61.7368 	EXP 	fade_in_text: autoDraw = True
61.7534 	EXP 	fade_in_text: autoDraw = True
61.7699 	EXP 	fade_in_text: autoDraw = True
61.7867 	EXP 	fade_in_text: autoDraw = True
61.8033 	EXP 	fade_in_text: autoDraw = True
61.8200 	EXP 	fade_in_text: autoDraw = True
61.8367 	EXP 	fade_in_text: autoDraw = True
61.8535 	EXP 	fade_in_text: autoDraw = True
61.8699 	EXP 	fade_in_text: autoDraw = True
61.8867 	EXP 	fade_in_text: autoDraw = True
61.9033 	EXP 	fade_in_text: autoDraw = True
61.9200 	EXP 	fade_in_text: autoDraw = True
61.9367 	EXP 	fade_in_text: autoDraw = True
61.9535 	EXP 	fade_in_text: autoDraw = True
61.9699 	EXP 	fade_in_text: autoDraw = True
61.9867 	EXP 	fade_in_text: autoDraw = True
62.0033 	EXP 	fade_in_text: autoDraw = True
62.0200 	EXP 	fade_in_text: autoDraw = True
62.0367 	EXP 	fade_in_text: autoDraw = True
62.0535 	EXP 	fade_in_text: autoDraw = True
62.0699 	EXP 	fade_in_text: autoDraw = True
62.0867 	EXP 	fade_in_text: autoDraw = True
62.1033 	EXP 	fade_in_text: autoDraw = True
62.1200 	EXP 	fade_in_text: autoDraw = True
62.1367 	EXP 	fade_in_text: autoDraw = True
62.1536 	EXP 	fade_in_text: autoDraw = True
62.1700 	EXP 	fade_in_text: autoDraw = True
62.1867 	EXP 	fade_in_text: autoDraw = True
62.2033 	EXP 	fade_in_text: autoDraw = True
62.2200 	EXP 	fade_in_text: autoDraw = True
62.2367 	EXP 	fade_in_text: autoDraw = True
62.2536 	EXP 	fade_in_text: autoDraw = True
62.2700 	EXP 	fade_in_text: autoDraw = True
62.2867 	EXP 	fade_in_text: autoDraw = True
62.3034 	EXP 	fade_in_text: autoDraw = True
62.3200 	EXP 	fade_in_text: autoDraw = True
62.3368 	EXP 	fade_in_text: autoDraw = True
62.3534 	EXP 	fade_in_text: autoDraw = True
62.3699 	EXP 	fade_in_text: autoDraw = True
62.3867 	EXP 	fade_in_text: autoDraw = True
62.4034 	EXP 	fade_in_text: autoDraw = True
62.4200 	EXP 	fade_in_text: autoDraw = True
62.4367 	EXP 	fade_in_text: autoDraw = True
62.4534 	EXP 	fade_in_text: autoDraw = True
62.4700 	EXP 	fade_in_text: autoDraw = True
62.4867 	EXP 	fade_in_text: autoDraw = True
62.5034 	EXP 	fade_in_text: autoDraw = True
62.5200 	EXP 	fade_in_text: autoDraw = True
62.5369 	EXP 	fade_in_text: autoDraw = True
62.5534 	EXP 	fade_in_text: autoDraw = True
62.5700 	EXP 	fade_in_text: autoDraw = True
62.5867 	EXP 	fade_in_text: autoDraw = True
62.6034 	EXP 	fade_in_text: autoDraw = True
62.6201 	EXP 	fade_in_text: autoDraw = True
62.6369 	EXP 	fade_in_text: autoDraw = True
62.6534 	EXP 	fade_in_text: autoDraw = True
62.6700 	EXP 	fade_in_text: autoDraw = True
62.6867 	EXP 	fade_in_text: autoDraw = True
62.7034 	EXP 	fade_in_text: autoDraw = True
62.7201 	EXP 	fade_in_text: autoDraw = True
62.7370 	EXP 	fade_in_text: autoDraw = True
62.7534 	EXP 	fade_in_text: autoDraw = True
62.7700 	EXP 	fade_in_text: autoDraw = True
62.7867 	EXP 	fade_in_text: autoDraw = True
62.8034 	EXP 	fade_in_text: autoDraw = True
62.8201 	EXP 	fade_in_text: autoDraw = True
62.8369 	EXP 	fade_in_text: autoDraw = True
62.8534 	EXP 	fade_in_text: autoDraw = True
62.8700 	EXP 	fade_in_text: autoDraw = True
62.8867 	EXP 	fade_in_text: autoDraw = True
62.9034 	EXP 	fade_in_text: autoDraw = True
62.9201 	EXP 	fade_in_text: autoDraw = True
62.9367 	EXP 	fade_in_text: autoDraw = True
62.9534 	EXP 	fade_in_text: autoDraw = True
62.9701 	EXP 	fade_in_text: autoDraw = True
62.9867 	EXP 	fade_in_text: autoDraw = True
63.0034 	EXP 	fade_in_text: autoDraw = True
63.0201 	EXP 	fade_in_text: autoDraw = True
63.0366 	EXP 	fade_in_text: autoDraw = True
63.0534 	EXP 	fade_in_text: autoDraw = True
63.0701 	EXP 	fade_in_text: autoDraw = True
63.0867 	EXP 	fade_in_text: autoDraw = True
63.1034 	EXP 	fade_in_text: autoDraw = True
63.1201 	EXP 	fade_in_text: autoDraw = True
63.1367 	EXP 	fade_in_text: autoDraw = True
63.1534 	EXP 	fade_in_text: autoDraw = True
63.1701 	EXP 	fade_in_text: autoDraw = True
63.1867 	EXP 	fade_in_text: autoDraw = True
63.2034 	EXP 	fade_in_text: autoDraw = True
63.2202 	EXP 	fade_in_text: autoDraw = True
63.2367 	EXP 	fade_in_text: autoDraw = True
63.2534 	EXP 	fade_in_text: autoDraw = True
63.2701 	EXP 	fade_in_text: autoDraw = True
63.2867 	EXP 	fade_in_text: autoDraw = True
63.3034 	EXP 	fade_in_text: autoDraw = True
63.3202 	EXP 	fade_in_text: autoDraw = True
63.3367 	EXP 	fade_in_text: autoDraw = True
63.3535 	EXP 	fade_in_text: autoDraw = True
63.3701 	EXP 	fade_in_text: autoDraw = True
63.3867 	EXP 	fade_in_text: autoDraw = True
63.4034 	EXP 	fade_in_text: autoDraw = True
63.4202 	EXP 	fade_in_text: autoDraw = True
63.4367 	EXP 	fade_in_text: autoDraw = True
63.4535 	EXP 	fade_in_text: autoDraw = True
63.4701 	EXP 	fade_in_text: autoDraw = True
63.4868 	EXP 	fade_in_text: autoDraw = True
63.5034 	EXP 	fade_in_text: autoDraw = True
63.5201 	EXP 	fade_in_text: autoDraw = True
63.5367 	EXP 	fade_in_text: autoDraw = True
63.5535 	EXP 	fade_in_text: autoDraw = True
63.5701 	EXP 	fade_in_text: autoDraw = True
63.5868 	EXP 	fade_in_text: autoDraw = True
63.6034 	EXP 	fade_in_text: autoDraw = True
63.6200 	EXP 	fade_in_text: autoDraw = True
63.6367 	EXP 	fade_in_text: autoDraw = True
63.6534 	EXP 	fade_in_text: autoDraw = True
63.6701 	EXP 	fade_in_text: autoDraw = True
63.6868 	EXP 	fade_in_text: autoDraw = True
63.7035 	EXP 	fade_in_text: autoDraw = True
63.7200 	EXP 	fade_in_text: autoDraw = True
63.7367 	EXP 	fade_in_text: autoDraw = True
63.7535 	EXP 	fade_in_text: autoDraw = True
63.7701 	EXP 	fade_in_text: autoDraw = True
63.7868 	EXP 	fade_in_text: autoDraw = True
63.8035 	EXP 	fade_in_text: autoDraw = True
63.8200 	EXP 	fade_in_text: autoDraw = True
63.8368 	EXP 	fade_in_text: autoDraw = True
63.8534 	EXP 	fade_in_text: autoDraw = True
63.8701 	EXP 	fade_in_text: autoDraw = True
63.8868 	EXP 	fade_in_text: autoDraw = True
63.9036 	EXP 	fade_in_text: autoDraw = True
63.9200 	EXP 	fade_in_text: autoDraw = True
63.9368 	EXP 	fade_in_text: autoDraw = True
63.9535 	EXP 	fade_in_text: autoDraw = True
63.9701 	EXP 	fade_in_text: autoDraw = True
63.9868 	EXP 	fade_in_text: autoDraw = True
64.0036 	EXP 	fade_in_text: autoDraw = True
64.0200 	EXP 	fade_in_text: autoDraw = True
64.0368 	EXP 	fade_in_text: autoDraw = True
64.0535 	EXP 	fade_in_text: autoDraw = True
64.0701 	EXP 	fade_in_text: autoDraw = True
64.0868 	EXP 	fade_in_text: autoDraw = True
64.1037 	EXP 	fade_in_text: autoDraw = True
64.1200 	EXP 	fade_in_text: autoDraw = True
64.1368 	EXP 	fade_in_text: autoDraw = True
64.1535 	EXP 	fade_in_text: autoDraw = True
64.1701 	EXP 	fade_in_text: autoDraw = True
64.1868 	EXP 	fade_in_text: autoDraw = True
64.2036 	EXP 	fade_in_text: autoDraw = True
64.2201 	EXP 	fade_in_text: autoDraw = True
64.2368 	EXP 	fade_in_text: autoDraw = True
64.2535 	EXP 	fade_in_text: autoDraw = True
64.2701 	EXP 	fade_in_text: autoDraw = True
64.2868 	EXP 	fade_in_text: autoDraw = True
64.3034 	EXP 	fade_in_text: autoDraw = True
64.3201 	EXP 	fade_in_text: autoDraw = True
64.3368 	EXP 	fade_in_text: autoDraw = True
64.3535 	EXP 	fade_in_text: autoDraw = True
64.3701 	EXP 	fade_in_text: autoDraw = True
64.3868 	EXP 	fade_in_text: autoDraw = True
64.4034 	EXP 	fade_in_text: autoDraw = True
64.4201 	EXP 	fade_in_text: autoDraw = True
64.4368 	EXP 	fade_in_text: autoDraw = True
64.4535 	EXP 	fade_in_text: autoDraw = True
64.4701 	EXP 	fade_in_text: autoDraw = True
64.4870 	EXP 	fade_in_text: autoDraw = True
64.5034 	EXP 	fade_in_text: autoDraw = True
64.5201 	EXP 	fade_in_text: autoDraw = True
64.5368 	EXP 	fade_in_text: autoDraw = True
64.5535 	EXP 	fade_in_text: autoDraw = True
64.5702 	EXP 	fade_in_text: autoDraw = True
64.5870 	EXP 	fade_in_text: autoDraw = True
64.6034 	EXP 	fade_in_text: autoDraw = True
64.6201 	EXP 	fade_in_text: autoDraw = True
64.6368 	EXP 	fade_in_text: autoDraw = True
64.6535 	EXP 	fade_in_text: autoDraw = True
64.6702 	EXP 	fade_in_text: autoDraw = True
64.6870 	EXP 	fade_in_text: autoDraw = True
64.7034 	EXP 	fade_in_text: autoDraw = True
64.7202 	EXP 	fade_in_text: autoDraw = True
64.7369 	EXP 	fade_in_text: autoDraw = True
64.7535 	EXP 	fade_in_text: autoDraw = True
64.7702 	EXP 	fade_in_text: autoDraw = True
64.7870 	EXP 	fade_in_text: autoDraw = True
64.8034 	EXP 	fade_in_text: autoDraw = True
64.8202 	EXP 	fade_in_text: autoDraw = True
64.8368 	EXP 	fade_in_text: autoDraw = True
64.8535 	EXP 	fade_in_text: autoDraw = True
64.8702 	EXP 	fade_in_text: autoDraw = True
64.8870 	EXP 	fade_in_text: autoDraw = True
64.9035 	EXP 	fade_in_text: autoDraw = True
64.9202 	EXP 	fade_in_text: autoDraw = True
64.9368 	EXP 	fade_in_text: autoDraw = True
64.9535 	EXP 	fade_in_text: autoDraw = True
64.9702 	EXP 	fade_in_text: autoDraw = True
64.9869 	EXP 	fade_in_text: autoDraw = True
65.0034 	EXP 	fade_in_text: autoDraw = True
65.0202 	EXP 	fade_in_text: autoDraw = True
65.0368 	EXP 	fade_in_text: autoDraw = True
65.0535 	EXP 	fade_in_text: autoDraw = True
65.0702 	EXP 	fade_in_text: autoDraw = True
65.0868 	EXP 	fade_in_text: autoDraw = True
65.1034 	EXP 	fade_in_text: autoDraw = True
65.1202 	EXP 	fade_in_text: autoDraw = True
65.1368 	EXP 	fade_in_text: autoDraw = True
65.1535 	EXP 	fade_in_text: autoDraw = True
65.1702 	EXP 	fade_in_text: autoDraw = True
65.1868 	EXP 	fade_in_text: autoDraw = True
65.2035 	EXP 	fade_in_text: autoDraw = True
65.2202 	EXP 	fade_in_text: autoDraw = True
65.2369 	EXP 	fade_in_text: autoDraw = True
65.2535 	EXP 	fade_in_text: autoDraw = True
65.2703 	EXP 	fade_in_text: autoDraw = True
65.2868 	EXP 	fade_in_text: autoDraw = True
65.3035 	EXP 	fade_in_text: autoDraw = True
65.3202 	EXP 	fade_in_text: autoDraw = True
65.3368 	EXP 	fade_in_text: autoDraw = True
65.3535 	EXP 	fade_in_text: autoDraw = True
65.3704 	EXP 	fade_in_text: autoDraw = True
65.3868 	EXP 	fade_in_text: autoDraw = True
65.4036 	EXP 	fade_in_text: autoDraw = True
65.4202 	EXP 	fade_in_text: autoDraw = True
65.4368 	EXP 	fade_in_text: autoDraw = True
65.4535 	EXP 	fade_in_text: autoDraw = True
65.4703 	EXP 	fade_in_text: autoDraw = True
65.4868 	EXP 	fade_in_text: autoDraw = True
65.5035 	EXP 	fade_in_text: autoDraw = True
65.5202 	EXP 	fade_in_text: autoDraw = True
65.5369 	EXP 	fade_in_text: autoDraw = True
65.5535 	EXP 	fade_in_text: autoDraw = True
65.5705 	EXP 	fade_in_text: autoDraw = True
65.5868 	EXP 	fade_in_text: autoDraw = True
65.6035 	EXP 	fade_in_text: autoDraw = True
65.6202 	EXP 	fade_in_text: autoDraw = True
65.6369 	EXP 	fade_in_text: autoDraw = True
65.6536 	EXP 	fade_in_text: autoDraw = True
65.6703 	EXP 	fade_in_text: autoDraw = True
65.6868 	EXP 	fade_in_text: autoDraw = True
65.7035 	EXP 	fade_in_text: autoDraw = True
65.7202 	EXP 	fade_in_text: autoDraw = True
65.7369 	EXP 	fade_in_text: autoDraw = True
65.7535 	EXP 	fade_in_text: autoDraw = True
65.7702 	EXP 	fade_in_text: autoDraw = True
65.7868 	EXP 	fade_in_text: autoDraw = True
65.8035 	EXP 	fade_in_text: autoDraw = True
65.8202 	EXP 	fade_in_text: autoDraw = True
65.8369 	EXP 	fade_in_text: autoDraw = True
65.8535 	EXP 	fade_in_text: autoDraw = True
65.8702 	EXP 	fade_in_text: autoDraw = True
65.8868 	EXP 	fade_in_text: autoDraw = True
65.9035 	EXP 	fade_in_text: autoDraw = True
65.9202 	EXP 	fade_in_text: autoDraw = True
65.9369 	EXP 	fade_in_text: autoDraw = True
65.9538 	EXP 	fade_in_text: autoDraw = True
65.9702 	EXP 	fade_in_text: autoDraw = True
65.9869 	EXP 	fade_in_text: autoDraw = True
66.0036 	EXP 	fade_in_text: autoDraw = True
66.0202 	EXP 	fade_in_text: autoDraw = True
66.0369 	EXP 	fade_in_text: autoDraw = True
66.0537 	EXP 	fade_in_text: autoDraw = True
66.0702 	EXP 	fade_in_text: autoDraw = True
66.0869 	EXP 	fade_in_text: autoDraw = True
66.1036 	EXP 	fade_in_text: autoDraw = True
66.1202 	EXP 	fade_in_text: autoDraw = True
66.1369 	EXP 	fade_in_text: autoDraw = True
66.1536 	EXP 	fade_in_text: autoDraw = True
66.1702 	EXP 	fade_in_text: autoDraw = True
66.1869 	EXP 	fade_in_text: autoDraw = True
66.2036 	EXP 	fade_in_text: autoDraw = True
66.2202 	EXP 	fade_in_text: autoDraw = True
66.2369 	EXP 	fade_in_text: autoDraw = True
66.2537 	EXP 	fade_in_text: autoDraw = True
66.2704 	EXP 	fade_in_text: autoDraw = True
66.2869 	EXP 	fade_in_text: autoDraw = True
66.3035 	EXP 	fade_in_text: autoDraw = True
66.3202 	EXP 	fade_in_text: autoDraw = True
66.3369 	EXP 	fade_in_text: autoDraw = True
66.3537 	EXP 	fade_in_text: autoDraw = True
66.3702 	EXP 	fade_in_text: autoDraw = True
66.3869 	EXP 	fade_in_text: autoDraw = True
66.4036 	EXP 	fade_in_text: autoDraw = True
66.4203 	EXP 	fade_in_text: autoDraw = True
66.4369 	EXP 	fade_in_text: autoDraw = True
66.4535 	EXP 	fade_in_text: autoDraw = True
66.4702 	EXP 	fade_in_text: autoDraw = True
66.4869 	EXP 	fade_in_text: autoDraw = True
66.5036 	EXP 	fade_in_text: autoDraw = True
66.5202 	EXP 	fade_in_text: autoDraw = True
68.5536 	EXP 	fade_in_text: autoDraw = False
68.5536 	EXP 	Artifact_intro_title: autoDraw = True
68.5536 	EXP 	Artifact_intro_text: autoDraw = True
94.2317 	DATA 	Keypress: space
94.9216 	EXP 	Artifact_intro_cont: autoDraw = True
95.9312 	EXP 	Created sequence: random, trialTypes=1, nReps=15, seed=None
95.9322 	EXP 	New trial (rep=0, index=0): None
96.9550 	EXP 	Artifact_intro_title: autoDraw = False
96.9550 	EXP 	Artifact_intro_text: autoDraw = False
96.9550 	EXP 	Artifact_intro_cont: autoDraw = False
96.9550 	EXP 	Artifact_rec_text: autoDraw = True
96.9550 	EXP 	Artifact_rec_text: text = ''
114.9392 	EXP 	Artifact_rec_break: autoDraw = True
115.9393 	EXP 	Artifact_rec_break: autoDraw = False
117.9426 	EXP 	New trial (rep=1, index=0): None
118.9730 	EXP 	Artifact_rec_text: autoDraw = False
118.9730 	EXP 	Artifact_rec_recording: autoDraw = False
118.9730 	EXP 	Artifact_rec_break: autoDraw = False
118.9730 	EXP 	Artifact_rec_text: autoDraw = True
136.9406 	EXP 	Artifact_rec_break: autoDraw = True
137.9406 	EXP 	Artifact_rec_break: autoDraw = False
139.9608 	EXP 	New trial (rep=2, index=0): None
140.9744 	EXP 	Artifact_rec_text: autoDraw = False
140.9744 	EXP 	Artifact_rec_recording: autoDraw = False
140.9744 	EXP 	Artifact_rec_break: autoDraw = False
140.9744 	EXP 	Artifact_rec_text: autoDraw = True
158.9584 	EXP 	Artifact_rec_break: autoDraw = True
159.9584 	EXP 	Artifact_rec_break: autoDraw = False
161.9680 	EXP 	New trial (rep=3, index=0): None
162.9918 	EXP 	Artifact_rec_text: autoDraw = False
162.9918 	EXP 	Artifact_rec_text: autoDraw = False
162.9918 	EXP 	Artifact_rec_recording: autoDraw = False
162.9918 	EXP 	Artifact_rec_break: autoDraw = False
162.9918 	EXP 	Artifact_rec_text: autoDraw = True
180.9760 	EXP 	Artifact_rec_break: autoDraw = True
181.9761 	EXP 	Artifact_rec_break: autoDraw = False
183.9788 	EXP 	New trial (rep=4, index=0): None
184.9934 	EXP 	Artifact_rec_text: autoDraw = False
184.9934 	EXP 	Artifact_rec_recording: autoDraw = False
184.9934 	EXP 	Artifact_rec_break: autoDraw = False
184.9934 	EXP 	Artifact_rec_text: autoDraw = True
202.9774 	EXP 	Artifact_rec_break: autoDraw = True
203.9774 	EXP 	Artifact_rec_break: autoDraw = False
205.9859 	EXP 	New trial (rep=5, index=0): None
207.0106 	EXP 	Artifact_rec_text: autoDraw = False
207.0106 	EXP 	Artifact_rec_text: autoDraw = False
207.0106 	EXP 	Artifact_rec_recording: autoDraw = False
207.0106 	EXP 	Artifact_rec_break: autoDraw = False
207.0106 	EXP 	Artifact_rec_text: autoDraw = True
224.9949 	EXP 	Artifact_rec_break: autoDraw = True
225.9950 	EXP 	Artifact_rec_break: autoDraw = False
227.9984 	EXP 	New trial (rep=6, index=0): None
229.0285 	EXP 	Artifact_rec_text: autoDraw = False
229.0285 	EXP 	Artifact_rec_recording: autoDraw = False
229.0285 	EXP 	Artifact_rec_break: autoDraw = False
229.0285 	EXP 	Artifact_rec_text: autoDraw = True
246.9961 	EXP 	Artifact_rec_break: autoDraw = True
247.9961 	EXP 	Artifact_rec_break: autoDraw = False
250.0156 	EXP 	New trial (rep=7, index=0): None
251.0463 	EXP 	Artifact_rec_text: autoDraw = False
251.0463 	EXP 	Artifact_rec_recording: autoDraw = False
251.0463 	EXP 	Artifact_rec_break: autoDraw = False
251.0463 	EXP 	Artifact_rec_text: autoDraw = True
269.0141 	EXP 	Artifact_rec_break: autoDraw = True
270.0145 	EXP 	Artifact_rec_break: autoDraw = False
272.0339 	EXP 	New trial (rep=8, index=0): None
273.0641 	EXP 	Artifact_rec_text: autoDraw = False
273.0641 	EXP 	Artifact_rec_recording: autoDraw = False
273.0641 	EXP 	Artifact_rec_break: autoDraw = False
273.0641 	EXP 	Artifact_rec_text: autoDraw = True
291.0316 	EXP 	Artifact_rec_break: autoDraw = True
292.0317 	EXP 	Artifact_rec_break: autoDraw = False
294.0515 	EXP 	New trial (rep=9, index=0): None
295.0821 	EXP 	Artifact_rec_text: autoDraw = False
295.0821 	EXP 	Artifact_rec_recording: autoDraw = False
295.0821 	EXP 	Artifact_rec_break: autoDraw = False
295.0821 	EXP 	Artifact_rec_text: autoDraw = True
313.0497 	EXP 	Artifact_rec_break: autoDraw = True
314.0497 	EXP 	Artifact_rec_break: autoDraw = False
316.0698 	EXP 	New trial (rep=10, index=0): None
317.0998 	EXP 	Artifact_rec_text: autoDraw = False
317.0998 	EXP 	Artifact_rec_recording: autoDraw = False
317.0998 	EXP 	Artifact_rec_break: autoDraw = False
317.0998 	EXP 	Artifact_rec_text: autoDraw = True
335.0677 	EXP 	Artifact_rec_break: autoDraw = True
336.0676 	EXP 	Artifact_rec_break: autoDraw = False
338.0876 	EXP 	New trial (rep=11, index=0): None
339.1177 	EXP 	Artifact_rec_text: autoDraw = False
339.1177 	EXP 	Artifact_rec_recording: autoDraw = False
339.1177 	EXP 	Artifact_rec_break: autoDraw = False
339.1177 	EXP 	Artifact_rec_text: autoDraw = True
357.0853 	EXP 	Artifact_rec_break: autoDraw = True
358.0853 	EXP 	Artifact_rec_break: autoDraw = False
360.1056 	EXP 	New trial (rep=12, index=0): None
361.1355 	EXP 	Artifact_rec_text: autoDraw = False
361.1355 	EXP 	Artifact_rec_recording: autoDraw = False
361.1355 	EXP 	Artifact_rec_break: autoDraw = False
361.1355 	EXP 	Artifact_rec_text: autoDraw = True
379.1034 	EXP 	Artifact_rec_break: autoDraw = True
380.1032 	EXP 	Artifact_rec_break: autoDraw = False
382.1225 	EXP 	New trial (rep=13, index=0): None
383.1533 	EXP 	Artifact_rec_text: autoDraw = False
383.1533 	EXP 	Artifact_rec_recording: autoDraw = False
383.1533 	EXP 	Artifact_rec_break: autoDraw = False
383.1533 	EXP 	Artifact_rec_text: autoDraw = True
401.1208 	EXP 	Artifact_rec_break: autoDraw = True
402.1210 	EXP 	Artifact_rec_break: autoDraw = False
404.1405 	EXP 	New trial (rep=14, index=0): None
405.1719 	EXP 	Artifact_rec_text: autoDraw = False
405.1719 	EXP 	Artifact_rec_recording: autoDraw = False
405.1719 	EXP 	Artifact_rec_break: autoDraw = False
405.1719 	EXP 	Artifact_rec_text: autoDraw = True
423.1387 	EXP 	Artifact_rec_break: autoDraw = True
424.1388 	EXP 	Artifact_rec_break: autoDraw = False
428.1888 	EXP 	Artifact_rec_text: autoDraw = False
428.1888 	EXP 	Artifact_rec_recording: autoDraw = False
428.1888 	EXP 	Artifact_rec_break: autoDraw = False
428.1888 	EXP 	RS_intro_title: autoDraw = True
428.1888 	EXP 	RS_intro_text: autoDraw = True
451.2239 	EXP 	RS_intro_title: autoDraw = False
451.2239 	EXP 	RS_intro_text: autoDraw = False
451.2239 	EXP 	RS_intro_title: autoDraw = False
451.2239 	EXP 	RS_intro_text: autoDraw = False
451.2239 	EXP 	RS_rec_text: text = 'Please keep relaxed and open your eyes.\nNote: Blinking is allowed.'
451.2239 	EXP 	RS_rec_text: autoDraw = True
631.2328 	EXP 	RS_rec_text: autoDraw = False
634.6164 	EXP 	RS_rec_text: autoDraw = False
634.6164 	EXP 	RS_intro_title: autoDraw = True
634.6164 	EXP 	RS_intro_text: autoDraw = True
657.6506 	EXP 	RS_intro_title: autoDraw = False
657.6506 	EXP 	RS_intro_text: autoDraw = False
657.6506 	EXP 	RS_intro_title: autoDraw = False
657.6506 	EXP 	RS_intro_text: autoDraw = False
657.6506 	EXP 	RS_rec_text: text = 'Please keep relaxed and close your eyes.\n'
657.6506 	EXP 	RS_rec_text: autoDraw = True
837.6600 	EXP 	RS_rec_text: autoDraw = False
841.0436 	EXP 	RS_rec_text: autoDraw = False
841.0436 	EXP 	Pause_cont: text = 'Press [space] key to continue.'
841.0436 	EXP 	Pause_cont: autoDraw = True
849.2591 	DATA 	Keypress: space
855.0661 	DATA 	Keypress: space
855.0777 	EXP 	Pause_cont: autoDraw = False
855.0777 	EXP 	QA_intro_title: autoDraw = True
855.0777 	EXP 	QA_intro_text: autoDraw = True
894.4796 	EXP 	QA_intro_cont: autoDraw = True
895.4997 	EXP 	Created sequence: random, trialTypes=1, nReps=2, seed=None
895.5003 	EXP 	New trial (rep=0, index=0): None
896.5036 	EXP 	Created sequence: random, trialTypes=1, nReps=25, seed=None
896.5045 	EXP 	New trial (rep=0, index=0): None
897.5645 	DATA 	Keypress: space
897.5798 	EXP 	QA_intro_title: autoDraw = False
897.5798 	EXP 	QA_intro_text: autoDraw = False
897.5798 	EXP 	QA_intro_cont: autoDraw = False
897.5798 	EXP 	QA_rec_text: autoDraw = True
915.5807 	EXP 	QA_rec_break: autoDraw = True
917.5525 	EXP 	New trial (rep=1, index=0): None
918.6145 	EXP 	QA_rec_text: autoDraw = False
918.6145 	EXP 	QA_rec_break: autoDraw = False
918.6145 	EXP 	QA_rec_text: autoDraw = True
936.6151 	EXP 	QA_rec_break: autoDraw = True
938.5866 	EXP 	New trial (rep=2, index=0): None
939.6487 	EXP 	QA_rec_text: autoDraw = False
939.6487 	EXP 	QA_rec_break: autoDraw = False
939.6487 	EXP 	QA_rec_text: autoDraw = True
957.6328 	EXP 	QA_rec_break: autoDraw = True
959.6366 	EXP 	New trial (rep=3, index=0): None
960.7000 	EXP 	QA_rec_text: autoDraw = False
960.7000 	EXP 	QA_rec_break: autoDraw = False
960.7000 	EXP 	QA_rec_text: autoDraw = True
978.7006 	EXP 	QA_rec_break: autoDraw = True
980.6726 	EXP 	New trial (rep=4, index=0): None
981.7344 	EXP 	QA_rec_text: autoDraw = False
981.7344 	EXP 	QA_rec_break: autoDraw = False
981.7344 	EXP 	QA_rec_text: autoDraw = True
999.7352 	EXP 	QA_rec_break: autoDraw = True
1001.7407 	EXP 	New trial (rep=5, index=0): None
1002.8021 	EXP 	QA_rec_text: autoDraw = False
1002.8021 	EXP 	QA_rec_break: autoDraw = False
1002.8021 	EXP 	QA_rec_text: autoDraw = True
1020.8028 	EXP 	QA_rec_break: autoDraw = True
1022.8081 	EXP 	New trial (rep=6, index=0): None
1023.8700 	EXP 	QA_rec_text: autoDraw = False
1023.8700 	EXP 	QA_rec_break: autoDraw = False
1023.8700 	EXP 	QA_rec_text: autoDraw = True
1041.8372 	EXP 	QA_rec_break: autoDraw = True
1043.8435 	EXP 	New trial (rep=7, index=0): None
1044.9041 	EXP 	QA_rec_text: autoDraw = False
1044.9041 	EXP 	QA_rec_break: autoDraw = False
1044.9041 	EXP 	QA_rec_text: autoDraw = True
1062.9050 	EXP 	QA_rec_break: autoDraw = True
1064.8763 	EXP 	New trial (rep=8, index=0): None
1065.9389 	EXP 	QA_rec_text: autoDraw = False
1065.9389 	EXP 	QA_rec_break: autoDraw = False
1065.9389 	EXP 	QA_rec_text: autoDraw = True
1083.9060 	EXP 	QA_rec_break: autoDraw = True
1084.9394 	EXP 	QA_rec_break: autoDraw = False
1085.9447 	EXP 	New trial (rep=9, index=0): None
1086.9729 	EXP 	QA_rec_text: autoDraw = False
1086.9729 	EXP 	QA_rec_break: autoDraw = False
1086.9729 	EXP 	QA_rec_text: autoDraw = True
1104.9738 	EXP 	QA_rec_break: autoDraw = True
1106.9783 	EXP 	New trial (rep=10, index=0): None
1108.0240 	EXP 	QA_rec_text: autoDraw = False
1108.0240 	EXP 	QA_rec_break: autoDraw = False
1108.0240 	EXP 	QA_rec_text: autoDraw = True
1126.0250 	EXP 	QA_rec_break: autoDraw = True
1128.0304 	EXP 	New trial (rep=11, index=0): None
1129.0919 	EXP 	QA_rec_text: autoDraw = False
1129.0919 	EXP 	QA_rec_break: autoDraw = False
1129.0919 	EXP 	QA_rec_text: autoDraw = True
1147.0761 	EXP 	QA_rec_break: autoDraw = True
1149.0816 	EXP 	New trial (rep=12, index=0): None
1150.1435 	EXP 	QA_rec_text: autoDraw = False
1150.1435 	EXP 	QA_rec_break: autoDraw = False
1150.1435 	EXP 	QA_rec_text: autoDraw = True
1168.1437 	EXP 	QA_rec_break: autoDraw = True
1170.1158 	EXP 	New trial (rep=13, index=0): None
1171.1773 	EXP 	QA_rec_text: autoDraw = False
1171.1773 	EXP 	QA_rec_break: autoDraw = False
1171.1773 	EXP 	QA_rec_text: autoDraw = True
1189.1783 	EXP 	QA_rec_break: autoDraw = True
1191.1501 	EXP 	New trial (rep=14, index=0): None
1192.2122 	EXP 	QA_rec_text: autoDraw = False
1192.2122 	EXP 	QA_rec_break: autoDraw = False
1192.2122 	EXP 	QA_rec_text: autoDraw = True
1210.2126 	EXP 	QA_rec_break: autoDraw = True
1212.1846 	EXP 	New trial (rep=15, index=0): None
1213.2464 	EXP 	QA_rec_text: autoDraw = False
1213.2464 	EXP 	QA_rec_break: autoDraw = False
1213.2464 	EXP 	QA_rec_text: autoDraw = True
1231.2137 	EXP 	QA_rec_break: autoDraw = True
1233.2182 	EXP 	New trial (rep=16, index=0): None
1234.2806 	EXP 	QA_rec_text: autoDraw = False
1234.2806 	EXP 	QA_rec_break: autoDraw = False
1234.2806 	EXP 	QA_rec_text: autoDraw = True
1252.2814 	EXP 	QA_rec_break: autoDraw = True
1254.2525 	EXP 	New trial (rep=17, index=0): None
1255.3167 	EXP 	QA_rec_text: autoDraw = False
1255.3167 	EXP 	QA_rec_break: autoDraw = False
1255.3167 	EXP 	QA_rec_text: autoDraw = True
1273.2825 	EXP 	QA_rec_break: autoDraw = True
1275.2901 	EXP 	New trial (rep=18, index=0): None
1276.3502 	EXP 	QA_rec_text: autoDraw = False
1276.3502 	EXP 	QA_rec_break: autoDraw = False
1276.3502 	EXP 	QA_rec_text: autoDraw = True
1294.3503 	EXP 	QA_rec_break: autoDraw = True
1296.3549 	EXP 	New trial (rep=19, index=0): None
1297.4177 	EXP 	QA_rec_text: autoDraw = False
1297.4177 	EXP 	QA_rec_break: autoDraw = False
1297.4177 	EXP 	QA_rec_text: autoDraw = True
1315.4180 	EXP 	QA_rec_break: autoDraw = True
1317.3892 	EXP 	New trial (rep=20, index=0): None
1318.4519 	EXP 	QA_rec_text: autoDraw = False
1318.4519 	EXP 	QA_rec_break: autoDraw = False
1318.4519 	EXP 	QA_rec_text: autoDraw = True
1336.4524 	EXP 	QA_rec_break: autoDraw = True
1338.4238 	EXP 	New trial (rep=21, index=0): None
1339.4863 	EXP 	QA_rec_text: autoDraw = False
1339.4863 	EXP 	QA_rec_break: autoDraw = False
1339.4863 	EXP 	QA_rec_text: autoDraw = True
1357.4536 	EXP 	QA_rec_break: autoDraw = True
1359.4587 	EXP 	New trial (rep=22, index=0): None
1360.5210 	EXP 	QA_rec_text: autoDraw = False
1360.5210 	EXP 	QA_rec_break: autoDraw = False
1360.5210 	EXP 	QA_rec_text: autoDraw = True
1378.5214 	EXP 	QA_rec_break: autoDraw = True
1380.5265 	EXP 	New trial (rep=23, index=0): None
1381.6054 	EXP 	QA_rec_text: autoDraw = False
1381.6054 	EXP 	QA_rec_break: autoDraw = False
1381.6054 	EXP 	QA_rec_text: autoDraw = True
1399.6057 	EXP 	QA_rec_break: autoDraw = True
1401.5769 	EXP 	New trial (rep=24, index=0): None
1402.6407 	EXP 	QA_rec_text: autoDraw = False
1402.6407 	EXP 	QA_rec_break: autoDraw = False
1402.6407 	EXP 	QA_rec_text: autoDraw = True
1420.6068 	EXP 	QA_rec_break: autoDraw = True
1424.6572 	EXP 	QA_rec_text: autoDraw = False
1424.6572 	EXP 	QA_rec_break: autoDraw = False
1424.6572 	EXP 	Pause_cont: text = 'Press [space] key to continue.'
1424.6572 	EXP 	Pause_cont: autoDraw = True
1436.7001 	EXP 	New trial (rep=1, index=0): None
1437.7033 	EXP 	Created sequence: random, trialTypes=1, nReps=25, seed=None
1437.7042 	EXP 	New trial (rep=0, index=0): None
1438.7518 	DATA 	Keypress: space
1438.7581 	EXP 	Pause_cont: autoDraw = False
1438.7581 	EXP 	QA_rec_text: autoDraw = True
1456.7587 	EXP 	QA_rec_break: autoDraw = True
1458.7317 	EXP 	New trial (rep=1, index=0): None
1459.7940 	EXP 	QA_rec_text: autoDraw = False
1459.7940 	EXP 	QA_rec_break: autoDraw = False
1459.7940 	EXP 	QA_rec_text: autoDraw = True
1477.7932 	EXP 	QA_rec_break: autoDraw = True
1479.7662 	EXP 	New trial (rep=2, index=0): None
1480.8439 	EXP 	QA_rec_text: autoDraw = False
1480.8439 	EXP 	QA_rec_break: autoDraw = False
1480.8439 	EXP 	QA_rec_text: autoDraw = True
1498.8442 	EXP 	QA_rec_break: autoDraw = True
1500.8171 	EXP 	New trial (rep=3, index=0): None
1501.8778 	EXP 	QA_rec_text: autoDraw = False
1501.8778 	EXP 	QA_rec_break: autoDraw = False
1501.8778 	EXP 	QA_rec_text: autoDraw = True
1519.8786 	EXP 	QA_rec_break: autoDraw = True
1521.8499 	EXP 	New trial (rep=4, index=0): None
1522.9125 	EXP 	QA_rec_text: autoDraw = False
1522.9125 	EXP 	QA_rec_break: autoDraw = False
1522.9125 	EXP 	QA_rec_text: autoDraw = True
1540.8964 	EXP 	QA_rec_break: autoDraw = True
1542.9015 	EXP 	New trial (rep=5, index=0): None
1543.9640 	EXP 	QA_rec_text: autoDraw = False
1543.9640 	EXP 	QA_rec_break: autoDraw = False
1543.9640 	EXP 	QA_rec_text: autoDraw = True
1561.9308 	EXP 	QA_rec_break: autoDraw = True
1563.9353 	EXP 	New trial (rep=6, index=0): None
1565.0150 	EXP 	QA_rec_text: autoDraw = False
1565.0150 	EXP 	QA_rec_break: autoDraw = False
1565.0150 	EXP 	QA_rec_text: autoDraw = True
1582.9819 	EXP 	QA_rec_break: autoDraw = True
1584.9864 	EXP 	New trial (rep=7, index=0): None
1586.0496 	EXP 	QA_rec_text: autoDraw = False
1586.0496 	EXP 	QA_rec_break: autoDraw = False
1586.0496 	EXP 	QA_rec_text: autoDraw = True
1604.0497 	EXP 	QA_rec_break: autoDraw = True
1606.0207 	EXP 	New trial (rep=8, index=0): None
1607.0849 	EXP 	QA_rec_text: autoDraw = False
1607.0849 	EXP 	QA_rec_break: autoDraw = False
1607.0849 	EXP 	QA_rec_text: autoDraw = True
1625.0841 	EXP 	QA_rec_break: autoDraw = True
1627.0553 	EXP 	New trial (rep=9, index=0): None
1628.1184 	EXP 	QA_rec_text: autoDraw = False
1628.1184 	EXP 	QA_rec_break: autoDraw = False
1628.1184 	EXP 	QA_rec_text: autoDraw = True
1646.1186 	EXP 	QA_rec_break: autoDraw = True
1648.1231 	EXP 	New trial (rep=10, index=0): None
1649.1859 	EXP 	QA_rec_text: autoDraw = False
1649.1859 	EXP 	QA_rec_break: autoDraw = False
1649.1859 	EXP 	QA_rec_text: autoDraw = True
1667.1529 	EXP 	QA_rec_break: autoDraw = True
1669.1583 	EXP 	New trial (rep=11, index=0): None
1670.2218 	EXP 	QA_rec_text: autoDraw = False
1670.2218 	EXP 	QA_rec_break: autoDraw = False
1670.2218 	EXP 	QA_rec_text: autoDraw = True
1688.2206 	EXP 	QA_rec_break: autoDraw = True
1690.2252 	EXP 	New trial (rep=12, index=0): None
1691.2895 	EXP 	QA_rec_text: autoDraw = False
1691.2895 	EXP 	QA_rec_break: autoDraw = False
1691.2895 	EXP 	QA_rec_text: autoDraw = True
1709.2717 	EXP 	QA_rec_break: autoDraw = True
1711.2764 	EXP 	New trial (rep=13, index=0): None
1712.3386 	EXP 	QA_rec_text: autoDraw = False
1712.3386 	EXP 	QA_rec_break: autoDraw = False
1712.3386 	EXP 	QA_rec_text: autoDraw = True
1730.3062 	EXP 	QA_rec_break: autoDraw = True
1732.3105 	EXP 	New trial (rep=14, index=0): None
1733.3746 	EXP 	QA_rec_text: autoDraw = False
1733.3746 	EXP 	QA_rec_break: autoDraw = False
1733.3746 	EXP 	QA_rec_text: autoDraw = True
1751.3406 	EXP 	QA_rec_break: autoDraw = True
1753.3456 	EXP 	New trial (rep=15, index=0): None
1754.4092 	EXP 	QA_rec_text: autoDraw = False
1754.4092 	EXP 	QA_rec_break: autoDraw = False
1754.4092 	EXP 	QA_rec_text: autoDraw = True
1772.4084 	EXP 	QA_rec_break: autoDraw = True
1774.3796 	EXP 	New trial (rep=16, index=0): None
1775.4425 	EXP 	QA_rec_text: autoDraw = False
1775.4425 	EXP 	QA_rec_break: autoDraw = False
1775.4425 	EXP 	QA_rec_text: autoDraw = True
1793.4429 	EXP 	QA_rec_break: autoDraw = True
1795.4150 	EXP 	New trial (rep=17, index=0): None
1796.4931 	EXP 	QA_rec_text: autoDraw = False
1796.4931 	EXP 	QA_rec_break: autoDraw = False
1796.4931 	EXP 	QA_rec_text: autoDraw = True
1814.4605 	EXP 	QA_rec_break: autoDraw = True
1816.4651 	EXP 	New trial (rep=18, index=0): None
1817.5274 	EXP 	QA_rec_text: autoDraw = False
1817.5274 	EXP 	QA_rec_break: autoDraw = False
1817.5274 	EXP 	QA_rec_text: autoDraw = True
1835.5283 	EXP 	QA_rec_break: autoDraw = True
1837.4996 	EXP 	New trial (rep=19, index=0): None
1838.5785 	EXP 	QA_rec_text: autoDraw = False
1838.5785 	EXP 	QA_rec_break: autoDraw = False
1838.5785 	EXP 	QA_rec_text: autoDraw = True
1856.5460 	EXP 	QA_rec_break: autoDraw = True
1858.5507 	EXP 	New trial (rep=20, index=0): None
1859.6137 	EXP 	QA_rec_text: autoDraw = False
1859.6137 	EXP 	QA_rec_break: autoDraw = False
1859.6137 	EXP 	QA_rec_text: autoDraw = True
1877.5971 	EXP 	QA_rec_break: autoDraw = True
1879.6019 	EXP 	New trial (rep=21, index=0): None
1880.6646 	EXP 	QA_rec_text: autoDraw = False
1880.6646 	EXP 	QA_rec_break: autoDraw = False
1880.6646 	EXP 	QA_rec_text: autoDraw = True
1898.6315 	EXP 	QA_rec_break: autoDraw = True
1900.6368 	EXP 	New trial (rep=22, index=0): None
1901.7001 	EXP 	QA_rec_text: autoDraw = False
1901.7001 	EXP 	QA_rec_break: autoDraw = False
1901.7001 	EXP 	QA_rec_text: autoDraw = True
1919.6994 	EXP 	QA_rec_break: autoDraw = True
1921.7064 	EXP 	New trial (rep=23, index=0): None
1922.7664 	EXP 	QA_rec_text: autoDraw = False
1922.7664 	EXP 	QA_rec_break: autoDraw = False
1922.7664 	EXP 	QA_rec_text: autoDraw = True
1940.7670 	EXP 	QA_rec_break: autoDraw = True
1942.7382 	EXP 	New trial (rep=24, index=0): None
1943.8014 	EXP 	QA_rec_text: autoDraw = False
1943.8014 	EXP 	QA_rec_break: autoDraw = False
1943.8014 	EXP 	QA_rec_text: autoDraw = True
1961.8015 	EXP 	QA_rec_break: autoDraw = True
1965.8516 	EXP 	QA_rec_text: autoDraw = False
1965.8516 	EXP 	QA_rec_break: autoDraw = False
1965.8516 	EXP 	Pause_cont: text = 'Press [space] key to continue.'
1965.8516 	EXP 	Pause_cont: autoDraw = True
1982.9048 	EXP 	New trial (rep=3, index=0): None
1983.9532 	EXP 	Pause_cont: autoDraw = False
1983.9532 	EXP 	fade_in_text: text = 'Please remain seated until further instruction via the earphone.'
1983.9532 	EXP 	fade_in_text: autoDraw = False
1983.9532 	EXP 	fade_in_text: text = 'Please remain seated until further instruction via the earphone.'
1983.9532 	EXP 	fade_in_text: autoDraw = True
1987.5471 	EXP 	window1: mouseVisible = True
