25.5437 	EXP 	Created instruction_text = TextStim(__class__=<class 'psychopy.visual.text.TextStim'>, alignHoriz='center', alignVert='center', antialias=True, autoLog=True, bold=False, color=array([1., 1., 1.]), colorSpace='rgb', contrast=1.0, depth=-0.0, flipHoriz=False, flipVert=False, font='Arial', fontFiles=[], height=0.06, italic=False, languageStyle='LTR', name='instruction_text', opacity=1.0, ori=0.0, pos=array([0.5, 0.1]), rgb=array([1., 1., 1.]), text=str(...), units='norm', win=Window(...), wrapWidth=1)
25.8208 	EXP 	Created instruction_cont = TextStim(__class__=<class 'psychopy.visual.text.TextStim'>, alignHoriz='center', alignVert='center', antialias=True, autoLog=True, bold=False, color=array([1., 1., 1.]), colorSpace='rgb', contrast=1.0, depth=-3.0, flipHoriz=False, flipVert=False, font='Arial', fontFiles=[], height=0.06, italic=False, languageStyle='LTR', name='instruction_cont', opacity=1.0, ori=0.0, pos=array([ 0.5, -0.4]), rgb=array([1., 1., 1.]), text='          Press [space] key to continue.', units='norm', win=Window(...), wrapWidth=1)
25.8329 	EXP 	Created Artifact_intro_title = TextStim(__class__=<class 'psychopy.visual.text.TextStim'>, alignHoriz='center', alignVert='center', antialias=True, autoLog=True, bold=False, color=array([1., 1., 1.]), colorSpace='rgb', contrast=1.0, depth=-0.0, flipHoriz=False, flipVert=False, font='Arial', fontFiles=[], height=0.06, italic=False, languageStyle='LTR', name='Artifact_intro_title', opacity=1.0, ori=0.0, pos=array([0.5, 0.4]), rgb=array([1., 1., 1.]), text='Muscular signal recording', units='norm', win=Window(...), wrapWidth=1)
25.8469 	EXP 	Created Artifact_intro_text = TextStim(__class__=<class 'psychopy.visual.text.TextStim'>, alignHoriz='center', alignVert='center', antialias=True, autoLog=True, bold=False, color=array([1., 1., 1.]), colorSpace='rgb', contrast=1.0, depth=-1.0, flipHoriz=False, flipVert=False, font='Arial', fontFiles=[], height=0.06, italic=False, languageStyle='LTR', name='Artifact_intro_text', opacity=1.0, ori=0.0, pos=array([0.5, 0. ]), rgb=array([1., 1., 1.]), text=str(...), units='norm', win=Window(...), wrapWidth=1)
25.8598 	EXP 	Created Artifact_intro_cont = TextStim(__class__=<class 'psychopy.visual.text.TextStim'>, alignHoriz='center', alignVert='center', antialias=True, autoLog=True, bold=False, color=array([1., 1., 1.]), colorSpace='rgb', contrast=1.0, depth=-4.0, flipHoriz=False, flipVert=False, font='Arial', fontFiles=[], height=0.06, italic=False, languageStyle='LTR', name='Artifact_intro_cont', opacity=1.0, ori=0.0, pos=array([0.5, 0. ]), rgb=array([1., 1., 1.]), text='          Press [space] key to continue.', units='norm', win=Window(...), wrapWidth=1)
25.8605 	EXP 	Created Artifact_rec_text = TextStim(__class__=<class 'psychopy.visual.text.TextStim'>, alignHoriz='center', alignVert='center', antialias=True, autoLog=True, bold=False, color=array([1., 1., 1.]), colorSpace='rgb', contrast=1.0, depth=-0.0, flipHoriz=False, flipVert=False, font='Arial', fontFiles=[], height=0.06, italic=False, languageStyle='LTR', name='Artifact_rec_text', opacity=1.0, ori=0.0, pos=array([0.5, 0.4]), rgb=array([1., 1., 1.]), text='', units='norm', win=Window(...), wrapWidth=1)
25.8626 	EXP 	Created Artifact_rec_recording = TextStim(__class__=<class 'psychopy.visual.text.TextStim'>, alignHoriz='center', alignVert='center', antialias=True, autoLog=True, bold=False, color=array([1., 1., 1.]), colorSpace='rgb', contrast=1.0, depth=-4.0, flipHoriz=False, flipVert=False, font='Arial', fontFiles=[], height=0.06, italic=False, languageStyle='LTR', name='Artifact_rec_recording', opacity=1.0, ori=0.0, pos=array([ 0.5, -0.4]), rgb=array([1., 1., 1.]), text='', units='norm', win=Window(...), wrapWidth=1)
25.8655 	EXP 	Created Artifact_rec_break = TextStim(__class__=<class 'psychopy.visual.text.TextStim'>, alignHoriz='center', alignVert='center', antialias=True, autoLog=True, bold=False, color=array([1., 1., 1.]), colorSpace='rgb', contrast=1.0, depth=-6.0, flipHoriz=False, flipVert=False, font='Arial', fontFiles=[], height=0.06, italic=False, languageStyle='LTR', name='Artifact_rec_break', opacity=1.0, ori=0.0, pos=array([ 0.5, -0.4]), rgb=array([1., 1., 1.]), text='Short break', units='norm', win=Window(...), wrapWidth=1)
25.8706 	EXP 	Created Cali_de_pre_intro_title = TextStim(__class__=<class 'psychopy.visual.text.TextStim'>, alignHoriz='center', alignVert='center', antialias=True, autoLog=True, bold=False, color=array([1., 1., 1.]), colorSpace='rgb', contrast=1.0, depth=-0.0, flipHoriz=False, flipVert=False, font='Arial', fontFiles=[], height=0.06, italic=False, languageStyle='LTR', name='Cali_de_pre_intro_title', opacity=1.0, ori=0.0, pos=array([0.5, 0.4]), rgb=array([1., 1., 1.]), text='READ OUT BLOCK (GERMAN)', units='norm', win=Window(...), wrapWidth=1)
25.8785 	EXP 	Created Cali_de_pre_intro_text = TextStim(__class__=<class 'psychopy.visual.text.TextStim'>, alignHoriz='center', alignVert='center', antialias=True, autoLog=True, bold=False, color=array([1., 1., 1.]), colorSpace='rgb', contrast=1.0, depth=-1.0, flipHoriz=False, flipVert=False, font='Arial', fontFiles=[], height=0.06, italic=False, languageStyle='LTR', name='Cali_de_pre_intro_text', opacity=1.0, ori=0.0, pos=array([0.5, 0. ]), rgb=array([1., 1., 1.]), text=str(...), units='norm', win=Window(...), wrapWidth=1)
25.8835 	EXP 	Created Cali_de_pre_intro_cont = TextStim(__class__=<class 'psychopy.visual.text.TextStim'>, alignHoriz='center', alignVert='center', antialias=True, autoLog=True, bold=False, color=array([1., 1., 1.]), colorSpace='rgb', contrast=1.0, depth=-4.0, flipHoriz=False, flipVert=False, font='Arial', fontFiles=[], height=0.06, italic=False, languageStyle='LTR', name='Cali_de_pre_intro_cont', opacity=1.0, ori=0.0, pos=array([0.5, 0. ]), rgb=array([1., 1., 1.]), text='          Press [space] key to continue.', units='norm', win=Window(...), wrapWidth=1)
25.8839 	EXP 	Created Cali_de_pre_rec_text = TextStim(__class__=<class 'psychopy.visual.text.TextStim'>, alignHoriz='center', alignVert='center', antialias=True, autoLog=True, bold=False, color=array([1., 1., 1.]), colorSpace='rgb', contrast=1.0, depth=-0.0, flipHoriz=False, flipVert=False, font='Arial', fontFiles=[], height=0.06, italic=False, languageStyle='LTR', name='Cali_de_pre_rec_text', opacity=1.0, ori=0.0, pos=array([0.5, 0.4]), rgb=array([1., 1., 1.]), text='', units='norm', win=Window(...), wrapWidth=1)
25.8847 	EXP 	Created Cali_de_pre_rec_question_text = TextStim(__class__=<class 'psychopy.visual.text.TextStim'>, alignHoriz='center', alignVert='center', antialias=True, autoLog=True, bold=False, color=array([1., 1., 1.]), colorSpace='rgb', contrast=1.0, depth=-2.0, flipHoriz=False, flipVert=False, font='Arial', fontFiles=[], height=0.06, italic=False, languageStyle='LTR', name='Cali_de_pre_rec_question_text', opacity=1.0, ori=0.0, pos=array([0.5, 0. ]), rgb=array([1., 1., 1.]), text='', units='norm', win=Window(...), wrapWidth=1)
25.8869 	EXP 	Created Cali_de_pre_rec_break = TextStim(__class__=<class 'psychopy.visual.text.TextStim'>, alignHoriz='center', alignVert='center', antialias=True, autoLog=True, bold=False, color=array([1., 1., 1.]), colorSpace='rgb', contrast=1.0, depth=-6.0, flipHoriz=False, flipVert=False, font='Arial', fontFiles=[], height=0.06, italic=False, languageStyle='LTR', name='Cali_de_pre_rec_break', opacity=1.0, ori=0.0, pos=array([ 0.5, -0.4]), rgb=array([1., 1., 1.]), text='Short break', units='norm', win=Window(...), wrapWidth=1)
25.8873 	EXP 	Created fade_in_text = TextStim(__class__=<class 'psychopy.visual.text.TextStim'>, alignHoriz='center', alignVert='center', antialias=True, autoLog=True, bold=False, color=array([1., 1., 1.]), colorSpace='rgb', contrast=1.0, depth=-0.0, flipHoriz=False, flipVert=False, font='Arial', fontFiles=[], height=0.06, italic=False, languageStyle='LTR', name='fade_in_text', opacity=1.0, ori=0.0, pos=array([0.5, 0.4]), rgb=array([1., 1., 1.]), text='', units='norm', win=Window(...), wrapWidth=1)
25.8892 	EXP 	Created RS_intro_title = TextStim(__class__=<class 'psychopy.visual.text.TextStim'>, alignHoriz='center', alignVert='center', antialias=True, autoLog=True, bold=False, color=array([1., 1., 1.]), colorSpace='rgb', contrast=1.0, depth=-0.0, flipHoriz=False, flipVert=False, font='Arial', fontFiles=[], height=0.06, italic=False, languageStyle='LTR', name='RS_intro_title', opacity=1.0, ori=0.0, pos=array([0.5, 0.4]), rgb=array([1., 1., 1.]), text='REST STATE BLOCK', units='norm', win=Window(...), wrapWidth=1)
25.8949 	EXP 	Created RS_intro_text = TextStim(__class__=<class 'psychopy.visual.text.TextStim'>, alignHoriz='center', alignVert='center', antialias=True, autoLog=True, bold=False, color=array([1., 1., 1.]), colorSpace='rgb', contrast=1.0, depth=-1.0, flipHoriz=False, flipVert=False, font='Arial', fontFiles=[], height=0.06, italic=False, languageStyle='LTR', name='RS_intro_text', opacity=1.0, ori=0.0, pos=array([0.5, 0. ]), rgb=array([1., 1., 1.]), text=str(...), units='norm', win=Window(...), wrapWidth=1)
25.9001 	EXP 	Created RS_rec_text = TextStim(__class__=<class 'psychopy.visual.text.TextStim'>, alignHoriz='center', alignVert='center', antialias=True, autoLog=True, bold=False, color=array([1., 1., 1.]), colorSpace='rgb', contrast=1.0, depth=-0.0, flipHoriz=False, flipVert=False, font='Arial', fontFiles=[], height=0.06, italic=False, languageStyle='LTR', name='RS_rec_text', opacity=1.0, ori=0.0, pos=array([0.5, 0. ]), rgb=array([1., 1., 1.]), text=str(...), units='norm', win=Window(...), wrapWidth=1)
25.9024 	EXP 	Created QA_intro_title = TextStim(__class__=<class 'psychopy.visual.text.TextStim'>, alignHoriz='center', alignVert='center', antialias=True, autoLog=True, bold=False, color=array([1., 1., 1.]), colorSpace='rgb', contrast=1.0, depth=-0.0, flipHoriz=False, flipVert=False, font='Arial', fontFiles=[], height=0.06, italic=False, languageStyle='LTR', name='QA_intro_title', opacity=1.0, ori=0.0, pos=array([0.5, 0.5]), rgb=array([1., 1., 1.]), text='Q&A BLOCK', units='norm', win=Window(...), wrapWidth=1)
25.9113 	EXP 	Created QA_intro_text = TextStim(__class__=<class 'psychopy.visual.text.TextStim'>, alignHoriz='center', alignVert='center', antialias=True, autoLog=True, bold=False, color=array([1., 1., 1.]), colorSpace='rgb', contrast=1.0, depth=-1.0, flipHoriz=False, flipVert=False, font='Arial', fontFiles=[], height=0.06, italic=False, languageStyle='LTR', name='QA_intro_text', opacity=1.0, ori=0.0, pos=array([0.5, 0. ]), rgb=array([1., 1., 1.]), text=str(...), units='norm', win=Window(...), wrapWidth=1)
25.9155 	EXP 	Created QA_intro_cont = TextStim(__class__=<class 'psychopy.visual.text.TextStim'>, alignHoriz='center', alignVert='center', antialias=True, autoLog=True, bold=False, color=array([1., 1., 1.]), colorSpace='rgb', contrast=1.0, depth=-4.0, flipHoriz=False, flipVert=False, font='Arial', fontFiles=[], height=0.06, italic=False, languageStyle='LTR', name='QA_intro_cont', opacity=1.0, ori=0.0, pos=array([0.5, 0. ]), rgb=array([1., 1., 1.]), text='          Press [space] key to continue.', units='norm', win=Window(...), wrapWidth=1)
25.9183 	EXP 	Created QA_rec_text = TextStim(__class__=<class 'psychopy.visual.text.TextStim'>, alignHoriz='center', alignVert='center', antialias=True, autoLog=True, bold=False, color=array([1., 1., 1.]), colorSpace='rgb', contrast=1.0, depth=-0.0, flipHoriz=False, flipVert=False, font='Arial', fontFiles=[], height=0.06, italic=False, languageStyle='LTR', name='QA_rec_text', opacity=1.0, ori=0.0, pos=array([0.5, 0. ]), rgb=array([1., 1., 1.]), text=str(...), units='norm', win=Window(...), wrapWidth=1)
25.9220 	EXP 	Created QA_rec_break = TextStim(__class__=<class 'psychopy.visual.text.TextStim'>, alignHoriz='center', alignVert='center', antialias=True, autoLog=True, bold=False, color=array([1., 1., 1.]), colorSpace='rgb', contrast=1.0, depth=-6.0, flipHoriz=False, flipVert=False, font='Arial', fontFiles=[], height=0.06, italic=False, languageStyle='LTR', name='QA_rec_break', opacity=1.0, ori=0.0, pos=array([ 0.5, -0.4]), rgb=array([1., 1., 1.]), text='Short break', units='norm', win=Window(...), wrapWidth=1)
25.9261 	EXP 	Created Pause_cont = TextStim(__class__=<class 'psychopy.visual.text.TextStim'>, alignHoriz='center', alignVert='center', antialias=True, autoLog=True, bold=False, color=array([1., 1., 1.]), colorSpace='rgb', contrast=1.0, depth=-2.0, flipHoriz=False, flipVert=False, font='Arial', fontFiles=[], height=0.06, italic=False, languageStyle='LTR', name='Pause_cont', opacity=1.0, ori=0.0, pos=array([0.5, 0. ]), rgb=array([1., 1., 1.]), text=str(...), units='norm', win=Window(...), wrapWidth=1)
25.9282 	EXP 	Created Cali_de_post_intro_title = TextStim(__class__=<class 'psychopy.visual.text.TextStim'>, alignHoriz='center', alignVert='center', antialias=True, autoLog=True, bold=False, color=array([1., 1., 1.]), colorSpace='rgb', contrast=1.0, depth=-0.0, flipHoriz=False, flipVert=False, font='Arial', fontFiles=[], height=0.06, italic=False, languageStyle='LTR', name='Cali_de_post_intro_title', opacity=1.0, ori=0.0, pos=array([0.5, 0.4]), rgb=array([1., 1., 1.]), text='READ OUT BLOCK (GERMAN)', units='norm', win=Window(...), wrapWidth=1)
25.9709 	EXP 	Created Cali_de_post_intro_text = TextStim(__class__=<class 'psychopy.visual.text.TextStim'>, alignHoriz='center', alignVert='center', antialias=True, autoLog=True, bold=False, color=array([1., 1., 1.]), colorSpace='rgb', contrast=1.0, depth=-1.0, flipHoriz=False, flipVert=False, font='Arial', fontFiles=[], height=0.06, italic=False, languageStyle='LTR', name='Cali_de_post_intro_text', opacity=1.0, ori=0.0, pos=array([0.5, 0. ]), rgb=array([1., 1., 1.]), text=str(...), units='norm', win=Window(...), wrapWidth=1)
25.9758 	EXP 	Created Cali_de_post_intro_cont = TextStim(__class__=<class 'psychopy.visual.text.TextStim'>, alignHoriz='center', alignVert='center', antialias=True, autoLog=True, bold=False, color=array([1., 1., 1.]), colorSpace='rgb', contrast=1.0, depth=-4.0, flipHoriz=False, flipVert=False, font='Arial', fontFiles=[], height=0.06, italic=False, languageStyle='LTR', name='Cali_de_post_intro_cont', opacity=1.0, ori=0.0, pos=array([0.5, 0. ]), rgb=array([1., 1., 1.]), text='          Press [space] key to continue.', units='norm', win=Window(...), wrapWidth=1)
25.9762 	EXP 	Created Cali_de_post_rec_text = TextStim(__class__=<class 'psychopy.visual.text.TextStim'>, alignHoriz='center', alignVert='center', antialias=True, autoLog=True, bold=False, color=array([1., 1., 1.]), colorSpace='rgb', contrast=1.0, depth=-0.0, flipHoriz=False, flipVert=False, font='Arial', fontFiles=[], height=0.06, italic=False, languageStyle='LTR', name='Cali_de_post_rec_text', opacity=1.0, ori=0.0, pos=array([0.5, 0.4]), rgb=array([1., 1., 1.]), text='', units='norm', win=Window(...), wrapWidth=1)
25.9770 	EXP 	Created Cali_de_post_rec_question_text = TextStim(__class__=<class 'psychopy.visual.text.TextStim'>, alignHoriz='center', alignVert='center', antialias=True, autoLog=True, bold=False, color=array([1., 1., 1.]), colorSpace='rgb', contrast=1.0, depth=-2.0, flipHoriz=False, flipVert=False, font='Arial', fontFiles=[], height=0.06, italic=False, languageStyle='LTR', name='Cali_de_post_rec_question_text', opacity=1.0, ori=0.0, pos=array([0.5, 0. ]), rgb=array([1., 1., 1.]), text='', units='norm', win=Window(...), wrapWidth=1)
25.9791 	EXP 	Created Cali_de_post_rec_break = TextStim(__class__=<class 'psychopy.visual.text.TextStim'>, alignHoriz='center', alignVert='center', antialias=True, autoLog=True, bold=False, color=array([1., 1., 1.]), colorSpace='rgb', contrast=1.0, depth=-6.0, flipHoriz=False, flipVert=False, font='Arial', fontFiles=[], height=0.06, italic=False, languageStyle='LTR', name='Cali_de_post_rec_break', opacity=1.0, ori=0.0, pos=array([ 0.5, -0.4]), rgb=array([1., 1., 1.]), text='Short break', units='norm', win=Window(...), wrapWidth=1)
25.9824 	EXP 	Created the_end_text = TextStim(__class__=<class 'psychopy.visual.text.TextStim'>, alignHoriz='center', alignVert='center', antialias=True, autoLog=True, bold=False, color=array([1., 1., 1.]), colorSpace='rgb', contrast=1.0, depth=-1.0, flipHoriz=False, flipVert=False, font='Arial', fontFiles=[], height=0.06, italic=False, languageStyle='LTR', name='the_end_text', opacity=1.0, ori=0.0, pos=array([0.7, 0. ]), rgb=array([1., 1., 1.]), text=str(...), units='norm', win=Window(...), wrapWidth=1)
27.9867 	EXP 	Created sequence: random, trialTypes=1, nReps=4, seed=None
27.9876 	EXP 	New trial (rep=0, index=0): None
29.0210 	EXP 	fade_in_text: text = 'Please remain seated until further instruction via the earphone.'
29.0210 	EXP 	fade_in_text: autoDraw = True
35.0213 	EXP 	fade_in_text: autoDraw = True
35.0379 	EXP 	fade_in_text: autoDraw = True
35.0546 	EXP 	fade_in_text: autoDraw = True
35.0713 	EXP 	fade_in_text: autoDraw = True
35.0879 	EXP 	fade_in_text: autoDraw = True
35.1046 	EXP 	fade_in_text: autoDraw = True
35.1213 	EXP 	fade_in_text: autoDraw = True
35.1379 	EXP 	fade_in_text: autoDraw = True
35.1546 	EXP 	fade_in_text: autoDraw = True
35.1713 	EXP 	fade_in_text: autoDraw = True
35.1879 	EXP 	fade_in_text: autoDraw = True
35.2046 	EXP 	fade_in_text: autoDraw = True
35.2213 	EXP 	fade_in_text: autoDraw = True
35.2380 	EXP 	fade_in_text: autoDraw = True
35.2546 	EXP 	fade_in_text: autoDraw = True
35.2713 	EXP 	fade_in_text: autoDraw = True
35.2879 	EXP 	fade_in_text: autoDraw = True
35.3046 	EXP 	fade_in_text: autoDraw = True
35.3213 	EXP 	fade_in_text: autoDraw = True
35.3380 	EXP 	fade_in_text: autoDraw = True
35.3546 	EXP 	fade_in_text: autoDraw = True
35.3715 	EXP 	fade_in_text: autoDraw = True
35.3879 	EXP 	fade_in_text: autoDraw = True
35.4047 	EXP 	fade_in_text: autoDraw = True
35.4213 	EXP 	fade_in_text: autoDraw = True
35.4380 	EXP 	fade_in_text: autoDraw = True
35.4546 	EXP 	fade_in_text: autoDraw = True
35.4715 	EXP 	fade_in_text: autoDraw = True
35.4879 	EXP 	fade_in_text: autoDraw = True
35.5046 	EXP 	fade_in_text: autoDraw = True
35.5213 	EXP 	fade_in_text: autoDraw = True
35.5380 	EXP 	fade_in_text: autoDraw = True
35.5546 	EXP 	fade_in_text: autoDraw = True
35.5715 	EXP 	fade_in_text: autoDraw = True
35.5879 	EXP 	fade_in_text: autoDraw = True
35.6046 	EXP 	fade_in_text: autoDraw = True
35.6213 	EXP 	fade_in_text: autoDraw = True
35.6380 	EXP 	fade_in_text: autoDraw = True
35.6546 	EXP 	fade_in_text: autoDraw = True
35.6715 	EXP 	fade_in_text: autoDraw = True
35.6879 	EXP 	fade_in_text: autoDraw = True
35.7046 	EXP 	fade_in_text: autoDraw = True
35.7213 	EXP 	fade_in_text: autoDraw = True
35.7380 	EXP 	fade_in_text: autoDraw = True
35.7546 	EXP 	fade_in_text: autoDraw = True
35.7713 	EXP 	fade_in_text: autoDraw = True
35.7879 	EXP 	fade_in_text: autoDraw = True
35.8047 	EXP 	fade_in_text: autoDraw = True
35.8213 	EXP 	fade_in_text: autoDraw = True
35.8380 	EXP 	fade_in_text: autoDraw = True
35.8546 	EXP 	fade_in_text: autoDraw = True
35.8712 	EXP 	fade_in_text: autoDraw = True
35.8879 	EXP 	fade_in_text: autoDraw = True
35.9047 	EXP 	fade_in_text: autoDraw = True
35.9213 	EXP 	fade_in_text: autoDraw = True
35.9380 	EXP 	fade_in_text: autoDraw = True
35.9546 	EXP 	fade_in_text: autoDraw = True
35.9713 	EXP 	fade_in_text: autoDraw = True
35.9879 	EXP 	fade_in_text: autoDraw = True
36.0047 	EXP 	fade_in_text: autoDraw = True
36.0214 	EXP 	fade_in_text: autoDraw = True
36.0380 	EXP 	fade_in_text: autoDraw = True
36.0548 	EXP 	fade_in_text: autoDraw = True
36.0712 	EXP 	fade_in_text: autoDraw = True
36.0880 	EXP 	fade_in_text: autoDraw = True
36.1047 	EXP 	fade_in_text: autoDraw = True
36.1214 	EXP 	fade_in_text: autoDraw = True
36.1380 	EXP 	fade_in_text: autoDraw = True
36.1548 	EXP 	fade_in_text: autoDraw = True
36.1712 	EXP 	fade_in_text: autoDraw = True
36.1880 	EXP 	fade_in_text: autoDraw = True
36.2047 	EXP 	fade_in_text: autoDraw = True
36.2213 	EXP 	fade_in_text: autoDraw = True
36.2380 	EXP 	fade_in_text: autoDraw = True
36.2548 	EXP 	fade_in_text: autoDraw = True
36.2713 	EXP 	fade_in_text: autoDraw = True
36.2880 	EXP 	fade_in_text: autoDraw = True
36.3047 	EXP 	fade_in_text: autoDraw = True
36.3213 	EXP 	fade_in_text: autoDraw = True
36.3380 	EXP 	fade_in_text: autoDraw = True
36.3548 	EXP 	fade_in_text: autoDraw = True
36.3713 	EXP 	fade_in_text: autoDraw = True
36.3880 	EXP 	fade_in_text: autoDraw = True
36.4047 	EXP 	fade_in_text: autoDraw = True
36.4213 	EXP 	fade_in_text: autoDraw = True
36.4380 	EXP 	fade_in_text: autoDraw = True
36.4547 	EXP 	fade_in_text: autoDraw = True
36.4713 	EXP 	fade_in_text: autoDraw = True
36.4880 	EXP 	fade_in_text: autoDraw = True
36.5047 	EXP 	fade_in_text: autoDraw = True
36.5214 	EXP 	fade_in_text: autoDraw = True
36.5380 	EXP 	fade_in_text: autoDraw = True
36.5546 	EXP 	fade_in_text: autoDraw = True
36.5713 	EXP 	fade_in_text: autoDraw = True
36.5880 	EXP 	fade_in_text: autoDraw = True
36.6047 	EXP 	fade_in_text: autoDraw = True
36.6214 	EXP 	fade_in_text: autoDraw = True
36.6380 	EXP 	fade_in_text: autoDraw = True
36.6546 	EXP 	fade_in_text: autoDraw = True
36.6713 	EXP 	fade_in_text: autoDraw = True
36.6880 	EXP 	fade_in_text: autoDraw = True
36.7047 	EXP 	fade_in_text: autoDraw = True
36.7215 	EXP 	fade_in_text: autoDraw = True
36.7382 	EXP 	fade_in_text: autoDraw = True
36.7546 	EXP 	fade_in_text: autoDraw = True
36.7713 	EXP 	fade_in_text: autoDraw = True
36.7880 	EXP 	fade_in_text: autoDraw = True
36.8047 	EXP 	fade_in_text: autoDraw = True
36.8215 	EXP 	fade_in_text: autoDraw = True
36.8382 	EXP 	fade_in_text: autoDraw = True
36.8546 	EXP 	fade_in_text: autoDraw = True
36.8714 	EXP 	fade_in_text: autoDraw = True
36.8880 	EXP 	fade_in_text: autoDraw = True
36.9047 	EXP 	fade_in_text: autoDraw = True
36.9214 	EXP 	fade_in_text: autoDraw = True
36.9382 	EXP 	fade_in_text: autoDraw = True
36.9546 	EXP 	fade_in_text: autoDraw = True
36.9714 	EXP 	fade_in_text: autoDraw = True
36.9880 	EXP 	fade_in_text: autoDraw = True
37.0047 	EXP 	fade_in_text: autoDraw = True
37.0214 	EXP 	fade_in_text: autoDraw = True
37.0382 	EXP 	fade_in_text: autoDraw = True
37.0546 	EXP 	fade_in_text: autoDraw = True
37.0714 	EXP 	fade_in_text: autoDraw = True
37.0880 	EXP 	fade_in_text: autoDraw = True
37.1047 	EXP 	fade_in_text: autoDraw = True
37.1214 	EXP 	fade_in_text: autoDraw = True
37.1381 	EXP 	fade_in_text: autoDraw = True
37.1546 	EXP 	fade_in_text: autoDraw = True
37.1714 	EXP 	fade_in_text: autoDraw = True
37.1881 	EXP 	fade_in_text: autoDraw = True
37.2047 	EXP 	fade_in_text: autoDraw = True
37.2214 	EXP 	fade_in_text: autoDraw = True
37.2380 	EXP 	fade_in_text: autoDraw = True
37.2546 	EXP 	fade_in_text: autoDraw = True
37.2714 	EXP 	fade_in_text: autoDraw = True
37.2881 	EXP 	fade_in_text: autoDraw = True
37.3047 	EXP 	fade_in_text: autoDraw = True
37.3214 	EXP 	fade_in_text: autoDraw = True
37.3380 	EXP 	fade_in_text: autoDraw = True
37.3546 	EXP 	fade_in_text: autoDraw = True
37.3714 	EXP 	fade_in_text: autoDraw = True
37.3881 	EXP 	fade_in_text: autoDraw = True
37.4047 	EXP 	fade_in_text: autoDraw = True
37.4215 	EXP 	fade_in_text: autoDraw = True
37.4381 	EXP 	fade_in_text: autoDraw = True
37.4547 	EXP 	fade_in_text: autoDraw = True
37.4714 	EXP 	fade_in_text: autoDraw = True
37.4881 	EXP 	fade_in_text: autoDraw = True
37.5047 	EXP 	fade_in_text: autoDraw = True
37.5216 	EXP 	fade_in_text: autoDraw = True
37.5381 	EXP 	fade_in_text: autoDraw = True
37.5547 	EXP 	fade_in_text: autoDraw = True
37.5714 	EXP 	fade_in_text: autoDraw = True
37.5881 	EXP 	fade_in_text: autoDraw = True
37.6047 	EXP 	fade_in_text: autoDraw = True
37.6216 	EXP 	fade_in_text: autoDraw = True
37.6381 	EXP 	fade_in_text: autoDraw = True
37.6547 	EXP 	fade_in_text: autoDraw = True
37.6714 	EXP 	fade_in_text: autoDraw = True
37.6881 	EXP 	fade_in_text: autoDraw = True
37.7048 	EXP 	fade_in_text: autoDraw = True
37.7216 	EXP 	fade_in_text: autoDraw = True
37.7381 	EXP 	fade_in_text: autoDraw = True
37.7548 	EXP 	fade_in_text: autoDraw = True
37.7714 	EXP 	fade_in_text: autoDraw = True
37.7881 	EXP 	fade_in_text: autoDraw = True
37.8047 	EXP 	fade_in_text: autoDraw = True
37.8216 	EXP 	fade_in_text: autoDraw = True
37.8381 	EXP 	fade_in_text: autoDraw = True
37.8547 	EXP 	fade_in_text: autoDraw = True
37.8714 	EXP 	fade_in_text: autoDraw = True
37.8881 	EXP 	fade_in_text: autoDraw = True
37.9048 	EXP 	fade_in_text: autoDraw = True
37.9214 	EXP 	fade_in_text: autoDraw = True
37.9381 	EXP 	fade_in_text: autoDraw = True
37.9548 	EXP 	fade_in_text: autoDraw = True
37.9714 	EXP 	fade_in_text: autoDraw = True
37.9881 	EXP 	fade_in_text: autoDraw = True
38.0048 	EXP 	fade_in_text: autoDraw = True
38.0214 	EXP 	fade_in_text: autoDraw = True
38.0381 	EXP 	fade_in_text: autoDraw = True
38.0548 	EXP 	fade_in_text: autoDraw = True
38.0714 	EXP 	fade_in_text: autoDraw = True
38.0881 	EXP 	fade_in_text: autoDraw = True
38.1048 	EXP 	fade_in_text: autoDraw = True
38.1214 	EXP 	fade_in_text: autoDraw = True
38.1381 	EXP 	fade_in_text: autoDraw = True
38.1548 	EXP 	fade_in_text: autoDraw = True
38.1715 	EXP 	fade_in_text: autoDraw = True
38.1881 	EXP 	fade_in_text: autoDraw = True
38.2049 	EXP 	fade_in_text: autoDraw = True
38.2214 	EXP 	fade_in_text: autoDraw = True
38.2381 	EXP 	fade_in_text: autoDraw = True
38.2548 	EXP 	fade_in_text: autoDraw = True
38.2714 	EXP 	fade_in_text: autoDraw = True
38.2881 	EXP 	fade_in_text: autoDraw = True
38.3049 	EXP 	fade_in_text: autoDraw = True
38.3214 	EXP 	fade_in_text: autoDraw = True
38.3381 	EXP 	fade_in_text: autoDraw = True
38.3548 	EXP 	fade_in_text: autoDraw = True
38.3714 	EXP 	fade_in_text: autoDraw = True
38.3881 	EXP 	fade_in_text: autoDraw = True
38.4050 	EXP 	fade_in_text: autoDraw = True
38.4215 	EXP 	fade_in_text: autoDraw = True
38.4381 	EXP 	fade_in_text: autoDraw = True
38.4548 	EXP 	fade_in_text: autoDraw = True
38.4714 	EXP 	fade_in_text: autoDraw = True
38.4881 	EXP 	fade_in_text: autoDraw = True
38.5049 	EXP 	fade_in_text: autoDraw = True
38.5214 	EXP 	fade_in_text: autoDraw = True
38.5381 	EXP 	fade_in_text: autoDraw = True
38.5548 	EXP 	fade_in_text: autoDraw = True
38.5715 	EXP 	fade_in_text: autoDraw = True
38.5881 	EXP 	fade_in_text: autoDraw = True
38.6047 	EXP 	fade_in_text: autoDraw = True
38.6215 	EXP 	fade_in_text: autoDraw = True
38.6381 	EXP 	fade_in_text: autoDraw = True
38.6548 	EXP 	fade_in_text: autoDraw = True
38.6715 	EXP 	fade_in_text: autoDraw = True
38.6881 	EXP 	fade_in_text: autoDraw = True
38.7047 	EXP 	fade_in_text: autoDraw = True
38.7214 	EXP 	fade_in_text: autoDraw = True
38.7381 	EXP 	fade_in_text: autoDraw = True
38.7548 	EXP 	fade_in_text: autoDraw = True
38.7715 	EXP 	fade_in_text: autoDraw = True
38.7882 	EXP 	fade_in_text: autoDraw = True
38.8047 	EXP 	fade_in_text: autoDraw = True
38.8215 	EXP 	fade_in_text: autoDraw = True
38.8381 	EXP 	fade_in_text: autoDraw = True
38.8548 	EXP 	fade_in_text: autoDraw = True
38.8715 	EXP 	fade_in_text: autoDraw = True
38.8883 	EXP 	fade_in_text: autoDraw = True
38.9047 	EXP 	fade_in_text: autoDraw = True
38.9215 	EXP 	fade_in_text: autoDraw = True
38.9381 	EXP 	fade_in_text: autoDraw = True
38.9548 	EXP 	fade_in_text: autoDraw = True
38.9715 	EXP 	fade_in_text: autoDraw = True
38.9883 	EXP 	fade_in_text: autoDraw = True
39.0047 	EXP 	fade_in_text: autoDraw = True
39.0215 	EXP 	fade_in_text: autoDraw = True
39.0382 	EXP 	fade_in_text: autoDraw = True
39.0548 	EXP 	fade_in_text: autoDraw = True
39.0715 	EXP 	fade_in_text: autoDraw = True
39.0883 	EXP 	fade_in_text: autoDraw = True
39.1047 	EXP 	fade_in_text: autoDraw = True
39.1215 	EXP 	fade_in_text: autoDraw = True
39.1382 	EXP 	fade_in_text: autoDraw = True
39.1548 	EXP 	fade_in_text: autoDraw = True
39.1715 	EXP 	fade_in_text: autoDraw = True
39.1882 	EXP 	fade_in_text: autoDraw = True
39.2047 	EXP 	fade_in_text: autoDraw = True
39.2215 	EXP 	fade_in_text: autoDraw = True
39.2382 	EXP 	fade_in_text: autoDraw = True
39.2548 	EXP 	fade_in_text: autoDraw = True
39.2715 	EXP 	fade_in_text: autoDraw = True
39.2881 	EXP 	fade_in_text: autoDraw = True
39.3047 	EXP 	fade_in_text: autoDraw = True
39.3215 	EXP 	fade_in_text: autoDraw = True
39.3382 	EXP 	fade_in_text: autoDraw = True
39.3548 	EXP 	fade_in_text: autoDraw = True
39.3715 	EXP 	fade_in_text: autoDraw = True
39.3881 	EXP 	fade_in_text: autoDraw = True
39.4048 	EXP 	fade_in_text: autoDraw = True
39.4215 	EXP 	fade_in_text: autoDraw = True
39.4382 	EXP 	fade_in_text: autoDraw = True
39.4548 	EXP 	fade_in_text: autoDraw = True
39.4717 	EXP 	fade_in_text: autoDraw = True
39.4881 	EXP 	fade_in_text: autoDraw = True
39.5048 	EXP 	fade_in_text: autoDraw = True
39.5215 	EXP 	fade_in_text: autoDraw = True
39.5382 	EXP 	fade_in_text: autoDraw = True
39.5549 	EXP 	fade_in_text: autoDraw = True
39.5717 	EXP 	fade_in_text: autoDraw = True
39.5881 	EXP 	fade_in_text: autoDraw = True
39.6048 	EXP 	fade_in_text: autoDraw = True
39.6215 	EXP 	fade_in_text: autoDraw = True
39.6382 	EXP 	fade_in_text: autoDraw = True
39.6549 	EXP 	fade_in_text: autoDraw = True
39.6717 	EXP 	fade_in_text: autoDraw = True
39.6881 	EXP 	fade_in_text: autoDraw = True
39.7048 	EXP 	fade_in_text: autoDraw = True
39.7215 	EXP 	fade_in_text: autoDraw = True
39.7382 	EXP 	fade_in_text: autoDraw = True
39.7548 	EXP 	fade_in_text: autoDraw = True
39.7718 	EXP 	fade_in_text: autoDraw = True
39.7882 	EXP 	fade_in_text: autoDraw = True
39.8049 	EXP 	fade_in_text: autoDraw = True
39.8215 	EXP 	fade_in_text: autoDraw = True
39.8382 	EXP 	fade_in_text: autoDraw = True
39.8548 	EXP 	fade_in_text: autoDraw = True
39.8716 	EXP 	fade_in_text: autoDraw = True
39.8881 	EXP 	fade_in_text: autoDraw = True
39.9048 	EXP 	fade_in_text: autoDraw = True
39.9215 	EXP 	fade_in_text: autoDraw = True
39.9383 	EXP 	fade_in_text: autoDraw = True
39.9549 	EXP 	fade_in_text: autoDraw = True
39.9715 	EXP 	fade_in_text: autoDraw = True
39.9881 	EXP 	fade_in_text: autoDraw = True
40.0049 	EXP 	fade_in_text: autoDraw = True
40.0215 	EXP 	fade_in_text: autoDraw = True
40.0382 	EXP 	fade_in_text: autoDraw = True
40.0549 	EXP 	fade_in_text: autoDraw = True
40.0714 	EXP 	fade_in_text: autoDraw = True
40.0881 	EXP 	fade_in_text: autoDraw = True
40.1049 	EXP 	fade_in_text: autoDraw = True
40.1215 	EXP 	fade_in_text: autoDraw = True
40.1382 	EXP 	fade_in_text: autoDraw = True
40.1549 	EXP 	fade_in_text: autoDraw = True
40.1715 	EXP 	fade_in_text: autoDraw = True
40.1882 	EXP 	fade_in_text: autoDraw = True
40.2049 	EXP 	fade_in_text: autoDraw = True
40.2215 	EXP 	fade_in_text: autoDraw = True
40.2382 	EXP 	fade_in_text: autoDraw = True
40.2550 	EXP 	fade_in_text: autoDraw = True
40.2715 	EXP 	fade_in_text: autoDraw = True
40.2882 	EXP 	fade_in_text: autoDraw = True
40.3049 	EXP 	fade_in_text: autoDraw = True
40.3215 	EXP 	fade_in_text: autoDraw = True
40.3383 	EXP 	fade_in_text: autoDraw = True
40.3550 	EXP 	fade_in_text: autoDraw = True
40.3715 	EXP 	fade_in_text: autoDraw = True
40.3882 	EXP 	fade_in_text: autoDraw = True
40.4049 	EXP 	fade_in_text: autoDraw = True
40.4216 	EXP 	fade_in_text: autoDraw = True
40.4383 	EXP 	fade_in_text: autoDraw = True
40.4551 	EXP 	fade_in_text: autoDraw = True
40.4715 	EXP 	fade_in_text: autoDraw = True
40.4882 	EXP 	fade_in_text: autoDraw = True
40.5049 	EXP 	fade_in_text: autoDraw = True
40.5216 	EXP 	fade_in_text: autoDraw = True
40.5383 	EXP 	fade_in_text: autoDraw = True
40.5549 	EXP 	fade_in_text: autoDraw = True
40.5715 	EXP 	fade_in_text: autoDraw = True
40.5882 	EXP 	fade_in_text: autoDraw = True
40.6049 	EXP 	fade_in_text: autoDraw = True
40.6216 	EXP 	fade_in_text: autoDraw = True
40.6382 	EXP 	fade_in_text: autoDraw = True
40.6548 	EXP 	fade_in_text: autoDraw = True
40.6715 	EXP 	fade_in_text: autoDraw = True
40.6882 	EXP 	fade_in_text: autoDraw = True
40.7049 	EXP 	fade_in_text: autoDraw = True
40.7216 	EXP 	fade_in_text: autoDraw = True
40.7383 	EXP 	fade_in_text: autoDraw = True
40.7548 	EXP 	fade_in_text: autoDraw = True
40.7715 	EXP 	fade_in_text: autoDraw = True
40.7882 	EXP 	fade_in_text: autoDraw = True
40.8049 	EXP 	fade_in_text: autoDraw = True
40.8216 	EXP 	fade_in_text: autoDraw = True
40.8385 	EXP 	fade_in_text: autoDraw = True
40.8548 	EXP 	fade_in_text: autoDraw = True
40.8716 	EXP 	fade_in_text: autoDraw = True
40.8882 	EXP 	fade_in_text: autoDraw = True
40.9049 	EXP 	fade_in_text: autoDraw = True
40.9216 	EXP 	fade_in_text: autoDraw = True
40.9384 	EXP 	fade_in_text: autoDraw = True
40.9549 	EXP 	fade_in_text: autoDraw = True
40.9716 	EXP 	fade_in_text: autoDraw = True
40.9882 	EXP 	fade_in_text: autoDraw = True
41.0049 	EXP 	fade_in_text: autoDraw = True
41.0216 	EXP 	fade_in_text: autoDraw = True
41.0384 	EXP 	fade_in_text: autoDraw = True
41.0549 	EXP 	fade_in_text: autoDraw = True
41.0716 	EXP 	fade_in_text: autoDraw = True
41.0882 	EXP 	fade_in_text: autoDraw = True
41.1049 	EXP 	fade_in_text: autoDraw = True
41.1216 	EXP 	fade_in_text: autoDraw = True
41.1385 	EXP 	fade_in_text: autoDraw = True
41.1549 	EXP 	fade_in_text: autoDraw = True
41.1716 	EXP 	fade_in_text: autoDraw = True
41.1882 	EXP 	fade_in_text: autoDraw = True
41.2049 	EXP 	fade_in_text: autoDraw = True
41.2216 	EXP 	fade_in_text: autoDraw = True
41.2385 	EXP 	fade_in_text: autoDraw = True
41.2549 	EXP 	fade_in_text: autoDraw = True
41.2716 	EXP 	fade_in_text: autoDraw = True
41.2883 	EXP 	fade_in_text: autoDraw = True
41.3049 	EXP 	fade_in_text: autoDraw = True
41.3216 	EXP 	fade_in_text: autoDraw = True
41.3382 	EXP 	fade_in_text: autoDraw = True
41.3549 	EXP 	fade_in_text: autoDraw = True
41.3716 	EXP 	fade_in_text: autoDraw = True
41.3883 	EXP 	fade_in_text: autoDraw = True
41.4049 	EXP 	fade_in_text: autoDraw = True
41.4216 	EXP 	fade_in_text: autoDraw = True
41.4383 	EXP 	fade_in_text: autoDraw = True
41.4549 	EXP 	fade_in_text: autoDraw = True
41.4716 	EXP 	fade_in_text: autoDraw = True
41.4883 	EXP 	fade_in_text: autoDraw = True
41.5049 	EXP 	fade_in_text: autoDraw = True
41.5218 	EXP 	fade_in_text: autoDraw = True
41.5383 	EXP 	fade_in_text: autoDraw = True
41.5549 	EXP 	fade_in_text: autoDraw = True
41.5716 	EXP 	fade_in_text: autoDraw = True
41.5883 	EXP 	fade_in_text: autoDraw = True
41.6049 	EXP 	fade_in_text: autoDraw = True
41.6218 	EXP 	fade_in_text: autoDraw = True
41.6383 	EXP 	fade_in_text: autoDraw = True
41.6550 	EXP 	fade_in_text: autoDraw = True
41.6716 	EXP 	fade_in_text: autoDraw = True
41.6883 	EXP 	fade_in_text: autoDraw = True
41.7049 	EXP 	fade_in_text: autoDraw = True
41.7218 	EXP 	fade_in_text: autoDraw = True
41.7382 	EXP 	fade_in_text: autoDraw = True
41.7550 	EXP 	fade_in_text: autoDraw = True
41.7716 	EXP 	fade_in_text: autoDraw = True
41.7883 	EXP 	fade_in_text: autoDraw = True
41.8050 	EXP 	fade_in_text: autoDraw = True
41.8219 	EXP 	fade_in_text: autoDraw = True
41.8383 	EXP 	fade_in_text: autoDraw = True
41.8550 	EXP 	fade_in_text: autoDraw = True
41.8716 	EXP 	fade_in_text: autoDraw = True
41.8883 	EXP 	fade_in_text: autoDraw = True
41.9050 	EXP 	fade_in_text: autoDraw = True
41.9216 	EXP 	fade_in_text: autoDraw = True
41.9382 	EXP 	fade_in_text: autoDraw = True
41.9550 	EXP 	fade_in_text: autoDraw = True
41.9716 	EXP 	fade_in_text: autoDraw = True
41.9883 	EXP 	fade_in_text: autoDraw = True
42.0050 	EXP 	fade_in_text: autoDraw = True
42.0215 	EXP 	fade_in_text: autoDraw = True
42.0383 	EXP 	fade_in_text: autoDraw = True
42.0550 	EXP 	fade_in_text: autoDraw = True
42.0716 	EXP 	fade_in_text: autoDraw = True
42.0883 	EXP 	fade_in_text: autoDraw = True
42.1050 	EXP 	fade_in_text: autoDraw = True
42.1216 	EXP 	fade_in_text: autoDraw = True
42.1383 	EXP 	fade_in_text: autoDraw = True
42.1550 	EXP 	fade_in_text: autoDraw = True
42.1716 	EXP 	fade_in_text: autoDraw = True
42.1883 	EXP 	fade_in_text: autoDraw = True
42.2051 	EXP 	fade_in_text: autoDraw = True
42.2216 	EXP 	fade_in_text: autoDraw = True
42.2383 	EXP 	fade_in_text: autoDraw = True
42.2550 	EXP 	fade_in_text: autoDraw = True
42.2716 	EXP 	fade_in_text: autoDraw = True
42.2883 	EXP 	fade_in_text: autoDraw = True
42.3051 	EXP 	fade_in_text: autoDraw = True
42.3216 	EXP 	fade_in_text: autoDraw = True
42.3383 	EXP 	fade_in_text: autoDraw = True
42.3550 	EXP 	fade_in_text: autoDraw = True
42.3717 	EXP 	fade_in_text: autoDraw = True
42.3883 	EXP 	fade_in_text: autoDraw = True
42.4052 	EXP 	fade_in_text: autoDraw = True
42.4217 	EXP 	fade_in_text: autoDraw = True
42.4384 	EXP 	fade_in_text: autoDraw = True
42.4550 	EXP 	fade_in_text: autoDraw = True
42.4717 	EXP 	fade_in_text: autoDraw = True
42.4883 	EXP 	fade_in_text: autoDraw = True
42.5052 	EXP 	fade_in_text: autoDraw = True
42.5216 	EXP 	fade_in_text: autoDraw = True
42.5383 	EXP 	fade_in_text: autoDraw = True
42.5551 	EXP 	fade_in_text: autoDraw = True
42.5717 	EXP 	fade_in_text: autoDraw = True
42.5883 	EXP 	fade_in_text: autoDraw = True
42.6050 	EXP 	fade_in_text: autoDraw = True
42.6216 	EXP 	fade_in_text: autoDraw = True
42.6384 	EXP 	fade_in_text: autoDraw = True
42.6551 	EXP 	fade_in_text: autoDraw = True
42.6717 	EXP 	fade_in_text: autoDraw = True
42.6883 	EXP 	fade_in_text: autoDraw = True
42.7049 	EXP 	fade_in_text: autoDraw = True
42.7216 	EXP 	fade_in_text: autoDraw = True
42.7383 	EXP 	fade_in_text: autoDraw = True
42.7551 	EXP 	fade_in_text: autoDraw = True
42.7717 	EXP 	fade_in_text: autoDraw = True
42.7883 	EXP 	fade_in_text: autoDraw = True
42.8049 	EXP 	fade_in_text: autoDraw = True
42.8216 	EXP 	fade_in_text: autoDraw = True
42.8383 	EXP 	fade_in_text: autoDraw = True
42.8550 	EXP 	fade_in_text: autoDraw = True
42.8717 	EXP 	fade_in_text: autoDraw = True
42.8885 	EXP 	fade_in_text: autoDraw = True
42.9049 	EXP 	fade_in_text: autoDraw = True
42.9217 	EXP 	fade_in_text: autoDraw = True
42.9384 	EXP 	fade_in_text: autoDraw = True
42.9550 	EXP 	fade_in_text: autoDraw = True
42.9717 	EXP 	fade_in_text: autoDraw = True
42.9885 	EXP 	fade_in_text: autoDraw = True
43.0049 	EXP 	fade_in_text: autoDraw = True
43.0217 	EXP 	fade_in_text: autoDraw = True
43.0384 	EXP 	fade_in_text: autoDraw = True
43.0550 	EXP 	fade_in_text: autoDraw = True
43.0717 	EXP 	fade_in_text: autoDraw = True
43.0885 	EXP 	fade_in_text: autoDraw = True
43.1049 	EXP 	fade_in_text: autoDraw = True
43.1217 	EXP 	fade_in_text: autoDraw = True
43.1384 	EXP 	fade_in_text: autoDraw = True
43.1550 	EXP 	fade_in_text: autoDraw = True
43.1717 	EXP 	fade_in_text: autoDraw = True
43.1886 	EXP 	fade_in_text: autoDraw = True
43.2050 	EXP 	fade_in_text: autoDraw = True
43.2217 	EXP 	fade_in_text: autoDraw = True
43.2384 	EXP 	fade_in_text: autoDraw = True
43.2550 	EXP 	fade_in_text: autoDraw = True
43.2717 	EXP 	fade_in_text: autoDraw = True
43.2886 	EXP 	fade_in_text: autoDraw = True
43.3049 	EXP 	fade_in_text: autoDraw = True
43.3217 	EXP 	fade_in_text: autoDraw = True
43.3384 	EXP 	fade_in_text: autoDraw = True
43.3550 	EXP 	fade_in_text: autoDraw = True
43.3717 	EXP 	fade_in_text: autoDraw = True
43.3883 	EXP 	fade_in_text: autoDraw = True
43.4050 	EXP 	fade_in_text: autoDraw = True
43.4217 	EXP 	fade_in_text: autoDraw = True
43.4384 	EXP 	fade_in_text: autoDraw = True
43.4550 	EXP 	fade_in_text: autoDraw = True
43.4717 	EXP 	fade_in_text: autoDraw = True
43.4883 	EXP 	fade_in_text: autoDraw = True
43.5050 	EXP 	fade_in_text: autoDraw = True
43.5217 	EXP 	fade_in_text: autoDraw = True
43.5384 	EXP 	fade_in_text: autoDraw = True
43.5552 	EXP 	fade_in_text: autoDraw = True
43.5717 	EXP 	fade_in_text: autoDraw = True
43.5883 	EXP 	fade_in_text: autoDraw = True
43.6050 	EXP 	fade_in_text: autoDraw = True
43.6217 	EXP 	fade_in_text: autoDraw = True
43.6384 	EXP 	fade_in_text: autoDraw = True
43.6551 	EXP 	fade_in_text: autoDraw = True
43.6719 	EXP 	fade_in_text: autoDraw = True
43.6883 	EXP 	fade_in_text: autoDraw = True
43.7051 	EXP 	fade_in_text: autoDraw = True
43.7217 	EXP 	fade_in_text: autoDraw = True
43.7384 	EXP 	fade_in_text: autoDraw = True
43.7551 	EXP 	fade_in_text: autoDraw = True
43.7719 	EXP 	fade_in_text: autoDraw = True
43.7883 	EXP 	fade_in_text: autoDraw = True
43.8050 	EXP 	fade_in_text: autoDraw = True
43.8217 	EXP 	fade_in_text: autoDraw = True
43.8384 	EXP 	fade_in_text: autoDraw = True
43.8551 	EXP 	fade_in_text: autoDraw = True
43.8719 	EXP 	fade_in_text: autoDraw = True
43.8883 	EXP 	fade_in_text: autoDraw = True
43.9051 	EXP 	fade_in_text: autoDraw = True
43.9217 	EXP 	fade_in_text: autoDraw = True
43.9384 	EXP 	fade_in_text: autoDraw = True
43.9552 	EXP 	fade_in_text: autoDraw = True
43.9717 	EXP 	fade_in_text: autoDraw = True
43.9883 	EXP 	fade_in_text: autoDraw = True
44.0051 	EXP 	fade_in_text: autoDraw = True
44.0217 	EXP 	fade_in_text: autoDraw = True
44.0384 	EXP 	fade_in_text: autoDraw = True
44.0552 	EXP 	fade_in_text: autoDraw = True
44.0717 	EXP 	fade_in_text: autoDraw = True
44.0883 	EXP 	fade_in_text: autoDraw = True
44.1051 	EXP 	fade_in_text: autoDraw = True
44.1217 	EXP 	fade_in_text: autoDraw = True
44.1384 	EXP 	fade_in_text: autoDraw = True
44.1551 	EXP 	fade_in_text: autoDraw = True
44.1717 	EXP 	fade_in_text: autoDraw = True
44.1884 	EXP 	fade_in_text: autoDraw = True
44.2051 	EXP 	fade_in_text: autoDraw = True
44.2218 	EXP 	fade_in_text: autoDraw = True
44.2384 	EXP 	fade_in_text: autoDraw = True
44.2553 	EXP 	fade_in_text: autoDraw = True
44.2717 	EXP 	fade_in_text: autoDraw = True
44.2884 	EXP 	fade_in_text: autoDraw = True
44.3051 	EXP 	fade_in_text: autoDraw = True
44.3217 	EXP 	fade_in_text: autoDraw = True
44.3384 	EXP 	fade_in_text: autoDraw = True
44.3552 	EXP 	fade_in_text: autoDraw = True
44.3717 	EXP 	fade_in_text: autoDraw = True
44.3884 	EXP 	fade_in_text: autoDraw = True
44.4051 	EXP 	fade_in_text: autoDraw = True
44.4218 	EXP 	fade_in_text: autoDraw = True
44.4384 	EXP 	fade_in_text: autoDraw = True
44.4553 	EXP 	fade_in_text: autoDraw = True
44.4718 	EXP 	fade_in_text: autoDraw = True
44.4884 	EXP 	fade_in_text: autoDraw = True
44.5051 	EXP 	fade_in_text: autoDraw = True
44.5218 	EXP 	fade_in_text: autoDraw = True
44.5384 	EXP 	fade_in_text: autoDraw = True
44.5550 	EXP 	fade_in_text: autoDraw = True
44.5718 	EXP 	fade_in_text: autoDraw = True
44.5884 	EXP 	fade_in_text: autoDraw = True
44.6057 	EXP 	fade_in_text: autoDraw = True
44.6218 	EXP 	fade_in_text: autoDraw = True
44.6384 	EXP 	fade_in_text: autoDraw = True
44.6551 	EXP 	fade_in_text: autoDraw = True
44.6718 	EXP 	fade_in_text: autoDraw = True
44.6884 	EXP 	fade_in_text: autoDraw = True
44.7051 	EXP 	fade_in_text: autoDraw = True
44.7218 	EXP 	fade_in_text: autoDraw = True
44.7386 	EXP 	fade_in_text: autoDraw = True
44.7550 	EXP 	fade_in_text: autoDraw = True
44.7718 	EXP 	fade_in_text: autoDraw = True
44.7884 	EXP 	fade_in_text: autoDraw = True
44.8051 	EXP 	fade_in_text: autoDraw = True
44.8218 	EXP 	fade_in_text: autoDraw = True
44.8386 	EXP 	fade_in_text: autoDraw = True
44.8551 	EXP 	fade_in_text: autoDraw = True
44.8718 	EXP 	fade_in_text: autoDraw = True
44.8884 	EXP 	fade_in_text: autoDraw = True
44.9051 	EXP 	fade_in_text: autoDraw = True
44.9218 	EXP 	fade_in_text: autoDraw = True
44.9385 	EXP 	fade_in_text: autoDraw = True
44.9551 	EXP 	fade_in_text: autoDraw = True
44.9718 	EXP 	fade_in_text: autoDraw = True
44.9884 	EXP 	fade_in_text: autoDraw = True
45.0051 	EXP 	fade_in_text: autoDraw = True
45.0218 	EXP 	fade_in_text: autoDraw = True
45.0386 	EXP 	fade_in_text: autoDraw = True
45.0551 	EXP 	fade_in_text: autoDraw = True
45.0718 	EXP 	fade_in_text: autoDraw = True
45.0885 	EXP 	fade_in_text: autoDraw = True
45.1051 	EXP 	fade_in_text: autoDraw = True
45.1218 	EXP 	fade_in_text: autoDraw = True
45.1386 	EXP 	fade_in_text: autoDraw = True
45.1551 	EXP 	fade_in_text: autoDraw = True
45.1718 	EXP 	fade_in_text: autoDraw = True
45.1884 	EXP 	fade_in_text: autoDraw = True
45.2051 	EXP 	fade_in_text: autoDraw = True
45.2218 	EXP 	fade_in_text: autoDraw = True
45.2384 	EXP 	fade_in_text: autoDraw = True
45.2551 	EXP 	fade_in_text: autoDraw = True
45.2718 	EXP 	fade_in_text: autoDraw = True
45.2885 	EXP 	fade_in_text: autoDraw = True
45.3051 	EXP 	fade_in_text: autoDraw = True
45.3218 	EXP 	fade_in_text: autoDraw = True
45.3384 	EXP 	fade_in_text: autoDraw = True
45.3551 	EXP 	fade_in_text: autoDraw = True
45.3718 	EXP 	fade_in_text: autoDraw = True
45.3885 	EXP 	fade_in_text: autoDraw = True
45.4052 	EXP 	fade_in_text: autoDraw = True
45.4219 	EXP 	fade_in_text: autoDraw = True
45.4385 	EXP 	fade_in_text: autoDraw = True
45.4552 	EXP 	fade_in_text: autoDraw = True
45.4718 	EXP 	fade_in_text: autoDraw = True
45.4885 	EXP 	fade_in_text: autoDraw = True
45.5052 	EXP 	fade_in_text: autoDraw = True
45.5220 	EXP 	fade_in_text: autoDraw = True
45.5385 	EXP 	fade_in_text: autoDraw = True
45.5552 	EXP 	fade_in_text: autoDraw = True
45.5718 	EXP 	fade_in_text: autoDraw = True
45.5885 	EXP 	fade_in_text: autoDraw = True
45.6052 	EXP 	fade_in_text: autoDraw = True
45.6220 	EXP 	fade_in_text: autoDraw = True
45.6386 	EXP 	fade_in_text: autoDraw = True
45.6552 	EXP 	fade_in_text: autoDraw = True
45.6718 	EXP 	fade_in_text: autoDraw = True
45.6885 	EXP 	fade_in_text: autoDraw = True
45.7051 	EXP 	fade_in_text: autoDraw = True
45.7220 	EXP 	fade_in_text: autoDraw = True
45.7385 	EXP 	fade_in_text: autoDraw = True
45.7552 	EXP 	fade_in_text: autoDraw = True
45.7718 	EXP 	fade_in_text: autoDraw = True
45.7885 	EXP 	fade_in_text: autoDraw = True
45.8052 	EXP 	fade_in_text: autoDraw = True
45.8220 	EXP 	fade_in_text: autoDraw = True
45.8384 	EXP 	fade_in_text: autoDraw = True
45.8552 	EXP 	fade_in_text: autoDraw = True
45.8718 	EXP 	fade_in_text: autoDraw = True
45.8885 	EXP 	fade_in_text: autoDraw = True
45.9052 	EXP 	fade_in_text: autoDraw = True
45.9218 	EXP 	fade_in_text: autoDraw = True
45.9384 	EXP 	fade_in_text: autoDraw = True
45.9552 	EXP 	fade_in_text: autoDraw = True
45.9718 	EXP 	fade_in_text: autoDraw = True
45.9885 	EXP 	fade_in_text: autoDraw = True
46.0052 	EXP 	fade_in_text: autoDraw = True
46.0217 	EXP 	fade_in_text: autoDraw = True
46.0384 	EXP 	fade_in_text: autoDraw = True
46.0552 	EXP 	fade_in_text: autoDraw = True
46.0718 	EXP 	fade_in_text: autoDraw = True
46.0885 	EXP 	fade_in_text: autoDraw = True
46.1052 	EXP 	fade_in_text: autoDraw = True
46.1218 	EXP 	fade_in_text: autoDraw = True
46.1385 	EXP 	fade_in_text: autoDraw = True
46.1552 	EXP 	fade_in_text: autoDraw = True
46.1719 	EXP 	fade_in_text: autoDraw = True
46.1885 	EXP 	fade_in_text: autoDraw = True
46.2054 	EXP 	fade_in_text: autoDraw = True
46.2218 	EXP 	fade_in_text: autoDraw = True
46.2385 	EXP 	fade_in_text: autoDraw = True
46.2552 	EXP 	fade_in_text: autoDraw = True
46.2719 	EXP 	fade_in_text: autoDraw = True
46.2885 	EXP 	fade_in_text: autoDraw = True
46.3053 	EXP 	fade_in_text: autoDraw = True
46.3218 	EXP 	fade_in_text: autoDraw = True
46.3385 	EXP 	fade_in_text: autoDraw = True
46.3552 	EXP 	fade_in_text: autoDraw = True
46.3719 	EXP 	fade_in_text: autoDraw = True
46.3885 	EXP 	fade_in_text: autoDraw = True
46.4053 	EXP 	fade_in_text: autoDraw = True
46.4218 	EXP 	fade_in_text: autoDraw = True
46.4385 	EXP 	fade_in_text: autoDraw = True
46.4552 	EXP 	fade_in_text: autoDraw = True
46.4719 	EXP 	fade_in_text: autoDraw = True
46.4885 	EXP 	fade_in_text: autoDraw = True
46.5052 	EXP 	fade_in_text: autoDraw = True
46.5218 	EXP 	fade_in_text: autoDraw = True
46.5385 	EXP 	fade_in_text: autoDraw = True
46.5552 	EXP 	fade_in_text: autoDraw = True
46.5719 	EXP 	fade_in_text: autoDraw = True
46.5885 	EXP 	fade_in_text: autoDraw = True
46.6051 	EXP 	fade_in_text: autoDraw = True
46.6218 	EXP 	fade_in_text: autoDraw = True
46.6385 	EXP 	fade_in_text: autoDraw = True
46.6552 	EXP 	fade_in_text: autoDraw = True
46.6719 	EXP 	fade_in_text: autoDraw = True
46.6885 	EXP 	fade_in_text: autoDraw = True
46.7051 	EXP 	fade_in_text: autoDraw = True
46.7218 	EXP 	fade_in_text: autoDraw = True
46.7385 	EXP 	fade_in_text: autoDraw = True
46.7552 	EXP 	fade_in_text: autoDraw = True
46.7719 	EXP 	fade_in_text: autoDraw = True
46.7886 	EXP 	fade_in_text: autoDraw = True
46.8052 	EXP 	fade_in_text: autoDraw = True
46.8219 	EXP 	fade_in_text: autoDraw = True
46.8387 	EXP 	fade_in_text: autoDraw = True
46.8552 	EXP 	fade_in_text: autoDraw = True
46.8719 	EXP 	fade_in_text: autoDraw = True
46.8887 	EXP 	fade_in_text: autoDraw = True
46.9051 	EXP 	fade_in_text: autoDraw = True
46.9219 	EXP 	fade_in_text: autoDraw = True
46.9385 	EXP 	fade_in_text: autoDraw = True
46.9552 	EXP 	fade_in_text: autoDraw = True
46.9719 	EXP 	fade_in_text: autoDraw = True
46.9887 	EXP 	fade_in_text: autoDraw = True
47.0051 	EXP 	fade_in_text: autoDraw = True
47.0219 	EXP 	fade_in_text: autoDraw = True
47.0387 	EXP 	fade_in_text: autoDraw = True
47.0552 	EXP 	fade_in_text: autoDraw = True
47.0719 	EXP 	fade_in_text: autoDraw = True
47.0888 	EXP 	fade_in_text: autoDraw = True
47.1051 	EXP 	fade_in_text: autoDraw = True
47.1219 	EXP 	fade_in_text: autoDraw = True
47.1387 	EXP 	fade_in_text: autoDraw = True
47.1553 	EXP 	fade_in_text: autoDraw = True
47.1719 	EXP 	fade_in_text: autoDraw = True
47.1887 	EXP 	fade_in_text: autoDraw = True
47.2051 	EXP 	fade_in_text: autoDraw = True
47.2219 	EXP 	fade_in_text: autoDraw = True
47.2387 	EXP 	fade_in_text: autoDraw = True
47.2553 	EXP 	fade_in_text: autoDraw = True
47.2722 	EXP 	fade_in_text: autoDraw = True
47.2885 	EXP 	fade_in_text: autoDraw = True
47.3051 	EXP 	fade_in_text: autoDraw = True
47.3219 	EXP 	fade_in_text: autoDraw = True
47.3387 	EXP 	fade_in_text: autoDraw = True
47.3553 	EXP 	fade_in_text: autoDraw = True
47.3722 	EXP 	fade_in_text: autoDraw = True
47.3886 	EXP 	fade_in_text: autoDraw = True
47.4052 	EXP 	fade_in_text: autoDraw = True
47.4219 	EXP 	fade_in_text: autoDraw = True
47.4387 	EXP 	fade_in_text: autoDraw = True
47.4553 	EXP 	fade_in_text: autoDraw = True
47.4722 	EXP 	fade_in_text: autoDraw = True
47.4886 	EXP 	fade_in_text: autoDraw = True
47.5052 	EXP 	fade_in_text: autoDraw = True
47.5219 	EXP 	fade_in_text: autoDraw = True
47.5387 	EXP 	fade_in_text: autoDraw = True
47.5553 	EXP 	fade_in_text: autoDraw = True
47.5721 	EXP 	fade_in_text: autoDraw = True
47.5886 	EXP 	fade_in_text: autoDraw = True
47.6053 	EXP 	fade_in_text: autoDraw = True
47.6219 	EXP 	fade_in_text: autoDraw = True
47.6387 	EXP 	fade_in_text: autoDraw = True
47.6553 	EXP 	fade_in_text: autoDraw = True
47.6722 	EXP 	fade_in_text: autoDraw = True
47.6886 	EXP 	fade_in_text: autoDraw = True
47.7052 	EXP 	fade_in_text: autoDraw = True
47.7219 	EXP 	fade_in_text: autoDraw = True
47.7386 	EXP 	fade_in_text: autoDraw = True
47.7553 	EXP 	fade_in_text: autoDraw = True
47.7718 	EXP 	fade_in_text: autoDraw = True
47.7886 	EXP 	fade_in_text: autoDraw = True
47.8053 	EXP 	fade_in_text: autoDraw = True
47.8219 	EXP 	fade_in_text: autoDraw = True
47.8388 	EXP 	fade_in_text: autoDraw = True
47.8553 	EXP 	fade_in_text: autoDraw = True
47.8720 	EXP 	fade_in_text: autoDraw = True
47.8886 	EXP 	fade_in_text: autoDraw = True
47.9053 	EXP 	fade_in_text: autoDraw = True
47.9219 	EXP 	fade_in_text: autoDraw = True
47.9386 	EXP 	fade_in_text: autoDraw = True
47.9554 	EXP 	fade_in_text: autoDraw = True
47.9719 	EXP 	fade_in_text: autoDraw = True
47.9886 	EXP 	fade_in_text: autoDraw = True
48.0053 	EXP 	fade_in_text: autoDraw = True
48.0220 	EXP 	fade_in_text: autoDraw = True
48.0386 	EXP 	fade_in_text: autoDraw = True
48.0555 	EXP 	fade_in_text: autoDraw = True
48.0719 	EXP 	fade_in_text: autoDraw = True
48.0886 	EXP 	fade_in_text: autoDraw = True
48.1053 	EXP 	fade_in_text: autoDraw = True
48.1220 	EXP 	fade_in_text: autoDraw = True
48.1386 	EXP 	fade_in_text: autoDraw = True
48.1554 	EXP 	fade_in_text: autoDraw = True
48.1720 	EXP 	fade_in_text: autoDraw = True
48.1886 	EXP 	fade_in_text: autoDraw = True
48.2053 	EXP 	fade_in_text: autoDraw = True
48.2219 	EXP 	fade_in_text: autoDraw = True
48.2386 	EXP 	fade_in_text: autoDraw = True
48.2553 	EXP 	fade_in_text: autoDraw = True
48.2720 	EXP 	fade_in_text: autoDraw = True
48.2886 	EXP 	fade_in_text: autoDraw = True
48.3053 	EXP 	fade_in_text: autoDraw = True
48.3219 	EXP 	fade_in_text: autoDraw = True
48.3386 	EXP 	fade_in_text: autoDraw = True
48.3552 	EXP 	fade_in_text: autoDraw = True
48.3719 	EXP 	fade_in_text: autoDraw = True
48.3886 	EXP 	fade_in_text: autoDraw = True
48.4053 	EXP 	fade_in_text: autoDraw = True
48.4220 	EXP 	fade_in_text: autoDraw = True
48.4387 	EXP 	fade_in_text: autoDraw = True
48.4552 	EXP 	fade_in_text: autoDraw = True
48.4720 	EXP 	fade_in_text: autoDraw = True
48.4887 	EXP 	fade_in_text: autoDraw = True
48.5053 	EXP 	fade_in_text: autoDraw = True
48.5220 	EXP 	fade_in_text: autoDraw = True
48.5388 	EXP 	fade_in_text: autoDraw = True
48.5552 	EXP 	fade_in_text: autoDraw = True
48.5720 	EXP 	fade_in_text: autoDraw = True
48.5886 	EXP 	fade_in_text: autoDraw = True
48.6053 	EXP 	fade_in_text: autoDraw = True
48.6219 	EXP 	fade_in_text: autoDraw = True
48.6388 	EXP 	fade_in_text: autoDraw = True
48.6552 	EXP 	fade_in_text: autoDraw = True
48.6720 	EXP 	fade_in_text: autoDraw = True
48.6887 	EXP 	fade_in_text: autoDraw = True
48.7053 	EXP 	fade_in_text: autoDraw = True
48.7220 	EXP 	fade_in_text: autoDraw = True
48.7388 	EXP 	fade_in_text: autoDraw = True
48.7552 	EXP 	fade_in_text: autoDraw = True
48.7720 	EXP 	fade_in_text: autoDraw = True
48.7886 	EXP 	fade_in_text: autoDraw = True
48.8053 	EXP 	fade_in_text: autoDraw = True
48.8220 	EXP 	fade_in_text: autoDraw = True
48.8386 	EXP 	fade_in_text: autoDraw = True
48.8553 	EXP 	fade_in_text: autoDraw = True
48.8720 	EXP 	fade_in_text: autoDraw = True
48.8887 	EXP 	fade_in_text: autoDraw = True
48.9053 	EXP 	fade_in_text: autoDraw = True
48.9220 	EXP 	fade_in_text: autoDraw = True
48.9386 	EXP 	fade_in_text: autoDraw = True
48.9552 	EXP 	fade_in_text: autoDraw = True
48.9720 	EXP 	fade_in_text: autoDraw = True
48.9887 	EXP 	fade_in_text: autoDraw = True
49.0053 	EXP 	fade_in_text: autoDraw = True
49.0220 	EXP 	fade_in_text: autoDraw = True
49.0386 	EXP 	fade_in_text: autoDraw = True
49.0553 	EXP 	fade_in_text: autoDraw = True
49.0720 	EXP 	fade_in_text: autoDraw = True
49.0887 	EXP 	fade_in_text: autoDraw = True
49.1053 	EXP 	fade_in_text: autoDraw = True
49.1222 	EXP 	fade_in_text: autoDraw = True
49.1386 	EXP 	fade_in_text: autoDraw = True
49.1553 	EXP 	fade_in_text: autoDraw = True
49.1720 	EXP 	fade_in_text: autoDraw = True
49.1887 	EXP 	fade_in_text: autoDraw = True
49.2053 	EXP 	fade_in_text: autoDraw = True
49.2222 	EXP 	fade_in_text: autoDraw = True
49.2387 	EXP 	fade_in_text: autoDraw = True
49.2553 	EXP 	fade_in_text: autoDraw = True
49.2721 	EXP 	fade_in_text: autoDraw = True
49.2887 	EXP 	fade_in_text: autoDraw = True
49.3053 	EXP 	fade_in_text: autoDraw = True
49.3220 	EXP 	fade_in_text: autoDraw = True
49.3386 	EXP 	fade_in_text: autoDraw = True
49.3553 	EXP 	fade_in_text: autoDraw = True
49.3720 	EXP 	fade_in_text: autoDraw = True
49.3887 	EXP 	fade_in_text: autoDraw = True
49.4053 	EXP 	fade_in_text: autoDraw = True
49.4219 	EXP 	fade_in_text: autoDraw = True
49.4386 	EXP 	fade_in_text: autoDraw = True
49.4554 	EXP 	fade_in_text: autoDraw = True
49.4720 	EXP 	fade_in_text: autoDraw = True
49.4887 	EXP 	fade_in_text: autoDraw = True
49.5054 	EXP 	fade_in_text: autoDraw = True
49.5219 	EXP 	fade_in_text: autoDraw = True
49.5388 	EXP 	fade_in_text: autoDraw = True
49.5554 	EXP 	fade_in_text: autoDraw = True
49.5720 	EXP 	fade_in_text: autoDraw = True
49.5887 	EXP 	fade_in_text: autoDraw = True
49.6055 	EXP 	fade_in_text: autoDraw = True
49.6219 	EXP 	fade_in_text: autoDraw = True
49.6387 	EXP 	fade_in_text: autoDraw = True
49.6554 	EXP 	fade_in_text: autoDraw = True
49.6720 	EXP 	fade_in_text: autoDraw = True
49.6889 	EXP 	fade_in_text: autoDraw = True
49.7055 	EXP 	fade_in_text: autoDraw = True
49.7220 	EXP 	fade_in_text: autoDraw = True
49.7387 	EXP 	fade_in_text: autoDraw = True
49.7554 	EXP 	fade_in_text: autoDraw = True
49.7721 	EXP 	fade_in_text: autoDraw = True
49.7889 	EXP 	fade_in_text: autoDraw = True
49.8054 	EXP 	fade_in_text: autoDraw = True
49.8219 	EXP 	fade_in_text: autoDraw = True
49.8387 	EXP 	fade_in_text: autoDraw = True
49.8554 	EXP 	fade_in_text: autoDraw = True
49.8720 	EXP 	fade_in_text: autoDraw = True
49.8889 	EXP 	fade_in_text: autoDraw = True
49.9053 	EXP 	fade_in_text: autoDraw = True
49.9219 	EXP 	fade_in_text: autoDraw = True
49.9387 	EXP 	fade_in_text: autoDraw = True
49.9554 	EXP 	fade_in_text: autoDraw = True
49.9720 	EXP 	fade_in_text: autoDraw = True
49.9891 	EXP 	fade_in_text: autoDraw = True
50.0054 	EXP 	fade_in_text: autoDraw = True
50.0220 	EXP 	fade_in_text: autoDraw = True
50.0387 	EXP 	fade_in_text: autoDraw = True
50.0554 	EXP 	fade_in_text: autoDraw = True
50.0720 	EXP 	fade_in_text: autoDraw = True
50.0890 	EXP 	fade_in_text: autoDraw = True
50.1054 	EXP 	fade_in_text: autoDraw = True
50.1220 	EXP 	fade_in_text: autoDraw = True
50.1387 	EXP 	fade_in_text: autoDraw = True
50.1554 	EXP 	fade_in_text: autoDraw = True
50.1720 	EXP 	fade_in_text: autoDraw = True
50.1890 	EXP 	fade_in_text: autoDraw = True
50.2054 	EXP 	fade_in_text: autoDraw = True
50.2221 	EXP 	fade_in_text: autoDraw = True
50.2387 	EXP 	fade_in_text: autoDraw = True
50.2554 	EXP 	fade_in_text: autoDraw = True
50.2720 	EXP 	fade_in_text: autoDraw = True
50.2888 	EXP 	fade_in_text: autoDraw = True
50.3054 	EXP 	fade_in_text: autoDraw = True
50.3221 	EXP 	fade_in_text: autoDraw = True
50.3387 	EXP 	fade_in_text: autoDraw = True
50.3554 	EXP 	fade_in_text: autoDraw = True
50.3721 	EXP 	fade_in_text: autoDraw = True
50.3886 	EXP 	fade_in_text: autoDraw = True
50.4054 	EXP 	fade_in_text: autoDraw = True
50.4221 	EXP 	fade_in_text: autoDraw = True
50.4387 	EXP 	fade_in_text: autoDraw = True
50.4554 	EXP 	fade_in_text: autoDraw = True
50.4721 	EXP 	fade_in_text: autoDraw = True
50.4887 	EXP 	fade_in_text: autoDraw = True
50.5054 	EXP 	fade_in_text: autoDraw = True
50.5221 	EXP 	fade_in_text: autoDraw = True
50.5387 	EXP 	fade_in_text: autoDraw = True
50.5554 	EXP 	fade_in_text: autoDraw = True
50.5723 	EXP 	fade_in_text: autoDraw = True
50.5887 	EXP 	fade_in_text: autoDraw = True
50.6054 	EXP 	fade_in_text: autoDraw = True
50.6221 	EXP 	fade_in_text: autoDraw = True
50.6387 	EXP 	fade_in_text: autoDraw = True
50.6554 	EXP 	fade_in_text: autoDraw = True
50.6723 	EXP 	fade_in_text: autoDraw = True
50.6888 	EXP 	fade_in_text: autoDraw = True
50.7054 	EXP 	fade_in_text: autoDraw = True
50.7221 	EXP 	fade_in_text: autoDraw = True
50.7387 	EXP 	fade_in_text: autoDraw = True
50.7554 	EXP 	fade_in_text: autoDraw = True
50.7720 	EXP 	fade_in_text: autoDraw = True
50.7887 	EXP 	fade_in_text: autoDraw = True
50.8054 	EXP 	fade_in_text: autoDraw = True
50.8221 	EXP 	fade_in_text: autoDraw = True
50.8387 	EXP 	fade_in_text: autoDraw = True
50.8554 	EXP 	fade_in_text: autoDraw = True
50.8720 	EXP 	fade_in_text: autoDraw = True
50.8888 	EXP 	fade_in_text: autoDraw = True
50.9054 	EXP 	fade_in_text: autoDraw = True
50.9221 	EXP 	fade_in_text: autoDraw = True
50.9388 	EXP 	fade_in_text: autoDraw = True
50.9556 	EXP 	fade_in_text: autoDraw = True
50.9720 	EXP 	fade_in_text: autoDraw = True
50.9888 	EXP 	fade_in_text: autoDraw = True
51.0054 	EXP 	fade_in_text: autoDraw = True
51.0221 	EXP 	fade_in_text: autoDraw = True
51.0387 	EXP 	fade_in_text: autoDraw = True
51.0556 	EXP 	fade_in_text: autoDraw = True
51.0720 	EXP 	fade_in_text: autoDraw = True
51.0888 	EXP 	fade_in_text: autoDraw = True
51.1055 	EXP 	fade_in_text: autoDraw = True
51.1221 	EXP 	fade_in_text: autoDraw = True
51.1388 	EXP 	fade_in_text: autoDraw = True
51.1555 	EXP 	fade_in_text: autoDraw = True
51.1720 	EXP 	fade_in_text: autoDraw = True
51.1888 	EXP 	fade_in_text: autoDraw = True
51.2054 	EXP 	fade_in_text: autoDraw = True
51.2221 	EXP 	fade_in_text: autoDraw = True
51.2388 	EXP 	fade_in_text: autoDraw = True
51.2554 	EXP 	fade_in_text: autoDraw = True
51.2720 	EXP 	fade_in_text: autoDraw = True
51.2888 	EXP 	fade_in_text: autoDraw = True
51.3054 	EXP 	fade_in_text: autoDraw = True
51.3221 	EXP 	fade_in_text: autoDraw = True
51.3388 	EXP 	fade_in_text: autoDraw = True
51.3554 	EXP 	fade_in_text: autoDraw = True
51.3720 	EXP 	fade_in_text: autoDraw = True
51.3888 	EXP 	fade_in_text: autoDraw = True
51.4055 	EXP 	fade_in_text: autoDraw = True
51.4221 	EXP 	fade_in_text: autoDraw = True
51.4389 	EXP 	fade_in_text: autoDraw = True
51.4554 	EXP 	fade_in_text: autoDraw = True
51.4721 	EXP 	fade_in_text: autoDraw = True
51.4888 	EXP 	fade_in_text: autoDraw = True
51.5055 	EXP 	fade_in_text: autoDraw = True
51.5221 	EXP 	fade_in_text: autoDraw = True
51.5389 	EXP 	fade_in_text: autoDraw = True
51.5554 	EXP 	fade_in_text: autoDraw = True
51.5721 	EXP 	fade_in_text: autoDraw = True
51.5888 	EXP 	fade_in_text: autoDraw = True
51.6055 	EXP 	fade_in_text: autoDraw = True
51.6221 	EXP 	fade_in_text: autoDraw = True
51.6390 	EXP 	fade_in_text: autoDraw = True
51.6555 	EXP 	fade_in_text: autoDraw = True
51.6721 	EXP 	fade_in_text: autoDraw = True
51.6888 	EXP 	fade_in_text: autoDraw = True
51.7055 	EXP 	fade_in_text: autoDraw = True
51.7221 	EXP 	fade_in_text: autoDraw = True
51.7389 	EXP 	fade_in_text: autoDraw = True
51.7554 	EXP 	fade_in_text: autoDraw = True
51.7721 	EXP 	fade_in_text: autoDraw = True
51.7888 	EXP 	fade_in_text: autoDraw = True
51.8055 	EXP 	fade_in_text: autoDraw = True
51.8221 	EXP 	fade_in_text: autoDraw = True
51.8387 	EXP 	fade_in_text: autoDraw = True
51.8554 	EXP 	fade_in_text: autoDraw = True
51.8721 	EXP 	fade_in_text: autoDraw = True
51.8889 	EXP 	fade_in_text: autoDraw = True
51.9055 	EXP 	fade_in_text: autoDraw = True
51.9221 	EXP 	fade_in_text: autoDraw = True
51.9387 	EXP 	fade_in_text: autoDraw = True
51.9555 	EXP 	fade_in_text: autoDraw = True
51.9721 	EXP 	fade_in_text: autoDraw = True
51.9888 	EXP 	fade_in_text: autoDraw = True
52.0055 	EXP 	fade_in_text: autoDraw = True
52.0223 	EXP 	fade_in_text: autoDraw = True
52.0387 	EXP 	fade_in_text: autoDraw = True
52.0555 	EXP 	fade_in_text: autoDraw = True
52.0721 	EXP 	fade_in_text: autoDraw = True
52.0888 	EXP 	fade_in_text: autoDraw = True
52.1057 	EXP 	fade_in_text: autoDraw = True
52.1223 	EXP 	fade_in_text: autoDraw = True
52.1387 	EXP 	fade_in_text: autoDraw = True
52.1555 	EXP 	fade_in_text: autoDraw = True
52.1721 	EXP 	fade_in_text: autoDraw = True
52.1888 	EXP 	fade_in_text: autoDraw = True
52.2057 	EXP 	fade_in_text: autoDraw = True
52.2222 	EXP 	fade_in_text: autoDraw = True
52.2388 	EXP 	fade_in_text: autoDraw = True
52.2555 	EXP 	fade_in_text: autoDraw = True
52.2721 	EXP 	fade_in_text: autoDraw = True
52.2888 	EXP 	fade_in_text: autoDraw = True
52.3057 	EXP 	fade_in_text: autoDraw = True
52.3221 	EXP 	fade_in_text: autoDraw = True
52.3387 	EXP 	fade_in_text: autoDraw = True
52.3555 	EXP 	fade_in_text: autoDraw = True
52.3721 	EXP 	fade_in_text: autoDraw = True
52.3888 	EXP 	fade_in_text: autoDraw = True
52.4059 	EXP 	fade_in_text: autoDraw = True
52.4222 	EXP 	fade_in_text: autoDraw = True
52.4387 	EXP 	fade_in_text: autoDraw = True
52.4555 	EXP 	fade_in_text: autoDraw = True
52.4721 	EXP 	fade_in_text: autoDraw = True
52.4888 	EXP 	fade_in_text: autoDraw = True
52.5059 	EXP 	fade_in_text: autoDraw = True
52.5222 	EXP 	fade_in_text: autoDraw = True
52.5388 	EXP 	fade_in_text: autoDraw = True
52.5555 	EXP 	fade_in_text: autoDraw = True
52.5722 	EXP 	fade_in_text: autoDraw = True
52.5888 	EXP 	fade_in_text: autoDraw = True
52.6058 	EXP 	fade_in_text: autoDraw = True
52.6222 	EXP 	fade_in_text: autoDraw = True
52.6388 	EXP 	fade_in_text: autoDraw = True
52.6555 	EXP 	fade_in_text: autoDraw = True
52.6722 	EXP 	fade_in_text: autoDraw = True
52.6888 	EXP 	fade_in_text: autoDraw = True
52.7057 	EXP 	fade_in_text: autoDraw = True
52.7223 	EXP 	fade_in_text: autoDraw = True
52.7389 	EXP 	fade_in_text: autoDraw = True
52.7555 	EXP 	fade_in_text: autoDraw = True
52.7722 	EXP 	fade_in_text: autoDraw = True
52.7888 	EXP 	fade_in_text: autoDraw = True
52.8054 	EXP 	fade_in_text: autoDraw = True
52.8222 	EXP 	fade_in_text: autoDraw = True
52.8388 	EXP 	fade_in_text: autoDraw = True
52.8555 	EXP 	fade_in_text: autoDraw = True
52.8722 	EXP 	fade_in_text: autoDraw = True
52.8889 	EXP 	fade_in_text: autoDraw = True
52.9056 	EXP 	fade_in_text: autoDraw = True
52.9222 	EXP 	fade_in_text: autoDraw = True
52.9389 	EXP 	fade_in_text: autoDraw = True
52.9556 	EXP 	fade_in_text: autoDraw = True
52.9722 	EXP 	fade_in_text: autoDraw = True
52.9891 	EXP 	fade_in_text: autoDraw = True
53.0055 	EXP 	fade_in_text: autoDraw = True
53.0223 	EXP 	fade_in_text: autoDraw = True
53.0390 	EXP 	fade_in_text: autoDraw = True
53.0556 	EXP 	fade_in_text: autoDraw = True
53.0722 	EXP 	fade_in_text: autoDraw = True
53.0891 	EXP 	fade_in_text: autoDraw = True
53.1056 	EXP 	fade_in_text: autoDraw = True
53.1222 	EXP 	fade_in_text: autoDraw = True
53.1389 	EXP 	fade_in_text: autoDraw = True
53.1556 	EXP 	fade_in_text: autoDraw = True
53.1722 	EXP 	fade_in_text: autoDraw = True
53.1890 	EXP 	fade_in_text: autoDraw = True
53.2055 	EXP 	fade_in_text: autoDraw = True
53.2223 	EXP 	fade_in_text: autoDraw = True
53.2389 	EXP 	fade_in_text: autoDraw = True
53.2556 	EXP 	fade_in_text: autoDraw = True
53.2722 	EXP 	fade_in_text: autoDraw = True
53.2888 	EXP 	fade_in_text: autoDraw = True
53.3056 	EXP 	fade_in_text: autoDraw = True
53.3223 	EXP 	fade_in_text: autoDraw = True
53.3389 	EXP 	fade_in_text: autoDraw = True
53.3556 	EXP 	fade_in_text: autoDraw = True
53.3722 	EXP 	fade_in_text: autoDraw = True
53.3888 	EXP 	fade_in_text: autoDraw = True
53.4055 	EXP 	fade_in_text: autoDraw = True
53.4223 	EXP 	fade_in_text: autoDraw = True
53.4389 	EXP 	fade_in_text: autoDraw = True
53.4556 	EXP 	fade_in_text: autoDraw = True
53.4723 	EXP 	fade_in_text: autoDraw = True
53.4888 	EXP 	fade_in_text: autoDraw = True
53.5056 	EXP 	fade_in_text: autoDraw = True
53.5223 	EXP 	fade_in_text: autoDraw = True
53.5390 	EXP 	fade_in_text: autoDraw = True
53.5556 	EXP 	fade_in_text: autoDraw = True
53.5724 	EXP 	fade_in_text: autoDraw = True
53.5888 	EXP 	fade_in_text: autoDraw = True
53.6056 	EXP 	fade_in_text: autoDraw = True
53.6223 	EXP 	fade_in_text: autoDraw = True
53.6389 	EXP 	fade_in_text: autoDraw = True
53.6556 	EXP 	fade_in_text: autoDraw = True
53.6724 	EXP 	fade_in_text: autoDraw = True
53.6889 	EXP 	fade_in_text: autoDraw = True
53.7056 	EXP 	fade_in_text: autoDraw = True
53.7223 	EXP 	fade_in_text: autoDraw = True
53.7389 	EXP 	fade_in_text: autoDraw = True
53.7556 	EXP 	fade_in_text: autoDraw = True
53.7724 	EXP 	fade_in_text: autoDraw = True
53.7889 	EXP 	fade_in_text: autoDraw = True
53.8056 	EXP 	fade_in_text: autoDraw = True
53.8223 	EXP 	fade_in_text: autoDraw = True
53.8389 	EXP 	fade_in_text: autoDraw = True
53.8556 	EXP 	fade_in_text: autoDraw = True
53.8722 	EXP 	fade_in_text: autoDraw = True
53.8889 	EXP 	fade_in_text: autoDraw = True
53.9056 	EXP 	fade_in_text: autoDraw = True
53.9223 	EXP 	fade_in_text: autoDraw = True
53.9389 	EXP 	fade_in_text: autoDraw = True
53.9556 	EXP 	fade_in_text: autoDraw = True
53.9722 	EXP 	fade_in_text: autoDraw = True
53.9889 	EXP 	fade_in_text: autoDraw = True
54.0056 	EXP 	fade_in_text: autoDraw = True
54.0223 	EXP 	fade_in_text: autoDraw = True
54.0389 	EXP 	fade_in_text: autoDraw = True
54.0556 	EXP 	fade_in_text: autoDraw = True
54.0722 	EXP 	fade_in_text: autoDraw = True
54.0889 	EXP 	fade_in_text: autoDraw = True
54.1056 	EXP 	fade_in_text: autoDraw = True
54.1223 	EXP 	fade_in_text: autoDraw = True
54.1390 	EXP 	fade_in_text: autoDraw = True
54.1558 	EXP 	fade_in_text: autoDraw = True
54.1722 	EXP 	fade_in_text: autoDraw = True
54.1890 	EXP 	fade_in_text: autoDraw = True
54.2056 	EXP 	fade_in_text: autoDraw = True
54.2223 	EXP 	fade_in_text: autoDraw = True
54.2390 	EXP 	fade_in_text: autoDraw = True
54.2558 	EXP 	fade_in_text: autoDraw = True
54.2722 	EXP 	fade_in_text: autoDraw = True
54.2889 	EXP 	fade_in_text: autoDraw = True
54.3056 	EXP 	fade_in_text: autoDraw = True
54.3223 	EXP 	fade_in_text: autoDraw = True
54.3390 	EXP 	fade_in_text: autoDraw = True
54.3557 	EXP 	fade_in_text: autoDraw = True
54.3722 	EXP 	fade_in_text: autoDraw = True
54.3890 	EXP 	fade_in_text: autoDraw = True
54.4056 	EXP 	fade_in_text: autoDraw = True
54.4223 	EXP 	fade_in_text: autoDraw = True
54.4389 	EXP 	fade_in_text: autoDraw = True
54.4558 	EXP 	fade_in_text: autoDraw = True
54.4723 	EXP 	fade_in_text: autoDraw = True
54.4890 	EXP 	fade_in_text: autoDraw = True
54.5056 	EXP 	fade_in_text: autoDraw = True
54.5223 	EXP 	fade_in_text: autoDraw = True
54.5390 	EXP 	fade_in_text: autoDraw = True
54.5558 	EXP 	fade_in_text: autoDraw = True
54.5722 	EXP 	fade_in_text: autoDraw = True
54.5890 	EXP 	fade_in_text: autoDraw = True
54.6056 	EXP 	fade_in_text: autoDraw = True
54.6223 	EXP 	fade_in_text: autoDraw = True
54.6390 	EXP 	fade_in_text: autoDraw = True
54.6556 	EXP 	fade_in_text: autoDraw = True
54.6722 	EXP 	fade_in_text: autoDraw = True
54.6890 	EXP 	fade_in_text: autoDraw = True
54.7057 	EXP 	fade_in_text: autoDraw = True
54.7224 	EXP 	fade_in_text: autoDraw = True
54.7390 	EXP 	fade_in_text: autoDraw = True
54.7556 	EXP 	fade_in_text: autoDraw = True
54.7722 	EXP 	fade_in_text: autoDraw = True
54.7890 	EXP 	fade_in_text: autoDraw = True
54.8056 	EXP 	fade_in_text: autoDraw = True
54.8223 	EXP 	fade_in_text: autoDraw = True
54.8390 	EXP 	fade_in_text: autoDraw = True
54.8556 	EXP 	fade_in_text: autoDraw = True
54.8723 	EXP 	fade_in_text: autoDraw = True
54.8890 	EXP 	fade_in_text: autoDraw = True
54.9058 	EXP 	fade_in_text: autoDraw = True
54.9223 	EXP 	fade_in_text: autoDraw = True
54.9391 	EXP 	fade_in_text: autoDraw = True
54.9556 	EXP 	fade_in_text: autoDraw = True
54.9723 	EXP 	fade_in_text: autoDraw = True
54.9890 	EXP 	fade_in_text: autoDraw = True
55.0057 	EXP 	fade_in_text: autoDraw = True
55.0223 	EXP 	fade_in_text: autoDraw = True
55.0392 	EXP 	fade_in_text: autoDraw = True
55.0557 	EXP 	fade_in_text: autoDraw = True
55.0723 	EXP 	fade_in_text: autoDraw = True
55.0890 	EXP 	fade_in_text: autoDraw = True
55.1057 	EXP 	fade_in_text: autoDraw = True
55.1224 	EXP 	fade_in_text: autoDraw = True
55.1392 	EXP 	fade_in_text: autoDraw = True
55.1556 	EXP 	fade_in_text: autoDraw = True
55.1723 	EXP 	fade_in_text: autoDraw = True
55.1890 	EXP 	fade_in_text: autoDraw = True
55.2057 	EXP 	fade_in_text: autoDraw = True
55.2224 	EXP 	fade_in_text: autoDraw = True
55.2391 	EXP 	fade_in_text: autoDraw = True
55.2556 	EXP 	fade_in_text: autoDraw = True
55.2723 	EXP 	fade_in_text: autoDraw = True
55.2890 	EXP 	fade_in_text: autoDraw = True
55.3057 	EXP 	fade_in_text: autoDraw = True
55.3224 	EXP 	fade_in_text: autoDraw = True
55.3389 	EXP 	fade_in_text: autoDraw = True
55.3556 	EXP 	fade_in_text: autoDraw = True
55.3724 	EXP 	fade_in_text: autoDraw = True
55.3890 	EXP 	fade_in_text: autoDraw = True
55.4057 	EXP 	fade_in_text: autoDraw = True
55.4224 	EXP 	fade_in_text: autoDraw = True
55.4390 	EXP 	fade_in_text: autoDraw = True
55.4556 	EXP 	fade_in_text: autoDraw = True
55.4724 	EXP 	fade_in_text: autoDraw = True
55.4890 	EXP 	fade_in_text: autoDraw = True
55.5057 	EXP 	fade_in_text: autoDraw = True
55.5224 	EXP 	fade_in_text: autoDraw = True
55.5390 	EXP 	fade_in_text: autoDraw = True
55.5557 	EXP 	fade_in_text: autoDraw = True
55.5723 	EXP 	fade_in_text: autoDraw = True
55.5890 	EXP 	fade_in_text: autoDraw = True
55.6057 	EXP 	fade_in_text: autoDraw = True
55.6225 	EXP 	fade_in_text: autoDraw = True
55.6390 	EXP 	fade_in_text: autoDraw = True
55.6557 	EXP 	fade_in_text: autoDraw = True
55.6724 	EXP 	fade_in_text: autoDraw = True
55.6890 	EXP 	fade_in_text: autoDraw = True
55.7057 	EXP 	fade_in_text: autoDraw = True
55.7225 	EXP 	fade_in_text: autoDraw = True
55.7390 	EXP 	fade_in_text: autoDraw = True
55.7557 	EXP 	fade_in_text: autoDraw = True
55.7723 	EXP 	fade_in_text: autoDraw = True
55.7890 	EXP 	fade_in_text: autoDraw = True
55.8056 	EXP 	fade_in_text: autoDraw = True
55.8225 	EXP 	fade_in_text: autoDraw = True
55.8390 	EXP 	fade_in_text: autoDraw = True
55.8557 	EXP 	fade_in_text: autoDraw = True
55.8724 	EXP 	fade_in_text: autoDraw = True
55.8890 	EXP 	fade_in_text: autoDraw = True
55.9057 	EXP 	fade_in_text: autoDraw = True
55.9225 	EXP 	fade_in_text: autoDraw = True
55.9390 	EXP 	fade_in_text: autoDraw = True
55.9557 	EXP 	fade_in_text: autoDraw = True
55.9724 	EXP 	fade_in_text: autoDraw = True
55.9890 	EXP 	fade_in_text: autoDraw = True
56.0057 	EXP 	fade_in_text: autoDraw = True
56.0225 	EXP 	fade_in_text: autoDraw = True
56.0390 	EXP 	fade_in_text: autoDraw = True
56.0557 	EXP 	fade_in_text: autoDraw = True
56.0724 	EXP 	fade_in_text: autoDraw = True
56.0890 	EXP 	fade_in_text: autoDraw = True
56.1057 	EXP 	fade_in_text: autoDraw = True
56.1225 	EXP 	fade_in_text: autoDraw = True
56.1390 	EXP 	fade_in_text: autoDraw = True
56.1557 	EXP 	fade_in_text: autoDraw = True
56.1724 	EXP 	fade_in_text: autoDraw = True
56.1891 	EXP 	fade_in_text: autoDraw = True
56.2059 	EXP 	fade_in_text: autoDraw = True
56.2223 	EXP 	fade_in_text: autoDraw = True
56.2391 	EXP 	fade_in_text: autoDraw = True
56.2557 	EXP 	fade_in_text: autoDraw = True
56.2724 	EXP 	fade_in_text: autoDraw = True
56.2891 	EXP 	fade_in_text: autoDraw = True
56.3059 	EXP 	fade_in_text: autoDraw = True
56.3224 	EXP 	fade_in_text: autoDraw = True
56.3391 	EXP 	fade_in_text: autoDraw = True
56.3557 	EXP 	fade_in_text: autoDraw = True
56.3724 	EXP 	fade_in_text: autoDraw = True
56.3891 	EXP 	fade_in_text: autoDraw = True
56.4059 	EXP 	fade_in_text: autoDraw = True
56.4223 	EXP 	fade_in_text: autoDraw = True
56.4391 	EXP 	fade_in_text: autoDraw = True
56.4557 	EXP 	fade_in_text: autoDraw = True
56.4724 	EXP 	fade_in_text: autoDraw = True
56.4891 	EXP 	fade_in_text: autoDraw = True
56.5059 	EXP 	fade_in_text: autoDraw = True
56.5224 	EXP 	fade_in_text: autoDraw = True
56.5391 	EXP 	fade_in_text: autoDraw = True
56.5557 	EXP 	fade_in_text: autoDraw = True
56.5724 	EXP 	fade_in_text: autoDraw = True
56.5891 	EXP 	fade_in_text: autoDraw = True
56.6057 	EXP 	fade_in_text: autoDraw = True
56.6224 	EXP 	fade_in_text: autoDraw = True
56.6391 	EXP 	fade_in_text: autoDraw = True
56.6557 	EXP 	fade_in_text: autoDraw = True
56.6724 	EXP 	fade_in_text: autoDraw = True
56.6891 	EXP 	fade_in_text: autoDraw = True
56.7057 	EXP 	fade_in_text: autoDraw = True
56.7224 	EXP 	fade_in_text: autoDraw = True
56.7391 	EXP 	fade_in_text: autoDraw = True
56.7558 	EXP 	fade_in_text: autoDraw = True
56.7724 	EXP 	fade_in_text: autoDraw = True
56.7891 	EXP 	fade_in_text: autoDraw = True
56.8057 	EXP 	fade_in_text: autoDraw = True
56.8224 	EXP 	fade_in_text: autoDraw = True
56.8391 	EXP 	fade_in_text: autoDraw = True
56.8557 	EXP 	fade_in_text: autoDraw = True
56.8724 	EXP 	fade_in_text: autoDraw = True
56.8892 	EXP 	fade_in_text: autoDraw = True
56.9057 	EXP 	fade_in_text: autoDraw = True
56.9224 	EXP 	fade_in_text: autoDraw = True
56.9391 	EXP 	fade_in_text: autoDraw = True
56.9557 	EXP 	fade_in_text: autoDraw = True
56.9724 	EXP 	fade_in_text: autoDraw = True
56.9893 	EXP 	fade_in_text: autoDraw = True
57.0057 	EXP 	fade_in_text: autoDraw = True
57.0224 	EXP 	fade_in_text: autoDraw = True
57.0391 	EXP 	fade_in_text: autoDraw = True
57.0558 	EXP 	fade_in_text: autoDraw = True
57.0724 	EXP 	fade_in_text: autoDraw = True
57.0893 	EXP 	fade_in_text: autoDraw = True
57.1057 	EXP 	fade_in_text: autoDraw = True
57.1224 	EXP 	fade_in_text: autoDraw = True
57.1391 	EXP 	fade_in_text: autoDraw = True
57.1558 	EXP 	fade_in_text: autoDraw = True
57.1724 	EXP 	fade_in_text: autoDraw = True
57.1893 	EXP 	fade_in_text: autoDraw = True
57.2057 	EXP 	fade_in_text: autoDraw = True
57.2224 	EXP 	fade_in_text: autoDraw = True
57.2391 	EXP 	fade_in_text: autoDraw = True
57.2558 	EXP 	fade_in_text: autoDraw = True
57.2724 	EXP 	fade_in_text: autoDraw = True
57.2892 	EXP 	fade_in_text: autoDraw = True
57.3057 	EXP 	fade_in_text: autoDraw = True
57.3225 	EXP 	fade_in_text: autoDraw = True
57.3391 	EXP 	fade_in_text: autoDraw = True
57.3558 	EXP 	fade_in_text: autoDraw = True
57.3724 	EXP 	fade_in_text: autoDraw = True
57.3890 	EXP 	fade_in_text: autoDraw = True
57.4057 	EXP 	fade_in_text: autoDraw = True
57.4225 	EXP 	fade_in_text: autoDraw = True
57.4392 	EXP 	fade_in_text: autoDraw = True
57.4558 	EXP 	fade_in_text: autoDraw = True
57.4724 	EXP 	fade_in_text: autoDraw = True
57.4890 	EXP 	fade_in_text: autoDraw = True
57.5057 	EXP 	fade_in_text: autoDraw = True
57.5225 	EXP 	fade_in_text: autoDraw = True
57.5392 	EXP 	fade_in_text: autoDraw = True
57.5558 	EXP 	fade_in_text: autoDraw = True
57.5725 	EXP 	fade_in_text: autoDraw = True
57.5890 	EXP 	fade_in_text: autoDraw = True
57.6058 	EXP 	fade_in_text: autoDraw = True
57.6225 	EXP 	fade_in_text: autoDraw = True
57.6391 	EXP 	fade_in_text: autoDraw = True
57.6558 	EXP 	fade_in_text: autoDraw = True
57.6726 	EXP 	fade_in_text: autoDraw = True
57.6890 	EXP 	fade_in_text: autoDraw = True
57.7058 	EXP 	fade_in_text: autoDraw = True
57.7225 	EXP 	fade_in_text: autoDraw = True
57.7391 	EXP 	fade_in_text: autoDraw = True
57.7558 	EXP 	fade_in_text: autoDraw = True
57.7726 	EXP 	fade_in_text: autoDraw = True
57.7891 	EXP 	fade_in_text: autoDraw = True
57.8058 	EXP 	fade_in_text: autoDraw = True
57.8225 	EXP 	fade_in_text: autoDraw = True
57.8392 	EXP 	fade_in_text: autoDraw = True
57.8558 	EXP 	fade_in_text: autoDraw = True
57.8726 	EXP 	fade_in_text: autoDraw = True
57.8891 	EXP 	fade_in_text: autoDraw = True
57.9058 	EXP 	fade_in_text: autoDraw = True
57.9225 	EXP 	fade_in_text: autoDraw = True
57.9392 	EXP 	fade_in_text: autoDraw = True
57.9558 	EXP 	fade_in_text: autoDraw = True
57.9727 	EXP 	fade_in_text: autoDraw = True
57.9891 	EXP 	fade_in_text: autoDraw = True
58.0058 	EXP 	fade_in_text: autoDraw = True
58.0225 	EXP 	fade_in_text: autoDraw = True
58.0392 	EXP 	fade_in_text: autoDraw = True
58.0558 	EXP 	fade_in_text: autoDraw = True
58.0724 	EXP 	fade_in_text: autoDraw = True
58.0891 	EXP 	fade_in_text: autoDraw = True
58.1058 	EXP 	fade_in_text: autoDraw = True
58.1225 	EXP 	fade_in_text: autoDraw = True
58.1391 	EXP 	fade_in_text: autoDraw = True
58.1558 	EXP 	fade_in_text: autoDraw = True
58.1724 	EXP 	fade_in_text: autoDraw = True
58.1891 	EXP 	fade_in_text: autoDraw = True
58.2058 	EXP 	fade_in_text: autoDraw = True
58.2225 	EXP 	fade_in_text: autoDraw = True
58.2392 	EXP 	fade_in_text: autoDraw = True
58.2559 	EXP 	fade_in_text: autoDraw = True
58.2724 	EXP 	fade_in_text: autoDraw = True
58.2891 	EXP 	fade_in_text: autoDraw = True
58.3058 	EXP 	fade_in_text: autoDraw = True
58.3225 	EXP 	fade_in_text: autoDraw = True
58.3392 	EXP 	fade_in_text: autoDraw = True
58.3560 	EXP 	fade_in_text: autoDraw = True
58.3724 	EXP 	fade_in_text: autoDraw = True
58.3891 	EXP 	fade_in_text: autoDraw = True
58.4058 	EXP 	fade_in_text: autoDraw = True
58.4225 	EXP 	fade_in_text: autoDraw = True
58.4392 	EXP 	fade_in_text: autoDraw = True
58.4560 	EXP 	fade_in_text: autoDraw = True
58.4724 	EXP 	fade_in_text: autoDraw = True
58.4892 	EXP 	fade_in_text: autoDraw = True
58.5058 	EXP 	fade_in_text: autoDraw = True
58.5225 	EXP 	fade_in_text: autoDraw = True
58.5392 	EXP 	fade_in_text: autoDraw = True
58.5560 	EXP 	fade_in_text: autoDraw = True
58.5724 	EXP 	fade_in_text: autoDraw = True
58.5892 	EXP 	fade_in_text: autoDraw = True
58.6058 	EXP 	fade_in_text: autoDraw = True
58.6225 	EXP 	fade_in_text: autoDraw = True
58.6392 	EXP 	fade_in_text: autoDraw = True
58.6559 	EXP 	fade_in_text: autoDraw = True
58.6724 	EXP 	fade_in_text: autoDraw = True
58.6892 	EXP 	fade_in_text: autoDraw = True
58.7058 	EXP 	fade_in_text: autoDraw = True
58.7226 	EXP 	fade_in_text: autoDraw = True
58.7392 	EXP 	fade_in_text: autoDraw = True
58.7558 	EXP 	fade_in_text: autoDraw = True
58.7724 	EXP 	fade_in_text: autoDraw = True
58.7892 	EXP 	fade_in_text: autoDraw = True
58.8059 	EXP 	fade_in_text: autoDraw = True
58.8225 	EXP 	fade_in_text: autoDraw = True
58.8392 	EXP 	fade_in_text: autoDraw = True
58.8558 	EXP 	fade_in_text: autoDraw = True
58.8725 	EXP 	fade_in_text: autoDraw = True
58.8892 	EXP 	fade_in_text: autoDraw = True
58.9059 	EXP 	fade_in_text: autoDraw = True
58.9225 	EXP 	fade_in_text: autoDraw = True
58.9394 	EXP 	fade_in_text: autoDraw = True
58.9558 	EXP 	fade_in_text: autoDraw = True
58.9725 	EXP 	fade_in_text: autoDraw = True
58.9892 	EXP 	fade_in_text: autoDraw = True
59.0058 	EXP 	fade_in_text: autoDraw = True
62.0391 	EXP 	fade_in_text: autoDraw = False
62.0391 	EXP 	RS_intro_title: autoDraw = True
62.0391 	EXP 	RS_intro_text: autoDraw = True
85.0571 	EXP 	RS_intro_title: autoDraw = False
85.0571 	EXP 	RS_intro_text: autoDraw = False
85.0571 	EXP 	RS_intro_title: autoDraw = False
85.0571 	EXP 	RS_intro_text: autoDraw = False
85.0571 	EXP 	RS_rec_text: text = 'Please keep relaxed and open your eyes.\nNote: Blinking is allowed.'
85.0571 	EXP 	RS_rec_text: autoDraw = True
265.0665 	EXP 	RS_rec_text: autoDraw = False
268.4674 	EXP 	RS_rec_text: autoDraw = False
268.4674 	EXP 	RS_intro_title: autoDraw = True
268.4674 	EXP 	RS_intro_text: autoDraw = True
291.5008 	EXP 	RS_intro_title: autoDraw = False
291.5008 	EXP 	RS_intro_text: autoDraw = False
291.5008 	EXP 	RS_intro_title: autoDraw = False
291.5008 	EXP 	RS_intro_text: autoDraw = False
291.5008 	EXP 	RS_rec_text: text = 'Please keep relaxed and close your eyes.\n'
291.5008 	EXP 	RS_rec_text: autoDraw = True
471.5099 	EXP 	RS_rec_text: autoDraw = False
474.8604 	EXP 	RS_rec_text: autoDraw = False
474.8604 	EXP 	Pause_cont: text = 'Press [space] key to continue.'
474.8604 	EXP 	Pause_cont: autoDraw = True
493.0002 	DATA 	Keypress: space
496.0781 	EXP 	Pause_cont: autoDraw = False
496.0781 	EXP 	QA_intro_title: autoDraw = True
496.0781 	EXP 	QA_intro_text: autoDraw = True
535.4633 	EXP 	QA_intro_cont: autoDraw = True
536.0967 	EXP 	QA_intro_title: autoDraw = False
536.0967 	EXP 	QA_intro_text: autoDraw = False
537.1177 	DATA 	Keypress: space
538.1673 	EXP 	Created sequence: random, trialTypes=1, nReps=2, seed=None
538.1679 	EXP 	New trial (rep=0, index=0): None
539.1713 	EXP 	Created sequence: random, trialTypes=1, nReps=25, seed=None
539.1722 	EXP 	New trial (rep=0, index=0): None
540.2305 	EXP 	QA_intro_title: autoDraw = False
540.2305 	EXP 	QA_intro_text: autoDraw = False
540.2305 	EXP 	QA_intro_cont: autoDraw = False
540.2305 	EXP 	QA_rec_text: autoDraw = True
558.1980 	EXP 	QA_rec_break: autoDraw = True
559.1981 	EXP 	QA_rec_break: autoDraw = False
560.2202 	EXP 	New trial (rep=1, index=0): None
561.2815 	EXP 	QA_rec_text: autoDraw = False
561.2815 	EXP 	QA_rec_break: autoDraw = False
561.2815 	EXP 	QA_rec_text: autoDraw = True
579.2491 	EXP 	QA_rec_break: autoDraw = True
580.2493 	EXP 	QA_rec_break: autoDraw = False
581.2896 	EXP 	New trial (rep=2, index=0): None
582.3508 	EXP 	QA_rec_text: autoDraw = False
582.3508 	EXP 	QA_rec_break: autoDraw = False
582.3508 	EXP 	QA_rec_text: autoDraw = True
600.3002 	EXP 	QA_rec_break: autoDraw = True
601.3003 	EXP 	QA_rec_break: autoDraw = False
602.3218 	EXP 	New trial (rep=3, index=0): None
603.3839 	EXP 	QA_rec_text: autoDraw = False
603.3839 	EXP 	QA_rec_break: autoDraw = False
603.3839 	EXP 	QA_rec_text: autoDraw = True
621.3678 	EXP 	QA_rec_break: autoDraw = True
623.3732 	EXP 	New trial (rep=4, index=0): None
624.4345 	EXP 	QA_rec_text: autoDraw = False
624.4345 	EXP 	QA_rec_break: autoDraw = False
624.4345 	EXP 	QA_rec_text: autoDraw = True
642.4355 	EXP 	QA_rec_break: autoDraw = True
644.4066 	EXP 	New trial (rep=5, index=0): None
645.4523 	EXP 	QA_rec_text: autoDraw = False
645.4523 	EXP 	QA_rec_break: autoDraw = False
645.4523 	EXP 	QA_rec_text: autoDraw = True
663.4532 	EXP 	QA_rec_break: autoDraw = True
665.4579 	EXP 	New trial (rep=6, index=0): None
666.5209 	EXP 	QA_rec_text: autoDraw = False
666.5209 	EXP 	QA_rec_break: autoDraw = False
666.5209 	EXP 	QA_rec_text: autoDraw = True
684.5210 	EXP 	QA_rec_break: autoDraw = True
686.4922 	EXP 	New trial (rep=7, index=0): None
687.5547 	EXP 	QA_rec_text: autoDraw = False
687.5547 	EXP 	QA_rec_break: autoDraw = False
687.5547 	EXP 	QA_rec_text: autoDraw = True
705.5554 	EXP 	QA_rec_break: autoDraw = True
707.5598 	EXP 	New trial (rep=8, index=0): None
708.6229 	EXP 	QA_rec_text: autoDraw = False
708.6229 	EXP 	QA_rec_break: autoDraw = False
708.6229 	EXP 	QA_rec_text: autoDraw = True
726.6231 	EXP 	QA_rec_break: autoDraw = True
728.6276 	EXP 	New trial (rep=9, index=0): None
729.8073 	EXP 	QA_rec_text: autoDraw = False
729.8073 	EXP 	QA_rec_break: autoDraw = False
729.8073 	EXP 	QA_rec_text: autoDraw = True
747.8074 	EXP 	QA_rec_break: autoDraw = True
749.7791 	EXP 	New trial (rep=10, index=0): None
750.8411 	EXP 	QA_rec_text: autoDraw = False
750.8411 	EXP 	QA_rec_break: autoDraw = False
750.8411 	EXP 	QA_rec_text: autoDraw = True
768.8419 	EXP 	QA_rec_break: autoDraw = True
770.8138 	EXP 	New trial (rep=11, index=0): None
771.8764 	EXP 	QA_rec_text: autoDraw = False
771.8764 	EXP 	QA_rec_break: autoDraw = False
771.8764 	EXP 	QA_rec_text: autoDraw = True
789.8597 	EXP 	QA_rec_break: autoDraw = True
791.8642 	EXP 	New trial (rep=12, index=0): None
792.9271 	EXP 	QA_rec_text: autoDraw = False
792.9271 	EXP 	QA_rec_break: autoDraw = False
792.9271 	EXP 	QA_rec_text: autoDraw = True
810.9275 	EXP 	QA_rec_break: autoDraw = True
812.8987 	EXP 	New trial (rep=13, index=0): None
813.9625 	EXP 	QA_rec_text: autoDraw = False
813.9625 	EXP 	QA_rec_break: autoDraw = False
813.9625 	EXP 	QA_rec_text: autoDraw = True
831.9619 	EXP 	QA_rec_break: autoDraw = True
833.9329 	EXP 	New trial (rep=14, index=0): None
834.9961 	EXP 	QA_rec_text: autoDraw = False
834.9961 	EXP 	QA_rec_break: autoDraw = False
834.9961 	EXP 	QA_rec_text: autoDraw = True
852.9963 	EXP 	QA_rec_break: autoDraw = True
855.0015 	EXP 	New trial (rep=15, index=0): None
856.0471 	EXP 	QA_rec_text: autoDraw = False
856.0471 	EXP 	QA_rec_break: autoDraw = False
856.0471 	EXP 	QA_rec_text: autoDraw = True
874.0140 	EXP 	QA_rec_break: autoDraw = True
876.0185 	EXP 	New trial (rep=16, index=0): None
877.0815 	EXP 	QA_rec_text: autoDraw = False
877.0815 	EXP 	QA_rec_break: autoDraw = False
877.0815 	EXP 	QA_rec_text: autoDraw = True
895.0485 	EXP 	QA_rec_break: autoDraw = True
897.0537 	EXP 	New trial (rep=17, index=0): None
898.1159 	EXP 	QA_rec_text: autoDraw = False
898.1159 	EXP 	QA_rec_break: autoDraw = False
898.1159 	EXP 	QA_rec_text: autoDraw = True
916.0829 	EXP 	QA_rec_break: autoDraw = True
918.0873 	EXP 	New trial (rep=18, index=0): None
919.1500 	EXP 	QA_rec_text: autoDraw = False
919.1500 	EXP 	QA_rec_break: autoDraw = False
919.1500 	EXP 	QA_rec_text: autoDraw = True
937.1506 	EXP 	QA_rec_break: autoDraw = True
939.1219 	EXP 	New trial (rep=19, index=0): None
940.1847 	EXP 	QA_rec_text: autoDraw = False
940.1847 	EXP 	QA_rec_break: autoDraw = False
940.1847 	EXP 	QA_rec_text: autoDraw = True
958.1517 	EXP 	QA_rec_break: autoDraw = True
960.1561 	EXP 	New trial (rep=20, index=0): None
961.2190 	EXP 	QA_rec_text: autoDraw = False
961.2190 	EXP 	QA_rec_break: autoDraw = False
961.2190 	EXP 	QA_rec_text: autoDraw = True
979.2196 	EXP 	QA_rec_break: autoDraw = True
981.2249 	EXP 	New trial (rep=21, index=0): None
982.2868 	EXP 	QA_rec_text: autoDraw = False
982.2868 	EXP 	QA_rec_break: autoDraw = False
982.2868 	EXP 	QA_rec_text: autoDraw = True
1000.2872 	EXP 	QA_rec_break: autoDraw = True
1002.2923 	EXP 	New trial (rep=22, index=0): None
1003.3559 	EXP 	QA_rec_text: autoDraw = False
1003.3559 	EXP 	QA_rec_break: autoDraw = False
1003.3559 	EXP 	QA_rec_text: autoDraw = True
1021.3550 	EXP 	QA_rec_break: autoDraw = True
1023.3596 	EXP 	New trial (rep=23, index=0): None
1024.4233 	EXP 	QA_rec_text: autoDraw = False
1024.4233 	EXP 	QA_rec_break: autoDraw = False
1024.4233 	EXP 	QA_rec_text: autoDraw = True
1042.4227 	EXP 	QA_rec_break: autoDraw = True
1044.4318 	EXP 	New trial (rep=24, index=0): None
1045.4901 	EXP 	QA_rec_text: autoDraw = False
1045.4901 	EXP 	QA_rec_break: autoDraw = False
1045.4901 	EXP 	QA_rec_text: autoDraw = True
1063.4905 	EXP 	QA_rec_break: autoDraw = True
1067.5073 	EXP 	QA_rec_text: autoDraw = False
1067.5073 	EXP 	QA_rec_break: autoDraw = False
1067.5073 	EXP 	Pause_cont: text = 'Press [space] key to continue.'
1067.5073 	EXP 	Pause_cont: autoDraw = True
1105.2899 	DATA 	Keypress: space
1106.3452 	EXP 	New trial (rep=1, index=0): None
1107.3484 	EXP 	Created sequence: random, trialTypes=1, nReps=25, seed=None
1107.3493 	EXP 	New trial (rep=0, index=0): None
1108.4266 	EXP 	Pause_cont: autoDraw = False
1108.4266 	EXP 	QA_rec_text: autoDraw = True
1126.3937 	EXP 	QA_rec_break: autoDraw = True
1128.3988 	EXP 	New trial (rep=1, index=0): None
1129.4621 	EXP 	QA_rec_text: autoDraw = False
1129.4621 	EXP 	QA_rec_break: autoDraw = False
1129.4621 	EXP 	QA_rec_text: autoDraw = True
1147.4614 	EXP 	QA_rec_break: autoDraw = True
1149.4661 	EXP 	New trial (rep=2, index=0): None
1150.5122 	EXP 	QA_rec_text: autoDraw = False
1150.5122 	EXP 	QA_rec_break: autoDraw = False
1150.5122 	EXP 	QA_rec_text: autoDraw = True
1168.4792 	EXP 	QA_rec_break: autoDraw = True
1170.4832 	EXP 	New trial (rep=3, index=0): None
1171.5628 	EXP 	QA_rec_text: autoDraw = False
1171.5628 	EXP 	QA_rec_break: autoDraw = False
1171.5628 	EXP 	QA_rec_text: autoDraw = True
1189.5636 	EXP 	QA_rec_break: autoDraw = True
1191.5346 	EXP 	New trial (rep=4, index=0): None
1192.5977 	EXP 	QA_rec_text: autoDraw = False
1192.5977 	EXP 	QA_rec_break: autoDraw = False
1192.5977 	EXP 	QA_rec_text: autoDraw = True
1210.5814 	EXP 	QA_rec_break: autoDraw = True
1212.5858 	EXP 	New trial (rep=5, index=0): None
1213.6488 	EXP 	QA_rec_text: autoDraw = False
1213.6488 	EXP 	QA_rec_break: autoDraw = False
1213.6488 	EXP 	QA_rec_text: autoDraw = True
1231.6492 	EXP 	QA_rec_break: autoDraw = True
1233.6210 	EXP 	New trial (rep=6, index=0): None
1234.6826 	EXP 	QA_rec_text: autoDraw = False
1234.6826 	EXP 	QA_rec_break: autoDraw = False
1234.6826 	EXP 	QA_rec_text: autoDraw = True
1252.6501 	EXP 	QA_rec_break: autoDraw = True
1254.6568 	EXP 	New trial (rep=7, index=0): None
1255.7344 	EXP 	QA_rec_text: autoDraw = False
1255.7344 	EXP 	QA_rec_break: autoDraw = False
1255.7344 	EXP 	QA_rec_text: autoDraw = True
1273.7013 	EXP 	QA_rec_break: autoDraw = True
1275.7069 	EXP 	New trial (rep=8, index=0): None
1276.7854 	EXP 	QA_rec_text: autoDraw = False
1276.7854 	EXP 	QA_rec_break: autoDraw = False
1276.7854 	EXP 	QA_rec_text: autoDraw = True
1294.7523 	EXP 	QA_rec_break: autoDraw = True
1296.7614 	EXP 	New trial (rep=9, index=0): None
1297.8031 	EXP 	QA_rec_text: autoDraw = False
1297.8031 	EXP 	QA_rec_break: autoDraw = False
1297.8031 	EXP 	QA_rec_text: autoDraw = True
1315.8034 	EXP 	QA_rec_break: autoDraw = True
1317.7746 	EXP 	New trial (rep=10, index=0): None
1318.8542 	EXP 	QA_rec_text: autoDraw = False
1318.8542 	EXP 	QA_rec_break: autoDraw = False
1318.8542 	EXP 	QA_rec_text: autoDraw = True
1336.8545 	EXP 	QA_rec_break: autoDraw = True
1338.8271 	EXP 	New trial (rep=11, index=0): None
1339.9052 	EXP 	QA_rec_text: autoDraw = False
1339.9052 	EXP 	QA_rec_break: autoDraw = False
1339.9052 	EXP 	QA_rec_text: autoDraw = True
1357.8722 	EXP 	QA_rec_break: autoDraw = True
1359.8776 	EXP 	New trial (rep=12, index=0): None
1360.9564 	EXP 	QA_rec_text: autoDraw = False
1360.9564 	EXP 	QA_rec_break: autoDraw = False
1360.9564 	EXP 	QA_rec_text: autoDraw = True
1378.9570 	EXP 	QA_rec_break: autoDraw = True
1380.9279 	EXP 	New trial (rep=13, index=0): None
1381.9919 	EXP 	QA_rec_text: autoDraw = False
1381.9919 	EXP 	QA_rec_break: autoDraw = False
1381.9919 	EXP 	QA_rec_text: autoDraw = True
1399.9911 	EXP 	QA_rec_break: autoDraw = True
1401.9632 	EXP 	New trial (rep=14, index=0): None
1403.0262 	EXP 	QA_rec_text: autoDraw = False
1403.0262 	EXP 	QA_rec_break: autoDraw = False
1403.0262 	EXP 	QA_rec_text: autoDraw = True
1421.0255 	EXP 	QA_rec_break: autoDraw = True
1423.0301 	EXP 	New trial (rep=15, index=0): None
1424.0763 	EXP 	QA_rec_text: autoDraw = False
1424.0763 	EXP 	QA_rec_break: autoDraw = False
1424.0763 	EXP 	QA_rec_text: autoDraw = True
1442.0433 	EXP 	QA_rec_break: autoDraw = True
1444.0482 	EXP 	New trial (rep=16, index=0): None
1445.1118 	EXP 	QA_rec_text: autoDraw = False
1445.1118 	EXP 	QA_rec_break: autoDraw = False
1445.1118 	EXP 	QA_rec_text: autoDraw = True
1463.1110 	EXP 	QA_rec_break: autoDraw = True
1465.1156 	EXP 	New trial (rep=17, index=0): None
1466.1787 	EXP 	QA_rec_text: autoDraw = False
1466.1787 	EXP 	QA_rec_break: autoDraw = False
1466.1787 	EXP 	QA_rec_text: autoDraw = True
1484.1788 	EXP 	QA_rec_break: autoDraw = True
1486.1840 	EXP 	New trial (rep=18, index=0): None
1487.2465 	EXP 	QA_rec_text: autoDraw = False
1487.2465 	EXP 	QA_rec_break: autoDraw = False
1487.2465 	EXP 	QA_rec_text: autoDraw = True
1505.2465 	EXP 	QA_rec_break: autoDraw = True
1507.2512 	EXP 	New trial (rep=19, index=0): None
1508.3149 	EXP 	QA_rec_text: autoDraw = False
1508.3149 	EXP 	QA_rec_break: autoDraw = False
1508.3149 	EXP 	QA_rec_text: autoDraw = True
1526.3143 	EXP 	QA_rec_break: autoDraw = True
1528.3189 	EXP 	New trial (rep=20, index=0): None
1529.3826 	EXP 	QA_rec_text: autoDraw = False
1529.3826 	EXP 	QA_rec_break: autoDraw = False
1529.3826 	EXP 	QA_rec_text: autoDraw = True
1547.3653 	EXP 	QA_rec_break: autoDraw = True
1549.3699 	EXP 	New trial (rep=21, index=0): None
1550.4494 	EXP 	QA_rec_text: autoDraw = False
1550.4494 	EXP 	QA_rec_break: autoDraw = False
1550.4494 	EXP 	QA_rec_text: autoDraw = True
1568.4334 	EXP 	QA_rec_break: autoDraw = True
1570.4377 	EXP 	New trial (rep=22, index=0): None
1571.5003 	EXP 	QA_rec_text: autoDraw = False
1571.5003 	EXP 	QA_rec_break: autoDraw = False
1571.5003 	EXP 	QA_rec_text: autoDraw = True
1589.5009 	EXP 	QA_rec_break: autoDraw = True
1591.4720 	EXP 	New trial (rep=23, index=0): None
1592.5359 	EXP 	QA_rec_text: autoDraw = False
1592.5359 	EXP 	QA_rec_break: autoDraw = False
1592.5359 	EXP 	QA_rec_text: autoDraw = True
1610.5353 	EXP 	QA_rec_break: autoDraw = True
1612.5404 	EXP 	New trial (rep=24, index=0): None
1613.6028 	EXP 	QA_rec_text: autoDraw = False
1613.6028 	EXP 	QA_rec_break: autoDraw = False
1613.6028 	EXP 	QA_rec_text: autoDraw = True
1631.6031 	EXP 	QA_rec_break: autoDraw = True
1635.6199 	EXP 	QA_rec_text: autoDraw = False
1635.6199 	EXP 	QA_rec_break: autoDraw = False
1635.6199 	EXP 	Pause_cont: text = 'Press [space] key to continue.'
1635.6199 	EXP 	Pause_cont: autoDraw = True
1638.2659 	EXP 	window1: mouseVisible = True
