5.6601 	EXP 	Created fade_in_text = TextStim(__class__=<class 'psychopy.visual.text.TextStim'>, alignHoriz='center', alignVert='center', antialias=True, autoLog=True, bold=False, color=array([1., 1., 1.]), colorSpace='rgb', contrast=1.0, depth=-0.0, flipHoriz=False, flipVert=False, font='Arial', fontFiles=[], height=0.06, italic=False, languageStyle='LTR', name='fade_in_text', opacity=1.0, ori=0.0, pos=array([0.5, 0.4]), rgb=array([1., 1., 1.]), text=str(...), units='norm', win=Window(...), wrapWidth=1)
5.6652 	EXP 	Created fade_in_cont = TextStim(__class__=<class 'psychopy.visual.text.TextStim'>, alignHoriz='center', alignVert='center', antialias=True, autoLog=True, bold=False, color=array([1., 1., 1.]), colorSpace='rgb', contrast=1.0, depth=-2.0, flipHoriz=False, flipVert=False, font='Arial', fontFiles=[], height=0.06, italic=False, languageStyle='LTR', name='fade_in_cont', opacity=1.0, ori=0.0, pos=array([ 0.5, -0.3]), rgb=array([1., 1., 1.]), text=str(...), units='norm', win=Window(...), wrapWidth=1)
5.6699 	EXP 	Created instruction_text = TextStim(__class__=<class 'psychopy.visual.text.TextStim'>, alignHoriz='center', alignVert='center', antialias=True, autoLog=True, bold=False, color=array([1., 1., 1.]), colorSpace='rgb', contrast=1.0, depth=-0.0, flipHoriz=False, flipVert=False, font='Arial', fontFiles=[], height=0.06, italic=False, languageStyle='LTR', name='instruction_text', opacity=1.0, ori=0.0, pos=array([0.5, 0. ]), rgb=array([1., 1., 1.]), text=str(...), units='norm', win=Window(...), wrapWidth=1)
5.6722 	EXP 	Created instruction_cont = TextStim(__class__=<class 'psychopy.visual.text.TextStim'>, alignHoriz='center', alignVert='center', antialias=True, autoLog=True, bold=False, color=array([1., 1., 1.]), colorSpace='rgb', contrast=1.0, depth=-2.0, flipHoriz=False, flipVert=False, font='Arial', fontFiles=[], height=0.06, italic=False, languageStyle='LTR', name='instruction_cont', opacity=1.0, ori=0.0, pos=array([ 0.5, -0.3]), rgb=array([1., 1., 1.]), text='Press [space] key to continue.', units='norm', win=Window(...), wrapWidth=1)
5.6757 	EXP 	Created Cali_de_pre_intro_title = TextStim(__class__=<class 'psychopy.visual.text.TextStim'>, alignHoriz='center', alignVert='center', antialias=True, autoLog=True, bold=False, color=array([1., 1., 1.]), colorSpace='rgb', contrast=1.0, depth=-0.0, flipHoriz=False, flipVert=False, font='Arial', fontFiles=[], height=0.06, italic=False, languageStyle='LTR', name='Cali_de_pre_intro_title', opacity=1.0, ori=0.0, pos=array([0.5, 0.3]), rgb=array([1., 1., 1.]), text='READ OUT BLOCK (GERMAN)', units='norm', win=Window(...), wrapWidth=1)
5.6817 	EXP 	Created Cali_de_pre_intro_text = TextStim(__class__=<class 'psychopy.visual.text.TextStim'>, alignHoriz='center', alignVert='center', antialias=True, autoLog=True, bold=False, color=array([1., 1., 1.]), colorSpace='rgb', contrast=1.0, depth=-1.0, flipHoriz=False, flipVert=False, font='Arial', fontFiles=[], height=0.06, italic=False, languageStyle='LTR', name='Cali_de_pre_intro_text', opacity=1.0, ori=0.0, pos=array([0.5, 0. ]), rgb=array([1., 1., 1.]), text=str(...), units='norm', win=Window(...), wrapWidth=1)
5.9351 	EXP 	Created Cali_de_pre_intro_cont = TextStim(__class__=<class 'psychopy.visual.text.TextStim'>, alignHoriz='center', alignVert='center', antialias=True, autoLog=True, bold=False, color=array([1., 1., 1.]), colorSpace='rgb', contrast=1.0, depth=-4.0, flipHoriz=False, flipVert=False, font='Arial', fontFiles=[], height=0.06, italic=False, languageStyle='LTR', name='Cali_de_pre_intro_cont', opacity=1.0, ori=0.0, pos=array([ 0.5, -0.3]), rgb=array([1., 1., 1.]), text='Press [space] key to continue.', units='norm', win=Window(...), wrapWidth=1)
5.9373 	EXP 	Created Cali_de_pre_rec_text = TextStim(__class__=<class 'psychopy.visual.text.TextStim'>, alignHoriz='center', alignVert='center', antialias=True, autoLog=True, bold=False, color=array([1., 1., 1.]), colorSpace='rgb', contrast=1.0, depth=-0.0, flipHoriz=False, flipVert=False, font='Arial', fontFiles=[], height=0.06, italic=False, languageStyle='LTR', name='Cali_de_pre_rec_text', opacity=1.0, ori=0.0, pos=array([0.5, 0. ]), rgb=array([1., 1., 1.]), text='Hallo, Ich bin Chen aus Wien.', units='norm', win=Window(...), wrapWidth=1)
5.9412 	EXP 	Created Cali_de_pre_rec_cont = TextStim(__class__=<class 'psychopy.visual.text.TextStim'>, alignHoriz='center', alignVert='center', antialias=True, autoLog=True, bold=False, color=array([1., 1., 1.]), colorSpace='rgb', contrast=1.0, depth=-6.0, flipHoriz=False, flipVert=False, font='Arial', fontFiles=[], height=0.06, italic=False, languageStyle='LTR', name='Cali_de_pre_rec_cont', opacity=1.0, ori=0.0, pos=array([ 0.5, -0.3]), rgb=array([1., 1., 1.]), text='Press [space] key to continue.', units='norm', win=Window(...), wrapWidth=1)
5.9428 	EXP 	Created RS_intro_title = TextStim(__class__=<class 'psychopy.visual.text.TextStim'>, alignHoriz='center', alignVert='center', antialias=True, autoLog=True, bold=False, color=array([1., 1., 1.]), colorSpace='rgb', contrast=1.0, depth=-0.0, flipHoriz=False, flipVert=False, font='Arial', fontFiles=[], height=0.06, italic=False, languageStyle='LTR', name='RS_intro_title', opacity=1.0, ori=0.0, pos=array([0.5, 0.3]), rgb=array([1., 1., 1.]), text='REST STATE BLOCK', units='norm', win=Window(...), wrapWidth=1)
5.9481 	EXP 	Created RS_intro_text = TextStim(__class__=<class 'psychopy.visual.text.TextStim'>, alignHoriz='center', alignVert='center', antialias=True, autoLog=True, bold=False, color=array([1., 1., 1.]), colorSpace='rgb', contrast=1.0, depth=-1.0, flipHoriz=False, flipVert=False, font='Arial', fontFiles=[], height=0.06, italic=False, languageStyle='LTR', name='RS_intro_text', opacity=1.0, ori=0.0, pos=array([0.5, 0. ]), rgb=array([1., 1., 1.]), text=str(...), units='norm', win=Window(...), wrapWidth=1)
5.9565 	EXP 	Created RS_intro_cont = TextStim(__class__=<class 'psychopy.visual.text.TextStim'>, alignHoriz='center', alignVert='center', antialias=True, autoLog=True, bold=False, color=array([1., 1., 1.]), colorSpace='rgb', contrast=1.0, depth=-4.0, flipHoriz=False, flipVert=False, font='Arial', fontFiles=[], height=0.06, italic=False, languageStyle='LTR', name='RS_intro_cont', opacity=1.0, ori=0.0, pos=array([ 0.5, -0.3]), rgb=array([1., 1., 1.]), text='Press [space] key to continue.', units='norm', win=Window(...), wrapWidth=1)
5.9594 	EXP 	Created RS_rec_text = TextStim(__class__=<class 'psychopy.visual.text.TextStim'>, alignHoriz='center', alignVert='center', antialias=True, autoLog=True, bold=False, color=array([1., 1., 1.]), colorSpace='rgb', contrast=1.0, depth=-0.0, flipHoriz=False, flipVert=False, font='Arial', fontFiles=[], height=0.06, italic=False, languageStyle='LTR', name='RS_rec_text', opacity=1.0, ori=0.0, pos=array([0.5, 0. ]), rgb=array([1., 1., 1.]), text=str(...), units='norm', win=Window(...), wrapWidth=1)
5.9615 	EXP 	Created RS_rec_cont = TextStim(__class__=<class 'psychopy.visual.text.TextStim'>, alignHoriz='center', alignVert='center', antialias=True, autoLog=True, bold=False, color=array([1., 1., 1.]), colorSpace='rgb', contrast=1.0, depth=-2.0, flipHoriz=False, flipVert=False, font='Arial', fontFiles=[], height=0.06, italic=False, languageStyle='LTR', name='RS_rec_cont', opacity=1.0, ori=0.0, pos=array([ 0.5, -0.3]), rgb=array([1., 1., 1.]), text='Press [space] key to continue.', units='norm', win=Window(...), wrapWidth=1)
5.9633 	EXP 	Created QA_intro_title = TextStim(__class__=<class 'psychopy.visual.text.TextStim'>, alignHoriz='center', alignVert='center', antialias=True, autoLog=True, bold=False, color=array([1., 1., 1.]), colorSpace='rgb', contrast=1.0, depth=-0.0, flipHoriz=False, flipVert=False, font='Arial', fontFiles=[], height=0.06, italic=False, languageStyle='LTR', name='QA_intro_title', opacity=1.0, ori=0.0, pos=array([0.5, 0.3]), rgb=array([1., 1., 1.]), text='Q&A BLOCK', units='norm', win=Window(...), wrapWidth=1)
5.9724 	EXP 	Created QA_intro_text = TextStim(__class__=<class 'psychopy.visual.text.TextStim'>, alignHoriz='center', alignVert='center', antialias=True, autoLog=True, bold=False, color=array([1., 1., 1.]), colorSpace='rgb', contrast=1.0, depth=-1.0, flipHoriz=False, flipVert=False, font='Arial', fontFiles=[], height=0.06, italic=False, languageStyle='LTR', name='QA_intro_text', opacity=1.0, ori=0.0, pos=array([0.5, 0. ]), rgb=array([1., 1., 1.]), text=str(...), units='norm', win=Window(...), wrapWidth=1)
5.9892 	EXP 	Created QA_intro_cont = TextStim(__class__=<class 'psychopy.visual.text.TextStim'>, alignHoriz='center', alignVert='center', antialias=True, autoLog=True, bold=False, color=array([1., 1., 1.]), colorSpace='rgb', contrast=1.0, depth=-4.0, flipHoriz=False, flipVert=False, font='Arial', fontFiles=[], height=0.06, italic=False, languageStyle='LTR', name='QA_intro_cont', opacity=1.0, ori=0.0, pos=array([ 0.5, -0.3]), rgb=array([1., 1., 1.]), text='Press [space] key to continue.', units='norm', win=Window(...), wrapWidth=1)
5.9920 	EXP 	Created QA_rec_text = TextStim(__class__=<class 'psychopy.visual.text.TextStim'>, alignHoriz='center', alignVert='center', antialias=True, autoLog=True, bold=False, color=array([1., 1., 1.]), colorSpace='rgb', contrast=1.0, depth=-0.0, flipHoriz=False, flipVert=False, font='Arial', fontFiles=[], height=0.06, italic=False, languageStyle='LTR', name='QA_rec_text', opacity=1.0, ori=0.0, pos=array([0.5, 0. ]), rgb=array([1., 1., 1.]), text=str(...), units='norm', win=Window(...), wrapWidth=1)
5.9989 	EXP 	Created QA_rec_break = TextStim(__class__=<class 'psychopy.visual.text.TextStim'>, alignHoriz='center', alignVert='center', antialias=True, autoLog=True, bold=False, color=array([1., 1., 1.]), colorSpace='rgb', contrast=1.0, depth=-6.0, flipHoriz=False, flipVert=False, font='Arial', fontFiles=[], height=0.06, italic=False, languageStyle='LTR', name='QA_rec_break', opacity=1.0, ori=0.0, pos=array([ 0.5, -0.3]), rgb=array([1., 1., 1.]), text='Short break', units='norm', win=Window(...), wrapWidth=1)
6.0007 	EXP 	Created Pause_cont = TextStim(__class__=<class 'psychopy.visual.text.TextStim'>, alignHoriz='center', alignVert='center', antialias=True, autoLog=True, bold=False, color=array([1., 1., 1.]), colorSpace='rgb', contrast=1.0, depth=-1.0, flipHoriz=False, flipVert=False, font='Arial', fontFiles=[], height=0.06, italic=False, languageStyle='LTR', name='Pause_cont', opacity=1.0, ori=0.0, pos=array([ 0.5, -0.3]), rgb=array([1., 1., 1.]), text='Press [space] key to continue.', units='norm', win=Window(...), wrapWidth=1)
6.0025 	EXP 	Created Cali_de_post_intro_title = TextStim(__class__=<class 'psychopy.visual.text.TextStim'>, alignHoriz='center', alignVert='center', antialias=True, autoLog=True, bold=False, color=array([1., 1., 1.]), colorSpace='rgb', contrast=1.0, depth=-0.0, flipHoriz=False, flipVert=False, font='Arial', fontFiles=[], height=0.06, italic=False, languageStyle='LTR', name='Cali_de_post_intro_title', opacity=1.0, ori=0.0, pos=array([0.5, 0.3]), rgb=array([1., 1., 1.]), text='READ OUT BLOCK (GERMAN)', units='norm', win=Window(...), wrapWidth=1)
6.0079 	EXP 	Created Cali_de_post_intro_text = TextStim(__class__=<class 'psychopy.visual.text.TextStim'>, alignHoriz='center', alignVert='center', antialias=True, autoLog=True, bold=False, color=array([1., 1., 1.]), colorSpace='rgb', contrast=1.0, depth=-1.0, flipHoriz=False, flipVert=False, font='Arial', fontFiles=[], height=0.06, italic=False, languageStyle='LTR', name='Cali_de_post_intro_text', opacity=1.0, ori=0.0, pos=array([0.5, 0. ]), rgb=array([1., 1., 1.]), text=str(...), units='norm', win=Window(...), wrapWidth=1)
6.0206 	EXP 	Created Cali_de_post_intro_cont = TextStim(__class__=<class 'psychopy.visual.text.TextStim'>, alignHoriz='center', alignVert='center', antialias=True, autoLog=True, bold=False, color=array([1., 1., 1.]), colorSpace='rgb', contrast=1.0, depth=-4.0, flipHoriz=False, flipVert=False, font='Arial', fontFiles=[], height=0.06, italic=False, languageStyle='LTR', name='Cali_de_post_intro_cont', opacity=1.0, ori=0.0, pos=array([ 0.5, -0.3]), rgb=array([1., 1., 1.]), text='Press [space] key to continue.', units='norm', win=Window(...), wrapWidth=1)
6.0224 	EXP 	Created Cali_de_post_rec_text = TextStim(__class__=<class 'psychopy.visual.text.TextStim'>, alignHoriz='center', alignVert='center', antialias=True, autoLog=True, bold=False, color=array([1., 1., 1.]), colorSpace='rgb', contrast=1.0, depth=-0.0, flipHoriz=False, flipVert=False, font='Arial', fontFiles=[], height=0.06, italic=False, languageStyle='LTR', name='Cali_de_post_rec_text', opacity=1.0, ori=0.0, pos=array([0.5, 0. ]), rgb=array([1., 1., 1.]), text='Hallo, Ich bin Chen aus Wien.', units='norm', win=Window(...), wrapWidth=1)
6.0265 	EXP 	Created Cali_de_post_rec_cont = TextStim(__class__=<class 'psychopy.visual.text.TextStim'>, alignHoriz='center', alignVert='center', antialias=True, autoLog=True, bold=False, color=array([1., 1., 1.]), colorSpace='rgb', contrast=1.0, depth=-6.0, flipHoriz=False, flipVert=False, font='Arial', fontFiles=[], height=0.06, italic=False, languageStyle='LTR', name='Cali_de_post_rec_cont', opacity=1.0, ori=0.0, pos=array([ 0.5, -0.3]), rgb=array([1., 1., 1.]), text='Press [space] key to continue.', units='norm', win=Window(...), wrapWidth=1)
6.0320 	EXP 	Created text_3 = TextStim(__class__=<class 'psychopy.visual.text.TextStim'>, alignHoriz='center', alignVert='center', antialias=True, autoLog=True, bold=False, color='white', colorSpace='named', contrast=1.0, depth=0.0, flipHoriz=False, flipVert=False, font='Arial', fontFiles=[], height=0.07, italic=False, languageStyle='LTR', name='text_3', opacity=1.0, ori=0, pos=array([0., 0.]), rgb=array([255., 255., 255.]), text=str(...), units='norm', win=Window(...), wrapWidth=1)
6.0440 	EXP 	instruction_text: autoDraw = True
7.3987 	DATA 	Mouse: Left button down, pos=(604,307)
7.5318 	DATA 	Mouse:  Left button up, pos=(604,307)
11.0275 	EXP 	instruction_cont: autoDraw = True
11.7431 	DATA 	Keypress: space
11.7614 	EXP 	Created sequence: random, trialTypes=1, nReps=4, seed=None
11.7616 	EXP 	New trial (rep=0, index=0): None
11.7618 	EXP 	Created sequence: random, trialTypes=1, nReps=2, seed=None
11.7620 	EXP 	New trial (rep=0, index=0): None
11.7622 	EXP 	Created sequence: random, trialTypes=1, nReps=2, seed=None
11.7624 	EXP 	New trial (rep=0, index=0): None
11.7625 	EXP 	New trial (rep=1, index=0): None
11.7942 	EXP 	instruction_text: autoDraw = False
11.7942 	EXP 	instruction_cont: autoDraw = False
11.7942 	EXP 	Pause_cont: text = 'Press [space] key to continue.'
11.7942 	EXP 	Pause_cont: autoDraw = True
14.3762 	DATA 	Keypress: space
14.3782 	EXP 	New trial (rep=1, index=0): None
14.3784 	EXP 	Created sequence: random, trialTypes=1, nReps=2, seed=None
14.3785 	EXP 	New trial (rep=0, index=0): None
14.3785 	EXP 	New trial (rep=1, index=0): None
14.4108 	EXP 	Pause_cont: autoDraw = False
14.4108 	EXP 	Pause_cont: text = 'Press [space] key to continue.'
14.4108 	EXP 	Pause_cont: autoDraw = True
14.9595 	DATA 	Keypress: space
14.9780 	EXP 	New trial (rep=1, index=0): None
17.0109 	EXP 	Pause_cont: autoDraw = False
17.0109 	EXP 	fade_in_text: text = 'The stimulation is starting now and we will gradually increase the intensity to1.0mA IF AND ONLY IF you feel okay with current intensity. Current current intensity is 0.004mA'
17.0109 	EXP 	fade_in_text: autoDraw = True
20.1539 	DATA 	Keypress: i
21.9947 	EXP 	fade_in_cont: autoDraw = True
22.0281 	EXP 	fade_in_text: text = 'The stimulation is starting now and we will gradually increase the intensity to1.0mA IF AND ONLY IF you feel okay with current intensity. Current current intensity is 0.2mA'
23.6134 	DATA 	Keypress: i
23.6614 	EXP 	fade_in_text: text = 'The stimulation is starting now and we will gradually increase the intensity to1.0mA IF AND ONLY IF you feel okay with current intensity. Current current intensity is 0.4mA'
24.9868 	DATA 	Keypress: i
25.0282 	EXP 	fade_in_text: text = 'The stimulation is starting now and we will gradually increase the intensity to1.0mA IF AND ONLY IF you feel okay with current intensity. Current current intensity is 0.6mA'
26.7202 	DATA 	Keypress: i
26.7617 	EXP 	fade_in_text: text = 'The stimulation is starting now and we will gradually increase the intensity to1.0mA IF AND ONLY IF you feel okay with current intensity. Current current intensity is 0.8mA'
29.3536 	DATA 	Keypress: d
29.3950 	EXP 	fade_in_text: text = 'The stimulation is starting now and we will gradually increase the intensity to1.0mA IF AND ONLY IF you feel okay with current intensity. Current current intensity is 0.6mA'
29.5537 	DATA 	Keypress: d
29.5951 	EXP 	fade_in_text: text = 'The stimulation is starting now and we will gradually increase the intensity to1.0mA IF AND ONLY IF you feel okay with current intensity. Current current intensity is 0.4mA'
128.8521 	DATA 	Mouse: Left button down, pos=(653,372)
128.9521 	DATA 	Mouse:  Left button up, pos=(659,376)
129.9018 	DATA 	Keypress: i
130.0171 	EXP 	fade_in_text: text = 'The stimulation is starting now and we will gradually increase the intensity to1.0mA IF AND ONLY IF you feel okay with current intensity. Current current intensity is 0.6mA'
131.6023 	DATA 	Keypress: i
131.6674 	EXP 	fade_in_text: text = 'The stimulation is starting now and we will gradually increase the intensity to1.0mA IF AND ONLY IF you feel okay with current intensity. Current current intensity is 0.8mA'
135.9025 	DATA 	Keypress: d
136.0171 	EXP 	fade_in_text: text = 'The stimulation is starting now and we will gradually increase the intensity to1.0mA IF AND ONLY IF you feel okay with current intensity. Current current intensity is 0.6mA'
138.0527 	DATA 	Keypress: d
138.1173 	EXP 	fade_in_text: text = 'The stimulation is starting now and we will gradually increase the intensity to1.0mA IF AND ONLY IF you feel okay with current intensity. Current current intensity is 0.4mA'
140.3025 	DATA 	Keypress: d
140.3677 	EXP 	fade_in_text: text = 'The stimulation is starting now and we will gradually increase the intensity to1.0mA IF AND ONLY IF you feel okay with current intensity. Current current intensity is 0.2mA'
142.9526 	DATA 	Keypress: i
143.0181 	EXP 	fade_in_text: text = 'The stimulation is starting now and we will gradually increase the intensity to1.0mA IF AND ONLY IF you feel okay with current intensity. Current current intensity is 0.4mA'
144.8531 	DATA 	Keypress: i
144.9176 	EXP 	fade_in_text: text = 'The stimulation is starting now and we will gradually increase the intensity to1.0mA IF AND ONLY IF you feel okay with current intensity. Current current intensity is 0.6mA'
147.8045 	DATA 	Keypress: i
147.8686 	EXP 	fade_in_text: text = 'The stimulation is starting now and we will gradually increase the intensity to1.0mA IF AND ONLY IF you feel okay with current intensity. Current current intensity is 0.8mA'
171.1544 	DATA 	Keypress: lctrl
171.4539 	DATA 	Keypress: c
172.0864 	EXP 	window1: mouseVisible = True
