97.4093 	EXP 	Created instruction_text = TextStim(__class__=<class 'psychopy.visual.text.TextStim'>, alignHoriz='center', alignVert='center', antialias=True, autoLog=True, bold=False, color=array([1., 1., 1.]), colorSpace='rgb', contrast=1.0, depth=-0.0, flipHoriz=False, flipVert=False, font='Arial', fontFiles=[], height=0.06, italic=False, languageStyle='LTR', name='instruction_text', opacity=1.0, ori=0.0, pos=array([0.5, 0.1]), rgb=array([1., 1., 1.]), text=str(...), units='norm', win=Window(...), wrapWidth=1)
97.6654 	EXP 	Created instruction_cont = TextStim(__class__=<class 'psychopy.visual.text.TextStim'>, alignHoriz='center', alignVert='center', antialias=True, autoLog=True, bold=False, color=array([1., 1., 1.]), colorSpace='rgb', contrast=1.0, depth=-3.0, flipHoriz=False, flipVert=False, font='Arial', fontFiles=[], height=0.06, italic=False, languageStyle='LTR', name='instruction_cont', opacity=1.0, ori=0.0, pos=array([ 0.5, -0.4]), rgb=array([1., 1., 1.]), text='          Press [space] key to continue.', units='norm', win=Window(...), wrapWidth=1)
97.6762 	EXP 	Created Artifact_intro_title = TextStim(__class__=<class 'psychopy.visual.text.TextStim'>, alignHoriz='center', alignVert='center', antialias=True, autoLog=True, bold=False, color=array([1., 1., 1.]), colorSpace='rgb', contrast=1.0, depth=-0.0, flipHoriz=False, flipVert=False, font='Arial', fontFiles=[], height=0.06, italic=False, languageStyle='LTR', name='Artifact_intro_title', opacity=1.0, ori=0.0, pos=array([0.5, 0.4]), rgb=array([1., 1., 1.]), text='Muscular signal recording', units='norm', win=Window(...), wrapWidth=1)
97.6870 	EXP 	Created Artifact_intro_text = TextStim(__class__=<class 'psychopy.visual.text.TextStim'>, alignHoriz='center', alignVert='center', antialias=True, autoLog=True, bold=False, color=array([1., 1., 1.]), colorSpace='rgb', contrast=1.0, depth=-1.0, flipHoriz=False, flipVert=False, font='Arial', fontFiles=[], height=0.06, italic=False, languageStyle='LTR', name='Artifact_intro_text', opacity=1.0, ori=0.0, pos=array([0.5, 0. ]), rgb=array([1., 1., 1.]), text=str(...), units='norm', win=Window(...), wrapWidth=1)
97.6986 	EXP 	Created Artifact_intro_cont = TextStim(__class__=<class 'psychopy.visual.text.TextStim'>, alignHoriz='center', alignVert='center', antialias=True, autoLog=True, bold=False, color=array([1., 1., 1.]), colorSpace='rgb', contrast=1.0, depth=-4.0, flipHoriz=False, flipVert=False, font='Arial', fontFiles=[], height=0.06, italic=False, languageStyle='LTR', name='Artifact_intro_cont', opacity=1.0, ori=0.0, pos=array([0.5, 0. ]), rgb=array([1., 1., 1.]), text='          Press [space] key to continue.', units='norm', win=Window(...), wrapWidth=1)
97.6992 	EXP 	Created Artifact_rec_text = TextStim(__class__=<class 'psychopy.visual.text.TextStim'>, alignHoriz='center', alignVert='center', antialias=True, autoLog=True, bold=False, color=array([1., 1., 1.]), colorSpace='rgb', contrast=1.0, depth=-0.0, flipHoriz=False, flipVert=False, font='Arial', fontFiles=[], height=0.06, italic=False, languageStyle='LTR', name='Artifact_rec_text', opacity=1.0, ori=0.0, pos=array([0.5, 0.4]), rgb=array([1., 1., 1.]), text='', units='norm', win=Window(...), wrapWidth=1)
97.7012 	EXP 	Created Artifact_rec_recording = TextStim(__class__=<class 'psychopy.visual.text.TextStim'>, alignHoriz='center', alignVert='center', antialias=True, autoLog=True, bold=False, color=array([1., 1., 1.]), colorSpace='rgb', contrast=1.0, depth=-4.0, flipHoriz=False, flipVert=False, font='Arial', fontFiles=[], height=0.06, italic=False, languageStyle='LTR', name='Artifact_rec_recording', opacity=1.0, ori=0.0, pos=array([ 0.5, -0.4]), rgb=array([1., 1., 1.]), text='', units='norm', win=Window(...), wrapWidth=1)
97.7040 	EXP 	Created Artifact_rec_break = TextStim(__class__=<class 'psychopy.visual.text.TextStim'>, alignHoriz='center', alignVert='center', antialias=True, autoLog=True, bold=False, color=array([1., 1., 1.]), colorSpace='rgb', contrast=1.0, depth=-6.0, flipHoriz=False, flipVert=False, font='Arial', fontFiles=[], height=0.06, italic=False, languageStyle='LTR', name='Artifact_rec_break', opacity=1.0, ori=0.0, pos=array([ 0.5, -0.4]), rgb=array([1., 1., 1.]), text='Short break', units='norm', win=Window(...), wrapWidth=1)
97.7091 	EXP 	Created Cali_de_pre_intro_title = TextStim(__class__=<class 'psychopy.visual.text.TextStim'>, alignHoriz='center', alignVert='center', antialias=True, autoLog=True, bold=False, color=array([1., 1., 1.]), colorSpace='rgb', contrast=1.0, depth=-0.0, flipHoriz=False, flipVert=False, font='Arial', fontFiles=[], height=0.06, italic=False, languageStyle='LTR', name='Cali_de_pre_intro_title', opacity=1.0, ori=0.0, pos=array([0.5, 0.4]), rgb=array([1., 1., 1.]), text='READ OUT BLOCK (GERMAN)', units='norm', win=Window(...), wrapWidth=1)
97.7167 	EXP 	Created Cali_de_pre_intro_text = TextStim(__class__=<class 'psychopy.visual.text.TextStim'>, alignHoriz='center', alignVert='center', antialias=True, autoLog=True, bold=False, color=array([1., 1., 1.]), colorSpace='rgb', contrast=1.0, depth=-1.0, flipHoriz=False, flipVert=False, font='Arial', fontFiles=[], height=0.06, italic=False, languageStyle='LTR', name='Cali_de_pre_intro_text', opacity=1.0, ori=0.0, pos=array([0.5, 0. ]), rgb=array([1., 1., 1.]), text=str(...), units='norm', win=Window(...), wrapWidth=1)
97.7218 	EXP 	Created Cali_de_pre_intro_cont = TextStim(__class__=<class 'psychopy.visual.text.TextStim'>, alignHoriz='center', alignVert='center', antialias=True, autoLog=True, bold=False, color=array([1., 1., 1.]), colorSpace='rgb', contrast=1.0, depth=-4.0, flipHoriz=False, flipVert=False, font='Arial', fontFiles=[], height=0.06, italic=False, languageStyle='LTR', name='Cali_de_pre_intro_cont', opacity=1.0, ori=0.0, pos=array([0.5, 0. ]), rgb=array([1., 1., 1.]), text='          Press [space] key to continue.', units='norm', win=Window(...), wrapWidth=1)
97.7222 	EXP 	Created Cali_de_pre_rec_text = TextStim(__class__=<class 'psychopy.visual.text.TextStim'>, alignHoriz='center', alignVert='center', antialias=True, autoLog=True, bold=False, color=array([1., 1., 1.]), colorSpace='rgb', contrast=1.0, depth=-0.0, flipHoriz=False, flipVert=False, font='Arial', fontFiles=[], height=0.06, italic=False, languageStyle='LTR', name='Cali_de_pre_rec_text', opacity=1.0, ori=0.0, pos=array([0.5, 0.4]), rgb=array([1., 1., 1.]), text='', units='norm', win=Window(...), wrapWidth=1)
97.7231 	EXP 	Created Cali_de_pre_rec_question_text = TextStim(__class__=<class 'psychopy.visual.text.TextStim'>, alignHoriz='center', alignVert='center', antialias=True, autoLog=True, bold=False, color=array([1., 1., 1.]), colorSpace='rgb', contrast=1.0, depth=-2.0, flipHoriz=False, flipVert=False, font='Arial', fontFiles=[], height=0.06, italic=False, languageStyle='LTR', name='Cali_de_pre_rec_question_text', opacity=1.0, ori=0.0, pos=array([0.5, 0. ]), rgb=array([1., 1., 1.]), text='', units='norm', win=Window(...), wrapWidth=1)
97.7253 	EXP 	Created Cali_de_pre_rec_break = TextStim(__class__=<class 'psychopy.visual.text.TextStim'>, alignHoriz='center', alignVert='center', antialias=True, autoLog=True, bold=False, color=array([1., 1., 1.]), colorSpace='rgb', contrast=1.0, depth=-6.0, flipHoriz=False, flipVert=False, font='Arial', fontFiles=[], height=0.06, italic=False, languageStyle='LTR', name='Cali_de_pre_rec_break', opacity=1.0, ori=0.0, pos=array([ 0.5, -0.4]), rgb=array([1., 1., 1.]), text='Short break', units='norm', win=Window(...), wrapWidth=1)
97.7257 	EXP 	Created fade_in_text = TextStim(__class__=<class 'psychopy.visual.text.TextStim'>, alignHoriz='center', alignVert='center', antialias=True, autoLog=True, bold=False, color=array([1., 1., 1.]), colorSpace='rgb', contrast=1.0, depth=-0.0, flipHoriz=False, flipVert=False, font='Arial', fontFiles=[], height=0.06, italic=False, languageStyle='LTR', name='fade_in_text', opacity=1.0, ori=0.0, pos=array([0.5, 0.4]), rgb=array([1., 1., 1.]), text='', units='norm', win=Window(...), wrapWidth=1)
97.7277 	EXP 	Created RS_intro_title = TextStim(__class__=<class 'psychopy.visual.text.TextStim'>, alignHoriz='center', alignVert='center', antialias=True, autoLog=True, bold=False, color=array([1., 1., 1.]), colorSpace='rgb', contrast=1.0, depth=-0.0, flipHoriz=False, flipVert=False, font='Arial', fontFiles=[], height=0.06, italic=False, languageStyle='LTR', name='RS_intro_title', opacity=1.0, ori=0.0, pos=array([0.5, 0.4]), rgb=array([1., 1., 1.]), text='REST STATE BLOCK', units='norm', win=Window(...), wrapWidth=1)
97.7336 	EXP 	Created RS_intro_text = TextStim(__class__=<class 'psychopy.visual.text.TextStim'>, alignHoriz='center', alignVert='center', antialias=True, autoLog=True, bold=False, color=array([1., 1., 1.]), colorSpace='rgb', contrast=1.0, depth=-1.0, flipHoriz=False, flipVert=False, font='Arial', fontFiles=[], height=0.06, italic=False, languageStyle='LTR', name='RS_intro_text', opacity=1.0, ori=0.0, pos=array([0.5, 0. ]), rgb=array([1., 1., 1.]), text=str(...), units='norm', win=Window(...), wrapWidth=1)
97.7385 	EXP 	Created RS_rec_text = TextStim(__class__=<class 'psychopy.visual.text.TextStim'>, alignHoriz='center', alignVert='center', antialias=True, autoLog=True, bold=False, color=array([1., 1., 1.]), colorSpace='rgb', contrast=1.0, depth=-0.0, flipHoriz=False, flipVert=False, font='Arial', fontFiles=[], height=0.06, italic=False, languageStyle='LTR', name='RS_rec_text', opacity=1.0, ori=0.0, pos=array([0.5, 0. ]), rgb=array([1., 1., 1.]), text=str(...), units='norm', win=Window(...), wrapWidth=1)
97.7408 	EXP 	Created QA_intro_title = TextStim(__class__=<class 'psychopy.visual.text.TextStim'>, alignHoriz='center', alignVert='center', antialias=True, autoLog=True, bold=False, color=array([1., 1., 1.]), colorSpace='rgb', contrast=1.0, depth=-0.0, flipHoriz=False, flipVert=False, font='Arial', fontFiles=[], height=0.06, italic=False, languageStyle='LTR', name='QA_intro_title', opacity=1.0, ori=0.0, pos=array([0.5, 0.5]), rgb=array([1., 1., 1.]), text='Q&A BLOCK', units='norm', win=Window(...), wrapWidth=1)
97.7497 	EXP 	Created QA_intro_text = TextStim(__class__=<class 'psychopy.visual.text.TextStim'>, alignHoriz='center', alignVert='center', antialias=True, autoLog=True, bold=False, color=array([1., 1., 1.]), colorSpace='rgb', contrast=1.0, depth=-1.0, flipHoriz=False, flipVert=False, font='Arial', fontFiles=[], height=0.06, italic=False, languageStyle='LTR', name='QA_intro_text', opacity=1.0, ori=0.0, pos=array([0.5, 0. ]), rgb=array([1., 1., 1.]), text=str(...), units='norm', win=Window(...), wrapWidth=1)
97.7539 	EXP 	Created QA_intro_cont = TextStim(__class__=<class 'psychopy.visual.text.TextStim'>, alignHoriz='center', alignVert='center', antialias=True, autoLog=True, bold=False, color=array([1., 1., 1.]), colorSpace='rgb', contrast=1.0, depth=-4.0, flipHoriz=False, flipVert=False, font='Arial', fontFiles=[], height=0.06, italic=False, languageStyle='LTR', name='QA_intro_cont', opacity=1.0, ori=0.0, pos=array([0.5, 0. ]), rgb=array([1., 1., 1.]), text='          Press [space] key to continue.', units='norm', win=Window(...), wrapWidth=1)
97.7568 	EXP 	Created QA_rec_text = TextStim(__class__=<class 'psychopy.visual.text.TextStim'>, alignHoriz='center', alignVert='center', antialias=True, autoLog=True, bold=False, color=array([1., 1., 1.]), colorSpace='rgb', contrast=1.0, depth=-0.0, flipHoriz=False, flipVert=False, font='Arial', fontFiles=[], height=0.06, italic=False, languageStyle='LTR', name='QA_rec_text', opacity=1.0, ori=0.0, pos=array([0.5, 0. ]), rgb=array([1., 1., 1.]), text=str(...), units='norm', win=Window(...), wrapWidth=1)
97.7606 	EXP 	Created QA_rec_break = TextStim(__class__=<class 'psychopy.visual.text.TextStim'>, alignHoriz='center', alignVert='center', antialias=True, autoLog=True, bold=False, color=array([1., 1., 1.]), colorSpace='rgb', contrast=1.0, depth=-6.0, flipHoriz=False, flipVert=False, font='Arial', fontFiles=[], height=0.06, italic=False, languageStyle='LTR', name='QA_rec_break', opacity=1.0, ori=0.0, pos=array([ 0.5, -0.4]), rgb=array([1., 1., 1.]), text='Short break', units='norm', win=Window(...), wrapWidth=1)
97.7647 	EXP 	Created Pause_cont = TextStim(__class__=<class 'psychopy.visual.text.TextStim'>, alignHoriz='center', alignVert='center', antialias=True, autoLog=True, bold=False, color=array([1., 1., 1.]), colorSpace='rgb', contrast=1.0, depth=-2.0, flipHoriz=False, flipVert=False, font='Arial', fontFiles=[], height=0.06, italic=False, languageStyle='LTR', name='Pause_cont', opacity=1.0, ori=0.0, pos=array([0.5, 0. ]), rgb=array([1., 1., 1.]), text=str(...), units='norm', win=Window(...), wrapWidth=1)
97.7668 	EXP 	Created Cali_de_post_intro_title = TextStim(__class__=<class 'psychopy.visual.text.TextStim'>, alignHoriz='center', alignVert='center', antialias=True, autoLog=True, bold=False, color=array([1., 1., 1.]), colorSpace='rgb', contrast=1.0, depth=-0.0, flipHoriz=False, flipVert=False, font='Arial', fontFiles=[], height=0.06, italic=False, languageStyle='LTR', name='Cali_de_post_intro_title', opacity=1.0, ori=0.0, pos=array([0.5, 0.4]), rgb=array([1., 1., 1.]), text='READ OUT BLOCK (GERMAN)', units='norm', win=Window(...), wrapWidth=1)
97.8109 	EXP 	Created Cali_de_post_intro_text = TextStim(__class__=<class 'psychopy.visual.text.TextStim'>, alignHoriz='center', alignVert='center', antialias=True, autoLog=True, bold=False, color=array([1., 1., 1.]), colorSpace='rgb', contrast=1.0, depth=-1.0, flipHoriz=False, flipVert=False, font='Arial', fontFiles=[], height=0.06, italic=False, languageStyle='LTR', name='Cali_de_post_intro_text', opacity=1.0, ori=0.0, pos=array([0.5, 0. ]), rgb=array([1., 1., 1.]), text=str(...), units='norm', win=Window(...), wrapWidth=1)
97.8160 	EXP 	Created Cali_de_post_intro_cont = TextStim(__class__=<class 'psychopy.visual.text.TextStim'>, alignHoriz='center', alignVert='center', antialias=True, autoLog=True, bold=False, color=array([1., 1., 1.]), colorSpace='rgb', contrast=1.0, depth=-4.0, flipHoriz=False, flipVert=False, font='Arial', fontFiles=[], height=0.06, italic=False, languageStyle='LTR', name='Cali_de_post_intro_cont', opacity=1.0, ori=0.0, pos=array([0.5, 0. ]), rgb=array([1., 1., 1.]), text='          Press [space] key to continue.', units='norm', win=Window(...), wrapWidth=1)
97.8165 	EXP 	Created Cali_de_post_rec_text = TextStim(__class__=<class 'psychopy.visual.text.TextStim'>, alignHoriz='center', alignVert='center', antialias=True, autoLog=True, bold=False, color=array([1., 1., 1.]), colorSpace='rgb', contrast=1.0, depth=-0.0, flipHoriz=False, flipVert=False, font='Arial', fontFiles=[], height=0.06, italic=False, languageStyle='LTR', name='Cali_de_post_rec_text', opacity=1.0, ori=0.0, pos=array([0.5, 0.4]), rgb=array([1., 1., 1.]), text='', units='norm', win=Window(...), wrapWidth=1)
97.8173 	EXP 	Created Cali_de_post_rec_question_text = TextStim(__class__=<class 'psychopy.visual.text.TextStim'>, alignHoriz='center', alignVert='center', antialias=True, autoLog=True, bold=False, color=array([1., 1., 1.]), colorSpace='rgb', contrast=1.0, depth=-2.0, flipHoriz=False, flipVert=False, font='Arial', fontFiles=[], height=0.06, italic=False, languageStyle='LTR', name='Cali_de_post_rec_question_text', opacity=1.0, ori=0.0, pos=array([0.5, 0. ]), rgb=array([1., 1., 1.]), text='', units='norm', win=Window(...), wrapWidth=1)
97.8194 	EXP 	Created Cali_de_post_rec_break = TextStim(__class__=<class 'psychopy.visual.text.TextStim'>, alignHoriz='center', alignVert='center', antialias=True, autoLog=True, bold=False, color=array([1., 1., 1.]), colorSpace='rgb', contrast=1.0, depth=-6.0, flipHoriz=False, flipVert=False, font='Arial', fontFiles=[], height=0.06, italic=False, languageStyle='LTR', name='Cali_de_post_rec_break', opacity=1.0, ori=0.0, pos=array([ 0.5, -0.4]), rgb=array([1., 1., 1.]), text='Short break', units='norm', win=Window(...), wrapWidth=1)
97.8227 	EXP 	Created the_end_text = TextStim(__class__=<class 'psychopy.visual.text.TextStim'>, alignHoriz='center', alignVert='center', antialias=True, autoLog=True, bold=False, color=array([1., 1., 1.]), colorSpace='rgb', contrast=1.0, depth=-1.0, flipHoriz=False, flipVert=False, font='Arial', fontFiles=[], height=0.06, italic=False, languageStyle='LTR', name='the_end_text', opacity=1.0, ori=0.0, pos=array([0.7, 0. ]), rgb=array([1., 1., 1.]), text=str(...), units='norm', win=Window(...), wrapWidth=1)
99.8258 	EXP 	Created sequence: random, trialTypes=1, nReps=4, seed=None
99.8260 	EXP 	New trial (rep=0, index=0): None
100.8565 	EXP 	fade_in_text: text = 'Please remain seated until further instruction via the earphone.'
100.8565 	EXP 	fade_in_text: autoDraw = True
106.8566 	EXP 	fade_in_text: autoDraw = True
106.8733 	EXP 	fade_in_text: autoDraw = True
106.8899 	EXP 	fade_in_text: autoDraw = True
106.9066 	EXP 	fade_in_text: autoDraw = True
106.9233 	EXP 	fade_in_text: autoDraw = True
106.9400 	EXP 	fade_in_text: autoDraw = True
106.9567 	EXP 	fade_in_text: autoDraw = True
106.9734 	EXP 	fade_in_text: autoDraw = True
106.9899 	EXP 	fade_in_text: autoDraw = True
107.0066 	EXP 	fade_in_text: autoDraw = True
107.0233 	EXP 	fade_in_text: autoDraw = True
107.0400 	EXP 	fade_in_text: autoDraw = True
107.0568 	EXP 	fade_in_text: autoDraw = True
107.0734 	EXP 	fade_in_text: autoDraw = True
107.0899 	EXP 	fade_in_text: autoDraw = True
107.1066 	EXP 	fade_in_text: autoDraw = True
107.1233 	EXP 	fade_in_text: autoDraw = True
107.1400 	EXP 	fade_in_text: autoDraw = True
107.1567 	EXP 	fade_in_text: autoDraw = True
107.1734 	EXP 	fade_in_text: autoDraw = True
107.1899 	EXP 	fade_in_text: autoDraw = True
107.2066 	EXP 	fade_in_text: autoDraw = True
107.2234 	EXP 	fade_in_text: autoDraw = True
107.2400 	EXP 	fade_in_text: autoDraw = True
107.2568 	EXP 	fade_in_text: autoDraw = True
107.2734 	EXP 	fade_in_text: autoDraw = True
107.2899 	EXP 	fade_in_text: autoDraw = True
107.3067 	EXP 	fade_in_text: autoDraw = True
107.3233 	EXP 	fade_in_text: autoDraw = True
107.3400 	EXP 	fade_in_text: autoDraw = True
107.3567 	EXP 	fade_in_text: autoDraw = True
107.3734 	EXP 	fade_in_text: autoDraw = True
107.3899 	EXP 	fade_in_text: autoDraw = True
107.4067 	EXP 	fade_in_text: autoDraw = True
107.4234 	EXP 	fade_in_text: autoDraw = True
107.4400 	EXP 	fade_in_text: autoDraw = True
107.4567 	EXP 	fade_in_text: autoDraw = True
107.4733 	EXP 	fade_in_text: autoDraw = True
107.4899 	EXP 	fade_in_text: autoDraw = True
107.5067 	EXP 	fade_in_text: autoDraw = True
107.5234 	EXP 	fade_in_text: autoDraw = True
107.5400 	EXP 	fade_in_text: autoDraw = True
107.5567 	EXP 	fade_in_text: autoDraw = True
107.5733 	EXP 	fade_in_text: autoDraw = True
107.5899 	EXP 	fade_in_text: autoDraw = True
107.6067 	EXP 	fade_in_text: autoDraw = True
107.6234 	EXP 	fade_in_text: autoDraw = True
107.6400 	EXP 	fade_in_text: autoDraw = True
107.6567 	EXP 	fade_in_text: autoDraw = True
107.6733 	EXP 	fade_in_text: autoDraw = True
107.6899 	EXP 	fade_in_text: autoDraw = True
107.7067 	EXP 	fade_in_text: autoDraw = True
107.7234 	EXP 	fade_in_text: autoDraw = True
107.7400 	EXP 	fade_in_text: autoDraw = True
107.7568 	EXP 	fade_in_text: autoDraw = True
107.7733 	EXP 	fade_in_text: autoDraw = True
107.7900 	EXP 	fade_in_text: autoDraw = True
107.8067 	EXP 	fade_in_text: autoDraw = True
107.8234 	EXP 	fade_in_text: autoDraw = True
107.8400 	EXP 	fade_in_text: autoDraw = True
107.8569 	EXP 	fade_in_text: autoDraw = True
107.8733 	EXP 	fade_in_text: autoDraw = True
107.8900 	EXP 	fade_in_text: autoDraw = True
107.9067 	EXP 	fade_in_text: autoDraw = True
107.9234 	EXP 	fade_in_text: autoDraw = True
107.9400 	EXP 	fade_in_text: autoDraw = True
107.9568 	EXP 	fade_in_text: autoDraw = True
107.9733 	EXP 	fade_in_text: autoDraw = True
107.9900 	EXP 	fade_in_text: autoDraw = True
108.0067 	EXP 	fade_in_text: autoDraw = True
108.0234 	EXP 	fade_in_text: autoDraw = True
108.0401 	EXP 	fade_in_text: autoDraw = True
108.0569 	EXP 	fade_in_text: autoDraw = True
108.0733 	EXP 	fade_in_text: autoDraw = True
108.0900 	EXP 	fade_in_text: autoDraw = True
108.1067 	EXP 	fade_in_text: autoDraw = True
108.1234 	EXP 	fade_in_text: autoDraw = True
108.1400 	EXP 	fade_in_text: autoDraw = True
108.1567 	EXP 	fade_in_text: autoDraw = True
108.1733 	EXP 	fade_in_text: autoDraw = True
108.1901 	EXP 	fade_in_text: autoDraw = True
108.2067 	EXP 	fade_in_text: autoDraw = True
108.2234 	EXP 	fade_in_text: autoDraw = True
108.2401 	EXP 	fade_in_text: autoDraw = True
108.2567 	EXP 	fade_in_text: autoDraw = True
108.2733 	EXP 	fade_in_text: autoDraw = True
108.2901 	EXP 	fade_in_text: autoDraw = True
108.3067 	EXP 	fade_in_text: autoDraw = True
108.3234 	EXP 	fade_in_text: autoDraw = True
108.3401 	EXP 	fade_in_text: autoDraw = True
108.3567 	EXP 	fade_in_text: autoDraw = True
108.3733 	EXP 	fade_in_text: autoDraw = True
108.3901 	EXP 	fade_in_text: autoDraw = True
108.4067 	EXP 	fade_in_text: autoDraw = True
108.4234 	EXP 	fade_in_text: autoDraw = True
108.4402 	EXP 	fade_in_text: autoDraw = True
108.4568 	EXP 	fade_in_text: autoDraw = True
108.4733 	EXP 	fade_in_text: autoDraw = True
108.4901 	EXP 	fade_in_text: autoDraw = True
108.5067 	EXP 	fade_in_text: autoDraw = True
108.5234 	EXP 	fade_in_text: autoDraw = True
108.5402 	EXP 	fade_in_text: autoDraw = True
108.5567 	EXP 	fade_in_text: autoDraw = True
108.5734 	EXP 	fade_in_text: autoDraw = True
108.5901 	EXP 	fade_in_text: autoDraw = True
108.6067 	EXP 	fade_in_text: autoDraw = True
108.6234 	EXP 	fade_in_text: autoDraw = True
108.6402 	EXP 	fade_in_text: autoDraw = True
108.6567 	EXP 	fade_in_text: autoDraw = True
108.6734 	EXP 	fade_in_text: autoDraw = True
108.6901 	EXP 	fade_in_text: autoDraw = True
108.7067 	EXP 	fade_in_text: autoDraw = True
108.7234 	EXP 	fade_in_text: autoDraw = True
108.7401 	EXP 	fade_in_text: autoDraw = True
108.7567 	EXP 	fade_in_text: autoDraw = True
108.7734 	EXP 	fade_in_text: autoDraw = True
108.7901 	EXP 	fade_in_text: autoDraw = True
108.8068 	EXP 	fade_in_text: autoDraw = True
108.8234 	EXP 	fade_in_text: autoDraw = True
108.8401 	EXP 	fade_in_text: autoDraw = True
108.8567 	EXP 	fade_in_text: autoDraw = True
108.8734 	EXP 	fade_in_text: autoDraw = True
108.8901 	EXP 	fade_in_text: autoDraw = True
108.9068 	EXP 	fade_in_text: autoDraw = True
108.9234 	EXP 	fade_in_text: autoDraw = True
108.9401 	EXP 	fade_in_text: autoDraw = True
108.9567 	EXP 	fade_in_text: autoDraw = True
108.9734 	EXP 	fade_in_text: autoDraw = True
108.9901 	EXP 	fade_in_text: autoDraw = True
109.0068 	EXP 	fade_in_text: autoDraw = True
109.0234 	EXP 	fade_in_text: autoDraw = True
109.0401 	EXP 	fade_in_text: autoDraw = True
109.0568 	EXP 	fade_in_text: autoDraw = True
109.0734 	EXP 	fade_in_text: autoDraw = True
109.0901 	EXP 	fade_in_text: autoDraw = True
109.1068 	EXP 	fade_in_text: autoDraw = True
109.1235 	EXP 	fade_in_text: autoDraw = True
109.1401 	EXP 	fade_in_text: autoDraw = True
109.1568 	EXP 	fade_in_text: autoDraw = True
109.1735 	EXP 	fade_in_text: autoDraw = True
109.1901 	EXP 	fade_in_text: autoDraw = True
109.2068 	EXP 	fade_in_text: autoDraw = True
109.2235 	EXP 	fade_in_text: autoDraw = True
109.2401 	EXP 	fade_in_text: autoDraw = True
109.2567 	EXP 	fade_in_text: autoDraw = True
109.2735 	EXP 	fade_in_text: autoDraw = True
109.2901 	EXP 	fade_in_text: autoDraw = True
109.3068 	EXP 	fade_in_text: autoDraw = True
109.3237 	EXP 	fade_in_text: autoDraw = True
109.3400 	EXP 	fade_in_text: autoDraw = True
109.3568 	EXP 	fade_in_text: autoDraw = True
109.3735 	EXP 	fade_in_text: autoDraw = True
109.3901 	EXP 	fade_in_text: autoDraw = True
109.4068 	EXP 	fade_in_text: autoDraw = True
109.4234 	EXP 	fade_in_text: autoDraw = True
109.4400 	EXP 	fade_in_text: autoDraw = True
109.4568 	EXP 	fade_in_text: autoDraw = True
109.4735 	EXP 	fade_in_text: autoDraw = True
109.4901 	EXP 	fade_in_text: autoDraw = True
109.5068 	EXP 	fade_in_text: autoDraw = True
109.5234 	EXP 	fade_in_text: autoDraw = True
109.5401 	EXP 	fade_in_text: autoDraw = True
109.5568 	EXP 	fade_in_text: autoDraw = True
109.5735 	EXP 	fade_in_text: autoDraw = True
109.5901 	EXP 	fade_in_text: autoDraw = True
109.6068 	EXP 	fade_in_text: autoDraw = True
109.6234 	EXP 	fade_in_text: autoDraw = True
109.6400 	EXP 	fade_in_text: autoDraw = True
109.6569 	EXP 	fade_in_text: autoDraw = True
109.6735 	EXP 	fade_in_text: autoDraw = True
109.6901 	EXP 	fade_in_text: autoDraw = True
109.7069 	EXP 	fade_in_text: autoDraw = True
109.7234 	EXP 	fade_in_text: autoDraw = True
109.7401 	EXP 	fade_in_text: autoDraw = True
109.7568 	EXP 	fade_in_text: autoDraw = True
109.7735 	EXP 	fade_in_text: autoDraw = True
109.7901 	EXP 	fade_in_text: autoDraw = True
109.8069 	EXP 	fade_in_text: autoDraw = True
109.8234 	EXP 	fade_in_text: autoDraw = True
109.8401 	EXP 	fade_in_text: autoDraw = True
109.8569 	EXP 	fade_in_text: autoDraw = True
109.8735 	EXP 	fade_in_text: autoDraw = True
109.8902 	EXP 	fade_in_text: autoDraw = True
109.9069 	EXP 	fade_in_text: autoDraw = True
109.9234 	EXP 	fade_in_text: autoDraw = True
109.9402 	EXP 	fade_in_text: autoDraw = True
109.9568 	EXP 	fade_in_text: autoDraw = True
109.9735 	EXP 	fade_in_text: autoDraw = True
109.9901 	EXP 	fade_in_text: autoDraw = True
110.0070 	EXP 	fade_in_text: autoDraw = True
110.0234 	EXP 	fade_in_text: autoDraw = True
110.0402 	EXP 	fade_in_text: autoDraw = True
110.0569 	EXP 	fade_in_text: autoDraw = True
110.0735 	EXP 	fade_in_text: autoDraw = True
110.0902 	EXP 	fade_in_text: autoDraw = True
110.1067 	EXP 	fade_in_text: autoDraw = True
110.1234 	EXP 	fade_in_text: autoDraw = True
110.1402 	EXP 	fade_in_text: autoDraw = True
110.1569 	EXP 	fade_in_text: autoDraw = True
110.1735 	EXP 	fade_in_text: autoDraw = True
110.1902 	EXP 	fade_in_text: autoDraw = True
110.2068 	EXP 	fade_in_text: autoDraw = True
110.2234 	EXP 	fade_in_text: autoDraw = True
110.2402 	EXP 	fade_in_text: autoDraw = True
110.2569 	EXP 	fade_in_text: autoDraw = True
110.2735 	EXP 	fade_in_text: autoDraw = True
110.2902 	EXP 	fade_in_text: autoDraw = True
110.3067 	EXP 	fade_in_text: autoDraw = True
110.3234 	EXP 	fade_in_text: autoDraw = True
110.3402 	EXP 	fade_in_text: autoDraw = True
110.3568 	EXP 	fade_in_text: autoDraw = True
110.3735 	EXP 	fade_in_text: autoDraw = True
110.3902 	EXP 	fade_in_text: autoDraw = True
110.4068 	EXP 	fade_in_text: autoDraw = True
110.4234 	EXP 	fade_in_text: autoDraw = True
110.4402 	EXP 	fade_in_text: autoDraw = True
110.4569 	EXP 	fade_in_text: autoDraw = True
110.4735 	EXP 	fade_in_text: autoDraw = True
110.4903 	EXP 	fade_in_text: autoDraw = True
110.5068 	EXP 	fade_in_text: autoDraw = True
110.5234 	EXP 	fade_in_text: autoDraw = True
110.5402 	EXP 	fade_in_text: autoDraw = True
110.5568 	EXP 	fade_in_text: autoDraw = True
110.5736 	EXP 	fade_in_text: autoDraw = True
110.5903 	EXP 	fade_in_text: autoDraw = True
110.6068 	EXP 	fade_in_text: autoDraw = True
110.6234 	EXP 	fade_in_text: autoDraw = True
110.6402 	EXP 	fade_in_text: autoDraw = True
110.6569 	EXP 	fade_in_text: autoDraw = True
110.6735 	EXP 	fade_in_text: autoDraw = True
110.6903 	EXP 	fade_in_text: autoDraw = True
110.7068 	EXP 	fade_in_text: autoDraw = True
110.7235 	EXP 	fade_in_text: autoDraw = True
110.7402 	EXP 	fade_in_text: autoDraw = True
110.7577 	EXP 	fade_in_text: autoDraw = True
110.7736 	EXP 	fade_in_text: autoDraw = True
110.7902 	EXP 	fade_in_text: autoDraw = True
110.8068 	EXP 	fade_in_text: autoDraw = True
110.8235 	EXP 	fade_in_text: autoDraw = True
110.8402 	EXP 	fade_in_text: autoDraw = True
110.8577 	EXP 	fade_in_text: autoDraw = True
110.8740 	EXP 	fade_in_text: autoDraw = True
110.8901 	EXP 	fade_in_text: autoDraw = True
110.9068 	EXP 	fade_in_text: autoDraw = True
110.9235 	EXP 	fade_in_text: autoDraw = True
110.9402 	EXP 	fade_in_text: autoDraw = True
110.9569 	EXP 	fade_in_text: autoDraw = True
110.9736 	EXP 	fade_in_text: autoDraw = True
110.9901 	EXP 	fade_in_text: autoDraw = True
111.0068 	EXP 	fade_in_text: autoDraw = True
111.0235 	EXP 	fade_in_text: autoDraw = True
111.0402 	EXP 	fade_in_text: autoDraw = True
111.0569 	EXP 	fade_in_text: autoDraw = True
111.0743 	EXP 	fade_in_text: autoDraw = True
111.0908 	EXP 	fade_in_text: autoDraw = True
111.1075 	EXP 	fade_in_text: autoDraw = True
111.1235 	EXP 	fade_in_text: autoDraw = True
111.1402 	EXP 	fade_in_text: autoDraw = True
111.1577 	EXP 	fade_in_text: autoDraw = True
111.1744 	EXP 	fade_in_text: autoDraw = True
111.1908 	EXP 	fade_in_text: autoDraw = True
111.2076 	EXP 	fade_in_text: autoDraw = True
111.2242 	EXP 	fade_in_text: autoDraw = True
111.2409 	EXP 	fade_in_text: autoDraw = True
111.2569 	EXP 	fade_in_text: autoDraw = True
111.2741 	EXP 	fade_in_text: autoDraw = True
111.2908 	EXP 	fade_in_text: autoDraw = True
111.3076 	EXP 	fade_in_text: autoDraw = True
111.3242 	EXP 	fade_in_text: autoDraw = True
111.3409 	EXP 	fade_in_text: autoDraw = True
111.3576 	EXP 	fade_in_text: autoDraw = True
111.3744 	EXP 	fade_in_text: autoDraw = True
111.3908 	EXP 	fade_in_text: autoDraw = True
111.4072 	EXP 	fade_in_text: autoDraw = True
111.4242 	EXP 	fade_in_text: autoDraw = True
111.4409 	EXP 	fade_in_text: autoDraw = True
111.4576 	EXP 	fade_in_text: autoDraw = True
111.4735 	EXP 	fade_in_text: autoDraw = True
111.4908 	EXP 	fade_in_text: autoDraw = True
111.5076 	EXP 	fade_in_text: autoDraw = True
111.5242 	EXP 	fade_in_text: autoDraw = True
111.5406 	EXP 	fade_in_text: autoDraw = True
111.5575 	EXP 	fade_in_text: autoDraw = True
111.5742 	EXP 	fade_in_text: autoDraw = True
111.5908 	EXP 	fade_in_text: autoDraw = True
111.6075 	EXP 	fade_in_text: autoDraw = True
111.6242 	EXP 	fade_in_text: autoDraw = True
111.6409 	EXP 	fade_in_text: autoDraw = True
111.6576 	EXP 	fade_in_text: autoDraw = True
111.6740 	EXP 	fade_in_text: autoDraw = True
111.6908 	EXP 	fade_in_text: autoDraw = True
111.7076 	EXP 	fade_in_text: autoDraw = True
111.7242 	EXP 	fade_in_text: autoDraw = True
111.7409 	EXP 	fade_in_text: autoDraw = True
111.7576 	EXP 	fade_in_text: autoDraw = True
111.7742 	EXP 	fade_in_text: autoDraw = True
111.7909 	EXP 	fade_in_text: autoDraw = True
111.8072 	EXP 	fade_in_text: autoDraw = True
111.8242 	EXP 	fade_in_text: autoDraw = True
111.8409 	EXP 	fade_in_text: autoDraw = True
111.8578 	EXP 	fade_in_text: autoDraw = True
111.8743 	EXP 	fade_in_text: autoDraw = True
111.8909 	EXP 	fade_in_text: autoDraw = True
111.9076 	EXP 	fade_in_text: autoDraw = True
111.9242 	EXP 	fade_in_text: autoDraw = True
111.9406 	EXP 	fade_in_text: autoDraw = True
111.9577 	EXP 	fade_in_text: autoDraw = True
111.9741 	EXP 	fade_in_text: autoDraw = True
111.9909 	EXP 	fade_in_text: autoDraw = True
112.0075 	EXP 	fade_in_text: autoDraw = True
112.0242 	EXP 	fade_in_text: autoDraw = True
112.0409 	EXP 	fade_in_text: autoDraw = True
112.0578 	EXP 	fade_in_text: autoDraw = True
112.0738 	EXP 	fade_in_text: autoDraw = True
112.0909 	EXP 	fade_in_text: autoDraw = True
112.1076 	EXP 	fade_in_text: autoDraw = True
112.1242 	EXP 	fade_in_text: autoDraw = True
112.1409 	EXP 	fade_in_text: autoDraw = True
112.1577 	EXP 	fade_in_text: autoDraw = True
112.1741 	EXP 	fade_in_text: autoDraw = True
112.1909 	EXP 	fade_in_text: autoDraw = True
112.2072 	EXP 	fade_in_text: autoDraw = True
112.2242 	EXP 	fade_in_text: autoDraw = True
112.2409 	EXP 	fade_in_text: autoDraw = True
112.2576 	EXP 	fade_in_text: autoDraw = True
112.2742 	EXP 	fade_in_text: autoDraw = True
112.2908 	EXP 	fade_in_text: autoDraw = True
112.3076 	EXP 	fade_in_text: autoDraw = True
112.3242 	EXP 	fade_in_text: autoDraw = True
112.3407 	EXP 	fade_in_text: autoDraw = True
112.3575 	EXP 	fade_in_text: autoDraw = True
112.3742 	EXP 	fade_in_text: autoDraw = True
112.3909 	EXP 	fade_in_text: autoDraw = True
112.4076 	EXP 	fade_in_text: autoDraw = True
112.4242 	EXP 	fade_in_text: autoDraw = True
112.4411 	EXP 	fade_in_text: autoDraw = True
112.4577 	EXP 	fade_in_text: autoDraw = True
112.4739 	EXP 	fade_in_text: autoDraw = True
112.4909 	EXP 	fade_in_text: autoDraw = True
112.5076 	EXP 	fade_in_text: autoDraw = True
112.5242 	EXP 	fade_in_text: autoDraw = True
112.5411 	EXP 	fade_in_text: autoDraw = True
112.5575 	EXP 	fade_in_text: autoDraw = True
112.5742 	EXP 	fade_in_text: autoDraw = True
112.5909 	EXP 	fade_in_text: autoDraw = True
112.6072 	EXP 	fade_in_text: autoDraw = True
112.6242 	EXP 	fade_in_text: autoDraw = True
112.6410 	EXP 	fade_in_text: autoDraw = True
112.6576 	EXP 	fade_in_text: autoDraw = True
112.6743 	EXP 	fade_in_text: autoDraw = True
112.6909 	EXP 	fade_in_text: autoDraw = True
112.7076 	EXP 	fade_in_text: autoDraw = True
112.7242 	EXP 	fade_in_text: autoDraw = True
112.7405 	EXP 	fade_in_text: autoDraw = True
112.7575 	EXP 	fade_in_text: autoDraw = True
112.7743 	EXP 	fade_in_text: autoDraw = True
112.7909 	EXP 	fade_in_text: autoDraw = True
112.8076 	EXP 	fade_in_text: autoDraw = True
112.8243 	EXP 	fade_in_text: autoDraw = True
112.8408 	EXP 	fade_in_text: autoDraw = True
112.8575 	EXP 	fade_in_text: autoDraw = True
112.8739 	EXP 	fade_in_text: autoDraw = True
112.8909 	EXP 	fade_in_text: autoDraw = True
112.9076 	EXP 	fade_in_text: autoDraw = True
112.9243 	EXP 	fade_in_text: autoDraw = True
112.9408 	EXP 	fade_in_text: autoDraw = True
112.9575 	EXP 	fade_in_text: autoDraw = True
112.9743 	EXP 	fade_in_text: autoDraw = True
112.9909 	EXP 	fade_in_text: autoDraw = True
113.0073 	EXP 	fade_in_text: autoDraw = True
113.0243 	EXP 	fade_in_text: autoDraw = True
113.0408 	EXP 	fade_in_text: autoDraw = True
113.0576 	EXP 	fade_in_text: autoDraw = True
113.0743 	EXP 	fade_in_text: autoDraw = True
113.0910 	EXP 	fade_in_text: autoDraw = True
113.1076 	EXP 	fade_in_text: autoDraw = True
113.1245 	EXP 	fade_in_text: autoDraw = True
113.1405 	EXP 	fade_in_text: autoDraw = True
113.1576 	EXP 	fade_in_text: autoDraw = True
113.1743 	EXP 	fade_in_text: autoDraw = True
113.1910 	EXP 	fade_in_text: autoDraw = True
113.2076 	EXP 	fade_in_text: autoDraw = True
113.2244 	EXP 	fade_in_text: autoDraw = True
113.2409 	EXP 	fade_in_text: autoDraw = True
113.2576 	EXP 	fade_in_text: autoDraw = True
113.2740 	EXP 	fade_in_text: autoDraw = True
113.2910 	EXP 	fade_in_text: autoDraw = True
113.3076 	EXP 	fade_in_text: autoDraw = True
113.3244 	EXP 	fade_in_text: autoDraw = True
113.3409 	EXP 	fade_in_text: autoDraw = True
113.3576 	EXP 	fade_in_text: autoDraw = True
113.3743 	EXP 	fade_in_text: autoDraw = True
113.3910 	EXP 	fade_in_text: autoDraw = True
113.4073 	EXP 	fade_in_text: autoDraw = True
113.4245 	EXP 	fade_in_text: autoDraw = True
113.4409 	EXP 	fade_in_text: autoDraw = True
113.4576 	EXP 	fade_in_text: autoDraw = True
113.4743 	EXP 	fade_in_text: autoDraw = True
113.4910 	EXP 	fade_in_text: autoDraw = True
113.5076 	EXP 	fade_in_text: autoDraw = True
113.5242 	EXP 	fade_in_text: autoDraw = True
113.5406 	EXP 	fade_in_text: autoDraw = True
113.5576 	EXP 	fade_in_text: autoDraw = True
113.5743 	EXP 	fade_in_text: autoDraw = True
113.5910 	EXP 	fade_in_text: autoDraw = True
113.6076 	EXP 	fade_in_text: autoDraw = True
113.6242 	EXP 	fade_in_text: autoDraw = True
113.6409 	EXP 	fade_in_text: autoDraw = True
113.6576 	EXP 	fade_in_text: autoDraw = True
113.6740 	EXP 	fade_in_text: autoDraw = True
113.6910 	EXP 	fade_in_text: autoDraw = True
113.7078 	EXP 	fade_in_text: autoDraw = True
113.7242 	EXP 	fade_in_text: autoDraw = True
113.7409 	EXP 	fade_in_text: autoDraw = True
113.7576 	EXP 	fade_in_text: autoDraw = True
113.7743 	EXP 	fade_in_text: autoDraw = True
113.7910 	EXP 	fade_in_text: autoDraw = True
113.8075 	EXP 	fade_in_text: autoDraw = True
113.8242 	EXP 	fade_in_text: autoDraw = True
113.8410 	EXP 	fade_in_text: autoDraw = True
113.8577 	EXP 	fade_in_text: autoDraw = True
113.8743 	EXP 	fade_in_text: autoDraw = True
113.8910 	EXP 	fade_in_text: autoDraw = True
113.9079 	EXP 	fade_in_text: autoDraw = True
113.9242 	EXP 	fade_in_text: autoDraw = True
113.9406 	EXP 	fade_in_text: autoDraw = True
113.9577 	EXP 	fade_in_text: autoDraw = True
113.9743 	EXP 	fade_in_text: autoDraw = True
113.9910 	EXP 	fade_in_text: autoDraw = True
114.0077 	EXP 	fade_in_text: autoDraw = True
114.0242 	EXP 	fade_in_text: autoDraw = True
114.0410 	EXP 	fade_in_text: autoDraw = True
114.0577 	EXP 	fade_in_text: autoDraw = True
114.0740 	EXP 	fade_in_text: autoDraw = True
114.0910 	EXP 	fade_in_text: autoDraw = True
114.1078 	EXP 	fade_in_text: autoDraw = True
114.1242 	EXP 	fade_in_text: autoDraw = True
114.1410 	EXP 	fade_in_text: autoDraw = True
114.1577 	EXP 	fade_in_text: autoDraw = True
114.1744 	EXP 	fade_in_text: autoDraw = True
114.1910 	EXP 	fade_in_text: autoDraw = True
114.2072 	EXP 	fade_in_text: autoDraw = True
114.2242 	EXP 	fade_in_text: autoDraw = True
114.2410 	EXP 	fade_in_text: autoDraw = True
114.2577 	EXP 	fade_in_text: autoDraw = True
114.2743 	EXP 	fade_in_text: autoDraw = True
114.2910 	EXP 	fade_in_text: autoDraw = True
114.3076 	EXP 	fade_in_text: autoDraw = True
114.3242 	EXP 	fade_in_text: autoDraw = True
114.3407 	EXP 	fade_in_text: autoDraw = True
114.3576 	EXP 	fade_in_text: autoDraw = True
114.3743 	EXP 	fade_in_text: autoDraw = True
114.3911 	EXP 	fade_in_text: autoDraw = True
114.4075 	EXP 	fade_in_text: autoDraw = True
114.4243 	EXP 	fade_in_text: autoDraw = True
114.4410 	EXP 	fade_in_text: autoDraw = True
114.4578 	EXP 	fade_in_text: autoDraw = True
114.4740 	EXP 	fade_in_text: autoDraw = True
114.4912 	EXP 	fade_in_text: autoDraw = True
114.5076 	EXP 	fade_in_text: autoDraw = True
114.5243 	EXP 	fade_in_text: autoDraw = True
114.5410 	EXP 	fade_in_text: autoDraw = True
114.5577 	EXP 	fade_in_text: autoDraw = True
114.5743 	EXP 	fade_in_text: autoDraw = True
114.5912 	EXP 	fade_in_text: autoDraw = True
114.6073 	EXP 	fade_in_text: autoDraw = True
114.6243 	EXP 	fade_in_text: autoDraw = True
114.6410 	EXP 	fade_in_text: autoDraw = True
114.6577 	EXP 	fade_in_text: autoDraw = True
114.6744 	EXP 	fade_in_text: autoDraw = True
114.6912 	EXP 	fade_in_text: autoDraw = True
114.7076 	EXP 	fade_in_text: autoDraw = True
114.7244 	EXP 	fade_in_text: autoDraw = True
114.7407 	EXP 	fade_in_text: autoDraw = True
114.7577 	EXP 	fade_in_text: autoDraw = True
114.7744 	EXP 	fade_in_text: autoDraw = True
114.7913 	EXP 	fade_in_text: autoDraw = True
114.8076 	EXP 	fade_in_text: autoDraw = True
114.8244 	EXP 	fade_in_text: autoDraw = True
114.8411 	EXP 	fade_in_text: autoDraw = True
114.8577 	EXP 	fade_in_text: autoDraw = True
114.8740 	EXP 	fade_in_text: autoDraw = True
114.8910 	EXP 	fade_in_text: autoDraw = True
114.9076 	EXP 	fade_in_text: autoDraw = True
114.9244 	EXP 	fade_in_text: autoDraw = True
114.9410 	EXP 	fade_in_text: autoDraw = True
114.9578 	EXP 	fade_in_text: autoDraw = True
114.9744 	EXP 	fade_in_text: autoDraw = True
114.9910 	EXP 	fade_in_text: autoDraw = True
115.0073 	EXP 	fade_in_text: autoDraw = True
115.0244 	EXP 	fade_in_text: autoDraw = True
115.0410 	EXP 	fade_in_text: autoDraw = True
115.0577 	EXP 	fade_in_text: autoDraw = True
115.0746 	EXP 	fade_in_text: autoDraw = True
115.0911 	EXP 	fade_in_text: autoDraw = True
115.1077 	EXP 	fade_in_text: autoDraw = True
115.1244 	EXP 	fade_in_text: autoDraw = True
115.1407 	EXP 	fade_in_text: autoDraw = True
115.1577 	EXP 	fade_in_text: autoDraw = True
115.1746 	EXP 	fade_in_text: autoDraw = True
115.1911 	EXP 	fade_in_text: autoDraw = True
115.2077 	EXP 	fade_in_text: autoDraw = True
115.2244 	EXP 	fade_in_text: autoDraw = True
115.2411 	EXP 	fade_in_text: autoDraw = True
115.2578 	EXP 	fade_in_text: autoDraw = True
115.2743 	EXP 	fade_in_text: autoDraw = True
115.2912 	EXP 	fade_in_text: autoDraw = True
115.3077 	EXP 	fade_in_text: autoDraw = True
115.3244 	EXP 	fade_in_text: autoDraw = True
115.3411 	EXP 	fade_in_text: autoDraw = True
115.3578 	EXP 	fade_in_text: autoDraw = True
115.3745 	EXP 	fade_in_text: autoDraw = True
115.3911 	EXP 	fade_in_text: autoDraw = True
115.4074 	EXP 	fade_in_text: autoDraw = True
115.4245 	EXP 	fade_in_text: autoDraw = True
115.4411 	EXP 	fade_in_text: autoDraw = True
115.4578 	EXP 	fade_in_text: autoDraw = True
115.4746 	EXP 	fade_in_text: autoDraw = True
115.4910 	EXP 	fade_in_text: autoDraw = True
115.5077 	EXP 	fade_in_text: autoDraw = True
115.5244 	EXP 	fade_in_text: autoDraw = True
115.5408 	EXP 	fade_in_text: autoDraw = True
115.5578 	EXP 	fade_in_text: autoDraw = True
115.5743 	EXP 	fade_in_text: autoDraw = True
115.5910 	EXP 	fade_in_text: autoDraw = True
115.6078 	EXP 	fade_in_text: autoDraw = True
115.6244 	EXP 	fade_in_text: autoDraw = True
115.6411 	EXP 	fade_in_text: autoDraw = True
115.6578 	EXP 	fade_in_text: autoDraw = True
115.6741 	EXP 	fade_in_text: autoDraw = True
115.6910 	EXP 	fade_in_text: autoDraw = True
115.7078 	EXP 	fade_in_text: autoDraw = True
115.7244 	EXP 	fade_in_text: autoDraw = True
115.7411 	EXP 	fade_in_text: autoDraw = True
115.7580 	EXP 	fade_in_text: autoDraw = True
115.7743 	EXP 	fade_in_text: autoDraw = True
115.7911 	EXP 	fade_in_text: autoDraw = True
115.8074 	EXP 	fade_in_text: autoDraw = True
115.8244 	EXP 	fade_in_text: autoDraw = True
115.8411 	EXP 	fade_in_text: autoDraw = True
115.8580 	EXP 	fade_in_text: autoDraw = True
115.8744 	EXP 	fade_in_text: autoDraw = True
115.8910 	EXP 	fade_in_text: autoDraw = True
115.9078 	EXP 	fade_in_text: autoDraw = True
115.9244 	EXP 	fade_in_text: autoDraw = True
115.9408 	EXP 	fade_in_text: autoDraw = True
115.9579 	EXP 	fade_in_text: autoDraw = True
115.9744 	EXP 	fade_in_text: autoDraw = True
115.9911 	EXP 	fade_in_text: autoDraw = True
116.0078 	EXP 	fade_in_text: autoDraw = True
116.0245 	EXP 	fade_in_text: autoDraw = True
116.0411 	EXP 	fade_in_text: autoDraw = True
116.0579 	EXP 	fade_in_text: autoDraw = True
116.0743 	EXP 	fade_in_text: autoDraw = True
116.0911 	EXP 	fade_in_text: autoDraw = True
116.1078 	EXP 	fade_in_text: autoDraw = True
116.1244 	EXP 	fade_in_text: autoDraw = True
116.1411 	EXP 	fade_in_text: autoDraw = True
116.1577 	EXP 	fade_in_text: autoDraw = True
116.1744 	EXP 	fade_in_text: autoDraw = True
116.1911 	EXP 	fade_in_text: autoDraw = True
116.2075 	EXP 	fade_in_text: autoDraw = True
116.2245 	EXP 	fade_in_text: autoDraw = True
116.2412 	EXP 	fade_in_text: autoDraw = True
116.2577 	EXP 	fade_in_text: autoDraw = True
116.2745 	EXP 	fade_in_text: autoDraw = True
116.2911 	EXP 	fade_in_text: autoDraw = True
116.3078 	EXP 	fade_in_text: autoDraw = True
116.3245 	EXP 	fade_in_text: autoDraw = True
116.3409 	EXP 	fade_in_text: autoDraw = True
116.3577 	EXP 	fade_in_text: autoDraw = True
116.3744 	EXP 	fade_in_text: autoDraw = True
116.3911 	EXP 	fade_in_text: autoDraw = True
116.4078 	EXP 	fade_in_text: autoDraw = True
116.4245 	EXP 	fade_in_text: autoDraw = True
116.4413 	EXP 	fade_in_text: autoDraw = True
116.4578 	EXP 	fade_in_text: autoDraw = True
116.4742 	EXP 	fade_in_text: autoDraw = True
116.4911 	EXP 	fade_in_text: autoDraw = True
116.5078 	EXP 	fade_in_text: autoDraw = True
116.5245 	EXP 	fade_in_text: autoDraw = True
116.5413 	EXP 	fade_in_text: autoDraw = True
116.5577 	EXP 	fade_in_text: autoDraw = True
116.5745 	EXP 	fade_in_text: autoDraw = True
116.5911 	EXP 	fade_in_text: autoDraw = True
116.6075 	EXP 	fade_in_text: autoDraw = True
116.6245 	EXP 	fade_in_text: autoDraw = True
116.6412 	EXP 	fade_in_text: autoDraw = True
116.6577 	EXP 	fade_in_text: autoDraw = True
116.6745 	EXP 	fade_in_text: autoDraw = True
116.6911 	EXP 	fade_in_text: autoDraw = True
116.7078 	EXP 	fade_in_text: autoDraw = True
116.7244 	EXP 	fade_in_text: autoDraw = True
116.7407 	EXP 	fade_in_text: autoDraw = True
116.7577 	EXP 	fade_in_text: autoDraw = True
116.7745 	EXP 	fade_in_text: autoDraw = True
116.7911 	EXP 	fade_in_text: autoDraw = True
116.8078 	EXP 	fade_in_text: autoDraw = True
116.8244 	EXP 	fade_in_text: autoDraw = True
116.8411 	EXP 	fade_in_text: autoDraw = True
116.8577 	EXP 	fade_in_text: autoDraw = True
116.8741 	EXP 	fade_in_text: autoDraw = True
116.8911 	EXP 	fade_in_text: autoDraw = True
116.9078 	EXP 	fade_in_text: autoDraw = True
116.9246 	EXP 	fade_in_text: autoDraw = True
116.9411 	EXP 	fade_in_text: autoDraw = True
116.9578 	EXP 	fade_in_text: autoDraw = True
116.9745 	EXP 	fade_in_text: autoDraw = True
116.9911 	EXP 	fade_in_text: autoDraw = True
117.0075 	EXP 	fade_in_text: autoDraw = True
117.0246 	EXP 	fade_in_text: autoDraw = True
117.0411 	EXP 	fade_in_text: autoDraw = True
117.0587 	EXP 	fade_in_text: autoDraw = True
117.0741 	EXP 	fade_in_text: autoDraw = True
117.0909 	EXP 	fade_in_text: autoDraw = True
117.1074 	EXP 	fade_in_text: autoDraw = True
117.1242 	EXP 	fade_in_text: autoDraw = True
117.1406 	EXP 	fade_in_text: autoDraw = True
117.1575 	EXP 	fade_in_text: autoDraw = True
117.1742 	EXP 	fade_in_text: autoDraw = True
117.1907 	EXP 	fade_in_text: autoDraw = True
117.2074 	EXP 	fade_in_text: autoDraw = True
117.2240 	EXP 	fade_in_text: autoDraw = True
117.2408 	EXP 	fade_in_text: autoDraw = True
117.2576 	EXP 	fade_in_text: autoDraw = True
117.2745 	EXP 	fade_in_text: autoDraw = True
117.2912 	EXP 	fade_in_text: autoDraw = True
117.3079 	EXP 	fade_in_text: autoDraw = True
117.3246 	EXP 	fade_in_text: autoDraw = True
117.3411 	EXP 	fade_in_text: autoDraw = True
117.3578 	EXP 	fade_in_text: autoDraw = True
117.3745 	EXP 	fade_in_text: autoDraw = True
117.3908 	EXP 	fade_in_text: autoDraw = True
117.4079 	EXP 	fade_in_text: autoDraw = True
117.4245 	EXP 	fade_in_text: autoDraw = True
117.4411 	EXP 	fade_in_text: autoDraw = True
117.4578 	EXP 	fade_in_text: autoDraw = True
117.4745 	EXP 	fade_in_text: autoDraw = True
117.4912 	EXP 	fade_in_text: autoDraw = True
117.5079 	EXP 	fade_in_text: autoDraw = True
117.5241 	EXP 	fade_in_text: autoDraw = True
117.5411 	EXP 	fade_in_text: autoDraw = True
117.5578 	EXP 	fade_in_text: autoDraw = True
117.5745 	EXP 	fade_in_text: autoDraw = True
117.5913 	EXP 	fade_in_text: autoDraw = True
117.6079 	EXP 	fade_in_text: autoDraw = True
117.6244 	EXP 	fade_in_text: autoDraw = True
117.6412 	EXP 	fade_in_text: autoDraw = True
117.6575 	EXP 	fade_in_text: autoDraw = True
117.6745 	EXP 	fade_in_text: autoDraw = True
117.6912 	EXP 	fade_in_text: autoDraw = True
117.7080 	EXP 	fade_in_text: autoDraw = True
117.7245 	EXP 	fade_in_text: autoDraw = True
117.7412 	EXP 	fade_in_text: autoDraw = True
117.7579 	EXP 	fade_in_text: autoDraw = True
117.7745 	EXP 	fade_in_text: autoDraw = True
117.7908 	EXP 	fade_in_text: autoDraw = True
117.8081 	EXP 	fade_in_text: autoDraw = True
117.8244 	EXP 	fade_in_text: autoDraw = True
117.8412 	EXP 	fade_in_text: autoDraw = True
117.8579 	EXP 	fade_in_text: autoDraw = True
117.8745 	EXP 	fade_in_text: autoDraw = True
117.8912 	EXP 	fade_in_text: autoDraw = True
117.9080 	EXP 	fade_in_text: autoDraw = True
117.9241 	EXP 	fade_in_text: autoDraw = True
117.9412 	EXP 	fade_in_text: autoDraw = True
117.9579 	EXP 	fade_in_text: autoDraw = True
117.9746 	EXP 	fade_in_text: autoDraw = True
117.9912 	EXP 	fade_in_text: autoDraw = True
118.0080 	EXP 	fade_in_text: autoDraw = True
118.0245 	EXP 	fade_in_text: autoDraw = True
118.0412 	EXP 	fade_in_text: autoDraw = True
118.0575 	EXP 	fade_in_text: autoDraw = True
118.0745 	EXP 	fade_in_text: autoDraw = True
118.0912 	EXP 	fade_in_text: autoDraw = True
118.1079 	EXP 	fade_in_text: autoDraw = True
118.1245 	EXP 	fade_in_text: autoDraw = True
118.1412 	EXP 	fade_in_text: autoDraw = True
118.1579 	EXP 	fade_in_text: autoDraw = True
118.1745 	EXP 	fade_in_text: autoDraw = True
118.1910 	EXP 	fade_in_text: autoDraw = True
118.2078 	EXP 	fade_in_text: autoDraw = True
118.2246 	EXP 	fade_in_text: autoDraw = True
118.2412 	EXP 	fade_in_text: autoDraw = True
118.2579 	EXP 	fade_in_text: autoDraw = True
118.2746 	EXP 	fade_in_text: autoDraw = True
118.2914 	EXP 	fade_in_text: autoDraw = True
118.3079 	EXP 	fade_in_text: autoDraw = True
118.3242 	EXP 	fade_in_text: autoDraw = True
118.3412 	EXP 	fade_in_text: autoDraw = True
118.3579 	EXP 	fade_in_text: autoDraw = True
118.3746 	EXP 	fade_in_text: autoDraw = True
118.3914 	EXP 	fade_in_text: autoDraw = True
118.4079 	EXP 	fade_in_text: autoDraw = True
118.4246 	EXP 	fade_in_text: autoDraw = True
118.4412 	EXP 	fade_in_text: autoDraw = True
118.4576 	EXP 	fade_in_text: autoDraw = True
118.4746 	EXP 	fade_in_text: autoDraw = True
118.4914 	EXP 	fade_in_text: autoDraw = True
118.5080 	EXP 	fade_in_text: autoDraw = True
118.5246 	EXP 	fade_in_text: autoDraw = True
118.5412 	EXP 	fade_in_text: autoDraw = True
118.5579 	EXP 	fade_in_text: autoDraw = True
118.5746 	EXP 	fade_in_text: autoDraw = True
118.5908 	EXP 	fade_in_text: autoDraw = True
118.6079 	EXP 	fade_in_text: autoDraw = True
118.6246 	EXP 	fade_in_text: autoDraw = True
118.6412 	EXP 	fade_in_text: autoDraw = True
118.6579 	EXP 	fade_in_text: autoDraw = True
118.6746 	EXP 	fade_in_text: autoDraw = True
118.6912 	EXP 	fade_in_text: autoDraw = True
118.7080 	EXP 	fade_in_text: autoDraw = True
118.7242 	EXP 	fade_in_text: autoDraw = True
118.7412 	EXP 	fade_in_text: autoDraw = True
118.7579 	EXP 	fade_in_text: autoDraw = True
118.7746 	EXP 	fade_in_text: autoDraw = True
118.7911 	EXP 	fade_in_text: autoDraw = True
118.8079 	EXP 	fade_in_text: autoDraw = True
118.8246 	EXP 	fade_in_text: autoDraw = True
118.8412 	EXP 	fade_in_text: autoDraw = True
118.8576 	EXP 	fade_in_text: autoDraw = True
118.8747 	EXP 	fade_in_text: autoDraw = True
118.8913 	EXP 	fade_in_text: autoDraw = True
118.9079 	EXP 	fade_in_text: autoDraw = True
118.9245 	EXP 	fade_in_text: autoDraw = True
118.9413 	EXP 	fade_in_text: autoDraw = True
118.9579 	EXP 	fade_in_text: autoDraw = True
118.9749 	EXP 	fade_in_text: autoDraw = True
118.9908 	EXP 	fade_in_text: autoDraw = True
119.0079 	EXP 	fade_in_text: autoDraw = True
119.0246 	EXP 	fade_in_text: autoDraw = True
119.0413 	EXP 	fade_in_text: autoDraw = True
119.0579 	EXP 	fade_in_text: autoDraw = True
119.0747 	EXP 	fade_in_text: autoDraw = True
119.0913 	EXP 	fade_in_text: autoDraw = True
119.1079 	EXP 	fade_in_text: autoDraw = True
119.1243 	EXP 	fade_in_text: autoDraw = True
119.1412 	EXP 	fade_in_text: autoDraw = True
119.1579 	EXP 	fade_in_text: autoDraw = True
119.1747 	EXP 	fade_in_text: autoDraw = True
119.1913 	EXP 	fade_in_text: autoDraw = True
119.2079 	EXP 	fade_in_text: autoDraw = True
119.2246 	EXP 	fade_in_text: autoDraw = True
119.2413 	EXP 	fade_in_text: autoDraw = True
119.2576 	EXP 	fade_in_text: autoDraw = True
119.2745 	EXP 	fade_in_text: autoDraw = True
119.2913 	EXP 	fade_in_text: autoDraw = True
119.3079 	EXP 	fade_in_text: autoDraw = True
119.3246 	EXP 	fade_in_text: autoDraw = True
119.3413 	EXP 	fade_in_text: autoDraw = True
119.3579 	EXP 	fade_in_text: autoDraw = True
119.3745 	EXP 	fade_in_text: autoDraw = True
119.3909 	EXP 	fade_in_text: autoDraw = True
119.4079 	EXP 	fade_in_text: autoDraw = True
119.4246 	EXP 	fade_in_text: autoDraw = True
119.4413 	EXP 	fade_in_text: autoDraw = True
119.4580 	EXP 	fade_in_text: autoDraw = True
119.4745 	EXP 	fade_in_text: autoDraw = True
119.4913 	EXP 	fade_in_text: autoDraw = True
119.5080 	EXP 	fade_in_text: autoDraw = True
119.5243 	EXP 	fade_in_text: autoDraw = True
119.5412 	EXP 	fade_in_text: autoDraw = True
119.5581 	EXP 	fade_in_text: autoDraw = True
119.5745 	EXP 	fade_in_text: autoDraw = True
119.5913 	EXP 	fade_in_text: autoDraw = True
119.6079 	EXP 	fade_in_text: autoDraw = True
119.6246 	EXP 	fade_in_text: autoDraw = True
119.6413 	EXP 	fade_in_text: autoDraw = True
119.6578 	EXP 	fade_in_text: autoDraw = True
119.6745 	EXP 	fade_in_text: autoDraw = True
119.6913 	EXP 	fade_in_text: autoDraw = True
119.7080 	EXP 	fade_in_text: autoDraw = True
119.7246 	EXP 	fade_in_text: autoDraw = True
119.7413 	EXP 	fade_in_text: autoDraw = True
119.7581 	EXP 	fade_in_text: autoDraw = True
119.7745 	EXP 	fade_in_text: autoDraw = True
119.7910 	EXP 	fade_in_text: autoDraw = True
119.8080 	EXP 	fade_in_text: autoDraw = True
119.8246 	EXP 	fade_in_text: autoDraw = True
119.8413 	EXP 	fade_in_text: autoDraw = True
119.8580 	EXP 	fade_in_text: autoDraw = True
119.8745 	EXP 	fade_in_text: autoDraw = True
119.8913 	EXP 	fade_in_text: autoDraw = True
119.9080 	EXP 	fade_in_text: autoDraw = True
119.9243 	EXP 	fade_in_text: autoDraw = True
119.9413 	EXP 	fade_in_text: autoDraw = True
119.9579 	EXP 	fade_in_text: autoDraw = True
119.9745 	EXP 	fade_in_text: autoDraw = True
119.9913 	EXP 	fade_in_text: autoDraw = True
120.0080 	EXP 	fade_in_text: autoDraw = True
120.0246 	EXP 	fade_in_text: autoDraw = True
120.0413 	EXP 	fade_in_text: autoDraw = True
120.0576 	EXP 	fade_in_text: autoDraw = True
120.0745 	EXP 	fade_in_text: autoDraw = True
120.0913 	EXP 	fade_in_text: autoDraw = True
120.1080 	EXP 	fade_in_text: autoDraw = True
120.1247 	EXP 	fade_in_text: autoDraw = True
120.1414 	EXP 	fade_in_text: autoDraw = True
120.1579 	EXP 	fade_in_text: autoDraw = True
120.1746 	EXP 	fade_in_text: autoDraw = True
120.1910 	EXP 	fade_in_text: autoDraw = True
120.2080 	EXP 	fade_in_text: autoDraw = True
120.2247 	EXP 	fade_in_text: autoDraw = True
120.2415 	EXP 	fade_in_text: autoDraw = True
120.2579 	EXP 	fade_in_text: autoDraw = True
120.2747 	EXP 	fade_in_text: autoDraw = True
120.2913 	EXP 	fade_in_text: autoDraw = True
120.3080 	EXP 	fade_in_text: autoDraw = True
120.3243 	EXP 	fade_in_text: autoDraw = True
120.3415 	EXP 	fade_in_text: autoDraw = True
120.3579 	EXP 	fade_in_text: autoDraw = True
120.3747 	EXP 	fade_in_text: autoDraw = True
120.3913 	EXP 	fade_in_text: autoDraw = True
120.4080 	EXP 	fade_in_text: autoDraw = True
120.4247 	EXP 	fade_in_text: autoDraw = True
120.4415 	EXP 	fade_in_text: autoDraw = True
120.4576 	EXP 	fade_in_text: autoDraw = True
120.4746 	EXP 	fade_in_text: autoDraw = True
120.4913 	EXP 	fade_in_text: autoDraw = True
120.5080 	EXP 	fade_in_text: autoDraw = True
120.5247 	EXP 	fade_in_text: autoDraw = True
120.5415 	EXP 	fade_in_text: autoDraw = True
120.5579 	EXP 	fade_in_text: autoDraw = True
120.5747 	EXP 	fade_in_text: autoDraw = True
120.5910 	EXP 	fade_in_text: autoDraw = True
120.6080 	EXP 	fade_in_text: autoDraw = True
120.6247 	EXP 	fade_in_text: autoDraw = True
120.6413 	EXP 	fade_in_text: autoDraw = True
120.6579 	EXP 	fade_in_text: autoDraw = True
120.6747 	EXP 	fade_in_text: autoDraw = True
120.6913 	EXP 	fade_in_text: autoDraw = True
120.7080 	EXP 	fade_in_text: autoDraw = True
120.7243 	EXP 	fade_in_text: autoDraw = True
120.7412 	EXP 	fade_in_text: autoDraw = True
120.7579 	EXP 	fade_in_text: autoDraw = True
120.7747 	EXP 	fade_in_text: autoDraw = True
120.7913 	EXP 	fade_in_text: autoDraw = True
120.8080 	EXP 	fade_in_text: autoDraw = True
120.8247 	EXP 	fade_in_text: autoDraw = True
120.8413 	EXP 	fade_in_text: autoDraw = True
120.8576 	EXP 	fade_in_text: autoDraw = True
120.8747 	EXP 	fade_in_text: autoDraw = True
120.8913 	EXP 	fade_in_text: autoDraw = True
120.9080 	EXP 	fade_in_text: autoDraw = True
120.9248 	EXP 	fade_in_text: autoDraw = True
120.9413 	EXP 	fade_in_text: autoDraw = True
120.9580 	EXP 	fade_in_text: autoDraw = True
120.9747 	EXP 	fade_in_text: autoDraw = True
120.9910 	EXP 	fade_in_text: autoDraw = True
121.0081 	EXP 	fade_in_text: autoDraw = True
121.0249 	EXP 	fade_in_text: autoDraw = True
121.0413 	EXP 	fade_in_text: autoDraw = True
121.0580 	EXP 	fade_in_text: autoDraw = True
121.0747 	EXP 	fade_in_text: autoDraw = True
121.0914 	EXP 	fade_in_text: autoDraw = True
121.1080 	EXP 	fade_in_text: autoDraw = True
121.1245 	EXP 	fade_in_text: autoDraw = True
121.1412 	EXP 	fade_in_text: autoDraw = True
121.1580 	EXP 	fade_in_text: autoDraw = True
121.1747 	EXP 	fade_in_text: autoDraw = True
121.1914 	EXP 	fade_in_text: autoDraw = True
121.2080 	EXP 	fade_in_text: autoDraw = True
121.2249 	EXP 	fade_in_text: autoDraw = True
121.2413 	EXP 	fade_in_text: autoDraw = True
121.2578 	EXP 	fade_in_text: autoDraw = True
121.2747 	EXP 	fade_in_text: autoDraw = True
121.2914 	EXP 	fade_in_text: autoDraw = True
121.3081 	EXP 	fade_in_text: autoDraw = True
121.3249 	EXP 	fade_in_text: autoDraw = True
121.3413 	EXP 	fade_in_text: autoDraw = True
121.3580 	EXP 	fade_in_text: autoDraw = True
121.3747 	EXP 	fade_in_text: autoDraw = True
121.3910 	EXP 	fade_in_text: autoDraw = True
121.4080 	EXP 	fade_in_text: autoDraw = True
121.4247 	EXP 	fade_in_text: autoDraw = True
121.4413 	EXP 	fade_in_text: autoDraw = True
121.4580 	EXP 	fade_in_text: autoDraw = True
121.4747 	EXP 	fade_in_text: autoDraw = True
121.4914 	EXP 	fade_in_text: autoDraw = True
121.5082 	EXP 	fade_in_text: autoDraw = True
121.5244 	EXP 	fade_in_text: autoDraw = True
121.5413 	EXP 	fade_in_text: autoDraw = True
121.5580 	EXP 	fade_in_text: autoDraw = True
121.5747 	EXP 	fade_in_text: autoDraw = True
121.5914 	EXP 	fade_in_text: autoDraw = True
121.6082 	EXP 	fade_in_text: autoDraw = True
121.6247 	EXP 	fade_in_text: autoDraw = True
121.6414 	EXP 	fade_in_text: autoDraw = True
121.6577 	EXP 	fade_in_text: autoDraw = True
121.6747 	EXP 	fade_in_text: autoDraw = True
121.6914 	EXP 	fade_in_text: autoDraw = True
121.7083 	EXP 	fade_in_text: autoDraw = True
121.7247 	EXP 	fade_in_text: autoDraw = True
121.7414 	EXP 	fade_in_text: autoDraw = True
121.7581 	EXP 	fade_in_text: autoDraw = True
121.7748 	EXP 	fade_in_text: autoDraw = True
121.7911 	EXP 	fade_in_text: autoDraw = True
121.8082 	EXP 	fade_in_text: autoDraw = True
121.8247 	EXP 	fade_in_text: autoDraw = True
121.8414 	EXP 	fade_in_text: autoDraw = True
121.8581 	EXP 	fade_in_text: autoDraw = True
121.8747 	EXP 	fade_in_text: autoDraw = True
121.8914 	EXP 	fade_in_text: autoDraw = True
121.9083 	EXP 	fade_in_text: autoDraw = True
121.9245 	EXP 	fade_in_text: autoDraw = True
121.9414 	EXP 	fade_in_text: autoDraw = True
121.9581 	EXP 	fade_in_text: autoDraw = True
121.9747 	EXP 	fade_in_text: autoDraw = True
121.9914 	EXP 	fade_in_text: autoDraw = True
122.0081 	EXP 	fade_in_text: autoDraw = True
122.0248 	EXP 	fade_in_text: autoDraw = True
122.0414 	EXP 	fade_in_text: autoDraw = True
122.0578 	EXP 	fade_in_text: autoDraw = True
122.0747 	EXP 	fade_in_text: autoDraw = True
122.0914 	EXP 	fade_in_text: autoDraw = True
122.1081 	EXP 	fade_in_text: autoDraw = True
122.1248 	EXP 	fade_in_text: autoDraw = True
122.1414 	EXP 	fade_in_text: autoDraw = True
122.1581 	EXP 	fade_in_text: autoDraw = True
122.1747 	EXP 	fade_in_text: autoDraw = True
122.1913 	EXP 	fade_in_text: autoDraw = True
122.2080 	EXP 	fade_in_text: autoDraw = True
122.2248 	EXP 	fade_in_text: autoDraw = True
122.2414 	EXP 	fade_in_text: autoDraw = True
122.2581 	EXP 	fade_in_text: autoDraw = True
122.2747 	EXP 	fade_in_text: autoDraw = True
122.2916 	EXP 	fade_in_text: autoDraw = True
122.3081 	EXP 	fade_in_text: autoDraw = True
122.3244 	EXP 	fade_in_text: autoDraw = True
122.3414 	EXP 	fade_in_text: autoDraw = True
122.3581 	EXP 	fade_in_text: autoDraw = True
122.3747 	EXP 	fade_in_text: autoDraw = True
122.3916 	EXP 	fade_in_text: autoDraw = True
122.4080 	EXP 	fade_in_text: autoDraw = True
122.4248 	EXP 	fade_in_text: autoDraw = True
122.4414 	EXP 	fade_in_text: autoDraw = True
122.4578 	EXP 	fade_in_text: autoDraw = True
122.4747 	EXP 	fade_in_text: autoDraw = True
122.4915 	EXP 	fade_in_text: autoDraw = True
122.5081 	EXP 	fade_in_text: autoDraw = True
122.5248 	EXP 	fade_in_text: autoDraw = True
122.5414 	EXP 	fade_in_text: autoDraw = True
122.5581 	EXP 	fade_in_text: autoDraw = True
122.5747 	EXP 	fade_in_text: autoDraw = True
122.5910 	EXP 	fade_in_text: autoDraw = True
122.6080 	EXP 	fade_in_text: autoDraw = True
122.6248 	EXP 	fade_in_text: autoDraw = True
122.6414 	EXP 	fade_in_text: autoDraw = True
122.6581 	EXP 	fade_in_text: autoDraw = True
122.6748 	EXP 	fade_in_text: autoDraw = True
122.6914 	EXP 	fade_in_text: autoDraw = True
122.7081 	EXP 	fade_in_text: autoDraw = True
122.7245 	EXP 	fade_in_text: autoDraw = True
122.7414 	EXP 	fade_in_text: autoDraw = True
122.7582 	EXP 	fade_in_text: autoDraw = True
122.7748 	EXP 	fade_in_text: autoDraw = True
122.7913 	EXP 	fade_in_text: autoDraw = True
122.8080 	EXP 	fade_in_text: autoDraw = True
122.8248 	EXP 	fade_in_text: autoDraw = True
122.8415 	EXP 	fade_in_text: autoDraw = True
122.8578 	EXP 	fade_in_text: autoDraw = True
122.8750 	EXP 	fade_in_text: autoDraw = True
122.8914 	EXP 	fade_in_text: autoDraw = True
122.9081 	EXP 	fade_in_text: autoDraw = True
122.9248 	EXP 	fade_in_text: autoDraw = True
122.9415 	EXP 	fade_in_text: autoDraw = True
122.9581 	EXP 	fade_in_text: autoDraw = True
122.9749 	EXP 	fade_in_text: autoDraw = True
122.9910 	EXP 	fade_in_text: autoDraw = True
123.0081 	EXP 	fade_in_text: autoDraw = True
123.0248 	EXP 	fade_in_text: autoDraw = True
123.0414 	EXP 	fade_in_text: autoDraw = True
123.0578 	EXP 	fade_in_text: autoDraw = True
123.0746 	EXP 	fade_in_text: autoDraw = True
123.0910 	EXP 	fade_in_text: autoDraw = True
123.1077 	EXP 	fade_in_text: autoDraw = True
123.1242 	EXP 	fade_in_text: autoDraw = True
123.1409 	EXP 	fade_in_text: autoDraw = True
123.1581 	EXP 	fade_in_text: autoDraw = True
123.1749 	EXP 	fade_in_text: autoDraw = True
123.1914 	EXP 	fade_in_text: autoDraw = True
123.2082 	EXP 	fade_in_text: autoDraw = True
123.2248 	EXP 	fade_in_text: autoDraw = True
123.2415 	EXP 	fade_in_text: autoDraw = True
123.2581 	EXP 	fade_in_text: autoDraw = True
123.2744 	EXP 	fade_in_text: autoDraw = True
123.2914 	EXP 	fade_in_text: autoDraw = True
123.3082 	EXP 	fade_in_text: autoDraw = True
123.3248 	EXP 	fade_in_text: autoDraw = True
123.3415 	EXP 	fade_in_text: autoDraw = True
123.3581 	EXP 	fade_in_text: autoDraw = True
123.3747 	EXP 	fade_in_text: autoDraw = True
123.3914 	EXP 	fade_in_text: autoDraw = True
123.4078 	EXP 	fade_in_text: autoDraw = True
123.4248 	EXP 	fade_in_text: autoDraw = True
123.4415 	EXP 	fade_in_text: autoDraw = True
123.4582 	EXP 	fade_in_text: autoDraw = True
123.4747 	EXP 	fade_in_text: autoDraw = True
123.4915 	EXP 	fade_in_text: autoDraw = True
123.5082 	EXP 	fade_in_text: autoDraw = True
123.5248 	EXP 	fade_in_text: autoDraw = True
123.5412 	EXP 	fade_in_text: autoDraw = True
123.5582 	EXP 	fade_in_text: autoDraw = True
123.5747 	EXP 	fade_in_text: autoDraw = True
123.5915 	EXP 	fade_in_text: autoDraw = True
123.6082 	EXP 	fade_in_text: autoDraw = True
123.6248 	EXP 	fade_in_text: autoDraw = True
123.6415 	EXP 	fade_in_text: autoDraw = True
123.6584 	EXP 	fade_in_text: autoDraw = True
123.6744 	EXP 	fade_in_text: autoDraw = True
123.6915 	EXP 	fade_in_text: autoDraw = True
123.7082 	EXP 	fade_in_text: autoDraw = True
123.7248 	EXP 	fade_in_text: autoDraw = True
123.7415 	EXP 	fade_in_text: autoDraw = True
123.7584 	EXP 	fade_in_text: autoDraw = True
123.7748 	EXP 	fade_in_text: autoDraw = True
123.7915 	EXP 	fade_in_text: autoDraw = True
123.8078 	EXP 	fade_in_text: autoDraw = True
123.8248 	EXP 	fade_in_text: autoDraw = True
123.8415 	EXP 	fade_in_text: autoDraw = True
123.8583 	EXP 	fade_in_text: autoDraw = True
123.8747 	EXP 	fade_in_text: autoDraw = True
123.8915 	EXP 	fade_in_text: autoDraw = True
123.9082 	EXP 	fade_in_text: autoDraw = True
123.9248 	EXP 	fade_in_text: autoDraw = True
123.9412 	EXP 	fade_in_text: autoDraw = True
123.9583 	EXP 	fade_in_text: autoDraw = True
123.9748 	EXP 	fade_in_text: autoDraw = True
123.9915 	EXP 	fade_in_text: autoDraw = True
124.0082 	EXP 	fade_in_text: autoDraw = True
124.0248 	EXP 	fade_in_text: autoDraw = True
124.0415 	EXP 	fade_in_text: autoDraw = True
124.0582 	EXP 	fade_in_text: autoDraw = True
124.0744 	EXP 	fade_in_text: autoDraw = True
124.0915 	EXP 	fade_in_text: autoDraw = True
124.1082 	EXP 	fade_in_text: autoDraw = True
124.1248 	EXP 	fade_in_text: autoDraw = True
124.1415 	EXP 	fade_in_text: autoDraw = True
124.1581 	EXP 	fade_in_text: autoDraw = True
124.1748 	EXP 	fade_in_text: autoDraw = True
124.1915 	EXP 	fade_in_text: autoDraw = True
124.2079 	EXP 	fade_in_text: autoDraw = True
124.2249 	EXP 	fade_in_text: autoDraw = True
124.2416 	EXP 	fade_in_text: autoDraw = True
124.2581 	EXP 	fade_in_text: autoDraw = True
124.2748 	EXP 	fade_in_text: autoDraw = True
124.2915 	EXP 	fade_in_text: autoDraw = True
124.3082 	EXP 	fade_in_text: autoDraw = True
124.3249 	EXP 	fade_in_text: autoDraw = True
124.3414 	EXP 	fade_in_text: autoDraw = True
124.3581 	EXP 	fade_in_text: autoDraw = True
124.3749 	EXP 	fade_in_text: autoDraw = True
124.3915 	EXP 	fade_in_text: autoDraw = True
124.4082 	EXP 	fade_in_text: autoDraw = True
124.4249 	EXP 	fade_in_text: autoDraw = True
124.4417 	EXP 	fade_in_text: autoDraw = True
124.4582 	EXP 	fade_in_text: autoDraw = True
124.4745 	EXP 	fade_in_text: autoDraw = True
124.4915 	EXP 	fade_in_text: autoDraw = True
124.5082 	EXP 	fade_in_text: autoDraw = True
124.5249 	EXP 	fade_in_text: autoDraw = True
124.5417 	EXP 	fade_in_text: autoDraw = True
124.5581 	EXP 	fade_in_text: autoDraw = True
124.5749 	EXP 	fade_in_text: autoDraw = True
124.5916 	EXP 	fade_in_text: autoDraw = True
124.6079 	EXP 	fade_in_text: autoDraw = True
124.6249 	EXP 	fade_in_text: autoDraw = True
124.6417 	EXP 	fade_in_text: autoDraw = True
124.6581 	EXP 	fade_in_text: autoDraw = True
124.6748 	EXP 	fade_in_text: autoDraw = True
124.6915 	EXP 	fade_in_text: autoDraw = True
124.7083 	EXP 	fade_in_text: autoDraw = True
124.7249 	EXP 	fade_in_text: autoDraw = True
124.7412 	EXP 	fade_in_text: autoDraw = True
124.7581 	EXP 	fade_in_text: autoDraw = True
124.7749 	EXP 	fade_in_text: autoDraw = True
124.7916 	EXP 	fade_in_text: autoDraw = True
124.8082 	EXP 	fade_in_text: autoDraw = True
124.8249 	EXP 	fade_in_text: autoDraw = True
124.8416 	EXP 	fade_in_text: autoDraw = True
124.8581 	EXP 	fade_in_text: autoDraw = True
124.8746 	EXP 	fade_in_text: autoDraw = True
124.8916 	EXP 	fade_in_text: autoDraw = True
124.9082 	EXP 	fade_in_text: autoDraw = True
124.9250 	EXP 	fade_in_text: autoDraw = True
124.9416 	EXP 	fade_in_text: autoDraw = True
124.9582 	EXP 	fade_in_text: autoDraw = True
124.9749 	EXP 	fade_in_text: autoDraw = True
124.9915 	EXP 	fade_in_text: autoDraw = True
125.0079 	EXP 	fade_in_text: autoDraw = True
125.0251 	EXP 	fade_in_text: autoDraw = True
125.0417 	EXP 	fade_in_text: autoDraw = True
125.0583 	EXP 	fade_in_text: autoDraw = True
125.0749 	EXP 	fade_in_text: autoDraw = True
125.0916 	EXP 	fade_in_text: autoDraw = True
125.1082 	EXP 	fade_in_text: autoDraw = True
125.1251 	EXP 	fade_in_text: autoDraw = True
125.1413 	EXP 	fade_in_text: autoDraw = True
125.1582 	EXP 	fade_in_text: autoDraw = True
125.1749 	EXP 	fade_in_text: autoDraw = True
125.1916 	EXP 	fade_in_text: autoDraw = True
125.2082 	EXP 	fade_in_text: autoDraw = True
125.2250 	EXP 	fade_in_text: autoDraw = True
125.2416 	EXP 	fade_in_text: autoDraw = True
125.2583 	EXP 	fade_in_text: autoDraw = True
125.2746 	EXP 	fade_in_text: autoDraw = True
125.2916 	EXP 	fade_in_text: autoDraw = True
125.3083 	EXP 	fade_in_text: autoDraw = True
125.3252 	EXP 	fade_in_text: autoDraw = True
125.3416 	EXP 	fade_in_text: autoDraw = True
125.3583 	EXP 	fade_in_text: autoDraw = True
125.3749 	EXP 	fade_in_text: autoDraw = True
125.3916 	EXP 	fade_in_text: autoDraw = True
125.4079 	EXP 	fade_in_text: autoDraw = True
125.4248 	EXP 	fade_in_text: autoDraw = True
125.4416 	EXP 	fade_in_text: autoDraw = True
125.4582 	EXP 	fade_in_text: autoDraw = True
125.4749 	EXP 	fade_in_text: autoDraw = True
125.4916 	EXP 	fade_in_text: autoDraw = True
125.5083 	EXP 	fade_in_text: autoDraw = True
125.5249 	EXP 	fade_in_text: autoDraw = True
125.5413 	EXP 	fade_in_text: autoDraw = True
125.5582 	EXP 	fade_in_text: autoDraw = True
125.5749 	EXP 	fade_in_text: autoDraw = True
125.5916 	EXP 	fade_in_text: autoDraw = True
125.6083 	EXP 	fade_in_text: autoDraw = True
125.6248 	EXP 	fade_in_text: autoDraw = True
125.6416 	EXP 	fade_in_text: autoDraw = True
125.6582 	EXP 	fade_in_text: autoDraw = True
125.6746 	EXP 	fade_in_text: autoDraw = True
125.6916 	EXP 	fade_in_text: autoDraw = True
125.7085 	EXP 	fade_in_text: autoDraw = True
125.7250 	EXP 	fade_in_text: autoDraw = True
125.7417 	EXP 	fade_in_text: autoDraw = True
125.7583 	EXP 	fade_in_text: autoDraw = True
125.7749 	EXP 	fade_in_text: autoDraw = True
125.7916 	EXP 	fade_in_text: autoDraw = True
125.8081 	EXP 	fade_in_text: autoDraw = True
125.8249 	EXP 	fade_in_text: autoDraw = True
125.8417 	EXP 	fade_in_text: autoDraw = True
125.8583 	EXP 	fade_in_text: autoDraw = True
125.8749 	EXP 	fade_in_text: autoDraw = True
125.8916 	EXP 	fade_in_text: autoDraw = True
125.9084 	EXP 	fade_in_text: autoDraw = True
125.9250 	EXP 	fade_in_text: autoDraw = True
125.9413 	EXP 	fade_in_text: autoDraw = True
125.9583 	EXP 	fade_in_text: autoDraw = True
125.9750 	EXP 	fade_in_text: autoDraw = True
125.9916 	EXP 	fade_in_text: autoDraw = True
126.0082 	EXP 	fade_in_text: autoDraw = True
126.0249 	EXP 	fade_in_text: autoDraw = True
126.0416 	EXP 	fade_in_text: autoDraw = True
126.0583 	EXP 	fade_in_text: autoDraw = True
126.0746 	EXP 	fade_in_text: autoDraw = True
126.0916 	EXP 	fade_in_text: autoDraw = True
126.1082 	EXP 	fade_in_text: autoDraw = True
126.1250 	EXP 	fade_in_text: autoDraw = True
126.1416 	EXP 	fade_in_text: autoDraw = True
126.1583 	EXP 	fade_in_text: autoDraw = True
126.1750 	EXP 	fade_in_text: autoDraw = True
126.1917 	EXP 	fade_in_text: autoDraw = True
126.2080 	EXP 	fade_in_text: autoDraw = True
126.2250 	EXP 	fade_in_text: autoDraw = True
126.2416 	EXP 	fade_in_text: autoDraw = True
126.2583 	EXP 	fade_in_text: autoDraw = True
126.2749 	EXP 	fade_in_text: autoDraw = True
126.2918 	EXP 	fade_in_text: autoDraw = True
126.3082 	EXP 	fade_in_text: autoDraw = True
126.3250 	EXP 	fade_in_text: autoDraw = True
126.3413 	EXP 	fade_in_text: autoDraw = True
126.3583 	EXP 	fade_in_text: autoDraw = True
126.3750 	EXP 	fade_in_text: autoDraw = True
126.3918 	EXP 	fade_in_text: autoDraw = True
126.4082 	EXP 	fade_in_text: autoDraw = True
126.4250 	EXP 	fade_in_text: autoDraw = True
126.4417 	EXP 	fade_in_text: autoDraw = True
126.4584 	EXP 	fade_in_text: autoDraw = True
126.4746 	EXP 	fade_in_text: autoDraw = True
126.4918 	EXP 	fade_in_text: autoDraw = True
126.5082 	EXP 	fade_in_text: autoDraw = True
126.5250 	EXP 	fade_in_text: autoDraw = True
126.5416 	EXP 	fade_in_text: autoDraw = True
126.5583 	EXP 	fade_in_text: autoDraw = True
126.5750 	EXP 	fade_in_text: autoDraw = True
126.5917 	EXP 	fade_in_text: autoDraw = True
126.6079 	EXP 	fade_in_text: autoDraw = True
126.6250 	EXP 	fade_in_text: autoDraw = True
126.6417 	EXP 	fade_in_text: autoDraw = True
126.6583 	EXP 	fade_in_text: autoDraw = True
126.6750 	EXP 	fade_in_text: autoDraw = True
126.6916 	EXP 	fade_in_text: autoDraw = True
126.7082 	EXP 	fade_in_text: autoDraw = True
126.7250 	EXP 	fade_in_text: autoDraw = True
126.7413 	EXP 	fade_in_text: autoDraw = True
126.7583 	EXP 	fade_in_text: autoDraw = True
126.7750 	EXP 	fade_in_text: autoDraw = True
126.7916 	EXP 	fade_in_text: autoDraw = True
126.8082 	EXP 	fade_in_text: autoDraw = True
126.8250 	EXP 	fade_in_text: autoDraw = True
126.8417 	EXP 	fade_in_text: autoDraw = True
126.8583 	EXP 	fade_in_text: autoDraw = True
126.8747 	EXP 	fade_in_text: autoDraw = True
126.8916 	EXP 	fade_in_text: autoDraw = True
126.9082 	EXP 	fade_in_text: autoDraw = True
126.9251 	EXP 	fade_in_text: autoDraw = True
126.9417 	EXP 	fade_in_text: autoDraw = True
126.9584 	EXP 	fade_in_text: autoDraw = True
126.9752 	EXP 	fade_in_text: autoDraw = True
126.9916 	EXP 	fade_in_text: autoDraw = True
127.0080 	EXP 	fade_in_text: autoDraw = True
127.0250 	EXP 	fade_in_text: autoDraw = True
127.0417 	EXP 	fade_in_text: autoDraw = True
127.0584 	EXP 	fade_in_text: autoDraw = True
127.0752 	EXP 	fade_in_text: autoDraw = True
127.0916 	EXP 	fade_in_text: autoDraw = True
127.1083 	EXP 	fade_in_text: autoDraw = True
127.1252 	EXP 	fade_in_text: autoDraw = True
127.1414 	EXP 	fade_in_text: autoDraw = True
127.1583 	EXP 	fade_in_text: autoDraw = True
127.1752 	EXP 	fade_in_text: autoDraw = True
127.1916 	EXP 	fade_in_text: autoDraw = True
127.2084 	EXP 	fade_in_text: autoDraw = True
127.2250 	EXP 	fade_in_text: autoDraw = True
127.2417 	EXP 	fade_in_text: autoDraw = True
127.2584 	EXP 	fade_in_text: autoDraw = True
127.2748 	EXP 	fade_in_text: autoDraw = True
127.2916 	EXP 	fade_in_text: autoDraw = True
127.3084 	EXP 	fade_in_text: autoDraw = True
127.3250 	EXP 	fade_in_text: autoDraw = True
127.3417 	EXP 	fade_in_text: autoDraw = True
127.3583 	EXP 	fade_in_text: autoDraw = True
127.3751 	EXP 	fade_in_text: autoDraw = True
127.3916 	EXP 	fade_in_text: autoDraw = True
127.4080 	EXP 	fade_in_text: autoDraw = True
127.4250 	EXP 	fade_in_text: autoDraw = True
127.4417 	EXP 	fade_in_text: autoDraw = True
127.4584 	EXP 	fade_in_text: autoDraw = True
127.4749 	EXP 	fade_in_text: autoDraw = True
127.4916 	EXP 	fade_in_text: autoDraw = True
127.5084 	EXP 	fade_in_text: autoDraw = True
127.5251 	EXP 	fade_in_text: autoDraw = True
127.5414 	EXP 	fade_in_text: autoDraw = True
127.5584 	EXP 	fade_in_text: autoDraw = True
127.5750 	EXP 	fade_in_text: autoDraw = True
127.5917 	EXP 	fade_in_text: autoDraw = True
127.6084 	EXP 	fade_in_text: autoDraw = True
127.6251 	EXP 	fade_in_text: autoDraw = True
127.6417 	EXP 	fade_in_text: autoDraw = True
127.6585 	EXP 	fade_in_text: autoDraw = True
127.6746 	EXP 	fade_in_text: autoDraw = True
127.6917 	EXP 	fade_in_text: autoDraw = True
127.7084 	EXP 	fade_in_text: autoDraw = True
127.7251 	EXP 	fade_in_text: autoDraw = True
127.7418 	EXP 	fade_in_text: autoDraw = True
127.7586 	EXP 	fade_in_text: autoDraw = True
127.7750 	EXP 	fade_in_text: autoDraw = True
127.7917 	EXP 	fade_in_text: autoDraw = True
127.8081 	EXP 	fade_in_text: autoDraw = True
127.8251 	EXP 	fade_in_text: autoDraw = True
127.8417 	EXP 	fade_in_text: autoDraw = True
127.8586 	EXP 	fade_in_text: autoDraw = True
127.8750 	EXP 	fade_in_text: autoDraw = True
127.8917 	EXP 	fade_in_text: autoDraw = True
127.9084 	EXP 	fade_in_text: autoDraw = True
127.9251 	EXP 	fade_in_text: autoDraw = True
127.9414 	EXP 	fade_in_text: autoDraw = True
127.9585 	EXP 	fade_in_text: autoDraw = True
127.9750 	EXP 	fade_in_text: autoDraw = True
127.9917 	EXP 	fade_in_text: autoDraw = True
128.0084 	EXP 	fade_in_text: autoDraw = True
128.0251 	EXP 	fade_in_text: autoDraw = True
128.0418 	EXP 	fade_in_text: autoDraw = True
128.0586 	EXP 	fade_in_text: autoDraw = True
128.0747 	EXP 	fade_in_text: autoDraw = True
128.0917 	EXP 	fade_in_text: autoDraw = True
128.1084 	EXP 	fade_in_text: autoDraw = True
128.1251 	EXP 	fade_in_text: autoDraw = True
128.1418 	EXP 	fade_in_text: autoDraw = True
128.1584 	EXP 	fade_in_text: autoDraw = True
128.1750 	EXP 	fade_in_text: autoDraw = True
128.1917 	EXP 	fade_in_text: autoDraw = True
128.2081 	EXP 	fade_in_text: autoDraw = True
128.2251 	EXP 	fade_in_text: autoDraw = True
128.2418 	EXP 	fade_in_text: autoDraw = True
128.2584 	EXP 	fade_in_text: autoDraw = True
128.2750 	EXP 	fade_in_text: autoDraw = True
128.2917 	EXP 	fade_in_text: autoDraw = True
128.3084 	EXP 	fade_in_text: autoDraw = True
128.3251 	EXP 	fade_in_text: autoDraw = True
128.3416 	EXP 	fade_in_text: autoDraw = True
128.3584 	EXP 	fade_in_text: autoDraw = True
128.3751 	EXP 	fade_in_text: autoDraw = True
128.3917 	EXP 	fade_in_text: autoDraw = True
128.4084 	EXP 	fade_in_text: autoDraw = True
128.4251 	EXP 	fade_in_text: autoDraw = True
128.4419 	EXP 	fade_in_text: autoDraw = True
128.4585 	EXP 	fade_in_text: autoDraw = True
128.4748 	EXP 	fade_in_text: autoDraw = True
128.4918 	EXP 	fade_in_text: autoDraw = True
128.5084 	EXP 	fade_in_text: autoDraw = True
128.5251 	EXP 	fade_in_text: autoDraw = True
128.5419 	EXP 	fade_in_text: autoDraw = True
128.5584 	EXP 	fade_in_text: autoDraw = True
128.5751 	EXP 	fade_in_text: autoDraw = True
128.5917 	EXP 	fade_in_text: autoDraw = True
128.6081 	EXP 	fade_in_text: autoDraw = True
128.6251 	EXP 	fade_in_text: autoDraw = True
128.6419 	EXP 	fade_in_text: autoDraw = True
128.6584 	EXP 	fade_in_text: autoDraw = True
128.6751 	EXP 	fade_in_text: autoDraw = True
128.6918 	EXP 	fade_in_text: autoDraw = True
128.7084 	EXP 	fade_in_text: autoDraw = True
128.7251 	EXP 	fade_in_text: autoDraw = True
128.7414 	EXP 	fade_in_text: autoDraw = True
128.7584 	EXP 	fade_in_text: autoDraw = True
128.7751 	EXP 	fade_in_text: autoDraw = True
128.7918 	EXP 	fade_in_text: autoDraw = True
128.8084 	EXP 	fade_in_text: autoDraw = True
128.8252 	EXP 	fade_in_text: autoDraw = True
128.8417 	EXP 	fade_in_text: autoDraw = True
128.8584 	EXP 	fade_in_text: autoDraw = True
128.8748 	EXP 	fade_in_text: autoDraw = True
128.8918 	EXP 	fade_in_text: autoDraw = True
128.9084 	EXP 	fade_in_text: autoDraw = True
128.9253 	EXP 	fade_in_text: autoDraw = True
128.9418 	EXP 	fade_in_text: autoDraw = True
128.9584 	EXP 	fade_in_text: autoDraw = True
128.9751 	EXP 	fade_in_text: autoDraw = True
128.9918 	EXP 	fade_in_text: autoDraw = True
129.0081 	EXP 	fade_in_text: autoDraw = True
129.0253 	EXP 	fade_in_text: autoDraw = True
129.0417 	EXP 	fade_in_text: autoDraw = True
129.0585 	EXP 	fade_in_text: autoDraw = True
129.0751 	EXP 	fade_in_text: autoDraw = True
129.0918 	EXP 	fade_in_text: autoDraw = True
129.1084 	EXP 	fade_in_text: autoDraw = True
129.1252 	EXP 	fade_in_text: autoDraw = True
129.1415 	EXP 	fade_in_text: autoDraw = True
129.1585 	EXP 	fade_in_text: autoDraw = True
129.1751 	EXP 	fade_in_text: autoDraw = True
129.1918 	EXP 	fade_in_text: autoDraw = True
129.2085 	EXP 	fade_in_text: autoDraw = True
129.2252 	EXP 	fade_in_text: autoDraw = True
129.2417 	EXP 	fade_in_text: autoDraw = True
129.2586 	EXP 	fade_in_text: autoDraw = True
129.2748 	EXP 	fade_in_text: autoDraw = True
129.2918 	EXP 	fade_in_text: autoDraw = True
129.3085 	EXP 	fade_in_text: autoDraw = True
129.3250 	EXP 	fade_in_text: autoDraw = True
129.3418 	EXP 	fade_in_text: autoDraw = True
129.3585 	EXP 	fade_in_text: autoDraw = True
129.3751 	EXP 	fade_in_text: autoDraw = True
129.3918 	EXP 	fade_in_text: autoDraw = True
129.4083 	EXP 	fade_in_text: autoDraw = True
129.4251 	EXP 	fade_in_text: autoDraw = True
129.4418 	EXP 	fade_in_text: autoDraw = True
129.4585 	EXP 	fade_in_text: autoDraw = True
129.4751 	EXP 	fade_in_text: autoDraw = True
129.4918 	EXP 	fade_in_text: autoDraw = True
129.5086 	EXP 	fade_in_text: autoDraw = True
129.5250 	EXP 	fade_in_text: autoDraw = True
129.5415 	EXP 	fade_in_text: autoDraw = True
129.5584 	EXP 	fade_in_text: autoDraw = True
129.5751 	EXP 	fade_in_text: autoDraw = True
129.5918 	EXP 	fade_in_text: autoDraw = True
129.6087 	EXP 	fade_in_text: autoDraw = True
129.6251 	EXP 	fade_in_text: autoDraw = True
129.6418 	EXP 	fade_in_text: autoDraw = True
129.6585 	EXP 	fade_in_text: autoDraw = True
129.6748 	EXP 	fade_in_text: autoDraw = True
129.6918 	EXP 	fade_in_text: autoDraw = True
129.7087 	EXP 	fade_in_text: autoDraw = True
129.7250 	EXP 	fade_in_text: autoDraw = True
129.7419 	EXP 	fade_in_text: autoDraw = True
129.7585 	EXP 	fade_in_text: autoDraw = True
129.7752 	EXP 	fade_in_text: autoDraw = True
129.7918 	EXP 	fade_in_text: autoDraw = True
129.8082 	EXP 	fade_in_text: autoDraw = True
129.8250 	EXP 	fade_in_text: autoDraw = True
129.8418 	EXP 	fade_in_text: autoDraw = True
129.8585 	EXP 	fade_in_text: autoDraw = True
129.8751 	EXP 	fade_in_text: autoDraw = True
129.8918 	EXP 	fade_in_text: autoDraw = True
129.9086 	EXP 	fade_in_text: autoDraw = True
129.9251 	EXP 	fade_in_text: autoDraw = True
129.9415 	EXP 	fade_in_text: autoDraw = True
129.9585 	EXP 	fade_in_text: autoDraw = True
129.9752 	EXP 	fade_in_text: autoDraw = True
129.9918 	EXP 	fade_in_text: autoDraw = True
130.0084 	EXP 	fade_in_text: autoDraw = True
130.0251 	EXP 	fade_in_text: autoDraw = True
130.0419 	EXP 	fade_in_text: autoDraw = True
130.0585 	EXP 	fade_in_text: autoDraw = True
130.0749 	EXP 	fade_in_text: autoDraw = True
130.0919 	EXP 	fade_in_text: autoDraw = True
130.1084 	EXP 	fade_in_text: autoDraw = True
130.1251 	EXP 	fade_in_text: autoDraw = True
130.1418 	EXP 	fade_in_text: autoDraw = True
130.1585 	EXP 	fade_in_text: autoDraw = True
130.1752 	EXP 	fade_in_text: autoDraw = True
130.1920 	EXP 	fade_in_text: autoDraw = True
130.2081 	EXP 	fade_in_text: autoDraw = True
130.2251 	EXP 	fade_in_text: autoDraw = True
130.2419 	EXP 	fade_in_text: autoDraw = True
130.2585 	EXP 	fade_in_text: autoDraw = True
130.2752 	EXP 	fade_in_text: autoDraw = True
130.2920 	EXP 	fade_in_text: autoDraw = True
130.3085 	EXP 	fade_in_text: autoDraw = True
130.3252 	EXP 	fade_in_text: autoDraw = True
130.3415 	EXP 	fade_in_text: autoDraw = True
130.3585 	EXP 	fade_in_text: autoDraw = True
130.3752 	EXP 	fade_in_text: autoDraw = True
130.3921 	EXP 	fade_in_text: autoDraw = True
130.4084 	EXP 	fade_in_text: autoDraw = True
130.4252 	EXP 	fade_in_text: autoDraw = True
130.4419 	EXP 	fade_in_text: autoDraw = True
130.4586 	EXP 	fade_in_text: autoDraw = True
130.4749 	EXP 	fade_in_text: autoDraw = True
130.4920 	EXP 	fade_in_text: autoDraw = True
130.5085 	EXP 	fade_in_text: autoDraw = True
130.5252 	EXP 	fade_in_text: autoDraw = True
130.5419 	EXP 	fade_in_text: autoDraw = True
130.5585 	EXP 	fade_in_text: autoDraw = True
130.5752 	EXP 	fade_in_text: autoDraw = True
130.5920 	EXP 	fade_in_text: autoDraw = True
130.6081 	EXP 	fade_in_text: autoDraw = True
130.6252 	EXP 	fade_in_text: autoDraw = True
130.6419 	EXP 	fade_in_text: autoDraw = True
130.6585 	EXP 	fade_in_text: autoDraw = True
130.6752 	EXP 	fade_in_text: autoDraw = True
130.6918 	EXP 	fade_in_text: autoDraw = True
130.7085 	EXP 	fade_in_text: autoDraw = True
130.7252 	EXP 	fade_in_text: autoDraw = True
130.7416 	EXP 	fade_in_text: autoDraw = True
130.7585 	EXP 	fade_in_text: autoDraw = True
130.7752 	EXP 	fade_in_text: autoDraw = True
130.7918 	EXP 	fade_in_text: autoDraw = True
130.8085 	EXP 	fade_in_text: autoDraw = True
130.8252 	EXP 	fade_in_text: autoDraw = True
130.8419 	EXP 	fade_in_text: autoDraw = True
133.8757 	EXP 	fade_in_text: autoDraw = False
133.8757 	EXP 	Pause_cont: text = 'Press [space] key to continue.'
133.8757 	EXP 	Pause_cont: autoDraw = True
147.8756 	EXP 	Pause_cont: autoDraw = False
147.8756 	EXP 	QA_intro_title: autoDraw = True
147.8756 	EXP 	QA_intro_text: autoDraw = True
187.2452 	EXP 	QA_intro_cont: autoDraw = True
188.5821 	EXP 	Created sequence: random, trialTypes=1, nReps=2, seed=None
188.5827 	EXP 	New trial (rep=0, index=0): None
188.5831 	EXP 	New trial (rep=1, index=0): None
189.5865 	EXP 	Created sequence: random, trialTypes=1, nReps=25, seed=None
189.5874 	EXP 	New trial (rep=0, index=0): None
189.5881 	EXP 	New trial (rep=1, index=0): None
189.5889 	EXP 	New trial (rep=2, index=0): None
189.5896 	EXP 	New trial (rep=3, index=0): None
189.5897 	EXP 	New trial (rep=4, index=0): None
189.5898 	EXP 	New trial (rep=5, index=0): None
189.5900 	EXP 	New trial (rep=6, index=0): None
189.5901 	EXP 	New trial (rep=7, index=0): None
189.5902 	EXP 	New trial (rep=8, index=0): None
189.5903 	EXP 	New trial (rep=9, index=0): None
189.5904 	EXP 	New trial (rep=10, index=0): None
189.5906 	EXP 	New trial (rep=11, index=0): None
189.5907 	EXP 	New trial (rep=12, index=0): None
189.5908 	EXP 	New trial (rep=13, index=0): None
189.5909 	EXP 	New trial (rep=14, index=0): None
189.5910 	EXP 	New trial (rep=15, index=0): None
189.5912 	EXP 	New trial (rep=16, index=0): None
189.5913 	EXP 	New trial (rep=17, index=0): None
189.5914 	EXP 	New trial (rep=18, index=0): None
189.5915 	EXP 	New trial (rep=19, index=0): None
189.5916 	EXP 	New trial (rep=20, index=0): None
189.5918 	EXP 	New trial (rep=21, index=0): None
189.5919 	EXP 	New trial (rep=22, index=0): None
190.6113 	EXP 	QA_intro_title: autoDraw = False
190.6113 	EXP 	QA_intro_text: autoDraw = False
190.6113 	EXP 	QA_intro_cont: autoDraw = False
190.6113 	EXP 	QA_rec_text: autoDraw = True
208.6008 	EXP 	New trial (rep=23, index=0): None
209.6290 	EXP 	QA_rec_text: autoDraw = False
209.6290 	EXP 	QA_rec_break: autoDraw = False
209.6290 	EXP 	QA_rec_text: autoDraw = True
228.5850 	EXP 	New trial (rep=24, index=0): None
229.6466 	EXP 	QA_rec_text: autoDraw = False
229.6466 	EXP 	QA_rec_break: autoDraw = False
229.6466 	EXP 	QA_rec_text: autoDraw = True
250.6143 	EXP 	QA_rec_text: autoDraw = False
250.6143 	EXP 	QA_rec_break: autoDraw = False
250.6143 	EXP 	Pause_cont: text = 'Press [space] key to continue.'
250.6143 	EXP 	Pause_cont: autoDraw = True
253.4410 	EXP 	window1: mouseVisible = True
