3.6100 	EXP 	Created window1 = Window(allowGUI=True, allowStencil=False, args=UNKNOWN, autoLog=True, bitsMode=UNKNOWN, blendMode='avg', color=array([0., 0., 0.]), colorSpace='rgb', fullscr=<method-wrapper '__getattribute__' of attributeSetter object at 0x7f63ac167940>, gamma=None, gammaErrorPolicy='raise', kwargs=UNKNOWN, lms=UNKNOWN, monitor=<psychopy.monitors.calibTools.Monitor object at 0x7f63ac12e630>, multiSample=False, name='window1', numSamples=2, pos=[960.0, 540.0], screen=0, size=array([1920, 1080]), stereo=False, units='norm', useFBO=True, useRetina=False, viewOri=0.0, viewPos=None, viewScale=None, waitBlanking=True, winType='pyglet')
3.6100 	EXP 	window1: recordFrameIntervals = False
3.7762 	EXP 	window1: recordFrameIntervals = True
3.9598 	EXP 	window1: recordFrameIntervals = False
6.6714 	EXP 	Created text_2 = TextStim(__class__=<class 'psychopy.visual.text.TextStim'>, alignHoriz='center', alignVert='center', antialias=True, autoLog=True, bold=False, color='white', colorSpace='named', contrast=1.0, depth=-2.0, flipHoriz=False, flipVert=False, font='Arial', fontFiles=[], height=0.06, italic=False, languageStyle='LTR', name='text_2', opacity=1.0, ori=0, pos=array([0.5, 0. ]), rgb=array([255., 255., 255.]), text=str(...), units='norm', win=Window(...), wrapWidth=1)
6.6734 	EXP 	Created Title = TextStim(__class__=<class 'psychopy.visual.text.TextStim'>, alignHoriz='center', alignVert='center', antialias=True, autoLog=True, bold=False, color='white', colorSpace='named', contrast=1.0, depth=0.0, flipHoriz=False, flipVert=False, font='Arial', fontFiles=[], height=0.06, italic=False, languageStyle='LTR', name='Title', opacity=1.0, ori=0, pos=array([0.5, 0.5]), rgb=array([255., 255., 255.]), text='REST STATE\n', units='norm', win=Window(...), wrapWidth=1)
6.6784 	EXP 	Created RS_text = TextStim(__class__=<class 'psychopy.visual.text.TextStim'>, alignHoriz='center', alignVert='center', antialias=True, autoLog=True, bold=False, color='white', colorSpace='named', contrast=1.0, depth=-1.0, flipHoriz=False, flipVert=False, font='Arial', fontFiles=[], height=0.06, italic=False, languageStyle='LTR', name='RS_text', opacity=1.0, ori=0, pos=array([0.5, 0. ]), rgb=array([255., 255., 255.]), text=str(...), units='norm', win=Window(...), wrapWidth=1)
6.6872 	EXP 	Sound RS_close set volume 1.000
6.6928 	EXP 	Created Continue = TextStim(__class__=<class 'psychopy.visual.text.TextStim'>, alignHoriz='center', alignVert='center', antialias=True, autoLog=True, bold=False, color='white', colorSpace='named', contrast=1.0, depth=-4.0, flipHoriz=False, flipVert=False, font='Arial', fontFiles=[], height=0.1, italic=False, languageStyle='LTR', name='Continue', opacity=1.0, ori=0, pos=array([ 0.5, -0.4]), rgb=array([255., 255., 255.]), text='Press space key to continue.', units='norm', win=Window(...), wrapWidth=1)
6.6957 	EXP 	Created Recording_2 = TextStim(__class__=<class 'psychopy.visual.text.TextStim'>, alignHoriz='center', alignVert='center', antialias=True, autoLog=True, bold=False, color='white', colorSpace='named', contrast=1.0, depth=0.0, flipHoriz=False, flipVert=False, font='Arial', fontFiles=[], height=0.06, italic=False, languageStyle='LTR', name='Recording_2', opacity=1.0, ori=0, pos=array([0.5, 0. ]), rgb=array([255., 255., 255.]), text=str(...), units='norm', win=Window(...), wrapWidth=1)
6.6975 	EXP 	Created text = TextStim(__class__=<class 'psychopy.visual.text.TextStim'>, alignHoriz='center', alignVert='center', antialias=True, autoLog=True, bold=False, color='white', colorSpace='named', contrast=1.0, depth=-2.0, flipHoriz=False, flipVert=False, font='Arial', fontFiles=[], height=0.1, italic=False, languageStyle='LTR', name='text', opacity=1.0, ori=0, pos=array([ 0.5, -0.5]), rgb=array([255., 255., 255.]), text='Next stage!!!', units='norm', win=Window(...), wrapWidth=1)
6.6990 	EXP 	Created say_something_2 = TextStim(__class__=<class 'psychopy.visual.text.TextStim'>, alignHoriz='center', alignVert='center', antialias=True, autoLog=True, bold=False, color='white', colorSpace='named', contrast=1.0, depth=0.0, flipHoriz=False, flipVert=False, font='Arial', fontFiles=[], height=0.1, italic=False, languageStyle='LTR', name='say_something_2', opacity=1.0, ori=0, pos=array([0.5, 0. ]), rgb=array([255., 255., 255.]), text='MT_session\n\n', units='norm', win=Window(...), wrapWidth=1)
6.7097 	EXP 	Sound Cali_MT set volume 1.000
6.7116 	EXP 	Created text_7 = TextStim(__class__=<class 'psychopy.visual.text.TextStim'>, alignHoriz='center', alignVert='center', antialias=True, autoLog=True, bold=False, color='white', colorSpace='named', contrast=1.0, depth=-3.0, flipHoriz=False, flipVert=False, font='Arial', fontFiles=[], height=0.1, italic=False, languageStyle='LTR', name='text_7', opacity=1.0, ori=0, pos=array([0.5, 0.2]), rgb=array([255., 255., 255.]), text='Please speak!', units='norm', win=Window(...), wrapWidth=1)
6.7132 	EXP 	Created say_something_4 = TextStim(__class__=<class 'psychopy.visual.text.TextStim'>, alignHoriz='center', alignVert='center', antialias=True, autoLog=True, bold=False, color='white', colorSpace='named', contrast=1.0, depth=0.0, flipHoriz=False, flipVert=False, font='Arial', fontFiles=[], height=0.1, italic=False, languageStyle='LTR', name='say_something_4', opacity=1.0, ori=0, pos=array([0., 0.]), rgb=array([255., 255., 255.]), text='default text', units='norm', win=Window(...), wrapWidth=1)
6.7144 	EXP 	Created text_6 = TextStim(__class__=<class 'psychopy.visual.text.TextStim'>, alignHoriz='center', alignVert='center', antialias=True, autoLog=True, bold=False, color='white', colorSpace='named', contrast=1.0, depth=0.0, flipHoriz=False, flipVert=False, font='Arial', fontFiles=[], height=0.06, italic=False, languageStyle='LTR', name='text_6', opacity=1.0, ori=0, pos=array([0.5, 0. ]), rgb=array([255., 255., 255.]), text='default text', units='norm', win=Window(...), wrapWidth=1.5)
6.7210 	EXP 	Created text_3 = TextStim(__class__=<class 'psychopy.visual.text.TextStim'>, alignHoriz='center', alignVert='center', antialias=True, autoLog=True, bold=False, color='white', colorSpace='named', contrast=1.0, depth=0.0, flipHoriz=False, flipVert=False, font='Arial', fontFiles=[], height=0.07, italic=False, languageStyle='LTR', name='text_3', opacity=1.0, ori=0, pos=array([0., 0.]), rgb=array([255., 255., 255.]), text=str(...), units='norm', win=Window(...), wrapWidth=1)
6.7429 	EXP 	text_2: autoDraw = True
11.7434 	EXP 	text_2: autoDraw = False
11.7434 	EXP 	Title: autoDraw = True
11.7434 	EXP 	RS_text: autoDraw = True
18.6130 	WARNING 	Got keycode {} but that code isn't yet known
18.6130 	WARNING 	Keypress was given unknown key code (134)
20.8130 	WARNING 	Got keycode {} but that code isn't yet known
20.8130 	WARNING 	Keypress was given unknown key code (134)
25.7274 	EXP 	Continue: autoDraw = True
25.7441 	EXP 	Title: autoDraw = False
25.7441 	EXP 	RS_text: autoDraw = False
27.2861 	DATA 	Mouse: Left button down, pos=(1715,574)
27.4530 	DATA 	Mouse:  Left button up, pos=(1715,574)
30.7277 	EXP 	Continue: autoDraw = False
32.1862 	DATA 	Mouse: Left button down, pos=(1228,418)
32.2695 	DATA 	Mouse:  Left button up, pos=(1228,418)
32.8029 	DATA 	Mouse: Left button down, pos=(1228,418)
32.8864 	DATA 	Mouse:  Left button up, pos=(1228,418)
32.9863 	DATA 	Mouse: Left button down, pos=(1228,418)
33.0696 	DATA 	Mouse:  Left button up, pos=(1228,418)
33.6751 	DATA 	Keypress: space
33.6785 	EXP 	Title: autoDraw = False
33.6785 	EXP 	RS_text: autoDraw = False
33.6785 	EXP 	Continue: autoDraw = False
33.6785 	EXP 	Recording_2: autoDraw = True
36.5666 	DATA 	Keypress: escape
36.6030 	EXP 	window1: mouseVisible = True
