22.5138 	EXP 	Created instruction_text = TextStim(__class__=<class 'psychopy.visual.text.TextStim'>, alignHoriz='center', alignVert='center', antialias=True, autoLog=True, bold=False, color=array([1., 1., 1.]), colorSpace='rgb', contrast=1.0, depth=-0.0, flipHoriz=False, flipVert=False, font='Arial', fontFiles=[], height=0.06, italic=False, languageStyle='LTR', name='instruction_text', opacity=1.0, ori=0.0, pos=array([0.5, 0.1]), rgb=array([1., 1., 1.]), text=str(...), units='norm', win=Window(...), wrapWidth=1)
22.7837 	EXP 	Created instruction_cont = TextStim(__class__=<class 'psychopy.visual.text.TextStim'>, alignHoriz='center', alignVert='center', antialias=True, autoLog=True, bold=False, color=array([1., 1., 1.]), colorSpace='rgb', contrast=1.0, depth=-3.0, flipHoriz=False, flipVert=False, font='Arial', fontFiles=[], height=0.06, italic=False, languageStyle='LTR', name='instruction_cont', opacity=1.0, ori=0.0, pos=array([ 0.5, -0.4]), rgb=array([1., 1., 1.]), text='          Press [space] key to continue.', units='norm', win=Window(...), wrapWidth=1)
22.7859 	EXP 	Created Artifact_intro_title = TextStim(__class__=<class 'psychopy.visual.text.TextStim'>, alignHoriz='center', alignVert='center', antialias=True, autoLog=True, bold=False, color=array([1., 1., 1.]), colorSpace='rgb', contrast=1.0, depth=-0.0, flipHoriz=False, flipVert=False, font='Arial', fontFiles=[], height=0.06, italic=False, languageStyle='LTR', name='Artifact_intro_title', opacity=1.0, ori=0.0, pos=array([0.5, 0.4]), rgb=array([1., 1., 1.]), text='Muscular signal recording', units='norm', win=Window(...), wrapWidth=1)
22.7898 	EXP 	Created Artifact_intro_text = TextStim(__class__=<class 'psychopy.visual.text.TextStim'>, alignHoriz='center', alignVert='center', antialias=True, autoLog=True, bold=False, color=array([1., 1., 1.]), colorSpace='rgb', contrast=1.0, depth=-1.0, flipHoriz=False, flipVert=False, font='Arial', fontFiles=[], height=0.06, italic=False, languageStyle='LTR', name='Artifact_intro_text', opacity=1.0, ori=0.0, pos=array([0.5, 0. ]), rgb=array([1., 1., 1.]), text=str(...), units='norm', win=Window(...), wrapWidth=1)
22.7975 	EXP 	Created Artifact_intro_cont = TextStim(__class__=<class 'psychopy.visual.text.TextStim'>, alignHoriz='center', alignVert='center', antialias=True, autoLog=True, bold=False, color=array([1., 1., 1.]), colorSpace='rgb', contrast=1.0, depth=-4.0, flipHoriz=False, flipVert=False, font='Arial', fontFiles=[], height=0.06, italic=False, languageStyle='LTR', name='Artifact_intro_cont', opacity=1.0, ori=0.0, pos=array([0.5, 0. ]), rgb=array([1., 1., 1.]), text='          Press [space] key to continue.', units='norm', win=Window(...), wrapWidth=1)
22.7980 	EXP 	Created Artifact_rec_text = TextStim(__class__=<class 'psychopy.visual.text.TextStim'>, alignHoriz='center', alignVert='center', antialias=True, autoLog=True, bold=False, color=array([1., 1., 1.]), colorSpace='rgb', contrast=1.0, depth=-0.0, flipHoriz=False, flipVert=False, font='Arial', fontFiles=[], height=0.06, italic=False, languageStyle='LTR', name='Artifact_rec_text', opacity=1.0, ori=0.0, pos=array([0.5, 0.4]), rgb=array([1., 1., 1.]), text='', units='norm', win=Window(...), wrapWidth=1)
22.7994 	EXP 	Created Artifact_rec_recording = TextStim(__class__=<class 'psychopy.visual.text.TextStim'>, alignHoriz='center', alignVert='center', antialias=True, autoLog=True, bold=False, color=array([1., 1., 1.]), colorSpace='rgb', contrast=1.0, depth=-4.0, flipHoriz=False, flipVert=False, font='Arial', fontFiles=[], height=0.06, italic=False, languageStyle='LTR', name='Artifact_rec_recording', opacity=1.0, ori=0.0, pos=array([ 0.5, -0.4]), rgb=array([1., 1., 1.]), text='', units='norm', win=Window(...), wrapWidth=1)
22.8016 	EXP 	Created Artifact_rec_break = TextStim(__class__=<class 'psychopy.visual.text.TextStim'>, alignHoriz='center', alignVert='center', antialias=True, autoLog=True, bold=False, color=array([1., 1., 1.]), colorSpace='rgb', contrast=1.0, depth=-6.0, flipHoriz=False, flipVert=False, font='Arial', fontFiles=[], height=0.06, italic=False, languageStyle='LTR', name='Artifact_rec_break', opacity=1.0, ori=0.0, pos=array([ 0.5, -0.4]), rgb=array([1., 1., 1.]), text='Short break', units='norm', win=Window(...), wrapWidth=1)
22.8057 	EXP 	Created Cali_de_pre_intro_title = TextStim(__class__=<class 'psychopy.visual.text.TextStim'>, alignHoriz='center', alignVert='center', antialias=True, autoLog=True, bold=False, color=array([1., 1., 1.]), colorSpace='rgb', contrast=1.0, depth=-0.0, flipHoriz=False, flipVert=False, font='Arial', fontFiles=[], height=0.06, italic=False, languageStyle='LTR', name='Cali_de_pre_intro_title', opacity=1.0, ori=0.0, pos=array([0.5, 0.4]), rgb=array([1., 1., 1.]), text='READ OUT BLOCK (GERMAN)', units='norm', win=Window(...), wrapWidth=1)
22.8130 	EXP 	Created Cali_de_pre_intro_text = TextStim(__class__=<class 'psychopy.visual.text.TextStim'>, alignHoriz='center', alignVert='center', antialias=True, autoLog=True, bold=False, color=array([1., 1., 1.]), colorSpace='rgb', contrast=1.0, depth=-1.0, flipHoriz=False, flipVert=False, font='Arial', fontFiles=[], height=0.06, italic=False, languageStyle='LTR', name='Cali_de_pre_intro_text', opacity=1.0, ori=0.0, pos=array([0.5, 0. ]), rgb=array([1., 1., 1.]), text=str(...), units='norm', win=Window(...), wrapWidth=1)
22.8176 	EXP 	Created Cali_de_pre_intro_cont = TextStim(__class__=<class 'psychopy.visual.text.TextStim'>, alignHoriz='center', alignVert='center', antialias=True, autoLog=True, bold=False, color=array([1., 1., 1.]), colorSpace='rgb', contrast=1.0, depth=-4.0, flipHoriz=False, flipVert=False, font='Arial', fontFiles=[], height=0.06, italic=False, languageStyle='LTR', name='Cali_de_pre_intro_cont', opacity=1.0, ori=0.0, pos=array([0.5, 0. ]), rgb=array([1., 1., 1.]), text='          Press [space] key to continue.', units='norm', win=Window(...), wrapWidth=1)
22.8180 	EXP 	Created Cali_de_pre_rec_text = TextStim(__class__=<class 'psychopy.visual.text.TextStim'>, alignHoriz='center', alignVert='center', antialias=True, autoLog=True, bold=False, color=array([1., 1., 1.]), colorSpace='rgb', contrast=1.0, depth=-0.0, flipHoriz=False, flipVert=False, font='Arial', fontFiles=[], height=0.06, italic=False, languageStyle='LTR', name='Cali_de_pre_rec_text', opacity=1.0, ori=0.0, pos=array([0.5, 0.4]), rgb=array([1., 1., 1.]), text='', units='norm', win=Window(...), wrapWidth=1)
22.8188 	EXP 	Created Cali_de_pre_rec_question_text = TextStim(__class__=<class 'psychopy.visual.text.TextStim'>, alignHoriz='center', alignVert='center', antialias=True, autoLog=True, bold=False, color=array([1., 1., 1.]), colorSpace='rgb', contrast=1.0, depth=-2.0, flipHoriz=False, flipVert=False, font='Arial', fontFiles=[], height=0.06, italic=False, languageStyle='LTR', name='Cali_de_pre_rec_question_text', opacity=1.0, ori=0.0, pos=array([0.5, 0. ]), rgb=array([1., 1., 1.]), text='', units='norm', win=Window(...), wrapWidth=1)
22.8210 	EXP 	Created Cali_de_pre_rec_break = TextStim(__class__=<class 'psychopy.visual.text.TextStim'>, alignHoriz='center', alignVert='center', antialias=True, autoLog=True, bold=False, color=array([1., 1., 1.]), colorSpace='rgb', contrast=1.0, depth=-6.0, flipHoriz=False, flipVert=False, font='Arial', fontFiles=[], height=0.06, italic=False, languageStyle='LTR', name='Cali_de_pre_rec_break', opacity=1.0, ori=0.0, pos=array([ 0.5, -0.4]), rgb=array([1., 1., 1.]), text='Short break', units='norm', win=Window(...), wrapWidth=1)
22.8214 	EXP 	Created fade_in_text = TextStim(__class__=<class 'psychopy.visual.text.TextStim'>, alignHoriz='center', alignVert='center', antialias=True, autoLog=True, bold=False, color=array([1., 1., 1.]), colorSpace='rgb', contrast=1.0, depth=-0.0, flipHoriz=False, flipVert=False, font='Arial', fontFiles=[], height=0.06, italic=False, languageStyle='LTR', name='fade_in_text', opacity=1.0, ori=0.0, pos=array([0.5, 0.4]), rgb=array([1., 1., 1.]), text='', units='norm', win=Window(...), wrapWidth=1)
22.8234 	EXP 	Created RS_intro_title = TextStim(__class__=<class 'psychopy.visual.text.TextStim'>, alignHoriz='center', alignVert='center', antialias=True, autoLog=True, bold=False, color=array([1., 1., 1.]), colorSpace='rgb', contrast=1.0, depth=-0.0, flipHoriz=False, flipVert=False, font='Arial', fontFiles=[], height=0.06, italic=False, languageStyle='LTR', name='RS_intro_title', opacity=1.0, ori=0.0, pos=array([0.5, 0.4]), rgb=array([1., 1., 1.]), text='REST STATE BLOCK', units='norm', win=Window(...), wrapWidth=1)
22.8309 	EXP 	Created RS_intro_text = TextStim(__class__=<class 'psychopy.visual.text.TextStim'>, alignHoriz='center', alignVert='center', antialias=True, autoLog=True, bold=False, color=array([1., 1., 1.]), colorSpace='rgb', contrast=1.0, depth=-1.0, flipHoriz=False, flipVert=False, font='Arial', fontFiles=[], height=0.06, italic=False, languageStyle='LTR', name='RS_intro_text', opacity=1.0, ori=0.0, pos=array([0.5, 0. ]), rgb=array([1., 1., 1.]), text=str(...), units='norm', win=Window(...), wrapWidth=1)
22.8359 	EXP 	Created RS_rec_text = TextStim(__class__=<class 'psychopy.visual.text.TextStim'>, alignHoriz='center', alignVert='center', antialias=True, autoLog=True, bold=False, color=array([1., 1., 1.]), colorSpace='rgb', contrast=1.0, depth=-0.0, flipHoriz=False, flipVert=False, font='Arial', fontFiles=[], height=0.06, italic=False, languageStyle='LTR', name='RS_rec_text', opacity=1.0, ori=0.0, pos=array([0.5, 0. ]), rgb=array([1., 1., 1.]), text=str(...), units='norm', win=Window(...), wrapWidth=1)
22.8382 	EXP 	Created QA_intro_title = TextStim(__class__=<class 'psychopy.visual.text.TextStim'>, alignHoriz='center', alignVert='center', antialias=True, autoLog=True, bold=False, color=array([1., 1., 1.]), colorSpace='rgb', contrast=1.0, depth=-0.0, flipHoriz=False, flipVert=False, font='Arial', fontFiles=[], height=0.06, italic=False, languageStyle='LTR', name='QA_intro_title', opacity=1.0, ori=0.0, pos=array([0.5, 0.5]), rgb=array([1., 1., 1.]), text='Q&A BLOCK', units='norm', win=Window(...), wrapWidth=1)
22.8471 	EXP 	Created QA_intro_text = TextStim(__class__=<class 'psychopy.visual.text.TextStim'>, alignHoriz='center', alignVert='center', antialias=True, autoLog=True, bold=False, color=array([1., 1., 1.]), colorSpace='rgb', contrast=1.0, depth=-1.0, flipHoriz=False, flipVert=False, font='Arial', fontFiles=[], height=0.06, italic=False, languageStyle='LTR', name='QA_intro_text', opacity=1.0, ori=0.0, pos=array([0.5, 0. ]), rgb=array([1., 1., 1.]), text=str(...), units='norm', win=Window(...), wrapWidth=1)
22.8516 	EXP 	Created QA_intro_cont = TextStim(__class__=<class 'psychopy.visual.text.TextStim'>, alignHoriz='center', alignVert='center', antialias=True, autoLog=True, bold=False, color=array([1., 1., 1.]), colorSpace='rgb', contrast=1.0, depth=-4.0, flipHoriz=False, flipVert=False, font='Arial', fontFiles=[], height=0.06, italic=False, languageStyle='LTR', name='QA_intro_cont', opacity=1.0, ori=0.0, pos=array([0.5, 0. ]), rgb=array([1., 1., 1.]), text='          Press [space] key to continue.', units='norm', win=Window(...), wrapWidth=1)
22.8545 	EXP 	Created QA_rec_text = TextStim(__class__=<class 'psychopy.visual.text.TextStim'>, alignHoriz='center', alignVert='center', antialias=True, autoLog=True, bold=False, color=array([1., 1., 1.]), colorSpace='rgb', contrast=1.0, depth=-0.0, flipHoriz=False, flipVert=False, font='Arial', fontFiles=[], height=0.06, italic=False, languageStyle='LTR', name='QA_rec_text', opacity=1.0, ori=0.0, pos=array([0.5, 0. ]), rgb=array([1., 1., 1.]), text=str(...), units='norm', win=Window(...), wrapWidth=1)
22.8583 	EXP 	Created QA_rec_break = TextStim(__class__=<class 'psychopy.visual.text.TextStim'>, alignHoriz='center', alignVert='center', antialias=True, autoLog=True, bold=False, color=array([1., 1., 1.]), colorSpace='rgb', contrast=1.0, depth=-6.0, flipHoriz=False, flipVert=False, font='Arial', fontFiles=[], height=0.06, italic=False, languageStyle='LTR', name='QA_rec_break', opacity=1.0, ori=0.0, pos=array([ 0.5, -0.4]), rgb=array([1., 1., 1.]), text='Short break', units='norm', win=Window(...), wrapWidth=1)
22.8625 	EXP 	Created Pause_cont = TextStim(__class__=<class 'psychopy.visual.text.TextStim'>, alignHoriz='center', alignVert='center', antialias=True, autoLog=True, bold=False, color=array([1., 1., 1.]), colorSpace='rgb', contrast=1.0, depth=-2.0, flipHoriz=False, flipVert=False, font='Arial', fontFiles=[], height=0.06, italic=False, languageStyle='LTR', name='Pause_cont', opacity=1.0, ori=0.0, pos=array([0.5, 0. ]), rgb=array([1., 1., 1.]), text=str(...), units='norm', win=Window(...), wrapWidth=1)
22.8646 	EXP 	Created Cali_de_post_intro_title = TextStim(__class__=<class 'psychopy.visual.text.TextStim'>, alignHoriz='center', alignVert='center', antialias=True, autoLog=True, bold=False, color=array([1., 1., 1.]), colorSpace='rgb', contrast=1.0, depth=-0.0, flipHoriz=False, flipVert=False, font='Arial', fontFiles=[], height=0.06, italic=False, languageStyle='LTR', name='Cali_de_post_intro_title', opacity=1.0, ori=0.0, pos=array([0.5, 0.4]), rgb=array([1., 1., 1.]), text='READ OUT BLOCK (GERMAN)', units='norm', win=Window(...), wrapWidth=1)
22.9094 	EXP 	Created Cali_de_post_intro_text = TextStim(__class__=<class 'psychopy.visual.text.TextStim'>, alignHoriz='center', alignVert='center', antialias=True, autoLog=True, bold=False, color=array([1., 1., 1.]), colorSpace='rgb', contrast=1.0, depth=-1.0, flipHoriz=False, flipVert=False, font='Arial', fontFiles=[], height=0.06, italic=False, languageStyle='LTR', name='Cali_de_post_intro_text', opacity=1.0, ori=0.0, pos=array([0.5, 0. ]), rgb=array([1., 1., 1.]), text=str(...), units='norm', win=Window(...), wrapWidth=1)
22.9144 	EXP 	Created Cali_de_post_intro_cont = TextStim(__class__=<class 'psychopy.visual.text.TextStim'>, alignHoriz='center', alignVert='center', antialias=True, autoLog=True, bold=False, color=array([1., 1., 1.]), colorSpace='rgb', contrast=1.0, depth=-4.0, flipHoriz=False, flipVert=False, font='Arial', fontFiles=[], height=0.06, italic=False, languageStyle='LTR', name='Cali_de_post_intro_cont', opacity=1.0, ori=0.0, pos=array([0.5, 0. ]), rgb=array([1., 1., 1.]), text='          Press [space] key to continue.', units='norm', win=Window(...), wrapWidth=1)
22.9148 	EXP 	Created Cali_de_post_rec_text = TextStim(__class__=<class 'psychopy.visual.text.TextStim'>, alignHoriz='center', alignVert='center', antialias=True, autoLog=True, bold=False, color=array([1., 1., 1.]), colorSpace='rgb', contrast=1.0, depth=-0.0, flipHoriz=False, flipVert=False, font='Arial', fontFiles=[], height=0.06, italic=False, languageStyle='LTR', name='Cali_de_post_rec_text', opacity=1.0, ori=0.0, pos=array([0.5, 0.4]), rgb=array([1., 1., 1.]), text='', units='norm', win=Window(...), wrapWidth=1)
22.9157 	EXP 	Created Cali_de_post_rec_question_text = TextStim(__class__=<class 'psychopy.visual.text.TextStim'>, alignHoriz='center', alignVert='center', antialias=True, autoLog=True, bold=False, color=array([1., 1., 1.]), colorSpace='rgb', contrast=1.0, depth=-2.0, flipHoriz=False, flipVert=False, font='Arial', fontFiles=[], height=0.06, italic=False, languageStyle='LTR', name='Cali_de_post_rec_question_text', opacity=1.0, ori=0.0, pos=array([0.5, 0. ]), rgb=array([1., 1., 1.]), text='', units='norm', win=Window(...), wrapWidth=1)
22.9177 	EXP 	Created Cali_de_post_rec_break = TextStim(__class__=<class 'psychopy.visual.text.TextStim'>, alignHoriz='center', alignVert='center', antialias=True, autoLog=True, bold=False, color=array([1., 1., 1.]), colorSpace='rgb', contrast=1.0, depth=-6.0, flipHoriz=False, flipVert=False, font='Arial', fontFiles=[], height=0.06, italic=False, languageStyle='LTR', name='Cali_de_post_rec_break', opacity=1.0, ori=0.0, pos=array([ 0.5, -0.4]), rgb=array([1., 1., 1.]), text='Short break', units='norm', win=Window(...), wrapWidth=1)
22.9211 	EXP 	Created the_end_text = TextStim(__class__=<class 'psychopy.visual.text.TextStim'>, alignHoriz='center', alignVert='center', antialias=True, autoLog=True, bold=False, color=array([1., 1., 1.]), colorSpace='rgb', contrast=1.0, depth=-1.0, flipHoriz=False, flipVert=False, font='Arial', fontFiles=[], height=0.06, italic=False, languageStyle='LTR', name='the_end_text', opacity=1.0, ori=0.0, pos=array([0.7, 0. ]), rgb=array([1., 1., 1.]), text=str(...), units='norm', win=Window(...), wrapWidth=1)
24.9260 	EXP 	Created sequence: random, trialTypes=1, nReps=4, seed=None
24.9266 	EXP 	New trial (rep=0, index=0): None
24.9269 	EXP 	New trial (rep=1, index=0): None
26.9414 	EXP 	fade_in_text: text = 'Please remain seated until further instruction via the earphone.'
29.9752 	EXP 	fade_in_text: autoDraw = True
35.9756 	EXP 	fade_in_text: autoDraw = True
35.9920 	EXP 	fade_in_text: autoDraw = True
36.0088 	EXP 	fade_in_text: autoDraw = True
36.0254 	EXP 	fade_in_text: autoDraw = True
36.0421 	EXP 	fade_in_text: autoDraw = True
36.0587 	EXP 	fade_in_text: autoDraw = True
36.0753 	EXP 	fade_in_text: autoDraw = True
36.0920 	EXP 	fade_in_text: autoDraw = True
36.1087 	EXP 	fade_in_text: autoDraw = True
36.1254 	EXP 	fade_in_text: autoDraw = True
36.1421 	EXP 	fade_in_text: autoDraw = True
36.1587 	EXP 	fade_in_text: autoDraw = True
36.1753 	EXP 	fade_in_text: autoDraw = True
36.1920 	EXP 	fade_in_text: autoDraw = True
36.2087 	EXP 	fade_in_text: autoDraw = True
36.2254 	EXP 	fade_in_text: autoDraw = True
36.2421 	EXP 	fade_in_text: autoDraw = True
36.2589 	EXP 	fade_in_text: autoDraw = True
36.2753 	EXP 	fade_in_text: autoDraw = True
36.2921 	EXP 	fade_in_text: autoDraw = True
36.3087 	EXP 	fade_in_text: autoDraw = True
36.3254 	EXP 	fade_in_text: autoDraw = True
36.3421 	EXP 	fade_in_text: autoDraw = True
36.3589 	EXP 	fade_in_text: autoDraw = True
36.3753 	EXP 	fade_in_text: autoDraw = True
36.3921 	EXP 	fade_in_text: autoDraw = True
36.4088 	EXP 	fade_in_text: autoDraw = True
36.4254 	EXP 	fade_in_text: autoDraw = True
36.4421 	EXP 	fade_in_text: autoDraw = True
36.4590 	EXP 	fade_in_text: autoDraw = True
36.4753 	EXP 	fade_in_text: autoDraw = True
36.4921 	EXP 	fade_in_text: autoDraw = True
36.5087 	EXP 	fade_in_text: autoDraw = True
36.5254 	EXP 	fade_in_text: autoDraw = True
36.5421 	EXP 	fade_in_text: autoDraw = True
36.5589 	EXP 	fade_in_text: autoDraw = True
36.5753 	EXP 	fade_in_text: autoDraw = True
36.5921 	EXP 	fade_in_text: autoDraw = True
36.6088 	EXP 	fade_in_text: autoDraw = True
36.6254 	EXP 	fade_in_text: autoDraw = True
36.6421 	EXP 	fade_in_text: autoDraw = True
36.6589 	EXP 	fade_in_text: autoDraw = True
36.6753 	EXP 	fade_in_text: autoDraw = True
36.6921 	EXP 	fade_in_text: autoDraw = True
36.7088 	EXP 	fade_in_text: autoDraw = True
36.7254 	EXP 	fade_in_text: autoDraw = True
36.7421 	EXP 	fade_in_text: autoDraw = True
36.7587 	EXP 	fade_in_text: autoDraw = True
36.7753 	EXP 	fade_in_text: autoDraw = True
36.7921 	EXP 	fade_in_text: autoDraw = True
36.8088 	EXP 	fade_in_text: autoDraw = True
36.8254 	EXP 	fade_in_text: autoDraw = True
36.8421 	EXP 	fade_in_text: autoDraw = True
36.8587 	EXP 	fade_in_text: autoDraw = True
36.8755 	EXP 	fade_in_text: autoDraw = True
36.8921 	EXP 	fade_in_text: autoDraw = True
36.9088 	EXP 	fade_in_text: autoDraw = True
36.9254 	EXP 	fade_in_text: autoDraw = True
36.9423 	EXP 	fade_in_text: autoDraw = True
36.9587 	EXP 	fade_in_text: autoDraw = True
36.9755 	EXP 	fade_in_text: autoDraw = True
36.9921 	EXP 	fade_in_text: autoDraw = True
37.0088 	EXP 	fade_in_text: autoDraw = True
37.0254 	EXP 	fade_in_text: autoDraw = True
37.0423 	EXP 	fade_in_text: autoDraw = True
37.0587 	EXP 	fade_in_text: autoDraw = True
37.0755 	EXP 	fade_in_text: autoDraw = True
37.0921 	EXP 	fade_in_text: autoDraw = True
37.1088 	EXP 	fade_in_text: autoDraw = True
37.1255 	EXP 	fade_in_text: autoDraw = True
37.1423 	EXP 	fade_in_text: autoDraw = True
37.1587 	EXP 	fade_in_text: autoDraw = True
37.1755 	EXP 	fade_in_text: autoDraw = True
37.1921 	EXP 	fade_in_text: autoDraw = True
37.2088 	EXP 	fade_in_text: autoDraw = True
37.2255 	EXP 	fade_in_text: autoDraw = True
37.2424 	EXP 	fade_in_text: autoDraw = True
37.2587 	EXP 	fade_in_text: autoDraw = True
37.2755 	EXP 	fade_in_text: autoDraw = True
37.2921 	EXP 	fade_in_text: autoDraw = True
37.3088 	EXP 	fade_in_text: autoDraw = True
37.3255 	EXP 	fade_in_text: autoDraw = True
37.3421 	EXP 	fade_in_text: autoDraw = True
37.3587 	EXP 	fade_in_text: autoDraw = True
37.3755 	EXP 	fade_in_text: autoDraw = True
37.3921 	EXP 	fade_in_text: autoDraw = True
37.4088 	EXP 	fade_in_text: autoDraw = True
37.4255 	EXP 	fade_in_text: autoDraw = True
37.4421 	EXP 	fade_in_text: autoDraw = True
37.4587 	EXP 	fade_in_text: autoDraw = True
37.4755 	EXP 	fade_in_text: autoDraw = True
37.4921 	EXP 	fade_in_text: autoDraw = True
37.5088 	EXP 	fade_in_text: autoDraw = True
37.5255 	EXP 	fade_in_text: autoDraw = True
37.5422 	EXP 	fade_in_text: autoDraw = True
37.5588 	EXP 	fade_in_text: autoDraw = True
37.5755 	EXP 	fade_in_text: autoDraw = True
37.5922 	EXP 	fade_in_text: autoDraw = True
37.6088 	EXP 	fade_in_text: autoDraw = True
37.6257 	EXP 	fade_in_text: autoDraw = True
37.6422 	EXP 	fade_in_text: autoDraw = True
37.6588 	EXP 	fade_in_text: autoDraw = True
37.6755 	EXP 	fade_in_text: autoDraw = True
37.6922 	EXP 	fade_in_text: autoDraw = True
37.7088 	EXP 	fade_in_text: autoDraw = True
37.7257 	EXP 	fade_in_text: autoDraw = True
37.7422 	EXP 	fade_in_text: autoDraw = True
37.7589 	EXP 	fade_in_text: autoDraw = True
37.7755 	EXP 	fade_in_text: autoDraw = True
37.7922 	EXP 	fade_in_text: autoDraw = True
37.8088 	EXP 	fade_in_text: autoDraw = True
37.8258 	EXP 	fade_in_text: autoDraw = True
37.8422 	EXP 	fade_in_text: autoDraw = True
37.8588 	EXP 	fade_in_text: autoDraw = True
37.8755 	EXP 	fade_in_text: autoDraw = True
37.8922 	EXP 	fade_in_text: autoDraw = True
37.9088 	EXP 	fade_in_text: autoDraw = True
37.9257 	EXP 	fade_in_text: autoDraw = True
37.9422 	EXP 	fade_in_text: autoDraw = True
37.9589 	EXP 	fade_in_text: autoDraw = True
37.9755 	EXP 	fade_in_text: autoDraw = True
37.9922 	EXP 	fade_in_text: autoDraw = True
38.0088 	EXP 	fade_in_text: autoDraw = True
38.0255 	EXP 	fade_in_text: autoDraw = True
38.0422 	EXP 	fade_in_text: autoDraw = True
38.0588 	EXP 	fade_in_text: autoDraw = True
38.0755 	EXP 	fade_in_text: autoDraw = True
38.0922 	EXP 	fade_in_text: autoDraw = True
38.1088 	EXP 	fade_in_text: autoDraw = True
38.1254 	EXP 	fade_in_text: autoDraw = True
38.1422 	EXP 	fade_in_text: autoDraw = True
38.1589 	EXP 	fade_in_text: autoDraw = True
38.1755 	EXP 	fade_in_text: autoDraw = True
38.1922 	EXP 	fade_in_text: autoDraw = True
38.2090 	EXP 	fade_in_text: autoDraw = True
38.2255 	EXP 	fade_in_text: autoDraw = True
38.2422 	EXP 	fade_in_text: autoDraw = True
38.2589 	EXP 	fade_in_text: autoDraw = True
38.2755 	EXP 	fade_in_text: autoDraw = True
38.2922 	EXP 	fade_in_text: autoDraw = True
38.3091 	EXP 	fade_in_text: autoDraw = True
38.3254 	EXP 	fade_in_text: autoDraw = True
38.3422 	EXP 	fade_in_text: autoDraw = True
38.3589 	EXP 	fade_in_text: autoDraw = True
38.3756 	EXP 	fade_in_text: autoDraw = True
38.3922 	EXP 	fade_in_text: autoDraw = True
38.4090 	EXP 	fade_in_text: autoDraw = True
38.4255 	EXP 	fade_in_text: autoDraw = True
38.4422 	EXP 	fade_in_text: autoDraw = True
38.4589 	EXP 	fade_in_text: autoDraw = True
38.4755 	EXP 	fade_in_text: autoDraw = True
38.4922 	EXP 	fade_in_text: autoDraw = True
38.5091 	EXP 	fade_in_text: autoDraw = True
38.5255 	EXP 	fade_in_text: autoDraw = True
38.5422 	EXP 	fade_in_text: autoDraw = True
38.5589 	EXP 	fade_in_text: autoDraw = True
38.5755 	EXP 	fade_in_text: autoDraw = True
38.5922 	EXP 	fade_in_text: autoDraw = True
38.6089 	EXP 	fade_in_text: autoDraw = True
38.6256 	EXP 	fade_in_text: autoDraw = True
38.6422 	EXP 	fade_in_text: autoDraw = True
38.6589 	EXP 	fade_in_text: autoDraw = True
38.6756 	EXP 	fade_in_text: autoDraw = True
38.6922 	EXP 	fade_in_text: autoDraw = True
38.7088 	EXP 	fade_in_text: autoDraw = True
38.7255 	EXP 	fade_in_text: autoDraw = True
38.7422 	EXP 	fade_in_text: autoDraw = True
38.7589 	EXP 	fade_in_text: autoDraw = True
38.7756 	EXP 	fade_in_text: autoDraw = True
38.7922 	EXP 	fade_in_text: autoDraw = True
38.8088 	EXP 	fade_in_text: autoDraw = True
38.8256 	EXP 	fade_in_text: autoDraw = True
38.8423 	EXP 	fade_in_text: autoDraw = True
38.8589 	EXP 	fade_in_text: autoDraw = True
38.8756 	EXP 	fade_in_text: autoDraw = True
38.8924 	EXP 	fade_in_text: autoDraw = True
38.9088 	EXP 	fade_in_text: autoDraw = True
38.9256 	EXP 	fade_in_text: autoDraw = True
38.9423 	EXP 	fade_in_text: autoDraw = True
38.9589 	EXP 	fade_in_text: autoDraw = True
38.9757 	EXP 	fade_in_text: autoDraw = True
38.9925 	EXP 	fade_in_text: autoDraw = True
39.0088 	EXP 	fade_in_text: autoDraw = True
39.0257 	EXP 	fade_in_text: autoDraw = True
39.0423 	EXP 	fade_in_text: autoDraw = True
39.0589 	EXP 	fade_in_text: autoDraw = True
39.0756 	EXP 	fade_in_text: autoDraw = True
39.0924 	EXP 	fade_in_text: autoDraw = True
39.1088 	EXP 	fade_in_text: autoDraw = True
39.1256 	EXP 	fade_in_text: autoDraw = True
39.1423 	EXP 	fade_in_text: autoDraw = True
39.1589 	EXP 	fade_in_text: autoDraw = True
39.1756 	EXP 	fade_in_text: autoDraw = True
39.1924 	EXP 	fade_in_text: autoDraw = True
39.2088 	EXP 	fade_in_text: autoDraw = True
39.2256 	EXP 	fade_in_text: autoDraw = True
39.2424 	EXP 	fade_in_text: autoDraw = True
39.2589 	EXP 	fade_in_text: autoDraw = True
39.2756 	EXP 	fade_in_text: autoDraw = True
39.2924 	EXP 	fade_in_text: autoDraw = True
39.3088 	EXP 	fade_in_text: autoDraw = True
39.3256 	EXP 	fade_in_text: autoDraw = True
39.3424 	EXP 	fade_in_text: autoDraw = True
39.3589 	EXP 	fade_in_text: autoDraw = True
39.3756 	EXP 	fade_in_text: autoDraw = True
39.3922 	EXP 	fade_in_text: autoDraw = True
39.4088 	EXP 	fade_in_text: autoDraw = True
39.4256 	EXP 	fade_in_text: autoDraw = True
39.4423 	EXP 	fade_in_text: autoDraw = True
39.4589 	EXP 	fade_in_text: autoDraw = True
39.4756 	EXP 	fade_in_text: autoDraw = True
39.4922 	EXP 	fade_in_text: autoDraw = True
39.5088 	EXP 	fade_in_text: autoDraw = True
39.5256 	EXP 	fade_in_text: autoDraw = True
39.5423 	EXP 	fade_in_text: autoDraw = True
39.5589 	EXP 	fade_in_text: autoDraw = True
39.5758 	EXP 	fade_in_text: autoDraw = True
39.5922 	EXP 	fade_in_text: autoDraw = True
39.6089 	EXP 	fade_in_text: autoDraw = True
39.6257 	EXP 	fade_in_text: autoDraw = True
39.6423 	EXP 	fade_in_text: autoDraw = True
39.6589 	EXP 	fade_in_text: autoDraw = True
39.6758 	EXP 	fade_in_text: autoDraw = True
39.6922 	EXP 	fade_in_text: autoDraw = True
39.7089 	EXP 	fade_in_text: autoDraw = True
39.7256 	EXP 	fade_in_text: autoDraw = True
39.7423 	EXP 	fade_in_text: autoDraw = True
39.7589 	EXP 	fade_in_text: autoDraw = True
39.7758 	EXP 	fade_in_text: autoDraw = True
39.7923 	EXP 	fade_in_text: autoDraw = True
39.8089 	EXP 	fade_in_text: autoDraw = True
39.8256 	EXP 	fade_in_text: autoDraw = True
39.8423 	EXP 	fade_in_text: autoDraw = True
39.8589 	EXP 	fade_in_text: autoDraw = True
39.8758 	EXP 	fade_in_text: autoDraw = True
39.8922 	EXP 	fade_in_text: autoDraw = True
39.9090 	EXP 	fade_in_text: autoDraw = True
39.9256 	EXP 	fade_in_text: autoDraw = True
39.9423 	EXP 	fade_in_text: autoDraw = True
39.9590 	EXP 	fade_in_text: autoDraw = True
39.9756 	EXP 	fade_in_text: autoDraw = True
39.9922 	EXP 	fade_in_text: autoDraw = True
40.0090 	EXP 	fade_in_text: autoDraw = True
40.0256 	EXP 	fade_in_text: autoDraw = True
40.0423 	EXP 	fade_in_text: autoDraw = True
40.0590 	EXP 	fade_in_text: autoDraw = True
40.0755 	EXP 	fade_in_text: autoDraw = True
40.0922 	EXP 	fade_in_text: autoDraw = True
40.1090 	EXP 	fade_in_text: autoDraw = True
40.1256 	EXP 	fade_in_text: autoDraw = True
40.1423 	EXP 	fade_in_text: autoDraw = True
40.1590 	EXP 	fade_in_text: autoDraw = True
40.1755 	EXP 	fade_in_text: autoDraw = True
40.1924 	EXP 	fade_in_text: autoDraw = True
40.2090 	EXP 	fade_in_text: autoDraw = True
40.2256 	EXP 	fade_in_text: autoDraw = True
40.2423 	EXP 	fade_in_text: autoDraw = True
40.2591 	EXP 	fade_in_text: autoDraw = True
40.2756 	EXP 	fade_in_text: autoDraw = True
40.2923 	EXP 	fade_in_text: autoDraw = True
40.3090 	EXP 	fade_in_text: autoDraw = True
40.3256 	EXP 	fade_in_text: autoDraw = True
40.3423 	EXP 	fade_in_text: autoDraw = True
40.3592 	EXP 	fade_in_text: autoDraw = True
40.3756 	EXP 	fade_in_text: autoDraw = True
40.3923 	EXP 	fade_in_text: autoDraw = True
40.4090 	EXP 	fade_in_text: autoDraw = True
40.4256 	EXP 	fade_in_text: autoDraw = True
40.4423 	EXP 	fade_in_text: autoDraw = True
40.4592 	EXP 	fade_in_text: autoDraw = True
40.4756 	EXP 	fade_in_text: autoDraw = True
40.4923 	EXP 	fade_in_text: autoDraw = True
40.5090 	EXP 	fade_in_text: autoDraw = True
40.5256 	EXP 	fade_in_text: autoDraw = True
40.5423 	EXP 	fade_in_text: autoDraw = True
40.5595 	EXP 	fade_in_text: autoDraw = True
40.5756 	EXP 	fade_in_text: autoDraw = True
40.5923 	EXP 	fade_in_text: autoDraw = True
40.6090 	EXP 	fade_in_text: autoDraw = True
40.6256 	EXP 	fade_in_text: autoDraw = True
40.6423 	EXP 	fade_in_text: autoDraw = True
40.6591 	EXP 	fade_in_text: autoDraw = True
40.6756 	EXP 	fade_in_text: autoDraw = True
40.6923 	EXP 	fade_in_text: autoDraw = True
40.7090 	EXP 	fade_in_text: autoDraw = True
40.7257 	EXP 	fade_in_text: autoDraw = True
40.7423 	EXP 	fade_in_text: autoDraw = True
40.7590 	EXP 	fade_in_text: autoDraw = True
40.7757 	EXP 	fade_in_text: autoDraw = True
40.7923 	EXP 	fade_in_text: autoDraw = True
40.8090 	EXP 	fade_in_text: autoDraw = True
40.8257 	EXP 	fade_in_text: autoDraw = True
40.8424 	EXP 	fade_in_text: autoDraw = True
40.8590 	EXP 	fade_in_text: autoDraw = True
40.8756 	EXP 	fade_in_text: autoDraw = True
40.8924 	EXP 	fade_in_text: autoDraw = True
40.9090 	EXP 	fade_in_text: autoDraw = True
40.9257 	EXP 	fade_in_text: autoDraw = True
40.9425 	EXP 	fade_in_text: autoDraw = True
40.9590 	EXP 	fade_in_text: autoDraw = True
40.9757 	EXP 	fade_in_text: autoDraw = True
40.9924 	EXP 	fade_in_text: autoDraw = True
41.0090 	EXP 	fade_in_text: autoDraw = True
41.0257 	EXP 	fade_in_text: autoDraw = True
41.0425 	EXP 	fade_in_text: autoDraw = True
41.0590 	EXP 	fade_in_text: autoDraw = True
41.0757 	EXP 	fade_in_text: autoDraw = True
41.0924 	EXP 	fade_in_text: autoDraw = True
41.1090 	EXP 	fade_in_text: autoDraw = True
41.1257 	EXP 	fade_in_text: autoDraw = True
41.1427 	EXP 	fade_in_text: autoDraw = True
41.1590 	EXP 	fade_in_text: autoDraw = True
41.1757 	EXP 	fade_in_text: autoDraw = True
41.1924 	EXP 	fade_in_text: autoDraw = True
41.2090 	EXP 	fade_in_text: autoDraw = True
41.2257 	EXP 	fade_in_text: autoDraw = True
41.2425 	EXP 	fade_in_text: autoDraw = True
41.2590 	EXP 	fade_in_text: autoDraw = True
41.2757 	EXP 	fade_in_text: autoDraw = True
41.2924 	EXP 	fade_in_text: autoDraw = True
41.3090 	EXP 	fade_in_text: autoDraw = True
41.3257 	EXP 	fade_in_text: autoDraw = True
41.3423 	EXP 	fade_in_text: autoDraw = True
41.3590 	EXP 	fade_in_text: autoDraw = True
41.3757 	EXP 	fade_in_text: autoDraw = True
41.3924 	EXP 	fade_in_text: autoDraw = True
41.4090 	EXP 	fade_in_text: autoDraw = True
41.4257 	EXP 	fade_in_text: autoDraw = True
41.4424 	EXP 	fade_in_text: autoDraw = True
41.4590 	EXP 	fade_in_text: autoDraw = True
41.4757 	EXP 	fade_in_text: autoDraw = True
41.4924 	EXP 	fade_in_text: autoDraw = True
41.5090 	EXP 	fade_in_text: autoDraw = True
41.5259 	EXP 	fade_in_text: autoDraw = True
41.5423 	EXP 	fade_in_text: autoDraw = True
41.5590 	EXP 	fade_in_text: autoDraw = True
41.5757 	EXP 	fade_in_text: autoDraw = True
41.5924 	EXP 	fade_in_text: autoDraw = True
41.6090 	EXP 	fade_in_text: autoDraw = True
41.6259 	EXP 	fade_in_text: autoDraw = True
41.6424 	EXP 	fade_in_text: autoDraw = True
41.6590 	EXP 	fade_in_text: autoDraw = True
41.6756 	EXP 	fade_in_text: autoDraw = True
41.6924 	EXP 	fade_in_text: autoDraw = True
41.7090 	EXP 	fade_in_text: autoDraw = True
41.7259 	EXP 	fade_in_text: autoDraw = True
41.7424 	EXP 	fade_in_text: autoDraw = True
41.7591 	EXP 	fade_in_text: autoDraw = True
41.7757 	EXP 	fade_in_text: autoDraw = True
41.7924 	EXP 	fade_in_text: autoDraw = True
41.8090 	EXP 	fade_in_text: autoDraw = True
41.8259 	EXP 	fade_in_text: autoDraw = True
41.8424 	EXP 	fade_in_text: autoDraw = True
41.8591 	EXP 	fade_in_text: autoDraw = True
41.8757 	EXP 	fade_in_text: autoDraw = True
41.8924 	EXP 	fade_in_text: autoDraw = True
41.9090 	EXP 	fade_in_text: autoDraw = True
41.9256 	EXP 	fade_in_text: autoDraw = True
41.9423 	EXP 	fade_in_text: autoDraw = True
41.9591 	EXP 	fade_in_text: autoDraw = True
41.9757 	EXP 	fade_in_text: autoDraw = True
41.9924 	EXP 	fade_in_text: autoDraw = True
42.0091 	EXP 	fade_in_text: autoDraw = True
42.0256 	EXP 	fade_in_text: autoDraw = True
42.0424 	EXP 	fade_in_text: autoDraw = True
42.0591 	EXP 	fade_in_text: autoDraw = True
42.0757 	EXP 	fade_in_text: autoDraw = True
42.0924 	EXP 	fade_in_text: autoDraw = True
42.1090 	EXP 	fade_in_text: autoDraw = True
42.1256 	EXP 	fade_in_text: autoDraw = True
42.1424 	EXP 	fade_in_text: autoDraw = True
42.1591 	EXP 	fade_in_text: autoDraw = True
42.1757 	EXP 	fade_in_text: autoDraw = True
42.1924 	EXP 	fade_in_text: autoDraw = True
42.2093 	EXP 	fade_in_text: autoDraw = True
42.2257 	EXP 	fade_in_text: autoDraw = True
42.2425 	EXP 	fade_in_text: autoDraw = True
42.2591 	EXP 	fade_in_text: autoDraw = True
42.2758 	EXP 	fade_in_text: autoDraw = True
42.2924 	EXP 	fade_in_text: autoDraw = True
42.3093 	EXP 	fade_in_text: autoDraw = True
42.3257 	EXP 	fade_in_text: autoDraw = True
42.3424 	EXP 	fade_in_text: autoDraw = True
42.3591 	EXP 	fade_in_text: autoDraw = True
42.3757 	EXP 	fade_in_text: autoDraw = True
42.3924 	EXP 	fade_in_text: autoDraw = True
42.4093 	EXP 	fade_in_text: autoDraw = True
42.4257 	EXP 	fade_in_text: autoDraw = True
42.4424 	EXP 	fade_in_text: autoDraw = True
42.4591 	EXP 	fade_in_text: autoDraw = True
42.4758 	EXP 	fade_in_text: autoDraw = True
42.4924 	EXP 	fade_in_text: autoDraw = True
42.5093 	EXP 	fade_in_text: autoDraw = True
42.5257 	EXP 	fade_in_text: autoDraw = True
42.5424 	EXP 	fade_in_text: autoDraw = True
42.5591 	EXP 	fade_in_text: autoDraw = True
42.5758 	EXP 	fade_in_text: autoDraw = True
42.5925 	EXP 	fade_in_text: autoDraw = True
42.6090 	EXP 	fade_in_text: autoDraw = True
42.6257 	EXP 	fade_in_text: autoDraw = True
42.6425 	EXP 	fade_in_text: autoDraw = True
42.6593 	EXP 	fade_in_text: autoDraw = True
42.6759 	EXP 	fade_in_text: autoDraw = True
42.6925 	EXP 	fade_in_text: autoDraw = True
42.7090 	EXP 	fade_in_text: autoDraw = True
42.7257 	EXP 	fade_in_text: autoDraw = True
42.7424 	EXP 	fade_in_text: autoDraw = True
42.7592 	EXP 	fade_in_text: autoDraw = True
42.7758 	EXP 	fade_in_text: autoDraw = True
42.7924 	EXP 	fade_in_text: autoDraw = True
42.8090 	EXP 	fade_in_text: autoDraw = True
42.8258 	EXP 	fade_in_text: autoDraw = True
42.8424 	EXP 	fade_in_text: autoDraw = True
42.8592 	EXP 	fade_in_text: autoDraw = True
42.8758 	EXP 	fade_in_text: autoDraw = True
42.8926 	EXP 	fade_in_text: autoDraw = True
42.9090 	EXP 	fade_in_text: autoDraw = True
42.9258 	EXP 	fade_in_text: autoDraw = True
42.9424 	EXP 	fade_in_text: autoDraw = True
42.9591 	EXP 	fade_in_text: autoDraw = True
42.9758 	EXP 	fade_in_text: autoDraw = True
42.9926 	EXP 	fade_in_text: autoDraw = True
43.0090 	EXP 	fade_in_text: autoDraw = True
43.0258 	EXP 	fade_in_text: autoDraw = True
43.0425 	EXP 	fade_in_text: autoDraw = True
43.0591 	EXP 	fade_in_text: autoDraw = True
43.0758 	EXP 	fade_in_text: autoDraw = True
43.0927 	EXP 	fade_in_text: autoDraw = True
43.1092 	EXP 	fade_in_text: autoDraw = True
43.1258 	EXP 	fade_in_text: autoDraw = True
43.1424 	EXP 	fade_in_text: autoDraw = True
43.1591 	EXP 	fade_in_text: autoDraw = True
43.1758 	EXP 	fade_in_text: autoDraw = True
43.1926 	EXP 	fade_in_text: autoDraw = True
43.2090 	EXP 	fade_in_text: autoDraw = True
43.2258 	EXP 	fade_in_text: autoDraw = True
43.2425 	EXP 	fade_in_text: autoDraw = True
43.2591 	EXP 	fade_in_text: autoDraw = True
43.2758 	EXP 	fade_in_text: autoDraw = True
43.2924 	EXP 	fade_in_text: autoDraw = True
43.3090 	EXP 	fade_in_text: autoDraw = True
43.3258 	EXP 	fade_in_text: autoDraw = True
43.3425 	EXP 	fade_in_text: autoDraw = True
43.3591 	EXP 	fade_in_text: autoDraw = True
43.3758 	EXP 	fade_in_text: autoDraw = True
43.3924 	EXP 	fade_in_text: autoDraw = True
43.4090 	EXP 	fade_in_text: autoDraw = True
43.4258 	EXP 	fade_in_text: autoDraw = True
43.4425 	EXP 	fade_in_text: autoDraw = True
43.4591 	EXP 	fade_in_text: autoDraw = True
43.4760 	EXP 	fade_in_text: autoDraw = True
43.4924 	EXP 	fade_in_text: autoDraw = True
43.5091 	EXP 	fade_in_text: autoDraw = True
43.5259 	EXP 	fade_in_text: autoDraw = True
43.5425 	EXP 	fade_in_text: autoDraw = True
43.5591 	EXP 	fade_in_text: autoDraw = True
43.5760 	EXP 	fade_in_text: autoDraw = True
43.5924 	EXP 	fade_in_text: autoDraw = True
43.6091 	EXP 	fade_in_text: autoDraw = True
43.6259 	EXP 	fade_in_text: autoDraw = True
43.6425 	EXP 	fade_in_text: autoDraw = True
43.6592 	EXP 	fade_in_text: autoDraw = True
43.6760 	EXP 	fade_in_text: autoDraw = True
43.6924 	EXP 	fade_in_text: autoDraw = True
43.7091 	EXP 	fade_in_text: autoDraw = True
43.7258 	EXP 	fade_in_text: autoDraw = True
43.7425 	EXP 	fade_in_text: autoDraw = True
43.7591 	EXP 	fade_in_text: autoDraw = True
43.7761 	EXP 	fade_in_text: autoDraw = True
43.7925 	EXP 	fade_in_text: autoDraw = True
43.8091 	EXP 	fade_in_text: autoDraw = True
43.8258 	EXP 	fade_in_text: autoDraw = True
43.8425 	EXP 	fade_in_text: autoDraw = True
43.8592 	EXP 	fade_in_text: autoDraw = True
43.8759 	EXP 	fade_in_text: autoDraw = True
43.8925 	EXP 	fade_in_text: autoDraw = True
43.9092 	EXP 	fade_in_text: autoDraw = True
43.9260 	EXP 	fade_in_text: autoDraw = True
43.9425 	EXP 	fade_in_text: autoDraw = True
43.9592 	EXP 	fade_in_text: autoDraw = True
43.9758 	EXP 	fade_in_text: autoDraw = True
43.9924 	EXP 	fade_in_text: autoDraw = True
44.0092 	EXP 	fade_in_text: autoDraw = True
44.0258 	EXP 	fade_in_text: autoDraw = True
44.0425 	EXP 	fade_in_text: autoDraw = True
44.0592 	EXP 	fade_in_text: autoDraw = True
44.0758 	EXP 	fade_in_text: autoDraw = True
44.0924 	EXP 	fade_in_text: autoDraw = True
44.1092 	EXP 	fade_in_text: autoDraw = True
44.1260 	EXP 	fade_in_text: autoDraw = True
44.1425 	EXP 	fade_in_text: autoDraw = True
44.1593 	EXP 	fade_in_text: autoDraw = True
44.1758 	EXP 	fade_in_text: autoDraw = True
44.1925 	EXP 	fade_in_text: autoDraw = True
44.2092 	EXP 	fade_in_text: autoDraw = True
44.2260 	EXP 	fade_in_text: autoDraw = True
44.2425 	EXP 	fade_in_text: autoDraw = True
44.2594 	EXP 	fade_in_text: autoDraw = True
44.2758 	EXP 	fade_in_text: autoDraw = True
44.2925 	EXP 	fade_in_text: autoDraw = True
44.3092 	EXP 	fade_in_text: autoDraw = True
44.3258 	EXP 	fade_in_text: autoDraw = True
44.3425 	EXP 	fade_in_text: autoDraw = True
44.3594 	EXP 	fade_in_text: autoDraw = True
44.3758 	EXP 	fade_in_text: autoDraw = True
44.3925 	EXP 	fade_in_text: autoDraw = True
44.4092 	EXP 	fade_in_text: autoDraw = True
44.4260 	EXP 	fade_in_text: autoDraw = True
44.4426 	EXP 	fade_in_text: autoDraw = True
44.4595 	EXP 	fade_in_text: autoDraw = True
44.4758 	EXP 	fade_in_text: autoDraw = True
44.4925 	EXP 	fade_in_text: autoDraw = True
44.5092 	EXP 	fade_in_text: autoDraw = True
44.5259 	EXP 	fade_in_text: autoDraw = True
44.5426 	EXP 	fade_in_text: autoDraw = True
44.5593 	EXP 	fade_in_text: autoDraw = True
44.5759 	EXP 	fade_in_text: autoDraw = True
44.5925 	EXP 	fade_in_text: autoDraw = True
44.6092 	EXP 	fade_in_text: autoDraw = True
44.6259 	EXP 	fade_in_text: autoDraw = True
44.6425 	EXP 	fade_in_text: autoDraw = True
44.6592 	EXP 	fade_in_text: autoDraw = True
44.6759 	EXP 	fade_in_text: autoDraw = True
44.6925 	EXP 	fade_in_text: autoDraw = True
44.7092 	EXP 	fade_in_text: autoDraw = True
44.7259 	EXP 	fade_in_text: autoDraw = True
44.7425 	EXP 	fade_in_text: autoDraw = True
44.7591 	EXP 	fade_in_text: autoDraw = True
44.7759 	EXP 	fade_in_text: autoDraw = True
44.7925 	EXP 	fade_in_text: autoDraw = True
44.8092 	EXP 	fade_in_text: autoDraw = True
44.8259 	EXP 	fade_in_text: autoDraw = True
44.8427 	EXP 	fade_in_text: autoDraw = True
44.8592 	EXP 	fade_in_text: autoDraw = True
44.8760 	EXP 	fade_in_text: autoDraw = True
44.8926 	EXP 	fade_in_text: autoDraw = True
44.9092 	EXP 	fade_in_text: autoDraw = True
44.9259 	EXP 	fade_in_text: autoDraw = True
44.9428 	EXP 	fade_in_text: autoDraw = True
44.9591 	EXP 	fade_in_text: autoDraw = True
44.9759 	EXP 	fade_in_text: autoDraw = True
44.9925 	EXP 	fade_in_text: autoDraw = True
45.0092 	EXP 	fade_in_text: autoDraw = True
45.0259 	EXP 	fade_in_text: autoDraw = True
45.0427 	EXP 	fade_in_text: autoDraw = True
45.0592 	EXP 	fade_in_text: autoDraw = True
45.0759 	EXP 	fade_in_text: autoDraw = True
45.0925 	EXP 	fade_in_text: autoDraw = True
45.1092 	EXP 	fade_in_text: autoDraw = True
45.1259 	EXP 	fade_in_text: autoDraw = True
45.1427 	EXP 	fade_in_text: autoDraw = True
45.1591 	EXP 	fade_in_text: autoDraw = True
45.1759 	EXP 	fade_in_text: autoDraw = True
45.1926 	EXP 	fade_in_text: autoDraw = True
45.2092 	EXP 	fade_in_text: autoDraw = True
45.2259 	EXP 	fade_in_text: autoDraw = True
45.2425 	EXP 	fade_in_text: autoDraw = True
45.2592 	EXP 	fade_in_text: autoDraw = True
45.2759 	EXP 	fade_in_text: autoDraw = True
45.2926 	EXP 	fade_in_text: autoDraw = True
45.3092 	EXP 	fade_in_text: autoDraw = True
45.3259 	EXP 	fade_in_text: autoDraw = True
45.3425 	EXP 	fade_in_text: autoDraw = True
45.3592 	EXP 	fade_in_text: autoDraw = True
45.3759 	EXP 	fade_in_text: autoDraw = True
45.3926 	EXP 	fade_in_text: autoDraw = True
45.4092 	EXP 	fade_in_text: autoDraw = True
45.4259 	EXP 	fade_in_text: autoDraw = True
45.4425 	EXP 	fade_in_text: autoDraw = True
45.4592 	EXP 	fade_in_text: autoDraw = True
45.4759 	EXP 	fade_in_text: autoDraw = True
45.4926 	EXP 	fade_in_text: autoDraw = True
45.5092 	EXP 	fade_in_text: autoDraw = True
45.5260 	EXP 	fade_in_text: autoDraw = True
45.5425 	EXP 	fade_in_text: autoDraw = True
45.5592 	EXP 	fade_in_text: autoDraw = True
45.5761 	EXP 	fade_in_text: autoDraw = True
45.5926 	EXP 	fade_in_text: autoDraw = True
45.6092 	EXP 	fade_in_text: autoDraw = True
45.6261 	EXP 	fade_in_text: autoDraw = True
45.6425 	EXP 	fade_in_text: autoDraw = True
45.6593 	EXP 	fade_in_text: autoDraw = True
45.6759 	EXP 	fade_in_text: autoDraw = True
45.6926 	EXP 	fade_in_text: autoDraw = True
45.7092 	EXP 	fade_in_text: autoDraw = True
45.7262 	EXP 	fade_in_text: autoDraw = True
45.7426 	EXP 	fade_in_text: autoDraw = True
45.7593 	EXP 	fade_in_text: autoDraw = True
45.7759 	EXP 	fade_in_text: autoDraw = True
45.7926 	EXP 	fade_in_text: autoDraw = True
45.8092 	EXP 	fade_in_text: autoDraw = True
45.8261 	EXP 	fade_in_text: autoDraw = True
45.8425 	EXP 	fade_in_text: autoDraw = True
45.8593 	EXP 	fade_in_text: autoDraw = True
45.8761 	EXP 	fade_in_text: autoDraw = True
45.8926 	EXP 	fade_in_text: autoDraw = True
45.9093 	EXP 	fade_in_text: autoDraw = True
45.9259 	EXP 	fade_in_text: autoDraw = True
45.9425 	EXP 	fade_in_text: autoDraw = True
45.9593 	EXP 	fade_in_text: autoDraw = True
45.9759 	EXP 	fade_in_text: autoDraw = True
45.9926 	EXP 	fade_in_text: autoDraw = True
46.0093 	EXP 	fade_in_text: autoDraw = True
46.0258 	EXP 	fade_in_text: autoDraw = True
46.0425 	EXP 	fade_in_text: autoDraw = True
46.0593 	EXP 	fade_in_text: autoDraw = True
46.0759 	EXP 	fade_in_text: autoDraw = True
46.0926 	EXP 	fade_in_text: autoDraw = True
46.1093 	EXP 	fade_in_text: autoDraw = True
46.1259 	EXP 	fade_in_text: autoDraw = True
46.1426 	EXP 	fade_in_text: autoDraw = True
46.1593 	EXP 	fade_in_text: autoDraw = True
46.1760 	EXP 	fade_in_text: autoDraw = True
46.1926 	EXP 	fade_in_text: autoDraw = True
46.2095 	EXP 	fade_in_text: autoDraw = True
46.2259 	EXP 	fade_in_text: autoDraw = True
46.2426 	EXP 	fade_in_text: autoDraw = True
46.2593 	EXP 	fade_in_text: autoDraw = True
46.2761 	EXP 	fade_in_text: autoDraw = True
46.2926 	EXP 	fade_in_text: autoDraw = True
46.3095 	EXP 	fade_in_text: autoDraw = True
46.3259 	EXP 	fade_in_text: autoDraw = True
46.3426 	EXP 	fade_in_text: autoDraw = True
46.3593 	EXP 	fade_in_text: autoDraw = True
46.3761 	EXP 	fade_in_text: autoDraw = True
46.3926 	EXP 	fade_in_text: autoDraw = True
46.4095 	EXP 	fade_in_text: autoDraw = True
46.4259 	EXP 	fade_in_text: autoDraw = True
46.4426 	EXP 	fade_in_text: autoDraw = True
46.4593 	EXP 	fade_in_text: autoDraw = True
46.4760 	EXP 	fade_in_text: autoDraw = True
46.4926 	EXP 	fade_in_text: autoDraw = True
46.5094 	EXP 	fade_in_text: autoDraw = True
46.5259 	EXP 	fade_in_text: autoDraw = True
46.5426 	EXP 	fade_in_text: autoDraw = True
46.5593 	EXP 	fade_in_text: autoDraw = True
46.5760 	EXP 	fade_in_text: autoDraw = True
46.5926 	EXP 	fade_in_text: autoDraw = True
46.6093 	EXP 	fade_in_text: autoDraw = True
46.6259 	EXP 	fade_in_text: autoDraw = True
46.6426 	EXP 	fade_in_text: autoDraw = True
46.6593 	EXP 	fade_in_text: autoDraw = True
46.6760 	EXP 	fade_in_text: autoDraw = True
46.6926 	EXP 	fade_in_text: autoDraw = True
46.7092 	EXP 	fade_in_text: autoDraw = True
46.7259 	EXP 	fade_in_text: autoDraw = True
46.7426 	EXP 	fade_in_text: autoDraw = True
46.7593 	EXP 	fade_in_text: autoDraw = True
46.7760 	EXP 	fade_in_text: autoDraw = True
46.7926 	EXP 	fade_in_text: autoDraw = True
46.8092 	EXP 	fade_in_text: autoDraw = True
46.8260 	EXP 	fade_in_text: autoDraw = True
46.8426 	EXP 	fade_in_text: autoDraw = True
46.8593 	EXP 	fade_in_text: autoDraw = True
46.8760 	EXP 	fade_in_text: autoDraw = True
46.8928 	EXP 	fade_in_text: autoDraw = True
46.9092 	EXP 	fade_in_text: autoDraw = True
46.9260 	EXP 	fade_in_text: autoDraw = True
46.9426 	EXP 	fade_in_text: autoDraw = True
46.9593 	EXP 	fade_in_text: autoDraw = True
46.9760 	EXP 	fade_in_text: autoDraw = True
46.9929 	EXP 	fade_in_text: autoDraw = True
47.0092 	EXP 	fade_in_text: autoDraw = True
47.0260 	EXP 	fade_in_text: autoDraw = True
47.0426 	EXP 	fade_in_text: autoDraw = True
47.0593 	EXP 	fade_in_text: autoDraw = True
47.0760 	EXP 	fade_in_text: autoDraw = True
47.0929 	EXP 	fade_in_text: autoDraw = True
47.1093 	EXP 	fade_in_text: autoDraw = True
47.1260 	EXP 	fade_in_text: autoDraw = True
47.1427 	EXP 	fade_in_text: autoDraw = True
47.1593 	EXP 	fade_in_text: autoDraw = True
47.1760 	EXP 	fade_in_text: autoDraw = True
47.1929 	EXP 	fade_in_text: autoDraw = True
47.2093 	EXP 	fade_in_text: autoDraw = True
47.2260 	EXP 	fade_in_text: autoDraw = True
47.2427 	EXP 	fade_in_text: autoDraw = True
47.2593 	EXP 	fade_in_text: autoDraw = True
47.2760 	EXP 	fade_in_text: autoDraw = True
47.2927 	EXP 	fade_in_text: autoDraw = True
47.3092 	EXP 	fade_in_text: autoDraw = True
47.3260 	EXP 	fade_in_text: autoDraw = True
47.3427 	EXP 	fade_in_text: autoDraw = True
47.3593 	EXP 	fade_in_text: autoDraw = True
47.3760 	EXP 	fade_in_text: autoDraw = True
47.3927 	EXP 	fade_in_text: autoDraw = True
47.4093 	EXP 	fade_in_text: autoDraw = True
47.4260 	EXP 	fade_in_text: autoDraw = True
47.4427 	EXP 	fade_in_text: autoDraw = True
47.4593 	EXP 	fade_in_text: autoDraw = True
47.4762 	EXP 	fade_in_text: autoDraw = True
47.4927 	EXP 	fade_in_text: autoDraw = True
47.5093 	EXP 	fade_in_text: autoDraw = True
47.5260 	EXP 	fade_in_text: autoDraw = True
47.5427 	EXP 	fade_in_text: autoDraw = True
47.5593 	EXP 	fade_in_text: autoDraw = True
47.5762 	EXP 	fade_in_text: autoDraw = True
47.5927 	EXP 	fade_in_text: autoDraw = True
47.6093 	EXP 	fade_in_text: autoDraw = True
47.6260 	EXP 	fade_in_text: autoDraw = True
47.6427 	EXP 	fade_in_text: autoDraw = True
47.6593 	EXP 	fade_in_text: autoDraw = True
47.6762 	EXP 	fade_in_text: autoDraw = True
47.6927 	EXP 	fade_in_text: autoDraw = True
47.7094 	EXP 	fade_in_text: autoDraw = True
47.7260 	EXP 	fade_in_text: autoDraw = True
47.7427 	EXP 	fade_in_text: autoDraw = True
47.7594 	EXP 	fade_in_text: autoDraw = True
47.7762 	EXP 	fade_in_text: autoDraw = True
47.7927 	EXP 	fade_in_text: autoDraw = True
47.8093 	EXP 	fade_in_text: autoDraw = True
47.8260 	EXP 	fade_in_text: autoDraw = True
47.8427 	EXP 	fade_in_text: autoDraw = True
47.8594 	EXP 	fade_in_text: autoDraw = True
47.8760 	EXP 	fade_in_text: autoDraw = True
47.8927 	EXP 	fade_in_text: autoDraw = True
47.9094 	EXP 	fade_in_text: autoDraw = True
47.9260 	EXP 	fade_in_text: autoDraw = True
47.9427 	EXP 	fade_in_text: autoDraw = True
47.9594 	EXP 	fade_in_text: autoDraw = True
47.9759 	EXP 	fade_in_text: autoDraw = True
47.9927 	EXP 	fade_in_text: autoDraw = True
48.0094 	EXP 	fade_in_text: autoDraw = True
48.0260 	EXP 	fade_in_text: autoDraw = True
48.0427 	EXP 	fade_in_text: autoDraw = True
48.0594 	EXP 	fade_in_text: autoDraw = True
48.0760 	EXP 	fade_in_text: autoDraw = True
48.0927 	EXP 	fade_in_text: autoDraw = True
48.1094 	EXP 	fade_in_text: autoDraw = True
48.1260 	EXP 	fade_in_text: autoDraw = True
48.1427 	EXP 	fade_in_text: autoDraw = True
48.1595 	EXP 	fade_in_text: autoDraw = True
48.1760 	EXP 	fade_in_text: autoDraw = True
48.1927 	EXP 	fade_in_text: autoDraw = True
48.2094 	EXP 	fade_in_text: autoDraw = True
48.2260 	EXP 	fade_in_text: autoDraw = True
48.2427 	EXP 	fade_in_text: autoDraw = True
48.2595 	EXP 	fade_in_text: autoDraw = True
48.2761 	EXP 	fade_in_text: autoDraw = True
48.2927 	EXP 	fade_in_text: autoDraw = True
48.3094 	EXP 	fade_in_text: autoDraw = True
48.3260 	EXP 	fade_in_text: autoDraw = True
48.3427 	EXP 	fade_in_text: autoDraw = True
48.3597 	EXP 	fade_in_text: autoDraw = True
48.3760 	EXP 	fade_in_text: autoDraw = True
48.3927 	EXP 	fade_in_text: autoDraw = True
48.4094 	EXP 	fade_in_text: autoDraw = True
48.4261 	EXP 	fade_in_text: autoDraw = True
48.4427 	EXP 	fade_in_text: autoDraw = True
48.4596 	EXP 	fade_in_text: autoDraw = True
48.4761 	EXP 	fade_in_text: autoDraw = True
48.4927 	EXP 	fade_in_text: autoDraw = True
48.5094 	EXP 	fade_in_text: autoDraw = True
48.5261 	EXP 	fade_in_text: autoDraw = True
48.5427 	EXP 	fade_in_text: autoDraw = True
48.5593 	EXP 	fade_in_text: autoDraw = True
48.5760 	EXP 	fade_in_text: autoDraw = True
48.5927 	EXP 	fade_in_text: autoDraw = True
48.6094 	EXP 	fade_in_text: autoDraw = True
48.6261 	EXP 	fade_in_text: autoDraw = True
48.6427 	EXP 	fade_in_text: autoDraw = True
48.6593 	EXP 	fade_in_text: autoDraw = True
48.6761 	EXP 	fade_in_text: autoDraw = True
48.6928 	EXP 	fade_in_text: autoDraw = True
48.7094 	EXP 	fade_in_text: autoDraw = True
48.7261 	EXP 	fade_in_text: autoDraw = True
48.7429 	EXP 	fade_in_text: autoDraw = True
48.7593 	EXP 	fade_in_text: autoDraw = True
48.7761 	EXP 	fade_in_text: autoDraw = True
48.7927 	EXP 	fade_in_text: autoDraw = True
48.8094 	EXP 	fade_in_text: autoDraw = True
48.8261 	EXP 	fade_in_text: autoDraw = True
48.8429 	EXP 	fade_in_text: autoDraw = True
48.8593 	EXP 	fade_in_text: autoDraw = True
48.8761 	EXP 	fade_in_text: autoDraw = True
48.8928 	EXP 	fade_in_text: autoDraw = True
48.9094 	EXP 	fade_in_text: autoDraw = True
48.9261 	EXP 	fade_in_text: autoDraw = True
48.9429 	EXP 	fade_in_text: autoDraw = True
48.9594 	EXP 	fade_in_text: autoDraw = True
48.9761 	EXP 	fade_in_text: autoDraw = True
48.9928 	EXP 	fade_in_text: autoDraw = True
49.0094 	EXP 	fade_in_text: autoDraw = True
49.0261 	EXP 	fade_in_text: autoDraw = True
49.0429 	EXP 	fade_in_text: autoDraw = True
49.0593 	EXP 	fade_in_text: autoDraw = True
49.0761 	EXP 	fade_in_text: autoDraw = True
49.0928 	EXP 	fade_in_text: autoDraw = True
49.1094 	EXP 	fade_in_text: autoDraw = True
49.1261 	EXP 	fade_in_text: autoDraw = True
49.1429 	EXP 	fade_in_text: autoDraw = True
49.1593 	EXP 	fade_in_text: autoDraw = True
49.1761 	EXP 	fade_in_text: autoDraw = True
49.1928 	EXP 	fade_in_text: autoDraw = True
49.2094 	EXP 	fade_in_text: autoDraw = True
49.2261 	EXP 	fade_in_text: autoDraw = True
49.2427 	EXP 	fade_in_text: autoDraw = True
49.2593 	EXP 	fade_in_text: autoDraw = True
49.2761 	EXP 	fade_in_text: autoDraw = True
49.2928 	EXP 	fade_in_text: autoDraw = True
49.3094 	EXP 	fade_in_text: autoDraw = True
49.3261 	EXP 	fade_in_text: autoDraw = True
49.3427 	EXP 	fade_in_text: autoDraw = True
49.3594 	EXP 	fade_in_text: autoDraw = True
49.3761 	EXP 	fade_in_text: autoDraw = True
49.3928 	EXP 	fade_in_text: autoDraw = True
49.4094 	EXP 	fade_in_text: autoDraw = True
49.4263 	EXP 	fade_in_text: autoDraw = True
49.4427 	EXP 	fade_in_text: autoDraw = True
49.4595 	EXP 	fade_in_text: autoDraw = True
49.4761 	EXP 	fade_in_text: autoDraw = True
49.4928 	EXP 	fade_in_text: autoDraw = True
49.5094 	EXP 	fade_in_text: autoDraw = True
49.5263 	EXP 	fade_in_text: autoDraw = True
49.5427 	EXP 	fade_in_text: autoDraw = True
49.5595 	EXP 	fade_in_text: autoDraw = True
49.5761 	EXP 	fade_in_text: autoDraw = True
49.5928 	EXP 	fade_in_text: autoDraw = True
49.6094 	EXP 	fade_in_text: autoDraw = True
49.6263 	EXP 	fade_in_text: autoDraw = True
49.6427 	EXP 	fade_in_text: autoDraw = True
49.6595 	EXP 	fade_in_text: autoDraw = True
49.6761 	EXP 	fade_in_text: autoDraw = True
49.6929 	EXP 	fade_in_text: autoDraw = True
49.7095 	EXP 	fade_in_text: autoDraw = True
49.7263 	EXP 	fade_in_text: autoDraw = True
49.7427 	EXP 	fade_in_text: autoDraw = True
49.7595 	EXP 	fade_in_text: autoDraw = True
49.7761 	EXP 	fade_in_text: autoDraw = True
49.7930 	EXP 	fade_in_text: autoDraw = True
49.8094 	EXP 	fade_in_text: autoDraw = True
49.8261 	EXP 	fade_in_text: autoDraw = True
49.8427 	EXP 	fade_in_text: autoDraw = True
49.8595 	EXP 	fade_in_text: autoDraw = True
49.8763 	EXP 	fade_in_text: autoDraw = True
49.8928 	EXP 	fade_in_text: autoDraw = True
49.9095 	EXP 	fade_in_text: autoDraw = True
49.9261 	EXP 	fade_in_text: autoDraw = True
49.9427 	EXP 	fade_in_text: autoDraw = True
49.9595 	EXP 	fade_in_text: autoDraw = True
49.9762 	EXP 	fade_in_text: autoDraw = True
49.9928 	EXP 	fade_in_text: autoDraw = True
50.0095 	EXP 	fade_in_text: autoDraw = True
50.0260 	EXP 	fade_in_text: autoDraw = True
50.0428 	EXP 	fade_in_text: autoDraw = True
50.0595 	EXP 	fade_in_text: autoDraw = True
50.0762 	EXP 	fade_in_text: autoDraw = True
50.0928 	EXP 	fade_in_text: autoDraw = True
50.1097 	EXP 	fade_in_text: autoDraw = True
50.1261 	EXP 	fade_in_text: autoDraw = True
50.1428 	EXP 	fade_in_text: autoDraw = True
50.1595 	EXP 	fade_in_text: autoDraw = True
50.1761 	EXP 	fade_in_text: autoDraw = True
50.1928 	EXP 	fade_in_text: autoDraw = True
50.2097 	EXP 	fade_in_text: autoDraw = True
50.2261 	EXP 	fade_in_text: autoDraw = True
50.2428 	EXP 	fade_in_text: autoDraw = True
50.2595 	EXP 	fade_in_text: autoDraw = True
50.2762 	EXP 	fade_in_text: autoDraw = True
50.2928 	EXP 	fade_in_text: autoDraw = True
50.3097 	EXP 	fade_in_text: autoDraw = True
50.3261 	EXP 	fade_in_text: autoDraw = True
50.3428 	EXP 	fade_in_text: autoDraw = True
50.3595 	EXP 	fade_in_text: autoDraw = True
50.3762 	EXP 	fade_in_text: autoDraw = True
50.3928 	EXP 	fade_in_text: autoDraw = True
50.4098 	EXP 	fade_in_text: autoDraw = True
50.4261 	EXP 	fade_in_text: autoDraw = True
50.4428 	EXP 	fade_in_text: autoDraw = True
50.4595 	EXP 	fade_in_text: autoDraw = True
50.4762 	EXP 	fade_in_text: autoDraw = True
50.4928 	EXP 	fade_in_text: autoDraw = True
50.5095 	EXP 	fade_in_text: autoDraw = True
50.5261 	EXP 	fade_in_text: autoDraw = True
50.5428 	EXP 	fade_in_text: autoDraw = True
50.5595 	EXP 	fade_in_text: autoDraw = True
50.5762 	EXP 	fade_in_text: autoDraw = True
50.5928 	EXP 	fade_in_text: autoDraw = True
50.6095 	EXP 	fade_in_text: autoDraw = True
50.6261 	EXP 	fade_in_text: autoDraw = True
50.6428 	EXP 	fade_in_text: autoDraw = True
50.6595 	EXP 	fade_in_text: autoDraw = True
50.6762 	EXP 	fade_in_text: autoDraw = True
50.6929 	EXP 	fade_in_text: autoDraw = True
50.7095 	EXP 	fade_in_text: autoDraw = True
50.7262 	EXP 	fade_in_text: autoDraw = True
50.7428 	EXP 	fade_in_text: autoDraw = True
50.7595 	EXP 	fade_in_text: autoDraw = True
50.7762 	EXP 	fade_in_text: autoDraw = True
50.7930 	EXP 	fade_in_text: autoDraw = True
50.8095 	EXP 	fade_in_text: autoDraw = True
50.8262 	EXP 	fade_in_text: autoDraw = True
50.8428 	EXP 	fade_in_text: autoDraw = True
50.8595 	EXP 	fade_in_text: autoDraw = True
50.8762 	EXP 	fade_in_text: autoDraw = True
50.8930 	EXP 	fade_in_text: autoDraw = True
50.9095 	EXP 	fade_in_text: autoDraw = True
50.9262 	EXP 	fade_in_text: autoDraw = True
50.9429 	EXP 	fade_in_text: autoDraw = True
50.9595 	EXP 	fade_in_text: autoDraw = True
50.9762 	EXP 	fade_in_text: autoDraw = True
50.9931 	EXP 	fade_in_text: autoDraw = True
51.0095 	EXP 	fade_in_text: autoDraw = True
51.0262 	EXP 	fade_in_text: autoDraw = True
51.0428 	EXP 	fade_in_text: autoDraw = True
51.0595 	EXP 	fade_in_text: autoDraw = True
51.0762 	EXP 	fade_in_text: autoDraw = True
51.0931 	EXP 	fade_in_text: autoDraw = True
51.1095 	EXP 	fade_in_text: autoDraw = True
51.1262 	EXP 	fade_in_text: autoDraw = True
51.1429 	EXP 	fade_in_text: autoDraw = True
51.1595 	EXP 	fade_in_text: autoDraw = True
51.1762 	EXP 	fade_in_text: autoDraw = True
51.1928 	EXP 	fade_in_text: autoDraw = True
51.2095 	EXP 	fade_in_text: autoDraw = True
51.2262 	EXP 	fade_in_text: autoDraw = True
51.2429 	EXP 	fade_in_text: autoDraw = True
51.2595 	EXP 	fade_in_text: autoDraw = True
51.2762 	EXP 	fade_in_text: autoDraw = True
51.2929 	EXP 	fade_in_text: autoDraw = True
51.3095 	EXP 	fade_in_text: autoDraw = True
51.3262 	EXP 	fade_in_text: autoDraw = True
51.3429 	EXP 	fade_in_text: autoDraw = True
51.3595 	EXP 	fade_in_text: autoDraw = True
51.3764 	EXP 	fade_in_text: autoDraw = True
51.3928 	EXP 	fade_in_text: autoDraw = True
51.4095 	EXP 	fade_in_text: autoDraw = True
51.4262 	EXP 	fade_in_text: autoDraw = True
51.4429 	EXP 	fade_in_text: autoDraw = True
51.4595 	EXP 	fade_in_text: autoDraw = True
51.4764 	EXP 	fade_in_text: autoDraw = True
51.4929 	EXP 	fade_in_text: autoDraw = True
51.5096 	EXP 	fade_in_text: autoDraw = True
51.5262 	EXP 	fade_in_text: autoDraw = True
51.5429 	EXP 	fade_in_text: autoDraw = True
51.5596 	EXP 	fade_in_text: autoDraw = True
51.5764 	EXP 	fade_in_text: autoDraw = True
51.5929 	EXP 	fade_in_text: autoDraw = True
51.6096 	EXP 	fade_in_text: autoDraw = True
51.6262 	EXP 	fade_in_text: autoDraw = True
51.6429 	EXP 	fade_in_text: autoDraw = True
51.6596 	EXP 	fade_in_text: autoDraw = True
51.6764 	EXP 	fade_in_text: autoDraw = True
51.6929 	EXP 	fade_in_text: autoDraw = True
51.7096 	EXP 	fade_in_text: autoDraw = True
51.7262 	EXP 	fade_in_text: autoDraw = True
51.7429 	EXP 	fade_in_text: autoDraw = True
51.7596 	EXP 	fade_in_text: autoDraw = True
51.7762 	EXP 	fade_in_text: autoDraw = True
51.7928 	EXP 	fade_in_text: autoDraw = True
51.8096 	EXP 	fade_in_text: autoDraw = True
51.8262 	EXP 	fade_in_text: autoDraw = True
51.8429 	EXP 	fade_in_text: autoDraw = True
51.8596 	EXP 	fade_in_text: autoDraw = True
51.8762 	EXP 	fade_in_text: autoDraw = True
51.8929 	EXP 	fade_in_text: autoDraw = True
51.9096 	EXP 	fade_in_text: autoDraw = True
51.9262 	EXP 	fade_in_text: autoDraw = True
51.9429 	EXP 	fade_in_text: autoDraw = True
51.9597 	EXP 	fade_in_text: autoDraw = True
51.9762 	EXP 	fade_in_text: autoDraw = True
51.9929 	EXP 	fade_in_text: autoDraw = True
52.0096 	EXP 	fade_in_text: autoDraw = True
52.0262 	EXP 	fade_in_text: autoDraw = True
52.0429 	EXP 	fade_in_text: autoDraw = True
52.0598 	EXP 	fade_in_text: autoDraw = True
52.0762 	EXP 	fade_in_text: autoDraw = True
52.0929 	EXP 	fade_in_text: autoDraw = True
52.1096 	EXP 	fade_in_text: autoDraw = True
52.1262 	EXP 	fade_in_text: autoDraw = True
52.1429 	EXP 	fade_in_text: autoDraw = True
52.1597 	EXP 	fade_in_text: autoDraw = True
52.1762 	EXP 	fade_in_text: autoDraw = True
52.1929 	EXP 	fade_in_text: autoDraw = True
52.2096 	EXP 	fade_in_text: autoDraw = True
52.2263 	EXP 	fade_in_text: autoDraw = True
52.2429 	EXP 	fade_in_text: autoDraw = True
52.2598 	EXP 	fade_in_text: autoDraw = True
52.2763 	EXP 	fade_in_text: autoDraw = True
52.2929 	EXP 	fade_in_text: autoDraw = True
52.3096 	EXP 	fade_in_text: autoDraw = True
52.3263 	EXP 	fade_in_text: autoDraw = True
52.3429 	EXP 	fade_in_text: autoDraw = True
52.3598 	EXP 	fade_in_text: autoDraw = True
52.3762 	EXP 	fade_in_text: autoDraw = True
52.3929 	EXP 	fade_in_text: autoDraw = True
52.4096 	EXP 	fade_in_text: autoDraw = True
52.4263 	EXP 	fade_in_text: autoDraw = True
52.4429 	EXP 	fade_in_text: autoDraw = True
52.4595 	EXP 	fade_in_text: autoDraw = True
52.4762 	EXP 	fade_in_text: autoDraw = True
52.4929 	EXP 	fade_in_text: autoDraw = True
52.5096 	EXP 	fade_in_text: autoDraw = True
52.5263 	EXP 	fade_in_text: autoDraw = True
52.5429 	EXP 	fade_in_text: autoDraw = True
52.5595 	EXP 	fade_in_text: autoDraw = True
52.5762 	EXP 	fade_in_text: autoDraw = True
52.5929 	EXP 	fade_in_text: autoDraw = True
52.6096 	EXP 	fade_in_text: autoDraw = True
52.6263 	EXP 	fade_in_text: autoDraw = True
52.6431 	EXP 	fade_in_text: autoDraw = True
52.6595 	EXP 	fade_in_text: autoDraw = True
52.6763 	EXP 	fade_in_text: autoDraw = True
52.6930 	EXP 	fade_in_text: autoDraw = True
52.7096 	EXP 	fade_in_text: autoDraw = True
52.7263 	EXP 	fade_in_text: autoDraw = True
52.7431 	EXP 	fade_in_text: autoDraw = True
52.7595 	EXP 	fade_in_text: autoDraw = True
52.7763 	EXP 	fade_in_text: autoDraw = True
52.7929 	EXP 	fade_in_text: autoDraw = True
52.8096 	EXP 	fade_in_text: autoDraw = True
52.8263 	EXP 	fade_in_text: autoDraw = True
52.8430 	EXP 	fade_in_text: autoDraw = True
52.8596 	EXP 	fade_in_text: autoDraw = True
52.8763 	EXP 	fade_in_text: autoDraw = True
52.8930 	EXP 	fade_in_text: autoDraw = True
52.9096 	EXP 	fade_in_text: autoDraw = True
52.9263 	EXP 	fade_in_text: autoDraw = True
52.9432 	EXP 	fade_in_text: autoDraw = True
52.9595 	EXP 	fade_in_text: autoDraw = True
52.9763 	EXP 	fade_in_text: autoDraw = True
52.9930 	EXP 	fade_in_text: autoDraw = True
53.0096 	EXP 	fade_in_text: autoDraw = True
53.0263 	EXP 	fade_in_text: autoDraw = True
53.0431 	EXP 	fade_in_text: autoDraw = True
53.0596 	EXP 	fade_in_text: autoDraw = True
53.0763 	EXP 	fade_in_text: autoDraw = True
53.0930 	EXP 	fade_in_text: autoDraw = True
53.1097 	EXP 	fade_in_text: autoDraw = True
53.1263 	EXP 	fade_in_text: autoDraw = True
53.1429 	EXP 	fade_in_text: autoDraw = True
53.1596 	EXP 	fade_in_text: autoDraw = True
53.1763 	EXP 	fade_in_text: autoDraw = True
53.1930 	EXP 	fade_in_text: autoDraw = True
53.2098 	EXP 	fade_in_text: autoDraw = True
53.2263 	EXP 	fade_in_text: autoDraw = True
53.2429 	EXP 	fade_in_text: autoDraw = True
53.2596 	EXP 	fade_in_text: autoDraw = True
53.2763 	EXP 	fade_in_text: autoDraw = True
53.2930 	EXP 	fade_in_text: autoDraw = True
53.3098 	EXP 	fade_in_text: autoDraw = True
53.3264 	EXP 	fade_in_text: autoDraw = True
53.3429 	EXP 	fade_in_text: autoDraw = True
53.3597 	EXP 	fade_in_text: autoDraw = True
53.3763 	EXP 	fade_in_text: autoDraw = True
53.3930 	EXP 	fade_in_text: autoDraw = True
53.4097 	EXP 	fade_in_text: autoDraw = True
53.4265 	EXP 	fade_in_text: autoDraw = True
53.4429 	EXP 	fade_in_text: autoDraw = True
53.4597 	EXP 	fade_in_text: autoDraw = True
53.4763 	EXP 	fade_in_text: autoDraw = True
53.4931 	EXP 	fade_in_text: autoDraw = True
53.5097 	EXP 	fade_in_text: autoDraw = True
53.5265 	EXP 	fade_in_text: autoDraw = True
53.5429 	EXP 	fade_in_text: autoDraw = True
53.5597 	EXP 	fade_in_text: autoDraw = True
53.5763 	EXP 	fade_in_text: autoDraw = True
53.5930 	EXP 	fade_in_text: autoDraw = True
53.6097 	EXP 	fade_in_text: autoDraw = True
53.6265 	EXP 	fade_in_text: autoDraw = True
53.6429 	EXP 	fade_in_text: autoDraw = True
53.6597 	EXP 	fade_in_text: autoDraw = True
53.6763 	EXP 	fade_in_text: autoDraw = True
53.6930 	EXP 	fade_in_text: autoDraw = True
53.7097 	EXP 	fade_in_text: autoDraw = True
53.7264 	EXP 	fade_in_text: autoDraw = True
53.7429 	EXP 	fade_in_text: autoDraw = True
53.7597 	EXP 	fade_in_text: autoDraw = True
53.7764 	EXP 	fade_in_text: autoDraw = True
53.7930 	EXP 	fade_in_text: autoDraw = True
53.8097 	EXP 	fade_in_text: autoDraw = True
53.8263 	EXP 	fade_in_text: autoDraw = True
53.8429 	EXP 	fade_in_text: autoDraw = True
53.8597 	EXP 	fade_in_text: autoDraw = True
53.8764 	EXP 	fade_in_text: autoDraw = True
53.8930 	EXP 	fade_in_text: autoDraw = True
53.9097 	EXP 	fade_in_text: autoDraw = True
53.9263 	EXP 	fade_in_text: autoDraw = True
53.9430 	EXP 	fade_in_text: autoDraw = True
53.9597 	EXP 	fade_in_text: autoDraw = True
53.9764 	EXP 	fade_in_text: autoDraw = True
53.9930 	EXP 	fade_in_text: autoDraw = True
54.0098 	EXP 	fade_in_text: autoDraw = True
54.0263 	EXP 	fade_in_text: autoDraw = True
54.0430 	EXP 	fade_in_text: autoDraw = True
54.0597 	EXP 	fade_in_text: autoDraw = True
54.0764 	EXP 	fade_in_text: autoDraw = True
54.0930 	EXP 	fade_in_text: autoDraw = True
54.1099 	EXP 	fade_in_text: autoDraw = True
54.1263 	EXP 	fade_in_text: autoDraw = True
54.1430 	EXP 	fade_in_text: autoDraw = True
54.1597 	EXP 	fade_in_text: autoDraw = True
54.1764 	EXP 	fade_in_text: autoDraw = True
54.1930 	EXP 	fade_in_text: autoDraw = True
54.2099 	EXP 	fade_in_text: autoDraw = True
54.2264 	EXP 	fade_in_text: autoDraw = True
54.2430 	EXP 	fade_in_text: autoDraw = True
54.2597 	EXP 	fade_in_text: autoDraw = True
54.2764 	EXP 	fade_in_text: autoDraw = True
54.2930 	EXP 	fade_in_text: autoDraw = True
54.3100 	EXP 	fade_in_text: autoDraw = True
54.3264 	EXP 	fade_in_text: autoDraw = True
54.3430 	EXP 	fade_in_text: autoDraw = True
54.3597 	EXP 	fade_in_text: autoDraw = True
54.3764 	EXP 	fade_in_text: autoDraw = True
54.3930 	EXP 	fade_in_text: autoDraw = True
54.4096 	EXP 	fade_in_text: autoDraw = True
54.4264 	EXP 	fade_in_text: autoDraw = True
54.4430 	EXP 	fade_in_text: autoDraw = True
54.4597 	EXP 	fade_in_text: autoDraw = True
54.4764 	EXP 	fade_in_text: autoDraw = True
54.4930 	EXP 	fade_in_text: autoDraw = True
54.5097 	EXP 	fade_in_text: autoDraw = True
54.5264 	EXP 	fade_in_text: autoDraw = True
54.5430 	EXP 	fade_in_text: autoDraw = True
54.5597 	EXP 	fade_in_text: autoDraw = True
54.5764 	EXP 	fade_in_text: autoDraw = True
54.5930 	EXP 	fade_in_text: autoDraw = True
54.6096 	EXP 	fade_in_text: autoDraw = True
54.6264 	EXP 	fade_in_text: autoDraw = True
54.6430 	EXP 	fade_in_text: autoDraw = True
54.6597 	EXP 	fade_in_text: autoDraw = True
54.6764 	EXP 	fade_in_text: autoDraw = True
54.6932 	EXP 	fade_in_text: autoDraw = True
54.7097 	EXP 	fade_in_text: autoDraw = True
54.7264 	EXP 	fade_in_text: autoDraw = True
54.7431 	EXP 	fade_in_text: autoDraw = True
54.7597 	EXP 	fade_in_text: autoDraw = True
54.7764 	EXP 	fade_in_text: autoDraw = True
54.7932 	EXP 	fade_in_text: autoDraw = True
54.8096 	EXP 	fade_in_text: autoDraw = True
54.8264 	EXP 	fade_in_text: autoDraw = True
54.8431 	EXP 	fade_in_text: autoDraw = True
54.8597 	EXP 	fade_in_text: autoDraw = True
54.8764 	EXP 	fade_in_text: autoDraw = True
54.8932 	EXP 	fade_in_text: autoDraw = True
54.9097 	EXP 	fade_in_text: autoDraw = True
54.9264 	EXP 	fade_in_text: autoDraw = True
54.9431 	EXP 	fade_in_text: autoDraw = True
54.9597 	EXP 	fade_in_text: autoDraw = True
54.9764 	EXP 	fade_in_text: autoDraw = True
54.9932 	EXP 	fade_in_text: autoDraw = True
55.0098 	EXP 	fade_in_text: autoDraw = True
55.0264 	EXP 	fade_in_text: autoDraw = True
55.0431 	EXP 	fade_in_text: autoDraw = True
55.0597 	EXP 	fade_in_text: autoDraw = True
55.0764 	EXP 	fade_in_text: autoDraw = True
55.0932 	EXP 	fade_in_text: autoDraw = True
55.1097 	EXP 	fade_in_text: autoDraw = True
55.1264 	EXP 	fade_in_text: autoDraw = True
55.1431 	EXP 	fade_in_text: autoDraw = True
55.1597 	EXP 	fade_in_text: autoDraw = True
55.1764 	EXP 	fade_in_text: autoDraw = True
55.1930 	EXP 	fade_in_text: autoDraw = True
55.2097 	EXP 	fade_in_text: autoDraw = True
55.2264 	EXP 	fade_in_text: autoDraw = True
55.2431 	EXP 	fade_in_text: autoDraw = True
55.2597 	EXP 	fade_in_text: autoDraw = True
55.2764 	EXP 	fade_in_text: autoDraw = True
55.2930 	EXP 	fade_in_text: autoDraw = True
55.3098 	EXP 	fade_in_text: autoDraw = True
55.3264 	EXP 	fade_in_text: autoDraw = True
55.3431 	EXP 	fade_in_text: autoDraw = True
55.3597 	EXP 	fade_in_text: autoDraw = True
55.3766 	EXP 	fade_in_text: autoDraw = True
55.3930 	EXP 	fade_in_text: autoDraw = True
55.4097 	EXP 	fade_in_text: autoDraw = True
55.4264 	EXP 	fade_in_text: autoDraw = True
55.4431 	EXP 	fade_in_text: autoDraw = True
55.4598 	EXP 	fade_in_text: autoDraw = True
55.4766 	EXP 	fade_in_text: autoDraw = True
55.4930 	EXP 	fade_in_text: autoDraw = True
55.5098 	EXP 	fade_in_text: autoDraw = True
55.5264 	EXP 	fade_in_text: autoDraw = True
55.5431 	EXP 	fade_in_text: autoDraw = True
55.5598 	EXP 	fade_in_text: autoDraw = True
55.5766 	EXP 	fade_in_text: autoDraw = True
55.5930 	EXP 	fade_in_text: autoDraw = True
55.6098 	EXP 	fade_in_text: autoDraw = True
55.6264 	EXP 	fade_in_text: autoDraw = True
55.6431 	EXP 	fade_in_text: autoDraw = True
55.6598 	EXP 	fade_in_text: autoDraw = True
55.6767 	EXP 	fade_in_text: autoDraw = True
55.6930 	EXP 	fade_in_text: autoDraw = True
55.7098 	EXP 	fade_in_text: autoDraw = True
55.7265 	EXP 	fade_in_text: autoDraw = True
55.7431 	EXP 	fade_in_text: autoDraw = True
55.7598 	EXP 	fade_in_text: autoDraw = True
55.7766 	EXP 	fade_in_text: autoDraw = True
55.7930 	EXP 	fade_in_text: autoDraw = True
55.8098 	EXP 	fade_in_text: autoDraw = True
55.8265 	EXP 	fade_in_text: autoDraw = True
55.8431 	EXP 	fade_in_text: autoDraw = True
55.8598 	EXP 	fade_in_text: autoDraw = True
55.8764 	EXP 	fade_in_text: autoDraw = True
55.8930 	EXP 	fade_in_text: autoDraw = True
55.9098 	EXP 	fade_in_text: autoDraw = True
55.9265 	EXP 	fade_in_text: autoDraw = True
55.9431 	EXP 	fade_in_text: autoDraw = True
55.9598 	EXP 	fade_in_text: autoDraw = True
55.9764 	EXP 	fade_in_text: autoDraw = True
55.9930 	EXP 	fade_in_text: autoDraw = True
56.0098 	EXP 	fade_in_text: autoDraw = True
56.0265 	EXP 	fade_in_text: autoDraw = True
56.0431 	EXP 	fade_in_text: autoDraw = True
56.0599 	EXP 	fade_in_text: autoDraw = True
56.0764 	EXP 	fade_in_text: autoDraw = True
56.0931 	EXP 	fade_in_text: autoDraw = True
56.1099 	EXP 	fade_in_text: autoDraw = True
56.1265 	EXP 	fade_in_text: autoDraw = True
56.1431 	EXP 	fade_in_text: autoDraw = True
56.1600 	EXP 	fade_in_text: autoDraw = True
56.1764 	EXP 	fade_in_text: autoDraw = True
56.1931 	EXP 	fade_in_text: autoDraw = True
56.2099 	EXP 	fade_in_text: autoDraw = True
56.2265 	EXP 	fade_in_text: autoDraw = True
56.2431 	EXP 	fade_in_text: autoDraw = True
56.2600 	EXP 	fade_in_text: autoDraw = True
56.2764 	EXP 	fade_in_text: autoDraw = True
56.2931 	EXP 	fade_in_text: autoDraw = True
56.3099 	EXP 	fade_in_text: autoDraw = True
56.3265 	EXP 	fade_in_text: autoDraw = True
56.3431 	EXP 	fade_in_text: autoDraw = True
56.3600 	EXP 	fade_in_text: autoDraw = True
56.3765 	EXP 	fade_in_text: autoDraw = True
56.3931 	EXP 	fade_in_text: autoDraw = True
56.4099 	EXP 	fade_in_text: autoDraw = True
56.4265 	EXP 	fade_in_text: autoDraw = True
56.4431 	EXP 	fade_in_text: autoDraw = True
56.4600 	EXP 	fade_in_text: autoDraw = True
56.4764 	EXP 	fade_in_text: autoDraw = True
56.4931 	EXP 	fade_in_text: autoDraw = True
56.5099 	EXP 	fade_in_text: autoDraw = True
56.5265 	EXP 	fade_in_text: autoDraw = True
56.5431 	EXP 	fade_in_text: autoDraw = True
56.5597 	EXP 	fade_in_text: autoDraw = True
56.5764 	EXP 	fade_in_text: autoDraw = True
56.5931 	EXP 	fade_in_text: autoDraw = True
56.6098 	EXP 	fade_in_text: autoDraw = True
56.6265 	EXP 	fade_in_text: autoDraw = True
56.6431 	EXP 	fade_in_text: autoDraw = True
56.6597 	EXP 	fade_in_text: autoDraw = True
56.6764 	EXP 	fade_in_text: autoDraw = True
56.6932 	EXP 	fade_in_text: autoDraw = True
56.7100 	EXP 	fade_in_text: autoDraw = True
56.7265 	EXP 	fade_in_text: autoDraw = True
56.7432 	EXP 	fade_in_text: autoDraw = True
56.7597 	EXP 	fade_in_text: autoDraw = True
56.7765 	EXP 	fade_in_text: autoDraw = True
56.7932 	EXP 	fade_in_text: autoDraw = True
56.8100 	EXP 	fade_in_text: autoDraw = True
56.8266 	EXP 	fade_in_text: autoDraw = True
56.8433 	EXP 	fade_in_text: autoDraw = True
56.8597 	EXP 	fade_in_text: autoDraw = True
56.8765 	EXP 	fade_in_text: autoDraw = True
56.8932 	EXP 	fade_in_text: autoDraw = True
56.9098 	EXP 	fade_in_text: autoDraw = True
56.9266 	EXP 	fade_in_text: autoDraw = True
56.9434 	EXP 	fade_in_text: autoDraw = True
56.9598 	EXP 	fade_in_text: autoDraw = True
56.9766 	EXP 	fade_in_text: autoDraw = True
56.9932 	EXP 	fade_in_text: autoDraw = True
57.0100 	EXP 	fade_in_text: autoDraw = True
57.0265 	EXP 	fade_in_text: autoDraw = True
57.0435 	EXP 	fade_in_text: autoDraw = True
57.0598 	EXP 	fade_in_text: autoDraw = True
57.0765 	EXP 	fade_in_text: autoDraw = True
57.0932 	EXP 	fade_in_text: autoDraw = True
57.1102 	EXP 	fade_in_text: autoDraw = True
57.1265 	EXP 	fade_in_text: autoDraw = True
57.1433 	EXP 	fade_in_text: autoDraw = True
57.1598 	EXP 	fade_in_text: autoDraw = True
57.1765 	EXP 	fade_in_text: autoDraw = True
57.1932 	EXP 	fade_in_text: autoDraw = True
57.2098 	EXP 	fade_in_text: autoDraw = True
57.2265 	EXP 	fade_in_text: autoDraw = True
57.2431 	EXP 	fade_in_text: autoDraw = True
57.2598 	EXP 	fade_in_text: autoDraw = True
57.2765 	EXP 	fade_in_text: autoDraw = True
57.2932 	EXP 	fade_in_text: autoDraw = True
57.3099 	EXP 	fade_in_text: autoDraw = True
57.3265 	EXP 	fade_in_text: autoDraw = True
57.3431 	EXP 	fade_in_text: autoDraw = True
57.3598 	EXP 	fade_in_text: autoDraw = True
57.3765 	EXP 	fade_in_text: autoDraw = True
57.3932 	EXP 	fade_in_text: autoDraw = True
57.4099 	EXP 	fade_in_text: autoDraw = True
57.4267 	EXP 	fade_in_text: autoDraw = True
57.4432 	EXP 	fade_in_text: autoDraw = True
57.4598 	EXP 	fade_in_text: autoDraw = True
57.4766 	EXP 	fade_in_text: autoDraw = True
57.4932 	EXP 	fade_in_text: autoDraw = True
57.5099 	EXP 	fade_in_text: autoDraw = True
57.5267 	EXP 	fade_in_text: autoDraw = True
57.5432 	EXP 	fade_in_text: autoDraw = True
57.5599 	EXP 	fade_in_text: autoDraw = True
57.5765 	EXP 	fade_in_text: autoDraw = True
57.5932 	EXP 	fade_in_text: autoDraw = True
57.6099 	EXP 	fade_in_text: autoDraw = True
57.6267 	EXP 	fade_in_text: autoDraw = True
57.6432 	EXP 	fade_in_text: autoDraw = True
57.6599 	EXP 	fade_in_text: autoDraw = True
57.6765 	EXP 	fade_in_text: autoDraw = True
57.6932 	EXP 	fade_in_text: autoDraw = True
57.7099 	EXP 	fade_in_text: autoDraw = True
57.7267 	EXP 	fade_in_text: autoDraw = True
57.7432 	EXP 	fade_in_text: autoDraw = True
57.7599 	EXP 	fade_in_text: autoDraw = True
57.7765 	EXP 	fade_in_text: autoDraw = True
57.7932 	EXP 	fade_in_text: autoDraw = True
57.8099 	EXP 	fade_in_text: autoDraw = True
57.8267 	EXP 	fade_in_text: autoDraw = True
57.8432 	EXP 	fade_in_text: autoDraw = True
57.8599 	EXP 	fade_in_text: autoDraw = True
57.8765 	EXP 	fade_in_text: autoDraw = True
57.8933 	EXP 	fade_in_text: autoDraw = True
57.9099 	EXP 	fade_in_text: autoDraw = True
57.9266 	EXP 	fade_in_text: autoDraw = True
57.9432 	EXP 	fade_in_text: autoDraw = True
57.9599 	EXP 	fade_in_text: autoDraw = True
57.9766 	EXP 	fade_in_text: autoDraw = True
57.9932 	EXP 	fade_in_text: autoDraw = True
58.0099 	EXP 	fade_in_text: autoDraw = True
58.0265 	EXP 	fade_in_text: autoDraw = True
58.0432 	EXP 	fade_in_text: autoDraw = True
58.0599 	EXP 	fade_in_text: autoDraw = True
58.0765 	EXP 	fade_in_text: autoDraw = True
58.0932 	EXP 	fade_in_text: autoDraw = True
58.1101 	EXP 	fade_in_text: autoDraw = True
58.1266 	EXP 	fade_in_text: autoDraw = True
58.1432 	EXP 	fade_in_text: autoDraw = True
58.1599 	EXP 	fade_in_text: autoDraw = True
58.1766 	EXP 	fade_in_text: autoDraw = True
58.1932 	EXP 	fade_in_text: autoDraw = True
58.2101 	EXP 	fade_in_text: autoDraw = True
58.2265 	EXP 	fade_in_text: autoDraw = True
58.2432 	EXP 	fade_in_text: autoDraw = True
58.2599 	EXP 	fade_in_text: autoDraw = True
58.2766 	EXP 	fade_in_text: autoDraw = True
58.2932 	EXP 	fade_in_text: autoDraw = True
58.3102 	EXP 	fade_in_text: autoDraw = True
58.3267 	EXP 	fade_in_text: autoDraw = True
58.3433 	EXP 	fade_in_text: autoDraw = True
58.3599 	EXP 	fade_in_text: autoDraw = True
58.3766 	EXP 	fade_in_text: autoDraw = True
58.3932 	EXP 	fade_in_text: autoDraw = True
58.4101 	EXP 	fade_in_text: autoDraw = True
58.4265 	EXP 	fade_in_text: autoDraw = True
58.4432 	EXP 	fade_in_text: autoDraw = True
58.4599 	EXP 	fade_in_text: autoDraw = True
58.4766 	EXP 	fade_in_text: autoDraw = True
58.4932 	EXP 	fade_in_text: autoDraw = True
58.5098 	EXP 	fade_in_text: autoDraw = True
58.5266 	EXP 	fade_in_text: autoDraw = True
58.5433 	EXP 	fade_in_text: autoDraw = True
58.5599 	EXP 	fade_in_text: autoDraw = True
58.5766 	EXP 	fade_in_text: autoDraw = True
58.5932 	EXP 	fade_in_text: autoDraw = True
58.6098 	EXP 	fade_in_text: autoDraw = True
58.6265 	EXP 	fade_in_text: autoDraw = True
58.6433 	EXP 	fade_in_text: autoDraw = True
58.6599 	EXP 	fade_in_text: autoDraw = True
58.6766 	EXP 	fade_in_text: autoDraw = True
58.6934 	EXP 	fade_in_text: autoDraw = True
58.7098 	EXP 	fade_in_text: autoDraw = True
58.7266 	EXP 	fade_in_text: autoDraw = True
58.7433 	EXP 	fade_in_text: autoDraw = True
58.7599 	EXP 	fade_in_text: autoDraw = True
58.7766 	EXP 	fade_in_text: autoDraw = True
58.7935 	EXP 	fade_in_text: autoDraw = True
58.8098 	EXP 	fade_in_text: autoDraw = True
58.8266 	EXP 	fade_in_text: autoDraw = True
58.8433 	EXP 	fade_in_text: autoDraw = True
58.8599 	EXP 	fade_in_text: autoDraw = True
58.8766 	EXP 	fade_in_text: autoDraw = True
58.8935 	EXP 	fade_in_text: autoDraw = True
58.9099 	EXP 	fade_in_text: autoDraw = True
58.9266 	EXP 	fade_in_text: autoDraw = True
58.9433 	EXP 	fade_in_text: autoDraw = True
58.9599 	EXP 	fade_in_text: autoDraw = True
58.9766 	EXP 	fade_in_text: autoDraw = True
58.9934 	EXP 	fade_in_text: autoDraw = True
59.0099 	EXP 	fade_in_text: autoDraw = True
59.0266 	EXP 	fade_in_text: autoDraw = True
59.0433 	EXP 	fade_in_text: autoDraw = True
59.0599 	EXP 	fade_in_text: autoDraw = True
59.0766 	EXP 	fade_in_text: autoDraw = True
59.0933 	EXP 	fade_in_text: autoDraw = True
59.1099 	EXP 	fade_in_text: autoDraw = True
59.1266 	EXP 	fade_in_text: autoDraw = True
59.1433 	EXP 	fade_in_text: autoDraw = True
59.1599 	EXP 	fade_in_text: autoDraw = True
59.1766 	EXP 	fade_in_text: autoDraw = True
59.1932 	EXP 	fade_in_text: autoDraw = True
59.2099 	EXP 	fade_in_text: autoDraw = True
59.2266 	EXP 	fade_in_text: autoDraw = True
59.2433 	EXP 	fade_in_text: autoDraw = True
59.2600 	EXP 	fade_in_text: autoDraw = True
59.2766 	EXP 	fade_in_text: autoDraw = True
59.2932 	EXP 	fade_in_text: autoDraw = True
59.3100 	EXP 	fade_in_text: autoDraw = True
59.3266 	EXP 	fade_in_text: autoDraw = True
59.3433 	EXP 	fade_in_text: autoDraw = True
59.3600 	EXP 	fade_in_text: autoDraw = True
59.3768 	EXP 	fade_in_text: autoDraw = True
59.3932 	EXP 	fade_in_text: autoDraw = True
59.4100 	EXP 	fade_in_text: autoDraw = True
59.4266 	EXP 	fade_in_text: autoDraw = True
59.4433 	EXP 	fade_in_text: autoDraw = True
59.4600 	EXP 	fade_in_text: autoDraw = True
59.4768 	EXP 	fade_in_text: autoDraw = True
59.4932 	EXP 	fade_in_text: autoDraw = True
59.5100 	EXP 	fade_in_text: autoDraw = True
59.5266 	EXP 	fade_in_text: autoDraw = True
59.5433 	EXP 	fade_in_text: autoDraw = True
59.5600 	EXP 	fade_in_text: autoDraw = True
59.5768 	EXP 	fade_in_text: autoDraw = True
59.5933 	EXP 	fade_in_text: autoDraw = True
59.6100 	EXP 	fade_in_text: autoDraw = True
59.6266 	EXP 	fade_in_text: autoDraw = True
59.6433 	EXP 	fade_in_text: autoDraw = True
59.6600 	EXP 	fade_in_text: autoDraw = True
59.6768 	EXP 	fade_in_text: autoDraw = True
59.6932 	EXP 	fade_in_text: autoDraw = True
59.7100 	EXP 	fade_in_text: autoDraw = True
59.7266 	EXP 	fade_in_text: autoDraw = True
59.7433 	EXP 	fade_in_text: autoDraw = True
59.7600 	EXP 	fade_in_text: autoDraw = True
59.7766 	EXP 	fade_in_text: autoDraw = True
59.7932 	EXP 	fade_in_text: autoDraw = True
59.8100 	EXP 	fade_in_text: autoDraw = True
59.8266 	EXP 	fade_in_text: autoDraw = True
59.8433 	EXP 	fade_in_text: autoDraw = True
59.8600 	EXP 	fade_in_text: autoDraw = True
59.8766 	EXP 	fade_in_text: autoDraw = True
59.8932 	EXP 	fade_in_text: autoDraw = True
59.9100 	EXP 	fade_in_text: autoDraw = True
59.9267 	EXP 	fade_in_text: autoDraw = True
59.9433 	EXP 	fade_in_text: autoDraw = True
59.9600 	EXP 	fade_in_text: autoDraw = True
62.9935 	EXP 	fade_in_text: autoDraw = False
62.9935 	EXP 	RS_intro_title: autoDraw = True
62.9935 	EXP 	RS_intro_text: autoDraw = True
86.0113 	EXP 	RS_intro_title: autoDraw = False
86.0113 	EXP 	RS_intro_text: autoDraw = False
86.0113 	EXP 	RS_intro_title: autoDraw = False
86.0113 	EXP 	RS_intro_text: autoDraw = False
86.0113 	EXP 	RS_rec_text: text = 'Please keep relaxed and close your eyes.\n'
86.0113 	EXP 	RS_rec_text: autoDraw = True
266.0204 	EXP 	RS_rec_text: autoDraw = False
269.4039 	EXP 	RS_rec_text: autoDraw = False
269.4039 	EXP 	RS_intro_title: autoDraw = True
269.4039 	EXP 	RS_intro_text: autoDraw = True
292.4218 	EXP 	RS_intro_title: autoDraw = False
292.4218 	EXP 	RS_intro_text: autoDraw = False
292.4218 	EXP 	RS_intro_title: autoDraw = False
292.4218 	EXP 	RS_intro_text: autoDraw = False
292.4218 	EXP 	RS_rec_text: text = 'Please keep relaxed and open your eyes.\nNote: Blinking is allowed.'
292.4218 	EXP 	RS_rec_text: autoDraw = True
472.4318 	EXP 	RS_rec_text: autoDraw = False
475.8150 	EXP 	RS_rec_text: autoDraw = False
475.8150 	EXP 	Pause_cont: text = 'Press [space] key to continue.'
475.8150 	EXP 	Pause_cont: autoDraw = True
491.0149 	DATA 	Keypress: space
494.0665 	EXP 	Pause_cont: autoDraw = False
494.0665 	EXP 	QA_intro_title: autoDraw = True
494.0665 	EXP 	QA_intro_text: autoDraw = True
497.7226 	DATA 	Keypress: space
533.4513 	EXP 	QA_intro_cont: autoDraw = True
534.4613 	EXP 	Created sequence: random, trialTypes=1, nReps=2, seed=None
534.4620 	EXP 	New trial (rep=0, index=0): None
535.4659 	EXP 	Created sequence: random, trialTypes=1, nReps=25, seed=None
535.4670 	EXP 	New trial (rep=0, index=0): None
536.4997 	DATA 	Keypress: space
536.5020 	EXP 	QA_intro_title: autoDraw = False
536.5020 	EXP 	QA_intro_text: autoDraw = False
536.5020 	EXP 	QA_intro_cont: autoDraw = False
536.5020 	EXP 	QA_rec_text: autoDraw = True
554.4858 	EXP 	QA_rec_break: autoDraw = True
555.4858 	EXP 	QA_rec_break: autoDraw = False
556.5079 	EXP 	New trial (rep=1, index=0): None
557.5527 	EXP 	QA_rec_text: autoDraw = False
557.5527 	EXP 	QA_rec_break: autoDraw = False
557.5527 	EXP 	QA_rec_text: autoDraw = True
575.5203 	EXP 	QA_rec_break: autoDraw = True
576.5203 	EXP 	QA_rec_break: autoDraw = False
577.5414 	EXP 	New trial (rep=2, index=0): None
578.5874 	EXP 	QA_rec_text: autoDraw = False
578.5874 	EXP 	QA_rec_break: autoDraw = False
578.5874 	EXP 	QA_rec_text: autoDraw = True
596.5716 	EXP 	QA_rec_break: autoDraw = True
597.5716 	EXP 	QA_rec_break: autoDraw = False
598.5927 	EXP 	New trial (rep=3, index=0): None
599.6558 	EXP 	QA_rec_text: autoDraw = False
599.6558 	EXP 	QA_rec_break: autoDraw = False
599.6558 	EXP 	QA_rec_text: autoDraw = True
617.6229 	EXP 	QA_rec_break: autoDraw = True
618.6229 	EXP 	QA_rec_break: autoDraw = False
619.6439 	EXP 	New trial (rep=4, index=0): None
620.6893 	EXP 	QA_rec_text: autoDraw = False
620.6893 	EXP 	QA_rec_break: autoDraw = False
620.6893 	EXP 	QA_rec_text: autoDraw = True
638.6738 	EXP 	QA_rec_break: autoDraw = True
639.6738 	EXP 	QA_rec_break: autoDraw = False
640.6791 	EXP 	New trial (rep=5, index=0): None
641.7243 	EXP 	QA_rec_text: autoDraw = False
641.7243 	EXP 	QA_rec_break: autoDraw = False
641.7243 	EXP 	QA_rec_text: autoDraw = True
659.7082 	EXP 	QA_rec_break: autoDraw = True
660.7082 	EXP 	QA_rec_break: autoDraw = False
661.7160 	EXP 	New trial (rep=6, index=0): None
662.7588 	EXP 	QA_rec_text: autoDraw = False
662.7588 	EXP 	QA_rec_break: autoDraw = False
662.7588 	EXP 	QA_rec_text: autoDraw = True
680.7424 	EXP 	QA_rec_break: autoDraw = True
681.7424 	EXP 	QA_rec_break: autoDraw = False
682.7484 	EXP 	New trial (rep=7, index=0): None
683.8093 	EXP 	QA_rec_text: autoDraw = False
683.8093 	EXP 	QA_rec_break: autoDraw = False
683.8093 	EXP 	QA_rec_text: autoDraw = True
701.8104 	EXP 	QA_rec_break: autoDraw = True
703.7993 	EXP 	New trial (rep=8, index=0): None
704.8447 	EXP 	QA_rec_text: autoDraw = False
704.8447 	EXP 	QA_rec_break: autoDraw = False
704.8447 	EXP 	QA_rec_text: autoDraw = True
722.8117 	EXP 	QA_rec_break: autoDraw = True
723.8118 	EXP 	QA_rec_break: autoDraw = False
724.8500 	EXP 	New trial (rep=9, index=0): None
725.9119 	EXP 	QA_rec_text: autoDraw = False
725.9119 	EXP 	QA_rec_break: autoDraw = False
725.9119 	EXP 	QA_rec_text: autoDraw = True
743.8794 	EXP 	QA_rec_break: autoDraw = True
744.8796 	EXP 	QA_rec_break: autoDraw = False
745.8846 	EXP 	New trial (rep=10, index=0): None
746.9461 	EXP 	QA_rec_text: autoDraw = False
746.9461 	EXP 	QA_rec_break: autoDraw = False
746.9461 	EXP 	QA_rec_text: autoDraw = True
764.9304 	EXP 	QA_rec_break: autoDraw = True
765.9304 	EXP 	QA_rec_break: autoDraw = False
766.9357 	EXP 	New trial (rep=11, index=0): None
767.9980 	EXP 	QA_rec_text: autoDraw = False
767.9980 	EXP 	QA_rec_break: autoDraw = False
767.9980 	EXP 	QA_rec_text: autoDraw = True
785.9816 	EXP 	QA_rec_break: autoDraw = True
787.9696 	EXP 	New trial (rep=12, index=0): None
789.0319 	EXP 	QA_rec_text: autoDraw = False
789.0319 	EXP 	QA_rec_break: autoDraw = False
789.0319 	EXP 	QA_rec_text: autoDraw = True
806.9993 	EXP 	QA_rec_break: autoDraw = True
807.9996 	EXP 	QA_rec_break: autoDraw = False
809.0205 	EXP 	New trial (rep=13, index=0): None
810.0829 	EXP 	QA_rec_text: autoDraw = False
810.0829 	EXP 	QA_rec_break: autoDraw = False
810.0829 	EXP 	QA_rec_text: autoDraw = True
828.0502 	EXP 	QA_rec_break: autoDraw = True
829.0502 	EXP 	QA_rec_break: autoDraw = False
830.0715 	EXP 	New trial (rep=14, index=0): None
831.1340 	EXP 	QA_rec_text: autoDraw = False
831.1340 	EXP 	QA_rec_break: autoDraw = False
831.1340 	EXP 	QA_rec_text: autoDraw = True
849.0847 	EXP 	QA_rec_break: autoDraw = True
850.0848 	EXP 	QA_rec_break: autoDraw = False
851.1073 	EXP 	New trial (rep=15, index=0): None
852.1683 	EXP 	QA_rec_text: autoDraw = False
852.1683 	EXP 	QA_rec_break: autoDraw = False
852.1683 	EXP 	QA_rec_text: autoDraw = True
870.1691 	EXP 	QA_rec_break: autoDraw = True
872.1736 	EXP 	New trial (rep=16, index=0): None
873.2371 	EXP 	QA_rec_text: autoDraw = False
873.2371 	EXP 	QA_rec_break: autoDraw = False
873.2371 	EXP 	QA_rec_text: autoDraw = True
891.2369 	EXP 	QA_rec_break: autoDraw = True
893.2415 	EXP 	New trial (rep=17, index=0): None
894.3055 	EXP 	QA_rec_text: autoDraw = False
894.3055 	EXP 	QA_rec_break: autoDraw = False
894.3055 	EXP 	QA_rec_text: autoDraw = True
912.2713 	EXP 	QA_rec_break: autoDraw = True
914.2758 	EXP 	New trial (rep=18, index=0): None
915.3382 	EXP 	QA_rec_text: autoDraw = False
915.3382 	EXP 	QA_rec_break: autoDraw = False
915.3382 	EXP 	QA_rec_text: autoDraw = True
933.3391 	EXP 	QA_rec_break: autoDraw = True
935.3105 	EXP 	New trial (rep=19, index=0): None
936.3734 	EXP 	QA_rec_text: autoDraw = False
936.3734 	EXP 	QA_rec_break: autoDraw = False
936.3734 	EXP 	QA_rec_text: autoDraw = True
954.3735 	EXP 	QA_rec_break: autoDraw = True
956.3792 	EXP 	New trial (rep=20, index=0): None
957.4415 	EXP 	QA_rec_text: autoDraw = False
957.4415 	EXP 	QA_rec_break: autoDraw = False
957.4415 	EXP 	QA_rec_text: autoDraw = True
975.4413 	EXP 	QA_rec_break: autoDraw = True
977.4458 	EXP 	New trial (rep=21, index=0): None
978.5084 	EXP 	QA_rec_text: autoDraw = False
978.5084 	EXP 	QA_rec_break: autoDraw = False
978.5084 	EXP 	QA_rec_text: autoDraw = True
996.5092 	EXP 	QA_rec_break: autoDraw = True
998.5137 	EXP 	New trial (rep=22, index=0): None
999.5759 	EXP 	QA_rec_text: autoDraw = False
999.5759 	EXP 	QA_rec_break: autoDraw = False
999.5759 	EXP 	QA_rec_text: autoDraw = True
1017.5768 	EXP 	QA_rec_break: autoDraw = True
1019.5485 	EXP 	New trial (rep=23, index=0): None
1020.6113 	EXP 	QA_rec_text: autoDraw = False
1020.6113 	EXP 	QA_rec_break: autoDraw = False
1020.6113 	EXP 	QA_rec_text: autoDraw = True
1038.6115 	EXP 	QA_rec_break: autoDraw = True
1040.5836 	EXP 	New trial (rep=24, index=0): None
1041.6448 	EXP 	QA_rec_text: autoDraw = False
1041.6448 	EXP 	QA_rec_break: autoDraw = False
1041.6448 	EXP 	QA_rec_text: autoDraw = True
1059.6457 	EXP 	QA_rec_break: autoDraw = True
1063.6625 	EXP 	QA_rec_text: autoDraw = False
1063.6625 	EXP 	QA_rec_break: autoDraw = False
1063.6625 	EXP 	Pause_cont: text = 'Press [space] key to continue.'
1063.6625 	EXP 	Pause_cont: autoDraw = True
1075.7037 	EXP 	New trial (rep=1, index=0): None
1076.7077 	EXP 	Created sequence: random, trialTypes=1, nReps=25, seed=None
1076.7089 	EXP 	New trial (rep=0, index=0): None
1077.7586 	DATA 	Keypress: space
1077.7656 	EXP 	Pause_cont: autoDraw = False
1077.7656 	EXP 	QA_rec_text: autoDraw = True
1095.7643 	EXP 	QA_rec_break: autoDraw = True
1097.7694 	EXP 	New trial (rep=1, index=0): None
1098.8328 	EXP 	QA_rec_text: autoDraw = False
1098.8328 	EXP 	QA_rec_break: autoDraw = False
1098.8328 	EXP 	QA_rec_text: autoDraw = True
1116.8321 	EXP 	QA_rec_break: autoDraw = True
1118.8367 	EXP 	New trial (rep=2, index=0): None
1119.8823 	EXP 	QA_rec_text: autoDraw = False
1119.8823 	EXP 	QA_rec_break: autoDraw = False
1119.8823 	EXP 	QA_rec_text: autoDraw = True
1137.8497 	EXP 	QA_rec_break: autoDraw = True
1139.8548 	EXP 	New trial (rep=3, index=0): None
1140.9178 	EXP 	QA_rec_text: autoDraw = False
1140.9178 	EXP 	QA_rec_break: autoDraw = False
1140.9178 	EXP 	QA_rec_text: autoDraw = True
1158.9176 	EXP 	QA_rec_break: autoDraw = True
1160.9244 	EXP 	New trial (rep=4, index=0): None
1161.9684 	EXP 	QA_rec_text: autoDraw = False
1161.9684 	EXP 	QA_rec_break: autoDraw = False
1161.9684 	EXP 	QA_rec_text: autoDraw = True
1179.9687 	EXP 	QA_rec_break: autoDraw = True
1181.9400 	EXP 	New trial (rep=5, index=0): None
1183.0038 	EXP 	QA_rec_text: autoDraw = False
1183.0038 	EXP 	QA_rec_break: autoDraw = False
1183.0038 	EXP 	QA_rec_text: autoDraw = True
1201.0031 	EXP 	QA_rec_break: autoDraw = True
1202.9744 	EXP 	New trial (rep=6, index=0): None
1204.0367 	EXP 	QA_rec_text: autoDraw = False
1204.0367 	EXP 	QA_rec_break: autoDraw = False
1204.0367 	EXP 	QA_rec_text: autoDraw = True
1222.0375 	EXP 	QA_rec_break: autoDraw = True
1224.0088 	EXP 	New trial (rep=7, index=0): None
1225.0549 	EXP 	QA_rec_text: autoDraw = False
1225.0549 	EXP 	QA_rec_break: autoDraw = False
1225.0549 	EXP 	QA_rec_text: autoDraw = True
1243.0220 	EXP 	QA_rec_break: autoDraw = True
1245.0267 	EXP 	New trial (rep=8, index=0): None
1246.1056 	EXP 	QA_rec_text: autoDraw = False
1246.1056 	EXP 	QA_rec_break: autoDraw = False
1246.1056 	EXP 	QA_rec_text: autoDraw = True
1264.0731 	EXP 	QA_rec_break: autoDraw = True
1266.0774 	EXP 	New trial (rep=9, index=0): None
1267.1402 	EXP 	QA_rec_text: autoDraw = False
1267.1402 	EXP 	QA_rec_break: autoDraw = False
1267.1402 	EXP 	QA_rec_text: autoDraw = True
1285.1409 	EXP 	QA_rec_break: autoDraw = True
1287.1122 	EXP 	New trial (rep=10, index=0): None
1288.1759 	EXP 	QA_rec_text: autoDraw = False
1288.1759 	EXP 	QA_rec_break: autoDraw = False
1288.1759 	EXP 	QA_rec_text: autoDraw = True
1306.1419 	EXP 	QA_rec_break: autoDraw = True
1308.1470 	EXP 	New trial (rep=11, index=0): None
1309.2093 	EXP 	QA_rec_text: autoDraw = False
1309.2093 	EXP 	QA_rec_break: autoDraw = False
1309.2093 	EXP 	QA_rec_text: autoDraw = True
1327.2096 	EXP 	QA_rec_break: autoDraw = True
1329.1810 	EXP 	New trial (rep=12, index=0): None
1330.2600 	EXP 	QA_rec_text: autoDraw = False
1330.2600 	EXP 	QA_rec_break: autoDraw = False
1330.2600 	EXP 	QA_rec_text: autoDraw = True
1348.2275 	EXP 	QA_rec_break: autoDraw = True
1350.2321 	EXP 	New trial (rep=13, index=0): None
1351.2784 	EXP 	QA_rec_text: autoDraw = False
1351.2784 	EXP 	QA_rec_break: autoDraw = False
1351.2784 	EXP 	QA_rec_text: autoDraw = True
1369.2452 	EXP 	QA_rec_break: autoDraw = True
1371.2498 	EXP 	New trial (rep=14, index=0): None
1372.3293 	EXP 	QA_rec_text: autoDraw = False
1372.3293 	EXP 	QA_rec_break: autoDraw = False
1372.3293 	EXP 	QA_rec_text: autoDraw = True
1390.3297 	EXP 	QA_rec_break: autoDraw = True
1392.3017 	EXP 	New trial (rep=15, index=0): None
1393.3641 	EXP 	QA_rec_text: autoDraw = False
1393.3641 	EXP 	QA_rec_break: autoDraw = False
1393.3641 	EXP 	QA_rec_text: autoDraw = True
1411.3642 	EXP 	QA_rec_break: autoDraw = True
1413.3371 	EXP 	New trial (rep=16, index=0): None
1414.3981 	EXP 	QA_rec_text: autoDraw = False
1414.3981 	EXP 	QA_rec_break: autoDraw = False
1414.3981 	EXP 	QA_rec_text: autoDraw = True
1432.3985 	EXP 	QA_rec_break: autoDraw = True
1434.3697 	EXP 	New trial (rep=17, index=0): None
1435.4326 	EXP 	QA_rec_text: autoDraw = False
1435.4326 	EXP 	QA_rec_break: autoDraw = False
1435.4326 	EXP 	QA_rec_text: autoDraw = True
1453.4162 	EXP 	QA_rec_break: autoDraw = True
1455.4208 	EXP 	New trial (rep=18, index=0): None
1456.4838 	EXP 	QA_rec_text: autoDraw = False
1456.4838 	EXP 	QA_rec_break: autoDraw = False
1456.4838 	EXP 	QA_rec_text: autoDraw = True
1474.4840 	EXP 	QA_rec_break: autoDraw = True
1476.4556 	EXP 	New trial (rep=19, index=0): None
1477.5182 	EXP 	QA_rec_text: autoDraw = False
1477.5182 	EXP 	QA_rec_break: autoDraw = False
1477.5182 	EXP 	QA_rec_text: autoDraw = True
1495.4852 	EXP 	QA_rec_break: autoDraw = True
1497.4904 	EXP 	New trial (rep=20, index=0): None
1498.5529 	EXP 	QA_rec_text: autoDraw = False
1498.5529 	EXP 	QA_rec_break: autoDraw = False
1498.5529 	EXP 	QA_rec_text: autoDraw = True
1516.5363 	EXP 	QA_rec_break: autoDraw = True
1518.5407 	EXP 	New trial (rep=21, index=0): None
1519.5868 	EXP 	QA_rec_text: autoDraw = False
1519.5868 	EXP 	QA_rec_break: autoDraw = False
1519.5868 	EXP 	QA_rec_text: autoDraw = True
1537.5874 	EXP 	QA_rec_break: autoDraw = True
1539.5930 	EXP 	New trial (rep=22, index=0): None
1540.6384 	EXP 	QA_rec_text: autoDraw = False
1540.6384 	EXP 	QA_rec_break: autoDraw = False
1540.6384 	EXP 	QA_rec_text: autoDraw = True
1558.6385 	EXP 	QA_rec_break: autoDraw = True
1560.6098 	EXP 	New trial (rep=23, index=0): None
1561.6725 	EXP 	QA_rec_text: autoDraw = False
1561.6725 	EXP 	QA_rec_break: autoDraw = False
1561.6725 	EXP 	QA_rec_text: autoDraw = True
1579.6729 	EXP 	QA_rec_break: autoDraw = True
1581.6444 	EXP 	New trial (rep=24, index=0): None
1582.6906 	EXP 	QA_rec_text: autoDraw = False
1582.6906 	EXP 	QA_rec_break: autoDraw = False
1582.6906 	EXP 	QA_rec_text: autoDraw = True
1600.6907 	EXP 	QA_rec_break: autoDraw = True
1604.7413 	EXP 	QA_rec_text: autoDraw = False
1604.7413 	EXP 	QA_rec_break: autoDraw = False
1604.7413 	EXP 	Pause_cont: text = 'Press [space] key to continue.'
1604.7413 	EXP 	Pause_cont: autoDraw = True
1618.7875 	EXP 	New trial (rep=2, index=0): None
1619.9621 	EXP 	window1: mouseVisible = True
