19.3502 	EXP 	Created instruction_text = TextStim(__class__=<class 'psychopy.visual.text.TextStim'>, alignHoriz='center', alignVert='center', antialias=True, autoLog=True, bold=False, color=array([1., 1., 1.]), colorSpace='rgb', contrast=1.0, depth=-0.0, flipHoriz=False, flipVert=False, font='Arial', fontFiles=[], height=0.06, italic=False, languageStyle='LTR', name='instruction_text', opacity=1.0, ori=0.0, pos=array([0.5, 0.1]), rgb=array([1., 1., 1.]), text=str(...), units='norm', win=Window(...), wrapWidth=1)
19.6255 	EXP 	Created instruction_cont = TextStim(__class__=<class 'psychopy.visual.text.TextStim'>, alignHoriz='center', alignVert='center', antialias=True, autoLog=True, bold=False, color=array([1., 1., 1.]), colorSpace='rgb', contrast=1.0, depth=-3.0, flipHoriz=False, flipVert=False, font='Arial', fontFiles=[], height=0.06, italic=False, languageStyle='LTR', name='instruction_cont', opacity=1.0, ori=0.0, pos=array([ 0.5, -0.4]), rgb=array([1., 1., 1.]), text='          Press [space] key to continue.', units='norm', win=Window(...), wrapWidth=1)
19.6381 	EXP 	Created Artifact_intro_title = TextStim(__class__=<class 'psychopy.visual.text.TextStim'>, alignHoriz='center', alignVert='center', antialias=True, autoLog=True, bold=False, color=array([1., 1., 1.]), colorSpace='rgb', contrast=1.0, depth=-0.0, flipHoriz=False, flipVert=False, font='Arial', fontFiles=[], height=0.06, italic=False, languageStyle='LTR', name='Artifact_intro_title', opacity=1.0, ori=0.0, pos=array([0.5, 0.4]), rgb=array([1., 1., 1.]), text='Muscular signal recording', units='norm', win=Window(...), wrapWidth=1)
19.6652 	EXP 	Created Artifact_intro_text = TextStim(__class__=<class 'psychopy.visual.text.TextStim'>, alignHoriz='center', alignVert='center', antialias=True, autoLog=True, bold=False, color=array([1., 1., 1.]), colorSpace='rgb', contrast=1.0, depth=-1.0, flipHoriz=False, flipVert=False, font='Arial', fontFiles=[], height=0.06, italic=False, languageStyle='LTR', name='Artifact_intro_text', opacity=1.0, ori=0.0, pos=array([0.5, 0. ]), rgb=array([1., 1., 1.]), text=str(...), units='norm', win=Window(...), wrapWidth=1)
19.6730 	EXP 	Created Artifact_intro_cont = TextStim(__class__=<class 'psychopy.visual.text.TextStim'>, alignHoriz='center', alignVert='center', antialias=True, autoLog=True, bold=False, color=array([1., 1., 1.]), colorSpace='rgb', contrast=1.0, depth=-4.0, flipHoriz=False, flipVert=False, font='Arial', fontFiles=[], height=0.06, italic=False, languageStyle='LTR', name='Artifact_intro_cont', opacity=1.0, ori=0.0, pos=array([0.5, 0. ]), rgb=array([1., 1., 1.]), text='          Press [space] key to continue.', units='norm', win=Window(...), wrapWidth=1)
19.6734 	EXP 	Created Artifact_rec_text = TextStim(__class__=<class 'psychopy.visual.text.TextStim'>, alignHoriz='center', alignVert='center', antialias=True, autoLog=True, bold=False, color=array([1., 1., 1.]), colorSpace='rgb', contrast=1.0, depth=-0.0, flipHoriz=False, flipVert=False, font='Arial', fontFiles=[], height=0.06, italic=False, languageStyle='LTR', name='Artifact_rec_text', opacity=1.0, ori=0.0, pos=array([0.5, 0.4]), rgb=array([1., 1., 1.]), text='', units='norm', win=Window(...), wrapWidth=1)
19.6748 	EXP 	Created Artifact_rec_recording = TextStim(__class__=<class 'psychopy.visual.text.TextStim'>, alignHoriz='center', alignVert='center', antialias=True, autoLog=True, bold=False, color=array([1., 1., 1.]), colorSpace='rgb', contrast=1.0, depth=-4.0, flipHoriz=False, flipVert=False, font='Arial', fontFiles=[], height=0.06, italic=False, languageStyle='LTR', name='Artifact_rec_recording', opacity=1.0, ori=0.0, pos=array([ 0.5, -0.4]), rgb=array([1., 1., 1.]), text='', units='norm', win=Window(...), wrapWidth=1)
19.6771 	EXP 	Created Artifact_rec_break = TextStim(__class__=<class 'psychopy.visual.text.TextStim'>, alignHoriz='center', alignVert='center', antialias=True, autoLog=True, bold=False, color=array([1., 1., 1.]), colorSpace='rgb', contrast=1.0, depth=-6.0, flipHoriz=False, flipVert=False, font='Arial', fontFiles=[], height=0.06, italic=False, languageStyle='LTR', name='Artifact_rec_break', opacity=1.0, ori=0.0, pos=array([ 0.5, -0.4]), rgb=array([1., 1., 1.]), text='Short break', units='norm', win=Window(...), wrapWidth=1)
19.6811 	EXP 	Created Cali_de_pre_intro_title = TextStim(__class__=<class 'psychopy.visual.text.TextStim'>, alignHoriz='center', alignVert='center', antialias=True, autoLog=True, bold=False, color=array([1., 1., 1.]), colorSpace='rgb', contrast=1.0, depth=-0.0, flipHoriz=False, flipVert=False, font='Arial', fontFiles=[], height=0.06, italic=False, languageStyle='LTR', name='Cali_de_pre_intro_title', opacity=1.0, ori=0.0, pos=array([0.5, 0.4]), rgb=array([1., 1., 1.]), text='READ OUT BLOCK (GERMAN)', units='norm', win=Window(...), wrapWidth=1)
19.6886 	EXP 	Created Cali_de_pre_intro_text = TextStim(__class__=<class 'psychopy.visual.text.TextStim'>, alignHoriz='center', alignVert='center', antialias=True, autoLog=True, bold=False, color=array([1., 1., 1.]), colorSpace='rgb', contrast=1.0, depth=-1.0, flipHoriz=False, flipVert=False, font='Arial', fontFiles=[], height=0.06, italic=False, languageStyle='LTR', name='Cali_de_pre_intro_text', opacity=1.0, ori=0.0, pos=array([0.5, 0. ]), rgb=array([1., 1., 1.]), text=str(...), units='norm', win=Window(...), wrapWidth=1)
19.6936 	EXP 	Created Cali_de_pre_intro_cont = TextStim(__class__=<class 'psychopy.visual.text.TextStim'>, alignHoriz='center', alignVert='center', antialias=True, autoLog=True, bold=False, color=array([1., 1., 1.]), colorSpace='rgb', contrast=1.0, depth=-4.0, flipHoriz=False, flipVert=False, font='Arial', fontFiles=[], height=0.06, italic=False, languageStyle='LTR', name='Cali_de_pre_intro_cont', opacity=1.0, ori=0.0, pos=array([0.5, 0. ]), rgb=array([1., 1., 1.]), text='          Press [space] key to continue.', units='norm', win=Window(...), wrapWidth=1)
19.6940 	EXP 	Created Cali_de_pre_rec_text = TextStim(__class__=<class 'psychopy.visual.text.TextStim'>, alignHoriz='center', alignVert='center', antialias=True, autoLog=True, bold=False, color=array([1., 1., 1.]), colorSpace='rgb', contrast=1.0, depth=-0.0, flipHoriz=False, flipVert=False, font='Arial', fontFiles=[], height=0.06, italic=False, languageStyle='LTR', name='Cali_de_pre_rec_text', opacity=1.0, ori=0.0, pos=array([0.5, 0.4]), rgb=array([1., 1., 1.]), text='', units='norm', win=Window(...), wrapWidth=1)
19.6948 	EXP 	Created Cali_de_pre_rec_question_text = TextStim(__class__=<class 'psychopy.visual.text.TextStim'>, alignHoriz='center', alignVert='center', antialias=True, autoLog=True, bold=False, color=array([1., 1., 1.]), colorSpace='rgb', contrast=1.0, depth=-2.0, flipHoriz=False, flipVert=False, font='Arial', fontFiles=[], height=0.06, italic=False, languageStyle='LTR', name='Cali_de_pre_rec_question_text', opacity=1.0, ori=0.0, pos=array([0.5, 0. ]), rgb=array([1., 1., 1.]), text='', units='norm', win=Window(...), wrapWidth=1)
19.6970 	EXP 	Created Cali_de_pre_rec_break = TextStim(__class__=<class 'psychopy.visual.text.TextStim'>, alignHoriz='center', alignVert='center', antialias=True, autoLog=True, bold=False, color=array([1., 1., 1.]), colorSpace='rgb', contrast=1.0, depth=-6.0, flipHoriz=False, flipVert=False, font='Arial', fontFiles=[], height=0.06, italic=False, languageStyle='LTR', name='Cali_de_pre_rec_break', opacity=1.0, ori=0.0, pos=array([ 0.5, -0.4]), rgb=array([1., 1., 1.]), text='Short break', units='norm', win=Window(...), wrapWidth=1)
19.6974 	EXP 	Created fade_in_text = TextStim(__class__=<class 'psychopy.visual.text.TextStim'>, alignHoriz='center', alignVert='center', antialias=True, autoLog=True, bold=False, color=array([1., 1., 1.]), colorSpace='rgb', contrast=1.0, depth=-0.0, flipHoriz=False, flipVert=False, font='Arial', fontFiles=[], height=0.06, italic=False, languageStyle='LTR', name='fade_in_text', opacity=1.0, ori=0.0, pos=array([0.5, 0.4]), rgb=array([1., 1., 1.]), text='', units='norm', win=Window(...), wrapWidth=1)
19.6994 	EXP 	Created RS_intro_title = TextStim(__class__=<class 'psychopy.visual.text.TextStim'>, alignHoriz='center', alignVert='center', antialias=True, autoLog=True, bold=False, color=array([1., 1., 1.]), colorSpace='rgb', contrast=1.0, depth=-0.0, flipHoriz=False, flipVert=False, font='Arial', fontFiles=[], height=0.06, italic=False, languageStyle='LTR', name='RS_intro_title', opacity=1.0, ori=0.0, pos=array([0.5, 0.4]), rgb=array([1., 1., 1.]), text='REST STATE BLOCK', units='norm', win=Window(...), wrapWidth=1)
19.7066 	EXP 	Created RS_intro_text = TextStim(__class__=<class 'psychopy.visual.text.TextStim'>, alignHoriz='center', alignVert='center', antialias=True, autoLog=True, bold=False, color=array([1., 1., 1.]), colorSpace='rgb', contrast=1.0, depth=-1.0, flipHoriz=False, flipVert=False, font='Arial', fontFiles=[], height=0.06, italic=False, languageStyle='LTR', name='RS_intro_text', opacity=1.0, ori=0.0, pos=array([0.5, 0. ]), rgb=array([1., 1., 1.]), text=str(...), units='norm', win=Window(...), wrapWidth=1)
19.7116 	EXP 	Created RS_rec_text = TextStim(__class__=<class 'psychopy.visual.text.TextStim'>, alignHoriz='center', alignVert='center', antialias=True, autoLog=True, bold=False, color=array([1., 1., 1.]), colorSpace='rgb', contrast=1.0, depth=-0.0, flipHoriz=False, flipVert=False, font='Arial', fontFiles=[], height=0.06, italic=False, languageStyle='LTR', name='RS_rec_text', opacity=1.0, ori=0.0, pos=array([0.5, 0. ]), rgb=array([1., 1., 1.]), text=str(...), units='norm', win=Window(...), wrapWidth=1)
19.7140 	EXP 	Created QA_intro_title = TextStim(__class__=<class 'psychopy.visual.text.TextStim'>, alignHoriz='center', alignVert='center', antialias=True, autoLog=True, bold=False, color=array([1., 1., 1.]), colorSpace='rgb', contrast=1.0, depth=-0.0, flipHoriz=False, flipVert=False, font='Arial', fontFiles=[], height=0.06, italic=False, languageStyle='LTR', name='QA_intro_title', opacity=1.0, ori=0.0, pos=array([0.5, 0.5]), rgb=array([1., 1., 1.]), text='Q&A BLOCK', units='norm', win=Window(...), wrapWidth=1)
19.7230 	EXP 	Created QA_intro_text = TextStim(__class__=<class 'psychopy.visual.text.TextStim'>, alignHoriz='center', alignVert='center', antialias=True, autoLog=True, bold=False, color=array([1., 1., 1.]), colorSpace='rgb', contrast=1.0, depth=-1.0, flipHoriz=False, flipVert=False, font='Arial', fontFiles=[], height=0.06, italic=False, languageStyle='LTR', name='QA_intro_text', opacity=1.0, ori=0.0, pos=array([0.5, 0. ]), rgb=array([1., 1., 1.]), text=str(...), units='norm', win=Window(...), wrapWidth=1)
19.7278 	EXP 	Created QA_intro_cont = TextStim(__class__=<class 'psychopy.visual.text.TextStim'>, alignHoriz='center', alignVert='center', antialias=True, autoLog=True, bold=False, color=array([1., 1., 1.]), colorSpace='rgb', contrast=1.0, depth=-4.0, flipHoriz=False, flipVert=False, font='Arial', fontFiles=[], height=0.06, italic=False, languageStyle='LTR', name='QA_intro_cont', opacity=1.0, ori=0.0, pos=array([0.5, 0. ]), rgb=array([1., 1., 1.]), text='          Press [space] key to continue.', units='norm', win=Window(...), wrapWidth=1)
19.7307 	EXP 	Created QA_rec_text = TextStim(__class__=<class 'psychopy.visual.text.TextStim'>, alignHoriz='center', alignVert='center', antialias=True, autoLog=True, bold=False, color=array([1., 1., 1.]), colorSpace='rgb', contrast=1.0, depth=-0.0, flipHoriz=False, flipVert=False, font='Arial', fontFiles=[], height=0.06, italic=False, languageStyle='LTR', name='QA_rec_text', opacity=1.0, ori=0.0, pos=array([0.5, 0. ]), rgb=array([1., 1., 1.]), text=str(...), units='norm', win=Window(...), wrapWidth=1)
19.7346 	EXP 	Created QA_rec_break = TextStim(__class__=<class 'psychopy.visual.text.TextStim'>, alignHoriz='center', alignVert='center', antialias=True, autoLog=True, bold=False, color=array([1., 1., 1.]), colorSpace='rgb', contrast=1.0, depth=-6.0, flipHoriz=False, flipVert=False, font='Arial', fontFiles=[], height=0.06, italic=False, languageStyle='LTR', name='QA_rec_break', opacity=1.0, ori=0.0, pos=array([ 0.5, -0.4]), rgb=array([1., 1., 1.]), text='Short break', units='norm', win=Window(...), wrapWidth=1)
19.7388 	EXP 	Created Pause_cont = TextStim(__class__=<class 'psychopy.visual.text.TextStim'>, alignHoriz='center', alignVert='center', antialias=True, autoLog=True, bold=False, color=array([1., 1., 1.]), colorSpace='rgb', contrast=1.0, depth=-2.0, flipHoriz=False, flipVert=False, font='Arial', fontFiles=[], height=0.06, italic=False, languageStyle='LTR', name='Pause_cont', opacity=1.0, ori=0.0, pos=array([0.5, 0. ]), rgb=array([1., 1., 1.]), text=str(...), units='norm', win=Window(...), wrapWidth=1)
19.7409 	EXP 	Created Cali_de_post_intro_title = TextStim(__class__=<class 'psychopy.visual.text.TextStim'>, alignHoriz='center', alignVert='center', antialias=True, autoLog=True, bold=False, color=array([1., 1., 1.]), colorSpace='rgb', contrast=1.0, depth=-0.0, flipHoriz=False, flipVert=False, font='Arial', fontFiles=[], height=0.06, italic=False, languageStyle='LTR', name='Cali_de_post_intro_title', opacity=1.0, ori=0.0, pos=array([0.5, 0.4]), rgb=array([1., 1., 1.]), text='READ OUT BLOCK (GERMAN)', units='norm', win=Window(...), wrapWidth=1)
19.7863 	EXP 	Created Cali_de_post_intro_text = TextStim(__class__=<class 'psychopy.visual.text.TextStim'>, alignHoriz='center', alignVert='center', antialias=True, autoLog=True, bold=False, color=array([1., 1., 1.]), colorSpace='rgb', contrast=1.0, depth=-1.0, flipHoriz=False, flipVert=False, font='Arial', fontFiles=[], height=0.06, italic=False, languageStyle='LTR', name='Cali_de_post_intro_text', opacity=1.0, ori=0.0, pos=array([0.5, 0. ]), rgb=array([1., 1., 1.]), text=str(...), units='norm', win=Window(...), wrapWidth=1)
19.7913 	EXP 	Created Cali_de_post_intro_cont = TextStim(__class__=<class 'psychopy.visual.text.TextStim'>, alignHoriz='center', alignVert='center', antialias=True, autoLog=True, bold=False, color=array([1., 1., 1.]), colorSpace='rgb', contrast=1.0, depth=-4.0, flipHoriz=False, flipVert=False, font='Arial', fontFiles=[], height=0.06, italic=False, languageStyle='LTR', name='Cali_de_post_intro_cont', opacity=1.0, ori=0.0, pos=array([0.5, 0. ]), rgb=array([1., 1., 1.]), text='          Press [space] key to continue.', units='norm', win=Window(...), wrapWidth=1)
19.7918 	EXP 	Created Cali_de_post_rec_text = TextStim(__class__=<class 'psychopy.visual.text.TextStim'>, alignHoriz='center', alignVert='center', antialias=True, autoLog=True, bold=False, color=array([1., 1., 1.]), colorSpace='rgb', contrast=1.0, depth=-0.0, flipHoriz=False, flipVert=False, font='Arial', fontFiles=[], height=0.06, italic=False, languageStyle='LTR', name='Cali_de_post_rec_text', opacity=1.0, ori=0.0, pos=array([0.5, 0.4]), rgb=array([1., 1., 1.]), text='', units='norm', win=Window(...), wrapWidth=1)
19.7928 	EXP 	Created Cali_de_post_rec_question_text = TextStim(__class__=<class 'psychopy.visual.text.TextStim'>, alignHoriz='center', alignVert='center', antialias=True, autoLog=True, bold=False, color=array([1., 1., 1.]), colorSpace='rgb', contrast=1.0, depth=-2.0, flipHoriz=False, flipVert=False, font='Arial', fontFiles=[], height=0.06, italic=False, languageStyle='LTR', name='Cali_de_post_rec_question_text', opacity=1.0, ori=0.0, pos=array([0.5, 0. ]), rgb=array([1., 1., 1.]), text='', units='norm', win=Window(...), wrapWidth=1)
19.7948 	EXP 	Created Cali_de_post_rec_break = TextStim(__class__=<class 'psychopy.visual.text.TextStim'>, alignHoriz='center', alignVert='center', antialias=True, autoLog=True, bold=False, color=array([1., 1., 1.]), colorSpace='rgb', contrast=1.0, depth=-6.0, flipHoriz=False, flipVert=False, font='Arial', fontFiles=[], height=0.06, italic=False, languageStyle='LTR', name='Cali_de_post_rec_break', opacity=1.0, ori=0.0, pos=array([ 0.5, -0.4]), rgb=array([1., 1., 1.]), text='Short break', units='norm', win=Window(...), wrapWidth=1)
19.7984 	EXP 	Created the_end_text = TextStim(__class__=<class 'psychopy.visual.text.TextStim'>, alignHoriz='center', alignVert='center', antialias=True, autoLog=True, bold=False, color=array([1., 1., 1.]), colorSpace='rgb', contrast=1.0, depth=-1.0, flipHoriz=False, flipVert=False, font='Arial', fontFiles=[], height=0.06, italic=False, languageStyle='LTR', name='the_end_text', opacity=1.0, ori=0.0, pos=array([0.7, 0. ]), rgb=array([1., 1., 1.]), text=str(...), units='norm', win=Window(...), wrapWidth=1)
21.8027 	EXP 	Created sequence: random, trialTypes=1, nReps=4, seed=None
21.8035 	EXP 	New trial (rep=0, index=0): None
21.8040 	EXP 	New trial (rep=1, index=0): None
21.8045 	EXP 	New trial (rep=2, index=0): None
21.8049 	EXP 	New trial (rep=3, index=0): None
22.8259 	EXP 	fade_in_text: text = 'Please remain seated until further instruction via the earphone.'
22.8259 	EXP 	fade_in_text: autoDraw = True
28.8262 	EXP 	fade_in_text: autoDraw = False
28.8428 	EXP 	fade_in_text: autoDraw = True
34.8431 	EXP 	fade_in_text: autoDraw = True
34.8598 	EXP 	fade_in_text: autoDraw = True
34.8765 	EXP 	fade_in_text: autoDraw = True
34.8931 	EXP 	fade_in_text: autoDraw = True
34.9099 	EXP 	fade_in_text: autoDraw = True
34.9265 	EXP 	fade_in_text: autoDraw = True
34.9432 	EXP 	fade_in_text: autoDraw = True
34.9599 	EXP 	fade_in_text: autoDraw = True
34.9765 	EXP 	fade_in_text: autoDraw = True
34.9932 	EXP 	fade_in_text: autoDraw = True
35.0097 	EXP 	fade_in_text: autoDraw = True
35.0265 	EXP 	fade_in_text: autoDraw = True
35.0432 	EXP 	fade_in_text: autoDraw = True
35.0598 	EXP 	fade_in_text: autoDraw = True
35.0765 	EXP 	fade_in_text: autoDraw = True
35.0932 	EXP 	fade_in_text: autoDraw = True
35.1098 	EXP 	fade_in_text: autoDraw = True
35.1265 	EXP 	fade_in_text: autoDraw = True
35.1432 	EXP 	fade_in_text: autoDraw = True
35.1598 	EXP 	fade_in_text: autoDraw = True
35.1765 	EXP 	fade_in_text: autoDraw = True
35.1933 	EXP 	fade_in_text: autoDraw = True
35.2098 	EXP 	fade_in_text: autoDraw = True
35.2265 	EXP 	fade_in_text: autoDraw = True
35.2432 	EXP 	fade_in_text: autoDraw = True
35.2598 	EXP 	fade_in_text: autoDraw = True
35.2765 	EXP 	fade_in_text: autoDraw = True
35.2933 	EXP 	fade_in_text: autoDraw = True
35.3098 	EXP 	fade_in_text: autoDraw = True
35.3265 	EXP 	fade_in_text: autoDraw = True
35.3432 	EXP 	fade_in_text: autoDraw = True
35.3598 	EXP 	fade_in_text: autoDraw = True
35.3766 	EXP 	fade_in_text: autoDraw = True
35.3933 	EXP 	fade_in_text: autoDraw = True
35.4098 	EXP 	fade_in_text: autoDraw = True
35.4265 	EXP 	fade_in_text: autoDraw = True
35.4432 	EXP 	fade_in_text: autoDraw = True
35.4598 	EXP 	fade_in_text: autoDraw = True
35.4765 	EXP 	fade_in_text: autoDraw = True
35.4932 	EXP 	fade_in_text: autoDraw = True
35.5099 	EXP 	fade_in_text: autoDraw = True
35.5265 	EXP 	fade_in_text: autoDraw = True
35.5432 	EXP 	fade_in_text: autoDraw = True
35.5599 	EXP 	fade_in_text: autoDraw = True
35.5765 	EXP 	fade_in_text: autoDraw = True
35.5931 	EXP 	fade_in_text: autoDraw = True
35.6098 	EXP 	fade_in_text: autoDraw = True
35.6265 	EXP 	fade_in_text: autoDraw = True
35.6432 	EXP 	fade_in_text: autoDraw = True
35.6599 	EXP 	fade_in_text: autoDraw = True
35.6765 	EXP 	fade_in_text: autoDraw = True
35.6931 	EXP 	fade_in_text: autoDraw = True
35.7099 	EXP 	fade_in_text: autoDraw = True
35.7265 	EXP 	fade_in_text: autoDraw = True
35.7432 	EXP 	fade_in_text: autoDraw = True
35.7599 	EXP 	fade_in_text: autoDraw = True
35.7765 	EXP 	fade_in_text: autoDraw = True
35.7931 	EXP 	fade_in_text: autoDraw = True
35.8098 	EXP 	fade_in_text: autoDraw = True
35.8265 	EXP 	fade_in_text: autoDraw = True
35.8432 	EXP 	fade_in_text: autoDraw = True
35.8599 	EXP 	fade_in_text: autoDraw = True
35.8766 	EXP 	fade_in_text: autoDraw = True
35.8931 	EXP 	fade_in_text: autoDraw = True
35.9099 	EXP 	fade_in_text: autoDraw = True
35.9266 	EXP 	fade_in_text: autoDraw = True
35.9432 	EXP 	fade_in_text: autoDraw = True
35.9599 	EXP 	fade_in_text: autoDraw = True
35.9767 	EXP 	fade_in_text: autoDraw = True
35.9931 	EXP 	fade_in_text: autoDraw = True
36.0099 	EXP 	fade_in_text: autoDraw = True
36.0266 	EXP 	fade_in_text: autoDraw = True
36.0432 	EXP 	fade_in_text: autoDraw = True
36.0599 	EXP 	fade_in_text: autoDraw = True
36.0766 	EXP 	fade_in_text: autoDraw = True
36.0931 	EXP 	fade_in_text: autoDraw = True
36.1099 	EXP 	fade_in_text: autoDraw = True
36.1266 	EXP 	fade_in_text: autoDraw = True
36.1432 	EXP 	fade_in_text: autoDraw = True
36.1599 	EXP 	fade_in_text: autoDraw = True
36.1765 	EXP 	fade_in_text: autoDraw = True
36.1931 	EXP 	fade_in_text: autoDraw = True
36.2099 	EXP 	fade_in_text: autoDraw = True
36.2266 	EXP 	fade_in_text: autoDraw = True
36.2432 	EXP 	fade_in_text: autoDraw = True
36.2599 	EXP 	fade_in_text: autoDraw = True
36.2765 	EXP 	fade_in_text: autoDraw = True
36.2931 	EXP 	fade_in_text: autoDraw = True
36.3099 	EXP 	fade_in_text: autoDraw = True
36.3266 	EXP 	fade_in_text: autoDraw = True
36.3432 	EXP 	fade_in_text: autoDraw = True
36.3599 	EXP 	fade_in_text: autoDraw = True
36.3765 	EXP 	fade_in_text: autoDraw = True
36.3931 	EXP 	fade_in_text: autoDraw = True
36.4099 	EXP 	fade_in_text: autoDraw = True
36.4266 	EXP 	fade_in_text: autoDraw = True
36.4432 	EXP 	fade_in_text: autoDraw = True
36.4599 	EXP 	fade_in_text: autoDraw = True
36.4765 	EXP 	fade_in_text: autoDraw = True
36.4932 	EXP 	fade_in_text: autoDraw = True
36.5099 	EXP 	fade_in_text: autoDraw = True
36.5266 	EXP 	fade_in_text: autoDraw = True
36.5432 	EXP 	fade_in_text: autoDraw = True
36.5601 	EXP 	fade_in_text: autoDraw = True
36.5765 	EXP 	fade_in_text: autoDraw = True
36.5932 	EXP 	fade_in_text: autoDraw = True
36.6099 	EXP 	fade_in_text: autoDraw = True
36.6266 	EXP 	fade_in_text: autoDraw = True
36.6433 	EXP 	fade_in_text: autoDraw = True
36.6600 	EXP 	fade_in_text: autoDraw = True
36.6765 	EXP 	fade_in_text: autoDraw = True
36.6933 	EXP 	fade_in_text: autoDraw = True
36.7099 	EXP 	fade_in_text: autoDraw = True
36.7267 	EXP 	fade_in_text: autoDraw = True
36.7432 	EXP 	fade_in_text: autoDraw = True
36.7600 	EXP 	fade_in_text: autoDraw = True
36.7765 	EXP 	fade_in_text: autoDraw = True
36.7932 	EXP 	fade_in_text: autoDraw = True
36.8099 	EXP 	fade_in_text: autoDraw = True
36.8266 	EXP 	fade_in_text: autoDraw = True
36.8432 	EXP 	fade_in_text: autoDraw = True
36.8601 	EXP 	fade_in_text: autoDraw = True
36.8765 	EXP 	fade_in_text: autoDraw = True
36.8933 	EXP 	fade_in_text: autoDraw = True
36.9099 	EXP 	fade_in_text: autoDraw = True
36.9266 	EXP 	fade_in_text: autoDraw = True
36.9433 	EXP 	fade_in_text: autoDraw = True
36.9599 	EXP 	fade_in_text: autoDraw = True
36.9765 	EXP 	fade_in_text: autoDraw = True
36.9933 	EXP 	fade_in_text: autoDraw = True
37.0099 	EXP 	fade_in_text: autoDraw = True
37.0266 	EXP 	fade_in_text: autoDraw = True
37.0433 	EXP 	fade_in_text: autoDraw = True
37.0599 	EXP 	fade_in_text: autoDraw = True
37.0765 	EXP 	fade_in_text: autoDraw = True
37.0933 	EXP 	fade_in_text: autoDraw = True
37.1099 	EXP 	fade_in_text: autoDraw = True
37.1266 	EXP 	fade_in_text: autoDraw = True
37.1433 	EXP 	fade_in_text: autoDraw = True
37.1599 	EXP 	fade_in_text: autoDraw = True
37.1766 	EXP 	fade_in_text: autoDraw = True
37.1933 	EXP 	fade_in_text: autoDraw = True
37.2099 	EXP 	fade_in_text: autoDraw = True
37.2266 	EXP 	fade_in_text: autoDraw = True
37.2433 	EXP 	fade_in_text: autoDraw = True
37.2599 	EXP 	fade_in_text: autoDraw = True
37.2766 	EXP 	fade_in_text: autoDraw = True
37.2933 	EXP 	fade_in_text: autoDraw = True
37.3100 	EXP 	fade_in_text: autoDraw = True
37.3266 	EXP 	fade_in_text: autoDraw = True
37.3434 	EXP 	fade_in_text: autoDraw = True
37.3599 	EXP 	fade_in_text: autoDraw = True
37.3766 	EXP 	fade_in_text: autoDraw = True
37.3933 	EXP 	fade_in_text: autoDraw = True
37.4100 	EXP 	fade_in_text: autoDraw = True
37.4266 	EXP 	fade_in_text: autoDraw = True
37.4434 	EXP 	fade_in_text: autoDraw = True
37.4599 	EXP 	fade_in_text: autoDraw = True
37.4766 	EXP 	fade_in_text: autoDraw = True
37.4933 	EXP 	fade_in_text: autoDraw = True
37.5100 	EXP 	fade_in_text: autoDraw = True
37.5266 	EXP 	fade_in_text: autoDraw = True
37.5435 	EXP 	fade_in_text: autoDraw = True
37.5599 	EXP 	fade_in_text: autoDraw = True
37.5766 	EXP 	fade_in_text: autoDraw = True
37.5933 	EXP 	fade_in_text: autoDraw = True
37.6100 	EXP 	fade_in_text: autoDraw = True
37.6266 	EXP 	fade_in_text: autoDraw = True
37.6432 	EXP 	fade_in_text: autoDraw = True
37.6599 	EXP 	fade_in_text: autoDraw = True
37.6766 	EXP 	fade_in_text: autoDraw = True
37.6933 	EXP 	fade_in_text: autoDraw = True
37.7100 	EXP 	fade_in_text: autoDraw = True
37.7267 	EXP 	fade_in_text: autoDraw = True
37.7432 	EXP 	fade_in_text: autoDraw = True
37.7599 	EXP 	fade_in_text: autoDraw = True
37.7766 	EXP 	fade_in_text: autoDraw = True
37.7933 	EXP 	fade_in_text: autoDraw = True
37.8100 	EXP 	fade_in_text: autoDraw = True
37.8266 	EXP 	fade_in_text: autoDraw = True
37.8432 	EXP 	fade_in_text: autoDraw = True
37.8599 	EXP 	fade_in_text: autoDraw = True
37.8766 	EXP 	fade_in_text: autoDraw = True
37.8933 	EXP 	fade_in_text: autoDraw = True
37.9100 	EXP 	fade_in_text: autoDraw = True
37.9267 	EXP 	fade_in_text: autoDraw = True
37.9433 	EXP 	fade_in_text: autoDraw = True
37.9600 	EXP 	fade_in_text: autoDraw = True
37.9767 	EXP 	fade_in_text: autoDraw = True
37.9933 	EXP 	fade_in_text: autoDraw = True
38.0100 	EXP 	fade_in_text: autoDraw = True
38.0268 	EXP 	fade_in_text: autoDraw = True
38.0433 	EXP 	fade_in_text: autoDraw = True
38.0600 	EXP 	fade_in_text: autoDraw = True
38.0767 	EXP 	fade_in_text: autoDraw = True
38.0933 	EXP 	fade_in_text: autoDraw = True
38.1100 	EXP 	fade_in_text: autoDraw = True
38.1268 	EXP 	fade_in_text: autoDraw = True
38.1433 	EXP 	fade_in_text: autoDraw = True
38.1600 	EXP 	fade_in_text: autoDraw = True
38.1767 	EXP 	fade_in_text: autoDraw = True
38.1933 	EXP 	fade_in_text: autoDraw = True
38.2100 	EXP 	fade_in_text: autoDraw = True
38.2266 	EXP 	fade_in_text: autoDraw = True
38.2433 	EXP 	fade_in_text: autoDraw = True
38.2600 	EXP 	fade_in_text: autoDraw = True
38.2767 	EXP 	fade_in_text: autoDraw = True
38.2933 	EXP 	fade_in_text: autoDraw = True
38.3100 	EXP 	fade_in_text: autoDraw = True
38.3267 	EXP 	fade_in_text: autoDraw = True
38.3433 	EXP 	fade_in_text: autoDraw = True
38.3600 	EXP 	fade_in_text: autoDraw = True
38.3767 	EXP 	fade_in_text: autoDraw = True
38.3933 	EXP 	fade_in_text: autoDraw = True
38.4100 	EXP 	fade_in_text: autoDraw = True
38.4266 	EXP 	fade_in_text: autoDraw = True
38.4433 	EXP 	fade_in_text: autoDraw = True
38.4600 	EXP 	fade_in_text: autoDraw = True
38.4767 	EXP 	fade_in_text: autoDraw = True
38.4933 	EXP 	fade_in_text: autoDraw = True
38.5100 	EXP 	fade_in_text: autoDraw = True
38.5267 	EXP 	fade_in_text: autoDraw = True
38.5434 	EXP 	fade_in_text: autoDraw = True
38.5600 	EXP 	fade_in_text: autoDraw = True
38.5767 	EXP 	fade_in_text: autoDraw = True
38.5933 	EXP 	fade_in_text: autoDraw = True
38.6101 	EXP 	fade_in_text: autoDraw = True
38.6266 	EXP 	fade_in_text: autoDraw = True
38.6434 	EXP 	fade_in_text: autoDraw = True
38.6600 	EXP 	fade_in_text: autoDraw = True
38.6767 	EXP 	fade_in_text: autoDraw = True
38.6934 	EXP 	fade_in_text: autoDraw = True
38.7101 	EXP 	fade_in_text: autoDraw = True
38.7267 	EXP 	fade_in_text: autoDraw = True
38.7434 	EXP 	fade_in_text: autoDraw = True
38.7600 	EXP 	fade_in_text: autoDraw = True
38.7767 	EXP 	fade_in_text: autoDraw = True
38.7934 	EXP 	fade_in_text: autoDraw = True
38.8099 	EXP 	fade_in_text: autoDraw = True
38.8266 	EXP 	fade_in_text: autoDraw = True
38.8434 	EXP 	fade_in_text: autoDraw = True
38.8600 	EXP 	fade_in_text: autoDraw = True
38.8767 	EXP 	fade_in_text: autoDraw = True
38.8934 	EXP 	fade_in_text: autoDraw = True
38.9099 	EXP 	fade_in_text: autoDraw = True
38.9267 	EXP 	fade_in_text: autoDraw = True
38.9434 	EXP 	fade_in_text: autoDraw = True
38.9600 	EXP 	fade_in_text: autoDraw = True
38.9767 	EXP 	fade_in_text: autoDraw = True
38.9934 	EXP 	fade_in_text: autoDraw = True
39.0099 	EXP 	fade_in_text: autoDraw = True
39.0266 	EXP 	fade_in_text: autoDraw = True
39.0434 	EXP 	fade_in_text: autoDraw = True
39.0600 	EXP 	fade_in_text: autoDraw = True
39.0767 	EXP 	fade_in_text: autoDraw = True
39.0934 	EXP 	fade_in_text: autoDraw = True
39.1100 	EXP 	fade_in_text: autoDraw = True
39.1267 	EXP 	fade_in_text: autoDraw = True
39.1434 	EXP 	fade_in_text: autoDraw = True
39.1601 	EXP 	fade_in_text: autoDraw = True
39.1767 	EXP 	fade_in_text: autoDraw = True
39.1935 	EXP 	fade_in_text: autoDraw = True
39.2100 	EXP 	fade_in_text: autoDraw = True
39.2267 	EXP 	fade_in_text: autoDraw = True
39.2434 	EXP 	fade_in_text: autoDraw = True
39.2600 	EXP 	fade_in_text: autoDraw = True
39.2767 	EXP 	fade_in_text: autoDraw = True
39.2935 	EXP 	fade_in_text: autoDraw = True
39.3100 	EXP 	fade_in_text: autoDraw = True
39.3267 	EXP 	fade_in_text: autoDraw = True
39.3434 	EXP 	fade_in_text: autoDraw = True
39.3600 	EXP 	fade_in_text: autoDraw = True
39.3767 	EXP 	fade_in_text: autoDraw = True
39.3935 	EXP 	fade_in_text: autoDraw = True
39.4100 	EXP 	fade_in_text: autoDraw = True
39.4267 	EXP 	fade_in_text: autoDraw = True
39.4434 	EXP 	fade_in_text: autoDraw = True
39.4601 	EXP 	fade_in_text: autoDraw = True
39.4767 	EXP 	fade_in_text: autoDraw = True
39.4935 	EXP 	fade_in_text: autoDraw = True
39.5100 	EXP 	fade_in_text: autoDraw = True
39.5267 	EXP 	fade_in_text: autoDraw = True
39.5434 	EXP 	fade_in_text: autoDraw = True
39.5601 	EXP 	fade_in_text: autoDraw = True
39.5767 	EXP 	fade_in_text: autoDraw = True
39.5933 	EXP 	fade_in_text: autoDraw = True
39.6100 	EXP 	fade_in_text: autoDraw = True
39.6267 	EXP 	fade_in_text: autoDraw = True
39.6434 	EXP 	fade_in_text: autoDraw = True
39.6601 	EXP 	fade_in_text: autoDraw = True
39.6767 	EXP 	fade_in_text: autoDraw = True
39.6933 	EXP 	fade_in_text: autoDraw = True
39.7100 	EXP 	fade_in_text: autoDraw = True
39.7268 	EXP 	fade_in_text: autoDraw = True
39.7434 	EXP 	fade_in_text: autoDraw = True
39.7601 	EXP 	fade_in_text: autoDraw = True
39.7767 	EXP 	fade_in_text: autoDraw = True
39.7933 	EXP 	fade_in_text: autoDraw = True
39.8101 	EXP 	fade_in_text: autoDraw = True
39.8267 	EXP 	fade_in_text: autoDraw = True
39.8434 	EXP 	fade_in_text: autoDraw = True
39.8601 	EXP 	fade_in_text: autoDraw = True
39.8768 	EXP 	fade_in_text: autoDraw = True
39.8933 	EXP 	fade_in_text: autoDraw = True
39.9101 	EXP 	fade_in_text: autoDraw = True
39.9268 	EXP 	fade_in_text: autoDraw = True
39.9434 	EXP 	fade_in_text: autoDraw = True
39.9601 	EXP 	fade_in_text: autoDraw = True
39.9769 	EXP 	fade_in_text: autoDraw = True
39.9933 	EXP 	fade_in_text: autoDraw = True
40.0101 	EXP 	fade_in_text: autoDraw = True
40.0267 	EXP 	fade_in_text: autoDraw = True
40.0434 	EXP 	fade_in_text: autoDraw = True
40.0601 	EXP 	fade_in_text: autoDraw = True
40.0769 	EXP 	fade_in_text: autoDraw = True
40.0933 	EXP 	fade_in_text: autoDraw = True
40.1101 	EXP 	fade_in_text: autoDraw = True
40.1268 	EXP 	fade_in_text: autoDraw = True
40.1434 	EXP 	fade_in_text: autoDraw = True
40.1601 	EXP 	fade_in_text: autoDraw = True
40.1768 	EXP 	fade_in_text: autoDraw = True
40.1933 	EXP 	fade_in_text: autoDraw = True
40.2101 	EXP 	fade_in_text: autoDraw = True
40.2268 	EXP 	fade_in_text: autoDraw = True
40.2435 	EXP 	fade_in_text: autoDraw = True
40.2601 	EXP 	fade_in_text: autoDraw = True
40.2767 	EXP 	fade_in_text: autoDraw = True
40.2934 	EXP 	fade_in_text: autoDraw = True
40.3101 	EXP 	fade_in_text: autoDraw = True
40.3268 	EXP 	fade_in_text: autoDraw = True
40.3434 	EXP 	fade_in_text: autoDraw = True
40.3601 	EXP 	fade_in_text: autoDraw = True
40.3767 	EXP 	fade_in_text: autoDraw = True
40.3934 	EXP 	fade_in_text: autoDraw = True
40.4101 	EXP 	fade_in_text: autoDraw = True
40.4268 	EXP 	fade_in_text: autoDraw = True
40.4435 	EXP 	fade_in_text: autoDraw = True
40.4602 	EXP 	fade_in_text: autoDraw = True
40.4767 	EXP 	fade_in_text: autoDraw = True
40.4934 	EXP 	fade_in_text: autoDraw = True
40.5101 	EXP 	fade_in_text: autoDraw = True
40.5268 	EXP 	fade_in_text: autoDraw = True
40.5435 	EXP 	fade_in_text: autoDraw = True
40.5602 	EXP 	fade_in_text: autoDraw = True
40.5767 	EXP 	fade_in_text: autoDraw = True
40.5935 	EXP 	fade_in_text: autoDraw = True
40.6101 	EXP 	fade_in_text: autoDraw = True
40.6268 	EXP 	fade_in_text: autoDraw = True
40.6435 	EXP 	fade_in_text: autoDraw = True
40.6603 	EXP 	fade_in_text: autoDraw = True
40.6767 	EXP 	fade_in_text: autoDraw = True
40.6934 	EXP 	fade_in_text: autoDraw = True
40.7101 	EXP 	fade_in_text: autoDraw = True
40.7268 	EXP 	fade_in_text: autoDraw = True
40.7435 	EXP 	fade_in_text: autoDraw = True
40.7600 	EXP 	fade_in_text: autoDraw = True
40.7767 	EXP 	fade_in_text: autoDraw = True
40.7935 	EXP 	fade_in_text: autoDraw = True
40.8101 	EXP 	fade_in_text: autoDraw = True
40.8268 	EXP 	fade_in_text: autoDraw = True
40.8437 	EXP 	fade_in_text: autoDraw = True
40.8601 	EXP 	fade_in_text: autoDraw = True
40.8768 	EXP 	fade_in_text: autoDraw = True
40.8935 	EXP 	fade_in_text: autoDraw = True
40.9101 	EXP 	fade_in_text: autoDraw = True
40.9268 	EXP 	fade_in_text: autoDraw = True
40.9437 	EXP 	fade_in_text: autoDraw = True
40.9601 	EXP 	fade_in_text: autoDraw = True
40.9768 	EXP 	fade_in_text: autoDraw = True
40.9935 	EXP 	fade_in_text: autoDraw = True
41.0102 	EXP 	fade_in_text: autoDraw = True
41.0268 	EXP 	fade_in_text: autoDraw = True
41.0435 	EXP 	fade_in_text: autoDraw = True
41.0602 	EXP 	fade_in_text: autoDraw = True
41.0768 	EXP 	fade_in_text: autoDraw = True
41.0935 	EXP 	fade_in_text: autoDraw = True
41.1101 	EXP 	fade_in_text: autoDraw = True
41.1268 	EXP 	fade_in_text: autoDraw = True
41.1436 	EXP 	fade_in_text: autoDraw = True
41.1602 	EXP 	fade_in_text: autoDraw = True
41.1768 	EXP 	fade_in_text: autoDraw = True
41.1935 	EXP 	fade_in_text: autoDraw = True
41.2102 	EXP 	fade_in_text: autoDraw = True
41.2268 	EXP 	fade_in_text: autoDraw = True
41.2434 	EXP 	fade_in_text: autoDraw = True
41.2602 	EXP 	fade_in_text: autoDraw = True
41.2768 	EXP 	fade_in_text: autoDraw = True
41.2935 	EXP 	fade_in_text: autoDraw = True
41.3102 	EXP 	fade_in_text: autoDraw = True
41.3268 	EXP 	fade_in_text: autoDraw = True
41.3435 	EXP 	fade_in_text: autoDraw = True
41.3602 	EXP 	fade_in_text: autoDraw = True
41.3768 	EXP 	fade_in_text: autoDraw = True
41.3935 	EXP 	fade_in_text: autoDraw = True
41.4102 	EXP 	fade_in_text: autoDraw = True
41.4268 	EXP 	fade_in_text: autoDraw = True
41.4434 	EXP 	fade_in_text: autoDraw = True
41.4602 	EXP 	fade_in_text: autoDraw = True
41.4768 	EXP 	fade_in_text: autoDraw = True
41.4935 	EXP 	fade_in_text: autoDraw = True
41.5102 	EXP 	fade_in_text: autoDraw = True
41.5270 	EXP 	fade_in_text: autoDraw = True
41.5435 	EXP 	fade_in_text: autoDraw = True
41.5602 	EXP 	fade_in_text: autoDraw = True
41.5768 	EXP 	fade_in_text: autoDraw = True
41.5935 	EXP 	fade_in_text: autoDraw = True
41.6102 	EXP 	fade_in_text: autoDraw = True
41.6270 	EXP 	fade_in_text: autoDraw = True
41.6434 	EXP 	fade_in_text: autoDraw = True
41.6602 	EXP 	fade_in_text: autoDraw = True
41.6768 	EXP 	fade_in_text: autoDraw = True
41.6935 	EXP 	fade_in_text: autoDraw = True
41.7102 	EXP 	fade_in_text: autoDraw = True
41.7268 	EXP 	fade_in_text: autoDraw = True
41.7435 	EXP 	fade_in_text: autoDraw = True
41.7602 	EXP 	fade_in_text: autoDraw = True
41.7768 	EXP 	fade_in_text: autoDraw = True
41.7935 	EXP 	fade_in_text: autoDraw = True
41.8102 	EXP 	fade_in_text: autoDraw = True
41.8268 	EXP 	fade_in_text: autoDraw = True
41.8434 	EXP 	fade_in_text: autoDraw = True
41.8602 	EXP 	fade_in_text: autoDraw = True
41.8769 	EXP 	fade_in_text: autoDraw = True
41.8935 	EXP 	fade_in_text: autoDraw = True
41.9102 	EXP 	fade_in_text: autoDraw = True
41.9268 	EXP 	fade_in_text: autoDraw = True
41.9435 	EXP 	fade_in_text: autoDraw = True
41.9602 	EXP 	fade_in_text: autoDraw = True
41.9769 	EXP 	fade_in_text: autoDraw = True
41.9935 	EXP 	fade_in_text: autoDraw = True
42.0102 	EXP 	fade_in_text: autoDraw = True
42.0268 	EXP 	fade_in_text: autoDraw = True
42.0435 	EXP 	fade_in_text: autoDraw = True
42.0602 	EXP 	fade_in_text: autoDraw = True
42.0769 	EXP 	fade_in_text: autoDraw = True
42.0935 	EXP 	fade_in_text: autoDraw = True
42.1103 	EXP 	fade_in_text: autoDraw = True
42.1268 	EXP 	fade_in_text: autoDraw = True
42.1435 	EXP 	fade_in_text: autoDraw = True
42.1602 	EXP 	fade_in_text: autoDraw = True
42.1769 	EXP 	fade_in_text: autoDraw = True
42.1935 	EXP 	fade_in_text: autoDraw = True
42.2103 	EXP 	fade_in_text: autoDraw = True
42.2268 	EXP 	fade_in_text: autoDraw = True
42.2435 	EXP 	fade_in_text: autoDraw = True
42.2602 	EXP 	fade_in_text: autoDraw = True
42.2769 	EXP 	fade_in_text: autoDraw = True
42.2935 	EXP 	fade_in_text: autoDraw = True
42.3101 	EXP 	fade_in_text: autoDraw = True
42.3268 	EXP 	fade_in_text: autoDraw = True
42.3436 	EXP 	fade_in_text: autoDraw = True
42.3602 	EXP 	fade_in_text: autoDraw = True
42.3769 	EXP 	fade_in_text: autoDraw = True
42.3936 	EXP 	fade_in_text: autoDraw = True
42.4101 	EXP 	fade_in_text: autoDraw = True
42.4269 	EXP 	fade_in_text: autoDraw = True
42.4436 	EXP 	fade_in_text: autoDraw = True
42.4602 	EXP 	fade_in_text: autoDraw = True
42.4769 	EXP 	fade_in_text: autoDraw = True
42.4937 	EXP 	fade_in_text: autoDraw = True
42.5101 	EXP 	fade_in_text: autoDraw = True
42.5269 	EXP 	fade_in_text: autoDraw = True
42.5436 	EXP 	fade_in_text: autoDraw = True
42.5602 	EXP 	fade_in_text: autoDraw = True
42.5769 	EXP 	fade_in_text: autoDraw = True
42.5936 	EXP 	fade_in_text: autoDraw = True
42.6101 	EXP 	fade_in_text: autoDraw = True
42.6269 	EXP 	fade_in_text: autoDraw = True
42.6436 	EXP 	fade_in_text: autoDraw = True
42.6602 	EXP 	fade_in_text: autoDraw = True
42.6769 	EXP 	fade_in_text: autoDraw = True
42.6935 	EXP 	fade_in_text: autoDraw = True
42.7102 	EXP 	fade_in_text: autoDraw = True
42.7269 	EXP 	fade_in_text: autoDraw = True
42.7436 	EXP 	fade_in_text: autoDraw = True
42.7602 	EXP 	fade_in_text: autoDraw = True
42.7769 	EXP 	fade_in_text: autoDraw = True
42.7935 	EXP 	fade_in_text: autoDraw = True
42.8102 	EXP 	fade_in_text: autoDraw = True
42.8269 	EXP 	fade_in_text: autoDraw = True
42.8436 	EXP 	fade_in_text: autoDraw = True
42.8603 	EXP 	fade_in_text: autoDraw = True
42.8769 	EXP 	fade_in_text: autoDraw = True
42.8935 	EXP 	fade_in_text: autoDraw = True
42.9102 	EXP 	fade_in_text: autoDraw = True
42.9269 	EXP 	fade_in_text: autoDraw = True
42.9436 	EXP 	fade_in_text: autoDraw = True
42.9602 	EXP 	fade_in_text: autoDraw = True
42.9770 	EXP 	fade_in_text: autoDraw = True
42.9935 	EXP 	fade_in_text: autoDraw = True
43.0103 	EXP 	fade_in_text: autoDraw = True
43.0269 	EXP 	fade_in_text: autoDraw = True
43.0436 	EXP 	fade_in_text: autoDraw = True
43.0604 	EXP 	fade_in_text: autoDraw = True
43.0770 	EXP 	fade_in_text: autoDraw = True
43.0935 	EXP 	fade_in_text: autoDraw = True
43.1103 	EXP 	fade_in_text: autoDraw = True
43.1269 	EXP 	fade_in_text: autoDraw = True
43.1436 	EXP 	fade_in_text: autoDraw = True
43.1604 	EXP 	fade_in_text: autoDraw = True
43.1768 	EXP 	fade_in_text: autoDraw = True
43.1935 	EXP 	fade_in_text: autoDraw = True
43.2103 	EXP 	fade_in_text: autoDraw = True
43.2269 	EXP 	fade_in_text: autoDraw = True
43.2436 	EXP 	fade_in_text: autoDraw = True
43.2604 	EXP 	fade_in_text: autoDraw = True
43.2770 	EXP 	fade_in_text: autoDraw = True
43.2936 	EXP 	fade_in_text: autoDraw = True
43.3103 	EXP 	fade_in_text: autoDraw = True
43.3269 	EXP 	fade_in_text: autoDraw = True
43.3436 	EXP 	fade_in_text: autoDraw = True
43.3605 	EXP 	fade_in_text: autoDraw = True
43.3769 	EXP 	fade_in_text: autoDraw = True
43.3936 	EXP 	fade_in_text: autoDraw = True
43.4103 	EXP 	fade_in_text: autoDraw = True
43.4269 	EXP 	fade_in_text: autoDraw = True
43.4436 	EXP 	fade_in_text: autoDraw = True
43.4603 	EXP 	fade_in_text: autoDraw = True
43.4769 	EXP 	fade_in_text: autoDraw = True
43.4936 	EXP 	fade_in_text: autoDraw = True
43.5103 	EXP 	fade_in_text: autoDraw = True
43.5269 	EXP 	fade_in_text: autoDraw = True
43.5436 	EXP 	fade_in_text: autoDraw = True
43.5604 	EXP 	fade_in_text: autoDraw = True
43.5769 	EXP 	fade_in_text: autoDraw = True
43.5936 	EXP 	fade_in_text: autoDraw = True
43.6103 	EXP 	fade_in_text: autoDraw = True
43.6269 	EXP 	fade_in_text: autoDraw = True
43.6436 	EXP 	fade_in_text: autoDraw = True
43.6602 	EXP 	fade_in_text: autoDraw = True
43.6770 	EXP 	fade_in_text: autoDraw = True
43.6936 	EXP 	fade_in_text: autoDraw = True
43.7103 	EXP 	fade_in_text: autoDraw = True
43.7269 	EXP 	fade_in_text: autoDraw = True
43.7436 	EXP 	fade_in_text: autoDraw = True
43.7603 	EXP 	fade_in_text: autoDraw = True
43.7770 	EXP 	fade_in_text: autoDraw = True
43.7936 	EXP 	fade_in_text: autoDraw = True
43.8103 	EXP 	fade_in_text: autoDraw = True
43.8269 	EXP 	fade_in_text: autoDraw = True
43.8437 	EXP 	fade_in_text: autoDraw = True
43.8602 	EXP 	fade_in_text: autoDraw = True
43.8770 	EXP 	fade_in_text: autoDraw = True
43.8936 	EXP 	fade_in_text: autoDraw = True
43.9103 	EXP 	fade_in_text: autoDraw = True
43.9270 	EXP 	fade_in_text: autoDraw = True
43.9438 	EXP 	fade_in_text: autoDraw = True
43.9603 	EXP 	fade_in_text: autoDraw = True
43.9770 	EXP 	fade_in_text: autoDraw = True
43.9936 	EXP 	fade_in_text: autoDraw = True
44.0103 	EXP 	fade_in_text: autoDraw = True
44.0270 	EXP 	fade_in_text: autoDraw = True
44.0435 	EXP 	fade_in_text: autoDraw = True
44.0602 	EXP 	fade_in_text: autoDraw = True
44.0770 	EXP 	fade_in_text: autoDraw = True
44.0936 	EXP 	fade_in_text: autoDraw = True
44.1103 	EXP 	fade_in_text: autoDraw = True
44.1270 	EXP 	fade_in_text: autoDraw = True
44.1435 	EXP 	fade_in_text: autoDraw = True
44.1603 	EXP 	fade_in_text: autoDraw = True
44.1770 	EXP 	fade_in_text: autoDraw = True
44.1936 	EXP 	fade_in_text: autoDraw = True
44.2103 	EXP 	fade_in_text: autoDraw = True
44.2271 	EXP 	fade_in_text: autoDraw = True
44.2435 	EXP 	fade_in_text: autoDraw = True
44.2603 	EXP 	fade_in_text: autoDraw = True
44.2770 	EXP 	fade_in_text: autoDraw = True
44.2936 	EXP 	fade_in_text: autoDraw = True
44.3103 	EXP 	fade_in_text: autoDraw = True
44.3271 	EXP 	fade_in_text: autoDraw = True
44.3436 	EXP 	fade_in_text: autoDraw = True
44.3604 	EXP 	fade_in_text: autoDraw = True
44.3770 	EXP 	fade_in_text: autoDraw = True
44.3937 	EXP 	fade_in_text: autoDraw = True
44.4103 	EXP 	fade_in_text: autoDraw = True
44.4271 	EXP 	fade_in_text: autoDraw = True
44.4436 	EXP 	fade_in_text: autoDraw = True
44.4603 	EXP 	fade_in_text: autoDraw = True
44.4770 	EXP 	fade_in_text: autoDraw = True
44.4937 	EXP 	fade_in_text: autoDraw = True
44.5103 	EXP 	fade_in_text: autoDraw = True
44.5269 	EXP 	fade_in_text: autoDraw = True
44.5436 	EXP 	fade_in_text: autoDraw = True
44.5603 	EXP 	fade_in_text: autoDraw = True
44.5770 	EXP 	fade_in_text: autoDraw = True
44.5936 	EXP 	fade_in_text: autoDraw = True
44.6103 	EXP 	fade_in_text: autoDraw = True
44.6269 	EXP 	fade_in_text: autoDraw = True
44.6437 	EXP 	fade_in_text: autoDraw = True
44.6604 	EXP 	fade_in_text: autoDraw = True
44.6770 	EXP 	fade_in_text: autoDraw = True
44.6937 	EXP 	fade_in_text: autoDraw = True
44.7104 	EXP 	fade_in_text: autoDraw = True
44.7269 	EXP 	fade_in_text: autoDraw = True
44.7437 	EXP 	fade_in_text: autoDraw = True
44.7604 	EXP 	fade_in_text: autoDraw = True
44.7770 	EXP 	fade_in_text: autoDraw = True
44.7937 	EXP 	fade_in_text: autoDraw = True
44.8105 	EXP 	fade_in_text: autoDraw = True
44.8269 	EXP 	fade_in_text: autoDraw = True
44.8437 	EXP 	fade_in_text: autoDraw = True
44.8604 	EXP 	fade_in_text: autoDraw = True
44.8770 	EXP 	fade_in_text: autoDraw = True
44.8937 	EXP 	fade_in_text: autoDraw = True
44.9103 	EXP 	fade_in_text: autoDraw = True
44.9269 	EXP 	fade_in_text: autoDraw = True
44.9437 	EXP 	fade_in_text: autoDraw = True
44.9604 	EXP 	fade_in_text: autoDraw = True
44.9770 	EXP 	fade_in_text: autoDraw = True
44.9937 	EXP 	fade_in_text: autoDraw = True
45.0103 	EXP 	fade_in_text: autoDraw = True
45.0269 	EXP 	fade_in_text: autoDraw = True
45.0437 	EXP 	fade_in_text: autoDraw = True
45.0604 	EXP 	fade_in_text: autoDraw = True
45.0770 	EXP 	fade_in_text: autoDraw = True
45.0937 	EXP 	fade_in_text: autoDraw = True
45.1103 	EXP 	fade_in_text: autoDraw = True
45.1270 	EXP 	fade_in_text: autoDraw = True
45.1437 	EXP 	fade_in_text: autoDraw = True
45.1604 	EXP 	fade_in_text: autoDraw = True
45.1771 	EXP 	fade_in_text: autoDraw = True
45.1938 	EXP 	fade_in_text: autoDraw = True
45.2103 	EXP 	fade_in_text: autoDraw = True
45.2270 	EXP 	fade_in_text: autoDraw = True
45.2437 	EXP 	fade_in_text: autoDraw = True
45.2604 	EXP 	fade_in_text: autoDraw = True
45.2771 	EXP 	fade_in_text: autoDraw = True
45.2938 	EXP 	fade_in_text: autoDraw = True
45.3103 	EXP 	fade_in_text: autoDraw = True
45.3270 	EXP 	fade_in_text: autoDraw = True
45.3437 	EXP 	fade_in_text: autoDraw = True
45.3604 	EXP 	fade_in_text: autoDraw = True
45.3771 	EXP 	fade_in_text: autoDraw = True
45.3936 	EXP 	fade_in_text: autoDraw = True
45.4103 	EXP 	fade_in_text: autoDraw = True
45.4270 	EXP 	fade_in_text: autoDraw = True
45.4437 	EXP 	fade_in_text: autoDraw = True
45.4604 	EXP 	fade_in_text: autoDraw = True
45.4773 	EXP 	fade_in_text: autoDraw = True
45.4937 	EXP 	fade_in_text: autoDraw = True
45.5104 	EXP 	fade_in_text: autoDraw = True
45.5270 	EXP 	fade_in_text: autoDraw = True
45.5437 	EXP 	fade_in_text: autoDraw = True
45.5604 	EXP 	fade_in_text: autoDraw = True
45.5772 	EXP 	fade_in_text: autoDraw = True
45.5937 	EXP 	fade_in_text: autoDraw = True
45.6104 	EXP 	fade_in_text: autoDraw = True
45.6270 	EXP 	fade_in_text: autoDraw = True
45.6437 	EXP 	fade_in_text: autoDraw = True
45.6604 	EXP 	fade_in_text: autoDraw = True
45.6772 	EXP 	fade_in_text: autoDraw = True
45.6937 	EXP 	fade_in_text: autoDraw = True
45.7104 	EXP 	fade_in_text: autoDraw = True
45.7271 	EXP 	fade_in_text: autoDraw = True
45.7437 	EXP 	fade_in_text: autoDraw = True
45.7604 	EXP 	fade_in_text: autoDraw = True
45.7773 	EXP 	fade_in_text: autoDraw = True
45.7937 	EXP 	fade_in_text: autoDraw = True
45.8104 	EXP 	fade_in_text: autoDraw = True
45.8270 	EXP 	fade_in_text: autoDraw = True
45.8437 	EXP 	fade_in_text: autoDraw = True
45.8604 	EXP 	fade_in_text: autoDraw = True
45.8770 	EXP 	fade_in_text: autoDraw = True
45.8937 	EXP 	fade_in_text: autoDraw = True
45.9104 	EXP 	fade_in_text: autoDraw = True
45.9271 	EXP 	fade_in_text: autoDraw = True
45.9437 	EXP 	fade_in_text: autoDraw = True
45.9604 	EXP 	fade_in_text: autoDraw = True
45.9771 	EXP 	fade_in_text: autoDraw = True
45.9937 	EXP 	fade_in_text: autoDraw = True
46.0104 	EXP 	fade_in_text: autoDraw = True
46.0271 	EXP 	fade_in_text: autoDraw = True
46.0437 	EXP 	fade_in_text: autoDraw = True
46.0605 	EXP 	fade_in_text: autoDraw = True
46.0770 	EXP 	fade_in_text: autoDraw = True
46.0938 	EXP 	fade_in_text: autoDraw = True
46.1104 	EXP 	fade_in_text: autoDraw = True
46.1271 	EXP 	fade_in_text: autoDraw = True
46.1437 	EXP 	fade_in_text: autoDraw = True
46.1605 	EXP 	fade_in_text: autoDraw = True
46.1771 	EXP 	fade_in_text: autoDraw = True
46.1937 	EXP 	fade_in_text: autoDraw = True
46.2104 	EXP 	fade_in_text: autoDraw = True
46.2271 	EXP 	fade_in_text: autoDraw = True
46.2437 	EXP 	fade_in_text: autoDraw = True
46.2605 	EXP 	fade_in_text: autoDraw = True
46.2770 	EXP 	fade_in_text: autoDraw = True
46.2938 	EXP 	fade_in_text: autoDraw = True
46.3104 	EXP 	fade_in_text: autoDraw = True
46.3271 	EXP 	fade_in_text: autoDraw = True
46.3437 	EXP 	fade_in_text: autoDraw = True
46.3604 	EXP 	fade_in_text: autoDraw = True
46.3771 	EXP 	fade_in_text: autoDraw = True
46.3938 	EXP 	fade_in_text: autoDraw = True
46.4104 	EXP 	fade_in_text: autoDraw = True
46.4271 	EXP 	fade_in_text: autoDraw = True
46.4437 	EXP 	fade_in_text: autoDraw = True
46.4603 	EXP 	fade_in_text: autoDraw = True
46.4771 	EXP 	fade_in_text: autoDraw = True
46.4938 	EXP 	fade_in_text: autoDraw = True
46.5104 	EXP 	fade_in_text: autoDraw = True
46.5271 	EXP 	fade_in_text: autoDraw = True
46.5439 	EXP 	fade_in_text: autoDraw = True
46.5604 	EXP 	fade_in_text: autoDraw = True
46.5771 	EXP 	fade_in_text: autoDraw = True
46.5938 	EXP 	fade_in_text: autoDraw = True
46.6104 	EXP 	fade_in_text: autoDraw = True
46.6271 	EXP 	fade_in_text: autoDraw = True
46.6439 	EXP 	fade_in_text: autoDraw = True
46.6603 	EXP 	fade_in_text: autoDraw = True
46.6771 	EXP 	fade_in_text: autoDraw = True
46.6938 	EXP 	fade_in_text: autoDraw = True
46.7104 	EXP 	fade_in_text: autoDraw = True
46.7271 	EXP 	fade_in_text: autoDraw = True
46.7439 	EXP 	fade_in_text: autoDraw = True
46.7604 	EXP 	fade_in_text: autoDraw = True
46.7771 	EXP 	fade_in_text: autoDraw = True
46.7938 	EXP 	fade_in_text: autoDraw = True
46.8104 	EXP 	fade_in_text: autoDraw = True
46.8271 	EXP 	fade_in_text: autoDraw = True
46.8439 	EXP 	fade_in_text: autoDraw = True
46.8604 	EXP 	fade_in_text: autoDraw = True
46.8771 	EXP 	fade_in_text: autoDraw = True
46.8938 	EXP 	fade_in_text: autoDraw = True
46.9104 	EXP 	fade_in_text: autoDraw = True
46.9271 	EXP 	fade_in_text: autoDraw = True
46.9437 	EXP 	fade_in_text: autoDraw = True
46.9604 	EXP 	fade_in_text: autoDraw = True
46.9771 	EXP 	fade_in_text: autoDraw = True
46.9938 	EXP 	fade_in_text: autoDraw = True
47.0104 	EXP 	fade_in_text: autoDraw = True
47.0271 	EXP 	fade_in_text: autoDraw = True
47.0437 	EXP 	fade_in_text: autoDraw = True
47.0604 	EXP 	fade_in_text: autoDraw = True
47.0771 	EXP 	fade_in_text: autoDraw = True
47.0938 	EXP 	fade_in_text: autoDraw = True
47.1105 	EXP 	fade_in_text: autoDraw = True
47.1272 	EXP 	fade_in_text: autoDraw = True
47.1437 	EXP 	fade_in_text: autoDraw = True
47.1605 	EXP 	fade_in_text: autoDraw = True
47.1771 	EXP 	fade_in_text: autoDraw = True
47.1938 	EXP 	fade_in_text: autoDraw = True
47.2105 	EXP 	fade_in_text: autoDraw = True
47.2272 	EXP 	fade_in_text: autoDraw = True
47.2437 	EXP 	fade_in_text: autoDraw = True
47.2605 	EXP 	fade_in_text: autoDraw = True
47.2771 	EXP 	fade_in_text: autoDraw = True
47.2938 	EXP 	fade_in_text: autoDraw = True
47.3106 	EXP 	fade_in_text: autoDraw = True
47.3272 	EXP 	fade_in_text: autoDraw = True
47.3437 	EXP 	fade_in_text: autoDraw = True
47.3605 	EXP 	fade_in_text: autoDraw = True
47.3772 	EXP 	fade_in_text: autoDraw = True
47.3938 	EXP 	fade_in_text: autoDraw = True
47.4105 	EXP 	fade_in_text: autoDraw = True
47.4270 	EXP 	fade_in_text: autoDraw = True
47.4437 	EXP 	fade_in_text: autoDraw = True
47.4605 	EXP 	fade_in_text: autoDraw = True
47.4771 	EXP 	fade_in_text: autoDraw = True
47.4938 	EXP 	fade_in_text: autoDraw = True
47.5106 	EXP 	fade_in_text: autoDraw = True
47.5271 	EXP 	fade_in_text: autoDraw = True
47.5438 	EXP 	fade_in_text: autoDraw = True
47.5605 	EXP 	fade_in_text: autoDraw = True
47.5772 	EXP 	fade_in_text: autoDraw = True
47.5938 	EXP 	fade_in_text: autoDraw = True
47.6105 	EXP 	fade_in_text: autoDraw = True
47.6271 	EXP 	fade_in_text: autoDraw = True
47.6438 	EXP 	fade_in_text: autoDraw = True
47.6605 	EXP 	fade_in_text: autoDraw = True
47.6772 	EXP 	fade_in_text: autoDraw = True
47.6938 	EXP 	fade_in_text: autoDraw = True
47.7107 	EXP 	fade_in_text: autoDraw = True
47.7271 	EXP 	fade_in_text: autoDraw = True
47.7438 	EXP 	fade_in_text: autoDraw = True
47.7605 	EXP 	fade_in_text: autoDraw = True
47.7772 	EXP 	fade_in_text: autoDraw = True
47.7938 	EXP 	fade_in_text: autoDraw = True
47.8107 	EXP 	fade_in_text: autoDraw = True
47.8271 	EXP 	fade_in_text: autoDraw = True
47.8438 	EXP 	fade_in_text: autoDraw = True
47.8605 	EXP 	fade_in_text: autoDraw = True
47.8772 	EXP 	fade_in_text: autoDraw = True
47.8938 	EXP 	fade_in_text: autoDraw = True
47.9107 	EXP 	fade_in_text: autoDraw = True
47.9271 	EXP 	fade_in_text: autoDraw = True
47.9438 	EXP 	fade_in_text: autoDraw = True
47.9605 	EXP 	fade_in_text: autoDraw = True
47.9772 	EXP 	fade_in_text: autoDraw = True
47.9938 	EXP 	fade_in_text: autoDraw = True
48.0105 	EXP 	fade_in_text: autoDraw = True
48.0271 	EXP 	fade_in_text: autoDraw = True
48.0438 	EXP 	fade_in_text: autoDraw = True
48.0605 	EXP 	fade_in_text: autoDraw = True
48.0772 	EXP 	fade_in_text: autoDraw = True
48.0938 	EXP 	fade_in_text: autoDraw = True
48.1105 	EXP 	fade_in_text: autoDraw = True
48.1271 	EXP 	fade_in_text: autoDraw = True
48.1438 	EXP 	fade_in_text: autoDraw = True
48.1605 	EXP 	fade_in_text: autoDraw = True
48.1772 	EXP 	fade_in_text: autoDraw = True
48.1938 	EXP 	fade_in_text: autoDraw = True
48.2105 	EXP 	fade_in_text: autoDraw = True
48.2272 	EXP 	fade_in_text: autoDraw = True
48.2439 	EXP 	fade_in_text: autoDraw = True
48.2605 	EXP 	fade_in_text: autoDraw = True
48.2772 	EXP 	fade_in_text: autoDraw = True
48.2940 	EXP 	fade_in_text: autoDraw = True
48.3104 	EXP 	fade_in_text: autoDraw = True
48.3272 	EXP 	fade_in_text: autoDraw = True
48.3439 	EXP 	fade_in_text: autoDraw = True
48.3605 	EXP 	fade_in_text: autoDraw = True
48.3772 	EXP 	fade_in_text: autoDraw = True
48.3940 	EXP 	fade_in_text: autoDraw = True
48.4104 	EXP 	fade_in_text: autoDraw = True
48.4272 	EXP 	fade_in_text: autoDraw = True
48.4439 	EXP 	fade_in_text: autoDraw = True
48.4605 	EXP 	fade_in_text: autoDraw = True
48.4772 	EXP 	fade_in_text: autoDraw = True
48.4940 	EXP 	fade_in_text: autoDraw = True
48.5105 	EXP 	fade_in_text: autoDraw = True
48.5272 	EXP 	fade_in_text: autoDraw = True
48.5439 	EXP 	fade_in_text: autoDraw = True
48.5605 	EXP 	fade_in_text: autoDraw = True
48.5772 	EXP 	fade_in_text: autoDraw = True
48.5939 	EXP 	fade_in_text: autoDraw = True
48.6104 	EXP 	fade_in_text: autoDraw = True
48.6272 	EXP 	fade_in_text: autoDraw = True
48.6439 	EXP 	fade_in_text: autoDraw = True
48.6605 	EXP 	fade_in_text: autoDraw = True
48.6772 	EXP 	fade_in_text: autoDraw = True
48.6939 	EXP 	fade_in_text: autoDraw = True
48.7105 	EXP 	fade_in_text: autoDraw = True
48.7272 	EXP 	fade_in_text: autoDraw = True
48.7439 	EXP 	fade_in_text: autoDraw = True
48.7605 	EXP 	fade_in_text: autoDraw = True
48.7772 	EXP 	fade_in_text: autoDraw = True
48.7939 	EXP 	fade_in_text: autoDraw = True
48.8106 	EXP 	fade_in_text: autoDraw = True
48.8272 	EXP 	fade_in_text: autoDraw = True
48.8439 	EXP 	fade_in_text: autoDraw = True
48.8606 	EXP 	fade_in_text: autoDraw = True
48.8772 	EXP 	fade_in_text: autoDraw = True
48.8938 	EXP 	fade_in_text: autoDraw = True
48.9106 	EXP 	fade_in_text: autoDraw = True
48.9272 	EXP 	fade_in_text: autoDraw = True
48.9439 	EXP 	fade_in_text: autoDraw = True
48.9606 	EXP 	fade_in_text: autoDraw = True
48.9773 	EXP 	fade_in_text: autoDraw = True
48.9939 	EXP 	fade_in_text: autoDraw = True
49.0106 	EXP 	fade_in_text: autoDraw = True
49.0272 	EXP 	fade_in_text: autoDraw = True
49.0439 	EXP 	fade_in_text: autoDraw = True
49.0606 	EXP 	fade_in_text: autoDraw = True
49.0773 	EXP 	fade_in_text: autoDraw = True
49.0938 	EXP 	fade_in_text: autoDraw = True
49.1106 	EXP 	fade_in_text: autoDraw = True
49.1272 	EXP 	fade_in_text: autoDraw = True
49.1439 	EXP 	fade_in_text: autoDraw = True
49.1605 	EXP 	fade_in_text: autoDraw = True
49.1774 	EXP 	fade_in_text: autoDraw = True
49.1939 	EXP 	fade_in_text: autoDraw = True
49.2106 	EXP 	fade_in_text: autoDraw = True
49.2272 	EXP 	fade_in_text: autoDraw = True
49.2439 	EXP 	fade_in_text: autoDraw = True
49.2606 	EXP 	fade_in_text: autoDraw = True
49.2772 	EXP 	fade_in_text: autoDraw = True
49.2938 	EXP 	fade_in_text: autoDraw = True
49.3107 	EXP 	fade_in_text: autoDraw = True
49.3273 	EXP 	fade_in_text: autoDraw = True
49.3439 	EXP 	fade_in_text: autoDraw = True
49.3606 	EXP 	fade_in_text: autoDraw = True
49.3772 	EXP 	fade_in_text: autoDraw = True
49.3939 	EXP 	fade_in_text: autoDraw = True
49.4106 	EXP 	fade_in_text: autoDraw = True
49.4273 	EXP 	fade_in_text: autoDraw = True
49.4439 	EXP 	fade_in_text: autoDraw = True
49.4606 	EXP 	fade_in_text: autoDraw = True
49.4772 	EXP 	fade_in_text: autoDraw = True
49.4939 	EXP 	fade_in_text: autoDraw = True
49.5106 	EXP 	fade_in_text: autoDraw = True
49.5273 	EXP 	fade_in_text: autoDraw = True
49.5439 	EXP 	fade_in_text: autoDraw = True
49.5607 	EXP 	fade_in_text: autoDraw = True
49.5772 	EXP 	fade_in_text: autoDraw = True
49.5939 	EXP 	fade_in_text: autoDraw = True
49.6106 	EXP 	fade_in_text: autoDraw = True
49.6273 	EXP 	fade_in_text: autoDraw = True
49.6439 	EXP 	fade_in_text: autoDraw = True
49.6607 	EXP 	fade_in_text: autoDraw = True
49.6772 	EXP 	fade_in_text: autoDraw = True
49.6939 	EXP 	fade_in_text: autoDraw = True
49.7106 	EXP 	fade_in_text: autoDraw = True
49.7273 	EXP 	fade_in_text: autoDraw = True
49.7439 	EXP 	fade_in_text: autoDraw = True
49.7607 	EXP 	fade_in_text: autoDraw = True
49.7772 	EXP 	fade_in_text: autoDraw = True
49.7939 	EXP 	fade_in_text: autoDraw = True
49.8106 	EXP 	fade_in_text: autoDraw = True
49.8273 	EXP 	fade_in_text: autoDraw = True
49.8439 	EXP 	fade_in_text: autoDraw = True
49.8605 	EXP 	fade_in_text: autoDraw = True
49.8772 	EXP 	fade_in_text: autoDraw = True
49.8939 	EXP 	fade_in_text: autoDraw = True
49.9106 	EXP 	fade_in_text: autoDraw = True
49.9273 	EXP 	fade_in_text: autoDraw = True
49.9439 	EXP 	fade_in_text: autoDraw = True
49.9605 	EXP 	fade_in_text: autoDraw = True
49.9772 	EXP 	fade_in_text: autoDraw = True
49.9940 	EXP 	fade_in_text: autoDraw = True
50.0106 	EXP 	fade_in_text: autoDraw = True
50.0273 	EXP 	fade_in_text: autoDraw = True
50.0439 	EXP 	fade_in_text: autoDraw = True
50.0605 	EXP 	fade_in_text: autoDraw = True
50.0773 	EXP 	fade_in_text: autoDraw = True
50.0940 	EXP 	fade_in_text: autoDraw = True
50.1106 	EXP 	fade_in_text: autoDraw = True
50.1273 	EXP 	fade_in_text: autoDraw = True
50.1441 	EXP 	fade_in_text: autoDraw = True
50.1605 	EXP 	fade_in_text: autoDraw = True
50.1773 	EXP 	fade_in_text: autoDraw = True
50.1940 	EXP 	fade_in_text: autoDraw = True
50.2106 	EXP 	fade_in_text: autoDraw = True
50.2273 	EXP 	fade_in_text: autoDraw = True
50.2441 	EXP 	fade_in_text: autoDraw = True
50.2605 	EXP 	fade_in_text: autoDraw = True
50.2773 	EXP 	fade_in_text: autoDraw = True
50.2940 	EXP 	fade_in_text: autoDraw = True
50.3106 	EXP 	fade_in_text: autoDraw = True
50.3273 	EXP 	fade_in_text: autoDraw = True
50.3441 	EXP 	fade_in_text: autoDraw = True
50.3605 	EXP 	fade_in_text: autoDraw = True
50.3773 	EXP 	fade_in_text: autoDraw = True
50.3940 	EXP 	fade_in_text: autoDraw = True
50.4107 	EXP 	fade_in_text: autoDraw = True
50.4273 	EXP 	fade_in_text: autoDraw = True
50.4439 	EXP 	fade_in_text: autoDraw = True
50.4605 	EXP 	fade_in_text: autoDraw = True
50.4773 	EXP 	fade_in_text: autoDraw = True
50.4940 	EXP 	fade_in_text: autoDraw = True
50.5107 	EXP 	fade_in_text: autoDraw = True
50.5273 	EXP 	fade_in_text: autoDraw = True
50.5439 	EXP 	fade_in_text: autoDraw = True
50.5606 	EXP 	fade_in_text: autoDraw = True
50.5773 	EXP 	fade_in_text: autoDraw = True
50.5940 	EXP 	fade_in_text: autoDraw = True
50.6107 	EXP 	fade_in_text: autoDraw = True
50.6273 	EXP 	fade_in_text: autoDraw = True
50.6439 	EXP 	fade_in_text: autoDraw = True
50.6606 	EXP 	fade_in_text: autoDraw = True
50.6773 	EXP 	fade_in_text: autoDraw = True
50.6940 	EXP 	fade_in_text: autoDraw = True
50.7107 	EXP 	fade_in_text: autoDraw = True
50.7273 	EXP 	fade_in_text: autoDraw = True
50.7439 	EXP 	fade_in_text: autoDraw = True
50.7607 	EXP 	fade_in_text: autoDraw = True
50.7773 	EXP 	fade_in_text: autoDraw = True
50.7940 	EXP 	fade_in_text: autoDraw = True
50.8107 	EXP 	fade_in_text: autoDraw = True
50.8274 	EXP 	fade_in_text: autoDraw = True
50.8439 	EXP 	fade_in_text: autoDraw = True
50.8607 	EXP 	fade_in_text: autoDraw = True
50.8773 	EXP 	fade_in_text: autoDraw = True
50.8940 	EXP 	fade_in_text: autoDraw = True
50.9107 	EXP 	fade_in_text: autoDraw = True
50.9274 	EXP 	fade_in_text: autoDraw = True
50.9439 	EXP 	fade_in_text: autoDraw = True
50.9607 	EXP 	fade_in_text: autoDraw = True
50.9773 	EXP 	fade_in_text: autoDraw = True
50.9940 	EXP 	fade_in_text: autoDraw = True
51.0107 	EXP 	fade_in_text: autoDraw = True
51.0275 	EXP 	fade_in_text: autoDraw = True
51.0439 	EXP 	fade_in_text: autoDraw = True
51.0607 	EXP 	fade_in_text: autoDraw = True
51.0773 	EXP 	fade_in_text: autoDraw = True
51.0940 	EXP 	fade_in_text: autoDraw = True
51.1107 	EXP 	fade_in_text: autoDraw = True
51.1273 	EXP 	fade_in_text: autoDraw = True
51.1439 	EXP 	fade_in_text: autoDraw = True
51.1607 	EXP 	fade_in_text: autoDraw = True
51.1773 	EXP 	fade_in_text: autoDraw = True
51.1940 	EXP 	fade_in_text: autoDraw = True
51.2107 	EXP 	fade_in_text: autoDraw = True
51.2273 	EXP 	fade_in_text: autoDraw = True
51.2440 	EXP 	fade_in_text: autoDraw = True
51.2607 	EXP 	fade_in_text: autoDraw = True
51.2773 	EXP 	fade_in_text: autoDraw = True
51.2940 	EXP 	fade_in_text: autoDraw = True
51.3107 	EXP 	fade_in_text: autoDraw = True
51.3273 	EXP 	fade_in_text: autoDraw = True
51.3440 	EXP 	fade_in_text: autoDraw = True
51.3607 	EXP 	fade_in_text: autoDraw = True
51.3773 	EXP 	fade_in_text: autoDraw = True
51.3940 	EXP 	fade_in_text: autoDraw = True
51.4108 	EXP 	fade_in_text: autoDraw = True
51.4273 	EXP 	fade_in_text: autoDraw = True
51.4440 	EXP 	fade_in_text: autoDraw = True
51.4607 	EXP 	fade_in_text: autoDraw = True
51.4774 	EXP 	fade_in_text: autoDraw = True
51.4940 	EXP 	fade_in_text: autoDraw = True
51.5108 	EXP 	fade_in_text: autoDraw = True
51.5273 	EXP 	fade_in_text: autoDraw = True
51.5440 	EXP 	fade_in_text: autoDraw = True
51.5607 	EXP 	fade_in_text: autoDraw = True
51.5774 	EXP 	fade_in_text: autoDraw = True
51.5941 	EXP 	fade_in_text: autoDraw = True
51.6108 	EXP 	fade_in_text: autoDraw = True
51.6273 	EXP 	fade_in_text: autoDraw = True
51.6440 	EXP 	fade_in_text: autoDraw = True
51.6607 	EXP 	fade_in_text: autoDraw = True
51.6774 	EXP 	fade_in_text: autoDraw = True
51.6940 	EXP 	fade_in_text: autoDraw = True
51.7108 	EXP 	fade_in_text: autoDraw = True
51.7273 	EXP 	fade_in_text: autoDraw = True
51.7440 	EXP 	fade_in_text: autoDraw = True
51.7607 	EXP 	fade_in_text: autoDraw = True
51.7774 	EXP 	fade_in_text: autoDraw = True
51.7940 	EXP 	fade_in_text: autoDraw = True
51.8107 	EXP 	fade_in_text: autoDraw = True
51.8273 	EXP 	fade_in_text: autoDraw = True
51.8440 	EXP 	fade_in_text: autoDraw = True
51.8607 	EXP 	fade_in_text: autoDraw = True
51.8774 	EXP 	fade_in_text: autoDraw = True
51.8941 	EXP 	fade_in_text: autoDraw = True
51.9107 	EXP 	fade_in_text: autoDraw = True
51.9274 	EXP 	fade_in_text: autoDraw = True
51.9440 	EXP 	fade_in_text: autoDraw = True
51.9607 	EXP 	fade_in_text: autoDraw = True
51.9774 	EXP 	fade_in_text: autoDraw = True
51.9942 	EXP 	fade_in_text: autoDraw = True
52.0108 	EXP 	fade_in_text: autoDraw = True
52.0274 	EXP 	fade_in_text: autoDraw = True
52.0441 	EXP 	fade_in_text: autoDraw = True
52.0607 	EXP 	fade_in_text: autoDraw = True
52.0774 	EXP 	fade_in_text: autoDraw = True
52.0942 	EXP 	fade_in_text: autoDraw = True
52.1107 	EXP 	fade_in_text: autoDraw = True
52.1274 	EXP 	fade_in_text: autoDraw = True
52.1441 	EXP 	fade_in_text: autoDraw = True
52.1607 	EXP 	fade_in_text: autoDraw = True
52.1774 	EXP 	fade_in_text: autoDraw = True
52.1942 	EXP 	fade_in_text: autoDraw = True
52.2107 	EXP 	fade_in_text: autoDraw = True
52.2274 	EXP 	fade_in_text: autoDraw = True
52.2441 	EXP 	fade_in_text: autoDraw = True
52.2607 	EXP 	fade_in_text: autoDraw = True
52.2774 	EXP 	fade_in_text: autoDraw = True
52.2942 	EXP 	fade_in_text: autoDraw = True
52.3107 	EXP 	fade_in_text: autoDraw = True
52.3274 	EXP 	fade_in_text: autoDraw = True
52.3441 	EXP 	fade_in_text: autoDraw = True
52.3607 	EXP 	fade_in_text: autoDraw = True
52.3774 	EXP 	fade_in_text: autoDraw = True
52.3940 	EXP 	fade_in_text: autoDraw = True
52.4107 	EXP 	fade_in_text: autoDraw = True
52.4274 	EXP 	fade_in_text: autoDraw = True
52.4441 	EXP 	fade_in_text: autoDraw = True
52.4607 	EXP 	fade_in_text: autoDraw = True
52.4774 	EXP 	fade_in_text: autoDraw = True
52.4940 	EXP 	fade_in_text: autoDraw = True
52.5107 	EXP 	fade_in_text: autoDraw = True
52.5274 	EXP 	fade_in_text: autoDraw = True
52.5441 	EXP 	fade_in_text: autoDraw = True
52.5608 	EXP 	fade_in_text: autoDraw = True
52.5774 	EXP 	fade_in_text: autoDraw = True
52.5940 	EXP 	fade_in_text: autoDraw = True
52.6108 	EXP 	fade_in_text: autoDraw = True
52.6274 	EXP 	fade_in_text: autoDraw = True
52.6441 	EXP 	fade_in_text: autoDraw = True
52.6608 	EXP 	fade_in_text: autoDraw = True
52.6776 	EXP 	fade_in_text: autoDraw = True
52.6940 	EXP 	fade_in_text: autoDraw = True
52.7108 	EXP 	fade_in_text: autoDraw = True
52.7274 	EXP 	fade_in_text: autoDraw = True
52.7441 	EXP 	fade_in_text: autoDraw = True
52.7608 	EXP 	fade_in_text: autoDraw = True
52.7775 	EXP 	fade_in_text: autoDraw = True
52.7940 	EXP 	fade_in_text: autoDraw = True
52.8108 	EXP 	fade_in_text: autoDraw = True
52.8274 	EXP 	fade_in_text: autoDraw = True
55.8609 	EXP 	fade_in_text: autoDraw = False
55.8609 	EXP 	RS_intro_title: autoDraw = True
55.8609 	EXP 	RS_intro_text: autoDraw = True
78.8789 	EXP 	RS_intro_title: autoDraw = False
78.8789 	EXP 	RS_intro_text: autoDraw = False
78.8789 	EXP 	RS_intro_title: autoDraw = False
78.8789 	EXP 	RS_intro_text: autoDraw = False
78.8789 	EXP 	RS_rec_text: text = 'Please keep relaxed and open your eyes.\nNote: Blinking is allowed.'
78.8789 	EXP 	RS_rec_text: autoDraw = True
258.8885 	EXP 	RS_rec_text: autoDraw = False
262.2385 	EXP 	RS_rec_text: autoDraw = False
262.2385 	EXP 	RS_intro_title: autoDraw = True
262.2385 	EXP 	RS_intro_text: autoDraw = True
285.2564 	EXP 	RS_intro_title: autoDraw = False
285.2564 	EXP 	RS_intro_text: autoDraw = False
285.2564 	EXP 	RS_intro_title: autoDraw = False
285.2564 	EXP 	RS_intro_text: autoDraw = False
285.2564 	EXP 	RS_rec_text: text = 'Please keep relaxed and close your eyes.\n'
285.2564 	EXP 	RS_rec_text: autoDraw = True
465.2663 	EXP 	RS_rec_text: autoDraw = False
468.6661 	EXP 	RS_rec_text: autoDraw = False
468.6661 	EXP 	Pause_cont: text = 'Press [space] key to continue.'
468.6661 	EXP 	Pause_cont: autoDraw = True
480.6722 	DATA 	Keypress: space
483.7506 	EXP 	Pause_cont: autoDraw = False
483.7506 	EXP 	QA_intro_title: autoDraw = True
483.7506 	EXP 	QA_intro_text: autoDraw = True
523.1357 	EXP 	QA_intro_cont: autoDraw = True
523.2231 	DATA 	Keypress: space
524.2397 	EXP 	Created sequence: random, trialTypes=1, nReps=2, seed=None
524.2404 	EXP 	New trial (rep=0, index=0): None
525.2436 	EXP 	Created sequence: random, trialTypes=1, nReps=25, seed=None
525.2446 	EXP 	New trial (rep=0, index=0): None
526.3025 	EXP 	QA_intro_title: autoDraw = False
526.3025 	EXP 	QA_intro_text: autoDraw = False
526.3025 	EXP 	QA_intro_cont: autoDraw = False
526.3025 	EXP 	QA_rec_text: autoDraw = True
544.3035 	EXP 	QA_rec_break: autoDraw = True
546.2926 	EXP 	New trial (rep=1, index=0): None
547.3539 	EXP 	QA_rec_text: autoDraw = False
547.3539 	EXP 	QA_rec_break: autoDraw = False
547.3539 	EXP 	QA_rec_text: autoDraw = True
565.3215 	EXP 	QA_rec_break: autoDraw = True
566.3215 	EXP 	QA_rec_break: autoDraw = False
567.3427 	EXP 	New trial (rep=2, index=0): None
568.4050 	EXP 	QA_rec_text: autoDraw = False
568.4050 	EXP 	QA_rec_break: autoDraw = False
568.4050 	EXP 	QA_rec_text: autoDraw = True
586.3726 	EXP 	QA_rec_break: autoDraw = True
587.3726 	EXP 	QA_rec_break: autoDraw = False
588.3946 	EXP 	New trial (rep=3, index=0): None
589.4396 	EXP 	QA_rec_text: autoDraw = False
589.4396 	EXP 	QA_rec_break: autoDraw = False
589.4396 	EXP 	QA_rec_text: autoDraw = True
607.4405 	EXP 	QA_rec_break: autoDraw = True
609.4282 	EXP 	New trial (rep=4, index=0): None
610.4742 	EXP 	QA_rec_text: autoDraw = False
610.4742 	EXP 	QA_rec_break: autoDraw = False
610.4742 	EXP 	QA_rec_text: autoDraw = True
628.4747 	EXP 	QA_rec_break: autoDraw = True
630.4646 	EXP 	New trial (rep=5, index=0): None
631.5087 	EXP 	QA_rec_text: autoDraw = False
631.5087 	EXP 	QA_rec_break: autoDraw = False
631.5087 	EXP 	QA_rec_text: autoDraw = True
649.4925 	EXP 	QA_rec_break: autoDraw = True
650.4925 	EXP 	QA_rec_break: autoDraw = False
651.4986 	EXP 	New trial (rep=6, index=0): None
652.5596 	EXP 	QA_rec_text: autoDraw = False
652.5596 	EXP 	QA_rec_break: autoDraw = False
652.5596 	EXP 	QA_rec_text: autoDraw = True
670.5604 	EXP 	QA_rec_break: autoDraw = True
672.5333 	EXP 	New trial (rep=7, index=0): None
673.5773 	EXP 	QA_rec_text: autoDraw = False
673.5773 	EXP 	QA_rec_break: autoDraw = False
673.5773 	EXP 	QA_rec_text: autoDraw = True
691.5780 	EXP 	QA_rec_break: autoDraw = True
693.5824 	EXP 	New trial (rep=8, index=0): None
694.6449 	EXP 	QA_rec_text: autoDraw = False
694.6449 	EXP 	QA_rec_break: autoDraw = False
694.6449 	EXP 	QA_rec_text: autoDraw = True
712.6458 	EXP 	QA_rec_break: autoDraw = True
714.6177 	EXP 	New trial (rep=9, index=0): None
715.6798 	EXP 	QA_rec_text: autoDraw = False
715.6798 	EXP 	QA_rec_break: autoDraw = False
715.6798 	EXP 	QA_rec_text: autoDraw = True
733.6802 	EXP 	QA_rec_break: autoDraw = True
735.6848 	EXP 	New trial (rep=10, index=0): None
736.7474 	EXP 	QA_rec_text: autoDraw = False
736.7474 	EXP 	QA_rec_break: autoDraw = False
736.7474 	EXP 	QA_rec_text: autoDraw = True
754.7480 	EXP 	QA_rec_break: autoDraw = True
756.7524 	EXP 	New trial (rep=11, index=0): None
757.8151 	EXP 	QA_rec_text: autoDraw = False
757.8151 	EXP 	QA_rec_break: autoDraw = False
757.8151 	EXP 	QA_rec_text: autoDraw = True
775.7824 	EXP 	QA_rec_break: autoDraw = True
777.7871 	EXP 	New trial (rep=12, index=0): None
778.8503 	EXP 	QA_rec_text: autoDraw = False
778.8503 	EXP 	QA_rec_break: autoDraw = False
778.8503 	EXP 	QA_rec_text: autoDraw = True
796.8503 	EXP 	QA_rec_break: autoDraw = True
798.8559 	EXP 	New trial (rep=13, index=0): None
799.9173 	EXP 	QA_rec_text: autoDraw = False
799.9173 	EXP 	QA_rec_break: autoDraw = False
799.9173 	EXP 	QA_rec_text: autoDraw = True
817.9180 	EXP 	QA_rec_break: autoDraw = True
819.9226 	EXP 	New trial (rep=14, index=0): None
820.9682 	EXP 	QA_rec_text: autoDraw = False
820.9682 	EXP 	QA_rec_break: autoDraw = False
820.9682 	EXP 	QA_rec_text: autoDraw = True
838.9358 	EXP 	QA_rec_break: autoDraw = True
840.9401 	EXP 	New trial (rep=15, index=0): None
841.9698 	EXP 	QA_rec_text: autoDraw = False
841.9698 	EXP 	QA_rec_break: autoDraw = False
841.9698 	EXP 	QA_rec_text: autoDraw = True
859.9702 	EXP 	QA_rec_break: autoDraw = True
861.9748 	EXP 	New trial (rep=16, index=0): None
863.0373 	EXP 	QA_rec_text: autoDraw = False
863.0373 	EXP 	QA_rec_break: autoDraw = False
863.0373 	EXP 	QA_rec_text: autoDraw = True
881.0380 	EXP 	QA_rec_break: autoDraw = True
883.0089 	EXP 	New trial (rep=17, index=0): None
884.0719 	EXP 	QA_rec_text: autoDraw = False
884.0719 	EXP 	QA_rec_break: autoDraw = False
884.0719 	EXP 	QA_rec_text: autoDraw = True
902.0724 	EXP 	QA_rec_break: autoDraw = True
904.0772 	EXP 	New trial (rep=18, index=0): None
905.1393 	EXP 	QA_rec_text: autoDraw = False
905.1393 	EXP 	QA_rec_break: autoDraw = False
905.1393 	EXP 	QA_rec_text: autoDraw = True
923.1402 	EXP 	QA_rec_break: autoDraw = True
925.1113 	EXP 	New trial (rep=19, index=0): None
926.1743 	EXP 	QA_rec_text: autoDraw = False
926.1743 	EXP 	QA_rec_break: autoDraw = False
926.1743 	EXP 	QA_rec_text: autoDraw = True
944.1747 	EXP 	QA_rec_break: autoDraw = True
946.1791 	EXP 	New trial (rep=20, index=0): None
947.2921 	EXP 	QA_rec_text: autoDraw = False
947.2921 	EXP 	QA_rec_break: autoDraw = False
947.2921 	EXP 	QA_rec_text: autoDraw = True
965.2591 	EXP 	QA_rec_break: autoDraw = True
967.2650 	EXP 	New trial (rep=21, index=0): None
968.3093 	EXP 	QA_rec_text: autoDraw = False
968.3093 	EXP 	QA_rec_break: autoDraw = False
968.3093 	EXP 	QA_rec_text: autoDraw = True
986.2769 	EXP 	QA_rec_break: autoDraw = True
988.2825 	EXP 	New trial (rep=22, index=0): None
989.3439 	EXP 	QA_rec_text: autoDraw = False
989.3439 	EXP 	QA_rec_break: autoDraw = False
989.3439 	EXP 	QA_rec_text: autoDraw = True
1007.3447 	EXP 	QA_rec_break: autoDraw = True
1009.3159 	EXP 	New trial (rep=23, index=0): None
1010.3788 	EXP 	QA_rec_text: autoDraw = False
1010.3788 	EXP 	QA_rec_break: autoDraw = False
1010.3788 	EXP 	QA_rec_text: autoDraw = True
1028.3790 	EXP 	QA_rec_break: autoDraw = True
1030.3502 	EXP 	New trial (rep=24, index=0): None
1031.4135 	EXP 	QA_rec_text: autoDraw = False
1031.4135 	EXP 	QA_rec_break: autoDraw = False
1031.4135 	EXP 	QA_rec_text: autoDraw = True
1049.4136 	EXP 	QA_rec_break: autoDraw = True
1053.4638 	EXP 	QA_rec_text: autoDraw = False
1053.4638 	EXP 	QA_rec_break: autoDraw = False
1053.4638 	EXP 	Pause_cont: text = 'Press [space] key to continue.'
1053.4638 	EXP 	Pause_cont: autoDraw = True
1067.8941 	DATA 	Keypress: space
1068.9045 	EXP 	New trial (rep=1, index=0): None
1069.9077 	EXP 	Created sequence: random, trialTypes=1, nReps=25, seed=None
1069.9087 	EXP 	New trial (rep=0, index=0): None
1070.9814 	EXP 	Pause_cont: autoDraw = False
1070.9814 	EXP 	QA_rec_text: autoDraw = True
1088.9490 	EXP 	QA_rec_break: autoDraw = True
1090.9541 	EXP 	New trial (rep=1, index=0): None
1091.9998 	EXP 	QA_rec_text: autoDraw = False
1091.9998 	EXP 	QA_rec_break: autoDraw = False
1091.9998 	EXP 	QA_rec_text: autoDraw = True
1109.9667 	EXP 	QA_rec_break: autoDraw = True
1111.9722 	EXP 	New trial (rep=2, index=0): None
1113.0351 	EXP 	QA_rec_text: autoDraw = False
1113.0351 	EXP 	QA_rec_break: autoDraw = False
1113.0351 	EXP 	QA_rec_text: autoDraw = True
1131.0346 	EXP 	QA_rec_break: autoDraw = True
1133.0390 	EXP 	New trial (rep=3, index=0): None
1134.1187 	EXP 	QA_rec_text: autoDraw = False
1134.1187 	EXP 	QA_rec_break: autoDraw = False
1134.1187 	EXP 	QA_rec_text: autoDraw = True
1152.0857 	EXP 	QA_rec_break: autoDraw = True
1154.0900 	EXP 	New trial (rep=4, index=0): None
1155.1697 	EXP 	QA_rec_text: autoDraw = False
1155.1697 	EXP 	QA_rec_break: autoDraw = False
1155.1697 	EXP 	QA_rec_text: autoDraw = True
1173.1535 	EXP 	QA_rec_break: autoDraw = True
1175.1581 	EXP 	New trial (rep=5, index=0): None
1176.2375 	EXP 	QA_rec_text: autoDraw = False
1176.2375 	EXP 	QA_rec_break: autoDraw = False
1176.2375 	EXP 	QA_rec_text: autoDraw = True
1194.2379 	EXP 	QA_rec_break: autoDraw = True
1196.2089 	EXP 	New trial (rep=6, index=0): None
1197.2886 	EXP 	QA_rec_text: autoDraw = False
1197.2886 	EXP 	QA_rec_break: autoDraw = False
1197.2886 	EXP 	QA_rec_text: autoDraw = True
1215.2557 	EXP 	QA_rec_break: autoDraw = True
1217.2602 	EXP 	New trial (rep=7, index=0): None
1218.3243 	EXP 	QA_rec_text: autoDraw = False
1218.3243 	EXP 	QA_rec_break: autoDraw = False
1218.3243 	EXP 	QA_rec_text: autoDraw = True
1236.3234 	EXP 	QA_rec_break: autoDraw = True
1238.2946 	EXP 	New trial (rep=8, index=0): None
1239.3742 	EXP 	QA_rec_text: autoDraw = False
1239.3742 	EXP 	QA_rec_break: autoDraw = False
1239.3742 	EXP 	QA_rec_text: autoDraw = True
1257.3412 	EXP 	QA_rec_break: autoDraw = True
1259.3455 	EXP 	New trial (rep=9, index=0): None
1260.4087 	EXP 	QA_rec_text: autoDraw = False
1260.4087 	EXP 	QA_rec_break: autoDraw = False
1260.4087 	EXP 	QA_rec_text: autoDraw = True
1278.3923 	EXP 	QA_rec_break: autoDraw = True
1280.3967 	EXP 	New trial (rep=10, index=0): None
1281.4765 	EXP 	QA_rec_text: autoDraw = False
1281.4765 	EXP 	QA_rec_break: autoDraw = False
1281.4765 	EXP 	QA_rec_text: autoDraw = True
1299.4601 	EXP 	QA_rec_break: autoDraw = True
1301.4646 	EXP 	New trial (rep=11, index=0): None
1302.5286 	EXP 	QA_rec_text: autoDraw = False
1302.5286 	EXP 	QA_rec_break: autoDraw = False
1302.5286 	EXP 	QA_rec_text: autoDraw = True
1320.5279 	EXP 	QA_rec_break: autoDraw = True
1322.4990 	EXP 	New trial (rep=12, index=0): None
1323.5623 	EXP 	QA_rec_text: autoDraw = False
1323.5623 	EXP 	QA_rec_break: autoDraw = False
1323.5623 	EXP 	QA_rec_text: autoDraw = True
1341.5456 	EXP 	QA_rec_break: autoDraw = True
1343.5502 	EXP 	New trial (rep=13, index=0): None
1344.6293 	EXP 	QA_rec_text: autoDraw = False
1344.6293 	EXP 	QA_rec_break: autoDraw = False
1344.6293 	EXP 	QA_rec_text: autoDraw = True
1362.5968 	EXP 	QA_rec_break: autoDraw = True
1364.6015 	EXP 	New trial (rep=14, index=0): None
1365.6653 	EXP 	QA_rec_text: autoDraw = False
1365.6653 	EXP 	QA_rec_break: autoDraw = False
1365.6653 	EXP 	QA_rec_text: autoDraw = True
1383.6645 	EXP 	QA_rec_break: autoDraw = True
1385.6689 	EXP 	New trial (rep=15, index=0): None
1386.7330 	EXP 	QA_rec_text: autoDraw = False
1386.7330 	EXP 	QA_rec_break: autoDraw = False
1386.7330 	EXP 	QA_rec_text: autoDraw = True
1404.7323 	EXP 	QA_rec_break: autoDraw = True
1406.7034 	EXP 	New trial (rep=16, index=0): None
1407.7831 	EXP 	QA_rec_text: autoDraw = False
1407.7831 	EXP 	QA_rec_break: autoDraw = False
1407.7831 	EXP 	QA_rec_text: autoDraw = True
1425.7501 	EXP 	QA_rec_break: autoDraw = True
1427.7555 	EXP 	New trial (rep=17, index=0): None
1428.8176 	EXP 	QA_rec_text: autoDraw = False
1428.8176 	EXP 	QA_rec_break: autoDraw = False
1428.8176 	EXP 	QA_rec_text: autoDraw = True
1446.8179 	EXP 	QA_rec_break: autoDraw = True
1448.7936 	EXP 	New trial (rep=18, index=0): None
1449.8680 	EXP 	QA_rec_text: autoDraw = False
1449.8680 	EXP 	QA_rec_break: autoDraw = False
1449.8680 	EXP 	QA_rec_text: autoDraw = True
1467.8690 	EXP 	QA_rec_break: autoDraw = True
1469.8404 	EXP 	New trial (rep=19, index=0): None
1470.9031 	EXP 	QA_rec_text: autoDraw = False
1470.9031 	EXP 	QA_rec_break: autoDraw = False
1470.9031 	EXP 	QA_rec_text: autoDraw = True
1488.8868 	EXP 	QA_rec_break: autoDraw = True
1490.8925 	EXP 	New trial (rep=20, index=0): None
1491.9704 	EXP 	QA_rec_text: autoDraw = False
1491.9704 	EXP 	QA_rec_break: autoDraw = False
1491.9704 	EXP 	QA_rec_text: autoDraw = True
1509.9379 	EXP 	QA_rec_break: autoDraw = True
1511.9427 	EXP 	New trial (rep=21, index=0): None
1513.0063 	EXP 	QA_rec_text: autoDraw = False
1513.0063 	EXP 	QA_rec_break: autoDraw = False
1513.0063 	EXP 	QA_rec_text: autoDraw = True
1531.0056 	EXP 	QA_rec_break: autoDraw = True
1533.0100 	EXP 	New trial (rep=22, index=0): None
1534.0725 	EXP 	QA_rec_text: autoDraw = False
1534.0725 	EXP 	QA_rec_break: autoDraw = False
1534.0725 	EXP 	QA_rec_text: autoDraw = True
1552.0734 	EXP 	QA_rec_break: autoDraw = True
1554.0447 	EXP 	New trial (rep=23, index=0): None
1555.1075 	EXP 	QA_rec_text: autoDraw = False
1555.1075 	EXP 	QA_rec_break: autoDraw = False
1555.1075 	EXP 	QA_rec_text: autoDraw = True
1573.1079 	EXP 	QA_rec_break: autoDraw = True
1575.0791 	EXP 	New trial (rep=24, index=0): None
1576.1431 	EXP 	QA_rec_text: autoDraw = False
1576.1431 	EXP 	QA_rec_break: autoDraw = False
1576.1431 	EXP 	QA_rec_text: autoDraw = True
1594.1423 	EXP 	QA_rec_break: autoDraw = True
1598.2100 	EXP 	QA_rec_text: autoDraw = False
1598.2100 	EXP 	QA_rec_break: autoDraw = False
1598.2100 	EXP 	Pause_cont: text = 'Press [space] key to continue.'
1598.2100 	EXP 	Pause_cont: autoDraw = True
1604.6688 	EXP 	window1: mouseVisible = True
