23.7768 	EXP 	Created instruction_text = TextStim(__class__=<class 'psychopy.visual.text.TextStim'>, alignHoriz='center', alignVert='center', antialias=True, autoLog=True, bold=False, color=array([1., 1., 1.]), colorSpace='rgb', contrast=1.0, depth=-0.0, flipHoriz=False, flipVert=False, font='Arial', fontFiles=[], height=0.06, italic=False, languageStyle='LTR', name='instruction_text', opacity=1.0, ori=0.0, pos=array([0.5, 0.1]), rgb=array([1., 1., 1.]), text=str(...), units='norm', win=Window(...), wrapWidth=1)
24.0314 	EXP 	Created instruction_cont = TextStim(__class__=<class 'psychopy.visual.text.TextStim'>, alignHoriz='center', alignVert='center', antialias=True, autoLog=True, bold=False, color=array([1., 1., 1.]), colorSpace='rgb', contrast=1.0, depth=-3.0, flipHoriz=False, flipVert=False, font='Arial', fontFiles=[], height=0.06, italic=False, languageStyle='LTR', name='instruction_cont', opacity=1.0, ori=0.0, pos=array([ 0.5, -0.4]), rgb=array([1., 1., 1.]), text='          Press [space] key to continue.', units='norm', win=Window(...), wrapWidth=1)
24.0338 	EXP 	Created Artifact_intro_title = TextStim(__class__=<class 'psychopy.visual.text.TextStim'>, alignHoriz='center', alignVert='center', antialias=True, autoLog=True, bold=False, color=array([1., 1., 1.]), colorSpace='rgb', contrast=1.0, depth=-0.0, flipHoriz=False, flipVert=False, font='Arial', fontFiles=[], height=0.06, italic=False, languageStyle='LTR', name='Artifact_intro_title', opacity=1.0, ori=0.0, pos=array([0.5, 0.4]), rgb=array([1., 1., 1.]), text='Muscular signal recording', units='norm', win=Window(...), wrapWidth=1)
24.0379 	EXP 	Created Artifact_intro_text = TextStim(__class__=<class 'psychopy.visual.text.TextStim'>, alignHoriz='center', alignVert='center', antialias=True, autoLog=True, bold=False, color=array([1., 1., 1.]), colorSpace='rgb', contrast=1.0, depth=-1.0, flipHoriz=False, flipVert=False, font='Arial', fontFiles=[], height=0.06, italic=False, languageStyle='LTR', name='Artifact_intro_text', opacity=1.0, ori=0.0, pos=array([0.5, 0. ]), rgb=array([1., 1., 1.]), text=str(...), units='norm', win=Window(...), wrapWidth=1)
24.0452 	EXP 	Created Artifact_intro_cont = TextStim(__class__=<class 'psychopy.visual.text.TextStim'>, alignHoriz='center', alignVert='center', antialias=True, autoLog=True, bold=False, color=array([1., 1., 1.]), colorSpace='rgb', contrast=1.0, depth=-4.0, flipHoriz=False, flipVert=False, font='Arial', fontFiles=[], height=0.06, italic=False, languageStyle='LTR', name='Artifact_intro_cont', opacity=1.0, ori=0.0, pos=array([0.5, 0. ]), rgb=array([1., 1., 1.]), text='          Press [space] key to continue.', units='norm', win=Window(...), wrapWidth=1)
24.0456 	EXP 	Created Artifact_rec_text = TextStim(__class__=<class 'psychopy.visual.text.TextStim'>, alignHoriz='center', alignVert='center', antialias=True, autoLog=True, bold=False, color=array([1., 1., 1.]), colorSpace='rgb', contrast=1.0, depth=-0.0, flipHoriz=False, flipVert=False, font='Arial', fontFiles=[], height=0.06, italic=False, languageStyle='LTR', name='Artifact_rec_text', opacity=1.0, ori=0.0, pos=array([0.5, 0.4]), rgb=array([1., 1., 1.]), text='', units='norm', win=Window(...), wrapWidth=1)
24.0471 	EXP 	Created Artifact_rec_recording = TextStim(__class__=<class 'psychopy.visual.text.TextStim'>, alignHoriz='center', alignVert='center', antialias=True, autoLog=True, bold=False, color=array([1., 1., 1.]), colorSpace='rgb', contrast=1.0, depth=-4.0, flipHoriz=False, flipVert=False, font='Arial', fontFiles=[], height=0.06, italic=False, languageStyle='LTR', name='Artifact_rec_recording', opacity=1.0, ori=0.0, pos=array([ 0.5, -0.4]), rgb=array([1., 1., 1.]), text='', units='norm', win=Window(...), wrapWidth=1)
24.0543 	EXP 	Created Artifact_rec_break = TextStim(__class__=<class 'psychopy.visual.text.TextStim'>, alignHoriz='center', alignVert='center', antialias=True, autoLog=True, bold=False, color=array([1., 1., 1.]), colorSpace='rgb', contrast=1.0, depth=-6.0, flipHoriz=False, flipVert=False, font='Arial', fontFiles=[], height=0.06, italic=False, languageStyle='LTR', name='Artifact_rec_break', opacity=1.0, ori=0.0, pos=array([ 0.5, -0.4]), rgb=array([1., 1., 1.]), text='Short break', units='norm', win=Window(...), wrapWidth=1)
24.0584 	EXP 	Created Cali_de_pre_intro_title = TextStim(__class__=<class 'psychopy.visual.text.TextStim'>, alignHoriz='center', alignVert='center', antialias=True, autoLog=True, bold=False, color=array([1., 1., 1.]), colorSpace='rgb', contrast=1.0, depth=-0.0, flipHoriz=False, flipVert=False, font='Arial', fontFiles=[], height=0.06, italic=False, languageStyle='LTR', name='Cali_de_pre_intro_title', opacity=1.0, ori=0.0, pos=array([0.5, 0.4]), rgb=array([1., 1., 1.]), text='READ OUT BLOCK (GERMAN)', units='norm', win=Window(...), wrapWidth=1)
24.0658 	EXP 	Created Cali_de_pre_intro_text = TextStim(__class__=<class 'psychopy.visual.text.TextStim'>, alignHoriz='center', alignVert='center', antialias=True, autoLog=True, bold=False, color=array([1., 1., 1.]), colorSpace='rgb', contrast=1.0, depth=-1.0, flipHoriz=False, flipVert=False, font='Arial', fontFiles=[], height=0.06, italic=False, languageStyle='LTR', name='Cali_de_pre_intro_text', opacity=1.0, ori=0.0, pos=array([0.5, 0. ]), rgb=array([1., 1., 1.]), text=str(...), units='norm', win=Window(...), wrapWidth=1)
24.0705 	EXP 	Created Cali_de_pre_intro_cont = TextStim(__class__=<class 'psychopy.visual.text.TextStim'>, alignHoriz='center', alignVert='center', antialias=True, autoLog=True, bold=False, color=array([1., 1., 1.]), colorSpace='rgb', contrast=1.0, depth=-4.0, flipHoriz=False, flipVert=False, font='Arial', fontFiles=[], height=0.06, italic=False, languageStyle='LTR', name='Cali_de_pre_intro_cont', opacity=1.0, ori=0.0, pos=array([0.5, 0. ]), rgb=array([1., 1., 1.]), text='          Press [space] key to continue.', units='norm', win=Window(...), wrapWidth=1)
24.0709 	EXP 	Created Cali_de_pre_rec_text = TextStim(__class__=<class 'psychopy.visual.text.TextStim'>, alignHoriz='center', alignVert='center', antialias=True, autoLog=True, bold=False, color=array([1., 1., 1.]), colorSpace='rgb', contrast=1.0, depth=-0.0, flipHoriz=False, flipVert=False, font='Arial', fontFiles=[], height=0.06, italic=False, languageStyle='LTR', name='Cali_de_pre_rec_text', opacity=1.0, ori=0.0, pos=array([0.5, 0.4]), rgb=array([1., 1., 1.]), text='', units='norm', win=Window(...), wrapWidth=1)
24.0717 	EXP 	Created Cali_de_pre_rec_question_text = TextStim(__class__=<class 'psychopy.visual.text.TextStim'>, alignHoriz='center', alignVert='center', antialias=True, autoLog=True, bold=False, color=array([1., 1., 1.]), colorSpace='rgb', contrast=1.0, depth=-2.0, flipHoriz=False, flipVert=False, font='Arial', fontFiles=[], height=0.06, italic=False, languageStyle='LTR', name='Cali_de_pre_rec_question_text', opacity=1.0, ori=0.0, pos=array([0.5, 0. ]), rgb=array([1., 1., 1.]), text='', units='norm', win=Window(...), wrapWidth=1)
24.0739 	EXP 	Created Cali_de_pre_rec_break = TextStim(__class__=<class 'psychopy.visual.text.TextStim'>, alignHoriz='center', alignVert='center', antialias=True, autoLog=True, bold=False, color=array([1., 1., 1.]), colorSpace='rgb', contrast=1.0, depth=-6.0, flipHoriz=False, flipVert=False, font='Arial', fontFiles=[], height=0.06, italic=False, languageStyle='LTR', name='Cali_de_pre_rec_break', opacity=1.0, ori=0.0, pos=array([ 0.5, -0.4]), rgb=array([1., 1., 1.]), text='Short break', units='norm', win=Window(...), wrapWidth=1)
24.0744 	EXP 	Created fade_in_text = TextStim(__class__=<class 'psychopy.visual.text.TextStim'>, alignHoriz='center', alignVert='center', antialias=True, autoLog=True, bold=False, color=array([1., 1., 1.]), colorSpace='rgb', contrast=1.0, depth=-0.0, flipHoriz=False, flipVert=False, font='Arial', fontFiles=[], height=0.06, italic=False, languageStyle='LTR', name='fade_in_text', opacity=1.0, ori=0.0, pos=array([0.5, 0.4]), rgb=array([1., 1., 1.]), text='', units='norm', win=Window(...), wrapWidth=1)
24.0764 	EXP 	Created RS_intro_title = TextStim(__class__=<class 'psychopy.visual.text.TextStim'>, alignHoriz='center', alignVert='center', antialias=True, autoLog=True, bold=False, color=array([1., 1., 1.]), colorSpace='rgb', contrast=1.0, depth=-0.0, flipHoriz=False, flipVert=False, font='Arial', fontFiles=[], height=0.06, italic=False, languageStyle='LTR', name='RS_intro_title', opacity=1.0, ori=0.0, pos=array([0.5, 0.4]), rgb=array([1., 1., 1.]), text='REST STATE BLOCK', units='norm', win=Window(...), wrapWidth=1)
24.0835 	EXP 	Created RS_intro_text = TextStim(__class__=<class 'psychopy.visual.text.TextStim'>, alignHoriz='center', alignVert='center', antialias=True, autoLog=True, bold=False, color=array([1., 1., 1.]), colorSpace='rgb', contrast=1.0, depth=-1.0, flipHoriz=False, flipVert=False, font='Arial', fontFiles=[], height=0.06, italic=False, languageStyle='LTR', name='RS_intro_text', opacity=1.0, ori=0.0, pos=array([0.5, 0. ]), rgb=array([1., 1., 1.]), text=str(...), units='norm', win=Window(...), wrapWidth=1)
24.0887 	EXP 	Created RS_rec_text = TextStim(__class__=<class 'psychopy.visual.text.TextStim'>, alignHoriz='center', alignVert='center', antialias=True, autoLog=True, bold=False, color=array([1., 1., 1.]), colorSpace='rgb', contrast=1.0, depth=-0.0, flipHoriz=False, flipVert=False, font='Arial', fontFiles=[], height=0.06, italic=False, languageStyle='LTR', name='RS_rec_text', opacity=1.0, ori=0.0, pos=array([0.5, 0. ]), rgb=array([1., 1., 1.]), text=str(...), units='norm', win=Window(...), wrapWidth=1)
24.0910 	EXP 	Created QA_intro_title = TextStim(__class__=<class 'psychopy.visual.text.TextStim'>, alignHoriz='center', alignVert='center', antialias=True, autoLog=True, bold=False, color=array([1., 1., 1.]), colorSpace='rgb', contrast=1.0, depth=-0.0, flipHoriz=False, flipVert=False, font='Arial', fontFiles=[], height=0.06, italic=False, languageStyle='LTR', name='QA_intro_title', opacity=1.0, ori=0.0, pos=array([0.5, 0.5]), rgb=array([1., 1., 1.]), text='Q&A BLOCK', units='norm', win=Window(...), wrapWidth=1)
24.1003 	EXP 	Created QA_intro_text = TextStim(__class__=<class 'psychopy.visual.text.TextStim'>, alignHoriz='center', alignVert='center', antialias=True, autoLog=True, bold=False, color=array([1., 1., 1.]), colorSpace='rgb', contrast=1.0, depth=-1.0, flipHoriz=False, flipVert=False, font='Arial', fontFiles=[], height=0.06, italic=False, languageStyle='LTR', name='QA_intro_text', opacity=1.0, ori=0.0, pos=array([0.5, 0. ]), rgb=array([1., 1., 1.]), text=str(...), units='norm', win=Window(...), wrapWidth=1)
24.1049 	EXP 	Created QA_intro_cont = TextStim(__class__=<class 'psychopy.visual.text.TextStim'>, alignHoriz='center', alignVert='center', antialias=True, autoLog=True, bold=False, color=array([1., 1., 1.]), colorSpace='rgb', contrast=1.0, depth=-4.0, flipHoriz=False, flipVert=False, font='Arial', fontFiles=[], height=0.06, italic=False, languageStyle='LTR', name='QA_intro_cont', opacity=1.0, ori=0.0, pos=array([0.5, 0. ]), rgb=array([1., 1., 1.]), text='          Press [space] key to continue.', units='norm', win=Window(...), wrapWidth=1)
24.1078 	EXP 	Created QA_rec_text = TextStim(__class__=<class 'psychopy.visual.text.TextStim'>, alignHoriz='center', alignVert='center', antialias=True, autoLog=True, bold=False, color=array([1., 1., 1.]), colorSpace='rgb', contrast=1.0, depth=-0.0, flipHoriz=False, flipVert=False, font='Arial', fontFiles=[], height=0.06, italic=False, languageStyle='LTR', name='QA_rec_text', opacity=1.0, ori=0.0, pos=array([0.5, 0. ]), rgb=array([1., 1., 1.]), text=str(...), units='norm', win=Window(...), wrapWidth=1)
24.1116 	EXP 	Created QA_rec_break = TextStim(__class__=<class 'psychopy.visual.text.TextStim'>, alignHoriz='center', alignVert='center', antialias=True, autoLog=True, bold=False, color=array([1., 1., 1.]), colorSpace='rgb', contrast=1.0, depth=-6.0, flipHoriz=False, flipVert=False, font='Arial', fontFiles=[], height=0.06, italic=False, languageStyle='LTR', name='QA_rec_break', opacity=1.0, ori=0.0, pos=array([ 0.5, -0.4]), rgb=array([1., 1., 1.]), text='Short break', units='norm', win=Window(...), wrapWidth=1)
24.1159 	EXP 	Created Pause_cont = TextStim(__class__=<class 'psychopy.visual.text.TextStim'>, alignHoriz='center', alignVert='center', antialias=True, autoLog=True, bold=False, color=array([1., 1., 1.]), colorSpace='rgb', contrast=1.0, depth=-2.0, flipHoriz=False, flipVert=False, font='Arial', fontFiles=[], height=0.06, italic=False, languageStyle='LTR', name='Pause_cont', opacity=1.0, ori=0.0, pos=array([0.5, 0. ]), rgb=array([1., 1., 1.]), text=str(...), units='norm', win=Window(...), wrapWidth=1)
24.1180 	EXP 	Created Cali_de_post_intro_title = TextStim(__class__=<class 'psychopy.visual.text.TextStim'>, alignHoriz='center', alignVert='center', antialias=True, autoLog=True, bold=False, color=array([1., 1., 1.]), colorSpace='rgb', contrast=1.0, depth=-0.0, flipHoriz=False, flipVert=False, font='Arial', fontFiles=[], height=0.06, italic=False, languageStyle='LTR', name='Cali_de_post_intro_title', opacity=1.0, ori=0.0, pos=array([0.5, 0.4]), rgb=array([1., 1., 1.]), text='READ OUT BLOCK (GERMAN)', units='norm', win=Window(...), wrapWidth=1)
24.1646 	EXP 	Created Cali_de_post_intro_text = TextStim(__class__=<class 'psychopy.visual.text.TextStim'>, alignHoriz='center', alignVert='center', antialias=True, autoLog=True, bold=False, color=array([1., 1., 1.]), colorSpace='rgb', contrast=1.0, depth=-1.0, flipHoriz=False, flipVert=False, font='Arial', fontFiles=[], height=0.06, italic=False, languageStyle='LTR', name='Cali_de_post_intro_text', opacity=1.0, ori=0.0, pos=array([0.5, 0. ]), rgb=array([1., 1., 1.]), text=str(...), units='norm', win=Window(...), wrapWidth=1)
24.1696 	EXP 	Created Cali_de_post_intro_cont = TextStim(__class__=<class 'psychopy.visual.text.TextStim'>, alignHoriz='center', alignVert='center', antialias=True, autoLog=True, bold=False, color=array([1., 1., 1.]), colorSpace='rgb', contrast=1.0, depth=-4.0, flipHoriz=False, flipVert=False, font='Arial', fontFiles=[], height=0.06, italic=False, languageStyle='LTR', name='Cali_de_post_intro_cont', opacity=1.0, ori=0.0, pos=array([0.5, 0. ]), rgb=array([1., 1., 1.]), text='          Press [space] key to continue.', units='norm', win=Window(...), wrapWidth=1)
24.1700 	EXP 	Created Cali_de_post_rec_text = TextStim(__class__=<class 'psychopy.visual.text.TextStim'>, alignHoriz='center', alignVert='center', antialias=True, autoLog=True, bold=False, color=array([1., 1., 1.]), colorSpace='rgb', contrast=1.0, depth=-0.0, flipHoriz=False, flipVert=False, font='Arial', fontFiles=[], height=0.06, italic=False, languageStyle='LTR', name='Cali_de_post_rec_text', opacity=1.0, ori=0.0, pos=array([0.5, 0.4]), rgb=array([1., 1., 1.]), text='', units='norm', win=Window(...), wrapWidth=1)
24.1709 	EXP 	Created Cali_de_post_rec_question_text = TextStim(__class__=<class 'psychopy.visual.text.TextStim'>, alignHoriz='center', alignVert='center', antialias=True, autoLog=True, bold=False, color=array([1., 1., 1.]), colorSpace='rgb', contrast=1.0, depth=-2.0, flipHoriz=False, flipVert=False, font='Arial', fontFiles=[], height=0.06, italic=False, languageStyle='LTR', name='Cali_de_post_rec_question_text', opacity=1.0, ori=0.0, pos=array([0.5, 0. ]), rgb=array([1., 1., 1.]), text='', units='norm', win=Window(...), wrapWidth=1)
24.1730 	EXP 	Created Cali_de_post_rec_break = TextStim(__class__=<class 'psychopy.visual.text.TextStim'>, alignHoriz='center', alignVert='center', antialias=True, autoLog=True, bold=False, color=array([1., 1., 1.]), colorSpace='rgb', contrast=1.0, depth=-6.0, flipHoriz=False, flipVert=False, font='Arial', fontFiles=[], height=0.06, italic=False, languageStyle='LTR', name='Cali_de_post_rec_break', opacity=1.0, ori=0.0, pos=array([ 0.5, -0.4]), rgb=array([1., 1., 1.]), text='Short break', units='norm', win=Window(...), wrapWidth=1)
24.1765 	EXP 	Created the_end_text = TextStim(__class__=<class 'psychopy.visual.text.TextStim'>, alignHoriz='center', alignVert='center', antialias=True, autoLog=True, bold=False, color=array([1., 1., 1.]), colorSpace='rgb', contrast=1.0, depth=-1.0, flipHoriz=False, flipVert=False, font='Arial', fontFiles=[], height=0.06, italic=False, languageStyle='LTR', name='the_end_text', opacity=1.0, ori=0.0, pos=array([0.7, 0. ]), rgb=array([1., 1., 1.]), text=str(...), units='norm', win=Window(...), wrapWidth=1)
26.1813 	EXP 	Created sequence: random, trialTypes=1, nReps=4, seed=None
26.1824 	EXP 	New trial (rep=0, index=0): None
26.1829 	EXP 	New trial (rep=1, index=0): None
26.1834 	EXP 	New trial (rep=2, index=0): None
27.2036 	EXP 	fade_in_text: text = 'Please remain seated until further instruction via the earphone.'
27.2036 	EXP 	fade_in_text: autoDraw = True
33.2040 	EXP 	fade_in_text: autoDraw = False
33.2207 	EXP 	fade_in_text: autoDraw = True
39.2209 	EXP 	fade_in_text: autoDraw = True
39.2376 	EXP 	fade_in_text: autoDraw = True
39.2543 	EXP 	fade_in_text: autoDraw = True
39.2710 	EXP 	fade_in_text: autoDraw = True
39.2876 	EXP 	fade_in_text: autoDraw = True
39.3042 	EXP 	fade_in_text: autoDraw = True
39.3209 	EXP 	fade_in_text: autoDraw = True
39.3376 	EXP 	fade_in_text: autoDraw = True
39.3543 	EXP 	fade_in_text: autoDraw = True
39.3710 	EXP 	fade_in_text: autoDraw = True
39.3878 	EXP 	fade_in_text: autoDraw = True
39.4042 	EXP 	fade_in_text: autoDraw = True
39.4210 	EXP 	fade_in_text: autoDraw = True
39.4376 	EXP 	fade_in_text: autoDraw = True
39.4543 	EXP 	fade_in_text: autoDraw = True
39.4710 	EXP 	fade_in_text: autoDraw = True
39.4878 	EXP 	fade_in_text: autoDraw = True
39.5042 	EXP 	fade_in_text: autoDraw = True
39.5210 	EXP 	fade_in_text: autoDraw = True
39.5376 	EXP 	fade_in_text: autoDraw = True
39.5543 	EXP 	fade_in_text: autoDraw = True
39.5710 	EXP 	fade_in_text: autoDraw = True
39.5878 	EXP 	fade_in_text: autoDraw = True
39.6042 	EXP 	fade_in_text: autoDraw = True
39.6210 	EXP 	fade_in_text: autoDraw = True
39.6376 	EXP 	fade_in_text: autoDraw = True
39.6543 	EXP 	fade_in_text: autoDraw = True
39.6710 	EXP 	fade_in_text: autoDraw = True
39.6878 	EXP 	fade_in_text: autoDraw = True
39.7042 	EXP 	fade_in_text: autoDraw = True
39.7210 	EXP 	fade_in_text: autoDraw = True
39.7376 	EXP 	fade_in_text: autoDraw = True
39.7543 	EXP 	fade_in_text: autoDraw = True
39.7710 	EXP 	fade_in_text: autoDraw = True
39.7876 	EXP 	fade_in_text: autoDraw = True
39.8042 	EXP 	fade_in_text: autoDraw = True
39.8210 	EXP 	fade_in_text: autoDraw = True
39.8377 	EXP 	fade_in_text: autoDraw = True
39.8543 	EXP 	fade_in_text: autoDraw = True
39.8710 	EXP 	fade_in_text: autoDraw = True
39.8876 	EXP 	fade_in_text: autoDraw = True
39.9042 	EXP 	fade_in_text: autoDraw = True
39.9210 	EXP 	fade_in_text: autoDraw = True
39.9377 	EXP 	fade_in_text: autoDraw = True
39.9543 	EXP 	fade_in_text: autoDraw = True
39.9711 	EXP 	fade_in_text: autoDraw = True
39.9876 	EXP 	fade_in_text: autoDraw = True
40.0043 	EXP 	fade_in_text: autoDraw = True
40.0210 	EXP 	fade_in_text: autoDraw = True
40.0376 	EXP 	fade_in_text: autoDraw = True
40.0543 	EXP 	fade_in_text: autoDraw = True
40.0712 	EXP 	fade_in_text: autoDraw = True
40.0876 	EXP 	fade_in_text: autoDraw = True
40.1044 	EXP 	fade_in_text: autoDraw = True
40.1210 	EXP 	fade_in_text: autoDraw = True
40.1376 	EXP 	fade_in_text: autoDraw = True
40.1543 	EXP 	fade_in_text: autoDraw = True
40.1712 	EXP 	fade_in_text: autoDraw = True
40.1877 	EXP 	fade_in_text: autoDraw = True
40.2043 	EXP 	fade_in_text: autoDraw = True
40.2210 	EXP 	fade_in_text: autoDraw = True
40.2377 	EXP 	fade_in_text: autoDraw = True
40.2543 	EXP 	fade_in_text: autoDraw = True
40.2713 	EXP 	fade_in_text: autoDraw = True
40.2876 	EXP 	fade_in_text: autoDraw = True
40.3043 	EXP 	fade_in_text: autoDraw = True
40.3210 	EXP 	fade_in_text: autoDraw = True
40.3377 	EXP 	fade_in_text: autoDraw = True
40.3546 	EXP 	fade_in_text: autoDraw = True
40.3711 	EXP 	fade_in_text: autoDraw = True
40.3876 	EXP 	fade_in_text: autoDraw = True
40.4043 	EXP 	fade_in_text: autoDraw = True
40.4210 	EXP 	fade_in_text: autoDraw = True
40.4377 	EXP 	fade_in_text: autoDraw = True
40.4543 	EXP 	fade_in_text: autoDraw = True
40.4711 	EXP 	fade_in_text: autoDraw = True
40.4876 	EXP 	fade_in_text: autoDraw = True
40.5043 	EXP 	fade_in_text: autoDraw = True
40.5210 	EXP 	fade_in_text: autoDraw = True
40.5377 	EXP 	fade_in_text: autoDraw = True
40.5545 	EXP 	fade_in_text: autoDraw = True
40.5710 	EXP 	fade_in_text: autoDraw = True
40.5877 	EXP 	fade_in_text: autoDraw = True
40.6044 	EXP 	fade_in_text: autoDraw = True
40.6210 	EXP 	fade_in_text: autoDraw = True
40.6377 	EXP 	fade_in_text: autoDraw = True
40.6545 	EXP 	fade_in_text: autoDraw = True
40.6711 	EXP 	fade_in_text: autoDraw = True
40.6877 	EXP 	fade_in_text: autoDraw = True
40.7044 	EXP 	fade_in_text: autoDraw = True
40.7210 	EXP 	fade_in_text: autoDraw = True
40.7377 	EXP 	fade_in_text: autoDraw = True
40.7546 	EXP 	fade_in_text: autoDraw = True
40.7711 	EXP 	fade_in_text: autoDraw = True
40.7877 	EXP 	fade_in_text: autoDraw = True
40.8044 	EXP 	fade_in_text: autoDraw = True
40.8210 	EXP 	fade_in_text: autoDraw = True
40.8377 	EXP 	fade_in_text: autoDraw = True
40.8545 	EXP 	fade_in_text: autoDraw = True
40.8711 	EXP 	fade_in_text: autoDraw = True
40.8877 	EXP 	fade_in_text: autoDraw = True
40.9044 	EXP 	fade_in_text: autoDraw = True
40.9210 	EXP 	fade_in_text: autoDraw = True
40.9377 	EXP 	fade_in_text: autoDraw = True
40.9543 	EXP 	fade_in_text: autoDraw = True
40.9710 	EXP 	fade_in_text: autoDraw = True
40.9877 	EXP 	fade_in_text: autoDraw = True
41.0044 	EXP 	fade_in_text: autoDraw = True
41.0210 	EXP 	fade_in_text: autoDraw = True
41.0377 	EXP 	fade_in_text: autoDraw = True
41.0543 	EXP 	fade_in_text: autoDraw = True
41.0710 	EXP 	fade_in_text: autoDraw = True
41.0877 	EXP 	fade_in_text: autoDraw = True
41.1044 	EXP 	fade_in_text: autoDraw = True
41.1210 	EXP 	fade_in_text: autoDraw = True
41.1378 	EXP 	fade_in_text: autoDraw = True
41.1543 	EXP 	fade_in_text: autoDraw = True
41.1711 	EXP 	fade_in_text: autoDraw = True
41.1877 	EXP 	fade_in_text: autoDraw = True
41.2044 	EXP 	fade_in_text: autoDraw = True
41.2210 	EXP 	fade_in_text: autoDraw = True
41.2379 	EXP 	fade_in_text: autoDraw = True
41.2543 	EXP 	fade_in_text: autoDraw = True
41.2711 	EXP 	fade_in_text: autoDraw = True
41.2877 	EXP 	fade_in_text: autoDraw = True
41.3044 	EXP 	fade_in_text: autoDraw = True
41.3211 	EXP 	fade_in_text: autoDraw = True
41.3379 	EXP 	fade_in_text: autoDraw = True
41.3544 	EXP 	fade_in_text: autoDraw = True
41.3711 	EXP 	fade_in_text: autoDraw = True
41.3877 	EXP 	fade_in_text: autoDraw = True
41.4044 	EXP 	fade_in_text: autoDraw = True
41.4211 	EXP 	fade_in_text: autoDraw = True
41.4379 	EXP 	fade_in_text: autoDraw = True
41.4543 	EXP 	fade_in_text: autoDraw = True
41.4711 	EXP 	fade_in_text: autoDraw = True
41.4878 	EXP 	fade_in_text: autoDraw = True
41.5044 	EXP 	fade_in_text: autoDraw = True
41.5211 	EXP 	fade_in_text: autoDraw = True
41.5377 	EXP 	fade_in_text: autoDraw = True
41.5543 	EXP 	fade_in_text: autoDraw = True
41.5711 	EXP 	fade_in_text: autoDraw = True
41.5877 	EXP 	fade_in_text: autoDraw = True
41.6044 	EXP 	fade_in_text: autoDraw = True
41.6211 	EXP 	fade_in_text: autoDraw = True
41.6377 	EXP 	fade_in_text: autoDraw = True
41.6543 	EXP 	fade_in_text: autoDraw = True
41.6711 	EXP 	fade_in_text: autoDraw = True
41.6877 	EXP 	fade_in_text: autoDraw = True
41.7044 	EXP 	fade_in_text: autoDraw = True
41.7212 	EXP 	fade_in_text: autoDraw = True
41.7377 	EXP 	fade_in_text: autoDraw = True
41.7544 	EXP 	fade_in_text: autoDraw = True
41.7712 	EXP 	fade_in_text: autoDraw = True
41.7878 	EXP 	fade_in_text: autoDraw = True
41.8044 	EXP 	fade_in_text: autoDraw = True
41.8213 	EXP 	fade_in_text: autoDraw = True
41.8377 	EXP 	fade_in_text: autoDraw = True
41.8544 	EXP 	fade_in_text: autoDraw = True
41.8711 	EXP 	fade_in_text: autoDraw = True
41.8878 	EXP 	fade_in_text: autoDraw = True
41.9044 	EXP 	fade_in_text: autoDraw = True
41.9213 	EXP 	fade_in_text: autoDraw = True
41.9377 	EXP 	fade_in_text: autoDraw = True
41.9544 	EXP 	fade_in_text: autoDraw = True
41.9711 	EXP 	fade_in_text: autoDraw = True
41.9878 	EXP 	fade_in_text: autoDraw = True
42.0044 	EXP 	fade_in_text: autoDraw = True
42.0213 	EXP 	fade_in_text: autoDraw = True
42.0377 	EXP 	fade_in_text: autoDraw = True
42.0544 	EXP 	fade_in_text: autoDraw = True
42.0711 	EXP 	fade_in_text: autoDraw = True
42.0878 	EXP 	fade_in_text: autoDraw = True
42.1045 	EXP 	fade_in_text: autoDraw = True
42.1210 	EXP 	fade_in_text: autoDraw = True
42.1377 	EXP 	fade_in_text: autoDraw = True
42.1544 	EXP 	fade_in_text: autoDraw = True
42.1711 	EXP 	fade_in_text: autoDraw = True
42.1878 	EXP 	fade_in_text: autoDraw = True
42.2044 	EXP 	fade_in_text: autoDraw = True
42.2210 	EXP 	fade_in_text: autoDraw = True
42.2377 	EXP 	fade_in_text: autoDraw = True
42.2544 	EXP 	fade_in_text: autoDraw = True
42.2711 	EXP 	fade_in_text: autoDraw = True
42.2878 	EXP 	fade_in_text: autoDraw = True
42.3046 	EXP 	fade_in_text: autoDraw = True
42.3210 	EXP 	fade_in_text: autoDraw = True
42.3378 	EXP 	fade_in_text: autoDraw = True
42.3545 	EXP 	fade_in_text: autoDraw = True
42.3711 	EXP 	fade_in_text: autoDraw = True
42.3878 	EXP 	fade_in_text: autoDraw = True
42.4046 	EXP 	fade_in_text: autoDraw = True
42.4210 	EXP 	fade_in_text: autoDraw = True
42.4379 	EXP 	fade_in_text: autoDraw = True
42.4544 	EXP 	fade_in_text: autoDraw = True
42.4711 	EXP 	fade_in_text: autoDraw = True
42.4878 	EXP 	fade_in_text: autoDraw = True
42.5046 	EXP 	fade_in_text: autoDraw = True
42.5210 	EXP 	fade_in_text: autoDraw = True
42.5378 	EXP 	fade_in_text: autoDraw = True
42.5544 	EXP 	fade_in_text: autoDraw = True
42.5711 	EXP 	fade_in_text: autoDraw = True
42.5878 	EXP 	fade_in_text: autoDraw = True
42.6046 	EXP 	fade_in_text: autoDraw = True
42.6210 	EXP 	fade_in_text: autoDraw = True
42.6378 	EXP 	fade_in_text: autoDraw = True
42.6545 	EXP 	fade_in_text: autoDraw = True
42.6711 	EXP 	fade_in_text: autoDraw = True
42.6878 	EXP 	fade_in_text: autoDraw = True
42.7044 	EXP 	fade_in_text: autoDraw = True
42.7210 	EXP 	fade_in_text: autoDraw = True
42.7378 	EXP 	fade_in_text: autoDraw = True
42.7545 	EXP 	fade_in_text: autoDraw = True
42.7712 	EXP 	fade_in_text: autoDraw = True
42.7878 	EXP 	fade_in_text: autoDraw = True
42.8044 	EXP 	fade_in_text: autoDraw = True
42.8210 	EXP 	fade_in_text: autoDraw = True
42.8378 	EXP 	fade_in_text: autoDraw = True
42.8545 	EXP 	fade_in_text: autoDraw = True
42.8711 	EXP 	fade_in_text: autoDraw = True
42.8880 	EXP 	fade_in_text: autoDraw = True
42.9044 	EXP 	fade_in_text: autoDraw = True
42.9211 	EXP 	fade_in_text: autoDraw = True
42.9378 	EXP 	fade_in_text: autoDraw = True
42.9545 	EXP 	fade_in_text: autoDraw = True
42.9712 	EXP 	fade_in_text: autoDraw = True
42.9880 	EXP 	fade_in_text: autoDraw = True
43.0044 	EXP 	fade_in_text: autoDraw = True
43.0212 	EXP 	fade_in_text: autoDraw = True
43.0378 	EXP 	fade_in_text: autoDraw = True
43.0545 	EXP 	fade_in_text: autoDraw = True
43.0711 	EXP 	fade_in_text: autoDraw = True
43.0880 	EXP 	fade_in_text: autoDraw = True
43.1044 	EXP 	fade_in_text: autoDraw = True
43.1211 	EXP 	fade_in_text: autoDraw = True
43.1378 	EXP 	fade_in_text: autoDraw = True
43.1545 	EXP 	fade_in_text: autoDraw = True
43.1712 	EXP 	fade_in_text: autoDraw = True
43.1881 	EXP 	fade_in_text: autoDraw = True
43.2045 	EXP 	fade_in_text: autoDraw = True
43.2212 	EXP 	fade_in_text: autoDraw = True
43.2378 	EXP 	fade_in_text: autoDraw = True
43.2545 	EXP 	fade_in_text: autoDraw = True
43.2712 	EXP 	fade_in_text: autoDraw = True
43.2878 	EXP 	fade_in_text: autoDraw = True
43.3044 	EXP 	fade_in_text: autoDraw = True
43.3212 	EXP 	fade_in_text: autoDraw = True
43.3378 	EXP 	fade_in_text: autoDraw = True
43.3545 	EXP 	fade_in_text: autoDraw = True
43.3713 	EXP 	fade_in_text: autoDraw = True
43.3880 	EXP 	fade_in_text: autoDraw = True
43.4045 	EXP 	fade_in_text: autoDraw = True
43.4211 	EXP 	fade_in_text: autoDraw = True
43.4378 	EXP 	fade_in_text: autoDraw = True
43.4545 	EXP 	fade_in_text: autoDraw = True
43.4713 	EXP 	fade_in_text: autoDraw = True
43.4878 	EXP 	fade_in_text: autoDraw = True
43.5045 	EXP 	fade_in_text: autoDraw = True
43.5212 	EXP 	fade_in_text: autoDraw = True
43.5378 	EXP 	fade_in_text: autoDraw = True
43.5545 	EXP 	fade_in_text: autoDraw = True
43.5713 	EXP 	fade_in_text: autoDraw = True
43.5878 	EXP 	fade_in_text: autoDraw = True
43.6045 	EXP 	fade_in_text: autoDraw = True
43.6211 	EXP 	fade_in_text: autoDraw = True
43.6378 	EXP 	fade_in_text: autoDraw = True
43.6545 	EXP 	fade_in_text: autoDraw = True
43.6714 	EXP 	fade_in_text: autoDraw = True
43.6878 	EXP 	fade_in_text: autoDraw = True
43.7045 	EXP 	fade_in_text: autoDraw = True
43.7212 	EXP 	fade_in_text: autoDraw = True
43.7379 	EXP 	fade_in_text: autoDraw = True
43.7545 	EXP 	fade_in_text: autoDraw = True
43.7714 	EXP 	fade_in_text: autoDraw = True
43.7879 	EXP 	fade_in_text: autoDraw = True
43.8045 	EXP 	fade_in_text: autoDraw = True
43.8212 	EXP 	fade_in_text: autoDraw = True
43.8378 	EXP 	fade_in_text: autoDraw = True
43.8545 	EXP 	fade_in_text: autoDraw = True
43.8711 	EXP 	fade_in_text: autoDraw = True
43.8879 	EXP 	fade_in_text: autoDraw = True
43.9045 	EXP 	fade_in_text: autoDraw = True
43.9212 	EXP 	fade_in_text: autoDraw = True
43.9379 	EXP 	fade_in_text: autoDraw = True
43.9545 	EXP 	fade_in_text: autoDraw = True
43.9711 	EXP 	fade_in_text: autoDraw = True
43.9880 	EXP 	fade_in_text: autoDraw = True
44.0045 	EXP 	fade_in_text: autoDraw = True
44.0212 	EXP 	fade_in_text: autoDraw = True
44.0378 	EXP 	fade_in_text: autoDraw = True
44.0547 	EXP 	fade_in_text: autoDraw = True
44.0711 	EXP 	fade_in_text: autoDraw = True
44.0878 	EXP 	fade_in_text: autoDraw = True
44.1045 	EXP 	fade_in_text: autoDraw = True
44.1212 	EXP 	fade_in_text: autoDraw = True
44.1378 	EXP 	fade_in_text: autoDraw = True
44.1547 	EXP 	fade_in_text: autoDraw = True
44.1711 	EXP 	fade_in_text: autoDraw = True
44.1879 	EXP 	fade_in_text: autoDraw = True
44.2045 	EXP 	fade_in_text: autoDraw = True
44.2212 	EXP 	fade_in_text: autoDraw = True
44.2379 	EXP 	fade_in_text: autoDraw = True
44.2548 	EXP 	fade_in_text: autoDraw = True
44.2711 	EXP 	fade_in_text: autoDraw = True
44.2879 	EXP 	fade_in_text: autoDraw = True
44.3045 	EXP 	fade_in_text: autoDraw = True
44.3212 	EXP 	fade_in_text: autoDraw = True
44.3379 	EXP 	fade_in_text: autoDraw = True
44.3547 	EXP 	fade_in_text: autoDraw = True
44.3711 	EXP 	fade_in_text: autoDraw = True
44.3879 	EXP 	fade_in_text: autoDraw = True
44.4045 	EXP 	fade_in_text: autoDraw = True
44.4212 	EXP 	fade_in_text: autoDraw = True
44.4379 	EXP 	fade_in_text: autoDraw = True
44.4545 	EXP 	fade_in_text: autoDraw = True
44.4711 	EXP 	fade_in_text: autoDraw = True
44.4879 	EXP 	fade_in_text: autoDraw = True
44.5045 	EXP 	fade_in_text: autoDraw = True
44.5212 	EXP 	fade_in_text: autoDraw = True
44.5379 	EXP 	fade_in_text: autoDraw = True
44.5545 	EXP 	fade_in_text: autoDraw = True
44.5711 	EXP 	fade_in_text: autoDraw = True
44.5879 	EXP 	fade_in_text: autoDraw = True
44.6046 	EXP 	fade_in_text: autoDraw = True
44.6212 	EXP 	fade_in_text: autoDraw = True
44.6381 	EXP 	fade_in_text: autoDraw = True
44.6545 	EXP 	fade_in_text: autoDraw = True
44.6712 	EXP 	fade_in_text: autoDraw = True
44.6879 	EXP 	fade_in_text: autoDraw = True
44.7046 	EXP 	fade_in_text: autoDraw = True
44.7212 	EXP 	fade_in_text: autoDraw = True
44.7381 	EXP 	fade_in_text: autoDraw = True
44.7545 	EXP 	fade_in_text: autoDraw = True
44.7712 	EXP 	fade_in_text: autoDraw = True
44.7879 	EXP 	fade_in_text: autoDraw = True
44.8046 	EXP 	fade_in_text: autoDraw = True
44.8212 	EXP 	fade_in_text: autoDraw = True
44.8381 	EXP 	fade_in_text: autoDraw = True
44.8545 	EXP 	fade_in_text: autoDraw = True
44.8712 	EXP 	fade_in_text: autoDraw = True
44.8879 	EXP 	fade_in_text: autoDraw = True
44.9046 	EXP 	fade_in_text: autoDraw = True
44.9212 	EXP 	fade_in_text: autoDraw = True
44.9381 	EXP 	fade_in_text: autoDraw = True
44.9546 	EXP 	fade_in_text: autoDraw = True
44.9712 	EXP 	fade_in_text: autoDraw = True
44.9879 	EXP 	fade_in_text: autoDraw = True
45.0046 	EXP 	fade_in_text: autoDraw = True
45.0212 	EXP 	fade_in_text: autoDraw = True
45.0378 	EXP 	fade_in_text: autoDraw = True
45.0545 	EXP 	fade_in_text: autoDraw = True
45.0713 	EXP 	fade_in_text: autoDraw = True
45.0879 	EXP 	fade_in_text: autoDraw = True
45.1046 	EXP 	fade_in_text: autoDraw = True
45.1212 	EXP 	fade_in_text: autoDraw = True
45.1378 	EXP 	fade_in_text: autoDraw = True
45.1546 	EXP 	fade_in_text: autoDraw = True
45.1712 	EXP 	fade_in_text: autoDraw = True
45.1879 	EXP 	fade_in_text: autoDraw = True
45.2046 	EXP 	fade_in_text: autoDraw = True
45.2213 	EXP 	fade_in_text: autoDraw = True
45.2378 	EXP 	fade_in_text: autoDraw = True
45.2546 	EXP 	fade_in_text: autoDraw = True
45.2712 	EXP 	fade_in_text: autoDraw = True
45.2880 	EXP 	fade_in_text: autoDraw = True
45.3046 	EXP 	fade_in_text: autoDraw = True
45.3215 	EXP 	fade_in_text: autoDraw = True
45.3378 	EXP 	fade_in_text: autoDraw = True
45.3546 	EXP 	fade_in_text: autoDraw = True
45.3713 	EXP 	fade_in_text: autoDraw = True
45.3879 	EXP 	fade_in_text: autoDraw = True
45.4046 	EXP 	fade_in_text: autoDraw = True
45.4215 	EXP 	fade_in_text: autoDraw = True
45.4378 	EXP 	fade_in_text: autoDraw = True
45.4546 	EXP 	fade_in_text: autoDraw = True
45.4713 	EXP 	fade_in_text: autoDraw = True
45.4879 	EXP 	fade_in_text: autoDraw = True
45.5046 	EXP 	fade_in_text: autoDraw = True
45.5215 	EXP 	fade_in_text: autoDraw = True
45.5378 	EXP 	fade_in_text: autoDraw = True
45.5546 	EXP 	fade_in_text: autoDraw = True
45.5713 	EXP 	fade_in_text: autoDraw = True
45.5879 	EXP 	fade_in_text: autoDraw = True
45.6046 	EXP 	fade_in_text: autoDraw = True
45.6214 	EXP 	fade_in_text: autoDraw = True
45.6378 	EXP 	fade_in_text: autoDraw = True
45.6546 	EXP 	fade_in_text: autoDraw = True
45.6713 	EXP 	fade_in_text: autoDraw = True
45.6879 	EXP 	fade_in_text: autoDraw = True
45.7046 	EXP 	fade_in_text: autoDraw = True
45.7212 	EXP 	fade_in_text: autoDraw = True
45.7378 	EXP 	fade_in_text: autoDraw = True
45.7546 	EXP 	fade_in_text: autoDraw = True
45.7713 	EXP 	fade_in_text: autoDraw = True
45.7879 	EXP 	fade_in_text: autoDraw = True
45.8046 	EXP 	fade_in_text: autoDraw = True
45.8212 	EXP 	fade_in_text: autoDraw = True
45.8379 	EXP 	fade_in_text: autoDraw = True
45.8546 	EXP 	fade_in_text: autoDraw = True
45.8713 	EXP 	fade_in_text: autoDraw = True
45.8879 	EXP 	fade_in_text: autoDraw = True
45.9047 	EXP 	fade_in_text: autoDraw = True
45.9212 	EXP 	fade_in_text: autoDraw = True
45.9379 	EXP 	fade_in_text: autoDraw = True
45.9546 	EXP 	fade_in_text: autoDraw = True
45.9713 	EXP 	fade_in_text: autoDraw = True
45.9880 	EXP 	fade_in_text: autoDraw = True
46.0048 	EXP 	fade_in_text: autoDraw = True
46.0212 	EXP 	fade_in_text: autoDraw = True
46.0379 	EXP 	fade_in_text: autoDraw = True
46.0546 	EXP 	fade_in_text: autoDraw = True
46.0713 	EXP 	fade_in_text: autoDraw = True
46.0880 	EXP 	fade_in_text: autoDraw = True
46.1049 	EXP 	fade_in_text: autoDraw = True
46.1212 	EXP 	fade_in_text: autoDraw = True
46.1380 	EXP 	fade_in_text: autoDraw = True
46.1546 	EXP 	fade_in_text: autoDraw = True
46.1713 	EXP 	fade_in_text: autoDraw = True
46.1880 	EXP 	fade_in_text: autoDraw = True
46.2049 	EXP 	fade_in_text: autoDraw = True
46.2212 	EXP 	fade_in_text: autoDraw = True
46.2380 	EXP 	fade_in_text: autoDraw = True
46.2546 	EXP 	fade_in_text: autoDraw = True
46.2713 	EXP 	fade_in_text: autoDraw = True
46.2880 	EXP 	fade_in_text: autoDraw = True
46.3048 	EXP 	fade_in_text: autoDraw = True
46.3212 	EXP 	fade_in_text: autoDraw = True
46.3380 	EXP 	fade_in_text: autoDraw = True
46.3546 	EXP 	fade_in_text: autoDraw = True
46.3713 	EXP 	fade_in_text: autoDraw = True
46.3882 	EXP 	fade_in_text: autoDraw = True
46.4046 	EXP 	fade_in_text: autoDraw = True
46.4212 	EXP 	fade_in_text: autoDraw = True
46.4380 	EXP 	fade_in_text: autoDraw = True
46.4546 	EXP 	fade_in_text: autoDraw = True
46.4713 	EXP 	fade_in_text: autoDraw = True
46.4880 	EXP 	fade_in_text: autoDraw = True
46.5046 	EXP 	fade_in_text: autoDraw = True
46.5213 	EXP 	fade_in_text: autoDraw = True
46.5380 	EXP 	fade_in_text: autoDraw = True
46.5546 	EXP 	fade_in_text: autoDraw = True
46.5713 	EXP 	fade_in_text: autoDraw = True
46.5882 	EXP 	fade_in_text: autoDraw = True
46.6047 	EXP 	fade_in_text: autoDraw = True
46.6213 	EXP 	fade_in_text: autoDraw = True
46.6380 	EXP 	fade_in_text: autoDraw = True
46.6546 	EXP 	fade_in_text: autoDraw = True
46.6713 	EXP 	fade_in_text: autoDraw = True
46.6882 	EXP 	fade_in_text: autoDraw = True
46.7046 	EXP 	fade_in_text: autoDraw = True
46.7213 	EXP 	fade_in_text: autoDraw = True
46.7380 	EXP 	fade_in_text: autoDraw = True
46.7547 	EXP 	fade_in_text: autoDraw = True
46.7713 	EXP 	fade_in_text: autoDraw = True
46.7883 	EXP 	fade_in_text: autoDraw = True
46.8047 	EXP 	fade_in_text: autoDraw = True
46.8213 	EXP 	fade_in_text: autoDraw = True
46.8380 	EXP 	fade_in_text: autoDraw = True
46.8547 	EXP 	fade_in_text: autoDraw = True
46.8713 	EXP 	fade_in_text: autoDraw = True
46.8882 	EXP 	fade_in_text: autoDraw = True
46.9047 	EXP 	fade_in_text: autoDraw = True
46.9213 	EXP 	fade_in_text: autoDraw = True
46.9380 	EXP 	fade_in_text: autoDraw = True
46.9547 	EXP 	fade_in_text: autoDraw = True
46.9713 	EXP 	fade_in_text: autoDraw = True
46.9881 	EXP 	fade_in_text: autoDraw = True
47.0047 	EXP 	fade_in_text: autoDraw = True
47.0213 	EXP 	fade_in_text: autoDraw = True
47.0380 	EXP 	fade_in_text: autoDraw = True
47.0547 	EXP 	fade_in_text: autoDraw = True
47.0713 	EXP 	fade_in_text: autoDraw = True
47.0879 	EXP 	fade_in_text: autoDraw = True
47.1048 	EXP 	fade_in_text: autoDraw = True
47.1214 	EXP 	fade_in_text: autoDraw = True
47.1380 	EXP 	fade_in_text: autoDraw = True
47.1547 	EXP 	fade_in_text: autoDraw = True
47.1719 	EXP 	fade_in_text: autoDraw = True
47.1882 	EXP 	fade_in_text: autoDraw = True
47.2049 	EXP 	fade_in_text: autoDraw = True
47.2214 	EXP 	fade_in_text: autoDraw = True
47.2381 	EXP 	fade_in_text: autoDraw = True
47.2547 	EXP 	fade_in_text: autoDraw = True
47.2716 	EXP 	fade_in_text: autoDraw = True
47.2880 	EXP 	fade_in_text: autoDraw = True
47.3049 	EXP 	fade_in_text: autoDraw = True
47.3214 	EXP 	fade_in_text: autoDraw = True
47.3380 	EXP 	fade_in_text: autoDraw = True
47.3547 	EXP 	fade_in_text: autoDraw = True
47.3716 	EXP 	fade_in_text: autoDraw = True
47.3881 	EXP 	fade_in_text: autoDraw = True
47.4047 	EXP 	fade_in_text: autoDraw = True
47.4214 	EXP 	fade_in_text: autoDraw = True
47.4381 	EXP 	fade_in_text: autoDraw = True
47.4547 	EXP 	fade_in_text: autoDraw = True
47.4716 	EXP 	fade_in_text: autoDraw = True
47.4880 	EXP 	fade_in_text: autoDraw = True
47.5047 	EXP 	fade_in_text: autoDraw = True
47.5214 	EXP 	fade_in_text: autoDraw = True
47.5381 	EXP 	fade_in_text: autoDraw = True
47.5547 	EXP 	fade_in_text: autoDraw = True
47.5714 	EXP 	fade_in_text: autoDraw = True
47.5880 	EXP 	fade_in_text: autoDraw = True
47.6047 	EXP 	fade_in_text: autoDraw = True
47.6214 	EXP 	fade_in_text: autoDraw = True
47.6381 	EXP 	fade_in_text: autoDraw = True
47.6547 	EXP 	fade_in_text: autoDraw = True
47.6713 	EXP 	fade_in_text: autoDraw = True
47.6880 	EXP 	fade_in_text: autoDraw = True
47.7047 	EXP 	fade_in_text: autoDraw = True
47.7214 	EXP 	fade_in_text: autoDraw = True
47.7380 	EXP 	fade_in_text: autoDraw = True
47.7550 	EXP 	fade_in_text: autoDraw = True
47.7713 	EXP 	fade_in_text: autoDraw = True
47.7880 	EXP 	fade_in_text: autoDraw = True
47.8047 	EXP 	fade_in_text: autoDraw = True
47.8214 	EXP 	fade_in_text: autoDraw = True
47.8380 	EXP 	fade_in_text: autoDraw = True
47.8549 	EXP 	fade_in_text: autoDraw = True
47.8713 	EXP 	fade_in_text: autoDraw = True
47.8881 	EXP 	fade_in_text: autoDraw = True
47.9047 	EXP 	fade_in_text: autoDraw = True
47.9214 	EXP 	fade_in_text: autoDraw = True
47.9381 	EXP 	fade_in_text: autoDraw = True
47.9549 	EXP 	fade_in_text: autoDraw = True
47.9713 	EXP 	fade_in_text: autoDraw = True
47.9881 	EXP 	fade_in_text: autoDraw = True
48.0047 	EXP 	fade_in_text: autoDraw = True
48.0214 	EXP 	fade_in_text: autoDraw = True
48.0381 	EXP 	fade_in_text: autoDraw = True
48.0549 	EXP 	fade_in_text: autoDraw = True
48.0713 	EXP 	fade_in_text: autoDraw = True
48.0881 	EXP 	fade_in_text: autoDraw = True
48.1047 	EXP 	fade_in_text: autoDraw = True
48.1214 	EXP 	fade_in_text: autoDraw = True
48.1381 	EXP 	fade_in_text: autoDraw = True
48.1547 	EXP 	fade_in_text: autoDraw = True
48.1713 	EXP 	fade_in_text: autoDraw = True
48.1881 	EXP 	fade_in_text: autoDraw = True
48.2047 	EXP 	fade_in_text: autoDraw = True
48.2214 	EXP 	fade_in_text: autoDraw = True
48.2381 	EXP 	fade_in_text: autoDraw = True
48.2547 	EXP 	fade_in_text: autoDraw = True
48.2713 	EXP 	fade_in_text: autoDraw = True
48.2881 	EXP 	fade_in_text: autoDraw = True
48.3047 	EXP 	fade_in_text: autoDraw = True
48.3214 	EXP 	fade_in_text: autoDraw = True
48.3381 	EXP 	fade_in_text: autoDraw = True
48.3547 	EXP 	fade_in_text: autoDraw = True
48.3714 	EXP 	fade_in_text: autoDraw = True
48.3881 	EXP 	fade_in_text: autoDraw = True
48.4048 	EXP 	fade_in_text: autoDraw = True
48.4214 	EXP 	fade_in_text: autoDraw = True
48.4383 	EXP 	fade_in_text: autoDraw = True
48.4547 	EXP 	fade_in_text: autoDraw = True
48.4714 	EXP 	fade_in_text: autoDraw = True
48.4881 	EXP 	fade_in_text: autoDraw = True
48.5047 	EXP 	fade_in_text: autoDraw = True
48.5214 	EXP 	fade_in_text: autoDraw = True
48.5383 	EXP 	fade_in_text: autoDraw = True
48.5547 	EXP 	fade_in_text: autoDraw = True
48.5714 	EXP 	fade_in_text: autoDraw = True
48.5881 	EXP 	fade_in_text: autoDraw = True
48.6048 	EXP 	fade_in_text: autoDraw = True
48.6215 	EXP 	fade_in_text: autoDraw = True
48.6384 	EXP 	fade_in_text: autoDraw = True
48.6548 	EXP 	fade_in_text: autoDraw = True
48.6714 	EXP 	fade_in_text: autoDraw = True
48.6881 	EXP 	fade_in_text: autoDraw = True
48.7048 	EXP 	fade_in_text: autoDraw = True
48.7214 	EXP 	fade_in_text: autoDraw = True
48.7383 	EXP 	fade_in_text: autoDraw = True
48.7547 	EXP 	fade_in_text: autoDraw = True
48.7714 	EXP 	fade_in_text: autoDraw = True
48.7881 	EXP 	fade_in_text: autoDraw = True
48.8048 	EXP 	fade_in_text: autoDraw = True
48.8215 	EXP 	fade_in_text: autoDraw = True
48.8380 	EXP 	fade_in_text: autoDraw = True
48.8547 	EXP 	fade_in_text: autoDraw = True
48.8714 	EXP 	fade_in_text: autoDraw = True
48.8881 	EXP 	fade_in_text: autoDraw = True
48.9048 	EXP 	fade_in_text: autoDraw = True
48.9215 	EXP 	fade_in_text: autoDraw = True
48.9380 	EXP 	fade_in_text: autoDraw = True
48.9547 	EXP 	fade_in_text: autoDraw = True
48.9714 	EXP 	fade_in_text: autoDraw = True
48.9881 	EXP 	fade_in_text: autoDraw = True
49.0048 	EXP 	fade_in_text: autoDraw = True
49.0214 	EXP 	fade_in_text: autoDraw = True
49.0380 	EXP 	fade_in_text: autoDraw = True
49.0548 	EXP 	fade_in_text: autoDraw = True
49.0714 	EXP 	fade_in_text: autoDraw = True
49.0881 	EXP 	fade_in_text: autoDraw = True
49.1048 	EXP 	fade_in_text: autoDraw = True
49.1217 	EXP 	fade_in_text: autoDraw = True
49.1380 	EXP 	fade_in_text: autoDraw = True
49.1548 	EXP 	fade_in_text: autoDraw = True
49.1714 	EXP 	fade_in_text: autoDraw = True
49.1881 	EXP 	fade_in_text: autoDraw = True
49.2048 	EXP 	fade_in_text: autoDraw = True
49.2217 	EXP 	fade_in_text: autoDraw = True
49.2387 	EXP 	fade_in_text: autoDraw = True
49.2552 	EXP 	fade_in_text: autoDraw = True
49.2716 	EXP 	fade_in_text: autoDraw = True
49.2882 	EXP 	fade_in_text: autoDraw = True
49.3048 	EXP 	fade_in_text: autoDraw = True
49.3217 	EXP 	fade_in_text: autoDraw = True
49.3381 	EXP 	fade_in_text: autoDraw = True
49.3548 	EXP 	fade_in_text: autoDraw = True
49.3715 	EXP 	fade_in_text: autoDraw = True
49.3882 	EXP 	fade_in_text: autoDraw = True
49.4048 	EXP 	fade_in_text: autoDraw = True
49.4217 	EXP 	fade_in_text: autoDraw = True
49.4381 	EXP 	fade_in_text: autoDraw = True
49.4548 	EXP 	fade_in_text: autoDraw = True
49.4715 	EXP 	fade_in_text: autoDraw = True
49.4881 	EXP 	fade_in_text: autoDraw = True
49.5048 	EXP 	fade_in_text: autoDraw = True
49.5217 	EXP 	fade_in_text: autoDraw = True
49.5381 	EXP 	fade_in_text: autoDraw = True
49.5549 	EXP 	fade_in_text: autoDraw = True
49.5715 	EXP 	fade_in_text: autoDraw = True
49.5882 	EXP 	fade_in_text: autoDraw = True
49.6048 	EXP 	fade_in_text: autoDraw = True
49.6215 	EXP 	fade_in_text: autoDraw = True
49.6381 	EXP 	fade_in_text: autoDraw = True
49.6549 	EXP 	fade_in_text: autoDraw = True
49.6715 	EXP 	fade_in_text: autoDraw = True
49.6881 	EXP 	fade_in_text: autoDraw = True
49.7048 	EXP 	fade_in_text: autoDraw = True
49.7215 	EXP 	fade_in_text: autoDraw = True
49.7381 	EXP 	fade_in_text: autoDraw = True
49.7548 	EXP 	fade_in_text: autoDraw = True
49.7715 	EXP 	fade_in_text: autoDraw = True
49.7882 	EXP 	fade_in_text: autoDraw = True
49.8051 	EXP 	fade_in_text: autoDraw = True
49.8215 	EXP 	fade_in_text: autoDraw = True
49.8382 	EXP 	fade_in_text: autoDraw = True
49.8549 	EXP 	fade_in_text: autoDraw = True
49.8715 	EXP 	fade_in_text: autoDraw = True
49.8885 	EXP 	fade_in_text: autoDraw = True
49.9051 	EXP 	fade_in_text: autoDraw = True
49.9215 	EXP 	fade_in_text: autoDraw = True
49.9382 	EXP 	fade_in_text: autoDraw = True
49.9549 	EXP 	fade_in_text: autoDraw = True
49.9716 	EXP 	fade_in_text: autoDraw = True
49.9882 	EXP 	fade_in_text: autoDraw = True
50.0051 	EXP 	fade_in_text: autoDraw = True
50.0215 	EXP 	fade_in_text: autoDraw = True
50.0382 	EXP 	fade_in_text: autoDraw = True
50.0549 	EXP 	fade_in_text: autoDraw = True
50.0715 	EXP 	fade_in_text: autoDraw = True
50.0882 	EXP 	fade_in_text: autoDraw = True
50.1050 	EXP 	fade_in_text: autoDraw = True
50.1215 	EXP 	fade_in_text: autoDraw = True
50.1383 	EXP 	fade_in_text: autoDraw = True
50.1549 	EXP 	fade_in_text: autoDraw = True
50.1716 	EXP 	fade_in_text: autoDraw = True
50.1882 	EXP 	fade_in_text: autoDraw = True
50.2052 	EXP 	fade_in_text: autoDraw = True
50.2215 	EXP 	fade_in_text: autoDraw = True
50.2382 	EXP 	fade_in_text: autoDraw = True
50.2548 	EXP 	fade_in_text: autoDraw = True
50.2716 	EXP 	fade_in_text: autoDraw = True
50.2882 	EXP 	fade_in_text: autoDraw = True
50.3048 	EXP 	fade_in_text: autoDraw = True
50.3215 	EXP 	fade_in_text: autoDraw = True
50.3382 	EXP 	fade_in_text: autoDraw = True
50.3548 	EXP 	fade_in_text: autoDraw = True
50.3716 	EXP 	fade_in_text: autoDraw = True
50.3885 	EXP 	fade_in_text: autoDraw = True
50.4050 	EXP 	fade_in_text: autoDraw = True
50.4216 	EXP 	fade_in_text: autoDraw = True
50.4382 	EXP 	fade_in_text: autoDraw = True
50.4549 	EXP 	fade_in_text: autoDraw = True
50.4716 	EXP 	fade_in_text: autoDraw = True
50.4887 	EXP 	fade_in_text: autoDraw = True
50.5049 	EXP 	fade_in_text: autoDraw = True
50.5216 	EXP 	fade_in_text: autoDraw = True
50.5382 	EXP 	fade_in_text: autoDraw = True
50.5550 	EXP 	fade_in_text: autoDraw = True
50.5717 	EXP 	fade_in_text: autoDraw = True
50.5884 	EXP 	fade_in_text: autoDraw = True
50.6048 	EXP 	fade_in_text: autoDraw = True
50.6218 	EXP 	fade_in_text: autoDraw = True
50.6382 	EXP 	fade_in_text: autoDraw = True
50.6549 	EXP 	fade_in_text: autoDraw = True
50.6716 	EXP 	fade_in_text: autoDraw = True
50.6885 	EXP 	fade_in_text: autoDraw = True
50.7049 	EXP 	fade_in_text: autoDraw = True
50.7217 	EXP 	fade_in_text: autoDraw = True
50.7382 	EXP 	fade_in_text: autoDraw = True
50.7549 	EXP 	fade_in_text: autoDraw = True
50.7716 	EXP 	fade_in_text: autoDraw = True
50.7886 	EXP 	fade_in_text: autoDraw = True
50.8050 	EXP 	fade_in_text: autoDraw = True
50.8216 	EXP 	fade_in_text: autoDraw = True
50.8382 	EXP 	fade_in_text: autoDraw = True
50.8550 	EXP 	fade_in_text: autoDraw = True
50.8716 	EXP 	fade_in_text: autoDraw = True
50.8881 	EXP 	fade_in_text: autoDraw = True
50.9048 	EXP 	fade_in_text: autoDraw = True
50.9216 	EXP 	fade_in_text: autoDraw = True
50.9383 	EXP 	fade_in_text: autoDraw = True
50.9549 	EXP 	fade_in_text: autoDraw = True
50.9716 	EXP 	fade_in_text: autoDraw = True
50.9881 	EXP 	fade_in_text: autoDraw = True
51.0049 	EXP 	fade_in_text: autoDraw = True
51.0216 	EXP 	fade_in_text: autoDraw = True
51.0382 	EXP 	fade_in_text: autoDraw = True
51.0549 	EXP 	fade_in_text: autoDraw = True
51.0715 	EXP 	fade_in_text: autoDraw = True
51.0882 	EXP 	fade_in_text: autoDraw = True
51.1049 	EXP 	fade_in_text: autoDraw = True
51.1216 	EXP 	fade_in_text: autoDraw = True
51.1383 	EXP 	fade_in_text: autoDraw = True
51.1549 	EXP 	fade_in_text: autoDraw = True
51.1718 	EXP 	fade_in_text: autoDraw = True
51.1882 	EXP 	fade_in_text: autoDraw = True
51.2050 	EXP 	fade_in_text: autoDraw = True
51.2217 	EXP 	fade_in_text: autoDraw = True
51.2383 	EXP 	fade_in_text: autoDraw = True
51.2549 	EXP 	fade_in_text: autoDraw = True
51.2718 	EXP 	fade_in_text: autoDraw = True
51.2883 	EXP 	fade_in_text: autoDraw = True
51.3050 	EXP 	fade_in_text: autoDraw = True
51.3216 	EXP 	fade_in_text: autoDraw = True
51.3383 	EXP 	fade_in_text: autoDraw = True
51.3549 	EXP 	fade_in_text: autoDraw = True
51.3718 	EXP 	fade_in_text: autoDraw = True
51.3882 	EXP 	fade_in_text: autoDraw = True
51.4049 	EXP 	fade_in_text: autoDraw = True
51.4216 	EXP 	fade_in_text: autoDraw = True
51.4383 	EXP 	fade_in_text: autoDraw = True
51.4550 	EXP 	fade_in_text: autoDraw = True
51.4719 	EXP 	fade_in_text: autoDraw = True
51.4882 	EXP 	fade_in_text: autoDraw = True
51.5049 	EXP 	fade_in_text: autoDraw = True
51.5216 	EXP 	fade_in_text: autoDraw = True
51.5383 	EXP 	fade_in_text: autoDraw = True
51.5549 	EXP 	fade_in_text: autoDraw = True
51.5715 	EXP 	fade_in_text: autoDraw = True
51.5882 	EXP 	fade_in_text: autoDraw = True
51.6049 	EXP 	fade_in_text: autoDraw = True
51.6216 	EXP 	fade_in_text: autoDraw = True
51.6383 	EXP 	fade_in_text: autoDraw = True
51.6549 	EXP 	fade_in_text: autoDraw = True
51.6715 	EXP 	fade_in_text: autoDraw = True
51.6883 	EXP 	fade_in_text: autoDraw = True
51.7050 	EXP 	fade_in_text: autoDraw = True
51.7217 	EXP 	fade_in_text: autoDraw = True
51.7389 	EXP 	fade_in_text: autoDraw = True
51.7556 	EXP 	fade_in_text: autoDraw = True
51.7722 	EXP 	fade_in_text: autoDraw = True
51.7886 	EXP 	fade_in_text: autoDraw = True
51.8051 	EXP 	fade_in_text: autoDraw = True
51.8218 	EXP 	fade_in_text: autoDraw = True
51.8385 	EXP 	fade_in_text: autoDraw = True
51.8553 	EXP 	fade_in_text: autoDraw = True
51.8717 	EXP 	fade_in_text: autoDraw = True
51.8885 	EXP 	fade_in_text: autoDraw = True
51.9050 	EXP 	fade_in_text: autoDraw = True
51.9216 	EXP 	fade_in_text: autoDraw = True
51.9383 	EXP 	fade_in_text: autoDraw = True
51.9552 	EXP 	fade_in_text: autoDraw = True
51.9716 	EXP 	fade_in_text: autoDraw = True
51.9883 	EXP 	fade_in_text: autoDraw = True
52.0056 	EXP 	fade_in_text: autoDraw = True
52.0223 	EXP 	fade_in_text: autoDraw = True
52.0387 	EXP 	fade_in_text: autoDraw = True
52.0553 	EXP 	fade_in_text: autoDraw = True
52.0718 	EXP 	fade_in_text: autoDraw = True
52.0884 	EXP 	fade_in_text: autoDraw = True
52.1051 	EXP 	fade_in_text: autoDraw = True
52.1218 	EXP 	fade_in_text: autoDraw = True
52.1385 	EXP 	fade_in_text: autoDraw = True
52.1550 	EXP 	fade_in_text: autoDraw = True
52.1718 	EXP 	fade_in_text: autoDraw = True
52.1885 	EXP 	fade_in_text: autoDraw = True
52.2052 	EXP 	fade_in_text: autoDraw = True
52.2218 	EXP 	fade_in_text: autoDraw = True
52.2385 	EXP 	fade_in_text: autoDraw = True
52.2550 	EXP 	fade_in_text: autoDraw = True
52.2718 	EXP 	fade_in_text: autoDraw = True
52.2885 	EXP 	fade_in_text: autoDraw = True
52.3051 	EXP 	fade_in_text: autoDraw = True
52.3218 	EXP 	fade_in_text: autoDraw = True
52.3386 	EXP 	fade_in_text: autoDraw = True
52.3550 	EXP 	fade_in_text: autoDraw = True
52.3718 	EXP 	fade_in_text: autoDraw = True
52.3885 	EXP 	fade_in_text: autoDraw = True
52.4051 	EXP 	fade_in_text: autoDraw = True
52.4218 	EXP 	fade_in_text: autoDraw = True
52.4386 	EXP 	fade_in_text: autoDraw = True
52.4551 	EXP 	fade_in_text: autoDraw = True
52.4718 	EXP 	fade_in_text: autoDraw = True
52.4885 	EXP 	fade_in_text: autoDraw = True
52.5052 	EXP 	fade_in_text: autoDraw = True
52.5218 	EXP 	fade_in_text: autoDraw = True
52.5386 	EXP 	fade_in_text: autoDraw = True
52.5551 	EXP 	fade_in_text: autoDraw = True
52.5718 	EXP 	fade_in_text: autoDraw = True
52.5885 	EXP 	fade_in_text: autoDraw = True
52.6051 	EXP 	fade_in_text: autoDraw = True
52.6218 	EXP 	fade_in_text: autoDraw = True
52.6387 	EXP 	fade_in_text: autoDraw = True
52.6551 	EXP 	fade_in_text: autoDraw = True
52.6718 	EXP 	fade_in_text: autoDraw = True
52.6885 	EXP 	fade_in_text: autoDraw = True
52.7051 	EXP 	fade_in_text: autoDraw = True
52.7218 	EXP 	fade_in_text: autoDraw = True
52.7386 	EXP 	fade_in_text: autoDraw = True
52.7551 	EXP 	fade_in_text: autoDraw = True
52.7718 	EXP 	fade_in_text: autoDraw = True
52.7885 	EXP 	fade_in_text: autoDraw = True
52.8052 	EXP 	fade_in_text: autoDraw = True
52.8223 	EXP 	fade_in_text: autoDraw = True
52.8387 	EXP 	fade_in_text: autoDraw = True
52.8553 	EXP 	fade_in_text: autoDraw = True
52.8720 	EXP 	fade_in_text: autoDraw = True
52.8887 	EXP 	fade_in_text: autoDraw = True
52.9054 	EXP 	fade_in_text: autoDraw = True
52.9220 	EXP 	fade_in_text: autoDraw = True
52.9387 	EXP 	fade_in_text: autoDraw = True
52.9554 	EXP 	fade_in_text: autoDraw = True
52.9720 	EXP 	fade_in_text: autoDraw = True
52.9887 	EXP 	fade_in_text: autoDraw = True
53.0054 	EXP 	fade_in_text: autoDraw = True
53.0221 	EXP 	fade_in_text: autoDraw = True
53.0387 	EXP 	fade_in_text: autoDraw = True
53.0554 	EXP 	fade_in_text: autoDraw = True
53.0720 	EXP 	fade_in_text: autoDraw = True
53.0887 	EXP 	fade_in_text: autoDraw = True
53.1054 	EXP 	fade_in_text: autoDraw = True
53.1222 	EXP 	fade_in_text: autoDraw = True
53.1387 	EXP 	fade_in_text: autoDraw = True
53.1553 	EXP 	fade_in_text: autoDraw = True
53.1720 	EXP 	fade_in_text: autoDraw = True
53.1887 	EXP 	fade_in_text: autoDraw = True
53.2052 	EXP 	fade_in_text: autoDraw = True
53.2221 	EXP 	fade_in_text: autoDraw = True
53.2385 	EXP 	fade_in_text: autoDraw = True
53.2552 	EXP 	fade_in_text: autoDraw = True
53.2719 	EXP 	fade_in_text: autoDraw = True
53.2885 	EXP 	fade_in_text: autoDraw = True
53.3052 	EXP 	fade_in_text: autoDraw = True
53.3220 	EXP 	fade_in_text: autoDraw = True
53.3386 	EXP 	fade_in_text: autoDraw = True
53.3552 	EXP 	fade_in_text: autoDraw = True
53.3719 	EXP 	fade_in_text: autoDraw = True
53.3885 	EXP 	fade_in_text: autoDraw = True
53.4052 	EXP 	fade_in_text: autoDraw = True
53.4221 	EXP 	fade_in_text: autoDraw = True
53.4386 	EXP 	fade_in_text: autoDraw = True
53.4553 	EXP 	fade_in_text: autoDraw = True
53.4719 	EXP 	fade_in_text: autoDraw = True
53.4886 	EXP 	fade_in_text: autoDraw = True
53.5052 	EXP 	fade_in_text: autoDraw = True
53.5218 	EXP 	fade_in_text: autoDraw = True
53.5386 	EXP 	fade_in_text: autoDraw = True
53.5552 	EXP 	fade_in_text: autoDraw = True
53.5719 	EXP 	fade_in_text: autoDraw = True
53.5886 	EXP 	fade_in_text: autoDraw = True
53.6052 	EXP 	fade_in_text: autoDraw = True
53.6219 	EXP 	fade_in_text: autoDraw = True
53.6386 	EXP 	fade_in_text: autoDraw = True
53.6553 	EXP 	fade_in_text: autoDraw = True
53.6719 	EXP 	fade_in_text: autoDraw = True
53.6886 	EXP 	fade_in_text: autoDraw = True
53.7053 	EXP 	fade_in_text: autoDraw = True
53.7216 	EXP 	fade_in_text: autoDraw = True
53.7384 	EXP 	fade_in_text: autoDraw = True
53.7551 	EXP 	fade_in_text: autoDraw = True
53.7717 	EXP 	fade_in_text: autoDraw = True
53.7884 	EXP 	fade_in_text: autoDraw = True
53.8053 	EXP 	fade_in_text: autoDraw = True
53.8218 	EXP 	fade_in_text: autoDraw = True
53.8384 	EXP 	fade_in_text: autoDraw = True
53.8551 	EXP 	fade_in_text: autoDraw = True
53.8717 	EXP 	fade_in_text: autoDraw = True
53.8884 	EXP 	fade_in_text: autoDraw = True
53.9053 	EXP 	fade_in_text: autoDraw = True
53.9218 	EXP 	fade_in_text: autoDraw = True
53.9384 	EXP 	fade_in_text: autoDraw = True
53.9551 	EXP 	fade_in_text: autoDraw = True
53.9717 	EXP 	fade_in_text: autoDraw = True
53.9884 	EXP 	fade_in_text: autoDraw = True
54.0052 	EXP 	fade_in_text: autoDraw = True
54.0217 	EXP 	fade_in_text: autoDraw = True
54.0385 	EXP 	fade_in_text: autoDraw = True
54.0551 	EXP 	fade_in_text: autoDraw = True
54.0718 	EXP 	fade_in_text: autoDraw = True
54.0884 	EXP 	fade_in_text: autoDraw = True
54.1050 	EXP 	fade_in_text: autoDraw = True
54.1217 	EXP 	fade_in_text: autoDraw = True
54.1386 	EXP 	fade_in_text: autoDraw = True
54.1551 	EXP 	fade_in_text: autoDraw = True
54.1717 	EXP 	fade_in_text: autoDraw = True
54.1884 	EXP 	fade_in_text: autoDraw = True
54.2050 	EXP 	fade_in_text: autoDraw = True
54.2217 	EXP 	fade_in_text: autoDraw = True
54.2385 	EXP 	fade_in_text: autoDraw = True
54.2551 	EXP 	fade_in_text: autoDraw = True
54.2718 	EXP 	fade_in_text: autoDraw = True
54.2885 	EXP 	fade_in_text: autoDraw = True
54.3050 	EXP 	fade_in_text: autoDraw = True
54.3218 	EXP 	fade_in_text: autoDraw = True
54.3384 	EXP 	fade_in_text: autoDraw = True
54.3557 	EXP 	fade_in_text: autoDraw = True
54.3885 	EXP 	fade_in_text: autoDraw = True
54.4050 	EXP 	fade_in_text: autoDraw = True
54.4218 	EXP 	fade_in_text: autoDraw = True
54.4384 	EXP 	fade_in_text: autoDraw = True
54.4551 	EXP 	fade_in_text: autoDraw = True
54.4718 	EXP 	fade_in_text: autoDraw = True
54.4887 	EXP 	fade_in_text: autoDraw = True
54.5050 	EXP 	fade_in_text: autoDraw = True
54.5217 	EXP 	fade_in_text: autoDraw = True
54.5384 	EXP 	fade_in_text: autoDraw = True
54.5551 	EXP 	fade_in_text: autoDraw = True
54.5717 	EXP 	fade_in_text: autoDraw = True
54.5886 	EXP 	fade_in_text: autoDraw = True
54.6050 	EXP 	fade_in_text: autoDraw = True
54.6218 	EXP 	fade_in_text: autoDraw = True
54.6385 	EXP 	fade_in_text: autoDraw = True
54.6551 	EXP 	fade_in_text: autoDraw = True
54.6717 	EXP 	fade_in_text: autoDraw = True
54.6886 	EXP 	fade_in_text: autoDraw = True
54.7051 	EXP 	fade_in_text: autoDraw = True
54.7218 	EXP 	fade_in_text: autoDraw = True
54.7384 	EXP 	fade_in_text: autoDraw = True
54.7551 	EXP 	fade_in_text: autoDraw = True
54.7718 	EXP 	fade_in_text: autoDraw = True
54.7883 	EXP 	fade_in_text: autoDraw = True
54.8050 	EXP 	fade_in_text: autoDraw = True
54.8218 	EXP 	fade_in_text: autoDraw = True
54.8384 	EXP 	fade_in_text: autoDraw = True
54.8551 	EXP 	fade_in_text: autoDraw = True
54.8718 	EXP 	fade_in_text: autoDraw = True
54.8883 	EXP 	fade_in_text: autoDraw = True
54.9051 	EXP 	fade_in_text: autoDraw = True
54.9218 	EXP 	fade_in_text: autoDraw = True
54.9384 	EXP 	fade_in_text: autoDraw = True
54.9551 	EXP 	fade_in_text: autoDraw = True
54.9720 	EXP 	fade_in_text: autoDraw = True
54.9884 	EXP 	fade_in_text: autoDraw = True
55.0051 	EXP 	fade_in_text: autoDraw = True
55.0218 	EXP 	fade_in_text: autoDraw = True
55.0384 	EXP 	fade_in_text: autoDraw = True
55.0551 	EXP 	fade_in_text: autoDraw = True
55.0720 	EXP 	fade_in_text: autoDraw = True
55.0884 	EXP 	fade_in_text: autoDraw = True
55.1051 	EXP 	fade_in_text: autoDraw = True
55.1218 	EXP 	fade_in_text: autoDraw = True
55.1384 	EXP 	fade_in_text: autoDraw = True
55.1551 	EXP 	fade_in_text: autoDraw = True
55.1720 	EXP 	fade_in_text: autoDraw = True
55.1885 	EXP 	fade_in_text: autoDraw = True
55.2051 	EXP 	fade_in_text: autoDraw = True
55.2218 	EXP 	fade_in_text: autoDraw = True
55.2385 	EXP 	fade_in_text: autoDraw = True
55.2551 	EXP 	fade_in_text: autoDraw = True
55.2720 	EXP 	fade_in_text: autoDraw = True
55.2884 	EXP 	fade_in_text: autoDraw = True
55.3051 	EXP 	fade_in_text: autoDraw = True
55.3218 	EXP 	fade_in_text: autoDraw = True
55.3384 	EXP 	fade_in_text: autoDraw = True
55.3551 	EXP 	fade_in_text: autoDraw = True
55.3717 	EXP 	fade_in_text: autoDraw = True
55.3884 	EXP 	fade_in_text: autoDraw = True
55.4051 	EXP 	fade_in_text: autoDraw = True
55.4218 	EXP 	fade_in_text: autoDraw = True
55.4385 	EXP 	fade_in_text: autoDraw = True
55.4558 	EXP 	fade_in_text: autoDraw = True
55.4725 	EXP 	fade_in_text: autoDraw = True
55.4890 	EXP 	fade_in_text: autoDraw = True
55.5057 	EXP 	fade_in_text: autoDraw = True
55.5224 	EXP 	fade_in_text: autoDraw = True
55.5391 	EXP 	fade_in_text: autoDraw = True
55.5561 	EXP 	fade_in_text: autoDraw = True
55.5884 	EXP 	fade_in_text: autoDraw = True
55.6052 	EXP 	fade_in_text: autoDraw = True
55.6218 	EXP 	fade_in_text: autoDraw = True
55.6385 	EXP 	fade_in_text: autoDraw = True
55.6553 	EXP 	fade_in_text: autoDraw = True
55.6717 	EXP 	fade_in_text: autoDraw = True
55.6885 	EXP 	fade_in_text: autoDraw = True
55.7051 	EXP 	fade_in_text: autoDraw = True
55.7218 	EXP 	fade_in_text: autoDraw = True
55.7385 	EXP 	fade_in_text: autoDraw = True
55.7554 	EXP 	fade_in_text: autoDraw = True
55.7717 	EXP 	fade_in_text: autoDraw = True
55.7885 	EXP 	fade_in_text: autoDraw = True
55.8051 	EXP 	fade_in_text: autoDraw = True
55.8218 	EXP 	fade_in_text: autoDraw = True
55.8385 	EXP 	fade_in_text: autoDraw = True
55.8555 	EXP 	fade_in_text: autoDraw = True
55.8718 	EXP 	fade_in_text: autoDraw = True
55.8891 	EXP 	fade_in_text: autoDraw = True
55.9058 	EXP 	fade_in_text: autoDraw = True
55.9385 	EXP 	fade_in_text: autoDraw = True
55.9554 	EXP 	fade_in_text: autoDraw = True
55.9718 	EXP 	fade_in_text: autoDraw = True
55.9891 	EXP 	fade_in_text: autoDraw = True
56.0217 	EXP 	fade_in_text: autoDraw = True
56.0385 	EXP 	fade_in_text: autoDraw = True
56.0551 	EXP 	fade_in_text: autoDraw = True
56.0717 	EXP 	fade_in_text: autoDraw = True
56.0885 	EXP 	fade_in_text: autoDraw = True
56.1051 	EXP 	fade_in_text: autoDraw = True
56.1218 	EXP 	fade_in_text: autoDraw = True
56.1385 	EXP 	fade_in_text: autoDraw = True
56.1551 	EXP 	fade_in_text: autoDraw = True
56.1718 	EXP 	fade_in_text: autoDraw = True
56.1891 	EXP 	fade_in_text: autoDraw = True
56.2218 	EXP 	fade_in_text: autoDraw = True
56.2387 	EXP 	fade_in_text: autoDraw = True
56.2552 	EXP 	fade_in_text: autoDraw = True
56.2718 	EXP 	fade_in_text: autoDraw = True
56.2885 	EXP 	fade_in_text: autoDraw = True
56.3052 	EXP 	fade_in_text: autoDraw = True
56.3218 	EXP 	fade_in_text: autoDraw = True
56.3387 	EXP 	fade_in_text: autoDraw = True
56.3552 	EXP 	fade_in_text: autoDraw = True
56.3719 	EXP 	fade_in_text: autoDraw = True
56.3885 	EXP 	fade_in_text: autoDraw = True
56.4052 	EXP 	fade_in_text: autoDraw = True
56.4218 	EXP 	fade_in_text: autoDraw = True
56.4388 	EXP 	fade_in_text: autoDraw = True
56.4552 	EXP 	fade_in_text: autoDraw = True
56.4718 	EXP 	fade_in_text: autoDraw = True
56.4885 	EXP 	fade_in_text: autoDraw = True
56.5052 	EXP 	fade_in_text: autoDraw = True
56.5218 	EXP 	fade_in_text: autoDraw = True
56.5386 	EXP 	fade_in_text: autoDraw = True
56.5552 	EXP 	fade_in_text: autoDraw = True
56.5719 	EXP 	fade_in_text: autoDraw = True
56.5885 	EXP 	fade_in_text: autoDraw = True
56.6052 	EXP 	fade_in_text: autoDraw = True
56.6219 	EXP 	fade_in_text: autoDraw = True
56.6385 	EXP 	fade_in_text: autoDraw = True
56.6552 	EXP 	fade_in_text: autoDraw = True
56.6719 	EXP 	fade_in_text: autoDraw = True
56.6885 	EXP 	fade_in_text: autoDraw = True
56.7052 	EXP 	fade_in_text: autoDraw = True
56.7219 	EXP 	fade_in_text: autoDraw = True
56.7384 	EXP 	fade_in_text: autoDraw = True
56.7552 	EXP 	fade_in_text: autoDraw = True
56.7719 	EXP 	fade_in_text: autoDraw = True
56.7892 	EXP 	fade_in_text: autoDraw = True
56.8059 	EXP 	fade_in_text: autoDraw = True
56.8385 	EXP 	fade_in_text: autoDraw = True
56.8553 	EXP 	fade_in_text: autoDraw = True
56.8719 	EXP 	fade_in_text: autoDraw = True
56.8885 	EXP 	fade_in_text: autoDraw = True
56.9052 	EXP 	fade_in_text: autoDraw = True
56.9221 	EXP 	fade_in_text: autoDraw = True
56.9385 	EXP 	fade_in_text: autoDraw = True
56.9552 	EXP 	fade_in_text: autoDraw = True
56.9719 	EXP 	fade_in_text: autoDraw = True
56.9885 	EXP 	fade_in_text: autoDraw = True
57.0052 	EXP 	fade_in_text: autoDraw = True
57.0220 	EXP 	fade_in_text: autoDraw = True
57.0386 	EXP 	fade_in_text: autoDraw = True
57.0552 	EXP 	fade_in_text: autoDraw = True
57.0719 	EXP 	fade_in_text: autoDraw = True
57.0885 	EXP 	fade_in_text: autoDraw = True
57.1052 	EXP 	fade_in_text: autoDraw = True
57.1222 	EXP 	fade_in_text: autoDraw = True
57.1385 	EXP 	fade_in_text: autoDraw = True
57.1552 	EXP 	fade_in_text: autoDraw = True
57.1719 	EXP 	fade_in_text: autoDraw = True
57.1885 	EXP 	fade_in_text: autoDraw = True
57.2052 	EXP 	fade_in_text: autoDraw = True
59.2387 	EXP 	fade_in_text: autoDraw = False
59.2387 	EXP 	Artifact_intro_title: autoDraw = True
59.2387 	EXP 	Artifact_intro_text: autoDraw = True
85.6231 	EXP 	Artifact_intro_cont: autoDraw = True
85.7005 	DATA 	Keypress: space
86.7430 	EXP 	Created sequence: random, trialTypes=1, nReps=15, seed=None
86.7439 	EXP 	New trial (rep=0, index=0): None
87.7738 	EXP 	Artifact_intro_title: autoDraw = False
87.7738 	EXP 	Artifact_intro_text: autoDraw = False
87.7738 	EXP 	Artifact_intro_cont: autoDraw = False
87.7738 	EXP 	Artifact_rec_text: autoDraw = True
87.7738 	EXP 	Artifact_rec_text: text = ''
105.7410 	EXP 	Artifact_rec_break: autoDraw = True
106.7412 	EXP 	Artifact_rec_break: autoDraw = False
108.7613 	EXP 	New trial (rep=1, index=0): None
109.7914 	EXP 	Artifact_rec_text: autoDraw = False
109.7914 	EXP 	Artifact_rec_recording: autoDraw = False
109.7914 	EXP 	Artifact_rec_break: autoDraw = False
109.7914 	EXP 	Artifact_rec_text: autoDraw = True
127.7591 	EXP 	Artifact_rec_break: autoDraw = True
128.7599 	EXP 	Artifact_rec_break: autoDraw = False
130.7792 	EXP 	New trial (rep=2, index=0): None
131.8092 	EXP 	Artifact_rec_text: autoDraw = False
131.8092 	EXP 	Artifact_rec_recording: autoDraw = False
131.8092 	EXP 	Artifact_rec_break: autoDraw = False
131.8092 	EXP 	Artifact_rec_text: autoDraw = True
149.7932 	EXP 	Artifact_rec_break: autoDraw = True
150.7937 	EXP 	Artifact_rec_break: autoDraw = False
152.7963 	EXP 	New trial (rep=3, index=0): None
153.8271 	EXP 	Artifact_rec_text: autoDraw = False
153.8271 	EXP 	Artifact_rec_recording: autoDraw = False
153.8271 	EXP 	Artifact_rec_break: autoDraw = False
153.8271 	EXP 	Artifact_rec_text: autoDraw = True
171.7944 	EXP 	Artifact_rec_break: autoDraw = True
172.7944 	EXP 	Artifact_rec_break: autoDraw = False
174.8142 	EXP 	New trial (rep=4, index=0): None
175.8449 	EXP 	Artifact_rec_text: autoDraw = False
175.8449 	EXP 	Artifact_rec_recording: autoDraw = False
175.8449 	EXP 	Artifact_rec_break: autoDraw = False
175.8449 	EXP 	Artifact_rec_text: autoDraw = True
193.8122 	EXP 	Artifact_rec_break: autoDraw = True
194.8291 	EXP 	Artifact_rec_break: autoDraw = False
196.8318 	EXP 	New trial (rep=5, index=0): None
197.8634 	EXP 	Artifact_rec_text: autoDraw = False
197.8634 	EXP 	Artifact_rec_recording: autoDraw = False
197.8634 	EXP 	Artifact_rec_break: autoDraw = False
197.8634 	EXP 	Artifact_rec_text: autoDraw = True
215.8300 	EXP 	Artifact_rec_break: autoDraw = True
216.8301 	EXP 	Artifact_rec_break: autoDraw = False
218.8497 	EXP 	New trial (rep=6, index=0): None
219.8807 	EXP 	Artifact_rec_text: autoDraw = False
219.8807 	EXP 	Artifact_rec_recording: autoDraw = False
219.8807 	EXP 	Artifact_rec_break: autoDraw = False
219.8807 	EXP 	Artifact_rec_text: autoDraw = True
237.8479 	EXP 	Artifact_rec_break: autoDraw = True
238.8479 	EXP 	Artifact_rec_break: autoDraw = False
240.8674 	EXP 	New trial (rep=7, index=0): None
241.8982 	EXP 	Artifact_rec_text: autoDraw = False
241.8982 	EXP 	Artifact_rec_recording: autoDraw = False
241.8982 	EXP 	Artifact_rec_break: autoDraw = False
241.8982 	EXP 	Artifact_rec_text: autoDraw = True
259.8657 	EXP 	Artifact_rec_break: autoDraw = True
260.8661 	EXP 	Artifact_rec_break: autoDraw = False
262.8855 	EXP 	New trial (rep=8, index=0): None
263.9161 	EXP 	Artifact_rec_text: autoDraw = False
263.9161 	EXP 	Artifact_rec_recording: autoDraw = False
263.9161 	EXP 	Artifact_rec_break: autoDraw = False
263.9161 	EXP 	Artifact_rec_text: autoDraw = True
281.9170 	EXP 	Artifact_rec_break: autoDraw = True
282.9503 	EXP 	Artifact_rec_break: autoDraw = False
284.9197 	EXP 	New trial (rep=9, index=0): None
285.9517 	EXP 	Artifact_rec_text: autoDraw = False
285.9517 	EXP 	Artifact_rec_recording: autoDraw = False
285.9517 	EXP 	Artifact_rec_break: autoDraw = False
285.9517 	EXP 	Artifact_rec_text: autoDraw = True
303.9513 	EXP 	Artifact_rec_break: autoDraw = True
304.9848 	EXP 	Artifact_rec_break: autoDraw = False
306.9543 	EXP 	New trial (rep=10, index=0): None
307.9860 	EXP 	Artifact_rec_text: autoDraw = False
307.9860 	EXP 	Artifact_rec_recording: autoDraw = False
307.9860 	EXP 	Artifact_rec_break: autoDraw = False
307.9860 	EXP 	Artifact_rec_text: autoDraw = True
325.9859 	EXP 	Artifact_rec_break: autoDraw = True
327.0192 	EXP 	Artifact_rec_break: autoDraw = False
328.9887 	EXP 	New trial (rep=11, index=0): None
330.0197 	EXP 	Artifact_rec_text: autoDraw = False
330.0197 	EXP 	Artifact_rec_recording: autoDraw = False
330.0197 	EXP 	Artifact_rec_break: autoDraw = False
330.0197 	EXP 	Artifact_rec_text: autoDraw = True
348.0205 	EXP 	Artifact_rec_break: autoDraw = True
349.0537 	EXP 	Artifact_rec_break: autoDraw = False
351.0232 	EXP 	New trial (rep=12, index=0): None
352.0541 	EXP 	Artifact_rec_text: autoDraw = False
352.0541 	EXP 	Artifact_rec_recording: autoDraw = False
352.0541 	EXP 	Artifact_rec_break: autoDraw = False
352.0541 	EXP 	Artifact_rec_text: autoDraw = True
370.0548 	EXP 	Artifact_rec_break: autoDraw = True
371.0882 	EXP 	Artifact_rec_break: autoDraw = False
373.0582 	EXP 	New trial (rep=13, index=0): None
374.0886 	EXP 	Artifact_rec_text: autoDraw = False
374.0886 	EXP 	Artifact_rec_recording: autoDraw = False
374.0886 	EXP 	Artifact_rec_break: autoDraw = False
374.0886 	EXP 	Artifact_rec_text: autoDraw = True
392.0893 	EXP 	Artifact_rec_break: autoDraw = True
393.1227 	EXP 	Artifact_rec_break: autoDraw = False
395.0927 	EXP 	New trial (rep=14, index=0): None
396.1232 	EXP 	Artifact_rec_text: autoDraw = False
396.1232 	EXP 	Artifact_rec_recording: autoDraw = False
396.1232 	EXP 	Artifact_rec_break: autoDraw = False
396.1232 	EXP 	Artifact_rec_text: autoDraw = True
414.1238 	EXP 	Artifact_rec_break: autoDraw = True
415.1571 	EXP 	Artifact_rec_break: autoDraw = False
419.1743 	EXP 	Artifact_rec_text: autoDraw = False
419.1743 	EXP 	Artifact_rec_recording: autoDraw = False
419.1743 	EXP 	Artifact_rec_break: autoDraw = False
419.1743 	EXP 	RS_intro_title: autoDraw = True
419.1743 	EXP 	RS_intro_text: autoDraw = True
442.2256 	EXP 	RS_intro_title: autoDraw = False
442.2256 	EXP 	RS_intro_text: autoDraw = False
442.2256 	EXP 	RS_intro_title: autoDraw = False
442.2256 	EXP 	RS_intro_text: autoDraw = False
442.2256 	EXP 	RS_rec_text: text = 'Please keep relaxed and open your eyes.\nNote: Blinking is allowed.'
442.2256 	EXP 	RS_rec_text: autoDraw = True
622.2681 	EXP 	RS_rec_text: autoDraw = False
625.5852 	EXP 	RS_rec_text: autoDraw = False
625.5852 	EXP 	RS_intro_title: autoDraw = True
625.5852 	EXP 	RS_intro_text: autoDraw = True
648.6380 	EXP 	RS_intro_title: autoDraw = False
648.6380 	EXP 	RS_intro_text: autoDraw = False
648.6380 	EXP 	RS_intro_title: autoDraw = False
648.6380 	EXP 	RS_intro_text: autoDraw = False
648.6380 	EXP 	RS_rec_text: text = 'Please keep relaxed and close your eyes.\n'
648.6380 	EXP 	RS_rec_text: autoDraw = True
828.6793 	EXP 	RS_rec_text: autoDraw = False
832.0793 	EXP 	RS_rec_text: autoDraw = False
832.0793 	EXP 	Pause_cont: text = 'Press [space] key to continue.'
832.0793 	EXP 	Pause_cont: autoDraw = True
845.5639 	DATA 	Keypress: space
848.6145 	EXP 	Pause_cont: autoDraw = False
848.6145 	EXP 	QA_intro_title: autoDraw = True
848.6145 	EXP 	QA_intro_text: autoDraw = True
887.8992 	DATA 	Keypress: space
888.0322 	EXP 	QA_intro_cont: autoDraw = True
889.0526 	EXP 	Created sequence: random, trialTypes=1, nReps=2, seed=None
889.0533 	EXP 	New trial (rep=0, index=0): None
890.0565 	EXP 	Created sequence: random, trialTypes=1, nReps=25, seed=None
890.0574 	EXP 	New trial (rep=0, index=0): None
891.0995 	EXP 	QA_intro_title: autoDraw = False
891.0995 	EXP 	QA_intro_text: autoDraw = False
891.0995 	EXP 	QA_intro_cont: autoDraw = False
891.0995 	EXP 	QA_rec_text: autoDraw = True
909.1000 	EXP 	QA_rec_break: autoDraw = True
911.1056 	EXP 	New trial (rep=1, index=0): None
912.1509 	EXP 	QA_rec_text: autoDraw = False
912.1509 	EXP 	QA_rec_break: autoDraw = False
912.1509 	EXP 	QA_rec_text: autoDraw = True
930.1510 	EXP 	QA_rec_break: autoDraw = True
932.1563 	EXP 	New trial (rep=2, index=0): None
933.1857 	EXP 	QA_rec_text: autoDraw = False
933.1857 	EXP 	QA_rec_break: autoDraw = False
933.1857 	EXP 	QA_rec_text: autoDraw = True
951.1688 	EXP 	QA_rec_break: autoDraw = True
953.1734 	EXP 	New trial (rep=3, index=0): None
954.2197 	EXP 	QA_rec_text: autoDraw = False
954.2197 	EXP 	QA_rec_break: autoDraw = False
954.2197 	EXP 	QA_rec_text: autoDraw = True
972.2199 	EXP 	QA_rec_break: autoDraw = True
974.2246 	EXP 	New trial (rep=4, index=0): None
975.2707 	EXP 	QA_rec_text: autoDraw = False
975.2707 	EXP 	QA_rec_break: autoDraw = False
975.2707 	EXP 	QA_rec_text: autoDraw = True
993.2711 	EXP 	QA_rec_break: autoDraw = True
995.2765 	EXP 	New trial (rep=5, index=0): None
996.3381 	EXP 	QA_rec_text: autoDraw = False
996.3381 	EXP 	QA_rec_break: autoDraw = False
996.3381 	EXP 	QA_rec_text: autoDraw = True
1014.3388 	EXP 	QA_rec_break: autoDraw = True
1016.3102 	EXP 	New trial (rep=6, index=0): None
1017.3562 	EXP 	QA_rec_text: autoDraw = False
1017.3562 	EXP 	QA_rec_break: autoDraw = False
1017.3562 	EXP 	QA_rec_text: autoDraw = True
1035.3566 	EXP 	QA_rec_break: autoDraw = True
1037.3611 	EXP 	New trial (rep=7, index=0): None
1038.4086 	EXP 	QA_rec_text: autoDraw = False
1038.4086 	EXP 	QA_rec_break: autoDraw = False
1038.4086 	EXP 	QA_rec_text: autoDraw = True
1056.3744 	EXP 	QA_rec_break: autoDraw = True
1058.3788 	EXP 	New trial (rep=8, index=0): None
1059.4414 	EXP 	QA_rec_text: autoDraw = False
1059.4414 	EXP 	QA_rec_break: autoDraw = False
1059.4414 	EXP 	QA_rec_text: autoDraw = True
1077.4423 	EXP 	QA_rec_break: autoDraw = True
1079.4129 	EXP 	New trial (rep=9, index=0): None
1080.4596 	EXP 	QA_rec_text: autoDraw = False
1080.4596 	EXP 	QA_rec_break: autoDraw = False
1080.4596 	EXP 	QA_rec_text: autoDraw = True
1098.4599 	EXP 	QA_rec_break: autoDraw = True
1100.4645 	EXP 	New trial (rep=10, index=0): None
1101.5275 	EXP 	QA_rec_text: autoDraw = False
1101.5275 	EXP 	QA_rec_break: autoDraw = False
1101.5275 	EXP 	QA_rec_text: autoDraw = True
1119.5280 	EXP 	QA_rec_break: autoDraw = True
1121.4989 	EXP 	New trial (rep=11, index=0): None
1122.5780 	EXP 	QA_rec_text: autoDraw = False
1122.5780 	EXP 	QA_rec_break: autoDraw = False
1122.5780 	EXP 	QA_rec_text: autoDraw = True
1140.5622 	EXP 	QA_rec_break: autoDraw = True
1142.5667 	EXP 	New trial (rep=12, index=0): None
1143.6124 	EXP 	QA_rec_text: autoDraw = False
1143.6124 	EXP 	QA_rec_break: autoDraw = False
1143.6124 	EXP 	QA_rec_text: autoDraw = True
1161.5803 	EXP 	QA_rec_break: autoDraw = True
1163.5843 	EXP 	New trial (rep=13, index=0): None
1164.6474 	EXP 	QA_rec_text: autoDraw = False
1164.6474 	EXP 	QA_rec_break: autoDraw = False
1164.6474 	EXP 	QA_rec_text: autoDraw = True
1182.6477 	EXP 	QA_rec_break: autoDraw = True
1184.6193 	EXP 	New trial (rep=14, index=0): None
1185.6813 	EXP 	QA_rec_text: autoDraw = False
1185.6813 	EXP 	QA_rec_break: autoDraw = False
1185.6813 	EXP 	QA_rec_text: autoDraw = True
1203.6822 	EXP 	QA_rec_break: autoDraw = True
1205.6537 	EXP 	New trial (rep=15, index=0): None
1206.7157 	EXP 	QA_rec_text: autoDraw = False
1206.7157 	EXP 	QA_rec_break: autoDraw = False
1206.7157 	EXP 	QA_rec_text: autoDraw = True
1224.7166 	EXP 	QA_rec_break: autoDraw = True
1226.6877 	EXP 	New trial (rep=16, index=0): None
1227.7508 	EXP 	QA_rec_text: autoDraw = False
1227.7508 	EXP 	QA_rec_break: autoDraw = False
1227.7508 	EXP 	QA_rec_text: autoDraw = True
1245.7510 	EXP 	QA_rec_break: autoDraw = True
1247.7232 	EXP 	New trial (rep=17, index=0): None
1248.7855 	EXP 	QA_rec_text: autoDraw = False
1248.7855 	EXP 	QA_rec_break: autoDraw = False
1248.7855 	EXP 	QA_rec_text: autoDraw = True
1266.7855 	EXP 	QA_rec_break: autoDraw = True
1268.7910 	EXP 	New trial (rep=18, index=0): None
1269.8532 	EXP 	QA_rec_text: autoDraw = False
1269.8532 	EXP 	QA_rec_break: autoDraw = False
1269.8532 	EXP 	QA_rec_text: autoDraw = True
1287.8200 	EXP 	QA_rec_break: autoDraw = True
1289.8265 	EXP 	New trial (rep=19, index=0): None
1290.8877 	EXP 	QA_rec_text: autoDraw = False
1290.8877 	EXP 	QA_rec_break: autoDraw = False
1290.8877 	EXP 	QA_rec_text: autoDraw = True
1308.8544 	EXP 	QA_rec_break: autoDraw = True
1310.8590 	EXP 	New trial (rep=20, index=0): None
1311.9218 	EXP 	QA_rec_text: autoDraw = False
1311.9218 	EXP 	QA_rec_break: autoDraw = False
1311.9218 	EXP 	QA_rec_text: autoDraw = True
1329.9224 	EXP 	QA_rec_break: autoDraw = True
1331.8946 	EXP 	New trial (rep=21, index=0): None
1332.9563 	EXP 	QA_rec_text: autoDraw = False
1332.9563 	EXP 	QA_rec_break: autoDraw = False
1332.9563 	EXP 	QA_rec_text: autoDraw = True
1350.9232 	EXP 	QA_rec_break: autoDraw = True
1352.9320 	EXP 	New trial (rep=22, index=0): None
1353.9740 	EXP 	QA_rec_text: autoDraw = False
1353.9740 	EXP 	QA_rec_break: autoDraw = False
1353.9740 	EXP 	QA_rec_text: autoDraw = True
1371.9744 	EXP 	QA_rec_break: autoDraw = True
1373.9455 	EXP 	New trial (rep=23, index=0): None
1375.0085 	EXP 	QA_rec_text: autoDraw = False
1375.0085 	EXP 	QA_rec_break: autoDraw = False
1375.0085 	EXP 	QA_rec_text: autoDraw = True
1392.9756 	EXP 	QA_rec_break: autoDraw = True
1394.9801 	EXP 	New trial (rep=24, index=0): None
1396.0429 	EXP 	QA_rec_text: autoDraw = False
1396.0429 	EXP 	QA_rec_break: autoDraw = False
1396.0429 	EXP 	QA_rec_text: autoDraw = True
1414.0433 	EXP 	QA_rec_break: autoDraw = True
1418.0602 	EXP 	QA_rec_text: autoDraw = False
1418.0602 	EXP 	QA_rec_break: autoDraw = False
1418.0602 	EXP 	Pause_cont: text = 'Press [space] key to continue.'
1418.0602 	EXP 	Pause_cont: autoDraw = True
1430.7244 	DATA 	Keypress: space
1431.7308 	EXP 	New trial (rep=1, index=0): None
1432.7342 	EXP 	Created sequence: random, trialTypes=1, nReps=25, seed=None
1432.7351 	EXP 	New trial (rep=0, index=0): None
1433.7952 	EXP 	Pause_cont: autoDraw = False
1433.7952 	EXP 	QA_rec_text: autoDraw = True
1451.7953 	EXP 	QA_rec_break: autoDraw = True
1453.7672 	EXP 	New trial (rep=1, index=0): None
1454.8290 	EXP 	QA_rec_text: autoDraw = False
1454.8290 	EXP 	QA_rec_break: autoDraw = False
1454.8290 	EXP 	QA_rec_text: autoDraw = True
1472.8297 	EXP 	QA_rec_break: autoDraw = True
1474.8010 	EXP 	New trial (rep=2, index=0): None
1475.8641 	EXP 	QA_rec_text: autoDraw = False
1475.8641 	EXP 	QA_rec_break: autoDraw = False
1475.8641 	EXP 	QA_rec_text: autoDraw = True
1493.8308 	EXP 	QA_rec_break: autoDraw = True
1495.8356 	EXP 	New trial (rep=3, index=0): None
1496.8992 	EXP 	QA_rec_text: autoDraw = False
1496.8992 	EXP 	QA_rec_break: autoDraw = False
1496.8992 	EXP 	QA_rec_text: autoDraw = True
1514.8986 	EXP 	QA_rec_break: autoDraw = True
1516.8697 	EXP 	New trial (rep=4, index=0): None
1517.9321 	EXP 	QA_rec_text: autoDraw = False
1517.9321 	EXP 	QA_rec_break: autoDraw = False
1517.9321 	EXP 	QA_rec_text: autoDraw = True
1535.9164 	EXP 	QA_rec_break: autoDraw = True
1537.9218 	EXP 	New trial (rep=5, index=0): None
1538.9838 	EXP 	QA_rec_text: autoDraw = False
1538.9838 	EXP 	QA_rec_break: autoDraw = False
1538.9838 	EXP 	QA_rec_text: autoDraw = True
1556.9508 	EXP 	QA_rec_break: autoDraw = True
1558.9578 	EXP 	New trial (rep=6, index=0): None
1560.0183 	EXP 	QA_rec_text: autoDraw = False
1560.0183 	EXP 	QA_rec_break: autoDraw = False
1560.0183 	EXP 	QA_rec_text: autoDraw = True
1578.0187 	EXP 	QA_rec_break: autoDraw = True
1579.9906 	EXP 	New trial (rep=7, index=0): None
1581.0527 	EXP 	QA_rec_text: autoDraw = False
1581.0527 	EXP 	QA_rec_break: autoDraw = False
1581.0527 	EXP 	QA_rec_text: autoDraw = True
1599.0531 	EXP 	QA_rec_break: autoDraw = True
1601.0233 	EXP 	New trial (rep=8, index=0): None
1602.0870 	EXP 	QA_rec_text: autoDraw = False
1602.0870 	EXP 	QA_rec_break: autoDraw = False
1602.0870 	EXP 	QA_rec_text: autoDraw = True
1620.0875 	EXP 	QA_rec_break: autoDraw = True
1622.0590 	EXP 	New trial (rep=9, index=0): None
1623.1215 	EXP 	QA_rec_text: autoDraw = False
1623.1215 	EXP 	QA_rec_break: autoDraw = False
1623.1215 	EXP 	QA_rec_text: autoDraw = True
1641.1219 	EXP 	QA_rec_break: autoDraw = True
1643.0933 	EXP 	New trial (rep=10, index=0): None
1644.1560 	EXP 	QA_rec_text: autoDraw = False
1644.1560 	EXP 	QA_rec_break: autoDraw = False
1644.1560 	EXP 	QA_rec_text: autoDraw = True
1662.1231 	EXP 	QA_rec_break: autoDraw = True
1664.1274 	EXP 	New trial (rep=11, index=0): None
1665.1901 	EXP 	QA_rec_text: autoDraw = False
1665.1901 	EXP 	QA_rec_break: autoDraw = False
1665.1901 	EXP 	QA_rec_text: autoDraw = True
1683.1908 	EXP 	QA_rec_break: autoDraw = True
1685.1618 	EXP 	New trial (rep=12, index=0): None
1686.2244 	EXP 	QA_rec_text: autoDraw = False
1686.2244 	EXP 	QA_rec_break: autoDraw = False
1686.2244 	EXP 	QA_rec_text: autoDraw = True
1704.2252 	EXP 	QA_rec_break: autoDraw = True
1706.1971 	EXP 	New trial (rep=13, index=0): None
1707.2599 	EXP 	QA_rec_text: autoDraw = False
1707.2599 	EXP 	QA_rec_break: autoDraw = False
1707.2599 	EXP 	QA_rec_text: autoDraw = True
1725.2264 	EXP 	QA_rec_break: autoDraw = True
1727.2309 	EXP 	New trial (rep=14, index=0): None
1728.2933 	EXP 	QA_rec_text: autoDraw = False
1728.2933 	EXP 	QA_rec_break: autoDraw = False
1728.2933 	EXP 	QA_rec_text: autoDraw = True
1746.2942 	EXP 	QA_rec_break: autoDraw = True
1748.2651 	EXP 	New trial (rep=15, index=0): None
1749.3288 	EXP 	QA_rec_text: autoDraw = False
1749.3288 	EXP 	QA_rec_break: autoDraw = False
1749.3288 	EXP 	QA_rec_text: autoDraw = True
1767.2952 	EXP 	QA_rec_break: autoDraw = True
1769.2996 	EXP 	New trial (rep=16, index=0): None
1770.3621 	EXP 	QA_rec_text: autoDraw = False
1770.3621 	EXP 	QA_rec_break: autoDraw = False
1770.3621 	EXP 	QA_rec_text: autoDraw = True
1788.3631 	EXP 	QA_rec_break: autoDraw = True
1790.3344 	EXP 	New trial (rep=17, index=0): None
1791.3968 	EXP 	QA_rec_text: autoDraw = False
1791.3968 	EXP 	QA_rec_break: autoDraw = False
1791.3968 	EXP 	QA_rec_text: autoDraw = True
1809.3642 	EXP 	QA_rec_break: autoDraw = True
1811.3687 	EXP 	New trial (rep=18, index=0): None
1812.4317 	EXP 	QA_rec_text: autoDraw = False
1812.4317 	EXP 	QA_rec_break: autoDraw = False
1812.4317 	EXP 	QA_rec_text: autoDraw = True
1830.4152 	EXP 	QA_rec_break: autoDraw = True
1832.4196 	EXP 	New trial (rep=19, index=0): None
1833.4827 	EXP 	QA_rec_text: autoDraw = False
1833.4827 	EXP 	QA_rec_break: autoDraw = False
1833.4827 	EXP 	QA_rec_text: autoDraw = True
1851.4496 	EXP 	QA_rec_break: autoDraw = True
1853.4580 	EXP 	New trial (rep=20, index=0): None
1854.5171 	EXP 	QA_rec_text: autoDraw = False
1854.5171 	EXP 	QA_rec_break: autoDraw = False
1854.5171 	EXP 	QA_rec_text: autoDraw = True
1872.4842 	EXP 	QA_rec_break: autoDraw = True
1874.4888 	EXP 	New trial (rep=21, index=0): None
1875.5512 	EXP 	QA_rec_text: autoDraw = False
1875.5512 	EXP 	QA_rec_break: autoDraw = False
1875.5512 	EXP 	QA_rec_text: autoDraw = True
1893.5185 	EXP 	QA_rec_break: autoDraw = True
1895.5230 	EXP 	New trial (rep=22, index=0): None
1896.5855 	EXP 	QA_rec_text: autoDraw = False
1896.5855 	EXP 	QA_rec_break: autoDraw = False
1896.5855 	EXP 	QA_rec_text: autoDraw = True
1914.5864 	EXP 	QA_rec_break: autoDraw = True
1916.5575 	EXP 	New trial (rep=23, index=0): None
1917.6205 	EXP 	QA_rec_text: autoDraw = False
1917.6205 	EXP 	QA_rec_break: autoDraw = False
1917.6205 	EXP 	QA_rec_text: autoDraw = True
1935.5875 	EXP 	QA_rec_break: autoDraw = True
1937.5918 	EXP 	New trial (rep=24, index=0): None
1938.6557 	EXP 	QA_rec_text: autoDraw = False
1938.6557 	EXP 	QA_rec_break: autoDraw = False
1938.6557 	EXP 	QA_rec_text: autoDraw = True
1956.6552 	EXP 	QA_rec_break: autoDraw = True
1960.6720 	EXP 	QA_rec_text: autoDraw = False
1960.6720 	EXP 	QA_rec_break: autoDraw = False
1960.6720 	EXP 	Pause_cont: text = 'Press [space] key to continue.'
1960.6720 	EXP 	Pause_cont: autoDraw = True
1977.7252 	EXP 	New trial (rep=3, index=0): None
1978.8242 	EXP 	window1: mouseVisible = True
