5.2079 	EXP 	Created fade_in_text = TextStim(__class__=<class 'psychopy.visual.text.TextStim'>, alignHoriz='center', alignVert='center', antialias=True, autoLog=True, bold=False, color=array([1., 1., 1.]), colorSpace='rgb', contrast=1.0, depth=-0.0, flipHoriz=False, flipVert=False, font='Arial', fontFiles=[], height=0.06, italic=False, languageStyle='LTR', name='fade_in_text', opacity=1.0, ori=0.0, pos=array([0.5, 0.4]), rgb=array([1., 1., 1.]), text=str(...), units='norm', win=Window(...), wrapWidth=1)
5.2130 	EXP 	Created fade_in_cont = TextStim(__class__=<class 'psychopy.visual.text.TextStim'>, alignHoriz='center', alignVert='center', antialias=True, autoLog=True, bold=False, color=array([1., 1., 1.]), colorSpace='rgb', contrast=1.0, depth=-2.0, flipHoriz=False, flipVert=False, font='Arial', fontFiles=[], height=0.06, italic=False, languageStyle='LTR', name='fade_in_cont', opacity=1.0, ori=0.0, pos=array([ 0.5, -0.3]), rgb=array([1., 1., 1.]), text=str(...), units='norm', win=Window(...), wrapWidth=1)
5.2176 	EXP 	Created instruction_text = TextStim(__class__=<class 'psychopy.visual.text.TextStim'>, alignHoriz='center', alignVert='center', antialias=True, autoLog=True, bold=False, color=array([1., 1., 1.]), colorSpace='rgb', contrast=1.0, depth=-0.0, flipHoriz=False, flipVert=False, font='Arial', fontFiles=[], height=0.06, italic=False, languageStyle='LTR', name='instruction_text', opacity=1.0, ori=0.0, pos=array([0.5, 0. ]), rgb=array([1., 1., 1.]), text=str(...), units='norm', win=Window(...), wrapWidth=1)
5.2199 	EXP 	Created instruction_cont = TextStim(__class__=<class 'psychopy.visual.text.TextStim'>, alignHoriz='center', alignVert='center', antialias=True, autoLog=True, bold=False, color=array([1., 1., 1.]), colorSpace='rgb', contrast=1.0, depth=-2.0, flipHoriz=False, flipVert=False, font='Arial', fontFiles=[], height=0.06, italic=False, languageStyle='LTR', name='instruction_cont', opacity=1.0, ori=0.0, pos=array([ 0.5, -0.3]), rgb=array([1., 1., 1.]), text='Press [space] key to continue.', units='norm', win=Window(...), wrapWidth=1)
5.2236 	EXP 	Created Cali_de_pre_intro_title = TextStim(__class__=<class 'psychopy.visual.text.TextStim'>, alignHoriz='center', alignVert='center', antialias=True, autoLog=True, bold=False, color=array([1., 1., 1.]), colorSpace='rgb', contrast=1.0, depth=-0.0, flipHoriz=False, flipVert=False, font='Arial', fontFiles=[], height=0.06, italic=False, languageStyle='LTR', name='Cali_de_pre_intro_title', opacity=1.0, ori=0.0, pos=array([0.5, 0.3]), rgb=array([1., 1., 1.]), text='READ OUT BLOCK (GERMAN)', units='norm', win=Window(...), wrapWidth=1)
5.2296 	EXP 	Created Cali_de_pre_intro_text = TextStim(__class__=<class 'psychopy.visual.text.TextStim'>, alignHoriz='center', alignVert='center', antialias=True, autoLog=True, bold=False, color=array([1., 1., 1.]), colorSpace='rgb', contrast=1.0, depth=-1.0, flipHoriz=False, flipVert=False, font='Arial', fontFiles=[], height=0.06, italic=False, languageStyle='LTR', name='Cali_de_pre_intro_text', opacity=1.0, ori=0.0, pos=array([0.5, 0. ]), rgb=array([1., 1., 1.]), text=str(...), units='norm', win=Window(...), wrapWidth=1)
5.4820 	EXP 	Created Cali_de_pre_intro_cont = TextStim(__class__=<class 'psychopy.visual.text.TextStim'>, alignHoriz='center', alignVert='center', antialias=True, autoLog=True, bold=False, color=array([1., 1., 1.]), colorSpace='rgb', contrast=1.0, depth=-4.0, flipHoriz=False, flipVert=False, font='Arial', fontFiles=[], height=0.06, italic=False, languageStyle='LTR', name='Cali_de_pre_intro_cont', opacity=1.0, ori=0.0, pos=array([ 0.5, -0.3]), rgb=array([1., 1., 1.]), text='Press [space] key to continue.', units='norm', win=Window(...), wrapWidth=1)
5.4842 	EXP 	Created Cali_de_pre_rec_text = TextStim(__class__=<class 'psychopy.visual.text.TextStim'>, alignHoriz='center', alignVert='center', antialias=True, autoLog=True, bold=False, color=array([1., 1., 1.]), colorSpace='rgb', contrast=1.0, depth=-0.0, flipHoriz=False, flipVert=False, font='Arial', fontFiles=[], height=0.06, italic=False, languageStyle='LTR', name='Cali_de_pre_rec_text', opacity=1.0, ori=0.0, pos=array([0.5, 0. ]), rgb=array([1., 1., 1.]), text='Hallo, Ich bin Chen aus Wien.', units='norm', win=Window(...), wrapWidth=1)
5.4881 	EXP 	Created Cali_de_pre_rec_cont = TextStim(__class__=<class 'psychopy.visual.text.TextStim'>, alignHoriz='center', alignVert='center', antialias=True, autoLog=True, bold=False, color=array([1., 1., 1.]), colorSpace='rgb', contrast=1.0, depth=-6.0, flipHoriz=False, flipVert=False, font='Arial', fontFiles=[], height=0.06, italic=False, languageStyle='LTR', name='Cali_de_pre_rec_cont', opacity=1.0, ori=0.0, pos=array([ 0.5, -0.3]), rgb=array([1., 1., 1.]), text='Press [space] key to continue.', units='norm', win=Window(...), wrapWidth=1)
5.4898 	EXP 	Created RS_intro_title = TextStim(__class__=<class 'psychopy.visual.text.TextStim'>, alignHoriz='center', alignVert='center', antialias=True, autoLog=True, bold=False, color=array([1., 1., 1.]), colorSpace='rgb', contrast=1.0, depth=-0.0, flipHoriz=False, flipVert=False, font='Arial', fontFiles=[], height=0.06, italic=False, languageStyle='LTR', name='RS_intro_title', opacity=1.0, ori=0.0, pos=array([0.5, 0.3]), rgb=array([1., 1., 1.]), text='REST STATE BLOCK', units='norm', win=Window(...), wrapWidth=1)
5.4950 	EXP 	Created RS_intro_text = TextStim(__class__=<class 'psychopy.visual.text.TextStim'>, alignHoriz='center', alignVert='center', antialias=True, autoLog=True, bold=False, color=array([1., 1., 1.]), colorSpace='rgb', contrast=1.0, depth=-1.0, flipHoriz=False, flipVert=False, font='Arial', fontFiles=[], height=0.06, italic=False, languageStyle='LTR', name='RS_intro_text', opacity=1.0, ori=0.0, pos=array([0.5, 0. ]), rgb=array([1., 1., 1.]), text=str(...), units='norm', win=Window(...), wrapWidth=1)
5.5036 	EXP 	Created RS_intro_cont = TextStim(__class__=<class 'psychopy.visual.text.TextStim'>, alignHoriz='center', alignVert='center', antialias=True, autoLog=True, bold=False, color=array([1., 1., 1.]), colorSpace='rgb', contrast=1.0, depth=-4.0, flipHoriz=False, flipVert=False, font='Arial', fontFiles=[], height=0.06, italic=False, languageStyle='LTR', name='RS_intro_cont', opacity=1.0, ori=0.0, pos=array([ 0.5, -0.3]), rgb=array([1., 1., 1.]), text='Press [space] key to continue.', units='norm', win=Window(...), wrapWidth=1)
5.5063 	EXP 	Created RS_rec_text = TextStim(__class__=<class 'psychopy.visual.text.TextStim'>, alignHoriz='center', alignVert='center', antialias=True, autoLog=True, bold=False, color=array([1., 1., 1.]), colorSpace='rgb', contrast=1.0, depth=-0.0, flipHoriz=False, flipVert=False, font='Arial', fontFiles=[], height=0.06, italic=False, languageStyle='LTR', name='RS_rec_text', opacity=1.0, ori=0.0, pos=array([0.5, 0. ]), rgb=array([1., 1., 1.]), text=str(...), units='norm', win=Window(...), wrapWidth=1)
5.5085 	EXP 	Created RS_rec_cont = TextStim(__class__=<class 'psychopy.visual.text.TextStim'>, alignHoriz='center', alignVert='center', antialias=True, autoLog=True, bold=False, color=array([1., 1., 1.]), colorSpace='rgb', contrast=1.0, depth=-2.0, flipHoriz=False, flipVert=False, font='Arial', fontFiles=[], height=0.06, italic=False, languageStyle='LTR', name='RS_rec_cont', opacity=1.0, ori=0.0, pos=array([ 0.5, -0.3]), rgb=array([1., 1., 1.]), text='Press [space] key to continue.', units='norm', win=Window(...), wrapWidth=1)
5.5103 	EXP 	Created QA_intro_title = TextStim(__class__=<class 'psychopy.visual.text.TextStim'>, alignHoriz='center', alignVert='center', antialias=True, autoLog=True, bold=False, color=array([1., 1., 1.]), colorSpace='rgb', contrast=1.0, depth=-0.0, flipHoriz=False, flipVert=False, font='Arial', fontFiles=[], height=0.06, italic=False, languageStyle='LTR', name='QA_intro_title', opacity=1.0, ori=0.0, pos=array([0.5, 0.3]), rgb=array([1., 1., 1.]), text='Q&A BLOCK', units='norm', win=Window(...), wrapWidth=1)
5.5189 	EXP 	Created QA_intro_text = TextStim(__class__=<class 'psychopy.visual.text.TextStim'>, alignHoriz='center', alignVert='center', antialias=True, autoLog=True, bold=False, color=array([1., 1., 1.]), colorSpace='rgb', contrast=1.0, depth=-1.0, flipHoriz=False, flipVert=False, font='Arial', fontFiles=[], height=0.06, italic=False, languageStyle='LTR', name='QA_intro_text', opacity=1.0, ori=0.0, pos=array([0.5, 0. ]), rgb=array([1., 1., 1.]), text=str(...), units='norm', win=Window(...), wrapWidth=1)
5.5354 	EXP 	Created QA_intro_cont = TextStim(__class__=<class 'psychopy.visual.text.TextStim'>, alignHoriz='center', alignVert='center', antialias=True, autoLog=True, bold=False, color=array([1., 1., 1.]), colorSpace='rgb', contrast=1.0, depth=-4.0, flipHoriz=False, flipVert=False, font='Arial', fontFiles=[], height=0.06, italic=False, languageStyle='LTR', name='QA_intro_cont', opacity=1.0, ori=0.0, pos=array([ 0.5, -0.3]), rgb=array([1., 1., 1.]), text='Press [space] key to continue.', units='norm', win=Window(...), wrapWidth=1)
5.5380 	EXP 	Created QA_rec_text = TextStim(__class__=<class 'psychopy.visual.text.TextStim'>, alignHoriz='center', alignVert='center', antialias=True, autoLog=True, bold=False, color=array([1., 1., 1.]), colorSpace='rgb', contrast=1.0, depth=-0.0, flipHoriz=False, flipVert=False, font='Arial', fontFiles=[], height=0.06, italic=False, languageStyle='LTR', name='QA_rec_text', opacity=1.0, ori=0.0, pos=array([0.5, 0. ]), rgb=array([1., 1., 1.]), text=str(...), units='norm', win=Window(...), wrapWidth=1)
5.5452 	EXP 	Created QA_rec_break = TextStim(__class__=<class 'psychopy.visual.text.TextStim'>, alignHoriz='center', alignVert='center', antialias=True, autoLog=True, bold=False, color=array([1., 1., 1.]), colorSpace='rgb', contrast=1.0, depth=-6.0, flipHoriz=False, flipVert=False, font='Arial', fontFiles=[], height=0.06, italic=False, languageStyle='LTR', name='QA_rec_break', opacity=1.0, ori=0.0, pos=array([ 0.5, -0.3]), rgb=array([1., 1., 1.]), text='Short break', units='norm', win=Window(...), wrapWidth=1)
5.5473 	EXP 	Created Pause_cont = TextStim(__class__=<class 'psychopy.visual.text.TextStim'>, alignHoriz='center', alignVert='center', antialias=True, autoLog=True, bold=False, color=array([1., 1., 1.]), colorSpace='rgb', contrast=1.0, depth=-1.0, flipHoriz=False, flipVert=False, font='Arial', fontFiles=[], height=0.06, italic=False, languageStyle='LTR', name='Pause_cont', opacity=1.0, ori=0.0, pos=array([ 0.5, -0.3]), rgb=array([1., 1., 1.]), text='Pause: Press [space] key to continue.', units='norm', win=Window(...), wrapWidth=1)
5.5491 	EXP 	Created Cali_de_post_intro_title = TextStim(__class__=<class 'psychopy.visual.text.TextStim'>, alignHoriz='center', alignVert='center', antialias=True, autoLog=True, bold=False, color=array([1., 1., 1.]), colorSpace='rgb', contrast=1.0, depth=-0.0, flipHoriz=False, flipVert=False, font='Arial', fontFiles=[], height=0.06, italic=False, languageStyle='LTR', name='Cali_de_post_intro_title', opacity=1.0, ori=0.0, pos=array([0.5, 0.3]), rgb=array([1., 1., 1.]), text='READ OUT BLOCK (GERMAN)', units='norm', win=Window(...), wrapWidth=1)
5.5544 	EXP 	Created Cali_de_post_intro_text = TextStim(__class__=<class 'psychopy.visual.text.TextStim'>, alignHoriz='center', alignVert='center', antialias=True, autoLog=True, bold=False, color=array([1., 1., 1.]), colorSpace='rgb', contrast=1.0, depth=-1.0, flipHoriz=False, flipVert=False, font='Arial', fontFiles=[], height=0.06, italic=False, languageStyle='LTR', name='Cali_de_post_intro_text', opacity=1.0, ori=0.0, pos=array([0.5, 0. ]), rgb=array([1., 1., 1.]), text=str(...), units='norm', win=Window(...), wrapWidth=1)
5.5679 	EXP 	Created Cali_de_post_intro_cont = TextStim(__class__=<class 'psychopy.visual.text.TextStim'>, alignHoriz='center', alignVert='center', antialias=True, autoLog=True, bold=False, color=array([1., 1., 1.]), colorSpace='rgb', contrast=1.0, depth=-4.0, flipHoriz=False, flipVert=False, font='Arial', fontFiles=[], height=0.06, italic=False, languageStyle='LTR', name='Cali_de_post_intro_cont', opacity=1.0, ori=0.0, pos=array([ 0.5, -0.3]), rgb=array([1., 1., 1.]), text='Press [space] key to continue.', units='norm', win=Window(...), wrapWidth=1)
5.5697 	EXP 	Created Cali_de_post_rec_text = TextStim(__class__=<class 'psychopy.visual.text.TextStim'>, alignHoriz='center', alignVert='center', antialias=True, autoLog=True, bold=False, color=array([1., 1., 1.]), colorSpace='rgb', contrast=1.0, depth=-0.0, flipHoriz=False, flipVert=False, font='Arial', fontFiles=[], height=0.06, italic=False, languageStyle='LTR', name='Cali_de_post_rec_text', opacity=1.0, ori=0.0, pos=array([0.5, 0. ]), rgb=array([1., 1., 1.]), text='Hallo, Ich bin Chen aus Wien.', units='norm', win=Window(...), wrapWidth=1)
5.5729 	EXP 	Created Cali_de_post_rec_cont = TextStim(__class__=<class 'psychopy.visual.text.TextStim'>, alignHoriz='center', alignVert='center', antialias=True, autoLog=True, bold=False, color=array([1., 1., 1.]), colorSpace='rgb', contrast=1.0, depth=-6.0, flipHoriz=False, flipVert=False, font='Arial', fontFiles=[], height=0.06, italic=False, languageStyle='LTR', name='Cali_de_post_rec_cont', opacity=1.0, ori=0.0, pos=array([ 0.5, -0.3]), rgb=array([1., 1., 1.]), text='Press [space] key to continue.', units='norm', win=Window(...), wrapWidth=1)
5.5786 	EXP 	Created text_3 = TextStim(__class__=<class 'psychopy.visual.text.TextStim'>, alignHoriz='center', alignVert='center', antialias=True, autoLog=True, bold=False, color='white', colorSpace='named', contrast=1.0, depth=0.0, flipHoriz=False, flipVert=False, font='Arial', fontFiles=[], height=0.07, italic=False, languageStyle='LTR', name='text_3', opacity=1.0, ori=0, pos=array([0., 0.]), rgb=array([255., 255., 255.]), text=str(...), units='norm', win=Window(...), wrapWidth=1)
5.5915 	EXP 	instruction_text: autoDraw = True
10.5746 	EXP 	instruction_cont: autoDraw = True
11.9669 	DATA 	Keypress: space
11.9753 	EXP 	Created sequence: random, trialTypes=1, nReps=4, seed=None
11.9755 	EXP 	New trial (rep=0, index=0): None
11.9756 	EXP 	Created sequence: random, trialTypes=1, nReps=2, seed=None
11.9757 	EXP 	New trial (rep=0, index=0): None
11.9759 	EXP 	Created sequence: random, trialTypes=1, nReps=2, seed=None
11.9760 	EXP 	New trial (rep=0, index=0): None
11.9760 	EXP 	New trial (rep=1, index=0): None
11.9914 	EXP 	instruction_text: autoDraw = False
11.9914 	EXP 	instruction_cont: autoDraw = False
11.9914 	EXP 	Pause_cont: text = 'Press [space] key to continue.'
11.9914 	EXP 	Pause_cont: autoDraw = True
13.6335 	DATA 	Keypress: space
13.6421 	EXP 	New trial (rep=1, index=0): None
13.6423 	EXP 	Created sequence: random, trialTypes=1, nReps=2, seed=None
13.6424 	EXP 	New trial (rep=0, index=0): None
13.6425 	EXP 	New trial (rep=1, index=0): None
13.6581 	EXP 	Pause_cont: autoDraw = False
13.6581 	EXP 	Pause_cont: text = 'Press [space] key to continue.'
13.6581 	EXP 	Pause_cont: autoDraw = True
17.0902 	DATA 	Keypress: space
17.0922 	EXP 	New trial (rep=1, index=0): None
19.1083 	EXP 	Pause_cont: autoDraw = False
19.1083 	EXP 	fade_in_text: text = 'The stimulation is starting now and we will gradually increase the intensity to1.0mA IF AND ONLY IF you feel okay with current intensity. Current current intensity is 0.004mA'
19.1083 	EXP 	fade_in_text: autoDraw = True
24.0920 	EXP 	fade_in_cont: autoDraw = True
30.5145 	DATA 	Keypress: i
30.5589 	EXP 	fade_in_text: text = 'The stimulation is starting now and we will gradually increase the intensity to1.0mA IF AND ONLY IF you feel okay with current intensity. Current current intensity is 0.2mA'
30.9475 	DATA 	Keypress: i
31.0257 	EXP 	fade_in_text: text = 'The stimulation is starting now and we will gradually increase the intensity to1.0mA IF AND ONLY IF you feel okay with current intensity. Current current intensity is 0.4mA'
31.3476 	DATA 	Keypress: i
31.3924 	EXP 	fade_in_text: text = 'The stimulation is starting now and we will gradually increase the intensity to1.0mA IF AND ONLY IF you feel okay with current intensity. Current current intensity is 0.6mA'
32.1811 	DATA 	Keypress: i
32.2258 	EXP 	fade_in_text: text = 'The stimulation is starting now and we will gradually increase the intensity to1.0mA IF AND ONLY IF you feel okay with current intensity. Current current intensity is 0.8mA'
32.9479 	DATA 	Keypress: space
32.9602 	EXP 	Created sequence: random, trialTypes=1, nReps=2, seed=None
32.9603 	EXP 	New trial (rep=0, index=0): None
32.9605 	EXP 	Created sequence: random, trialTypes=1, nReps=2, seed=None
32.9606 	EXP 	New trial (rep=0, index=0): None
32.9606 	EXP 	New trial (rep=1, index=0): None
32.9925 	EXP 	fade_in_text: autoDraw = False
32.9925 	EXP 	fade_in_cont: autoDraw = False
32.9925 	EXP 	Pause_cont: text = 'Press [space] key to continue.'
32.9925 	EXP 	Pause_cont: autoDraw = True
34.3143 	DATA 	Keypress: space
34.3270 	EXP 	New trial (rep=1, index=0): None
34.3272 	EXP 	Created sequence: random, trialTypes=1, nReps=2, seed=None
34.3273 	EXP 	New trial (rep=0, index=0): None
34.3274 	EXP 	New trial (rep=1, index=0): None
34.3598 	EXP 	Pause_cont: autoDraw = False
34.3598 	EXP 	Pause_cont: text = 'Press [space] key to continue.'
34.3598 	EXP 	Pause_cont: autoDraw = True
36.1017 	DATA 	Keypress: space
36.1433 	EXP 	New trial (rep=2, index=0): None
36.1597 	EXP 	Pause_cont: autoDraw = False
36.1597 	EXP 	fade_in_text: text = 'The stimulation is starting now and we will gradually increase the intensity to1.0mA IF AND ONLY IF you feel okay with current intensity. Current current intensity is 0.8mA'
36.1597 	EXP 	fade_in_text: autoDraw = True
41.1428 	EXP 	fade_in_cont: autoDraw = True
41.2577 	DATA 	Keypress: space
41.2600 	EXP 	Created sequence: random, trialTypes=1, nReps=2, seed=None
41.2601 	EXP 	New trial (rep=0, index=0): None
41.2602 	EXP 	Created sequence: random, trialTypes=1, nReps=2, seed=None
41.2604 	EXP 	New trial (rep=0, index=0): None
41.2605 	EXP 	New trial (rep=1, index=0): None
41.3098 	EXP 	fade_in_text: autoDraw = False
41.3098 	EXP 	fade_in_cont: autoDraw = False
41.3098 	EXP 	Pause_cont: text = 'Press [space] key to continue.'
41.3098 	EXP 	Pause_cont: autoDraw = True
42.3445 	DATA 	Keypress: space
42.4104 	EXP 	New trial (rep=1, index=0): None
42.4106 	EXP 	Created sequence: random, trialTypes=1, nReps=2, seed=None
42.4107 	EXP 	New trial (rep=0, index=0): None
42.4108 	EXP 	New trial (rep=1, index=0): None
42.4595 	EXP 	Pause_cont: autoDraw = False
42.4595 	EXP 	Pause_cont: text = 'Press [space] key to continue.'
42.4595 	EXP 	Pause_cont: autoDraw = True
44.6613 	DATA 	Keypress: space
44.6772 	EXP 	New trial (rep=3, index=0): None
44.7101 	EXP 	Pause_cont: autoDraw = False
44.7101 	EXP 	fade_in_text: text = 'The stimulation is starting now and we will gradually increase the intensity to1.0mA IF AND ONLY IF you feel okay with current intensity. Current current intensity is 0.8mA'
44.7101 	EXP 	fade_in_text: autoDraw = True
47.2277 	DATA 	Keypress: space
49.6936 	EXP 	fade_in_cont: autoDraw = True
67.3087 	EXP 	Created sequence: random, trialTypes=1, nReps=2, seed=None
67.3088 	EXP 	New trial (rep=0, index=0): None
67.3090 	EXP 	Created sequence: random, trialTypes=1, nReps=2, seed=None
67.3091 	EXP 	New trial (rep=0, index=0): None
67.3091 	EXP 	New trial (rep=1, index=0): None
67.3444 	DATA 	Keypress: lctrl
67.3445 	DATA 	Keypress: d
67.3622 	EXP 	fade_in_text: autoDraw = False
67.3622 	EXP 	fade_in_cont: autoDraw = False
67.3622 	EXP 	Pause_cont: text = 'Press [space] key to continue.'
67.3622 	EXP 	Pause_cont: autoDraw = True
68.9781 	EXP 	New trial (rep=1, index=0): None
68.9783 	EXP 	Created sequence: random, trialTypes=1, nReps=2, seed=None
68.9784 	EXP 	New trial (rep=0, index=0): None
68.9785 	EXP 	New trial (rep=1, index=0): None
69.0278 	EXP 	Pause_cont: autoDraw = False
69.0278 	EXP 	Pause_cont: text = 'Press [space] key to continue.'
69.0278 	EXP 	Pause_cont: autoDraw = True
72.3166 	EXP 	window1: mouseVisible = True
