5.3964 	EXP 	Created instruction_text = TextStim(__class__=<class 'psychopy.visual.text.TextStim'>, alignHoriz='center', alignVert='center', antialias=True, autoLog=True, bold=False, color=array([1., 1., 1.]), colorSpace='rgb', contrast=1.0, depth=-0.0, flipHoriz=False, flipVert=False, font='Arial', fontFiles=[], height=0.06, italic=False, languageStyle='LTR', name='instruction_text', opacity=1.0, ori=0.0, pos=array([0.5, 0. ]), rgb=array([1., 1., 1.]), text=str(...), units='norm', win=Window(...), wrapWidth=1)
5.3990 	EXP 	Created instruction_cont = TextStim(__class__=<class 'psychopy.visual.text.TextStim'>, alignHoriz='center', alignVert='center', antialias=True, autoLog=True, bold=False, color=array([1., 1., 1.]), colorSpace='rgb', contrast=1.0, depth=-2.0, flipHoriz=False, flipVert=False, font='Arial', fontFiles=[], height=0.06, italic=False, languageStyle='LTR', name='instruction_cont', opacity=1.0, ori=0.0, pos=array([ 0.5, -0.3]), rgb=array([1., 1., 1.]), text='Press [space] key to continue.', units='norm', win=Window(...), wrapWidth=1)
5.4028 	EXP 	Created Cali_de_pre_intro_title = TextStim(__class__=<class 'psychopy.visual.text.TextStim'>, alignHoriz='center', alignVert='center', antialias=True, autoLog=True, bold=False, color=array([1., 1., 1.]), colorSpace='rgb', contrast=1.0, depth=-0.0, flipHoriz=False, flipVert=False, font='Arial', fontFiles=[], height=0.06, italic=False, languageStyle='LTR', name='Cali_de_pre_intro_title', opacity=1.0, ori=0.0, pos=array([0.5, 0.3]), rgb=array([1., 1., 1.]), text='READ OUT BLOCK (GERMAN)', units='norm', win=Window(...), wrapWidth=1)
5.4095 	EXP 	Created Cali_de_pre_intro_text = TextStim(__class__=<class 'psychopy.visual.text.TextStim'>, alignHoriz='center', alignVert='center', antialias=True, autoLog=True, bold=False, color=array([1., 1., 1.]), colorSpace='rgb', contrast=1.0, depth=-1.0, flipHoriz=False, flipVert=False, font='Arial', fontFiles=[], height=0.06, italic=False, languageStyle='LTR', name='Cali_de_pre_intro_text', opacity=1.0, ori=0.0, pos=array([0.5, 0. ]), rgb=array([1., 1., 1.]), text=str(...), units='norm', win=Window(...), wrapWidth=1)
5.4140 	EXP 	Created Cali_de_pre_intro_cont = TextStim(__class__=<class 'psychopy.visual.text.TextStim'>, alignHoriz='center', alignVert='center', antialias=True, autoLog=True, bold=False, color=array([1., 1., 1.]), colorSpace='rgb', contrast=1.0, depth=-4.0, flipHoriz=False, flipVert=False, font='Arial', fontFiles=[], height=0.06, italic=False, languageStyle='LTR', name='Cali_de_pre_intro_cont', opacity=1.0, ori=0.0, pos=array([ 0.5, -0.3]), rgb=array([1., 1., 1.]), text='Press [space] key to continue.', units='norm', win=Window(...), wrapWidth=1)
5.4170 	EXP 	Created Cali_de_pre_rec_text = TextStim(__class__=<class 'psychopy.visual.text.TextStim'>, alignHoriz='center', alignVert='center', antialias=True, autoLog=True, bold=False, color=array([1., 1., 1.]), colorSpace='rgb', contrast=1.0, depth=-0.0, flipHoriz=False, flipVert=False, font='Arial', fontFiles=[], height=0.06, italic=False, languageStyle='LTR', name='Cali_de_pre_rec_text', opacity=1.0, ori=0.0, pos=array([0.5, 0. ]), rgb=array([1., 1., 1.]), text='Hallo, Ich bin Chen aus Wien.', units='norm', win=Window(...), wrapWidth=1)
5.4190 	EXP 	Created Cali_de_pre_rec_cont = TextStim(__class__=<class 'psychopy.visual.text.TextStim'>, alignHoriz='center', alignVert='center', antialias=True, autoLog=True, bold=False, color=array([1., 1., 1.]), colorSpace='rgb', contrast=1.0, depth=-5.0, flipHoriz=False, flipVert=False, font='Arial', fontFiles=[], height=0.06, italic=False, languageStyle='LTR', name='Cali_de_pre_rec_cont', opacity=1.0, ori=0.0, pos=array([ 0.5, -0.3]), rgb=array([1., 1., 1.]), text='Press [space] key to continue.', units='norm', win=Window(...), wrapWidth=1)
5.4206 	EXP 	Created RS_intro_title = TextStim(__class__=<class 'psychopy.visual.text.TextStim'>, alignHoriz='center', alignVert='center', antialias=True, autoLog=True, bold=False, color=array([1., 1., 1.]), colorSpace='rgb', contrast=1.0, depth=-0.0, flipHoriz=False, flipVert=False, font='Arial', fontFiles=[], height=0.06, italic=False, languageStyle='LTR', name='RS_intro_title', opacity=1.0, ori=0.0, pos=array([0.5, 0.3]), rgb=array([1., 1., 1.]), text='REST STATE BLOCK', units='norm', win=Window(...), wrapWidth=1)
5.4254 	EXP 	Created RS_intro_text = TextStim(__class__=<class 'psychopy.visual.text.TextStim'>, alignHoriz='center', alignVert='center', antialias=True, autoLog=True, bold=False, color=array([1., 1., 1.]), colorSpace='rgb', contrast=1.0, depth=-1.0, flipHoriz=False, flipVert=False, font='Arial', fontFiles=[], height=0.06, italic=False, languageStyle='LTR', name='RS_intro_text', opacity=1.0, ori=0.0, pos=array([0.5, 0. ]), rgb=array([1., 1., 1.]), text=str(...), units='norm', win=Window(...), wrapWidth=1)
5.4272 	EXP 	Created RS_intro_cont = TextStim(__class__=<class 'psychopy.visual.text.TextStim'>, alignHoriz='center', alignVert='center', antialias=True, autoLog=True, bold=False, color=array([1., 1., 1.]), colorSpace='rgb', contrast=1.0, depth=-4.0, flipHoriz=False, flipVert=False, font='Arial', fontFiles=[], height=0.06, italic=False, languageStyle='LTR', name='RS_intro_cont', opacity=1.0, ori=0.0, pos=array([ 0.5, -0.3]), rgb=array([1., 1., 1.]), text='Press [space] key to continue.', units='norm', win=Window(...), wrapWidth=1)
5.4298 	EXP 	Created RS_rec_text = TextStim(__class__=<class 'psychopy.visual.text.TextStim'>, alignHoriz='center', alignVert='center', antialias=True, autoLog=True, bold=False, color=array([1., 1., 1.]), colorSpace='rgb', contrast=1.0, depth=-0.0, flipHoriz=False, flipVert=False, font='Arial', fontFiles=[], height=0.06, italic=False, languageStyle='LTR', name='RS_rec_text', opacity=1.0, ori=0.0, pos=array([0.5, 0. ]), rgb=array([1., 1., 1.]), text=str(...), units='norm', win=Window(...), wrapWidth=1)
5.4316 	EXP 	Created RS_rec_cont = TextStim(__class__=<class 'psychopy.visual.text.TextStim'>, alignHoriz='center', alignVert='center', antialias=True, autoLog=True, bold=False, color=array([1., 1., 1.]), colorSpace='rgb', contrast=1.0, depth=-2.0, flipHoriz=False, flipVert=False, font='Arial', fontFiles=[], height=0.06, italic=False, languageStyle='LTR', name='RS_rec_cont', opacity=1.0, ori=0.0, pos=array([ 0.5, -0.3]), rgb=array([1., 1., 1.]), text='Press [space] key to continue.', units='norm', win=Window(...), wrapWidth=1)
5.4333 	EXP 	Created QA_intro_title = TextStim(__class__=<class 'psychopy.visual.text.TextStim'>, alignHoriz='center', alignVert='center', antialias=True, autoLog=True, bold=False, color=array([1., 1., 1.]), colorSpace='rgb', contrast=1.0, depth=-0.0, flipHoriz=False, flipVert=False, font='Arial', fontFiles=[], height=0.06, italic=False, languageStyle='LTR', name='QA_intro_title', opacity=1.0, ori=0.0, pos=array([0.5, 0.3]), rgb=array([1., 1., 1.]), text='Q&A BLOCK', units='norm', win=Window(...), wrapWidth=1)
5.4433 	EXP 	Created QA_intro_text = TextStim(__class__=<class 'psychopy.visual.text.TextStim'>, alignHoriz='center', alignVert='center', antialias=True, autoLog=True, bold=False, color=array([1., 1., 1.]), colorSpace='rgb', contrast=1.0, depth=-1.0, flipHoriz=False, flipVert=False, font='Arial', fontFiles=[], height=0.06, italic=False, languageStyle='LTR', name='QA_intro_text', opacity=1.0, ori=0.0, pos=array([0.5, 0. ]), rgb=array([1., 1., 1.]), text=str(...), units='norm', win=Window(...), wrapWidth=1)
5.4452 	EXP 	Created QA_intro_cont = TextStim(__class__=<class 'psychopy.visual.text.TextStim'>, alignHoriz='center', alignVert='center', antialias=True, autoLog=True, bold=False, color=array([1., 1., 1.]), colorSpace='rgb', contrast=1.0, depth=-4.0, flipHoriz=False, flipVert=False, font='Arial', fontFiles=[], height=0.06, italic=False, languageStyle='LTR', name='QA_intro_cont', opacity=1.0, ori=0.0, pos=array([ 0.5, -0.3]), rgb=array([1., 1., 1.]), text='Press [space] key to continue.', units='norm', win=Window(...), wrapWidth=1)
5.4477 	EXP 	Created QA_rec_text = TextStim(__class__=<class 'psychopy.visual.text.TextStim'>, alignHoriz='center', alignVert='center', antialias=True, autoLog=True, bold=False, color=array([1., 1., 1.]), colorSpace='rgb', contrast=1.0, depth=-0.0, flipHoriz=False, flipVert=False, font='Arial', fontFiles=[], height=0.06, italic=False, languageStyle='LTR', name='QA_rec_text', opacity=1.0, ori=0.0, pos=array([0.5, 0. ]), rgb=array([1., 1., 1.]), text=str(...), units='norm', win=Window(...), wrapWidth=1)
5.4493 	EXP 	Created QA_rec_break = TextStim(__class__=<class 'psychopy.visual.text.TextStim'>, alignHoriz='center', alignVert='center', antialias=True, autoLog=True, bold=False, color=array([1., 1., 1.]), colorSpace='rgb', contrast=1.0, depth=-5.0, flipHoriz=False, flipVert=False, font='Arial', fontFiles=[], height=0.06, italic=False, languageStyle='LTR', name='QA_rec_break', opacity=1.0, ori=0.0, pos=array([ 0.5, -0.3]), rgb=array([1., 1., 1.]), text='Short break', units='norm', win=Window(...), wrapWidth=1)
5.4511 	EXP 	Created Pause_cont = TextStim(__class__=<class 'psychopy.visual.text.TextStim'>, alignHoriz='center', alignVert='center', antialias=True, autoLog=True, bold=False, color=array([1., 1., 1.]), colorSpace='rgb', contrast=1.0, depth=-1.0, flipHoriz=False, flipVert=False, font='Arial', fontFiles=[], height=0.06, italic=False, languageStyle='LTR', name='Pause_cont', opacity=1.0, ori=0.0, pos=array([ 0.5, -0.3]), rgb=array([1., 1., 1.]), text='Press [space] key to continue.', units='norm', win=Window(...), wrapWidth=1)
5.4534 	EXP 	Created Cali_de_post_intro_title = TextStim(__class__=<class 'psychopy.visual.text.TextStim'>, alignHoriz='center', alignVert='center', antialias=True, autoLog=True, bold=False, color=array([1., 1., 1.]), colorSpace='rgb', contrast=1.0, depth=-0.0, flipHoriz=False, flipVert=False, font='Arial', fontFiles=[], height=0.06, italic=False, languageStyle='LTR', name='Cali_de_post_intro_title', opacity=1.0, ori=0.0, pos=array([0.5, 0.3]), rgb=array([1., 1., 1.]), text='READ OUT BLOCK (GERMAN)', units='norm', win=Window(...), wrapWidth=1)
5.4587 	EXP 	Created Cali_de_post_intro_text = TextStim(__class__=<class 'psychopy.visual.text.TextStim'>, alignHoriz='center', alignVert='center', antialias=True, autoLog=True, bold=False, color=array([1., 1., 1.]), colorSpace='rgb', contrast=1.0, depth=-1.0, flipHoriz=False, flipVert=False, font='Arial', fontFiles=[], height=0.06, italic=False, languageStyle='LTR', name='Cali_de_post_intro_text', opacity=1.0, ori=0.0, pos=array([0.5, 0. ]), rgb=array([1., 1., 1.]), text=str(...), units='norm', win=Window(...), wrapWidth=1)
5.4607 	EXP 	Created Cali_de_post_intro_cont = TextStim(__class__=<class 'psychopy.visual.text.TextStim'>, alignHoriz='center', alignVert='center', antialias=True, autoLog=True, bold=False, color=array([1., 1., 1.]), colorSpace='rgb', contrast=1.0, depth=-4.0, flipHoriz=False, flipVert=False, font='Arial', fontFiles=[], height=0.06, italic=False, languageStyle='LTR', name='Cali_de_post_intro_cont', opacity=1.0, ori=0.0, pos=array([ 0.5, -0.3]), rgb=array([1., 1., 1.]), text='Press [space] key to continue.', units='norm', win=Window(...), wrapWidth=1)
5.4628 	EXP 	Created Cali_de_post_rec_text = TextStim(__class__=<class 'psychopy.visual.text.TextStim'>, alignHoriz='center', alignVert='center', antialias=True, autoLog=True, bold=False, color=array([1., 1., 1.]), colorSpace='rgb', contrast=1.0, depth=-0.0, flipHoriz=False, flipVert=False, font='Arial', fontFiles=[], height=0.06, italic=False, languageStyle='LTR', name='Cali_de_post_rec_text', opacity=1.0, ori=0.0, pos=array([0.5, 0. ]), rgb=array([1., 1., 1.]), text='Hallo, Ich bin Chen aus Wien.', units='norm', win=Window(...), wrapWidth=1)
5.4647 	EXP 	Created Cali_de_post_rec_cont = TextStim(__class__=<class 'psychopy.visual.text.TextStim'>, alignHoriz='center', alignVert='center', antialias=True, autoLog=True, bold=False, color=array([1., 1., 1.]), colorSpace='rgb', contrast=1.0, depth=-5.0, flipHoriz=False, flipVert=False, font='Arial', fontFiles=[], height=0.06, italic=False, languageStyle='LTR', name='Cali_de_post_rec_cont', opacity=1.0, ori=0.0, pos=array([ 0.5, -0.3]), rgb=array([1., 1., 1.]), text='Press [space] key to continue.', units='norm', win=Window(...), wrapWidth=1)
5.4700 	EXP 	Created text_3 = TextStim(__class__=<class 'psychopy.visual.text.TextStim'>, alignHoriz='center', alignVert='center', antialias=True, autoLog=True, bold=False, color='white', colorSpace='named', contrast=1.0, depth=0.0, flipHoriz=False, flipVert=False, font='Arial', fontFiles=[], height=0.07, italic=False, languageStyle='LTR', name='text_3', opacity=1.0, ori=0, pos=array([0., 0.]), rgb=array([255., 255., 255.]), text=str(...), units='norm', win=Window(...), wrapWidth=1)
5.4863 	EXP 	instruction_text: autoDraw = True
10.4693 	EXP 	instruction_cont: autoDraw = True
10.9114 	DATA 	Keypress: space
10.9359 	EXP 	instruction_text: autoDraw = False
10.9359 	EXP 	instruction_cont: autoDraw = False
10.9359 	EXP 	Cali_de_pre_intro_title: autoDraw = True
10.9359 	EXP 	Cali_de_pre_intro_text: autoDraw = True
33.9390 	EXP 	Cali_de_pre_intro_title: autoDraw = False
33.9390 	EXP 	Cali_de_pre_intro_text: autoDraw = False
33.9390 	EXP 	Cali_de_pre_intro_cont: autoDraw = True
36.2298 	DATA 	Keypress: space
36.2545 	EXP 	Cali_de_pre_intro_title: autoDraw = False
36.2545 	EXP 	Cali_de_pre_intro_text: autoDraw = False
36.2545 	EXP 	Cali_de_pre_intro_cont: autoDraw = False
36.2545 	EXP 	Cali_de_pre_rec_text: autoDraw = True
56.2414 	EXP 	Cali_de_pre_rec_cont: autoDraw = True
56.2722 	EXP 	Cali_de_pre_rec_text: autoDraw = False
63.9172 	DATA 	Keypress: space
63.9827 	EXP 	Created sequence: random, trialTypes=1, nReps=3, seed=None
63.9829 	EXP 	New trial (rep=0, index=0): None
64.0083 	EXP 	Cali_de_pre_rec_text: autoDraw = False
64.0083 	EXP 	Cali_de_pre_rec_cont: autoDraw = False
64.0083 	EXP 	RS_intro_title: autoDraw = True
64.0083 	EXP 	RS_intro_text: autoDraw = True
77.9725 	EXP 	RS_intro_cont: autoDraw = True
78.0058 	EXP 	RS_intro_title: autoDraw = False
78.0058 	EXP 	RS_intro_text: autoDraw = False
79.3682 	DATA 	Keypress: space
79.4063 	EXP 	RS_intro_title: autoDraw = False
79.4063 	EXP 	RS_intro_text: autoDraw = False
79.4063 	EXP 	RS_intro_cont: autoDraw = False
79.4063 	EXP 	RS_rec_text: autoDraw = True
88.8114 	DATA 	Mouse: Left button down, pos=(588,345)
88.9296 	DATA 	Mouse:  Left button up, pos=(588,345)
89.3920 	EXP 	RS_rec_cont: autoDraw = True
89.4085 	EXP 	RS_rec_text: autoDraw = False
90.3840 	DATA 	Keypress: space
90.4239 	EXP 	RS_rec_text: autoDraw = False
90.4239 	EXP 	RS_rec_cont: autoDraw = False
90.4239 	EXP 	QA_intro_title: autoDraw = True
90.4239 	EXP 	QA_intro_text: autoDraw = True
122.4101 	EXP 	QA_intro_cont: autoDraw = True
122.4253 	EXP 	QA_intro_title: autoDraw = False
122.4253 	EXP 	QA_intro_text: autoDraw = False
123.0341 	DATA 	Keypress: space
123.0443 	EXP 	Created sequence: random, trialTypes=1, nReps=2, seed=None
123.0444 	EXP 	New trial (rep=0, index=0): None
123.0445 	EXP 	Created sequence: random, trialTypes=1, nReps=3, seed=None
123.0446 	EXP 	New trial (rep=0, index=0): None
123.0587 	EXP 	QA_intro_title: autoDraw = False
123.0587 	EXP 	QA_intro_text: autoDraw = False
123.0587 	EXP 	QA_intro_cont: autoDraw = False
123.0587 	EXP 	QA_rec_text: autoDraw = True
133.3447 	WARNING 	Got keycode {} but that code isn't yet known
133.3447 	WARNING 	Keypress was given unknown key code (134)
147.0429 	EXP 	QA_rec_break: autoDraw = True
148.0601 	EXP 	QA_rec_text: autoDraw = False
149.1806 	WARNING 	Got keycode {} but that code isn't yet known
149.1806 	WARNING 	Keypress was given unknown key code (134)
152.2573 	EXP 	New trial (rep=1, index=0): None
152.2765 	EXP 	QA_rec_break: autoDraw = False
152.2765 	EXP 	QA_rec_text: autoDraw = False
152.2765 	EXP 	QA_rec_break: autoDraw = False
152.2765 	EXP 	QA_rec_text: autoDraw = True
153.6145 	WARNING 	Got keycode {} but that code isn't yet known
153.6145 	WARNING 	Keypress was given unknown key code (134)
176.2630 	EXP 	QA_rec_break: autoDraw = True
177.2783 	EXP 	QA_rec_text: autoDraw = False
181.3797 	EXP 	New trial (rep=2, index=0): None
181.4120 	EXP 	QA_rec_break: autoDraw = False
181.4120 	EXP 	QA_rec_text: autoDraw = False
181.4120 	EXP 	QA_rec_break: autoDraw = False
181.4120 	EXP 	QA_rec_text: autoDraw = True
205.3794 	EXP 	QA_rec_break: autoDraw = True
206.4129 	EXP 	QA_rec_text: autoDraw = False
210.5131 	EXP 	QA_rec_break: autoDraw = False
210.5131 	EXP 	QA_rec_text: autoDraw = False
210.5131 	EXP 	QA_rec_break: autoDraw = False
210.5131 	EXP 	Pause_cont: text = 'Press [space] key to continue.'
210.5131 	EXP 	Pause_cont: autoDraw = True
211.3853 	DATA 	Mouse: Left button down, pos=(769,149)
211.5177 	DATA 	Mouse:  Left button up, pos=(769,149)
211.9518 	DATA 	Keypress: space
211.9639 	EXP 	New trial (rep=1, index=0): None
211.9641 	EXP 	Created sequence: random, trialTypes=1, nReps=3, seed=None
211.9642 	EXP 	New trial (rep=0, index=0): None
211.9968 	EXP 	Pause_cont: autoDraw = False
211.9968 	EXP 	QA_rec_text: autoDraw = True
212.5430 	DATA 	Keypress: escape
212.6707 	EXP 	window1: mouseVisible = True
