5.2886 	EXP 	Created fade_in_text = TextStim(__class__=<class 'psychopy.visual.text.TextStim'>, alignHoriz='center', alignVert='center', antialias=True, autoLog=True, bold=False, color=array([1., 1., 1.]), colorSpace='rgb', contrast=1.0, depth=-0.0, flipHoriz=False, flipVert=False, font='Arial', fontFiles=[], height=0.06, italic=False, languageStyle='LTR', name='fade_in_text', opacity=1.0, ori=0.0, pos=array([0.5, 0.4]), rgb=array([1., 1., 1.]), text=str(...), units='norm', win=Window(...), wrapWidth=1)
5.2937 	EXP 	Created fade_in_cont = TextStim(__class__=<class 'psychopy.visual.text.TextStim'>, alignHoriz='center', alignVert='center', antialias=True, autoLog=True, bold=False, color=array([1., 1., 1.]), colorSpace='rgb', contrast=1.0, depth=-2.0, flipHoriz=False, flipVert=False, font='Arial', fontFiles=[], height=0.06, italic=False, languageStyle='LTR', name='fade_in_cont', opacity=1.0, ori=0.0, pos=array([ 0.5, -0.3]), rgb=array([1., 1., 1.]), text=str(...), units='norm', win=Window(...), wrapWidth=1)
5.2983 	EXP 	Created instruction_text = TextStim(__class__=<class 'psychopy.visual.text.TextStim'>, alignHoriz='center', alignVert='center', antialias=True, autoLog=True, bold=False, color=array([1., 1., 1.]), colorSpace='rgb', contrast=1.0, depth=-0.0, flipHoriz=False, flipVert=False, font='Arial', fontFiles=[], height=0.06, italic=False, languageStyle='LTR', name='instruction_text', opacity=1.0, ori=0.0, pos=array([0.5, 0. ]), rgb=array([1., 1., 1.]), text=str(...), units='norm', win=Window(...), wrapWidth=1)
5.3006 	EXP 	Created instruction_cont = TextStim(__class__=<class 'psychopy.visual.text.TextStim'>, alignHoriz='center', alignVert='center', antialias=True, autoLog=True, bold=False, color=array([1., 1., 1.]), colorSpace='rgb', contrast=1.0, depth=-2.0, flipHoriz=False, flipVert=False, font='Arial', fontFiles=[], height=0.06, italic=False, languageStyle='LTR', name='instruction_cont', opacity=1.0, ori=0.0, pos=array([ 0.5, -0.3]), rgb=array([1., 1., 1.]), text='Press [space] key to continue.', units='norm', win=Window(...), wrapWidth=1)
5.3043 	EXP 	Created Cali_de_pre_intro_title = TextStim(__class__=<class 'psychopy.visual.text.TextStim'>, alignHoriz='center', alignVert='center', antialias=True, autoLog=True, bold=False, color=array([1., 1., 1.]), colorSpace='rgb', contrast=1.0, depth=-0.0, flipHoriz=False, flipVert=False, font='Arial', fontFiles=[], height=0.06, italic=False, languageStyle='LTR', name='Cali_de_pre_intro_title', opacity=1.0, ori=0.0, pos=array([0.5, 0.3]), rgb=array([1., 1., 1.]), text='READ OUT BLOCK (GERMAN)', units='norm', win=Window(...), wrapWidth=1)
5.3103 	EXP 	Created Cali_de_pre_intro_text = TextStim(__class__=<class 'psychopy.visual.text.TextStim'>, alignHoriz='center', alignVert='center', antialias=True, autoLog=True, bold=False, color=array([1., 1., 1.]), colorSpace='rgb', contrast=1.0, depth=-1.0, flipHoriz=False, flipVert=False, font='Arial', fontFiles=[], height=0.06, italic=False, languageStyle='LTR', name='Cali_de_pre_intro_text', opacity=1.0, ori=0.0, pos=array([0.5, 0. ]), rgb=array([1., 1., 1.]), text=str(...), units='norm', win=Window(...), wrapWidth=1)
5.3250 	EXP 	Created Cali_de_pre_intro_cont = TextStim(__class__=<class 'psychopy.visual.text.TextStim'>, alignHoriz='center', alignVert='center', antialias=True, autoLog=True, bold=False, color=array([1., 1., 1.]), colorSpace='rgb', contrast=1.0, depth=-4.0, flipHoriz=False, flipVert=False, font='Arial', fontFiles=[], height=0.06, italic=False, languageStyle='LTR', name='Cali_de_pre_intro_cont', opacity=1.0, ori=0.0, pos=array([ 0.5, -0.3]), rgb=array([1., 1., 1.]), text='Press [space] key to continue.', units='norm', win=Window(...), wrapWidth=1)
5.3271 	EXP 	Created Cali_de_pre_rec_text = TextStim(__class__=<class 'psychopy.visual.text.TextStim'>, alignHoriz='center', alignVert='center', antialias=True, autoLog=True, bold=False, color=array([1., 1., 1.]), colorSpace='rgb', contrast=1.0, depth=-0.0, flipHoriz=False, flipVert=False, font='Arial', fontFiles=[], height=0.06, italic=False, languageStyle='LTR', name='Cali_de_pre_rec_text', opacity=1.0, ori=0.0, pos=array([0.5, 0. ]), rgb=array([1., 1., 1.]), text='Hallo, Ich bin Chen aus Wien.', units='norm', win=Window(...), wrapWidth=1)
5.3311 	EXP 	Created Cali_de_pre_rec_cont = TextStim(__class__=<class 'psychopy.visual.text.TextStim'>, alignHoriz='center', alignVert='center', antialias=True, autoLog=True, bold=False, color=array([1., 1., 1.]), colorSpace='rgb', contrast=1.0, depth=-6.0, flipHoriz=False, flipVert=False, font='Arial', fontFiles=[], height=0.06, italic=False, languageStyle='LTR', name='Cali_de_pre_rec_cont', opacity=1.0, ori=0.0, pos=array([ 0.5, -0.3]), rgb=array([1., 1., 1.]), text='Press [space] key to continue.', units='norm', win=Window(...), wrapWidth=1)
5.3327 	EXP 	Created RS_intro_title = TextStim(__class__=<class 'psychopy.visual.text.TextStim'>, alignHoriz='center', alignVert='center', antialias=True, autoLog=True, bold=False, color=array([1., 1., 1.]), colorSpace='rgb', contrast=1.0, depth=-0.0, flipHoriz=False, flipVert=False, font='Arial', fontFiles=[], height=0.06, italic=False, languageStyle='LTR', name='RS_intro_title', opacity=1.0, ori=0.0, pos=array([0.5, 0.3]), rgb=array([1., 1., 1.]), text='REST STATE BLOCK', units='norm', win=Window(...), wrapWidth=1)
5.3372 	EXP 	Created RS_intro_text = TextStim(__class__=<class 'psychopy.visual.text.TextStim'>, alignHoriz='center', alignVert='center', antialias=True, autoLog=True, bold=False, color=array([1., 1., 1.]), colorSpace='rgb', contrast=1.0, depth=-1.0, flipHoriz=False, flipVert=False, font='Arial', fontFiles=[], height=0.06, italic=False, languageStyle='LTR', name='RS_intro_text', opacity=1.0, ori=0.0, pos=array([0.5, 0. ]), rgb=array([1., 1., 1.]), text=str(...), units='norm', win=Window(...), wrapWidth=1)
5.3459 	EXP 	Created RS_intro_cont = TextStim(__class__=<class 'psychopy.visual.text.TextStim'>, alignHoriz='center', alignVert='center', antialias=True, autoLog=True, bold=False, color=array([1., 1., 1.]), colorSpace='rgb', contrast=1.0, depth=-4.0, flipHoriz=False, flipVert=False, font='Arial', fontFiles=[], height=0.06, italic=False, languageStyle='LTR', name='RS_intro_cont', opacity=1.0, ori=0.0, pos=array([ 0.5, -0.3]), rgb=array([1., 1., 1.]), text='Press [space] key to continue.', units='norm', win=Window(...), wrapWidth=1)
5.3484 	EXP 	Created RS_rec_text = TextStim(__class__=<class 'psychopy.visual.text.TextStim'>, alignHoriz='center', alignVert='center', antialias=True, autoLog=True, bold=False, color=array([1., 1., 1.]), colorSpace='rgb', contrast=1.0, depth=-0.0, flipHoriz=False, flipVert=False, font='Arial', fontFiles=[], height=0.06, italic=False, languageStyle='LTR', name='RS_rec_text', opacity=1.0, ori=0.0, pos=array([0.5, 0. ]), rgb=array([1., 1., 1.]), text=str(...), units='norm', win=Window(...), wrapWidth=1)
5.3502 	EXP 	Created RS_rec_cont = TextStim(__class__=<class 'psychopy.visual.text.TextStim'>, alignHoriz='center', alignVert='center', antialias=True, autoLog=True, bold=False, color=array([1., 1., 1.]), colorSpace='rgb', contrast=1.0, depth=-2.0, flipHoriz=False, flipVert=False, font='Arial', fontFiles=[], height=0.06, italic=False, languageStyle='LTR', name='RS_rec_cont', opacity=1.0, ori=0.0, pos=array([ 0.5, -0.3]), rgb=array([1., 1., 1.]), text='Press [space] key to continue.', units='norm', win=Window(...), wrapWidth=1)
5.3520 	EXP 	Created QA_intro_title = TextStim(__class__=<class 'psychopy.visual.text.TextStim'>, alignHoriz='center', alignVert='center', antialias=True, autoLog=True, bold=False, color=array([1., 1., 1.]), colorSpace='rgb', contrast=1.0, depth=-0.0, flipHoriz=False, flipVert=False, font='Arial', fontFiles=[], height=0.06, italic=False, languageStyle='LTR', name='QA_intro_title', opacity=1.0, ori=0.0, pos=array([0.5, 0.3]), rgb=array([1., 1., 1.]), text='Q&A BLOCK', units='norm', win=Window(...), wrapWidth=1)
5.3606 	EXP 	Created QA_intro_text = TextStim(__class__=<class 'psychopy.visual.text.TextStim'>, alignHoriz='center', alignVert='center', antialias=True, autoLog=True, bold=False, color=array([1., 1., 1.]), colorSpace='rgb', contrast=1.0, depth=-1.0, flipHoriz=False, flipVert=False, font='Arial', fontFiles=[], height=0.06, italic=False, languageStyle='LTR', name='QA_intro_text', opacity=1.0, ori=0.0, pos=array([0.5, 0. ]), rgb=array([1., 1., 1.]), text=str(...), units='norm', win=Window(...), wrapWidth=1)
5.3774 	EXP 	Created QA_intro_cont = TextStim(__class__=<class 'psychopy.visual.text.TextStim'>, alignHoriz='center', alignVert='center', antialias=True, autoLog=True, bold=False, color=array([1., 1., 1.]), colorSpace='rgb', contrast=1.0, depth=-4.0, flipHoriz=False, flipVert=False, font='Arial', fontFiles=[], height=0.06, italic=False, languageStyle='LTR', name='QA_intro_cont', opacity=1.0, ori=0.0, pos=array([ 0.5, -0.3]), rgb=array([1., 1., 1.]), text='Press [space] key to continue.', units='norm', win=Window(...), wrapWidth=1)
5.3800 	EXP 	Created QA_rec_text = TextStim(__class__=<class 'psychopy.visual.text.TextStim'>, alignHoriz='center', alignVert='center', antialias=True, autoLog=True, bold=False, color=array([1., 1., 1.]), colorSpace='rgb', contrast=1.0, depth=-0.0, flipHoriz=False, flipVert=False, font='Arial', fontFiles=[], height=0.06, italic=False, languageStyle='LTR', name='QA_rec_text', opacity=1.0, ori=0.0, pos=array([0.5, 0. ]), rgb=array([1., 1., 1.]), text=str(...), units='norm', win=Window(...), wrapWidth=1)
5.3862 	EXP 	Created QA_rec_break = TextStim(__class__=<class 'psychopy.visual.text.TextStim'>, alignHoriz='center', alignVert='center', antialias=True, autoLog=True, bold=False, color=array([1., 1., 1.]), colorSpace='rgb', contrast=1.0, depth=-6.0, flipHoriz=False, flipVert=False, font='Arial', fontFiles=[], height=0.06, italic=False, languageStyle='LTR', name='QA_rec_break', opacity=1.0, ori=0.0, pos=array([ 0.5, -0.3]), rgb=array([1., 1., 1.]), text='Short break', units='norm', win=Window(...), wrapWidth=1)
5.3882 	EXP 	Created Pause_cont = TextStim(__class__=<class 'psychopy.visual.text.TextStim'>, alignHoriz='center', alignVert='center', antialias=True, autoLog=True, bold=False, color=array([1., 1., 1.]), colorSpace='rgb', contrast=1.0, depth=-1.0, flipHoriz=False, flipVert=False, font='Arial', fontFiles=[], height=0.06, italic=False, languageStyle='LTR', name='Pause_cont', opacity=1.0, ori=0.0, pos=array([ 0.5, -0.3]), rgb=array([1., 1., 1.]), text='Pause: Press [space] key to continue.', units='norm', win=Window(...), wrapWidth=1)
5.3900 	EXP 	Created Cali_de_post_intro_title = TextStim(__class__=<class 'psychopy.visual.text.TextStim'>, alignHoriz='center', alignVert='center', antialias=True, autoLog=True, bold=False, color=array([1., 1., 1.]), colorSpace='rgb', contrast=1.0, depth=-0.0, flipHoriz=False, flipVert=False, font='Arial', fontFiles=[], height=0.06, italic=False, languageStyle='LTR', name='Cali_de_post_intro_title', opacity=1.0, ori=0.0, pos=array([0.5, 0.3]), rgb=array([1., 1., 1.]), text='READ OUT BLOCK (GERMAN)', units='norm', win=Window(...), wrapWidth=1)
5.3957 	EXP 	Created Cali_de_post_intro_text = TextStim(__class__=<class 'psychopy.visual.text.TextStim'>, alignHoriz='center', alignVert='center', antialias=True, autoLog=True, bold=False, color=array([1., 1., 1.]), colorSpace='rgb', contrast=1.0, depth=-1.0, flipHoriz=False, flipVert=False, font='Arial', fontFiles=[], height=0.06, italic=False, languageStyle='LTR', name='Cali_de_post_intro_text', opacity=1.0, ori=0.0, pos=array([0.5, 0. ]), rgb=array([1., 1., 1.]), text=str(...), units='norm', win=Window(...), wrapWidth=1)
5.4079 	EXP 	Created Cali_de_post_intro_cont = TextStim(__class__=<class 'psychopy.visual.text.TextStim'>, alignHoriz='center', alignVert='center', antialias=True, autoLog=True, bold=False, color=array([1., 1., 1.]), colorSpace='rgb', contrast=1.0, depth=-4.0, flipHoriz=False, flipVert=False, font='Arial', fontFiles=[], height=0.06, italic=False, languageStyle='LTR', name='Cali_de_post_intro_cont', opacity=1.0, ori=0.0, pos=array([ 0.5, -0.3]), rgb=array([1., 1., 1.]), text='Press [space] key to continue.', units='norm', win=Window(...), wrapWidth=1)
5.4099 	EXP 	Created Cali_de_post_rec_text = TextStim(__class__=<class 'psychopy.visual.text.TextStim'>, alignHoriz='center', alignVert='center', antialias=True, autoLog=True, bold=False, color=array([1., 1., 1.]), colorSpace='rgb', contrast=1.0, depth=-0.0, flipHoriz=False, flipVert=False, font='Arial', fontFiles=[], height=0.06, italic=False, languageStyle='LTR', name='Cali_de_post_rec_text', opacity=1.0, ori=0.0, pos=array([0.5, 0. ]), rgb=array([1., 1., 1.]), text='Hallo, Ich bin Chen aus Wien.', units='norm', win=Window(...), wrapWidth=1)
5.4133 	EXP 	Created Cali_de_post_rec_cont = TextStim(__class__=<class 'psychopy.visual.text.TextStim'>, alignHoriz='center', alignVert='center', antialias=True, autoLog=True, bold=False, color=array([1., 1., 1.]), colorSpace='rgb', contrast=1.0, depth=-6.0, flipHoriz=False, flipVert=False, font='Arial', fontFiles=[], height=0.06, italic=False, languageStyle='LTR', name='Cali_de_post_rec_cont', opacity=1.0, ori=0.0, pos=array([ 0.5, -0.3]), rgb=array([1., 1., 1.]), text='Press [space] key to continue.', units='norm', win=Window(...), wrapWidth=1)
5.4185 	EXP 	Created text_3 = TextStim(__class__=<class 'psychopy.visual.text.TextStim'>, alignHoriz='center', alignVert='center', antialias=True, autoLog=True, bold=False, color='white', colorSpace='named', contrast=1.0, depth=0.0, flipHoriz=False, flipVert=False, font='Arial', fontFiles=[], height=0.07, italic=False, languageStyle='LTR', name='text_3', opacity=1.0, ori=0, pos=array([0., 0.]), rgb=array([255., 255., 255.]), text=str(...), units='norm', win=Window(...), wrapWidth=1)
5.4403 	EXP 	instruction_text: autoDraw = True
10.4238 	EXP 	instruction_cont: autoDraw = True
11.3361 	DATA 	Keypress: space
11.3408 	EXP 	Created sequence: random, trialTypes=1, nReps=4, seed=None
11.3410 	EXP 	New trial (rep=0, index=0): None
11.3411 	EXP 	Created sequence: random, trialTypes=1, nReps=2, seed=None
11.3412 	EXP 	New trial (rep=0, index=0): None
11.3414 	EXP 	Created sequence: random, trialTypes=1, nReps=2, seed=None
11.3414 	EXP 	New trial (rep=0, index=0): None
11.3415 	EXP 	New trial (rep=1, index=0): None
11.3417 	EXP 	New trial (rep=1, index=0): None
11.3418 	EXP 	Created sequence: random, trialTypes=1, nReps=2, seed=None
11.3419 	EXP 	New trial (rep=0, index=0): None
11.3420 	EXP 	New trial (rep=1, index=0): None
11.3421 	EXP 	New trial (rep=1, index=0): None
13.3570 	EXP 	instruction_text: autoDraw = False
13.3570 	EXP 	instruction_cont: autoDraw = False
13.3570 	EXP 	fade_in_text: text = 'The stimulation is starting now and we will gradually increase the intensity to 1.0mA IF AND ONLY IF you feel okay with current intensity. \n\n Current current intensity is 0.004mA'
13.3570 	EXP 	fade_in_text: autoDraw = True
18.3409 	EXP 	fade_in_cont: autoDraw = True
21.5068 	DATA 	Keypress: i
21.5575 	EXP 	fade_in_text: text = 'The stimulation is starting now and we will gradually increase the intensity to 1.0mA IF AND ONLY IF you feel okay with current intensity. \n\n Current current intensity is 0.2mA'
26.0965 	DATA 	Keypress: i
26.1412 	EXP 	fade_in_text: text = 'The stimulation is starting now and we will gradually increase the intensity to 1.0mA IF AND ONLY IF you feel okay with current intensity. \n\n Current current intensity is 0.4mA'
29.8966 	DATA 	Keypress: i
29.9747 	EXP 	fade_in_text: text = 'The stimulation is starting now and we will gradually increase the intensity to 1.0mA IF AND ONLY IF you feel okay with current intensity. \n\n Current current intensity is 0.6mA'
32.0967 	DATA 	Keypress: d
32.1747 	EXP 	fade_in_text: text = 'The stimulation is starting now and we will gradually increase the intensity to 1.0mA IF AND ONLY IF you feel okay with current intensity. \n\n Current current intensity is 0.4mA'
33.4637 	DATA 	Keypress: i
33.5422 	EXP 	fade_in_text: text = 'The stimulation is starting now and we will gradually increase the intensity to 1.0mA IF AND ONLY IF you feel okay with current intensity. \n\n Current current intensity is 0.6mA'
34.4637 	DATA 	Keypress: i
34.5088 	EXP 	fade_in_text: text = 'The stimulation is starting now and we will gradually increase the intensity to 1.0mA IF AND ONLY IF you feel okay with current intensity. \n\n Current current intensity is 0.8mA'
38.1309 	DATA 	Keypress: d
38.1756 	EXP 	fade_in_text: text = 'The stimulation is starting now and we will gradually increase the intensity to 1.0mA IF AND ONLY IF you feel okay with current intensity. \n\n Current current intensity is 0.6mA'
45.4678 	DATA 	Keypress: space
45.4772 	EXP 	Created sequence: random, trialTypes=1, nReps=2, seed=None
45.4773 	EXP 	New trial (rep=0, index=0): None
45.4775 	EXP 	Created sequence: random, trialTypes=1, nReps=2, seed=None
45.4776 	EXP 	New trial (rep=0, index=0): None
45.4777 	EXP 	New trial (rep=1, index=0): None
45.4778 	EXP 	New trial (rep=1, index=0): None
45.4779 	EXP 	Created sequence: random, trialTypes=1, nReps=2, seed=None
45.4780 	EXP 	New trial (rep=0, index=0): None
45.4781 	EXP 	New trial (rep=1, index=0): None
45.4782 	EXP 	New trial (rep=2, index=0): None
45.4922 	EXP 	fade_in_text: autoDraw = False
45.4922 	EXP 	fade_in_cont: autoDraw = False
45.4922 	EXP 	fade_in_text: text = 'The stimulation is starting now and we will gradually increase the intensity to 1.0mA IF AND ONLY IF you feel okay with current intensity. \n\n Current current intensity is 0.6mA'
45.4922 	EXP 	fade_in_text: autoDraw = True
50.4927 	EXP 	fade_in_cont: autoDraw = True
52.3712 	DATA 	Keypress: space
52.3763 	EXP 	Created sequence: random, trialTypes=1, nReps=2, seed=None
52.3764 	EXP 	New trial (rep=0, index=0): None
52.3766 	EXP 	Created sequence: random, trialTypes=1, nReps=2, seed=None
52.3767 	EXP 	New trial (rep=0, index=0): None
52.3768 	EXP 	New trial (rep=1, index=0): None
52.3769 	EXP 	New trial (rep=1, index=0): None
52.3770 	EXP 	Created sequence: random, trialTypes=1, nReps=2, seed=None
52.3771 	EXP 	New trial (rep=0, index=0): None
52.3772 	EXP 	New trial (rep=1, index=0): None
52.3773 	EXP 	New trial (rep=3, index=0): None
52.4093 	EXP 	fade_in_text: autoDraw = False
52.4093 	EXP 	fade_in_cont: autoDraw = False
52.4093 	EXP 	fade_in_text: text = 'The stimulation is starting now and we will gradually increase the intensity to 0mA IF AND ONLY IF you feel okay with current intensity. \n\n Current current intensity is 0.6mA'
52.4093 	EXP 	fade_in_text: autoDraw = True
54.0808 	EXP 	window1: mouseVisible = True
