7.0480 	EXP 	Created fade_in_text = TextStim(__class__=<class 'psychopy.visual.text.TextStim'>, alignHoriz='center', alignVert='center', antialias=True, autoLog=True, bold=False, color=array([1., 1., 1.]), colorSpace='rgb', contrast=1.0, depth=-0.0, flipHoriz=False, flipVert=False, font='Arial', fontFiles=[], height=0.06, italic=False, languageStyle='LTR', name='fade_in_text', opacity=1.0, ori=0.0, pos=array([0.5, 0.4]), rgb=array([1., 1., 1.]), text=str(...), units='norm', win=Window(...), wrapWidth=1)
7.0530 	EXP 	Created fade_in_cont = TextStim(__class__=<class 'psychopy.visual.text.TextStim'>, alignHoriz='center', alignVert='center', antialias=True, autoLog=True, bold=False, color=array([1., 1., 1.]), colorSpace='rgb', contrast=1.0, depth=-2.0, flipHoriz=False, flipVert=False, font='Arial', fontFiles=[], height=0.06, italic=False, languageStyle='LTR', name='fade_in_cont', opacity=1.0, ori=0.0, pos=array([ 0.5, -0.3]), rgb=array([1., 1., 1.]), text=str(...), units='norm', win=Window(...), wrapWidth=1)
7.0577 	EXP 	Created instruction_text = TextStim(__class__=<class 'psychopy.visual.text.TextStim'>, alignHoriz='center', alignVert='center', antialias=True, autoLog=True, bold=False, color=array([1., 1., 1.]), colorSpace='rgb', contrast=1.0, depth=-0.0, flipHoriz=False, flipVert=False, font='Arial', fontFiles=[], height=0.06, italic=False, languageStyle='LTR', name='instruction_text', opacity=1.0, ori=0.0, pos=array([0.5, 0. ]), rgb=array([1., 1., 1.]), text=str(...), units='norm', win=Window(...), wrapWidth=1)
7.0600 	EXP 	Created instruction_cont = TextStim(__class__=<class 'psychopy.visual.text.TextStim'>, alignHoriz='center', alignVert='center', antialias=True, autoLog=True, bold=False, color=array([1., 1., 1.]), colorSpace='rgb', contrast=1.0, depth=-2.0, flipHoriz=False, flipVert=False, font='Arial', fontFiles=[], height=0.06, italic=False, languageStyle='LTR', name='instruction_cont', opacity=1.0, ori=0.0, pos=array([ 0.5, -0.3]), rgb=array([1., 1., 1.]), text='Press [space] key to continue.', units='norm', win=Window(...), wrapWidth=1)
7.0643 	EXP 	Created Cali_de_pre_intro_title = TextStim(__class__=<class 'psychopy.visual.text.TextStim'>, alignHoriz='center', alignVert='center', antialias=True, autoLog=True, bold=False, color=array([1., 1., 1.]), colorSpace='rgb', contrast=1.0, depth=-0.0, flipHoriz=False, flipVert=False, font='Arial', fontFiles=[], height=0.06, italic=False, languageStyle='LTR', name='Cali_de_pre_intro_title', opacity=1.0, ori=0.0, pos=array([0.5, 0.3]), rgb=array([1., 1., 1.]), text='READ OUT BLOCK (GERMAN)', units='norm', win=Window(...), wrapWidth=1)
7.0719 	EXP 	Created Cali_de_pre_intro_text = TextStim(__class__=<class 'psychopy.visual.text.TextStim'>, alignHoriz='center', alignVert='center', antialias=True, autoLog=True, bold=False, color=array([1., 1., 1.]), colorSpace='rgb', contrast=1.0, depth=-1.0, flipHoriz=False, flipVert=False, font='Arial', fontFiles=[], height=0.06, italic=False, languageStyle='LTR', name='Cali_de_pre_intro_text', opacity=1.0, ori=0.0, pos=array([0.5, 0. ]), rgb=array([1., 1., 1.]), text=str(...), units='norm', win=Window(...), wrapWidth=1)
7.0877 	EXP 	Created Cali_de_pre_intro_cont = TextStim(__class__=<class 'psychopy.visual.text.TextStim'>, alignHoriz='center', alignVert='center', antialias=True, autoLog=True, bold=False, color=array([1., 1., 1.]), colorSpace='rgb', contrast=1.0, depth=-4.0, flipHoriz=False, flipVert=False, font='Arial', fontFiles=[], height=0.06, italic=False, languageStyle='LTR', name='Cali_de_pre_intro_cont', opacity=1.0, ori=0.0, pos=array([ 0.5, -0.3]), rgb=array([1., 1., 1.]), text='Press [space] key to continue.', units='norm', win=Window(...), wrapWidth=1)
7.0898 	EXP 	Created Cali_de_pre_rec_text = TextStim(__class__=<class 'psychopy.visual.text.TextStim'>, alignHoriz='center', alignVert='center', antialias=True, autoLog=True, bold=False, color=array([1., 1., 1.]), colorSpace='rgb', contrast=1.0, depth=-0.0, flipHoriz=False, flipVert=False, font='Arial', fontFiles=[], height=0.06, italic=False, languageStyle='LTR', name='Cali_de_pre_rec_text', opacity=1.0, ori=0.0, pos=array([0.5, 0. ]), rgb=array([1., 1., 1.]), text='Hallo, Ich bin Chen aus Wien.', units='norm', win=Window(...), wrapWidth=1)
7.0937 	EXP 	Created Cali_de_pre_rec_cont = TextStim(__class__=<class 'psychopy.visual.text.TextStim'>, alignHoriz='center', alignVert='center', antialias=True, autoLog=True, bold=False, color=array([1., 1., 1.]), colorSpace='rgb', contrast=1.0, depth=-6.0, flipHoriz=False, flipVert=False, font='Arial', fontFiles=[], height=0.06, italic=False, languageStyle='LTR', name='Cali_de_pre_rec_cont', opacity=1.0, ori=0.0, pos=array([ 0.5, -0.3]), rgb=array([1., 1., 1.]), text='Press [space] key to continue.', units='norm', win=Window(...), wrapWidth=1)
7.0953 	EXP 	Created RS_intro_title = TextStim(__class__=<class 'psychopy.visual.text.TextStim'>, alignHoriz='center', alignVert='center', antialias=True, autoLog=True, bold=False, color=array([1., 1., 1.]), colorSpace='rgb', contrast=1.0, depth=-0.0, flipHoriz=False, flipVert=False, font='Arial', fontFiles=[], height=0.06, italic=False, languageStyle='LTR', name='RS_intro_title', opacity=1.0, ori=0.0, pos=array([0.5, 0.3]), rgb=array([1., 1., 1.]), text='REST STATE BLOCK', units='norm', win=Window(...), wrapWidth=1)
7.1003 	EXP 	Created RS_intro_text = TextStim(__class__=<class 'psychopy.visual.text.TextStim'>, alignHoriz='center', alignVert='center', antialias=True, autoLog=True, bold=False, color=array([1., 1., 1.]), colorSpace='rgb', contrast=1.0, depth=-1.0, flipHoriz=False, flipVert=False, font='Arial', fontFiles=[], height=0.06, italic=False, languageStyle='LTR', name='RS_intro_text', opacity=1.0, ori=0.0, pos=array([0.5, 0. ]), rgb=array([1., 1., 1.]), text=str(...), units='norm', win=Window(...), wrapWidth=1)
7.1086 	EXP 	Created RS_intro_cont = TextStim(__class__=<class 'psychopy.visual.text.TextStim'>, alignHoriz='center', alignVert='center', antialias=True, autoLog=True, bold=False, color=array([1., 1., 1.]), colorSpace='rgb', contrast=1.0, depth=-4.0, flipHoriz=False, flipVert=False, font='Arial', fontFiles=[], height=0.06, italic=False, languageStyle='LTR', name='RS_intro_cont', opacity=1.0, ori=0.0, pos=array([ 0.5, -0.3]), rgb=array([1., 1., 1.]), text='Press [space] key to continue.', units='norm', win=Window(...), wrapWidth=1)
7.1113 	EXP 	Created RS_rec_text = TextStim(__class__=<class 'psychopy.visual.text.TextStim'>, alignHoriz='center', alignVert='center', antialias=True, autoLog=True, bold=False, color=array([1., 1., 1.]), colorSpace='rgb', contrast=1.0, depth=-0.0, flipHoriz=False, flipVert=False, font='Arial', fontFiles=[], height=0.06, italic=False, languageStyle='LTR', name='RS_rec_text', opacity=1.0, ori=0.0, pos=array([0.5, 0. ]), rgb=array([1., 1., 1.]), text=str(...), units='norm', win=Window(...), wrapWidth=1)
7.1132 	EXP 	Created RS_rec_cont = TextStim(__class__=<class 'psychopy.visual.text.TextStim'>, alignHoriz='center', alignVert='center', antialias=True, autoLog=True, bold=False, color=array([1., 1., 1.]), colorSpace='rgb', contrast=1.0, depth=-2.0, flipHoriz=False, flipVert=False, font='Arial', fontFiles=[], height=0.06, italic=False, languageStyle='LTR', name='RS_rec_cont', opacity=1.0, ori=0.0, pos=array([ 0.5, -0.3]), rgb=array([1., 1., 1.]), text='Press [space] key to continue.', units='norm', win=Window(...), wrapWidth=1)
7.1151 	EXP 	Created QA_intro_title = TextStim(__class__=<class 'psychopy.visual.text.TextStim'>, alignHoriz='center', alignVert='center', antialias=True, autoLog=True, bold=False, color=array([1., 1., 1.]), colorSpace='rgb', contrast=1.0, depth=-0.0, flipHoriz=False, flipVert=False, font='Arial', fontFiles=[], height=0.06, italic=False, languageStyle='LTR', name='QA_intro_title', opacity=1.0, ori=0.0, pos=array([0.5, 0.3]), rgb=array([1., 1., 1.]), text='Q&A BLOCK', units='norm', win=Window(...), wrapWidth=1)
7.1238 	EXP 	Created QA_intro_text = TextStim(__class__=<class 'psychopy.visual.text.TextStim'>, alignHoriz='center', alignVert='center', antialias=True, autoLog=True, bold=False, color=array([1., 1., 1.]), colorSpace='rgb', contrast=1.0, depth=-1.0, flipHoriz=False, flipVert=False, font='Arial', fontFiles=[], height=0.06, italic=False, languageStyle='LTR', name='QA_intro_text', opacity=1.0, ori=0.0, pos=array([0.5, 0. ]), rgb=array([1., 1., 1.]), text=str(...), units='norm', win=Window(...), wrapWidth=1)
7.1408 	EXP 	Created QA_intro_cont = TextStim(__class__=<class 'psychopy.visual.text.TextStim'>, alignHoriz='center', alignVert='center', antialias=True, autoLog=True, bold=False, color=array([1., 1., 1.]), colorSpace='rgb', contrast=1.0, depth=-4.0, flipHoriz=False, flipVert=False, font='Arial', fontFiles=[], height=0.06, italic=False, languageStyle='LTR', name='QA_intro_cont', opacity=1.0, ori=0.0, pos=array([ 0.5, -0.3]), rgb=array([1., 1., 1.]), text='Press [space] key to continue.', units='norm', win=Window(...), wrapWidth=1)
7.1434 	EXP 	Created QA_rec_text = TextStim(__class__=<class 'psychopy.visual.text.TextStim'>, alignHoriz='center', alignVert='center', antialias=True, autoLog=True, bold=False, color=array([1., 1., 1.]), colorSpace='rgb', contrast=1.0, depth=-0.0, flipHoriz=False, flipVert=False, font='Arial', fontFiles=[], height=0.06, italic=False, languageStyle='LTR', name='QA_rec_text', opacity=1.0, ori=0.0, pos=array([0.5, 0. ]), rgb=array([1., 1., 1.]), text=str(...), units='norm', win=Window(...), wrapWidth=1)
7.1500 	EXP 	Created QA_rec_break = TextStim(__class__=<class 'psychopy.visual.text.TextStim'>, alignHoriz='center', alignVert='center', antialias=True, autoLog=True, bold=False, color=array([1., 1., 1.]), colorSpace='rgb', contrast=1.0, depth=-6.0, flipHoriz=False, flipVert=False, font='Arial', fontFiles=[], height=0.06, italic=False, languageStyle='LTR', name='QA_rec_break', opacity=1.0, ori=0.0, pos=array([ 0.5, -0.3]), rgb=array([1., 1., 1.]), text='Short break', units='norm', win=Window(...), wrapWidth=1)
7.1521 	EXP 	Created Pause_cont = TextStim(__class__=<class 'psychopy.visual.text.TextStim'>, alignHoriz='center', alignVert='center', antialias=True, autoLog=True, bold=False, color=array([1., 1., 1.]), colorSpace='rgb', contrast=1.0, depth=-1.0, flipHoriz=False, flipVert=False, font='Arial', fontFiles=[], height=0.06, italic=False, languageStyle='LTR', name='Pause_cont', opacity=1.0, ori=0.0, pos=array([ 0.5, -0.3]), rgb=array([1., 1., 1.]), text='Pause: Press [space] key to continue.', units='norm', win=Window(...), wrapWidth=1)
7.1539 	EXP 	Created Cali_de_post_intro_title = TextStim(__class__=<class 'psychopy.visual.text.TextStim'>, alignHoriz='center', alignVert='center', antialias=True, autoLog=True, bold=False, color=array([1., 1., 1.]), colorSpace='rgb', contrast=1.0, depth=-0.0, flipHoriz=False, flipVert=False, font='Arial', fontFiles=[], height=0.06, italic=False, languageStyle='LTR', name='Cali_de_post_intro_title', opacity=1.0, ori=0.0, pos=array([0.5, 0.3]), rgb=array([1., 1., 1.]), text='READ OUT BLOCK (GERMAN)', units='norm', win=Window(...), wrapWidth=1)
7.1590 	EXP 	Created Cali_de_post_intro_text = TextStim(__class__=<class 'psychopy.visual.text.TextStim'>, alignHoriz='center', alignVert='center', antialias=True, autoLog=True, bold=False, color=array([1., 1., 1.]), colorSpace='rgb', contrast=1.0, depth=-1.0, flipHoriz=False, flipVert=False, font='Arial', fontFiles=[], height=0.06, italic=False, languageStyle='LTR', name='Cali_de_post_intro_text', opacity=1.0, ori=0.0, pos=array([0.5, 0. ]), rgb=array([1., 1., 1.]), text=str(...), units='norm', win=Window(...), wrapWidth=1)
7.1716 	EXP 	Created Cali_de_post_intro_cont = TextStim(__class__=<class 'psychopy.visual.text.TextStim'>, alignHoriz='center', alignVert='center', antialias=True, autoLog=True, bold=False, color=array([1., 1., 1.]), colorSpace='rgb', contrast=1.0, depth=-4.0, flipHoriz=False, flipVert=False, font='Arial', fontFiles=[], height=0.06, italic=False, languageStyle='LTR', name='Cali_de_post_intro_cont', opacity=1.0, ori=0.0, pos=array([ 0.5, -0.3]), rgb=array([1., 1., 1.]), text='Press [space] key to continue.', units='norm', win=Window(...), wrapWidth=1)
7.1734 	EXP 	Created Cali_de_post_rec_text = TextStim(__class__=<class 'psychopy.visual.text.TextStim'>, alignHoriz='center', alignVert='center', antialias=True, autoLog=True, bold=False, color=array([1., 1., 1.]), colorSpace='rgb', contrast=1.0, depth=-0.0, flipHoriz=False, flipVert=False, font='Arial', fontFiles=[], height=0.06, italic=False, languageStyle='LTR', name='Cali_de_post_rec_text', opacity=1.0, ori=0.0, pos=array([0.5, 0. ]), rgb=array([1., 1., 1.]), text='Hallo, Ich bin Chen aus Wien.', units='norm', win=Window(...), wrapWidth=1)
7.1766 	EXP 	Created Cali_de_post_rec_cont = TextStim(__class__=<class 'psychopy.visual.text.TextStim'>, alignHoriz='center', alignVert='center', antialias=True, autoLog=True, bold=False, color=array([1., 1., 1.]), colorSpace='rgb', contrast=1.0, depth=-6.0, flipHoriz=False, flipVert=False, font='Arial', fontFiles=[], height=0.06, italic=False, languageStyle='LTR', name='Cali_de_post_rec_cont', opacity=1.0, ori=0.0, pos=array([ 0.5, -0.3]), rgb=array([1., 1., 1.]), text='Press [space] key to continue.', units='norm', win=Window(...), wrapWidth=1)
7.1822 	EXP 	Created text_3 = TextStim(__class__=<class 'psychopy.visual.text.TextStim'>, alignHoriz='center', alignVert='center', antialias=True, autoLog=True, bold=False, color='white', colorSpace='named', contrast=1.0, depth=0.0, flipHoriz=False, flipVert=False, font='Arial', fontFiles=[], height=0.07, italic=False, languageStyle='LTR', name='text_3', opacity=1.0, ori=0, pos=array([0., 0.]), rgb=array([255., 255., 255.]), text=str(...), units='norm', win=Window(...), wrapWidth=1)
7.1973 	EXP 	instruction_text: autoDraw = True
12.1806 	EXP 	instruction_cont: autoDraw = True
13.8298 	DATA 	Keypress: space
13.8478 	EXP 	Created sequence: random, trialTypes=1, nReps=4, seed=None
13.8479 	EXP 	New trial (rep=0, index=0): None
13.8481 	EXP 	Created sequence: random, trialTypes=1, nReps=2, seed=None
13.8482 	EXP 	New trial (rep=0, index=0): None
13.8483 	EXP 	Created sequence: random, trialTypes=1, nReps=2, seed=None
13.8484 	EXP 	New trial (rep=0, index=0): None
13.8485 	EXP 	New trial (rep=1, index=0): None
13.8486 	EXP 	New trial (rep=1, index=0): None
13.8488 	EXP 	Created sequence: random, trialTypes=1, nReps=2, seed=None
13.8489 	EXP 	New trial (rep=0, index=0): None
13.8490 	EXP 	New trial (rep=1, index=0): None
13.8491 	EXP 	New trial (rep=1, index=0): None
15.8806 	EXP 	instruction_text: autoDraw = False
15.8806 	EXP 	instruction_cont: autoDraw = False
15.8806 	EXP 	fade_in_text: text = 'The stimulation is starting now and we will gradually increase the intensity to 1.0mA IF AND ONLY IF you feel okay with current intensity. \n\n Current current intensity is 0.004mA'
15.8806 	EXP 	fade_in_text: autoDraw = True
17.5740 	DATA 	Keypress: i
20.8643 	EXP 	fade_in_cont: autoDraw = True
20.9141 	EXP 	fade_in_text: text = 'The stimulation is starting now and we will gradually increase the intensity to 1.0mA IF AND ONLY IF you feel okay with current intensity. \n\n Current current intensity is 0.2mA'
23.5699 	DATA 	Keypress: i
23.6478 	EXP 	fade_in_text: text = 'The stimulation is starting now and we will gradually increase the intensity to 1.0mA IF AND ONLY IF you feel okay with current intensity. \n\n Current current intensity is 0.4mA'
26.5035 	DATA 	Keypress: d
26.5480 	EXP 	fade_in_text: text = 'The stimulation is starting now and we will gradually increase the intensity to 1.0mA IF AND ONLY IF you feel okay with current intensity. \n\n Current current intensity is 0.2mA'
27.6702 	DATA 	Keypress: i
27.7147 	EXP 	fade_in_text: text = 'The stimulation is starting now and we will gradually increase the intensity to 1.0mA IF AND ONLY IF you feel okay with current intensity. \n\n Current current intensity is 0.4mA'
29.6369 	DATA 	Keypress: i
29.6814 	EXP 	fade_in_text: text = 'The stimulation is starting now and we will gradually increase the intensity to 1.0mA IF AND ONLY IF you feel okay with current intensity. \n\n Current current intensity is 0.6mA'
31.8704 	DATA 	Keypress: i
31.9149 	EXP 	fade_in_text: text = 'The stimulation is starting now and we will gradually increase the intensity to 1.0mA IF AND ONLY IF you feel okay with current intensity. \n\n Current current intensity is 0.8mA'
34.6371 	DATA 	Keypress: d
34.6821 	EXP 	fade_in_text: text = 'The stimulation is starting now and we will gradually increase the intensity to 1.0mA IF AND ONLY IF you feel okay with current intensity. \n\n Current current intensity is 0.6mA'
35.9707 	DATA 	Keypress: space
36.0156 	EXP 	Created sequence: random, trialTypes=1, nReps=2, seed=None
36.0158 	EXP 	New trial (rep=0, index=0): None
36.0159 	EXP 	Created sequence: random, trialTypes=1, nReps=2, seed=None
36.0160 	EXP 	New trial (rep=0, index=0): None
36.0161 	EXP 	New trial (rep=1, index=0): None
36.0162 	EXP 	New trial (rep=1, index=0): None
36.0164 	EXP 	Created sequence: random, trialTypes=1, nReps=2, seed=None
36.0164 	EXP 	New trial (rep=0, index=0): None
36.0165 	EXP 	New trial (rep=1, index=0): None
36.0167 	EXP 	New trial (rep=2, index=0): None
36.0322 	EXP 	fade_in_text: autoDraw = False
36.0322 	EXP 	fade_in_cont: autoDraw = False
36.0322 	EXP 	fade_in_text: text = 'The stimulation is starting now and we will gradually increase the intensity to 1.0mA IF AND ONLY IF you feel okay with current intensity. \n\n Current current intensity is 0.6mA'
36.0322 	EXP 	fade_in_text: autoDraw = True
41.0323 	EXP 	fade_in_cont: autoDraw = True
43.3113 	DATA 	Keypress: i
43.3657 	EXP 	fade_in_text: text = 'The stimulation is starting now and we will gradually increase the intensity to 1.0mA IF AND ONLY IF you feel okay with current intensity. \n\n Current current intensity is 0.8mA'
45.5612 	DATA 	Keypress: i
45.5660 	EXP 	Created sequence: random, trialTypes=1, nReps=2, seed=None
45.5662 	EXP 	New trial (rep=0, index=0): None
45.5665 	EXP 	Created sequence: random, trialTypes=1, nReps=2, seed=None
45.5668 	EXP 	New trial (rep=0, index=0): None
45.5669 	EXP 	New trial (rep=1, index=0): None
45.5672 	EXP 	New trial (rep=1, index=0): None
45.5675 	EXP 	Created sequence: random, trialTypes=1, nReps=2, seed=None
45.5677 	EXP 	New trial (rep=0, index=0): None
45.5679 	EXP 	New trial (rep=1, index=0): None
45.5682 	EXP 	New trial (rep=3, index=0): None
45.5994 	EXP 	fade_in_text: autoDraw = False
45.5994 	EXP 	fade_in_cont: autoDraw = False
45.5994 	EXP 	fade_in_text: text = 'The stimulation is starting now and we will gradually increase the intensity to 0mA IF AND ONLY IF you feel okay with current intensity. \n\n Current current intensity is 1.0mA'
45.5994 	EXP 	fade_in_text: autoDraw = True
50.5826 	EXP 	fade_in_cont: autoDraw = True
52.0943 	DATA 	Keypress: i
57.4613 	EXP 	window1: mouseVisible = True
